<?xml version="1.0" encoding="UTF-8"?>
<testsuite xmlns:xsi="http://www.w3.org/2001/XMLSchema-instance" xsi:noNamespaceSchemaLocation="https://maven.apache.org/surefire/maven-failsafe-plugin/xsd/failsafe-test-report-3.0.xsd" version="3.0" name="starter.CucumberTestSuite" time="58.794" tests="3" errors="0" skipped="0" failures="0">
  <properties>
    <property name="java.specification.version" value="17"/>
    <property name="sun.cpu.isalist" value="amd64"/>
    <property name="sun.jnu.encoding" value="Cp1252"/>
    <property name="java.class.path" value="D:\alta\Capstone\WEB\CapstoneWEB\target\test-classes;C:\Users\User-PC\.m2\repository\net\serenity-bdd\serenity-core\3.6.21\serenity-core-3.6.21.jar;C:\Users\User-PC\.m2\repository\net\serenity-bdd\serenity-model\3.6.21\serenity-model-3.6.21.jar;C:\Users\User-PC\.m2\repository\org\apache\commons\commons-text\1.10.0\commons-text-1.10.0.jar;C:\Users\User-PC\.m2\repository\commons-net\commons-net\3.9.0\commons-net-3.9.0.jar;C:\Users\User-PC\.m2\repository\com\google\guava\guava\31.1-jre\guava-31.1-jre.jar;C:\Users\User-PC\.m2\repository\com\google\guava\failureaccess\1.0.1\failureaccess-1.0.1.jar;C:\Users\User-PC\.m2\repository\com\google\guava\listenablefuture\9999.0-empty-to-avoid-conflict-with-guava\listenablefuture-9999.0-empty-to-avoid-conflict-with-guava.jar;C:\Users\User-PC\.m2\repository\com\google\code\findbugs\jsr305\3.0.2\jsr305-3.0.2.jar;C:\Users\User-PC\.m2\repository\org\checkerframework\checker-qual\3.12.0\checker-qual-3.12.0.jar;C:\Users\User-PC\.m2\repository\com\google\errorprone\error_prone_annotations\2.11.0\error_prone_annotations-2.11.0.jar;C:\Users\User-PC\.m2\repository\com\google\j2objc\j2objc-annotations\1.3\j2objc-annotations-1.3.jar;C:\Users\User-PC\.m2\repository\com\google\inject\guice\5.1.0\guice-5.1.0.jar;C:\Users\User-PC\.m2\repository\javax\inject\javax.inject\1\javax.inject-1.jar;C:\Users\User-PC\.m2\repository\aopalliance\aopalliance\1.0\aopalliance-1.0.jar;C:\Users\User-PC\.m2\repository\org\jsoup\jsoup\1.14.3\jsoup-1.14.3.jar;C:\Users\User-PC\.m2\repository\com\thoughtworks\xstream\xstream\1.4.20\xstream-1.4.20.jar;C:\Users\User-PC\.m2\repository\io\github\x-stream\mxparser\1.2.2\mxparser-1.2.2.jar;C:\Users\User-PC\.m2\repository\xmlpull\xmlpull\1.1.3.1\xmlpull-1.1.3.1.jar;C:\Users\User-PC\.m2\repository\com\typesafe\config\1.4.2\config-1.4.2.jar;C:\Users\User-PC\.m2\repository\org\imgscalr\imgscalr-lib\4.2\imgscalr-lib-4.2.jar;C:\Users\User-PC\.m2\repository\org\awaitility\awaitility\4.2.0\awaitility-4.2.0.jar;C:\Users\User-PC\.m2\repository\org\freemarker\freemarker\2.3.31\freemarker-2.3.31.jar;C:\Users\User-PC\.m2\repository\io\github\classgraph\classgraph\4.8.138\classgraph-4.8.138.jar;C:\Users\User-PC\.m2\repository\net\sourceforge\jexcelapi\jxl\2.6.12\jxl-2.6.12.jar;C:\Users\User-PC\.m2\repository\net\bytebuddy\byte-buddy-agent\1.14.2\byte-buddy-agent-1.14.2.jar;C:\Users\User-PC\.m2\repository\org\objenesis\objenesis\3.3\objenesis-3.3.jar;C:\Users\User-PC\.m2\repository\net\serenity-bdd\serenity-reports\3.6.21\serenity-reports-3.6.21.jar;C:\Users\User-PC\.m2\repository\net\serenity-bdd\serenity-stats\3.6.21\serenity-stats-3.6.21.jar;C:\Users\User-PC\.m2\repository\net\serenity-bdd\serenity-reports-configuration\3.6.21\serenity-reports-configuration-3.6.21.jar;C:\Users\User-PC\.m2\repository\com\vladsch\flexmark\flexmark-all\0.62.2\flexmark-all-0.62.2.jar;C:\Users\User-PC\.m2\repository\com\vladsch\flexmark\flexmark\0.62.2\flexmark-0.62.2.jar;C:\Users\User-PC\.m2\repository\com\vladsch\flexmark\flexmark-ext-abbreviation\0.62.2\flexmark-ext-abbreviation-0.62.2.jar;C:\Users\User-PC\.m2\repository\com\vladsch\flexmark\flexmark-util\0.62.2\flexmark-util-0.62.2.jar;C:\Users\User-PC\.m2\repository\com\vladsch\flexmark\flexmark-ext-admonition\0.62.2\flexmark-ext-admonition-0.62.2.jar;C:\Users\User-PC\.m2\repository\com\vladsch\flexmark\flexmark-ext-anchorlink\0.62.2\flexmark-ext-anchorlink-0.62.2.jar;C:\Users\User-PC\.m2\repository\com\vladsch\flexmark\flexmark-ext-aside\0.62.2\flexmark-ext-aside-0.62.2.jar;C:\Users\User-PC\.m2\repository\com\vladsch\flexmark\flexmark-ext-attributes\0.62.2\flexmark-ext-attributes-0.62.2.jar;C:\Users\User-PC\.m2\repository\com\vladsch\flexmark\flexmark-ext-autolink\0.62.2\flexmark-ext-autolink-0.62.2.jar;C:\Users\User-PC\.m2\repository\org\nibor\autolink\autolink\0.6.0\autolink-0.6.0.jar;C:\Users\User-PC\.m2\repository\com\vladsch\flexmark\flexmark-ext-definition\0.62.2\flexmark-ext-definition-0.62.2.jar;C:\Users\User-PC\.m2\repository\com\vladsch\flexmark\flexmark-ext-emoji\0.62.2\flexmark-ext-emoji-0.62.2.jar;C:\Users\User-PC\.m2\repository\com\vladsch\flexmark\flexmark-ext-enumerated-reference\0.62.2\flexmark-ext-enumerated-reference-0.62.2.jar;C:\Users\User-PC\.m2\repository\com\vladsch\flexmark\flexmark-ext-escaped-character\0.62.2\flexmark-ext-escaped-character-0.62.2.jar;C:\Users\User-PC\.m2\repository\com\vladsch\flexmark\flexmark-ext-footnotes\0.62.2\flexmark-ext-footnotes-0.62.2.jar;C:\Users\User-PC\.m2\repository\com\vladsch\flexmark\flexmark-ext-gfm-issues\0.62.2\flexmark-ext-gfm-issues-0.62.2.jar;C:\Users\User-PC\.m2\repository\com\vladsch\flexmark\flexmark-ext-gfm-strikethrough\0.62.2\flexmark-ext-gfm-strikethrough-0.62.2.jar;C:\Users\User-PC\.m2\repository\com\vladsch\flexmark\flexmark-ext-gfm-tasklist\0.62.2\flexmark-ext-gfm-tasklist-0.62.2.jar;C:\Users\User-PC\.m2\repository\com\vladsch\flexmark\flexmark-ext-gfm-users\0.62.2\flexmark-ext-gfm-users-0.62.2.jar;C:\Users\User-PC\.m2\repository\com\vladsch\flexmark\flexmark-ext-gitlab\0.62.2\flexmark-ext-gitlab-0.62.2.jar;C:\Users\User-PC\.m2\repository\com\vladsch\flexmark\flexmark-ext-jekyll-front-matter\0.62.2\flexmark-ext-jekyll-front-matter-0.62.2.jar;C:\Users\User-PC\.m2\repository\com\vladsch\flexmark\flexmark-ext-jekyll-tag\0.62.2\flexmark-ext-jekyll-tag-0.62.2.jar;C:\Users\User-PC\.m2\repository\com\vladsch\flexmark\flexmark-ext-media-tags\0.62.2\flexmark-ext-media-tags-0.62.2.jar;C:\Users\User-PC\.m2\repository\com\vladsch\flexmark\flexmark-ext-macros\0.62.2\flexmark-ext-macros-0.62.2.jar;C:\Users\User-PC\.m2\repository\com\vladsch\flexmark\flexmark-ext-ins\0.62.2\flexmark-ext-ins-0.62.2.jar;C:\Users\User-PC\.m2\repository\com\vladsch\flexmark\flexmark-ext-xwiki-macros\0.62.2\flexmark-ext-xwiki-macros-0.62.2.jar;C:\Users\User-PC\.m2\repository\com\vladsch\flexmark\flexmark-ext-superscript\0.62.2\flexmark-ext-superscript-0.62.2.jar;C:\Users\User-PC\.m2\repository\com\vladsch\flexmark\flexmark-ext-tables\0.62.2\flexmark-ext-tables-0.62.2.jar;C:\Users\User-PC\.m2\repository\com\vladsch\flexmark\flexmark-ext-toc\0.62.2\flexmark-ext-toc-0.62.2.jar;C:\Users\User-PC\.m2\repository\com\vladsch\flexmark\flexmark-ext-typographic\0.62.2\flexmark-ext-typographic-0.62.2.jar;C:\Users\User-PC\.m2\repository\com\vladsch\flexmark\flexmark-ext-wikilink\0.62.2\flexmark-ext-wikilink-0.62.2.jar;C:\Users\User-PC\.m2\repository\com\vladsch\flexmark\flexmark-ext-yaml-front-matter\0.62.2\flexmark-ext-yaml-front-matter-0.62.2.jar;C:\Users\User-PC\.m2\repository\com\vladsch\flexmark\flexmark-ext-youtube-embedded\0.62.2\flexmark-ext-youtube-embedded-0.62.2.jar;C:\Users\User-PC\.m2\repository\com\vladsch\flexmark\flexmark-html2md-converter\0.62.2\flexmark-html2md-converter-0.62.2.jar;C:\Users\User-PC\.m2\repository\com\vladsch\flexmark\flexmark-jira-converter\0.62.2\flexmark-jira-converter-0.62.2.jar;C:\Users\User-PC\.m2\repository\com\vladsch\flexmark\flexmark-pdf-converter\0.62.2\flexmark-pdf-converter-0.62.2.jar;C:\Users\User-PC\.m2\repository\com\openhtmltopdf\openhtmltopdf-core\1.0.0\openhtmltopdf-core-1.0.0.jar;C:\Users\User-PC\.m2\repository\com\openhtmltopdf\openhtmltopdf-pdfbox\1.0.0\openhtmltopdf-pdfbox-1.0.0.jar;C:\Users\User-PC\.m2\repository\org\apache\pdfbox\pdfbox\2.0.16\pdfbox-2.0.16.jar;C:\Users\User-PC\.m2\repository\org\apache\pdfbox\fontbox\2.0.16\fontbox-2.0.16.jar;C:\Users\User-PC\.m2\repository\org\apache\pdfbox\xmpbox\2.0.16\xmpbox-2.0.16.jar;C:\Users\User-PC\.m2\repository\de\rototor\pdfbox\graphics2d\0.24\graphics2d-0.24.jar;C:\Users\User-PC\.m2\repository\com\openhtmltopdf\openhtmltopdf-rtl-support\1.0.0\openhtmltopdf-rtl-support-1.0.0.jar;C:\Users\User-PC\.m2\repository\com\openhtmltopdf\openhtmltopdf-jsoup-dom-converter\1.0.0\openhtmltopdf-jsoup-dom-converter-1.0.0.jar;C:\Users\User-PC\.m2\repository\com\vladsch\flexmark\flexmark-profile-pegdown\0.62.2\flexmark-profile-pegdown-0.62.2.jar;C:\Users\User-PC\.m2\repository\com\vladsch\flexmark\flexmark-util-ast\0.62.2\flexmark-util-ast-0.62.2.jar;C:\Users\User-PC\.m2\repository\com\vladsch\flexmark\flexmark-util-builder\0.62.2\flexmark-util-builder-0.62.2.jar;C:\Users\User-PC\.m2\repository\com\vladsch\flexmark\flexmark-util-collection\0.62.2\flexmark-util-collection-0.62.2.jar;C:\Users\User-PC\.m2\repository\com\vladsch\flexmark\flexmark-util-data\0.62.2\flexmark-util-data-0.62.2.jar;C:\Users\User-PC\.m2\repository\com\vladsch\flexmark\flexmark-util-dependency\0.62.2\flexmark-util-dependency-0.62.2.jar;C:\Users\User-PC\.m2\repository\com\vladsch\flexmark\flexmark-util-format\0.62.2\flexmark-util-format-0.62.2.jar;C:\Users\User-PC\.m2\repository\com\vladsch\flexmark\flexmark-util-html\0.62.2\flexmark-util-html-0.62.2.jar;C:\Users\User-PC\.m2\repository\com\vladsch\flexmark\flexmark-util-misc\0.62.2\flexmark-util-misc-0.62.2.jar;C:\Users\User-PC\.m2\repository\com\vladsch\flexmark\flexmark-util-options\0.62.2\flexmark-util-options-0.62.2.jar;C:\Users\User-PC\.m2\repository\com\vladsch\flexmark\flexmark-util-sequence\0.62.2\flexmark-util-sequence-0.62.2.jar;C:\Users\User-PC\.m2\repository\com\vladsch\flexmark\flexmark-util-visitor\0.62.2\flexmark-util-visitor-0.62.2.jar;C:\Users\User-PC\.m2\repository\com\vladsch\flexmark\flexmark-youtrack-converter\0.62.2\flexmark-youtrack-converter-0.62.2.jar;C:\Users\User-PC\.m2\repository\com\ibm\icu\icu4j\72.1\icu4j-72.1.jar;C:\Users\User-PC\.m2\repository\es\nitaur\markdown\txtmark\0.16\txtmark-0.16.jar;C:\Users\User-PC\.m2\repository\net\serenity-bdd\serenity-report-resources\3.6.21\serenity-report-resources-3.6.21.jar;C:\Users\User-PC\.m2\repository\com\google\code\gson\gson\2.10.1\gson-2.10.1.jar;C:\Users\User-PC\.m2\repository\com\fasterxml\jackson\core\jackson-core\2.15.0-rc1\jackson-core-2.15.0-rc1.jar;C:\Users\User-PC\.m2\repository\com\fasterxml\jackson\core\jackson-databind\2.15.0-rc1\jackson-databind-2.15.0-rc1.jar;C:\Users\User-PC\.m2\repository\com\fasterxml\jackson\core\jackson-annotations\2.15.0-rc1\jackson-annotations-2.15.0-rc1.jar;C:\Users\User-PC\.m2\repository\commons-codec\commons-codec\1.15\commons-codec-1.15.jar;C:\Users\User-PC\.m2\repository\commons-io\commons-io\2.11.0\commons-io-2.11.0.jar;C:\Users\User-PC\.m2\repository\org\apache\httpcomponents\httpclient\4.5.13\httpclient-4.5.13.jar;C:\Users\User-PC\.m2\repository\org\apache\httpcomponents\httpcore\4.4.13\httpcore-4.4.13.jar;C:\Users\User-PC\.m2\repository\commons-logging\commons-logging\1.2\commons-logging-1.2.jar;C:\Users\User-PC\.m2\repository\org\seleniumhq\selenium\selenium-java\4.8.1\selenium-java-4.8.1.jar;C:\Users\User-PC\.m2\repository\org\seleniumhq\selenium\selenium-devtools-v108\4.8.1\selenium-devtools-v108-4.8.1.jar;C:\Users\User-PC\.m2\repository\org\seleniumhq\selenium\selenium-devtools-v109\4.8.1\selenium-devtools-v109-4.8.1.jar;C:\Users\User-PC\.m2\repository\org\seleniumhq\selenium\selenium-devtools-v110\4.8.1\selenium-devtools-v110-4.8.1.jar;C:\Users\User-PC\.m2\repository\org\seleniumhq\selenium\selenium-devtools-v85\4.8.1\selenium-devtools-v85-4.8.1.jar;C:\Users\User-PC\.m2\repository\org\seleniumhq\selenium\selenium-remote-driver\4.8.1\selenium-remote-driver-4.8.1.jar;C:\Users\User-PC\.m2\repository\com\beust\jcommander\1.82\jcommander-1.82.jar;C:\Users\User-PC\.m2\repository\io\netty\netty-buffer\4.1.87.Final\netty-buffer-4.1.87.Final.jar;C:\Users\User-PC\.m2\repository\io\netty\netty-codec-http\4.1.87.Final\netty-codec-http-4.1.87.Final.jar;C:\Users\User-PC\.m2\repository\io\netty\netty-codec\4.1.87.Final\netty-codec-4.1.87.Final.jar;C:\Users\User-PC\.m2\repository\io\netty\netty-handler\4.1.87.Final\netty-handler-4.1.87.Final.jar;C:\Users\User-PC\.m2\repository\io\netty\netty-common\4.1.87.Final\netty-common-4.1.87.Final.jar;C:\Users\User-PC\.m2\repository\io\netty\netty-transport-classes-epoll\4.1.87.Final\netty-transport-classes-epoll-4.1.87.Final.jar;C:\Users\User-PC\.m2\repository\io\netty\netty-transport-classes-kqueue\4.1.87.Final\netty-transport-classes-kqueue-4.1.87.Final.jar;C:\Users\User-PC\.m2\repository\io\netty\netty-transport-native-epoll\4.1.87.Final\netty-transport-native-epoll-4.1.87.Final.jar;C:\Users\User-PC\.m2\repository\io\netty\netty-transport-native-kqueue\4.1.87.Final\netty-transport-native-kqueue-4.1.87.Final.jar;C:\Users\User-PC\.m2\repository\io\netty\netty-transport-native-unix-common\4.1.87.Final\netty-transport-native-unix-common-4.1.87.Final.jar;C:\Users\User-PC\.m2\repository\io\netty\netty-transport\4.1.87.Final\netty-transport-4.1.87.Final.jar;C:\Users\User-PC\.m2\repository\io\netty\netty-resolver\4.1.87.Final\netty-resolver-4.1.87.Final.jar;C:\Users\User-PC\.m2\repository\io\opentelemetry\opentelemetry-api\1.22.0\opentelemetry-api-1.22.0.jar;C:\Users\User-PC\.m2\repository\io\opentelemetry\opentelemetry-context\1.22.0\opentelemetry-context-1.22.0.jar;C:\Users\User-PC\.m2\repository\io\opentelemetry\opentelemetry-exporter-logging\1.22.0\opentelemetry-exporter-logging-1.22.0.jar;C:\Users\User-PC\.m2\repository\io\opentelemetry\opentelemetry-sdk-metrics\1.22.0\opentelemetry-sdk-metrics-1.22.0.jar;C:\Users\User-PC\.m2\repository\io\opentelemetry\opentelemetry-sdk-logs\1.22.0-alpha\opentelemetry-sdk-logs-1.22.0-alpha.jar;C:\Users\User-PC\.m2\repository\io\opentelemetry\opentelemetry-api-logs\1.22.0-alpha\opentelemetry-api-logs-1.22.0-alpha.jar;C:\Users\User-PC\.m2\repository\io\opentelemetry\opentelemetry-sdk-common\1.22.0\opentelemetry-sdk-common-1.22.0.jar;C:\Users\User-PC\.m2\repository\io\opentelemetry\opentelemetry-sdk-extension-autoconfigure-spi\1.22.0\opentelemetry-sdk-extension-autoconfigure-spi-1.22.0.jar;C:\Users\User-PC\.m2\repository\io\opentelemetry\opentelemetry-sdk-extension-autoconfigure\1.22.0-alpha\opentelemetry-sdk-extension-autoconfigure-1.22.0-alpha.jar;C:\Users\User-PC\.m2\repository\io\opentelemetry\opentelemetry-sdk-trace\1.22.0\opentelemetry-sdk-trace-1.22.0.jar;C:\Users\User-PC\.m2\repository\io\opentelemetry\opentelemetry-sdk\1.22.0\opentelemetry-sdk-1.22.0.jar;C:\Users\User-PC\.m2\repository\io\opentelemetry\opentelemetry-semconv\1.22.0-alpha\opentelemetry-semconv-1.22.0-alpha.jar;C:\Users\User-PC\.m2\repository\io\ous\jtoml\2.0.0\jtoml-2.0.0.jar;C:\Users\User-PC\.m2\repository\org\apache\commons\commons-exec\1.3\commons-exec-1.3.jar;C:\Users\User-PC\.m2\repository\org\asynchttpclient\async-http-client\2.12.3\async-http-client-2.12.3.jar;C:\Users\User-PC\.m2\repository\org\asynchttpclient\async-http-client-netty-utils\2.12.3\async-http-client-netty-utils-2.12.3.jar;C:\Users\User-PC\.m2\repository\io\netty\netty-codec-socks\4.1.60.Final\netty-codec-socks-4.1.60.Final.jar;C:\Users\User-PC\.m2\repository\io\netty\netty-handler-proxy\4.1.60.Final\netty-handler-proxy-4.1.60.Final.jar;C:\Users\User-PC\.m2\repository\io\netty\netty-transport-native-epoll\4.1.60.Final\netty-transport-native-epoll-4.1.60.Final-linux-x86_64.jar;C:\Users\User-PC\.m2\repository\io\netty\netty-transport-native-kqueue\4.1.60.Final\netty-transport-native-kqueue-4.1.60.Final-osx-x86_64.jar;C:\Users\User-PC\.m2\repository\org\reactivestreams\reactive-streams\1.0.3\reactive-streams-1.0.3.jar;C:\Users\User-PC\.m2\repository\com\typesafe\netty\netty-reactive-streams\2.0.4\netty-reactive-streams-2.0.4.jar;C:\Users\User-PC\.m2\repository\org\seleniumhq\selenium\selenium-manager\4.8.1\selenium-manager-4.8.1.jar;C:\Users\User-PC\.m2\repository\org\seleniumhq\selenium\selenium-safari-driver\4.8.1\selenium-safari-driver-4.8.1.jar;C:\Users\User-PC\.m2\repository\org\seleniumhq\selenium\selenium-api\4.8.1\selenium-api-4.8.1.jar;C:\Users\User-PC\.m2\repository\org\seleniumhq\selenium\selenium-support\4.8.1\selenium-support-4.8.1.jar;C:\Users\User-PC\.m2\repository\com\google\auto\service\auto-service-annotations\1.0.1\auto-service-annotations-1.0.1.jar;C:\Users\User-PC\.m2\repository\com\google\auto\service\auto-service\1.0.1\auto-service-1.0.1.jar;C:\Users\User-PC\.m2\repository\com\google\auto\auto-common\1.2\auto-common-1.2.jar;C:\Users\User-PC\.m2\repository\org\seleniumhq\selenium\selenium-json\4.8.1\selenium-json-4.8.1.jar;C:\Users\User-PC\.m2\repository\org\seleniumhq\selenium\selenium-chrome-driver\4.8.1\selenium-chrome-driver-4.8.1.jar;C:\Users\User-PC\.m2\repository\org\seleniumhq\selenium\selenium-chromium-driver\4.8.1\selenium-chromium-driver-4.8.1.jar;C:\Users\User-PC\.m2\repository\org\seleniumhq\selenium\selenium-firefox-driver\4.8.1\selenium-firefox-driver-4.8.1.jar;C:\Users\User-PC\.m2\repository\org\seleniumhq\selenium\selenium-http\4.8.1\selenium-http-4.8.1.jar;C:\Users\User-PC\.m2\repository\dev\failsafe\failsafe\3.3.0\failsafe-3.3.0.jar;C:\Users\User-PC\.m2\repository\org\seleniumhq\selenium\selenium-edge-driver\4.8.1\selenium-edge-driver-4.8.1.jar;C:\Users\User-PC\.m2\repository\org\seleniumhq\selenium\selenium-ie-driver\4.8.1\selenium-ie-driver-4.8.1.jar;C:\Users\User-PC\.m2\repository\org\projectlombok\lombok\1.18.20\lombok-1.18.20.jar;C:\Users\User-PC\.m2\repository\io\appium\java-client\8.3.0\java-client-8.3.0.jar;C:\Users\User-PC\.m2\repository\commons-validator\commons-validator\1.7\commons-validator-1.7.jar;C:\Users\User-PC\.m2\repository\commons-digester\commons-digester\2.1\commons-digester-2.1.jar;C:\Users\User-PC\.m2\repository\org\apache\groovy\groovy\4.0.10\groovy-4.0.10.jar;C:\Users\User-PC\.m2\repository\net\sf\opencsv\opencsv\2.0\opencsv-2.0.jar;C:\Users\User-PC\.m2\repository\commons-beanutils\commons-beanutils\1.9.4\commons-beanutils-1.9.4.jar;C:\Users\User-PC\.m2\repository\org\apache\commons\commons-lang3\3.12.0\commons-lang3-3.12.0.jar;C:\Users\User-PC\.m2\repository\commons-collections\commons-collections\3.2.2\commons-collections-3.2.2.jar;C:\Users\User-PC\.m2\repository\org\fluentlenium\fluentlenium-core\0.10.2\fluentlenium-core-0.10.2.jar;C:\Users\User-PC\.m2\repository\io\github\bonigarcia\webdrivermanager\5.3.0\webdrivermanager-5.3.0.jar;C:\Users\User-PC\.m2\repository\com\github\docker-java\docker-java\3.2.13\docker-java-3.2.13.jar;C:\Users\User-PC\.m2\repository\com\github\docker-java\docker-java-core\3.2.13\docker-java-core-3.2.13.jar;C:\Users\User-PC\.m2\repository\com\github\docker-java\docker-java-api\3.2.13\docker-java-api-3.2.13.jar;C:\Users\User-PC\.m2\repository\org\apache\commons\commons-compress\1.21\commons-compress-1.21.jar;C:\Users\User-PC\.m2\repository\org\bouncycastle\bcpkix-jdk15on\1.64\bcpkix-jdk15on-1.64.jar;C:\Users\User-PC\.m2\repository\org\bouncycastle\bcprov-jdk15on\1.64\bcprov-jdk15on-1.64.jar;C:\Users\User-PC\.m2\repository\org\slf4j\jcl-over-slf4j\1.7.30\jcl-over-slf4j-1.7.30.jar;C:\Users\User-PC\.m2\repository\com\github\docker-java\docker-java-transport-httpclient5\3.2.13\docker-java-transport-httpclient5-3.2.13.jar;C:\Users\User-PC\.m2\repository\com\github\docker-java\docker-java-transport\3.2.13\docker-java-transport-3.2.13.jar;C:\Users\User-PC\.m2\repository\net\java\dev\jna\jna\5.8.0\jna-5.8.0.jar;C:\Users\User-PC\.m2\repository\org\brotli\dec\0.1.2\dec-0.1.2.jar;C:\Users\User-PC\.m2\repository\org\apache\httpcomponents\client5\httpclient5\5.1.3\httpclient5-5.1.3.jar;C:\Users\User-PC\.m2\repository\org\apache\httpcomponents\core5\httpcore5\5.1.3\httpcore5-5.1.3.jar;C:\Users\User-PC\.m2\repository\org\apache\httpcomponents\core5\httpcore5-h2\5.1.3\httpcore5-h2-5.1.3.jar;C:\Users\User-PC\.m2\repository\com\jhlabs\filters\2.0.235\filters-2.0.235.jar;C:\Users\User-PC\.m2\repository\com\paulhammant\ngwebdriver\1.1.6\ngwebdriver-1.1.6.jar;C:\Users\User-PC\.m2\repository\joda-time\joda-time\2.12.2\joda-time-2.12.2.jar;C:\Users\User-PC\.m2\repository\org\hamcrest\hamcrest\2.2\hamcrest-2.2.jar;C:\Users\User-PC\.m2\repository\com\google\jimfs\jimfs\1.2\jimfs-1.2.jar;C:\Users\User-PC\.m2\repository\org\mockito\mockito-core\3.3.3\mockito-core-3.3.3.jar;C:\Users\User-PC\.m2\repository\javax\xml\bind\jaxb-api\2.3.1\jaxb-api-2.3.1.jar;C:\Users\User-PC\.m2\repository\javax\activation\javax.activation-api\1.2.0\javax.activation-api-1.2.0.jar;C:\Users\User-PC\.m2\repository\com\sun\xml\bind\jaxb-core\2.3.0.1\jaxb-core-2.3.0.1.jar;C:\Users\User-PC\.m2\repository\com\sun\xml\bind\jaxb-impl\2.3.3\jaxb-impl-2.3.3.jar;C:\Users\User-PC\.m2\repository\jakarta\xml\bind\jakarta.xml.bind-api\2.3.3\jakarta.xml.bind-api-2.3.3.jar;C:\Users\User-PC\.m2\repository\com\sun\activation\jakarta.activation\1.2.2\jakarta.activation-1.2.2.jar;C:\Users\User-PC\.m2\repository\javax\activation\activation\1.1.1\activation-1.1.1.jar;C:\Users\User-PC\.m2\repository\net\serenity-bdd\serenity-cucumber\3.6.21\serenity-cucumber-3.6.21.jar;C:\Users\User-PC\.m2\repository\io\cucumber\cucumber-core\7.11.0\cucumber-core-7.11.0.jar;C:\Users\User-PC\.m2\repository\io\cucumber\cucumber-gherkin\7.11.0\cucumber-gherkin-7.11.0.jar;C:\Users\User-PC\.m2\repository\io\cucumber\cucumber-gherkin-messages\7.11.0\cucumber-gherkin-messages-7.11.0.jar;C:\Users\User-PC\.m2\repository\io\cucumber\gherkin\26.0.3\gherkin-26.0.3.jar;C:\Users\User-PC\.m2\repository\io\cucumber\messages\21.0.1\messages-21.0.1.jar;C:\Users\User-PC\.m2\repository\io\cucumber\tag-expressions\5.0.1\tag-expressions-5.0.1.jar;C:\Users\User-PC\.m2\repository\io\cucumber\cucumber-expressions\16.1.1\cucumber-expressions-16.1.1.jar;C:\Users\User-PC\.m2\repository\io\cucumber\datatable\7.11.0\datatable-7.11.0.jar;C:\Users\User-PC\.m2\repository\io\cucumber\cucumber-plugin\7.11.0\cucumber-plugin-7.11.0.jar;C:\Users\User-PC\.m2\repository\io\cucumber\docstring\7.11.0\docstring-7.11.0.jar;C:\Users\User-PC\.m2\repository\io\cucumber\html-formatter\20.2.1\html-formatter-20.2.1.jar;C:\Users\User-PC\.m2\repository\io\cucumber\junit-xml-formatter\0.1.0\junit-xml-formatter-0.1.0.jar;C:\Users\User-PC\.m2\repository\io\cucumber\ci-environment\9.1.0\ci-environment-9.1.0.jar;C:\Users\User-PC\.m2\repository\io\cucumber\cucumber-java\7.11.0\cucumber-java-7.11.0.jar;C:\Users\User-PC\.m2\repository\io\cucumber\cucumber-junit\7.11.0\cucumber-junit-7.11.0.jar;C:\Users\User-PC\.m2\repository\org\apache\commons\commons-csv\1.5\commons-csv-1.5.jar;C:\Users\User-PC\.m2\repository\net\serenity-bdd\serenity-screenplay\3.6.21\serenity-screenplay-3.6.21.jar;C:\Users\User-PC\.m2\repository\net\serenity-bdd\serenity-screenplay-webdriver\3.6.21\serenity-screenplay-webdriver-3.6.21.jar;C:\Users\User-PC\.m2\repository\net\serenity-bdd\serenity-ensure\3.6.21\serenity-ensure-3.6.21.jar;C:\Users\User-PC\.m2\repository\net\serenity-bdd\serenity-junit\3.6.21\serenity-junit-3.6.21.jar;C:\Users\User-PC\.m2\repository\org\jetbrains\kotlin\kotlin-stdlib\1.8.10\kotlin-stdlib-1.8.10.jar;C:\Users\User-PC\.m2\repository\org\jetbrains\kotlin\kotlin-stdlib-common\1.8.10\kotlin-stdlib-common-1.8.10.jar;C:\Users\User-PC\.m2\repository\org\jetbrains\annotations\13.0\annotations-13.0.jar;C:\Users\User-PC\.m2\repository\org\junit\platform\junit-platform-launcher\1.8.2\junit-platform-launcher-1.8.2.jar;C:\Users\User-PC\.m2\repository\org\junit\platform\junit-platform-engine\1.8.2\junit-platform-engine-1.8.2.jar;C:\Users\User-PC\.m2\repository\org\opentest4j\opentest4j\1.2.0\opentest4j-1.2.0.jar;C:\Users\User-PC\.m2\repository\org\junit\platform\junit-platform-commons\1.8.2\junit-platform-commons-1.8.2.jar;C:\Users\User-PC\.m2\repository\org\apiguardian\apiguardian-api\1.1.2\apiguardian-api-1.1.2.jar;C:\Users\User-PC\.m2\repository\org\junit\jupiter\junit-jupiter-engine\5.8.2\junit-jupiter-engine-5.8.2.jar;C:\Users\User-PC\.m2\repository\org\junit\jupiter\junit-jupiter-api\5.8.2\junit-jupiter-api-5.8.2.jar;C:\Users\User-PC\.m2\repository\org\junit\vintage\junit-vintage-engine\5.8.2\junit-vintage-engine-5.8.2.jar;C:\Users\User-PC\.m2\repository\junit\junit\4.13.2\junit-4.13.2.jar;C:\Users\User-PC\.m2\repository\org\hamcrest\hamcrest-core\1.3\hamcrest-core-1.3.jar;C:\Users\User-PC\.m2\repository\ch\qos\logback\logback-classic\1.2.10\logback-classic-1.2.10.jar;C:\Users\User-PC\.m2\repository\ch\qos\logback\logback-core\1.2.10\logback-core-1.2.10.jar;C:\Users\User-PC\.m2\repository\org\slf4j\slf4j-api\1.7.32\slf4j-api-1.7.32.jar;C:\Users\User-PC\.m2\repository\org\assertj\assertj-core\3.23.1\assertj-core-3.23.1.jar;C:\Users\User-PC\.m2\repository\net\bytebuddy\byte-buddy\1.12.10\byte-buddy-1.12.10.jar;"/>
    <property name="java.vm.vendor" value="BellSoft"/>
    <property name="sun.arch.data.model" value="64"/>
    <property name="user.variant" value=""/>
    <property name="java.vendor.url" value="https://bell-sw.com/"/>
    <property name="user.timezone" value="Asia/Krasnoyarsk"/>
    <property name="os.name" value="Windows 11"/>
    <property name="java.vm.specification.version" value="17"/>
    <property name="sun.java.launcher" value="SUN_STANDARD"/>
    <property name="user.country" value="ID"/>
    <property name="sun.boot.library.path" value="C:\Program Files\BellSoft\LibericaJDK-17\bin"/>
    <property name="sun.java.command" value="org.apache.maven.surefire.booter.ForkedBooter C:\Users\User-PC\AppData\Local\Temp\surefire13107408567528893760 2023-06-23T21-55-04_101-jvmRun1 surefire18293631935069118336tmp surefire_07016395185826860302tmp"/>
    <property name="jdk.debug" value="release"/>
    <property name="surefire.test.class.path" value="D:\alta\Capstone\WEB\CapstoneWEB\target\test-classes;C:\Users\User-PC\.m2\repository\net\serenity-bdd\serenity-core\3.6.21\serenity-core-3.6.21.jar;C:\Users\User-PC\.m2\repository\net\serenity-bdd\serenity-model\3.6.21\serenity-model-3.6.21.jar;C:\Users\User-PC\.m2\repository\org\apache\commons\commons-text\1.10.0\commons-text-1.10.0.jar;C:\Users\User-PC\.m2\repository\commons-net\commons-net\3.9.0\commons-net-3.9.0.jar;C:\Users\User-PC\.m2\repository\com\google\guava\guava\31.1-jre\guava-31.1-jre.jar;C:\Users\User-PC\.m2\repository\com\google\guava\failureaccess\1.0.1\failureaccess-1.0.1.jar;C:\Users\User-PC\.m2\repository\com\google\guava\listenablefuture\9999.0-empty-to-avoid-conflict-with-guava\listenablefuture-9999.0-empty-to-avoid-conflict-with-guava.jar;C:\Users\User-PC\.m2\repository\com\google\code\findbugs\jsr305\3.0.2\jsr305-3.0.2.jar;C:\Users\User-PC\.m2\repository\org\checkerframework\checker-qual\3.12.0\checker-qual-3.12.0.jar;C:\Users\User-PC\.m2\repository\com\google\errorprone\error_prone_annotations\2.11.0\error_prone_annotations-2.11.0.jar;C:\Users\User-PC\.m2\repository\com\google\j2objc\j2objc-annotations\1.3\j2objc-annotations-1.3.jar;C:\Users\User-PC\.m2\repository\com\google\inject\guice\5.1.0\guice-5.1.0.jar;C:\Users\User-PC\.m2\repository\javax\inject\javax.inject\1\javax.inject-1.jar;C:\Users\User-PC\.m2\repository\aopalliance\aopalliance\1.0\aopalliance-1.0.jar;C:\Users\User-PC\.m2\repository\org\jsoup\jsoup\1.14.3\jsoup-1.14.3.jar;C:\Users\User-PC\.m2\repository\com\thoughtworks\xstream\xstream\1.4.20\xstream-1.4.20.jar;C:\Users\User-PC\.m2\repository\io\github\x-stream\mxparser\1.2.2\mxparser-1.2.2.jar;C:\Users\User-PC\.m2\repository\xmlpull\xmlpull\1.1.3.1\xmlpull-1.1.3.1.jar;C:\Users\User-PC\.m2\repository\com\typesafe\config\1.4.2\config-1.4.2.jar;C:\Users\User-PC\.m2\repository\org\imgscalr\imgscalr-lib\4.2\imgscalr-lib-4.2.jar;C:\Users\User-PC\.m2\repository\org\awaitility\awaitility\4.2.0\awaitility-4.2.0.jar;C:\Users\User-PC\.m2\repository\org\freemarker\freemarker\2.3.31\freemarker-2.3.31.jar;C:\Users\User-PC\.m2\repository\io\github\classgraph\classgraph\4.8.138\classgraph-4.8.138.jar;C:\Users\User-PC\.m2\repository\net\sourceforge\jexcelapi\jxl\2.6.12\jxl-2.6.12.jar;C:\Users\User-PC\.m2\repository\net\bytebuddy\byte-buddy-agent\1.14.2\byte-buddy-agent-1.14.2.jar;C:\Users\User-PC\.m2\repository\org\objenesis\objenesis\3.3\objenesis-3.3.jar;C:\Users\User-PC\.m2\repository\net\serenity-bdd\serenity-reports\3.6.21\serenity-reports-3.6.21.jar;C:\Users\User-PC\.m2\repository\net\serenity-bdd\serenity-stats\3.6.21\serenity-stats-3.6.21.jar;C:\Users\User-PC\.m2\repository\net\serenity-bdd\serenity-reports-configuration\3.6.21\serenity-reports-configuration-3.6.21.jar;C:\Users\User-PC\.m2\repository\com\vladsch\flexmark\flexmark-all\0.62.2\flexmark-all-0.62.2.jar;C:\Users\User-PC\.m2\repository\com\vladsch\flexmark\flexmark\0.62.2\flexmark-0.62.2.jar;C:\Users\User-PC\.m2\repository\com\vladsch\flexmark\flexmark-ext-abbreviation\0.62.2\flexmark-ext-abbreviation-0.62.2.jar;C:\Users\User-PC\.m2\repository\com\vladsch\flexmark\flexmark-util\0.62.2\flexmark-util-0.62.2.jar;C:\Users\User-PC\.m2\repository\com\vladsch\flexmark\flexmark-ext-admonition\0.62.2\flexmark-ext-admonition-0.62.2.jar;C:\Users\User-PC\.m2\repository\com\vladsch\flexmark\flexmark-ext-anchorlink\0.62.2\flexmark-ext-anchorlink-0.62.2.jar;C:\Users\User-PC\.m2\repository\com\vladsch\flexmark\flexmark-ext-aside\0.62.2\flexmark-ext-aside-0.62.2.jar;C:\Users\User-PC\.m2\repository\com\vladsch\flexmark\flexmark-ext-attributes\0.62.2\flexmark-ext-attributes-0.62.2.jar;C:\Users\User-PC\.m2\repository\com\vladsch\flexmark\flexmark-ext-autolink\0.62.2\flexmark-ext-autolink-0.62.2.jar;C:\Users\User-PC\.m2\repository\org\nibor\autolink\autolink\0.6.0\autolink-0.6.0.jar;C:\Users\User-PC\.m2\repository\com\vladsch\flexmark\flexmark-ext-definition\0.62.2\flexmark-ext-definition-0.62.2.jar;C:\Users\User-PC\.m2\repository\com\vladsch\flexmark\flexmark-ext-emoji\0.62.2\flexmark-ext-emoji-0.62.2.jar;C:\Users\User-PC\.m2\repository\com\vladsch\flexmark\flexmark-ext-enumerated-reference\0.62.2\flexmark-ext-enumerated-reference-0.62.2.jar;C:\Users\User-PC\.m2\repository\com\vladsch\flexmark\flexmark-ext-escaped-character\0.62.2\flexmark-ext-escaped-character-0.62.2.jar;C:\Users\User-PC\.m2\repository\com\vladsch\flexmark\flexmark-ext-footnotes\0.62.2\flexmark-ext-footnotes-0.62.2.jar;C:\Users\User-PC\.m2\repository\com\vladsch\flexmark\flexmark-ext-gfm-issues\0.62.2\flexmark-ext-gfm-issues-0.62.2.jar;C:\Users\User-PC\.m2\repository\com\vladsch\flexmark\flexmark-ext-gfm-strikethrough\0.62.2\flexmark-ext-gfm-strikethrough-0.62.2.jar;C:\Users\User-PC\.m2\repository\com\vladsch\flexmark\flexmark-ext-gfm-tasklist\0.62.2\flexmark-ext-gfm-tasklist-0.62.2.jar;C:\Users\User-PC\.m2\repository\com\vladsch\flexmark\flexmark-ext-gfm-users\0.62.2\flexmark-ext-gfm-users-0.62.2.jar;C:\Users\User-PC\.m2\repository\com\vladsch\flexmark\flexmark-ext-gitlab\0.62.2\flexmark-ext-gitlab-0.62.2.jar;C:\Users\User-PC\.m2\repository\com\vladsch\flexmark\flexmark-ext-jekyll-front-matter\0.62.2\flexmark-ext-jekyll-front-matter-0.62.2.jar;C:\Users\User-PC\.m2\repository\com\vladsch\flexmark\flexmark-ext-jekyll-tag\0.62.2\flexmark-ext-jekyll-tag-0.62.2.jar;C:\Users\User-PC\.m2\repository\com\vladsch\flexmark\flexmark-ext-media-tags\0.62.2\flexmark-ext-media-tags-0.62.2.jar;C:\Users\User-PC\.m2\repository\com\vladsch\flexmark\flexmark-ext-macros\0.62.2\flexmark-ext-macros-0.62.2.jar;C:\Users\User-PC\.m2\repository\com\vladsch\flexmark\flexmark-ext-ins\0.62.2\flexmark-ext-ins-0.62.2.jar;C:\Users\User-PC\.m2\repository\com\vladsch\flexmark\flexmark-ext-xwiki-macros\0.62.2\flexmark-ext-xwiki-macros-0.62.2.jar;C:\Users\User-PC\.m2\repository\com\vladsch\flexmark\flexmark-ext-superscript\0.62.2\flexmark-ext-superscript-0.62.2.jar;C:\Users\User-PC\.m2\repository\com\vladsch\flexmark\flexmark-ext-tables\0.62.2\flexmark-ext-tables-0.62.2.jar;C:\Users\User-PC\.m2\repository\com\vladsch\flexmark\flexmark-ext-toc\0.62.2\flexmark-ext-toc-0.62.2.jar;C:\Users\User-PC\.m2\repository\com\vladsch\flexmark\flexmark-ext-typographic\0.62.2\flexmark-ext-typographic-0.62.2.jar;C:\Users\User-PC\.m2\repository\com\vladsch\flexmark\flexmark-ext-wikilink\0.62.2\flexmark-ext-wikilink-0.62.2.jar;C:\Users\User-PC\.m2\repository\com\vladsch\flexmark\flexmark-ext-yaml-front-matter\0.62.2\flexmark-ext-yaml-front-matter-0.62.2.jar;C:\Users\User-PC\.m2\repository\com\vladsch\flexmark\flexmark-ext-youtube-embedded\0.62.2\flexmark-ext-youtube-embedded-0.62.2.jar;C:\Users\User-PC\.m2\repository\com\vladsch\flexmark\flexmark-html2md-converter\0.62.2\flexmark-html2md-converter-0.62.2.jar;C:\Users\User-PC\.m2\repository\com\vladsch\flexmark\flexmark-jira-converter\0.62.2\flexmark-jira-converter-0.62.2.jar;C:\Users\User-PC\.m2\repository\com\vladsch\flexmark\flexmark-pdf-converter\0.62.2\flexmark-pdf-converter-0.62.2.jar;C:\Users\User-PC\.m2\repository\com\openhtmltopdf\openhtmltopdf-core\1.0.0\openhtmltopdf-core-1.0.0.jar;C:\Users\User-PC\.m2\repository\com\openhtmltopdf\openhtmltopdf-pdfbox\1.0.0\openhtmltopdf-pdfbox-1.0.0.jar;C:\Users\User-PC\.m2\repository\org\apache\pdfbox\pdfbox\2.0.16\pdfbox-2.0.16.jar;C:\Users\User-PC\.m2\repository\org\apache\pdfbox\fontbox\2.0.16\fontbox-2.0.16.jar;C:\Users\User-PC\.m2\repository\org\apache\pdfbox\xmpbox\2.0.16\xmpbox-2.0.16.jar;C:\Users\User-PC\.m2\repository\de\rototor\pdfbox\graphics2d\0.24\graphics2d-0.24.jar;C:\Users\User-PC\.m2\repository\com\openhtmltopdf\openhtmltopdf-rtl-support\1.0.0\openhtmltopdf-rtl-support-1.0.0.jar;C:\Users\User-PC\.m2\repository\com\openhtmltopdf\openhtmltopdf-jsoup-dom-converter\1.0.0\openhtmltopdf-jsoup-dom-converter-1.0.0.jar;C:\Users\User-PC\.m2\repository\com\vladsch\flexmark\flexmark-profile-pegdown\0.62.2\flexmark-profile-pegdown-0.62.2.jar;C:\Users\User-PC\.m2\repository\com\vladsch\flexmark\flexmark-util-ast\0.62.2\flexmark-util-ast-0.62.2.jar;C:\Users\User-PC\.m2\repository\com\vladsch\flexmark\flexmark-util-builder\0.62.2\flexmark-util-builder-0.62.2.jar;C:\Users\User-PC\.m2\repository\com\vladsch\flexmark\flexmark-util-collection\0.62.2\flexmark-util-collection-0.62.2.jar;C:\Users\User-PC\.m2\repository\com\vladsch\flexmark\flexmark-util-data\0.62.2\flexmark-util-data-0.62.2.jar;C:\Users\User-PC\.m2\repository\com\vladsch\flexmark\flexmark-util-dependency\0.62.2\flexmark-util-dependency-0.62.2.jar;C:\Users\User-PC\.m2\repository\com\vladsch\flexmark\flexmark-util-format\0.62.2\flexmark-util-format-0.62.2.jar;C:\Users\User-PC\.m2\repository\com\vladsch\flexmark\flexmark-util-html\0.62.2\flexmark-util-html-0.62.2.jar;C:\Users\User-PC\.m2\repository\com\vladsch\flexmark\flexmark-util-misc\0.62.2\flexmark-util-misc-0.62.2.jar;C:\Users\User-PC\.m2\repository\com\vladsch\flexmark\flexmark-util-options\0.62.2\flexmark-util-options-0.62.2.jar;C:\Users\User-PC\.m2\repository\com\vladsch\flexmark\flexmark-util-sequence\0.62.2\flexmark-util-sequence-0.62.2.jar;C:\Users\User-PC\.m2\repository\com\vladsch\flexmark\flexmark-util-visitor\0.62.2\flexmark-util-visitor-0.62.2.jar;C:\Users\User-PC\.m2\repository\com\vladsch\flexmark\flexmark-youtrack-converter\0.62.2\flexmark-youtrack-converter-0.62.2.jar;C:\Users\User-PC\.m2\repository\com\ibm\icu\icu4j\72.1\icu4j-72.1.jar;C:\Users\User-PC\.m2\repository\es\nitaur\markdown\txtmark\0.16\txtmark-0.16.jar;C:\Users\User-PC\.m2\repository\net\serenity-bdd\serenity-report-resources\3.6.21\serenity-report-resources-3.6.21.jar;C:\Users\User-PC\.m2\repository\com\google\code\gson\gson\2.10.1\gson-2.10.1.jar;C:\Users\User-PC\.m2\repository\com\fasterxml\jackson\core\jackson-core\2.15.0-rc1\jackson-core-2.15.0-rc1.jar;C:\Users\User-PC\.m2\repository\com\fasterxml\jackson\core\jackson-databind\2.15.0-rc1\jackson-databind-2.15.0-rc1.jar;C:\Users\User-PC\.m2\repository\com\fasterxml\jackson\core\jackson-annotations\2.15.0-rc1\jackson-annotations-2.15.0-rc1.jar;C:\Users\User-PC\.m2\repository\commons-codec\commons-codec\1.15\commons-codec-1.15.jar;C:\Users\User-PC\.m2\repository\commons-io\commons-io\2.11.0\commons-io-2.11.0.jar;C:\Users\User-PC\.m2\repository\org\apache\httpcomponents\httpclient\4.5.13\httpclient-4.5.13.jar;C:\Users\User-PC\.m2\repository\org\apache\httpcomponents\httpcore\4.4.13\httpcore-4.4.13.jar;C:\Users\User-PC\.m2\repository\commons-logging\commons-logging\1.2\commons-logging-1.2.jar;C:\Users\User-PC\.m2\repository\org\seleniumhq\selenium\selenium-java\4.8.1\selenium-java-4.8.1.jar;C:\Users\User-PC\.m2\repository\org\seleniumhq\selenium\selenium-devtools-v108\4.8.1\selenium-devtools-v108-4.8.1.jar;C:\Users\User-PC\.m2\repository\org\seleniumhq\selenium\selenium-devtools-v109\4.8.1\selenium-devtools-v109-4.8.1.jar;C:\Users\User-PC\.m2\repository\org\seleniumhq\selenium\selenium-devtools-v110\4.8.1\selenium-devtools-v110-4.8.1.jar;C:\Users\User-PC\.m2\repository\org\seleniumhq\selenium\selenium-devtools-v85\4.8.1\selenium-devtools-v85-4.8.1.jar;C:\Users\User-PC\.m2\repository\org\seleniumhq\selenium\selenium-remote-driver\4.8.1\selenium-remote-driver-4.8.1.jar;C:\Users\User-PC\.m2\repository\com\beust\jcommander\1.82\jcommander-1.82.jar;C:\Users\User-PC\.m2\repository\io\netty\netty-buffer\4.1.87.Final\netty-buffer-4.1.87.Final.jar;C:\Users\User-PC\.m2\repository\io\netty\netty-codec-http\4.1.87.Final\netty-codec-http-4.1.87.Final.jar;C:\Users\User-PC\.m2\repository\io\netty\netty-codec\4.1.87.Final\netty-codec-4.1.87.Final.jar;C:\Users\User-PC\.m2\repository\io\netty\netty-handler\4.1.87.Final\netty-handler-4.1.87.Final.jar;C:\Users\User-PC\.m2\repository\io\netty\netty-common\4.1.87.Final\netty-common-4.1.87.Final.jar;C:\Users\User-PC\.m2\repository\io\netty\netty-transport-classes-epoll\4.1.87.Final\netty-transport-classes-epoll-4.1.87.Final.jar;C:\Users\User-PC\.m2\repository\io\netty\netty-transport-classes-kqueue\4.1.87.Final\netty-transport-classes-kqueue-4.1.87.Final.jar;C:\Users\User-PC\.m2\repository\io\netty\netty-transport-native-epoll\4.1.87.Final\netty-transport-native-epoll-4.1.87.Final.jar;C:\Users\User-PC\.m2\repository\io\netty\netty-transport-native-kqueue\4.1.87.Final\netty-transport-native-kqueue-4.1.87.Final.jar;C:\Users\User-PC\.m2\repository\io\netty\netty-transport-native-unix-common\4.1.87.Final\netty-transport-native-unix-common-4.1.87.Final.jar;C:\Users\User-PC\.m2\repository\io\netty\netty-transport\4.1.87.Final\netty-transport-4.1.87.Final.jar;C:\Users\User-PC\.m2\repository\io\netty\netty-resolver\4.1.87.Final\netty-resolver-4.1.87.Final.jar;C:\Users\User-PC\.m2\repository\io\opentelemetry\opentelemetry-api\1.22.0\opentelemetry-api-1.22.0.jar;C:\Users\User-PC\.m2\repository\io\opentelemetry\opentelemetry-context\1.22.0\opentelemetry-context-1.22.0.jar;C:\Users\User-PC\.m2\repository\io\opentelemetry\opentelemetry-exporter-logging\1.22.0\opentelemetry-exporter-logging-1.22.0.jar;C:\Users\User-PC\.m2\repository\io\opentelemetry\opentelemetry-sdk-metrics\1.22.0\opentelemetry-sdk-metrics-1.22.0.jar;C:\Users\User-PC\.m2\repository\io\opentelemetry\opentelemetry-sdk-logs\1.22.0-alpha\opentelemetry-sdk-logs-1.22.0-alpha.jar;C:\Users\User-PC\.m2\repository\io\opentelemetry\opentelemetry-api-logs\1.22.0-alpha\opentelemetry-api-logs-1.22.0-alpha.jar;C:\Users\User-PC\.m2\repository\io\opentelemetry\opentelemetry-sdk-common\1.22.0\opentelemetry-sdk-common-1.22.0.jar;C:\Users\User-PC\.m2\repository\io\opentelemetry\opentelemetry-sdk-extension-autoconfigure-spi\1.22.0\opentelemetry-sdk-extension-autoconfigure-spi-1.22.0.jar;C:\Users\User-PC\.m2\repository\io\opentelemetry\opentelemetry-sdk-extension-autoconfigure\1.22.0-alpha\opentelemetry-sdk-extension-autoconfigure-1.22.0-alpha.jar;C:\Users\User-PC\.m2\repository\io\opentelemetry\opentelemetry-sdk-trace\1.22.0\opentelemetry-sdk-trace-1.22.0.jar;C:\Users\User-PC\.m2\repository\io\opentelemetry\opentelemetry-sdk\1.22.0\opentelemetry-sdk-1.22.0.jar;C:\Users\User-PC\.m2\repository\io\opentelemetry\opentelemetry-semconv\1.22.0-alpha\opentelemetry-semconv-1.22.0-alpha.jar;C:\Users\User-PC\.m2\repository\io\ous\jtoml\2.0.0\jtoml-2.0.0.jar;C:\Users\User-PC\.m2\repository\org\apache\commons\commons-exec\1.3\commons-exec-1.3.jar;C:\Users\User-PC\.m2\repository\org\asynchttpclient\async-http-client\2.12.3\async-http-client-2.12.3.jar;C:\Users\User-PC\.m2\repository\org\asynchttpclient\async-http-client-netty-utils\2.12.3\async-http-client-netty-utils-2.12.3.jar;C:\Users\User-PC\.m2\repository\io\netty\netty-codec-socks\4.1.60.Final\netty-codec-socks-4.1.60.Final.jar;C:\Users\User-PC\.m2\repository\io\netty\netty-handler-proxy\4.1.60.Final\netty-handler-proxy-4.1.60.Final.jar;C:\Users\User-PC\.m2\repository\io\netty\netty-transport-native-epoll\4.1.60.Final\netty-transport-native-epoll-4.1.60.Final-linux-x86_64.jar;C:\Users\User-PC\.m2\repository\io\netty\netty-transport-native-kqueue\4.1.60.Final\netty-transport-native-kqueue-4.1.60.Final-osx-x86_64.jar;C:\Users\User-PC\.m2\repository\org\reactivestreams\reactive-streams\1.0.3\reactive-streams-1.0.3.jar;C:\Users\User-PC\.m2\repository\com\typesafe\netty\netty-reactive-streams\2.0.4\netty-reactive-streams-2.0.4.jar;C:\Users\User-PC\.m2\repository\org\seleniumhq\selenium\selenium-manager\4.8.1\selenium-manager-4.8.1.jar;C:\Users\User-PC\.m2\repository\org\seleniumhq\selenium\selenium-safari-driver\4.8.1\selenium-safari-driver-4.8.1.jar;C:\Users\User-PC\.m2\repository\org\seleniumhq\selenium\selenium-api\4.8.1\selenium-api-4.8.1.jar;C:\Users\User-PC\.m2\repository\org\seleniumhq\selenium\selenium-support\4.8.1\selenium-support-4.8.1.jar;C:\Users\User-PC\.m2\repository\com\google\auto\service\auto-service-annotations\1.0.1\auto-service-annotations-1.0.1.jar;C:\Users\User-PC\.m2\repository\com\google\auto\service\auto-service\1.0.1\auto-service-1.0.1.jar;C:\Users\User-PC\.m2\repository\com\google\auto\auto-common\1.2\auto-common-1.2.jar;C:\Users\User-PC\.m2\repository\org\seleniumhq\selenium\selenium-json\4.8.1\selenium-json-4.8.1.jar;C:\Users\User-PC\.m2\repository\org\seleniumhq\selenium\selenium-chrome-driver\4.8.1\selenium-chrome-driver-4.8.1.jar;C:\Users\User-PC\.m2\repository\org\seleniumhq\selenium\selenium-chromium-driver\4.8.1\selenium-chromium-driver-4.8.1.jar;C:\Users\User-PC\.m2\repository\org\seleniumhq\selenium\selenium-firefox-driver\4.8.1\selenium-firefox-driver-4.8.1.jar;C:\Users\User-PC\.m2\repository\org\seleniumhq\selenium\selenium-http\4.8.1\selenium-http-4.8.1.jar;C:\Users\User-PC\.m2\repository\dev\failsafe\failsafe\3.3.0\failsafe-3.3.0.jar;C:\Users\User-PC\.m2\repository\org\seleniumhq\selenium\selenium-edge-driver\4.8.1\selenium-edge-driver-4.8.1.jar;C:\Users\User-PC\.m2\repository\org\seleniumhq\selenium\selenium-ie-driver\4.8.1\selenium-ie-driver-4.8.1.jar;C:\Users\User-PC\.m2\repository\org\projectlombok\lombok\1.18.20\lombok-1.18.20.jar;C:\Users\User-PC\.m2\repository\io\appium\java-client\8.3.0\java-client-8.3.0.jar;C:\Users\User-PC\.m2\repository\commons-validator\commons-validator\1.7\commons-validator-1.7.jar;C:\Users\User-PC\.m2\repository\commons-digester\commons-digester\2.1\commons-digester-2.1.jar;C:\Users\User-PC\.m2\repository\org\apache\groovy\groovy\4.0.10\groovy-4.0.10.jar;C:\Users\User-PC\.m2\repository\net\sf\opencsv\opencsv\2.0\opencsv-2.0.jar;C:\Users\User-PC\.m2\repository\commons-beanutils\commons-beanutils\1.9.4\commons-beanutils-1.9.4.jar;C:\Users\User-PC\.m2\repository\org\apache\commons\commons-lang3\3.12.0\commons-lang3-3.12.0.jar;C:\Users\User-PC\.m2\repository\commons-collections\commons-collections\3.2.2\commons-collections-3.2.2.jar;C:\Users\User-PC\.m2\repository\org\fluentlenium\fluentlenium-core\0.10.2\fluentlenium-core-0.10.2.jar;C:\Users\User-PC\.m2\repository\io\github\bonigarcia\webdrivermanager\5.3.0\webdrivermanager-5.3.0.jar;C:\Users\User-PC\.m2\repository\com\github\docker-java\docker-java\3.2.13\docker-java-3.2.13.jar;C:\Users\User-PC\.m2\repository\com\github\docker-java\docker-java-core\3.2.13\docker-java-core-3.2.13.jar;C:\Users\User-PC\.m2\repository\com\github\docker-java\docker-java-api\3.2.13\docker-java-api-3.2.13.jar;C:\Users\User-PC\.m2\repository\org\apache\commons\commons-compress\1.21\commons-compress-1.21.jar;C:\Users\User-PC\.m2\repository\org\bouncycastle\bcpkix-jdk15on\1.64\bcpkix-jdk15on-1.64.jar;C:\Users\User-PC\.m2\repository\org\bouncycastle\bcprov-jdk15on\1.64\bcprov-jdk15on-1.64.jar;C:\Users\User-PC\.m2\repository\org\slf4j\jcl-over-slf4j\1.7.30\jcl-over-slf4j-1.7.30.jar;C:\Users\User-PC\.m2\repository\com\github\docker-java\docker-java-transport-httpclient5\3.2.13\docker-java-transport-httpclient5-3.2.13.jar;C:\Users\User-PC\.m2\repository\com\github\docker-java\docker-java-transport\3.2.13\docker-java-transport-3.2.13.jar;C:\Users\User-PC\.m2\repository\net\java\dev\jna\jna\5.8.0\jna-5.8.0.jar;C:\Users\User-PC\.m2\repository\org\brotli\dec\0.1.2\dec-0.1.2.jar;C:\Users\User-PC\.m2\repository\org\apache\httpcomponents\client5\httpclient5\5.1.3\httpclient5-5.1.3.jar;C:\Users\User-PC\.m2\repository\org\apache\httpcomponents\core5\httpcore5\5.1.3\httpcore5-5.1.3.jar;C:\Users\User-PC\.m2\repository\org\apache\httpcomponents\core5\httpcore5-h2\5.1.3\httpcore5-h2-5.1.3.jar;C:\Users\User-PC\.m2\repository\com\jhlabs\filters\2.0.235\filters-2.0.235.jar;C:\Users\User-PC\.m2\repository\com\paulhammant\ngwebdriver\1.1.6\ngwebdriver-1.1.6.jar;C:\Users\User-PC\.m2\repository\joda-time\joda-time\2.12.2\joda-time-2.12.2.jar;C:\Users\User-PC\.m2\repository\org\hamcrest\hamcrest\2.2\hamcrest-2.2.jar;C:\Users\User-PC\.m2\repository\com\google\jimfs\jimfs\1.2\jimfs-1.2.jar;C:\Users\User-PC\.m2\repository\org\mockito\mockito-core\3.3.3\mockito-core-3.3.3.jar;C:\Users\User-PC\.m2\repository\javax\xml\bind\jaxb-api\2.3.1\jaxb-api-2.3.1.jar;C:\Users\User-PC\.m2\repository\javax\activation\javax.activation-api\1.2.0\javax.activation-api-1.2.0.jar;C:\Users\User-PC\.m2\repository\com\sun\xml\bind\jaxb-core\2.3.0.1\jaxb-core-2.3.0.1.jar;C:\Users\User-PC\.m2\repository\com\sun\xml\bind\jaxb-impl\2.3.3\jaxb-impl-2.3.3.jar;C:\Users\User-PC\.m2\repository\jakarta\xml\bind\jakarta.xml.bind-api\2.3.3\jakarta.xml.bind-api-2.3.3.jar;C:\Users\User-PC\.m2\repository\com\sun\activation\jakarta.activation\1.2.2\jakarta.activation-1.2.2.jar;C:\Users\User-PC\.m2\repository\javax\activation\activation\1.1.1\activation-1.1.1.jar;C:\Users\User-PC\.m2\repository\net\serenity-bdd\serenity-cucumber\3.6.21\serenity-cucumber-3.6.21.jar;C:\Users\User-PC\.m2\repository\io\cucumber\cucumber-core\7.11.0\cucumber-core-7.11.0.jar;C:\Users\User-PC\.m2\repository\io\cucumber\cucumber-gherkin\7.11.0\cucumber-gherkin-7.11.0.jar;C:\Users\User-PC\.m2\repository\io\cucumber\cucumber-gherkin-messages\7.11.0\cucumber-gherkin-messages-7.11.0.jar;C:\Users\User-PC\.m2\repository\io\cucumber\gherkin\26.0.3\gherkin-26.0.3.jar;C:\Users\User-PC\.m2\repository\io\cucumber\messages\21.0.1\messages-21.0.1.jar;C:\Users\User-PC\.m2\repository\io\cucumber\tag-expressions\5.0.1\tag-expressions-5.0.1.jar;C:\Users\User-PC\.m2\repository\io\cucumber\cucumber-expressions\16.1.1\cucumber-expressions-16.1.1.jar;C:\Users\User-PC\.m2\repository\io\cucumber\datatable\7.11.0\datatable-7.11.0.jar;C:\Users\User-PC\.m2\repository\io\cucumber\cucumber-plugin\7.11.0\cucumber-plugin-7.11.0.jar;C:\Users\User-PC\.m2\repository\io\cucumber\docstring\7.11.0\docstring-7.11.0.jar;C:\Users\User-PC\.m2\repository\io\cucumber\html-formatter\20.2.1\html-formatter-20.2.1.jar;C:\Users\User-PC\.m2\repository\io\cucumber\junit-xml-formatter\0.1.0\junit-xml-formatter-0.1.0.jar;C:\Users\User-PC\.m2\repository\io\cucumber\ci-environment\9.1.0\ci-environment-9.1.0.jar;C:\Users\User-PC\.m2\repository\io\cucumber\cucumber-java\7.11.0\cucumber-java-7.11.0.jar;C:\Users\User-PC\.m2\repository\io\cucumber\cucumber-junit\7.11.0\cucumber-junit-7.11.0.jar;C:\Users\User-PC\.m2\repository\org\apache\commons\commons-csv\1.5\commons-csv-1.5.jar;C:\Users\User-PC\.m2\repository\net\serenity-bdd\serenity-screenplay\3.6.21\serenity-screenplay-3.6.21.jar;C:\Users\User-PC\.m2\repository\net\serenity-bdd\serenity-screenplay-webdriver\3.6.21\serenity-screenplay-webdriver-3.6.21.jar;C:\Users\User-PC\.m2\repository\net\serenity-bdd\serenity-ensure\3.6.21\serenity-ensure-3.6.21.jar;C:\Users\User-PC\.m2\repository\net\serenity-bdd\serenity-junit\3.6.21\serenity-junit-3.6.21.jar;C:\Users\User-PC\.m2\repository\org\jetbrains\kotlin\kotlin-stdlib\1.8.10\kotlin-stdlib-1.8.10.jar;C:\Users\User-PC\.m2\repository\org\jetbrains\kotlin\kotlin-stdlib-common\1.8.10\kotlin-stdlib-common-1.8.10.jar;C:\Users\User-PC\.m2\repository\org\jetbrains\annotations\13.0\annotations-13.0.jar;C:\Users\User-PC\.m2\repository\org\junit\platform\junit-platform-launcher\1.8.2\junit-platform-launcher-1.8.2.jar;C:\Users\User-PC\.m2\repository\org\junit\platform\junit-platform-engine\1.8.2\junit-platform-engine-1.8.2.jar;C:\Users\User-PC\.m2\repository\org\opentest4j\opentest4j\1.2.0\opentest4j-1.2.0.jar;C:\Users\User-PC\.m2\repository\org\junit\platform\junit-platform-commons\1.8.2\junit-platform-commons-1.8.2.jar;C:\Users\User-PC\.m2\repository\org\apiguardian\apiguardian-api\1.1.2\apiguardian-api-1.1.2.jar;C:\Users\User-PC\.m2\repository\org\junit\jupiter\junit-jupiter-engine\5.8.2\junit-jupiter-engine-5.8.2.jar;C:\Users\User-PC\.m2\repository\org\junit\jupiter\junit-jupiter-api\5.8.2\junit-jupiter-api-5.8.2.jar;C:\Users\User-PC\.m2\repository\org\junit\vintage\junit-vintage-engine\5.8.2\junit-vintage-engine-5.8.2.jar;C:\Users\User-PC\.m2\repository\junit\junit\4.13.2\junit-4.13.2.jar;C:\Users\User-PC\.m2\repository\org\hamcrest\hamcrest-core\1.3\hamcrest-core-1.3.jar;C:\Users\User-PC\.m2\repository\ch\qos\logback\logback-classic\1.2.10\logback-classic-1.2.10.jar;C:\Users\User-PC\.m2\repository\ch\qos\logback\logback-core\1.2.10\logback-core-1.2.10.jar;C:\Users\User-PC\.m2\repository\org\slf4j\slf4j-api\1.7.32\slf4j-api-1.7.32.jar;C:\Users\User-PC\.m2\repository\org\assertj\assertj-core\3.23.1\assertj-core-3.23.1.jar;C:\Users\User-PC\.m2\repository\net\bytebuddy\byte-buddy\1.12.10\byte-buddy-1.12.10.jar;"/>
    <property name="sun.cpu.endian" value="little"/>
    <property name="user.home" value="C:\Users\User-PC"/>
    <property name="user.language" value="en"/>
    <property name="java.specification.vendor" value="Oracle Corporation"/>
    <property name="jdk.module.path" value="D:\alta\Capstone\WEB\CapstoneWEB\target\MiniProject-1.0-SNAPSHOT.jar"/>
    <property name="java.version.date" value="2023-01-17"/>
    <property name="java.home" value="C:\Program Files\BellSoft\LibericaJDK-17"/>
    <property name="file.separator" value="\"/>
    <property name="basedir" value="D:\alta\Capstone\WEB\CapstoneWEB"/>
    <property name="java.vm.compressedOopsMode" value="32-bit"/>
    <property name="line.separator" value="&#10;"/>
    <property name="java.vm.specification.vendor" value="Oracle Corporation"/>
    <property name="java.specification.name" value="Java Platform API Specification"/>
    <property name="surefire.real.class.path" value="C:\Users\User-PC\.m2\repository\org\apache\maven\surefire\surefire-booter\3.0.0-M5\surefire-booter-3.0.0-M5.jar;C:\Users\User-PC\.m2\repository\org\apache\maven\surefire\surefire-api\3.0.0-M5\surefire-api-3.0.0-M5.jar;C:\Users\User-PC\.m2\repository\org\apache\maven\surefire\surefire-logger-api\3.0.0-M5\surefire-logger-api-3.0.0-M5.jar;C:\Users\User-PC\.m2\repository\org\apache\maven\surefire\surefire-shared-utils\3.0.0-M4\surefire-shared-utils-3.0.0-M4.jar;C:\Users\User-PC\.m2\repository\org\apache\maven\surefire\surefire-extensions-spi\3.0.0-M5\surefire-extensions-spi-3.0.0-M5.jar;D:\alta\Capstone\WEB\CapstoneWEB\target\test-classes;C:\Users\User-PC\.m2\repository\net\serenity-bdd\serenity-core\3.6.21\serenity-core-3.6.21.jar;C:\Users\User-PC\.m2\repository\net\serenity-bdd\serenity-model\3.6.21\serenity-model-3.6.21.jar;C:\Users\User-PC\.m2\repository\org\apache\commons\commons-text\1.10.0\commons-text-1.10.0.jar;C:\Users\User-PC\.m2\repository\commons-net\commons-net\3.9.0\commons-net-3.9.0.jar;C:\Users\User-PC\.m2\repository\com\google\guava\guava\31.1-jre\guava-31.1-jre.jar;C:\Users\User-PC\.m2\repository\com\google\guava\failureaccess\1.0.1\failureaccess-1.0.1.jar;C:\Users\User-PC\.m2\repository\com\google\guava\listenablefuture\9999.0-empty-to-avoid-conflict-with-guava\listenablefuture-9999.0-empty-to-avoid-conflict-with-guava.jar;C:\Users\User-PC\.m2\repository\com\google\code\findbugs\jsr305\3.0.2\jsr305-3.0.2.jar;C:\Users\User-PC\.m2\repository\org\checkerframework\checker-qual\3.12.0\checker-qual-3.12.0.jar;C:\Users\User-PC\.m2\repository\com\google\errorprone\error_prone_annotations\2.11.0\error_prone_annotations-2.11.0.jar;C:\Users\User-PC\.m2\repository\com\google\j2objc\j2objc-annotations\1.3\j2objc-annotations-1.3.jar;C:\Users\User-PC\.m2\repository\com\google\inject\guice\5.1.0\guice-5.1.0.jar;C:\Users\User-PC\.m2\repository\javax\inject\javax.inject\1\javax.inject-1.jar;C:\Users\User-PC\.m2\repository\aopalliance\aopalliance\1.0\aopalliance-1.0.jar;C:\Users\User-PC\.m2\repository\org\jsoup\jsoup\1.14.3\jsoup-1.14.3.jar;C:\Users\User-PC\.m2\repository\com\thoughtworks\xstream\xstream\1.4.20\xstream-1.4.20.jar;C:\Users\User-PC\.m2\repository\io\github\x-stream\mxparser\1.2.2\mxparser-1.2.2.jar;C:\Users\User-PC\.m2\repository\xmlpull\xmlpull\1.1.3.1\xmlpull-1.1.3.1.jar;C:\Users\User-PC\.m2\repository\com\typesafe\config\1.4.2\config-1.4.2.jar;C:\Users\User-PC\.m2\repository\org\imgscalr\imgscalr-lib\4.2\imgscalr-lib-4.2.jar;C:\Users\User-PC\.m2\repository\org\awaitility\awaitility\4.2.0\awaitility-4.2.0.jar;C:\Users\User-PC\.m2\repository\org\freemarker\freemarker\2.3.31\freemarker-2.3.31.jar;C:\Users\User-PC\.m2\repository\io\github\classgraph\classgraph\4.8.138\classgraph-4.8.138.jar;C:\Users\User-PC\.m2\repository\net\sourceforge\jexcelapi\jxl\2.6.12\jxl-2.6.12.jar;C:\Users\User-PC\.m2\repository\net\bytebuddy\byte-buddy-agent\1.14.2\byte-buddy-agent-1.14.2.jar;C:\Users\User-PC\.m2\repository\org\objenesis\objenesis\3.3\objenesis-3.3.jar;C:\Users\User-PC\.m2\repository\net\serenity-bdd\serenity-reports\3.6.21\serenity-reports-3.6.21.jar;C:\Users\User-PC\.m2\repository\net\serenity-bdd\serenity-stats\3.6.21\serenity-stats-3.6.21.jar;C:\Users\User-PC\.m2\repository\net\serenity-bdd\serenity-reports-configuration\3.6.21\serenity-reports-configuration-3.6.21.jar;C:\Users\User-PC\.m2\repository\com\vladsch\flexmark\flexmark-all\0.62.2\flexmark-all-0.62.2.jar;C:\Users\User-PC\.m2\repository\com\vladsch\flexmark\flexmark\0.62.2\flexmark-0.62.2.jar;C:\Users\User-PC\.m2\repository\com\vladsch\flexmark\flexmark-ext-abbreviation\0.62.2\flexmark-ext-abbreviation-0.62.2.jar;C:\Users\User-PC\.m2\repository\com\vladsch\flexmark\flexmark-util\0.62.2\flexmark-util-0.62.2.jar;C:\Users\User-PC\.m2\repository\com\vladsch\flexmark\flexmark-ext-admonition\0.62.2\flexmark-ext-admonition-0.62.2.jar;C:\Users\User-PC\.m2\repository\com\vladsch\flexmark\flexmark-ext-anchorlink\0.62.2\flexmark-ext-anchorlink-0.62.2.jar;C:\Users\User-PC\.m2\repository\com\vladsch\flexmark\flexmark-ext-aside\0.62.2\flexmark-ext-aside-0.62.2.jar;C:\Users\User-PC\.m2\repository\com\vladsch\flexmark\flexmark-ext-attributes\0.62.2\flexmark-ext-attributes-0.62.2.jar;C:\Users\User-PC\.m2\repository\com\vladsch\flexmark\flexmark-ext-autolink\0.62.2\flexmark-ext-autolink-0.62.2.jar;C:\Users\User-PC\.m2\repository\org\nibor\autolink\autolink\0.6.0\autolink-0.6.0.jar;C:\Users\User-PC\.m2\repository\com\vladsch\flexmark\flexmark-ext-definition\0.62.2\flexmark-ext-definition-0.62.2.jar;C:\Users\User-PC\.m2\repository\com\vladsch\flexmark\flexmark-ext-emoji\0.62.2\flexmark-ext-emoji-0.62.2.jar;C:\Users\User-PC\.m2\repository\com\vladsch\flexmark\flexmark-ext-enumerated-reference\0.62.2\flexmark-ext-enumerated-reference-0.62.2.jar;C:\Users\User-PC\.m2\repository\com\vladsch\flexmark\flexmark-ext-escaped-character\0.62.2\flexmark-ext-escaped-character-0.62.2.jar;C:\Users\User-PC\.m2\repository\com\vladsch\flexmark\flexmark-ext-footnotes\0.62.2\flexmark-ext-footnotes-0.62.2.jar;C:\Users\User-PC\.m2\repository\com\vladsch\flexmark\flexmark-ext-gfm-issues\0.62.2\flexmark-ext-gfm-issues-0.62.2.jar;C:\Users\User-PC\.m2\repository\com\vladsch\flexmark\flexmark-ext-gfm-strikethrough\0.62.2\flexmark-ext-gfm-strikethrough-0.62.2.jar;C:\Users\User-PC\.m2\repository\com\vladsch\flexmark\flexmark-ext-gfm-tasklist\0.62.2\flexmark-ext-gfm-tasklist-0.62.2.jar;C:\Users\User-PC\.m2\repository\com\vladsch\flexmark\flexmark-ext-gfm-users\0.62.2\flexmark-ext-gfm-users-0.62.2.jar;C:\Users\User-PC\.m2\repository\com\vladsch\flexmark\flexmark-ext-gitlab\0.62.2\flexmark-ext-gitlab-0.62.2.jar;C:\Users\User-PC\.m2\repository\com\vladsch\flexmark\flexmark-ext-jekyll-front-matter\0.62.2\flexmark-ext-jekyll-front-matter-0.62.2.jar;C:\Users\User-PC\.m2\repository\com\vladsch\flexmark\flexmark-ext-jekyll-tag\0.62.2\flexmark-ext-jekyll-tag-0.62.2.jar;C:\Users\User-PC\.m2\repository\com\vladsch\flexmark\flexmark-ext-media-tags\0.62.2\flexmark-ext-media-tags-0.62.2.jar;C:\Users\User-PC\.m2\repository\com\vladsch\flexmark\flexmark-ext-macros\0.62.2\flexmark-ext-macros-0.62.2.jar;C:\Users\User-PC\.m2\repository\com\vladsch\flexmark\flexmark-ext-ins\0.62.2\flexmark-ext-ins-0.62.2.jar;C:\Users\User-PC\.m2\repository\com\vladsch\flexmark\flexmark-ext-xwiki-macros\0.62.2\flexmark-ext-xwiki-macros-0.62.2.jar;C:\Users\User-PC\.m2\repository\com\vladsch\flexmark\flexmark-ext-superscript\0.62.2\flexmark-ext-superscript-0.62.2.jar;C:\Users\User-PC\.m2\repository\com\vladsch\flexmark\flexmark-ext-tables\0.62.2\flexmark-ext-tables-0.62.2.jar;C:\Users\User-PC\.m2\repository\com\vladsch\flexmark\flexmark-ext-toc\0.62.2\flexmark-ext-toc-0.62.2.jar;C:\Users\User-PC\.m2\repository\com\vladsch\flexmark\flexmark-ext-typographic\0.62.2\flexmark-ext-typographic-0.62.2.jar;C:\Users\User-PC\.m2\repository\com\vladsch\flexmark\flexmark-ext-wikilink\0.62.2\flexmark-ext-wikilink-0.62.2.jar;C:\Users\User-PC\.m2\repository\com\vladsch\flexmark\flexmark-ext-yaml-front-matter\0.62.2\flexmark-ext-yaml-front-matter-0.62.2.jar;C:\Users\User-PC\.m2\repository\com\vladsch\flexmark\flexmark-ext-youtube-embedded\0.62.2\flexmark-ext-youtube-embedded-0.62.2.jar;C:\Users\User-PC\.m2\repository\com\vladsch\flexmark\flexmark-html2md-converter\0.62.2\flexmark-html2md-converter-0.62.2.jar;C:\Users\User-PC\.m2\repository\com\vladsch\flexmark\flexmark-jira-converter\0.62.2\flexmark-jira-converter-0.62.2.jar;C:\Users\User-PC\.m2\repository\com\vladsch\flexmark\flexmark-pdf-converter\0.62.2\flexmark-pdf-converter-0.62.2.jar;C:\Users\User-PC\.m2\repository\com\openhtmltopdf\openhtmltopdf-core\1.0.0\openhtmltopdf-core-1.0.0.jar;C:\Users\User-PC\.m2\repository\com\openhtmltopdf\openhtmltopdf-pdfbox\1.0.0\openhtmltopdf-pdfbox-1.0.0.jar;C:\Users\User-PC\.m2\repository\org\apache\pdfbox\pdfbox\2.0.16\pdfbox-2.0.16.jar;C:\Users\User-PC\.m2\repository\org\apache\pdfbox\fontbox\2.0.16\fontbox-2.0.16.jar;C:\Users\User-PC\.m2\repository\org\apache\pdfbox\xmpbox\2.0.16\xmpbox-2.0.16.jar;C:\Users\User-PC\.m2\repository\de\rototor\pdfbox\graphics2d\0.24\graphics2d-0.24.jar;C:\Users\User-PC\.m2\repository\com\openhtmltopdf\openhtmltopdf-rtl-support\1.0.0\openhtmltopdf-rtl-support-1.0.0.jar;C:\Users\User-PC\.m2\repository\com\openhtmltopdf\openhtmltopdf-jsoup-dom-converter\1.0.0\openhtmltopdf-jsoup-dom-converter-1.0.0.jar;C:\Users\User-PC\.m2\repository\com\vladsch\flexmark\flexmark-profile-pegdown\0.62.2\flexmark-profile-pegdown-0.62.2.jar;C:\Users\User-PC\.m2\repository\com\vladsch\flexmark\flexmark-util-ast\0.62.2\flexmark-util-ast-0.62.2.jar;C:\Users\User-PC\.m2\repository\com\vladsch\flexmark\flexmark-util-builder\0.62.2\flexmark-util-builder-0.62.2.jar;C:\Users\User-PC\.m2\repository\com\vladsch\flexmark\flexmark-util-collection\0.62.2\flexmark-util-collection-0.62.2.jar;C:\Users\User-PC\.m2\repository\com\vladsch\flexmark\flexmark-util-data\0.62.2\flexmark-util-data-0.62.2.jar;C:\Users\User-PC\.m2\repository\com\vladsch\flexmark\flexmark-util-dependency\0.62.2\flexmark-util-dependency-0.62.2.jar;C:\Users\User-PC\.m2\repository\com\vladsch\flexmark\flexmark-util-format\0.62.2\flexmark-util-format-0.62.2.jar;C:\Users\User-PC\.m2\repository\com\vladsch\flexmark\flexmark-util-html\0.62.2\flexmark-util-html-0.62.2.jar;C:\Users\User-PC\.m2\repository\com\vladsch\flexmark\flexmark-util-misc\0.62.2\flexmark-util-misc-0.62.2.jar;C:\Users\User-PC\.m2\repository\com\vladsch\flexmark\flexmark-util-options\0.62.2\flexmark-util-options-0.62.2.jar;C:\Users\User-PC\.m2\repository\com\vladsch\flexmark\flexmark-util-sequence\0.62.2\flexmark-util-sequence-0.62.2.jar;C:\Users\User-PC\.m2\repository\com\vladsch\flexmark\flexmark-util-visitor\0.62.2\flexmark-util-visitor-0.62.2.jar;C:\Users\User-PC\.m2\repository\com\vladsch\flexmark\flexmark-youtrack-converter\0.62.2\flexmark-youtrack-converter-0.62.2.jar;C:\Users\User-PC\.m2\repository\com\ibm\icu\icu4j\72.1\icu4j-72.1.jar;C:\Users\User-PC\.m2\repository\es\nitaur\markdown\txtmark\0.16\txtmark-0.16.jar;C:\Users\User-PC\.m2\repository\net\serenity-bdd\serenity-report-resources\3.6.21\serenity-report-resources-3.6.21.jar;C:\Users\User-PC\.m2\repository\com\google\code\gson\gson\2.10.1\gson-2.10.1.jar;C:\Users\User-PC\.m2\repository\com\fasterxml\jackson\core\jackson-core\2.15.0-rc1\jackson-core-2.15.0-rc1.jar;C:\Users\User-PC\.m2\repository\com\fasterxml\jackson\core\jackson-databind\2.15.0-rc1\jackson-databind-2.15.0-rc1.jar;C:\Users\User-PC\.m2\repository\com\fasterxml\jackson\core\jackson-annotations\2.15.0-rc1\jackson-annotations-2.15.0-rc1.jar;C:\Users\User-PC\.m2\repository\commons-codec\commons-codec\1.15\commons-codec-1.15.jar;C:\Users\User-PC\.m2\repository\commons-io\commons-io\2.11.0\commons-io-2.11.0.jar;C:\Users\User-PC\.m2\repository\org\apache\httpcomponents\httpclient\4.5.13\httpclient-4.5.13.jar;C:\Users\User-PC\.m2\repository\org\apache\httpcomponents\httpcore\4.4.13\httpcore-4.4.13.jar;C:\Users\User-PC\.m2\repository\commons-logging\commons-logging\1.2\commons-logging-1.2.jar;C:\Users\User-PC\.m2\repository\org\seleniumhq\selenium\selenium-java\4.8.1\selenium-java-4.8.1.jar;C:\Users\User-PC\.m2\repository\org\seleniumhq\selenium\selenium-devtools-v108\4.8.1\selenium-devtools-v108-4.8.1.jar;C:\Users\User-PC\.m2\repository\org\seleniumhq\selenium\selenium-devtools-v109\4.8.1\selenium-devtools-v109-4.8.1.jar;C:\Users\User-PC\.m2\repository\org\seleniumhq\selenium\selenium-devtools-v110\4.8.1\selenium-devtools-v110-4.8.1.jar;C:\Users\User-PC\.m2\repository\org\seleniumhq\selenium\selenium-devtools-v85\4.8.1\selenium-devtools-v85-4.8.1.jar;C:\Users\User-PC\.m2\repository\org\seleniumhq\selenium\selenium-remote-driver\4.8.1\selenium-remote-driver-4.8.1.jar;C:\Users\User-PC\.m2\repository\com\beust\jcommander\1.82\jcommander-1.82.jar;C:\Users\User-PC\.m2\repository\io\netty\netty-buffer\4.1.87.Final\netty-buffer-4.1.87.Final.jar;C:\Users\User-PC\.m2\repository\io\netty\netty-codec-http\4.1.87.Final\netty-codec-http-4.1.87.Final.jar;C:\Users\User-PC\.m2\repository\io\netty\netty-codec\4.1.87.Final\netty-codec-4.1.87.Final.jar;C:\Users\User-PC\.m2\repository\io\netty\netty-handler\4.1.87.Final\netty-handler-4.1.87.Final.jar;C:\Users\User-PC\.m2\repository\io\netty\netty-common\4.1.87.Final\netty-common-4.1.87.Final.jar;C:\Users\User-PC\.m2\repository\io\netty\netty-transport-classes-epoll\4.1.87.Final\netty-transport-classes-epoll-4.1.87.Final.jar;C:\Users\User-PC\.m2\repository\io\netty\netty-transport-classes-kqueue\4.1.87.Final\netty-transport-classes-kqueue-4.1.87.Final.jar;C:\Users\User-PC\.m2\repository\io\netty\netty-transport-native-epoll\4.1.87.Final\netty-transport-native-epoll-4.1.87.Final.jar;C:\Users\User-PC\.m2\repository\io\netty\netty-transport-native-kqueue\4.1.87.Final\netty-transport-native-kqueue-4.1.87.Final.jar;C:\Users\User-PC\.m2\repository\io\netty\netty-transport-native-unix-common\4.1.87.Final\netty-transport-native-unix-common-4.1.87.Final.jar;C:\Users\User-PC\.m2\repository\io\netty\netty-transport\4.1.87.Final\netty-transport-4.1.87.Final.jar;C:\Users\User-PC\.m2\repository\io\netty\netty-resolver\4.1.87.Final\netty-resolver-4.1.87.Final.jar;C:\Users\User-PC\.m2\repository\io\opentelemetry\opentelemetry-api\1.22.0\opentelemetry-api-1.22.0.jar;C:\Users\User-PC\.m2\repository\io\opentelemetry\opentelemetry-context\1.22.0\opentelemetry-context-1.22.0.jar;C:\Users\User-PC\.m2\repository\io\opentelemetry\opentelemetry-exporter-logging\1.22.0\opentelemetry-exporter-logging-1.22.0.jar;C:\Users\User-PC\.m2\repository\io\opentelemetry\opentelemetry-sdk-metrics\1.22.0\opentelemetry-sdk-metrics-1.22.0.jar;C:\Users\User-PC\.m2\repository\io\opentelemetry\opentelemetry-sdk-logs\1.22.0-alpha\opentelemetry-sdk-logs-1.22.0-alpha.jar;C:\Users\User-PC\.m2\repository\io\opentelemetry\opentelemetry-api-logs\1.22.0-alpha\opentelemetry-api-logs-1.22.0-alpha.jar;C:\Users\User-PC\.m2\repository\io\opentelemetry\opentelemetry-sdk-common\1.22.0\opentelemetry-sdk-common-1.22.0.jar;C:\Users\User-PC\.m2\repository\io\opentelemetry\opentelemetry-sdk-extension-autoconfigure-spi\1.22.0\opentelemetry-sdk-extension-autoconfigure-spi-1.22.0.jar;C:\Users\User-PC\.m2\repository\io\opentelemetry\opentelemetry-sdk-extension-autoconfigure\1.22.0-alpha\opentelemetry-sdk-extension-autoconfigure-1.22.0-alpha.jar;C:\Users\User-PC\.m2\repository\io\opentelemetry\opentelemetry-sdk-trace\1.22.0\opentelemetry-sdk-trace-1.22.0.jar;C:\Users\User-PC\.m2\repository\io\opentelemetry\opentelemetry-sdk\1.22.0\opentelemetry-sdk-1.22.0.jar;C:\Users\User-PC\.m2\repository\io\opentelemetry\opentelemetry-semconv\1.22.0-alpha\opentelemetry-semconv-1.22.0-alpha.jar;C:\Users\User-PC\.m2\repository\io\ous\jtoml\2.0.0\jtoml-2.0.0.jar;C:\Users\User-PC\.m2\repository\org\apache\commons\commons-exec\1.3\commons-exec-1.3.jar;C:\Users\User-PC\.m2\repository\org\asynchttpclient\async-http-client\2.12.3\async-http-client-2.12.3.jar;C:\Users\User-PC\.m2\repository\org\asynchttpclient\async-http-client-netty-utils\2.12.3\async-http-client-netty-utils-2.12.3.jar;C:\Users\User-PC\.m2\repository\io\netty\netty-codec-socks\4.1.60.Final\netty-codec-socks-4.1.60.Final.jar;C:\Users\User-PC\.m2\repository\io\netty\netty-handler-proxy\4.1.60.Final\netty-handler-proxy-4.1.60.Final.jar;C:\Users\User-PC\.m2\repository\io\netty\netty-transport-native-epoll\4.1.60.Final\netty-transport-native-epoll-4.1.60.Final-linux-x86_64.jar;C:\Users\User-PC\.m2\repository\io\netty\netty-transport-native-kqueue\4.1.60.Final\netty-transport-native-kqueue-4.1.60.Final-osx-x86_64.jar;C:\Users\User-PC\.m2\repository\org\reactivestreams\reactive-streams\1.0.3\reactive-streams-1.0.3.jar;C:\Users\User-PC\.m2\repository\com\typesafe\netty\netty-reactive-streams\2.0.4\netty-reactive-streams-2.0.4.jar;C:\Users\User-PC\.m2\repository\org\seleniumhq\selenium\selenium-manager\4.8.1\selenium-manager-4.8.1.jar;C:\Users\User-PC\.m2\repository\org\seleniumhq\selenium\selenium-safari-driver\4.8.1\selenium-safari-driver-4.8.1.jar;C:\Users\User-PC\.m2\repository\org\seleniumhq\selenium\selenium-api\4.8.1\selenium-api-4.8.1.jar;C:\Users\User-PC\.m2\repository\org\seleniumhq\selenium\selenium-support\4.8.1\selenium-support-4.8.1.jar;C:\Users\User-PC\.m2\repository\com\google\auto\service\auto-service-annotations\1.0.1\auto-service-annotations-1.0.1.jar;C:\Users\User-PC\.m2\repository\com\google\auto\service\auto-service\1.0.1\auto-service-1.0.1.jar;C:\Users\User-PC\.m2\repository\com\google\auto\auto-common\1.2\auto-common-1.2.jar;C:\Users\User-PC\.m2\repository\org\seleniumhq\selenium\selenium-json\4.8.1\selenium-json-4.8.1.jar;C:\Users\User-PC\.m2\repository\org\seleniumhq\selenium\selenium-chrome-driver\4.8.1\selenium-chrome-driver-4.8.1.jar;C:\Users\User-PC\.m2\repository\org\seleniumhq\selenium\selenium-chromium-driver\4.8.1\selenium-chromium-driver-4.8.1.jar;C:\Users\User-PC\.m2\repository\org\seleniumhq\selenium\selenium-firefox-driver\4.8.1\selenium-firefox-driver-4.8.1.jar;C:\Users\User-PC\.m2\repository\org\seleniumhq\selenium\selenium-http\4.8.1\selenium-http-4.8.1.jar;C:\Users\User-PC\.m2\repository\dev\failsafe\failsafe\3.3.0\failsafe-3.3.0.jar;C:\Users\User-PC\.m2\repository\org\seleniumhq\selenium\selenium-edge-driver\4.8.1\selenium-edge-driver-4.8.1.jar;C:\Users\User-PC\.m2\repository\org\seleniumhq\selenium\selenium-ie-driver\4.8.1\selenium-ie-driver-4.8.1.jar;C:\Users\User-PC\.m2\repository\org\projectlombok\lombok\1.18.20\lombok-1.18.20.jar;C:\Users\User-PC\.m2\repository\io\appium\java-client\8.3.0\java-client-8.3.0.jar;C:\Users\User-PC\.m2\repository\commons-validator\commons-validator\1.7\commons-validator-1.7.jar;C:\Users\User-PC\.m2\repository\commons-digester\commons-digester\2.1\commons-digester-2.1.jar;C:\Users\User-PC\.m2\repository\org\apache\groovy\groovy\4.0.10\groovy-4.0.10.jar;C:\Users\User-PC\.m2\repository\net\sf\opencsv\opencsv\2.0\opencsv-2.0.jar;C:\Users\User-PC\.m2\repository\commons-beanutils\commons-beanutils\1.9.4\commons-beanutils-1.9.4.jar;C:\Users\User-PC\.m2\repository\org\apache\commons\commons-lang3\3.12.0\commons-lang3-3.12.0.jar;C:\Users\User-PC\.m2\repository\commons-collections\commons-collections\3.2.2\commons-collections-3.2.2.jar;C:\Users\User-PC\.m2\repository\org\fluentlenium\fluentlenium-core\0.10.2\fluentlenium-core-0.10.2.jar;C:\Users\User-PC\.m2\repository\io\github\bonigarcia\webdrivermanager\5.3.0\webdrivermanager-5.3.0.jar;C:\Users\User-PC\.m2\repository\com\github\docker-java\docker-java\3.2.13\docker-java-3.2.13.jar;C:\Users\User-PC\.m2\repository\com\github\docker-java\docker-java-core\3.2.13\docker-java-core-3.2.13.jar;C:\Users\User-PC\.m2\repository\com\github\docker-java\docker-java-api\3.2.13\docker-java-api-3.2.13.jar;C:\Users\User-PC\.m2\repository\org\apache\commons\commons-compress\1.21\commons-compress-1.21.jar;C:\Users\User-PC\.m2\repository\org\bouncycastle\bcpkix-jdk15on\1.64\bcpkix-jdk15on-1.64.jar;C:\Users\User-PC\.m2\repository\org\bouncycastle\bcprov-jdk15on\1.64\bcprov-jdk15on-1.64.jar;C:\Users\User-PC\.m2\repository\org\slf4j\jcl-over-slf4j\1.7.30\jcl-over-slf4j-1.7.30.jar;C:\Users\User-PC\.m2\repository\com\github\docker-java\docker-java-transport-httpclient5\3.2.13\docker-java-transport-httpclient5-3.2.13.jar;C:\Users\User-PC\.m2\repository\com\github\docker-java\docker-java-transport\3.2.13\docker-java-transport-3.2.13.jar;C:\Users\User-PC\.m2\repository\net\java\dev\jna\jna\5.8.0\jna-5.8.0.jar;C:\Users\User-PC\.m2\repository\org\brotli\dec\0.1.2\dec-0.1.2.jar;C:\Users\User-PC\.m2\repository\org\apache\httpcomponents\client5\httpclient5\5.1.3\httpclient5-5.1.3.jar;C:\Users\User-PC\.m2\repository\org\apache\httpcomponents\core5\httpcore5\5.1.3\httpcore5-5.1.3.jar;C:\Users\User-PC\.m2\repository\org\apache\httpcomponents\core5\httpcore5-h2\5.1.3\httpcore5-h2-5.1.3.jar;C:\Users\User-PC\.m2\repository\com\jhlabs\filters\2.0.235\filters-2.0.235.jar;C:\Users\User-PC\.m2\repository\com\paulhammant\ngwebdriver\1.1.6\ngwebdriver-1.1.6.jar;C:\Users\User-PC\.m2\repository\joda-time\joda-time\2.12.2\joda-time-2.12.2.jar;C:\Users\User-PC\.m2\repository\org\hamcrest\hamcrest\2.2\hamcrest-2.2.jar;C:\Users\User-PC\.m2\repository\com\google\jimfs\jimfs\1.2\jimfs-1.2.jar;C:\Users\User-PC\.m2\repository\org\mockito\mockito-core\3.3.3\mockito-core-3.3.3.jar;C:\Users\User-PC\.m2\repository\javax\xml\bind\jaxb-api\2.3.1\jaxb-api-2.3.1.jar;C:\Users\User-PC\.m2\repository\javax\activation\javax.activation-api\1.2.0\javax.activation-api-1.2.0.jar;C:\Users\User-PC\.m2\repository\com\sun\xml\bind\jaxb-core\2.3.0.1\jaxb-core-2.3.0.1.jar;C:\Users\User-PC\.m2\repository\com\sun\xml\bind\jaxb-impl\2.3.3\jaxb-impl-2.3.3.jar;C:\Users\User-PC\.m2\repository\jakarta\xml\bind\jakarta.xml.bind-api\2.3.3\jakarta.xml.bind-api-2.3.3.jar;C:\Users\User-PC\.m2\repository\com\sun\activation\jakarta.activation\1.2.2\jakarta.activation-1.2.2.jar;C:\Users\User-PC\.m2\repository\javax\activation\activation\1.1.1\activation-1.1.1.jar;C:\Users\User-PC\.m2\repository\net\serenity-bdd\serenity-cucumber\3.6.21\serenity-cucumber-3.6.21.jar;C:\Users\User-PC\.m2\repository\io\cucumber\cucumber-core\7.11.0\cucumber-core-7.11.0.jar;C:\Users\User-PC\.m2\repository\io\cucumber\cucumber-gherkin\7.11.0\cucumber-gherkin-7.11.0.jar;C:\Users\User-PC\.m2\repository\io\cucumber\cucumber-gherkin-messages\7.11.0\cucumber-gherkin-messages-7.11.0.jar;C:\Users\User-PC\.m2\repository\io\cucumber\gherkin\26.0.3\gherkin-26.0.3.jar;C:\Users\User-PC\.m2\repository\io\cucumber\messages\21.0.1\messages-21.0.1.jar;C:\Users\User-PC\.m2\repository\io\cucumber\tag-expressions\5.0.1\tag-expressions-5.0.1.jar;C:\Users\User-PC\.m2\repository\io\cucumber\cucumber-expressions\16.1.1\cucumber-expressions-16.1.1.jar;C:\Users\User-PC\.m2\repository\io\cucumber\datatable\7.11.0\datatable-7.11.0.jar;C:\Users\User-PC\.m2\repository\io\cucumber\cucumber-plugin\7.11.0\cucumber-plugin-7.11.0.jar;C:\Users\User-PC\.m2\repository\io\cucumber\docstring\7.11.0\docstring-7.11.0.jar;C:\Users\User-PC\.m2\repository\io\cucumber\html-formatter\20.2.1\html-formatter-20.2.1.jar;C:\Users\User-PC\.m2\repository\io\cucumber\junit-xml-formatter\0.1.0\junit-xml-formatter-0.1.0.jar;C:\Users\User-PC\.m2\repository\io\cucumber\ci-environment\9.1.0\ci-environment-9.1.0.jar;C:\Users\User-PC\.m2\repository\io\cucumber\cucumber-java\7.11.0\cucumber-java-7.11.0.jar;C:\Users\User-PC\.m2\repository\io\cucumber\cucumber-junit\7.11.0\cucumber-junit-7.11.0.jar;C:\Users\User-PC\.m2\repository\org\apache\commons\commons-csv\1.5\commons-csv-1.5.jar;C:\Users\User-PC\.m2\repository\net\serenity-bdd\serenity-screenplay\3.6.21\serenity-screenplay-3.6.21.jar;C:\Users\User-PC\.m2\repository\net\serenity-bdd\serenity-screenplay-webdriver\3.6.21\serenity-screenplay-webdriver-3.6.21.jar;C:\Users\User-PC\.m2\repository\net\serenity-bdd\serenity-ensure\3.6.21\serenity-ensure-3.6.21.jar;C:\Users\User-PC\.m2\repository\net\serenity-bdd\serenity-junit\3.6.21\serenity-junit-3.6.21.jar;C:\Users\User-PC\.m2\repository\org\jetbrains\kotlin\kotlin-stdlib\1.8.10\kotlin-stdlib-1.8.10.jar;C:\Users\User-PC\.m2\repository\org\jetbrains\kotlin\kotlin-stdlib-common\1.8.10\kotlin-stdlib-common-1.8.10.jar;C:\Users\User-PC\.m2\repository\org\jetbrains\annotations\13.0\annotations-13.0.jar;C:\Users\User-PC\.m2\repository\org\junit\platform\junit-platform-launcher\1.8.2\junit-platform-launcher-1.8.2.jar;C:\Users\User-PC\.m2\repository\org\junit\platform\junit-platform-engine\1.8.2\junit-platform-engine-1.8.2.jar;C:\Users\User-PC\.m2\repository\org\opentest4j\opentest4j\1.2.0\opentest4j-1.2.0.jar;C:\Users\User-PC\.m2\repository\org\junit\platform\junit-platform-commons\1.8.2\junit-platform-commons-1.8.2.jar;C:\Users\User-PC\.m2\repository\org\apiguardian\apiguardian-api\1.1.2\apiguardian-api-1.1.2.jar;C:\Users\User-PC\.m2\repository\org\junit\jupiter\junit-jupiter-engine\5.8.2\junit-jupiter-engine-5.8.2.jar;C:\Users\User-PC\.m2\repository\org\junit\jupiter\junit-jupiter-api\5.8.2\junit-jupiter-api-5.8.2.jar;C:\Users\User-PC\.m2\repository\org\junit\vintage\junit-vintage-engine\5.8.2\junit-vintage-engine-5.8.2.jar;C:\Users\User-PC\.m2\repository\junit\junit\4.13.2\junit-4.13.2.jar;C:\Users\User-PC\.m2\repository\org\hamcrest\hamcrest-core\1.3\hamcrest-core-1.3.jar;C:\Users\User-PC\.m2\repository\ch\qos\logback\logback-classic\1.2.10\logback-classic-1.2.10.jar;C:\Users\User-PC\.m2\repository\ch\qos\logback\logback-core\1.2.10\logback-core-1.2.10.jar;C:\Users\User-PC\.m2\repository\org\slf4j\slf4j-api\1.7.32\slf4j-api-1.7.32.jar;C:\Users\User-PC\.m2\repository\org\assertj\assertj-core\3.23.1\assertj-core-3.23.1.jar;C:\Users\User-PC\.m2\repository\net\bytebuddy\byte-buddy\1.12.10\byte-buddy-1.12.10.jar;C:\Users\User-PC\.m2\repository\org\apache\maven\surefire\surefire-junit-platform\3.0.0-M5\surefire-junit-platform-3.0.0-M5.jar;C:\Users\User-PC\.m2\repository\org\apache\maven\surefire\common-java5\3.0.0-M5\common-java5-3.0.0-M5.jar"/>
    <property name="user.script" value=""/>
    <property name="java.protocol.handler.pkgs" value="com.google.common"/>
    <property name="sun.management.compiler" value="HotSpot 64-Bit Tiered Compilers"/>
    <property name="java.runtime.version" value="17.0.6+10-LTS"/>
    <property name="user.name" value="User-PC"/>
    <property name="path.separator" value=";"/>
    <property name="os.version" value="10.0"/>
    <property name="java.runtime.name" value="OpenJDK Runtime Environment"/>
    <property name="file.encoding" value="Cp1252"/>
    <property name="webdriver.base.url" value=""/>
    <property name="java.vm.name" value="OpenJDK 64-Bit Server VM"/>
    <property name="localRepository" value="C:\Users\User-PC\.m2\repository"/>
    <property name="java.vendor.url.bug" value="https://bell-sw.com/support"/>
    <property name="java.io.tmpdir" value="C:\Users\User-PC\AppData\Local\Temp\"/>
    <property name="java.version" value="17.0.6"/>
    <property name="user.dir" value="D:\alta\Capstone\WEB\CapstoneWEB"/>
    <property name="os.arch" value="amd64"/>
    <property name="java.vm.specification.name" value="Java Virtual Machine Specification"/>
    <property name="sun.os.patch.level" value=""/>
    <property name="native.encoding" value="Cp1252"/>
    <property name="java.library.path" value="C:\Program Files\BellSoft\LibericaJDK-17\bin;C:\WINDOWS\Sun\Java\bin;C:\WINDOWS\system32;C:\WINDOWS;C:\Program Files\BellSoft\LibericaJDK-17\bin\;C:\Windows\system32;C:\Windows;C:\Windows\System32\Wbem;C:\Windows\System32\WindowsPowerShell\v1.0\;C:\Windows\System32\OpenSSH\;C:\Program Files (x86)\NVIDIA Corporation\PhysX\Common;C:\Program Files\NVIDIA Corporation\NVIDIA NvDLISR;C:\Program Files\Microsoft SQL Server\120\Tools\Binn\;C:\WINDOWS\system32;C:\WINDOWS;C:\WINDOWS\System32\Wbem;C:\WINDOWS\System32\WindowsPowerShell\v1.0\;C:\WINDOWS\System32\OpenSSH\;C:\Program Files\Git\cmd;C:\Program Files\nodejs\;C:\Program Files\apache-maven-3.9.1\bin;C:\Users\User-PC\AppData\Local\Microsoft\WindowsApps;C:\Users\User-PC\AppData\Local\GitHubDesktop\bin;C:\Users\User-PC\AppData\Local\Programs\Microsoft VS Code\bin;C:\Users\User-PC\AppData\Roaming\npm;."/>
    <property name="java.vm.info" value="mixed mode"/>
    <property name="java.vendor" value="BellSoft"/>
    <property name="java.vm.version" value="17.0.6+10-LTS"/>
    <property name="sun.io.unicode.encoding" value="UnicodeLittle"/>
    <property name="java.class.version" value="61.0"/>
  </properties>
  <testcase name="user input with valid Username and password" classname="Login" time="23.598">
    <system-out><![CDATA[21:55:07.712 [main] DEBUG net.thucydides.core.guice.Injectors - Created injector for module net.thucydides.core.guice.ThucydidesModule
21:55:07.965 [main] DEBUG io.cucumber.core.plugin.SerenityReporter - Running feature from file:///D:/alta/Capstone/WEB/CapstoneWEB/src/test/resources/features/login.feature
21:55:08.125 [main] DEBUG net.thucydides.core.guice.Injectors - Created injector for module net.thucydides.core.guice.webdriver.WebDriverModule
21:55:08.136 [main] INFO  - 

-------------------------------------------------------------------------------------
     _______. _______ .______       _______ .__   __.  __  .___________.____    ____ 
    /       ||   ____||   _  \     |   ____||  \ |  | |  | |           |\   \  /   / 
   |   (----`|  |__   |  |_)  |    |  |__   |   \|  | |  | `---|  |----` \   \/   /  
    \   \    |   __|  |      /     |   __|  |  . `  | |  |     |  |       \_    _/   
.----)   |   |  |____ |  |\  \----.|  |____ |  |\   | |  |     |  |         |  |     
|_______/    |_______|| _| `._____||_______||__| \__| |__|     |__|         |__|    
                                                                                     
 News and tutorials at http://www.serenity-bdd.info                                  
 Documentation at https://wakaleo.gitbooks.io/the-serenity-book/content/             
 Join the Serenity Community on Gitter: https://gitter.im/serenity-bdd/serenity-core 
 Serenity BDD Support and Training at http://serenity-bdd.info/#/trainingandsupport  
-------------------------------------------------------------------------------------

21:55:08.139 [main] DEBUG net.thucydides.core.steps.StepEventBus - Test suite started for story net.thucydides.core.model.Story@f388ff28
21:55:08.144 [main] INFO  - Test Suite Started: Login
21:55:08.162 [main] DEBUG io.cucumber.core.plugin.SerenityReporter - Running feature from file:///D:/alta/Capstone/WEB/CapstoneWEB/src/test/resources/features/login.feature
21:55:08.165 [main] DEBUG net.thucydides.core.steps.StepEventBus - Test suite started for story net.thucydides.core.model.Story@f388ff28
21:55:08.166 [main] INFO  - Test Suite Started: Login

@login
Scenario: user input with valid Username and password &amp#27;[90m# src/test/resources/features/login.feature:7&amp#27;[0m
21:55:08.265 [main] DEBUG io.cucumber.core.plugin.SerenityReporter - Running feature from file:///D:/alta/Capstone/WEB/CapstoneWEB/src/test/resources/features/login.feature
21:55:08.391 [main] INFO  - 
  _____   ___   ___   _____     ___   _____     _     ___   _____   ___   ___  
 |_   _| | __| / __| |_   _|   / __| |_   _|   /_\   | _ \ |_   _| | __| |   \ 
   | |   | _|  \__ \   | |     \__ \   | |    / _ \  |   /   | |   | _|  | |) |
   |_|   |___| |___/   |_|     |___/   |_|   /_/ \_\ |_|_\   |_|   |___| |___/ 

user input with valid Username and password(login;user-input-with-valid-username-and-password)
--------------------------------------------------------------------------------
21:55:08.464 [main] DEBUG net.thucydides.core.requirements.model.cucumber.CucumberParser - Loading feature D:\alta\Capstone\WEB\CapstoneWEB\src\test\resources\features\login.feature
21:55:09.237 [main] INFO net.serenitybdd.core.webdriver.driverproviders.ChromeDriverProvider - Starting Chrome driver instance with capabilities:
21:55:09.245 [main] INFO net.serenitybdd.core.webdriver.driverproviders.ChromeDriverProvider - Capabilities {acceptInsecureCerts: false, browserName: chrome, goog:chromeOptions: {args: [remote-allow-origins=*], extensions: []}}
21:55:10.369 [main] DEBUG io.netty.util.internal.logging.InternalLoggerFactory - Using SLF4J as the default logging framework
21:55:10.373 [main] DEBUG io.netty.util.ResourceLeakDetector - -Dio.netty.leakDetection.level: simple
21:55:10.373 [main] DEBUG io.netty.util.ResourceLeakDetector - -Dio.netty.leakDetection.targetRecords: 4
21:55:10.378 [main] DEBUG io.netty.util.ResourceLeakDetectorFactory - Loaded default ResourceLeakDetector: io.netty.util.ResourceLeakDetector@5cfed0ba
21:55:10.396 [main] DEBUG io.netty.util.internal.PlatformDependent0 - -Dio.netty.noUnsafe: false
21:55:10.396 [main] DEBUG io.netty.util.internal.PlatformDependent0 - Java version: 17
21:55:10.397 [main] DEBUG io.netty.util.internal.PlatformDependent0 - sun.misc.Unsafe.theUnsafe: available
21:55:10.398 [main] DEBUG io.netty.util.internal.PlatformDependent0 - sun.misc.Unsafe.copyMemory: available
21:55:10.398 [main] DEBUG io.netty.util.internal.PlatformDependent0 - sun.misc.Unsafe.storeFence: available
21:55:10.398 [main] DEBUG io.netty.util.internal.PlatformDependent0 - java.nio.Buffer.address: available
21:55:10.399 [main] DEBUG io.netty.util.internal.PlatformDependent0 - direct buffer constructor: unavailable: Reflective setAccessible(true) disabled
21:55:10.399 [main] DEBUG io.netty.util.internal.PlatformDependent0 - java.nio.Bits.unaligned: available, true
21:55:10.400 [main] DEBUG io.netty.util.internal.PlatformDependent0 - jdk.internal.misc.Unsafe.allocateUninitializedArray(int): unavailable: class io.netty.util.internal.PlatformDependent0$7 cannot access class jdk.internal.misc.Unsafe (in module java.base) because module java.base does not export jdk.internal.misc to unnamed module @272ed83b
21:55:10.402 [main] DEBUG io.netty.util.internal.PlatformDependent0 - java.nio.DirectByteBuffer.<init>(long, int): unavailable
21:55:10.402 [main] DEBUG io.netty.util.internal.PlatformDependent - sun.misc.Unsafe: available
21:55:10.404 [main] DEBUG io.netty.util.internal.PlatformDependent - maxDirectMemory: 2067791872 bytes (maybe)
21:55:10.404 [main] DEBUG io.netty.util.internal.PlatformDependent - -Dio.netty.tmpdir: C:\Users\User-PC\AppData\Local\Temp (java.io.tmpdir)
21:55:10.404 [main] DEBUG io.netty.util.internal.PlatformDependent - -Dio.netty.bitMode: 64 (sun.arch.data.model)
21:55:10.404 [main] DEBUG io.netty.util.internal.PlatformDependent - Platform: Windows
21:55:10.405 [main] DEBUG io.netty.util.internal.PlatformDependent - -Dio.netty.maxDirectMemory: -1 bytes
21:55:10.405 [main] DEBUG io.netty.util.internal.PlatformDependent - -Dio.netty.uninitializedArrayAllocationThreshold: -1
21:55:10.406 [main] DEBUG io.netty.util.internal.CleanerJava9 - java.nio.ByteBuffer.cleaner(): available
21:55:10.406 [main] DEBUG io.netty.util.internal.PlatformDependent - -Dio.netty.noPreferDirect: false
21:55:10.413 [main] DEBUG io.netty.util.internal.PlatformDependent - org.jctools-core.MpscChunkedArrayQueue: available
21:55:10.433 [main] DEBUG io.netty.util.internal.InternalThreadLocalMap - -Dio.netty.threadLocalMap.stringBuilder.initialSize: 1024
21:55:10.433 [main] DEBUG io.netty.util.internal.InternalThreadLocalMap - -Dio.netty.threadLocalMap.stringBuilder.maxSize: 4096
21:55:10.621 [main] DEBUG io.netty.handler.ssl.JdkSslContext - Default protocols (JDK): [TLSv1.3, TLSv1.2] 
21:55:10.621 [main] DEBUG io.netty.handler.ssl.JdkSslContext - Default cipher suites (JDK): [TLS_ECDHE_ECDSA_WITH_AES_256_GCM_SHA384, TLS_ECDHE_ECDSA_WITH_AES_128_GCM_SHA256, TLS_ECDHE_RSA_WITH_AES_128_GCM_SHA256, TLS_ECDHE_RSA_WITH_AES_256_GCM_SHA384, TLS_ECDHE_RSA_WITH_AES_128_CBC_SHA, TLS_ECDHE_RSA_WITH_AES_256_CBC_SHA, TLS_RSA_WITH_AES_128_GCM_SHA256, TLS_RSA_WITH_AES_128_CBC_SHA, TLS_RSA_WITH_AES_256_CBC_SHA, TLS_AES_128_GCM_SHA256, TLS_AES_256_GCM_SHA384]
21:55:10.644 [main] DEBUG io.netty.channel.MultithreadEventLoopGroup - -Dio.netty.eventLoopThreads: 16
21:55:10.655 [main] DEBUG io.netty.channel.nio.NioEventLoop - -Dio.netty.noKeySetOptimization: false
21:55:10.655 [main] DEBUG io.netty.channel.nio.NioEventLoop - -Dio.netty.selectorAutoRebuildThreshold: 512
21:55:10.711 [main] DEBUG io.netty.buffer.PooledByteBufAllocator - -Dio.netty.allocator.numHeapArenas: 16
21:55:10.711 [main] DEBUG io.netty.buffer.PooledByteBufAllocator - -Dio.netty.allocator.numDirectArenas: 16
21:55:10.711 [main] DEBUG io.netty.buffer.PooledByteBufAllocator - -Dio.netty.allocator.pageSize: 8192
21:55:10.711 [main] DEBUG io.netty.buffer.PooledByteBufAllocator - -Dio.netty.allocator.maxOrder: 9
21:55:10.711 [main] DEBUG io.netty.buffer.PooledByteBufAllocator - -Dio.netty.allocator.chunkSize: 4194304
21:55:10.711 [main] DEBUG io.netty.buffer.PooledByteBufAllocator - -Dio.netty.allocator.smallCacheSize: 256
21:55:10.711 [main] DEBUG io.netty.buffer.PooledByteBufAllocator - -Dio.netty.allocator.normalCacheSize: 64
21:55:10.711 [main] DEBUG io.netty.buffer.PooledByteBufAllocator - -Dio.netty.allocator.maxCachedBufferCapacity: 32768
21:55:10.711 [main] DEBUG io.netty.buffer.PooledByteBufAllocator - -Dio.netty.allocator.cacheTrimInterval: 8192
21:55:10.711 [main] DEBUG io.netty.buffer.PooledByteBufAllocator - -Dio.netty.allocator.cacheTrimIntervalMillis: 0
21:55:10.711 [main] DEBUG io.netty.buffer.PooledByteBufAllocator - -Dio.netty.allocator.useCacheForAllThreads: false
21:55:10.711 [main] DEBUG io.netty.buffer.PooledByteBufAllocator - -Dio.netty.allocator.maxCachedByteBuffersPerChunk: 1023
21:55:10.718 [main] DEBUG io.netty.buffer.ByteBufUtil - -Dio.netty.allocator.type: pooled
21:55:10.718 [main] DEBUG io.netty.buffer.ByteBufUtil - -Dio.netty.threadLocalDirectBufferSize: 0
21:55:10.719 [main] DEBUG io.netty.buffer.ByteBufUtil - -Dio.netty.maxThreadLocalCharBufferSize: 16384
21:55:10.981 [Forwarding newSession on session null to remote] DEBUG io.netty.channel.DefaultChannelId - -Dio.netty.processId: 22344 (auto-detected)
21:55:10.983 [Forwarding newSession on session null to remote] DEBUG io.netty.util.NetUtil - -Djava.net.preferIPv4Stack: false
21:55:10.983 [Forwarding newSession on session null to remote] DEBUG io.netty.util.NetUtil - -Djava.net.preferIPv6Addresses: false
21:55:10.989 [Forwarding newSession on session null to remote] DEBUG io.netty.util.NetUtilInitializations - Loopback interface: lo (Software Loopback Interface 1, 127.0.0.1)
21:55:10.990 [Forwarding newSession on session null to remote] DEBUG io.netty.util.NetUtil - Failed to get SOMAXCONN from sysctl and file \proc\sys\net\core\somaxconn. Default: 200
21:55:10.998 [Forwarding newSession on session null to remote] DEBUG io.netty.channel.DefaultChannelId - -Dio.netty.machineId: 28:11:a8:ff:fe:eb:e6:5f (auto-detected)
21:55:11.038 [AsyncHttpClient-1-2] DEBUG io.netty.buffer.AbstractByteBuf - -Dio.netty.buffer.checkAccessible: true
21:55:11.038 [AsyncHttpClient-1-2] DEBUG io.netty.buffer.AbstractByteBuf - -Dio.netty.buffer.checkBounds: true
21:55:11.038 [AsyncHttpClient-1-2] DEBUG io.netty.util.ResourceLeakDetectorFactory - Loaded default ResourceLeakDetector: io.netty.util.ResourceLeakDetector@2d1a7054
21:55:11.047 [AsyncHttpClient-1-2] DEBUG org.asynchttpclient.netty.channel.NettyConnectListener - Using new Channel '[id: 0xc46d18cb, L:/127.0.0.1:53802 - R:localhost/127.0.0.1:46455]' for 'POST' to '/session'
21:55:11.065 [AsyncHttpClient-1-2] DEBUG io.netty.util.Recycler - -Dio.netty.recycler.maxCapacityPerThread: 4096
21:55:11.066 [AsyncHttpClient-1-2] DEBUG io.netty.util.Recycler - -Dio.netty.recycler.ratio: 8
21:55:11.066 [AsyncHttpClient-1-2] DEBUG io.netty.util.Recycler - -Dio.netty.recycler.chunkSize: 32
21:55:11.066 [AsyncHttpClient-1-2] DEBUG io.netty.util.Recycler - -Dio.netty.recycler.blocking: false
21:55:13.004 [AsyncHttpClient-1-2] DEBUG io.netty.handler.codec.compression.Brotli - brotli4j not in the classpath; Brotli support will be unavailable.
21:55:13.005 [AsyncHttpClient-1-2] DEBUG org.asynchttpclient.netty.handler.HttpHandler - 

Request DefaultHttpRequest(decodeResult: success, version: HTTP/1.1)
POST /session HTTP/1.1
User-Agent: selenium/4.8.1 (java windows)
Content-Length: 507
Content-Type: application/json; charset=utf-8
host: localhost:46455
accept: */*

Response DefaultHttpResponse(decodeResult: success, version: HTTP/1.1)
HTTP/1.1 200 OK
Content-Length: 862
Content-Type: application/json; charset=utf-8
cache-control: no-cache

21:55:13.014 [AsyncHttpClient-1-2] DEBUG org.asynchttpclient.netty.channel.ChannelManager - Adding key: http://localhost:46455 for channel [id: 0xc46d18cb, L:/127.0.0.1:53802 - R:localhost/127.0.0.1:46455]
21:55:13.218 [AsyncHttpClient-1-3] DEBUG org.asynchttpclient.netty.channel.NettyConnectListener - Using new Channel '[id: 0xbab27144, L:/127.0.0.1:53810 - R:localhost/127.0.0.1:53803]' for 'GET' to '/json/version'
21:55:13.238 [AsyncHttpClient-1-3] DEBUG org.asynchttpclient.netty.handler.HttpHandler - 

Request DefaultFullHttpRequest(decodeResult: success, version: HTTP/1.1, content: EmptyByteBufBE)
GET /json/version HTTP/1.1
User-Agent: selenium/4.8.1 (java windows)
host: localhost:53803
accept: */*

Response DefaultHttpResponse(decodeResult: success, version: HTTP/1.1)
HTTP/1.1 200 OK
Content-Security-Policy: frame-ancestors 'none'
Content-Length: 424
Content-Type: application/json; charset=UTF-8

21:55:13.239 [AsyncHttpClient-1-3] DEBUG org.asynchttpclient.netty.channel.ChannelManager - Adding key: http://localhost:53803 for channel [id: 0xbab27144, L:/127.0.0.1:53810 - R:localhost/127.0.0.1:53803]
21:55:13.258 [main] DEBUG io.netty.util.internal.ThreadLocalRandom - -Dio.netty.initialSeedUniquifier: 0x51ab22bdb4e52feb
21:55:13.268 [AsyncHttpClient-1-4] DEBUG org.asynchttpclient.netty.channel.NettyConnectListener - Using new Channel '[id: 0x6913bfce, L:/127.0.0.1:53811 - R:localhost/127.0.0.1:53803]' for 'GET' to '/devtools/browser/c8219ecd-8d25-4748-a30f-77668d7f3753'
21:55:13.287 [AsyncHttpClient-1-4] DEBUG org.asynchttpclient.netty.handler.WebSocketHandler - 

Request DefaultFullHttpRequest(decodeResult: success, version: HTTP/1.1, content: EmptyByteBufBE)
GET /devtools/browser/c8219ecd-8d25-4748-a30f-77668d7f3753 HTTP/1.1
upgrade: websocket
connection: upgrade
sec-websocket-key: dXLyt0BOhqyzVYs39GB/rw==
sec-websocket-version: 13
origin: http://localhost:53803
host: localhost:53803
accept: */*
user-agent: AHC/2.1

Response DefaultHttpResponse(decodeResult: success, version: HTTP/1.1)
HTTP/1.1 101 WebSocket Protocol Handshake
Upgrade: WebSocket
Connection: Upgrade
Sec-WebSocket-Accept: SKyh6ogUqUm8aEqDjB9AY7gB4co=

21:55:13.525 [Forwarding get on session e744708c031fc39770e197d63d032555 to remote] DEBUG org.asynchttpclient.netty.request.NettyRequestSender - Using pooled Channel '[id: 0xc46d18cb, L:/127.0.0.1:53802 - R:localhost/127.0.0.1:46455]' for 'POST' to 'http://localhost:46455/session/e744708c031fc39770e197d63d032555/url'
21:55:13.526 [Forwarding get on session e744708c031fc39770e197d63d032555 to remote] DEBUG org.asynchttpclient.netty.request.NettyRequestSender - Using open Channel [id: 0xc46d18cb, L:/127.0.0.1:53802 - R:localhost/127.0.0.1:46455] for POST '/session/e744708c031fc39770e197d63d032555/url'
21:55:13.921 [AsyncHttpClient-1-1] DEBUG org.asynchttpclient.netty.channel.DefaultChannelPool - Entry count for : http://localhost:53803 : 1
21:55:15.025 [AsyncHttpClient-1-1] DEBUG org.asynchttpclient.netty.channel.DefaultChannelPool - Entry count for : http://localhost:53803 : 1
21:55:16.123 [AsyncHttpClient-1-1] DEBUG org.asynchttpclient.netty.channel.DefaultChannelPool - Entry count for : http://localhost:53803 : 1
21:55:17.219 [AsyncHttpClient-1-1] DEBUG org.asynchttpclient.netty.channel.DefaultChannelPool - Entry count for : http://localhost:53803 : 1
21:55:18.317 [AsyncHttpClient-1-1] DEBUG org.asynchttpclient.netty.channel.DefaultChannelPool - Entry count for : http://localhost:53803 : 1
21:55:19.418 [AsyncHttpClient-1-1] DEBUG org.asynchttpclient.netty.channel.DefaultChannelPool - Entry count for : http://localhost:53803 : 1
21:55:20.520 [AsyncHttpClient-1-1] DEBUG org.asynchttpclient.netty.channel.DefaultChannelPool - Entry count for : http://localhost:53803 : 1
21:55:21.621 [AsyncHttpClient-1-1] DEBUG org.asynchttpclient.netty.channel.DefaultChannelPool - Entry count for : http://localhost:53803 : 1
21:55:22.721 [AsyncHttpClient-1-1] DEBUG org.asynchttpclient.netty.channel.DefaultChannelPool - Entry count for : http://localhost:53803 : 1
21:55:23.819 [AsyncHttpClient-1-1] DEBUG org.asynchttpclient.netty.channel.DefaultChannelPool - Entry count for : http://localhost:53803 : 1
21:55:24.920 [AsyncHttpClient-1-1] DEBUG org.asynchttpclient.netty.channel.DefaultChannelPool - Entry count for : http://localhost:53803 : 1
21:55:25.679 [AsyncHttpClient-1-2] DEBUG org.asynchttpclient.netty.handler.HttpHandler - 

Request DefaultHttpRequest(decodeResult: success, version: HTTP/1.1)
POST /session/e744708c031fc39770e197d63d032555/url HTTP/1.1
User-Agent: selenium/4.8.1 (java windows)
Content-Length: 65
Content-Type: application/json; charset=utf-8
host: localhost:46455
accept: */*

Response DefaultHttpResponse(decodeResult: success, version: HTTP/1.1)
HTTP/1.1 200 OK
Content-Length: 14
Content-Type: application/json; charset=utf-8
cache-control: no-cache

21:55:25.680 [AsyncHttpClient-1-2] DEBUG org.asynchttpclient.netty.channel.ChannelManager - Adding key: http://localhost:46455 for channel [id: 0xc46d18cb, L:/127.0.0.1:53802 - R:localhost/127.0.0.1:46455]
21:55:25.697 [Forwarding setTimeout on session e744708c031fc39770e197d63d032555 to remote] DEBUG org.asynchttpclient.netty.request.NettyRequestSender - Using pooled Channel '[id: 0xc46d18cb, L:/127.0.0.1:53802 - R:localhost/127.0.0.1:46455]' for 'POST' to 'http://localhost:46455/session/e744708c031fc39770e197d63d032555/timeouts'
21:55:25.698 [Forwarding setTimeout on session e744708c031fc39770e197d63d032555 to remote] DEBUG org.asynchttpclient.netty.request.NettyRequestSender - Using open Channel [id: 0xc46d18cb, L:/127.0.0.1:53802 - R:localhost/127.0.0.1:46455] for POST '/session/e744708c031fc39770e197d63d032555/timeouts'
21:55:25.706 [AsyncHttpClient-1-2] DEBUG org.asynchttpclient.netty.handler.HttpHandler - 

Request DefaultHttpRequest(decodeResult: success, version: HTTP/1.1)
POST /session/e744708c031fc39770e197d63d032555/timeouts HTTP/1.1
User-Agent: selenium/4.8.1 (java windows)
Content-Length: 22
Content-Type: application/json; charset=utf-8
host: localhost:46455
accept: */*

Response DefaultHttpResponse(decodeResult: success, version: HTTP/1.1)
HTTP/1.1 200 OK
Content-Length: 14
Content-Type: application/json; charset=utf-8
cache-control: no-cache

21:55:25.707 [AsyncHttpClient-1-2] DEBUG org.asynchttpclient.netty.channel.ChannelManager - Adding key: http://localhost:46455 for channel [id: 0xc46d18cb, L:/127.0.0.1:53802 - R:localhost/127.0.0.1:46455]
21:55:25.768 [main] DEBUG net.serenitybdd.core.photography.Darkroom - Opening darkroom
21:55:25.769 [Darkroom Processing Line] DEBUG net.serenitybdd.core.photography.DarkroomProcessingLine - Darkroom processing line starting up
21:55:25.788 [Forwarding getAlertText on session e744708c031fc39770e197d63d032555 to remote] DEBUG org.asynchttpclient.netty.request.NettyRequestSender - Using pooled Channel '[id: 0xc46d18cb, L:/127.0.0.1:53802 - R:localhost/127.0.0.1:46455]' for 'GET' to 'http://localhost:46455/session/e744708c031fc39770e197d63d032555/alert/text'
21:55:25.788 [Forwarding getAlertText on session e744708c031fc39770e197d63d032555 to remote] DEBUG org.asynchttpclient.netty.request.NettyRequestSender - Using open Channel [id: 0xc46d18cb, L:/127.0.0.1:53802 - R:localhost/127.0.0.1:46455] for GET '/session/e744708c031fc39770e197d63d032555/alert/text'
21:55:25.791 [AsyncHttpClient-1-2] DEBUG org.asynchttpclient.netty.handler.HttpHandler - 

Request DefaultFullHttpRequest(decodeResult: success, version: HTTP/1.1, content: EmptyByteBufBE)
GET /session/e744708c031fc39770e197d63d032555/alert/text HTTP/1.1
User-Agent: selenium/4.8.1 (java windows)
Cache-Control: no-cache
Content-Type: application/json; charset=utf-8
host: localhost:46455
accept: */*

Response DefaultHttpResponse(decodeResult: success, version: HTTP/1.1)
HTTP/1.1 404 Not Found
Content-Length: 821
Content-Type: application/json; charset=utf-8
cache-control: no-cache

21:55:25.791 [AsyncHttpClient-1-2] DEBUG org.asynchttpclient.netty.channel.ChannelManager - Adding key: http://localhost:46455 for channel [id: 0xc46d18cb, L:/127.0.0.1:53802 - R:localhost/127.0.0.1:46455]
21:55:25.801 [Forwarding getCurrentUrl on session e744708c031fc39770e197d63d032555 to remote] DEBUG org.asynchttpclient.netty.request.NettyRequestSender - Using pooled Channel '[id: 0xc46d18cb, L:/127.0.0.1:53802 - R:localhost/127.0.0.1:46455]' for 'GET' to 'http://localhost:46455/session/e744708c031fc39770e197d63d032555/url'
21:55:25.802 [Forwarding getCurrentUrl on session e744708c031fc39770e197d63d032555 to remote] DEBUG org.asynchttpclient.netty.request.NettyRequestSender - Using open Channel [id: 0xc46d18cb, L:/127.0.0.1:53802 - R:localhost/127.0.0.1:46455] for GET '/session/e744708c031fc39770e197d63d032555/url'
21:55:25.811 [AsyncHttpClient-1-2] DEBUG org.asynchttpclient.netty.handler.HttpHandler - 

Request DefaultFullHttpRequest(decodeResult: success, version: HTTP/1.1, content: EmptyByteBufBE)
GET /session/e744708c031fc39770e197d63d032555/url HTTP/1.1
User-Agent: selenium/4.8.1 (java windows)
Cache-Control: no-cache
Content-Type: application/json; charset=utf-8
host: localhost:46455
accept: */*

Response DefaultHttpResponse(decodeResult: success, version: HTTP/1.1)
HTTP/1.1 200 OK
Content-Length: 47
Content-Type: application/json; charset=utf-8
cache-control: no-cache

21:55:25.812 [AsyncHttpClient-1-2] DEBUG org.asynchttpclient.netty.channel.ChannelManager - Adding key: http://localhost:46455 for channel [id: 0xc46d18cb, L:/127.0.0.1:53802 - R:localhost/127.0.0.1:46455]
21:55:25.816 [Forwarding screenshot on session e744708c031fc39770e197d63d032555 to remote] DEBUG org.asynchttpclient.netty.request.NettyRequestSender - Using pooled Channel '[id: 0xc46d18cb, L:/127.0.0.1:53802 - R:localhost/127.0.0.1:46455]' for 'GET' to 'http://localhost:46455/session/e744708c031fc39770e197d63d032555/screenshot'
21:55:25.816 [Forwarding screenshot on session e744708c031fc39770e197d63d032555 to remote] DEBUG org.asynchttpclient.netty.request.NettyRequestSender - Using open Channel [id: 0xc46d18cb, L:/127.0.0.1:53802 - R:localhost/127.0.0.1:46455] for GET '/session/e744708c031fc39770e197d63d032555/screenshot'
21:55:26.001 [AsyncHttpClient-1-2] DEBUG org.asynchttpclient.netty.handler.HttpHandler - 

Request DefaultFullHttpRequest(decodeResult: success, version: HTTP/1.1, content: EmptyByteBufBE)
GET /session/e744708c031fc39770e197d63d032555/screenshot HTTP/1.1
User-Agent: selenium/4.8.1 (java windows)
Cache-Control: no-cache
Content-Type: application/json; charset=utf-8
host: localhost:46455
accept: */*

Response DefaultHttpResponse(decodeResult: success, version: HTTP/1.1)
HTTP/1.1 200 OK
Content-Length: 39008
Content-Type: application/json; charset=utf-8
cache-control: no-cache

21:55:26.001 [AsyncHttpClient-1-2] DEBUG org.asynchttpclient.netty.channel.ChannelManager - Adding key: http://localhost:46455 for channel [id: 0xc46d18cb, L:/127.0.0.1:53802 - R:localhost/127.0.0.1:46455]
21:55:26.021 [AsyncHttpClient-1-1] DEBUG org.asynchttpclient.netty.channel.DefaultChannelPool - Entry count for : http://localhost:53803 : 1
21:55:26.021 [AsyncHttpClient-1-1] DEBUG org.asynchttpclient.netty.channel.DefaultChannelPool - Entry count for : http://localhost:46455 : 1
21:55:26.070 [main] DEBUG net.serenitybdd.core.photography.Darkroom - Send negative for processing for target\site\serenity\7eea101b2595eac2e12e16c6c3a7f2d8107d3db9c8ca172944cc4151e9d43e2b.png
21:55:26.070 [Darkroom Processing Line] DEBUG net.serenitybdd.core.photography.DarkroomProcessingLine - Processing screenshot image in /var/screenshots/screenshot-3939059278809639113
21:55:26.070 [Darkroom Processing Line] DEBUG net.serenitybdd.core.photography.DarkroomProcessingLine - Saving screenshot to target\site\serenity\7eea101b2595eac2e12e16c6c3a7f2d8107d3db9c8ca172944cc4151e9d43e2b.png
21:55:26.073 [Forwarding getPageSource on session e744708c031fc39770e197d63d032555 to remote] DEBUG org.asynchttpclient.netty.request.NettyRequestSender - Using pooled Channel '[id: 0xc46d18cb, L:/127.0.0.1:53802 - R:localhost/127.0.0.1:46455]' for 'POST' to 'http://localhost:46455/session/e744708c031fc39770e197d63d032555/execute/sync'
21:55:26.073 [Forwarding getPageSource on session e744708c031fc39770e197d63d032555 to remote] DEBUG org.asynchttpclient.netty.request.NettyRequestSender - Using open Channel [id: 0xc46d18cb, L:/127.0.0.1:53802 - R:localhost/127.0.0.1:46455] for POST '/session/e744708c031fc39770e197d63d032555/execute/sync'
21:55:26.112 [AsyncHttpClient-1-2] DEBUG org.asynchttpclient.netty.handler.HttpHandler - 

Request DefaultHttpRequest(decodeResult: success, version: HTTP/1.1)
POST /session/e744708c031fc39770e197d63d032555/execute/sync HTTP/1.1
User-Agent: selenium/4.8.1 (java windows)
Content-Length: 176
Content-Type: application/json; charset=utf-8
host: localhost:46455
accept: */*

Response DefaultHttpResponse(decodeResult: success, version: HTTP/1.1)
HTTP/1.1 200 OK
Content-Length: 166638
Content-Type: application/json; charset=utf-8
cache-control: no-cache

21:55:26.115 [AsyncHttpClient-1-2] DEBUG org.asynchttpclient.netty.channel.ChannelManager - Adding key: http://localhost:46455 for channel [id: 0xc46d18cb, L:/127.0.0.1:53802 - R:localhost/127.0.0.1:46455]
21:55:26.221 [Forwarding getCurrentUrl on session e744708c031fc39770e197d63d032555 to remote] DEBUG org.asynchttpclient.netty.request.NettyRequestSender - Using pooled Channel '[id: 0xc46d18cb, L:/127.0.0.1:53802 - R:localhost/127.0.0.1:46455]' for 'GET' to 'http://localhost:46455/session/e744708c031fc39770e197d63d032555/url'
21:55:26.221 [Forwarding getCurrentUrl on session e744708c031fc39770e197d63d032555 to remote] DEBUG org.asynchttpclient.netty.request.NettyRequestSender - Using open Channel [id: 0xc46d18cb, L:/127.0.0.1:53802 - R:localhost/127.0.0.1:46455] for GET '/session/e744708c031fc39770e197d63d032555/url'
21:55:26.225 [AsyncHttpClient-1-2] DEBUG org.asynchttpclient.netty.handler.HttpHandler - 

Request DefaultFullHttpRequest(decodeResult: success, version: HTTP/1.1, content: EmptyByteBufBE)
GET /session/e744708c031fc39770e197d63d032555/url HTTP/1.1
User-Agent: selenium/4.8.1 (java windows)
Cache-Control: no-cache
Content-Type: application/json; charset=utf-8
host: localhost:46455
accept: */*

Response DefaultHttpResponse(decodeResult: success, version: HTTP/1.1)
HTTP/1.1 200 OK
Content-Length: 47
Content-Type: application/json; charset=utf-8
cache-control: no-cache

21:55:26.225 [AsyncHttpClient-1-2] DEBUG org.asynchttpclient.netty.channel.ChannelManager - Adding key: http://localhost:46455 for channel [id: 0xc46d18cb, L:/127.0.0.1:53802 - R:localhost/127.0.0.1:46455]
21:55:26.230 [main] DEBUG net.thucydides.core.steps.StepInterceptor - STARTING STEP: LoginSteps.onLoginPage - validateOnLoginPage
21:55:26.240 [Forwarding findElement on session e744708c031fc39770e197d63d032555 to remote] DEBUG org.asynchttpclient.netty.request.NettyRequestSender - Using pooled Channel '[id: 0xc46d18cb, L:/127.0.0.1:53802 - R:localhost/127.0.0.1:46455]' for 'POST' to 'http://localhost:46455/session/e744708c031fc39770e197d63d032555/element'
21:55:26.240 [Forwarding findElement on session e744708c031fc39770e197d63d032555 to remote] DEBUG org.asynchttpclient.netty.request.NettyRequestSender - Using open Channel [id: 0xc46d18cb, L:/127.0.0.1:53802 - R:localhost/127.0.0.1:46455] for POST '/session/e744708c031fc39770e197d63d032555/element'
21:55:26.256 [AsyncHttpClient-1-2] DEBUG org.asynchttpclient.netty.handler.HttpHandler - 

Request DefaultHttpRequest(decodeResult: success, version: HTTP/1.1)
POST /session/e744708c031fc39770e197d63d032555/element HTTP/1.1
User-Agent: selenium/4.8.1 (java windows)
Content-Length: 155
Content-Type: application/json; charset=utf-8
host: localhost:46455
accept: */*

Response DefaultHttpResponse(decodeResult: success, version: HTTP/1.1)
HTTP/1.1 200 OK
Content-Length: 94
Content-Type: application/json; charset=utf-8
cache-control: no-cache

21:55:26.257 [AsyncHttpClient-1-2] DEBUG org.asynchttpclient.netty.channel.ChannelManager - Adding key: http://localhost:46455 for channel [id: 0xc46d18cb, L:/127.0.0.1:53802 - R:localhost/127.0.0.1:46455]
21:55:26.270 [Forwarding isElementDisplayed on session e744708c031fc39770e197d63d032555 to remote] DEBUG org.asynchttpclient.netty.request.NettyRequestSender - Using pooled Channel '[id: 0xc46d18cb, L:/127.0.0.1:53802 - R:localhost/127.0.0.1:46455]' for 'POST' to 'http://localhost:46455/session/e744708c031fc39770e197d63d032555/execute/sync'
21:55:26.270 [Forwarding isElementDisplayed on session e744708c031fc39770e197d63d032555 to remote] DEBUG org.asynchttpclient.netty.request.NettyRequestSender - Using open Channel [id: 0xc46d18cb, L:/127.0.0.1:53802 - R:localhost/127.0.0.1:46455] for POST '/session/e744708c031fc39770e197d63d032555/execute/sync'
21:55:26.305 [AsyncHttpClient-1-2] DEBUG org.asynchttpclient.netty.handler.HttpHandler - 

Request DefaultHttpRequest(decodeResult: success, version: HTTP/1.1)
POST /session/e744708c031fc39770e197d63d032555/execute/sync HTTP/1.1
User-Agent: selenium/4.8.1 (java windows)
Content-Length: 48813
Content-Type: application/json; charset=utf-8
host: localhost:46455
accept: */*

Response DefaultHttpResponse(decodeResult: success, version: HTTP/1.1)
HTTP/1.1 200 OK
Content-Length: 14
Content-Type: application/json; charset=utf-8
cache-control: no-cache

21:55:26.306 [AsyncHttpClient-1-2] DEBUG org.asynchttpclient.netty.channel.ChannelManager - Adding key: http://localhost:46455 for channel [id: 0xc46d18cb, L:/127.0.0.1:53802 - R:localhost/127.0.0.1:46455]
21:55:26.315 [Forwarding getAlertText on session e744708c031fc39770e197d63d032555 to remote] DEBUG org.asynchttpclient.netty.request.NettyRequestSender - Using pooled Channel '[id: 0xc46d18cb, L:/127.0.0.1:53802 - R:localhost/127.0.0.1:46455]' for 'GET' to 'http://localhost:46455/session/e744708c031fc39770e197d63d032555/alert/text'
21:55:26.315 [Forwarding getAlertText on session e744708c031fc39770e197d63d032555 to remote] DEBUG org.asynchttpclient.netty.request.NettyRequestSender - Using open Channel [id: 0xc46d18cb, L:/127.0.0.1:53802 - R:localhost/127.0.0.1:46455] for GET '/session/e744708c031fc39770e197d63d032555/alert/text'
21:55:26.316 [AsyncHttpClient-1-2] DEBUG org.asynchttpclient.netty.handler.HttpHandler - 

Request DefaultFullHttpRequest(decodeResult: success, version: HTTP/1.1, content: EmptyByteBufBE)
GET /session/e744708c031fc39770e197d63d032555/alert/text HTTP/1.1
User-Agent: selenium/4.8.1 (java windows)
Cache-Control: no-cache
Content-Type: application/json; charset=utf-8
host: localhost:46455
accept: */*

Response DefaultHttpResponse(decodeResult: success, version: HTTP/1.1)
HTTP/1.1 404 Not Found
Content-Length: 821
Content-Type: application/json; charset=utf-8
cache-control: no-cache

21:55:26.317 [AsyncHttpClient-1-2] DEBUG org.asynchttpclient.netty.channel.ChannelManager - Adding key: http://localhost:46455 for channel [id: 0xc46d18cb, L:/127.0.0.1:53802 - R:localhost/127.0.0.1:46455]
21:55:26.319 [Forwarding getCurrentUrl on session e744708c031fc39770e197d63d032555 to remote] DEBUG org.asynchttpclient.netty.request.NettyRequestSender - Using pooled Channel '[id: 0xc46d18cb, L:/127.0.0.1:53802 - R:localhost/127.0.0.1:46455]' for 'GET' to 'http://localhost:46455/session/e744708c031fc39770e197d63d032555/url'
21:55:26.320 [Forwarding getCurrentUrl on session e744708c031fc39770e197d63d032555 to remote] DEBUG org.asynchttpclient.netty.request.NettyRequestSender - Using open Channel [id: 0xc46d18cb, L:/127.0.0.1:53802 - R:localhost/127.0.0.1:46455] for GET '/session/e744708c031fc39770e197d63d032555/url'
21:55:26.325 [AsyncHttpClient-1-2] DEBUG org.asynchttpclient.netty.handler.HttpHandler - 

Request DefaultFullHttpRequest(decodeResult: success, version: HTTP/1.1, content: EmptyByteBufBE)
GET /session/e744708c031fc39770e197d63d032555/url HTTP/1.1
User-Agent: selenium/4.8.1 (java windows)
Cache-Control: no-cache
Content-Type: application/json; charset=utf-8
host: localhost:46455
accept: */*

Response DefaultHttpResponse(decodeResult: success, version: HTTP/1.1)
HTTP/1.1 200 OK
Content-Length: 47
Content-Type: application/json; charset=utf-8
cache-control: no-cache

21:55:26.325 [AsyncHttpClient-1-2] DEBUG org.asynchttpclient.netty.channel.ChannelManager - Adding key: http://localhost:46455 for channel [id: 0xc46d18cb, L:/127.0.0.1:53802 - R:localhost/127.0.0.1:46455]
21:55:26.327 [Forwarding screenshot on session e744708c031fc39770e197d63d032555 to remote] DEBUG org.asynchttpclient.netty.request.NettyRequestSender - Using pooled Channel '[id: 0xc46d18cb, L:/127.0.0.1:53802 - R:localhost/127.0.0.1:46455]' for 'GET' to 'http://localhost:46455/session/e744708c031fc39770e197d63d032555/screenshot'
21:55:26.327 [Forwarding screenshot on session e744708c031fc39770e197d63d032555 to remote] DEBUG org.asynchttpclient.netty.request.NettyRequestSender - Using open Channel [id: 0xc46d18cb, L:/127.0.0.1:53802 - R:localhost/127.0.0.1:46455] for GET '/session/e744708c031fc39770e197d63d032555/screenshot'
21:55:26.464 [AsyncHttpClient-1-2] DEBUG org.asynchttpclient.netty.handler.HttpHandler - 

Request DefaultFullHttpRequest(decodeResult: success, version: HTTP/1.1, content: EmptyByteBufBE)
GET /session/e744708c031fc39770e197d63d032555/screenshot HTTP/1.1
User-Agent: selenium/4.8.1 (java windows)
Cache-Control: no-cache
Content-Type: application/json; charset=utf-8
host: localhost:46455
accept: */*

Response DefaultHttpResponse(decodeResult: success, version: HTTP/1.1)
HTTP/1.1 200 OK
Content-Length: 41452
Content-Type: application/json; charset=utf-8
cache-control: no-cache

21:55:26.466 [AsyncHttpClient-1-2] DEBUG org.asynchttpclient.netty.channel.ChannelManager - Adding key: http://localhost:46455 for channel [id: 0xc46d18cb, L:/127.0.0.1:53802 - R:localhost/127.0.0.1:46455]
21:55:26.472 [main] DEBUG net.serenitybdd.core.photography.Darkroom - Send negative for processing for target\site\serenity\23d1c1dbdf4751859e868a8f6a253615d77b52e4c279469123cde7edb7460d66.png
21:55:26.473 [Darkroom Processing Line] DEBUG net.serenitybdd.core.photography.DarkroomProcessingLine - Processing screenshot image in /var/screenshots/screenshot-16178183066246783883
21:55:26.473 [Darkroom Processing Line] DEBUG net.serenitybdd.core.photography.DarkroomProcessingLine - Saving screenshot to target\site\serenity\23d1c1dbdf4751859e868a8f6a253615d77b52e4c279469123cde7edb7460d66.png
21:55:26.475 [main] DEBUG net.thucydides.core.steps.StepInterceptor - STEP DONE: validateOnLoginPage
  &amp#27;[32mGiven &amp#27;[0m&amp#27;[32mI am on the login page&amp#27;[0m                        &amp#27;[90m# starter.stepdefinitions.LoginSteps.onLoginPage()&amp#27;[0m
21:55:26.531 [Forwarding getAlertText on session e744708c031fc39770e197d63d032555 to remote] DEBUG org.asynchttpclient.netty.request.NettyRequestSender - Using pooled Channel '[id: 0xc46d18cb, L:/127.0.0.1:53802 - R:localhost/127.0.0.1:46455]' for 'GET' to 'http://localhost:46455/session/e744708c031fc39770e197d63d032555/alert/text'
21:55:26.532 [Forwarding getAlertText on session e744708c031fc39770e197d63d032555 to remote] DEBUG org.asynchttpclient.netty.request.NettyRequestSender - Using open Channel [id: 0xc46d18cb, L:/127.0.0.1:53802 - R:localhost/127.0.0.1:46455] for GET '/session/e744708c031fc39770e197d63d032555/alert/text'
21:55:26.535 [AsyncHttpClient-1-2] DEBUG org.asynchttpclient.netty.handler.HttpHandler - 

Request DefaultFullHttpRequest(decodeResult: success, version: HTTP/1.1, content: EmptyByteBufBE)
GET /session/e744708c031fc39770e197d63d032555/alert/text HTTP/1.1
User-Agent: selenium/4.8.1 (java windows)
Cache-Control: no-cache
Content-Type: application/json; charset=utf-8
host: localhost:46455
accept: */*

Response DefaultHttpResponse(decodeResult: success, version: HTTP/1.1)
HTTP/1.1 404 Not Found
Content-Length: 821
Content-Type: application/json; charset=utf-8
cache-control: no-cache

21:55:26.535 [AsyncHttpClient-1-2] DEBUG org.asynchttpclient.netty.channel.ChannelManager - Adding key: http://localhost:46455 for channel [id: 0xc46d18cb, L:/127.0.0.1:53802 - R:localhost/127.0.0.1:46455]
21:55:26.541 [Forwarding getCurrentUrl on session e744708c031fc39770e197d63d032555 to remote] DEBUG org.asynchttpclient.netty.request.NettyRequestSender - Using pooled Channel '[id: 0xc46d18cb, L:/127.0.0.1:53802 - R:localhost/127.0.0.1:46455]' for 'GET' to 'http://localhost:46455/session/e744708c031fc39770e197d63d032555/url'
21:55:26.542 [Forwarding getCurrentUrl on session e744708c031fc39770e197d63d032555 to remote] DEBUG org.asynchttpclient.netty.request.NettyRequestSender - Using open Channel [id: 0xc46d18cb, L:/127.0.0.1:53802 - R:localhost/127.0.0.1:46455] for GET '/session/e744708c031fc39770e197d63d032555/url'
21:55:26.549 [AsyncHttpClient-1-2] DEBUG org.asynchttpclient.netty.handler.HttpHandler - 

Request DefaultFullHttpRequest(decodeResult: success, version: HTTP/1.1, content: EmptyByteBufBE)
GET /session/e744708c031fc39770e197d63d032555/url HTTP/1.1
User-Agent: selenium/4.8.1 (java windows)
Cache-Control: no-cache
Content-Type: application/json; charset=utf-8
host: localhost:46455
accept: */*

Response DefaultHttpResponse(decodeResult: success, version: HTTP/1.1)
HTTP/1.1 200 OK
Content-Length: 47
Content-Type: application/json; charset=utf-8
cache-control: no-cache

21:55:26.550 [AsyncHttpClient-1-2] DEBUG org.asynchttpclient.netty.channel.ChannelManager - Adding key: http://localhost:46455 for channel [id: 0xc46d18cb, L:/127.0.0.1:53802 - R:localhost/127.0.0.1:46455]
21:55:26.551 [Forwarding screenshot on session e744708c031fc39770e197d63d032555 to remote] DEBUG org.asynchttpclient.netty.request.NettyRequestSender - Using pooled Channel '[id: 0xc46d18cb, L:/127.0.0.1:53802 - R:localhost/127.0.0.1:46455]' for 'GET' to 'http://localhost:46455/session/e744708c031fc39770e197d63d032555/screenshot'
21:55:26.551 [Forwarding screenshot on session e744708c031fc39770e197d63d032555 to remote] DEBUG org.asynchttpclient.netty.request.NettyRequestSender - Using open Channel [id: 0xc46d18cb, L:/127.0.0.1:53802 - R:localhost/127.0.0.1:46455] for GET '/session/e744708c031fc39770e197d63d032555/screenshot'
21:55:26.691 [AsyncHttpClient-1-2] DEBUG org.asynchttpclient.netty.handler.HttpHandler - 

Request DefaultFullHttpRequest(decodeResult: success, version: HTTP/1.1, content: EmptyByteBufBE)
GET /session/e744708c031fc39770e197d63d032555/screenshot HTTP/1.1
User-Agent: selenium/4.8.1 (java windows)
Cache-Control: no-cache
Content-Type: application/json; charset=utf-8
host: localhost:46455
accept: */*

Response DefaultHttpResponse(decodeResult: success, version: HTTP/1.1)
HTTP/1.1 200 OK
Content-Length: 41452
Content-Type: application/json; charset=utf-8
cache-control: no-cache

21:55:26.692 [AsyncHttpClient-1-2] DEBUG org.asynchttpclient.netty.channel.ChannelManager - Adding key: http://localhost:46455 for channel [id: 0xc46d18cb, L:/127.0.0.1:53802 - R:localhost/127.0.0.1:46455]
21:55:26.698 [main] DEBUG net.serenitybdd.core.photography.Darkroom - Send negative for processing for target\site\serenity\23d1c1dbdf4751859e868a8f6a253615d77b52e4c279469123cde7edb7460d66.png
21:55:26.702 [Forwarding getPageSource on session e744708c031fc39770e197d63d032555 to remote] DEBUG org.asynchttpclient.netty.request.NettyRequestSender - Using pooled Channel '[id: 0xc46d18cb, L:/127.0.0.1:53802 - R:localhost/127.0.0.1:46455]' for 'POST' to 'http://localhost:46455/session/e744708c031fc39770e197d63d032555/execute/sync'
21:55:26.702 [Forwarding getPageSource on session e744708c031fc39770e197d63d032555 to remote] DEBUG org.asynchttpclient.netty.request.NettyRequestSender - Using open Channel [id: 0xc46d18cb, L:/127.0.0.1:53802 - R:localhost/127.0.0.1:46455] for POST '/session/e744708c031fc39770e197d63d032555/execute/sync'
21:55:26.721 [AsyncHttpClient-1-2] DEBUG org.asynchttpclient.netty.handler.HttpHandler - 

Request DefaultHttpRequest(decodeResult: success, version: HTTP/1.1)
POST /session/e744708c031fc39770e197d63d032555/execute/sync HTTP/1.1
User-Agent: selenium/4.8.1 (java windows)
Content-Length: 176
Content-Type: application/json; charset=utf-8
host: localhost:46455
accept: */*

Response DefaultHttpResponse(decodeResult: success, version: HTTP/1.1)
HTTP/1.1 200 OK
Content-Length: 166638
Content-Type: application/json; charset=utf-8
cache-control: no-cache

21:55:26.722 [AsyncHttpClient-1-2] DEBUG org.asynchttpclient.netty.channel.ChannelManager - Adding key: http://localhost:46455 for channel [id: 0xc46d18cb, L:/127.0.0.1:53802 - R:localhost/127.0.0.1:46455]
21:55:26.739 [Forwarding getCurrentUrl on session e744708c031fc39770e197d63d032555 to remote] DEBUG org.asynchttpclient.netty.request.NettyRequestSender - Using pooled Channel '[id: 0xc46d18cb, L:/127.0.0.1:53802 - R:localhost/127.0.0.1:46455]' for 'GET' to 'http://localhost:46455/session/e744708c031fc39770e197d63d032555/url'
21:55:26.739 [Forwarding getCurrentUrl on session e744708c031fc39770e197d63d032555 to remote] DEBUG org.asynchttpclient.netty.request.NettyRequestSender - Using open Channel [id: 0xc46d18cb, L:/127.0.0.1:53802 - R:localhost/127.0.0.1:46455] for GET '/session/e744708c031fc39770e197d63d032555/url'
21:55:26.743 [AsyncHttpClient-1-2] DEBUG org.asynchttpclient.netty.handler.HttpHandler - 

Request DefaultFullHttpRequest(decodeResult: success, version: HTTP/1.1, content: EmptyByteBufBE)
GET /session/e744708c031fc39770e197d63d032555/url HTTP/1.1
User-Agent: selenium/4.8.1 (java windows)
Cache-Control: no-cache
Content-Type: application/json; charset=utf-8
host: localhost:46455
accept: */*

Response DefaultHttpResponse(decodeResult: success, version: HTTP/1.1)
HTTP/1.1 200 OK
Content-Length: 47
Content-Type: application/json; charset=utf-8
cache-control: no-cache

21:55:26.743 [AsyncHttpClient-1-2] DEBUG org.asynchttpclient.netty.channel.ChannelManager - Adding key: http://localhost:46455 for channel [id: 0xc46d18cb, L:/127.0.0.1:53802 - R:localhost/127.0.0.1:46455]
21:55:26.756 [Forwarding getAlertText on session e744708c031fc39770e197d63d032555 to remote] DEBUG org.asynchttpclient.netty.request.NettyRequestSender - Using pooled Channel '[id: 0xc46d18cb, L:/127.0.0.1:53802 - R:localhost/127.0.0.1:46455]' for 'GET' to 'http://localhost:46455/session/e744708c031fc39770e197d63d032555/alert/text'
21:55:26.756 [Forwarding getAlertText on session e744708c031fc39770e197d63d032555 to remote] DEBUG org.asynchttpclient.netty.request.NettyRequestSender - Using open Channel [id: 0xc46d18cb, L:/127.0.0.1:53802 - R:localhost/127.0.0.1:46455] for GET '/session/e744708c031fc39770e197d63d032555/alert/text'
21:55:26.758 [AsyncHttpClient-1-2] DEBUG org.asynchttpclient.netty.handler.HttpHandler - 

Request DefaultFullHttpRequest(decodeResult: success, version: HTTP/1.1, content: EmptyByteBufBE)
GET /session/e744708c031fc39770e197d63d032555/alert/text HTTP/1.1
User-Agent: selenium/4.8.1 (java windows)
Cache-Control: no-cache
Content-Type: application/json; charset=utf-8
host: localhost:46455
accept: */*

Response DefaultHttpResponse(decodeResult: success, version: HTTP/1.1)
HTTP/1.1 404 Not Found
Content-Length: 821
Content-Type: application/json; charset=utf-8
cache-control: no-cache

21:55:26.758 [AsyncHttpClient-1-2] DEBUG org.asynchttpclient.netty.channel.ChannelManager - Adding key: http://localhost:46455 for channel [id: 0xc46d18cb, L:/127.0.0.1:53802 - R:localhost/127.0.0.1:46455]
21:55:26.760 [Forwarding getCurrentUrl on session e744708c031fc39770e197d63d032555 to remote] DEBUG org.asynchttpclient.netty.request.NettyRequestSender - Using pooled Channel '[id: 0xc46d18cb, L:/127.0.0.1:53802 - R:localhost/127.0.0.1:46455]' for 'GET' to 'http://localhost:46455/session/e744708c031fc39770e197d63d032555/url'
21:55:26.761 [Forwarding getCurrentUrl on session e744708c031fc39770e197d63d032555 to remote] DEBUG org.asynchttpclient.netty.request.NettyRequestSender - Using open Channel [id: 0xc46d18cb, L:/127.0.0.1:53802 - R:localhost/127.0.0.1:46455] for GET '/session/e744708c031fc39770e197d63d032555/url'
21:55:26.765 [AsyncHttpClient-1-2] DEBUG org.asynchttpclient.netty.handler.HttpHandler - 

Request DefaultFullHttpRequest(decodeResult: success, version: HTTP/1.1, content: EmptyByteBufBE)
GET /session/e744708c031fc39770e197d63d032555/url HTTP/1.1
User-Agent: selenium/4.8.1 (java windows)
Cache-Control: no-cache
Content-Type: application/json; charset=utf-8
host: localhost:46455
accept: */*

Response DefaultHttpResponse(decodeResult: success, version: HTTP/1.1)
HTTP/1.1 200 OK
Content-Length: 47
Content-Type: application/json; charset=utf-8
cache-control: no-cache

21:55:26.766 [AsyncHttpClient-1-2] DEBUG org.asynchttpclient.netty.channel.ChannelManager - Adding key: http://localhost:46455 for channel [id: 0xc46d18cb, L:/127.0.0.1:53802 - R:localhost/127.0.0.1:46455]
21:55:26.767 [Forwarding screenshot on session e744708c031fc39770e197d63d032555 to remote] DEBUG org.asynchttpclient.netty.request.NettyRequestSender - Using pooled Channel '[id: 0xc46d18cb, L:/127.0.0.1:53802 - R:localhost/127.0.0.1:46455]' for 'GET' to 'http://localhost:46455/session/e744708c031fc39770e197d63d032555/screenshot'
21:55:26.767 [Forwarding screenshot on session e744708c031fc39770e197d63d032555 to remote] DEBUG org.asynchttpclient.netty.request.NettyRequestSender - Using open Channel [id: 0xc46d18cb, L:/127.0.0.1:53802 - R:localhost/127.0.0.1:46455] for GET '/session/e744708c031fc39770e197d63d032555/screenshot'
21:55:26.854 [AsyncHttpClient-1-2] DEBUG org.asynchttpclient.netty.handler.HttpHandler - 

Request DefaultFullHttpRequest(decodeResult: success, version: HTTP/1.1, content: EmptyByteBufBE)
GET /session/e744708c031fc39770e197d63d032555/screenshot HTTP/1.1
User-Agent: selenium/4.8.1 (java windows)
Cache-Control: no-cache
Content-Type: application/json; charset=utf-8
host: localhost:46455
accept: */*

Response DefaultHttpResponse(decodeResult: success, version: HTTP/1.1)
HTTP/1.1 200 OK
Content-Length: 41452
Content-Type: application/json; charset=utf-8
cache-control: no-cache

21:55:26.854 [AsyncHttpClient-1-2] DEBUG org.asynchttpclient.netty.channel.ChannelManager - Adding key: http://localhost:46455 for channel [id: 0xc46d18cb, L:/127.0.0.1:53802 - R:localhost/127.0.0.1:46455]
21:55:26.857 [main] DEBUG net.serenitybdd.core.photography.Darkroom - Send negative for processing for target\site\serenity\23d1c1dbdf4751859e868a8f6a253615d77b52e4c279469123cde7edb7460d66.png
21:55:26.859 [Forwarding getPageSource on session e744708c031fc39770e197d63d032555 to remote] DEBUG org.asynchttpclient.netty.request.NettyRequestSender - Using pooled Channel '[id: 0xc46d18cb, L:/127.0.0.1:53802 - R:localhost/127.0.0.1:46455]' for 'POST' to 'http://localhost:46455/session/e744708c031fc39770e197d63d032555/execute/sync'
21:55:26.859 [Forwarding getPageSource on session e744708c031fc39770e197d63d032555 to remote] DEBUG org.asynchttpclient.netty.request.NettyRequestSender - Using open Channel [id: 0xc46d18cb, L:/127.0.0.1:53802 - R:localhost/127.0.0.1:46455] for POST '/session/e744708c031fc39770e197d63d032555/execute/sync'
21:55:26.877 [AsyncHttpClient-1-2] DEBUG org.asynchttpclient.netty.handler.HttpHandler - 

Request DefaultHttpRequest(decodeResult: success, version: HTTP/1.1)
POST /session/e744708c031fc39770e197d63d032555/execute/sync HTTP/1.1
User-Agent: selenium/4.8.1 (java windows)
Content-Length: 176
Content-Type: application/json; charset=utf-8
host: localhost:46455
accept: */*

Response DefaultHttpResponse(decodeResult: success, version: HTTP/1.1)
HTTP/1.1 200 OK
Content-Length: 166638
Content-Type: application/json; charset=utf-8
cache-control: no-cache

21:55:26.878 [AsyncHttpClient-1-2] DEBUG org.asynchttpclient.netty.channel.ChannelManager - Adding key: http://localhost:46455 for channel [id: 0xc46d18cb, L:/127.0.0.1:53802 - R:localhost/127.0.0.1:46455]
21:55:26.898 [Forwarding getCurrentUrl on session e744708c031fc39770e197d63d032555 to remote] DEBUG org.asynchttpclient.netty.request.NettyRequestSender - Using pooled Channel '[id: 0xc46d18cb, L:/127.0.0.1:53802 - R:localhost/127.0.0.1:46455]' for 'GET' to 'http://localhost:46455/session/e744708c031fc39770e197d63d032555/url'
21:55:26.900 [Forwarding getCurrentUrl on session e744708c031fc39770e197d63d032555 to remote] DEBUG org.asynchttpclient.netty.request.NettyRequestSender - Using open Channel [id: 0xc46d18cb, L:/127.0.0.1:53802 - R:localhost/127.0.0.1:46455] for GET '/session/e744708c031fc39770e197d63d032555/url'
21:55:26.908 [AsyncHttpClient-1-2] DEBUG org.asynchttpclient.netty.handler.HttpHandler - 

Request DefaultFullHttpRequest(decodeResult: success, version: HTTP/1.1, content: EmptyByteBufBE)
GET /session/e744708c031fc39770e197d63d032555/url HTTP/1.1
User-Agent: selenium/4.8.1 (java windows)
Cache-Control: no-cache
Content-Type: application/json; charset=utf-8
host: localhost:46455
accept: */*

Response DefaultHttpResponse(decodeResult: success, version: HTTP/1.1)
HTTP/1.1 200 OK
Content-Length: 47
Content-Type: application/json; charset=utf-8
cache-control: no-cache

21:55:26.909 [AsyncHttpClient-1-2] DEBUG org.asynchttpclient.netty.channel.ChannelManager - Adding key: http://localhost:46455 for channel [id: 0xc46d18cb, L:/127.0.0.1:53802 - R:localhost/127.0.0.1:46455]
21:55:26.915 [main] DEBUG net.thucydides.core.steps.StepInterceptor - STARTING STEP: LoginSteps.enterUsernamelOnSigIn - inputUsername
21:55:26.920 [Forwarding findElement on session e744708c031fc39770e197d63d032555 to remote] DEBUG org.asynchttpclient.netty.request.NettyRequestSender - Using pooled Channel '[id: 0xc46d18cb, L:/127.0.0.1:53802 - R:localhost/127.0.0.1:46455]' for 'POST' to 'http://localhost:46455/session/e744708c031fc39770e197d63d032555/element'
21:55:26.920 [Forwarding findElement on session e744708c031fc39770e197d63d032555 to remote] DEBUG org.asynchttpclient.netty.request.NettyRequestSender - Using open Channel [id: 0xc46d18cb, L:/127.0.0.1:53802 - R:localhost/127.0.0.1:46455] for POST '/session/e744708c031fc39770e197d63d032555/element'
21:55:26.932 [AsyncHttpClient-1-2] DEBUG org.asynchttpclient.netty.handler.HttpHandler - 

Request DefaultHttpRequest(decodeResult: success, version: HTTP/1.1)
POST /session/e744708c031fc39770e197d63d032555/element HTTP/1.1
User-Agent: selenium/4.8.1 (java windows)
Content-Length: 88
Content-Type: application/json; charset=utf-8
host: localhost:46455
accept: */*

Response DefaultHttpResponse(decodeResult: success, version: HTTP/1.1)
HTTP/1.1 200 OK
Content-Length: 95
Content-Type: application/json; charset=utf-8
cache-control: no-cache

21:55:26.932 [AsyncHttpClient-1-2] DEBUG org.asynchttpclient.netty.channel.ChannelManager - Adding key: http://localhost:46455 for channel [id: 0xc46d18cb, L:/127.0.0.1:53802 - R:localhost/127.0.0.1:46455]
21:55:26.935 [Forwarding clearElement on session e744708c031fc39770e197d63d032555 to remote] DEBUG org.asynchttpclient.netty.request.NettyRequestSender - Using pooled Channel '[id: 0xc46d18cb, L:/127.0.0.1:53802 - R:localhost/127.0.0.1:46455]' for 'POST' to 'http://localhost:46455/session/e744708c031fc39770e197d63d032555/element/A57C8E971128287337169D0FB688F7BE_element_16/clear'
21:55:26.935 [Forwarding clearElement on session e744708c031fc39770e197d63d032555 to remote] DEBUG org.asynchttpclient.netty.request.NettyRequestSender - Using open Channel [id: 0xc46d18cb, L:/127.0.0.1:53802 - R:localhost/127.0.0.1:46455] for POST '/session/e744708c031fc39770e197d63d032555/element/A57C8E971128287337169D0FB688F7BE_element_16/clear'
21:55:26.968 [AsyncHttpClient-1-2] DEBUG org.asynchttpclient.netty.handler.HttpHandler - 

Request DefaultHttpRequest(decodeResult: success, version: HTTP/1.1)
POST /session/e744708c031fc39770e197d63d032555/element/A57C8E971128287337169D0FB688F7BE_element_16/clear HTTP/1.1
User-Agent: selenium/4.8.1 (java windows)
Content-Length: 57
Content-Type: application/json; charset=utf-8
host: localhost:46455
accept: */*

Response DefaultHttpResponse(decodeResult: success, version: HTTP/1.1)
HTTP/1.1 200 OK
Content-Length: 14
Content-Type: application/json; charset=utf-8
cache-control: no-cache

21:55:26.968 [AsyncHttpClient-1-2] DEBUG org.asynchttpclient.netty.channel.ChannelManager - Adding key: http://localhost:46455 for channel [id: 0xc46d18cb, L:/127.0.0.1:53802 - R:localhost/127.0.0.1:46455]
21:55:26.973 [Forwarding sendKeysToElement on session e744708c031fc39770e197d63d032555 to remote] DEBUG org.asynchttpclient.netty.request.NettyRequestSender - Using pooled Channel '[id: 0xc46d18cb, L:/127.0.0.1:53802 - R:localhost/127.0.0.1:46455]' for 'POST' to 'http://localhost:46455/session/e744708c031fc39770e197d63d032555/element/A57C8E971128287337169D0FB688F7BE_element_16/value'
21:55:26.973 [Forwarding sendKeysToElement on session e744708c031fc39770e197d63d032555 to remote] DEBUG org.asynchttpclient.netty.request.NettyRequestSender - Using open Channel [id: 0xc46d18cb, L:/127.0.0.1:53802 - R:localhost/127.0.0.1:46455] for POST '/session/e744708c031fc39770e197d63d032555/element/A57C8E971128287337169D0FB688F7BE_element_16/value'
21:55:27.104 [AsyncHttpClient-1-2] DEBUG org.asynchttpclient.netty.handler.HttpHandler - 

Request DefaultHttpRequest(decodeResult: success, version: HTTP/1.1)
POST /session/e744708c031fc39770e197d63d032555/element/A57C8E971128287337169D0FB688F7BE_element_16/value HTTP/1.1
User-Agent: selenium/4.8.1 (java windows)
Content-Length: 138
Content-Type: application/json; charset=utf-8
host: localhost:46455
accept: */*

Response DefaultHttpResponse(decodeResult: success, version: HTTP/1.1)
HTTP/1.1 200 OK
Content-Length: 14
Content-Type: application/json; charset=utf-8
cache-control: no-cache

21:55:27.105 [AsyncHttpClient-1-2] DEBUG org.asynchttpclient.netty.channel.ChannelManager - Adding key: http://localhost:46455 for channel [id: 0xc46d18cb, L:/127.0.0.1:53802 - R:localhost/127.0.0.1:46455]
21:55:27.119 [AsyncHttpClient-1-1] DEBUG org.asynchttpclient.netty.channel.DefaultChannelPool - Entry count for : http://localhost:53803 : 1
21:55:27.119 [AsyncHttpClient-1-1] DEBUG org.asynchttpclient.netty.channel.DefaultChannelPool - Entry count for : http://localhost:46455 : 1
21:55:27.133 [Forwarding getAlertText on session e744708c031fc39770e197d63d032555 to remote] DEBUG org.asynchttpclient.netty.request.NettyRequestSender - Using pooled Channel '[id: 0xc46d18cb, L:/127.0.0.1:53802 - R:localhost/127.0.0.1:46455]' for 'GET' to 'http://localhost:46455/session/e744708c031fc39770e197d63d032555/alert/text'
21:55:27.134 [Forwarding getAlertText on session e744708c031fc39770e197d63d032555 to remote] DEBUG org.asynchttpclient.netty.request.NettyRequestSender - Using open Channel [id: 0xc46d18cb, L:/127.0.0.1:53802 - R:localhost/127.0.0.1:46455] for GET '/session/e744708c031fc39770e197d63d032555/alert/text'
21:55:27.147 [AsyncHttpClient-1-2] DEBUG org.asynchttpclient.netty.handler.HttpHandler - 

Request DefaultFullHttpRequest(decodeResult: success, version: HTTP/1.1, content: EmptyByteBufBE)
GET /session/e744708c031fc39770e197d63d032555/alert/text HTTP/1.1
User-Agent: selenium/4.8.1 (java windows)
Cache-Control: no-cache
Content-Type: application/json; charset=utf-8
host: localhost:46455
accept: */*

Response DefaultHttpResponse(decodeResult: success, version: HTTP/1.1)
HTTP/1.1 404 Not Found
Content-Length: 821
Content-Type: application/json; charset=utf-8
cache-control: no-cache

21:55:27.149 [AsyncHttpClient-1-2] DEBUG org.asynchttpclient.netty.channel.ChannelManager - Adding key: http://localhost:46455 for channel [id: 0xc46d18cb, L:/127.0.0.1:53802 - R:localhost/127.0.0.1:46455]
21:55:27.156 [Forwarding getCurrentUrl on session e744708c031fc39770e197d63d032555 to remote] DEBUG org.asynchttpclient.netty.request.NettyRequestSender - Using pooled Channel '[id: 0xc46d18cb, L:/127.0.0.1:53802 - R:localhost/127.0.0.1:46455]' for 'GET' to 'http://localhost:46455/session/e744708c031fc39770e197d63d032555/url'
21:55:27.157 [Forwarding getCurrentUrl on session e744708c031fc39770e197d63d032555 to remote] DEBUG org.asynchttpclient.netty.request.NettyRequestSender - Using open Channel [id: 0xc46d18cb, L:/127.0.0.1:53802 - R:localhost/127.0.0.1:46455] for GET '/session/e744708c031fc39770e197d63d032555/url'
21:55:27.168 [AsyncHttpClient-1-2] DEBUG org.asynchttpclient.netty.handler.HttpHandler - 

Request DefaultFullHttpRequest(decodeResult: success, version: HTTP/1.1, content: EmptyByteBufBE)
GET /session/e744708c031fc39770e197d63d032555/url HTTP/1.1
User-Agent: selenium/4.8.1 (java windows)
Cache-Control: no-cache
Content-Type: application/json; charset=utf-8
host: localhost:46455
accept: */*

Response DefaultHttpResponse(decodeResult: success, version: HTTP/1.1)
HTTP/1.1 200 OK
Content-Length: 47
Content-Type: application/json; charset=utf-8
cache-control: no-cache

21:55:27.169 [AsyncHttpClient-1-2] DEBUG org.asynchttpclient.netty.channel.ChannelManager - Adding key: http://localhost:46455 for channel [id: 0xc46d18cb, L:/127.0.0.1:53802 - R:localhost/127.0.0.1:46455]
21:55:27.171 [Forwarding screenshot on session e744708c031fc39770e197d63d032555 to remote] DEBUG org.asynchttpclient.netty.request.NettyRequestSender - Using pooled Channel '[id: 0xc46d18cb, L:/127.0.0.1:53802 - R:localhost/127.0.0.1:46455]' for 'GET' to 'http://localhost:46455/session/e744708c031fc39770e197d63d032555/screenshot'
21:55:27.171 [Forwarding screenshot on session e744708c031fc39770e197d63d032555 to remote] DEBUG org.asynchttpclient.netty.request.NettyRequestSender - Using open Channel [id: 0xc46d18cb, L:/127.0.0.1:53802 - R:localhost/127.0.0.1:46455] for GET '/session/e744708c031fc39770e197d63d032555/screenshot'
21:55:27.346 [AsyncHttpClient-1-2] DEBUG org.asynchttpclient.netty.handler.HttpHandler - 

Request DefaultFullHttpRequest(decodeResult: success, version: HTTP/1.1, content: EmptyByteBufBE)
GET /session/e744708c031fc39770e197d63d032555/screenshot HTTP/1.1
User-Agent: selenium/4.8.1 (java windows)
Cache-Control: no-cache
Content-Type: application/json; charset=utf-8
host: localhost:46455
accept: */*

Response DefaultHttpResponse(decodeResult: success, version: HTTP/1.1)
HTTP/1.1 200 OK
Content-Length: 41348
Content-Type: application/json; charset=utf-8
cache-control: no-cache

21:55:27.348 [AsyncHttpClient-1-2] DEBUG org.asynchttpclient.netty.channel.ChannelManager - Adding key: http://localhost:46455 for channel [id: 0xc46d18cb, L:/127.0.0.1:53802 - R:localhost/127.0.0.1:46455]
21:55:27.351 [main] DEBUG net.serenitybdd.core.photography.Darkroom - Send negative for processing for target\site\serenity\be8ca9a99a131e2b58c12f54c52180fbd13817f3e797da03ca952b733385dd8a.png
21:55:27.351 [Darkroom Processing Line] DEBUG net.serenitybdd.core.photography.DarkroomProcessingLine - Processing screenshot image in /var/screenshots/screenshot-15249238521046178835
21:55:27.351 [main] DEBUG net.thucydides.core.steps.StepInterceptor - STEP DONE: inputUsername
21:55:27.351 [Darkroom Processing Line] DEBUG net.serenitybdd.core.photography.DarkroomProcessingLine - Saving screenshot to target\site\serenity\be8ca9a99a131e2b58c12f54c52180fbd13817f3e797da03ca952b733385dd8a.png
  &amp#27;[32mWhen &amp#27;[0m&amp#27;[32mI enter Username &amp#27;[0m&amp#27;[32m&amp#27;[1m"admin"&amp#27;[0m                       &amp#27;[90m# starter.stepdefinitions.LoginSteps.enterUsernamelOnSigIn(java.lang.String)&amp#27;[0m
21:55:27.358 [Forwarding getPageSource on session e744708c031fc39770e197d63d032555 to remote] DEBUG org.asynchttpclient.netty.request.NettyRequestSender - Using pooled Channel '[id: 0xc46d18cb, L:/127.0.0.1:53802 - R:localhost/127.0.0.1:46455]' for 'POST' to 'http://localhost:46455/session/e744708c031fc39770e197d63d032555/execute/sync'
21:55:27.358 [Forwarding getPageSource on session e744708c031fc39770e197d63d032555 to remote] DEBUG org.asynchttpclient.netty.request.NettyRequestSender - Using open Channel [id: 0xc46d18cb, L:/127.0.0.1:53802 - R:localhost/127.0.0.1:46455] for POST '/session/e744708c031fc39770e197d63d032555/execute/sync'
21:55:27.375 [AsyncHttpClient-1-2] DEBUG org.asynchttpclient.netty.handler.HttpHandler - 

Request DefaultHttpRequest(decodeResult: success, version: HTTP/1.1)
POST /session/e744708c031fc39770e197d63d032555/execute/sync HTTP/1.1
User-Agent: selenium/4.8.1 (java windows)
Content-Length: 176
Content-Type: application/json; charset=utf-8
host: localhost:46455
accept: */*

Response DefaultHttpResponse(decodeResult: success, version: HTTP/1.1)
HTTP/1.1 200 OK
Content-Length: 166740
Content-Type: application/json; charset=utf-8
cache-control: no-cache

21:55:27.376 [AsyncHttpClient-1-2] DEBUG org.asynchttpclient.netty.channel.ChannelManager - Adding key: http://localhost:46455 for channel [id: 0xc46d18cb, L:/127.0.0.1:53802 - R:localhost/127.0.0.1:46455]
21:55:27.389 [Forwarding getCurrentUrl on session e744708c031fc39770e197d63d032555 to remote] DEBUG org.asynchttpclient.netty.request.NettyRequestSender - Using pooled Channel '[id: 0xc46d18cb, L:/127.0.0.1:53802 - R:localhost/127.0.0.1:46455]' for 'GET' to 'http://localhost:46455/session/e744708c031fc39770e197d63d032555/url'
21:55:27.389 [Forwarding getCurrentUrl on session e744708c031fc39770e197d63d032555 to remote] DEBUG org.asynchttpclient.netty.request.NettyRequestSender - Using open Channel [id: 0xc46d18cb, L:/127.0.0.1:53802 - R:localhost/127.0.0.1:46455] for GET '/session/e744708c031fc39770e197d63d032555/url'
21:55:27.394 [AsyncHttpClient-1-2] DEBUG org.asynchttpclient.netty.handler.HttpHandler - 

Request DefaultFullHttpRequest(decodeResult: success, version: HTTP/1.1, content: EmptyByteBufBE)
GET /session/e744708c031fc39770e197d63d032555/url HTTP/1.1
User-Agent: selenium/4.8.1 (java windows)
Cache-Control: no-cache
Content-Type: application/json; charset=utf-8
host: localhost:46455
accept: */*

Response DefaultHttpResponse(decodeResult: success, version: HTTP/1.1)
HTTP/1.1 200 OK
Content-Length: 47
Content-Type: application/json; charset=utf-8
cache-control: no-cache

21:55:27.394 [AsyncHttpClient-1-2] DEBUG org.asynchttpclient.netty.channel.ChannelManager - Adding key: http://localhost:46455 for channel [id: 0xc46d18cb, L:/127.0.0.1:53802 - R:localhost/127.0.0.1:46455]
21:55:27.406 [Forwarding getAlertText on session e744708c031fc39770e197d63d032555 to remote] DEBUG org.asynchttpclient.netty.request.NettyRequestSender - Using pooled Channel '[id: 0xc46d18cb, L:/127.0.0.1:53802 - R:localhost/127.0.0.1:46455]' for 'GET' to 'http://localhost:46455/session/e744708c031fc39770e197d63d032555/alert/text'
21:55:27.406 [Forwarding getAlertText on session e744708c031fc39770e197d63d032555 to remote] DEBUG org.asynchttpclient.netty.request.NettyRequestSender - Using open Channel [id: 0xc46d18cb, L:/127.0.0.1:53802 - R:localhost/127.0.0.1:46455] for GET '/session/e744708c031fc39770e197d63d032555/alert/text'
21:55:27.408 [AsyncHttpClient-1-2] DEBUG org.asynchttpclient.netty.handler.HttpHandler - 

Request DefaultFullHttpRequest(decodeResult: success, version: HTTP/1.1, content: EmptyByteBufBE)
GET /session/e744708c031fc39770e197d63d032555/alert/text HTTP/1.1
User-Agent: selenium/4.8.1 (java windows)
Cache-Control: no-cache
Content-Type: application/json; charset=utf-8
host: localhost:46455
accept: */*

Response DefaultHttpResponse(decodeResult: success, version: HTTP/1.1)
HTTP/1.1 404 Not Found
Content-Length: 821
Content-Type: application/json; charset=utf-8
cache-control: no-cache

21:55:27.408 [AsyncHttpClient-1-2] DEBUG org.asynchttpclient.netty.channel.ChannelManager - Adding key: http://localhost:46455 for channel [id: 0xc46d18cb, L:/127.0.0.1:53802 - R:localhost/127.0.0.1:46455]
21:55:27.410 [Forwarding getCurrentUrl on session e744708c031fc39770e197d63d032555 to remote] DEBUG org.asynchttpclient.netty.request.NettyRequestSender - Using pooled Channel '[id: 0xc46d18cb, L:/127.0.0.1:53802 - R:localhost/127.0.0.1:46455]' for 'GET' to 'http://localhost:46455/session/e744708c031fc39770e197d63d032555/url'
21:55:27.410 [Forwarding getCurrentUrl on session e744708c031fc39770e197d63d032555 to remote] DEBUG org.asynchttpclient.netty.request.NettyRequestSender - Using open Channel [id: 0xc46d18cb, L:/127.0.0.1:53802 - R:localhost/127.0.0.1:46455] for GET '/session/e744708c031fc39770e197d63d032555/url'
21:55:27.415 [AsyncHttpClient-1-2] DEBUG org.asynchttpclient.netty.handler.HttpHandler - 

Request DefaultFullHttpRequest(decodeResult: success, version: HTTP/1.1, content: EmptyByteBufBE)
GET /session/e744708c031fc39770e197d63d032555/url HTTP/1.1
User-Agent: selenium/4.8.1 (java windows)
Cache-Control: no-cache
Content-Type: application/json; charset=utf-8
host: localhost:46455
accept: */*

Response DefaultHttpResponse(decodeResult: success, version: HTTP/1.1)
HTTP/1.1 200 OK
Content-Length: 47
Content-Type: application/json; charset=utf-8
cache-control: no-cache

21:55:27.415 [AsyncHttpClient-1-2] DEBUG org.asynchttpclient.netty.channel.ChannelManager - Adding key: http://localhost:46455 for channel [id: 0xc46d18cb, L:/127.0.0.1:53802 - R:localhost/127.0.0.1:46455]
21:55:27.417 [Forwarding screenshot on session e744708c031fc39770e197d63d032555 to remote] DEBUG org.asynchttpclient.netty.request.NettyRequestSender - Using pooled Channel '[id: 0xc46d18cb, L:/127.0.0.1:53802 - R:localhost/127.0.0.1:46455]' for 'GET' to 'http://localhost:46455/session/e744708c031fc39770e197d63d032555/screenshot'
21:55:27.417 [Forwarding screenshot on session e744708c031fc39770e197d63d032555 to remote] DEBUG org.asynchttpclient.netty.request.NettyRequestSender - Using open Channel [id: 0xc46d18cb, L:/127.0.0.1:53802 - R:localhost/127.0.0.1:46455] for GET '/session/e744708c031fc39770e197d63d032555/screenshot'
21:55:27.506 [AsyncHttpClient-1-2] DEBUG org.asynchttpclient.netty.handler.HttpHandler - 

Request DefaultFullHttpRequest(decodeResult: success, version: HTTP/1.1, content: EmptyByteBufBE)
GET /session/e744708c031fc39770e197d63d032555/screenshot HTTP/1.1
User-Agent: selenium/4.8.1 (java windows)
Cache-Control: no-cache
Content-Type: application/json; charset=utf-8
host: localhost:46455
accept: */*

Response DefaultHttpResponse(decodeResult: success, version: HTTP/1.1)
HTTP/1.1 200 OK
Content-Length: 41348
Content-Type: application/json; charset=utf-8
cache-control: no-cache

21:55:27.508 [AsyncHttpClient-1-2] DEBUG org.asynchttpclient.netty.channel.ChannelManager - Adding key: http://localhost:46455 for channel [id: 0xc46d18cb, L:/127.0.0.1:53802 - R:localhost/127.0.0.1:46455]
21:55:27.513 [main] DEBUG net.serenitybdd.core.photography.Darkroom - Send negative for processing for target\site\serenity\be8ca9a99a131e2b58c12f54c52180fbd13817f3e797da03ca952b733385dd8a.png
21:55:27.516 [Forwarding getPageSource on session e744708c031fc39770e197d63d032555 to remote] DEBUG org.asynchttpclient.netty.request.NettyRequestSender - Using pooled Channel '[id: 0xc46d18cb, L:/127.0.0.1:53802 - R:localhost/127.0.0.1:46455]' for 'POST' to 'http://localhost:46455/session/e744708c031fc39770e197d63d032555/execute/sync'
21:55:27.516 [Forwarding getPageSource on session e744708c031fc39770e197d63d032555 to remote] DEBUG org.asynchttpclient.netty.request.NettyRequestSender - Using open Channel [id: 0xc46d18cb, L:/127.0.0.1:53802 - R:localhost/127.0.0.1:46455] for POST '/session/e744708c031fc39770e197d63d032555/execute/sync'
21:55:27.534 [AsyncHttpClient-1-2] DEBUG org.asynchttpclient.netty.handler.HttpHandler - 

Request DefaultHttpRequest(decodeResult: success, version: HTTP/1.1)
POST /session/e744708c031fc39770e197d63d032555/execute/sync HTTP/1.1
User-Agent: selenium/4.8.1 (java windows)
Content-Length: 176
Content-Type: application/json; charset=utf-8
host: localhost:46455
accept: */*

Response DefaultHttpResponse(decodeResult: success, version: HTTP/1.1)
HTTP/1.1 200 OK
Content-Length: 166740
Content-Type: application/json; charset=utf-8
cache-control: no-cache

21:55:27.535 [AsyncHttpClient-1-2] DEBUG org.asynchttpclient.netty.channel.ChannelManager - Adding key: http://localhost:46455 for channel [id: 0xc46d18cb, L:/127.0.0.1:53802 - R:localhost/127.0.0.1:46455]
21:55:27.549 [Forwarding getCurrentUrl on session e744708c031fc39770e197d63d032555 to remote] DEBUG org.asynchttpclient.netty.request.NettyRequestSender - Using pooled Channel '[id: 0xc46d18cb, L:/127.0.0.1:53802 - R:localhost/127.0.0.1:46455]' for 'GET' to 'http://localhost:46455/session/e744708c031fc39770e197d63d032555/url'
21:55:27.549 [Forwarding getCurrentUrl on session e744708c031fc39770e197d63d032555 to remote] DEBUG org.asynchttpclient.netty.request.NettyRequestSender - Using open Channel [id: 0xc46d18cb, L:/127.0.0.1:53802 - R:localhost/127.0.0.1:46455] for GET '/session/e744708c031fc39770e197d63d032555/url'
21:55:27.554 [AsyncHttpClient-1-2] DEBUG org.asynchttpclient.netty.handler.HttpHandler - 

Request DefaultFullHttpRequest(decodeResult: success, version: HTTP/1.1, content: EmptyByteBufBE)
GET /session/e744708c031fc39770e197d63d032555/url HTTP/1.1
User-Agent: selenium/4.8.1 (java windows)
Cache-Control: no-cache
Content-Type: application/json; charset=utf-8
host: localhost:46455
accept: */*

Response DefaultHttpResponse(decodeResult: success, version: HTTP/1.1)
HTTP/1.1 200 OK
Content-Length: 47
Content-Type: application/json; charset=utf-8
cache-control: no-cache

21:55:27.555 [AsyncHttpClient-1-2] DEBUG org.asynchttpclient.netty.channel.ChannelManager - Adding key: http://localhost:46455 for channel [id: 0xc46d18cb, L:/127.0.0.1:53802 - R:localhost/127.0.0.1:46455]
21:55:27.557 [main] DEBUG net.thucydides.core.steps.StepInterceptor - STARTING STEP: LoginSteps.enterPasswordOnLogin - inputPassword
21:55:27.561 [Forwarding findElement on session e744708c031fc39770e197d63d032555 to remote] DEBUG org.asynchttpclient.netty.request.NettyRequestSender - Using pooled Channel '[id: 0xc46d18cb, L:/127.0.0.1:53802 - R:localhost/127.0.0.1:46455]' for 'POST' to 'http://localhost:46455/session/e744708c031fc39770e197d63d032555/element'
21:55:27.561 [Forwarding findElement on session e744708c031fc39770e197d63d032555 to remote] DEBUG org.asynchttpclient.netty.request.NettyRequestSender - Using open Channel [id: 0xc46d18cb, L:/127.0.0.1:53802 - R:localhost/127.0.0.1:46455] for POST '/session/e744708c031fc39770e197d63d032555/element'
21:55:27.574 [AsyncHttpClient-1-2] DEBUG org.asynchttpclient.netty.handler.HttpHandler - 

Request DefaultHttpRequest(decodeResult: success, version: HTTP/1.1)
POST /session/e744708c031fc39770e197d63d032555/element HTTP/1.1
User-Agent: selenium/4.8.1 (java windows)
Content-Length: 79
Content-Type: application/json; charset=utf-8
host: localhost:46455
accept: */*

Response DefaultHttpResponse(decodeResult: success, version: HTTP/1.1)
HTTP/1.1 200 OK
Content-Length: 94
Content-Type: application/json; charset=utf-8
cache-control: no-cache

21:55:27.575 [AsyncHttpClient-1-2] DEBUG org.asynchttpclient.netty.channel.ChannelManager - Adding key: http://localhost:46455 for channel [id: 0xc46d18cb, L:/127.0.0.1:53802 - R:localhost/127.0.0.1:46455]
21:55:27.576 [Forwarding clearElement on session e744708c031fc39770e197d63d032555 to remote] DEBUG org.asynchttpclient.netty.request.NettyRequestSender - Using pooled Channel '[id: 0xc46d18cb, L:/127.0.0.1:53802 - R:localhost/127.0.0.1:46455]' for 'POST' to 'http://localhost:46455/session/e744708c031fc39770e197d63d032555/element/A57C8E971128287337169D0FB688F7BE_element_2/clear'
21:55:27.576 [Forwarding clearElement on session e744708c031fc39770e197d63d032555 to remote] DEBUG org.asynchttpclient.netty.request.NettyRequestSender - Using open Channel [id: 0xc46d18cb, L:/127.0.0.1:53802 - R:localhost/127.0.0.1:46455] for POST '/session/e744708c031fc39770e197d63d032555/element/A57C8E971128287337169D0FB688F7BE_element_2/clear'
21:55:27.600 [AsyncHttpClient-1-2] DEBUG org.asynchttpclient.netty.handler.HttpHandler - 

Request DefaultHttpRequest(decodeResult: success, version: HTTP/1.1)
POST /session/e744708c031fc39770e197d63d032555/element/A57C8E971128287337169D0FB688F7BE_element_2/clear HTTP/1.1
User-Agent: selenium/4.8.1 (java windows)
Content-Length: 56
Content-Type: application/json; charset=utf-8
host: localhost:46455
accept: */*

Response DefaultHttpResponse(decodeResult: success, version: HTTP/1.1)
HTTP/1.1 200 OK
Content-Length: 14
Content-Type: application/json; charset=utf-8
cache-control: no-cache

21:55:27.600 [AsyncHttpClient-1-2] DEBUG org.asynchttpclient.netty.channel.ChannelManager - Adding key: http://localhost:46455 for channel [id: 0xc46d18cb, L:/127.0.0.1:53802 - R:localhost/127.0.0.1:46455]
21:55:27.602 [Forwarding sendKeysToElement on session e744708c031fc39770e197d63d032555 to remote] DEBUG org.asynchttpclient.netty.request.NettyRequestSender - Using pooled Channel '[id: 0xc46d18cb, L:/127.0.0.1:53802 - R:localhost/127.0.0.1:46455]' for 'POST' to 'http://localhost:46455/session/e744708c031fc39770e197d63d032555/element/A57C8E971128287337169D0FB688F7BE_element_2/value'
21:55:27.602 [Forwarding sendKeysToElement on session e744708c031fc39770e197d63d032555 to remote] DEBUG org.asynchttpclient.netty.request.NettyRequestSender - Using open Channel [id: 0xc46d18cb, L:/127.0.0.1:53802 - R:localhost/127.0.0.1:46455] for POST '/session/e744708c031fc39770e197d63d032555/element/A57C8E971128287337169D0FB688F7BE_element_2/value'
21:55:27.710 [AsyncHttpClient-1-2] DEBUG org.asynchttpclient.netty.handler.HttpHandler - 

Request DefaultHttpRequest(decodeResult: success, version: HTTP/1.1)
POST /session/e744708c031fc39770e197d63d032555/element/A57C8E971128287337169D0FB688F7BE_element_2/value HTTP/1.1
User-Agent: selenium/4.8.1 (java windows)
Content-Length: 187
Content-Type: application/json; charset=utf-8
host: localhost:46455
accept: */*

Response DefaultHttpResponse(decodeResult: success, version: HTTP/1.1)
HTTP/1.1 200 OK
Content-Length: 14
Content-Type: application/json; charset=utf-8
cache-control: no-cache

21:55:27.712 [AsyncHttpClient-1-2] DEBUG org.asynchttpclient.netty.channel.ChannelManager - Adding key: http://localhost:46455 for channel [id: 0xc46d18cb, L:/127.0.0.1:53802 - R:localhost/127.0.0.1:46455]
21:55:27.732 [Forwarding getAlertText on session e744708c031fc39770e197d63d032555 to remote] DEBUG org.asynchttpclient.netty.request.NettyRequestSender - Using pooled Channel '[id: 0xc46d18cb, L:/127.0.0.1:53802 - R:localhost/127.0.0.1:46455]' for 'GET' to 'http://localhost:46455/session/e744708c031fc39770e197d63d032555/alert/text'
21:55:27.732 [Forwarding getAlertText on session e744708c031fc39770e197d63d032555 to remote] DEBUG org.asynchttpclient.netty.request.NettyRequestSender - Using open Channel [id: 0xc46d18cb, L:/127.0.0.1:53802 - R:localhost/127.0.0.1:46455] for GET '/session/e744708c031fc39770e197d63d032555/alert/text'
21:55:27.745 [AsyncHttpClient-1-2] DEBUG org.asynchttpclient.netty.handler.HttpHandler - 

Request DefaultFullHttpRequest(decodeResult: success, version: HTTP/1.1, content: EmptyByteBufBE)
GET /session/e744708c031fc39770e197d63d032555/alert/text HTTP/1.1
User-Agent: selenium/4.8.1 (java windows)
Cache-Control: no-cache
Content-Type: application/json; charset=utf-8
host: localhost:46455
accept: */*

Response DefaultHttpResponse(decodeResult: success, version: HTTP/1.1)
HTTP/1.1 404 Not Found
Content-Length: 821
Content-Type: application/json; charset=utf-8
cache-control: no-cache

21:55:27.746 [AsyncHttpClient-1-2] DEBUG org.asynchttpclient.netty.channel.ChannelManager - Adding key: http://localhost:46455 for channel [id: 0xc46d18cb, L:/127.0.0.1:53802 - R:localhost/127.0.0.1:46455]
21:55:27.755 [Forwarding getCurrentUrl on session e744708c031fc39770e197d63d032555 to remote] DEBUG org.asynchttpclient.netty.request.NettyRequestSender - Using pooled Channel '[id: 0xc46d18cb, L:/127.0.0.1:53802 - R:localhost/127.0.0.1:46455]' for 'GET' to 'http://localhost:46455/session/e744708c031fc39770e197d63d032555/url'
21:55:27.757 [Forwarding getCurrentUrl on session e744708c031fc39770e197d63d032555 to remote] DEBUG org.asynchttpclient.netty.request.NettyRequestSender - Using open Channel [id: 0xc46d18cb, L:/127.0.0.1:53802 - R:localhost/127.0.0.1:46455] for GET '/session/e744708c031fc39770e197d63d032555/url'
21:55:27.776 [AsyncHttpClient-1-2] DEBUG org.asynchttpclient.netty.handler.HttpHandler - 

Request DefaultFullHttpRequest(decodeResult: success, version: HTTP/1.1, content: EmptyByteBufBE)
GET /session/e744708c031fc39770e197d63d032555/url HTTP/1.1
User-Agent: selenium/4.8.1 (java windows)
Cache-Control: no-cache
Content-Type: application/json; charset=utf-8
host: localhost:46455
accept: */*

Response DefaultHttpResponse(decodeResult: success, version: HTTP/1.1)
HTTP/1.1 200 OK
Content-Length: 47
Content-Type: application/json; charset=utf-8
cache-control: no-cache

21:55:27.776 [AsyncHttpClient-1-2] DEBUG org.asynchttpclient.netty.channel.ChannelManager - Adding key: http://localhost:46455 for channel [id: 0xc46d18cb, L:/127.0.0.1:53802 - R:localhost/127.0.0.1:46455]
21:55:27.780 [Forwarding screenshot on session e744708c031fc39770e197d63d032555 to remote] DEBUG org.asynchttpclient.netty.request.NettyRequestSender - Using pooled Channel '[id: 0xc46d18cb, L:/127.0.0.1:53802 - R:localhost/127.0.0.1:46455]' for 'GET' to 'http://localhost:46455/session/e744708c031fc39770e197d63d032555/screenshot'
21:55:27.780 [Forwarding screenshot on session e744708c031fc39770e197d63d032555 to remote] DEBUG org.asynchttpclient.netty.request.NettyRequestSender - Using open Channel [id: 0xc46d18cb, L:/127.0.0.1:53802 - R:localhost/127.0.0.1:46455] for GET '/session/e744708c031fc39770e197d63d032555/screenshot'
21:55:27.958 [AsyncHttpClient-1-2] DEBUG org.asynchttpclient.netty.handler.HttpHandler - 

Request DefaultFullHttpRequest(decodeResult: success, version: HTTP/1.1, content: EmptyByteBufBE)
GET /session/e744708c031fc39770e197d63d032555/screenshot HTTP/1.1
User-Agent: selenium/4.8.1 (java windows)
Cache-Control: no-cache
Content-Type: application/json; charset=utf-8
host: localhost:46455
accept: */*

Response DefaultHttpResponse(decodeResult: success, version: HTTP/1.1)
HTTP/1.1 200 OK
Content-Length: 39480
Content-Type: application/json; charset=utf-8
cache-control: no-cache

21:55:27.960 [AsyncHttpClient-1-2] DEBUG org.asynchttpclient.netty.channel.ChannelManager - Adding key: http://localhost:46455 for channel [id: 0xc46d18cb, L:/127.0.0.1:53802 - R:localhost/127.0.0.1:46455]
21:55:27.965 [main] DEBUG net.serenitybdd.core.photography.Darkroom - Send negative for processing for target\site\serenity\0848203905204abd79882076e548518aaf669550df61b8e8d89dc78a017fa67e.png
21:55:27.968 [Darkroom Processing Line] DEBUG net.serenitybdd.core.photography.DarkroomProcessingLine - Processing screenshot image in /var/screenshots/screenshot-1256878314091232758
21:55:27.968 [Darkroom Processing Line] DEBUG net.serenitybdd.core.photography.DarkroomProcessingLine - Saving screenshot to target\site\serenity\0848203905204abd79882076e548518aaf669550df61b8e8d89dc78a017fa67e.png
21:55:27.968 [main] DEBUG net.thucydides.core.steps.StepInterceptor - STEP DONE: inputPassword
  &amp#27;[32mAnd &amp#27;[0m&amp#27;[32mI enter Password &amp#27;[0m&amp#27;[32m&amp#27;[1m"mypassword"&amp#27;[0m                   &amp#27;[90m# starter.stepdefinitions.LoginSteps.enterPasswordOnLogin(java.lang.String)&amp#27;[0m
21:55:27.999 [Forwarding getPageSource on session e744708c031fc39770e197d63d032555 to remote] DEBUG org.asynchttpclient.netty.request.NettyRequestSender - Using pooled Channel '[id: 0xc46d18cb, L:/127.0.0.1:53802 - R:localhost/127.0.0.1:46455]' for 'POST' to 'http://localhost:46455/session/e744708c031fc39770e197d63d032555/execute/sync'
21:55:28.000 [Forwarding getPageSource on session e744708c031fc39770e197d63d032555 to remote] DEBUG org.asynchttpclient.netty.request.NettyRequestSender - Using open Channel [id: 0xc46d18cb, L:/127.0.0.1:53802 - R:localhost/127.0.0.1:46455] for POST '/session/e744708c031fc39770e197d63d032555/execute/sync'
21:55:28.034 [AsyncHttpClient-1-2] DEBUG org.asynchttpclient.netty.handler.HttpHandler - 

Request DefaultHttpRequest(decodeResult: success, version: HTTP/1.1)
POST /session/e744708c031fc39770e197d63d032555/execute/sync HTTP/1.1
User-Agent: selenium/4.8.1 (java windows)
Content-Length: 176
Content-Type: application/json; charset=utf-8
host: localhost:46455
accept: */*

Response DefaultHttpResponse(decodeResult: success, version: HTTP/1.1)
HTTP/1.1 200 OK
Content-Length: 166805
Content-Type: application/json; charset=utf-8
cache-control: no-cache

21:55:28.035 [AsyncHttpClient-1-2] DEBUG org.asynchttpclient.netty.channel.ChannelManager - Adding key: http://localhost:46455 for channel [id: 0xc46d18cb, L:/127.0.0.1:53802 - R:localhost/127.0.0.1:46455]
21:55:28.069 [Forwarding getCurrentUrl on session e744708c031fc39770e197d63d032555 to remote] DEBUG org.asynchttpclient.netty.request.NettyRequestSender - Using pooled Channel '[id: 0xc46d18cb, L:/127.0.0.1:53802 - R:localhost/127.0.0.1:46455]' for 'GET' to 'http://localhost:46455/session/e744708c031fc39770e197d63d032555/url'
21:55:28.069 [Forwarding getCurrentUrl on session e744708c031fc39770e197d63d032555 to remote] DEBUG org.asynchttpclient.netty.request.NettyRequestSender - Using open Channel [id: 0xc46d18cb, L:/127.0.0.1:53802 - R:localhost/127.0.0.1:46455] for GET '/session/e744708c031fc39770e197d63d032555/url'
21:55:28.082 [AsyncHttpClient-1-2] DEBUG org.asynchttpclient.netty.handler.HttpHandler - 

Request DefaultFullHttpRequest(decodeResult: success, version: HTTP/1.1, content: EmptyByteBufBE)
GET /session/e744708c031fc39770e197d63d032555/url HTTP/1.1
User-Agent: selenium/4.8.1 (java windows)
Cache-Control: no-cache
Content-Type: application/json; charset=utf-8
host: localhost:46455
accept: */*

Response DefaultHttpResponse(decodeResult: success, version: HTTP/1.1)
HTTP/1.1 200 OK
Content-Length: 47
Content-Type: application/json; charset=utf-8
cache-control: no-cache

21:55:28.083 [AsyncHttpClient-1-2] DEBUG org.asynchttpclient.netty.channel.ChannelManager - Adding key: http://localhost:46455 for channel [id: 0xc46d18cb, L:/127.0.0.1:53802 - R:localhost/127.0.0.1:46455]
21:55:28.105 [Forwarding getAlertText on session e744708c031fc39770e197d63d032555 to remote] DEBUG org.asynchttpclient.netty.request.NettyRequestSender - Using pooled Channel '[id: 0xc46d18cb, L:/127.0.0.1:53802 - R:localhost/127.0.0.1:46455]' for 'GET' to 'http://localhost:46455/session/e744708c031fc39770e197d63d032555/alert/text'
21:55:28.105 [Forwarding getAlertText on session e744708c031fc39770e197d63d032555 to remote] DEBUG org.asynchttpclient.netty.request.NettyRequestSender - Using open Channel [id: 0xc46d18cb, L:/127.0.0.1:53802 - R:localhost/127.0.0.1:46455] for GET '/session/e744708c031fc39770e197d63d032555/alert/text'
21:55:28.106 [AsyncHttpClient-1-2] DEBUG org.asynchttpclient.netty.handler.HttpHandler - 

Request DefaultFullHttpRequest(decodeResult: success, version: HTTP/1.1, content: EmptyByteBufBE)
GET /session/e744708c031fc39770e197d63d032555/alert/text HTTP/1.1
User-Agent: selenium/4.8.1 (java windows)
Cache-Control: no-cache
Content-Type: application/json; charset=utf-8
host: localhost:46455
accept: */*

Response DefaultHttpResponse(decodeResult: success, version: HTTP/1.1)
HTTP/1.1 404 Not Found
Content-Length: 821
Content-Type: application/json; charset=utf-8
cache-control: no-cache

21:55:28.108 [AsyncHttpClient-1-2] DEBUG org.asynchttpclient.netty.channel.ChannelManager - Adding key: http://localhost:46455 for channel [id: 0xc46d18cb, L:/127.0.0.1:53802 - R:localhost/127.0.0.1:46455]
21:55:28.115 [Forwarding getCurrentUrl on session e744708c031fc39770e197d63d032555 to remote] DEBUG org.asynchttpclient.netty.request.NettyRequestSender - Using pooled Channel '[id: 0xc46d18cb, L:/127.0.0.1:53802 - R:localhost/127.0.0.1:46455]' for 'GET' to 'http://localhost:46455/session/e744708c031fc39770e197d63d032555/url'
21:55:28.116 [Forwarding getCurrentUrl on session e744708c031fc39770e197d63d032555 to remote] DEBUG org.asynchttpclient.netty.request.NettyRequestSender - Using open Channel [id: 0xc46d18cb, L:/127.0.0.1:53802 - R:localhost/127.0.0.1:46455] for GET '/session/e744708c031fc39770e197d63d032555/url'
21:55:28.134 [AsyncHttpClient-1-2] DEBUG org.asynchttpclient.netty.handler.HttpHandler - 

Request DefaultFullHttpRequest(decodeResult: success, version: HTTP/1.1, content: EmptyByteBufBE)
GET /session/e744708c031fc39770e197d63d032555/url HTTP/1.1
User-Agent: selenium/4.8.1 (java windows)
Cache-Control: no-cache
Content-Type: application/json; charset=utf-8
host: localhost:46455
accept: */*

Response DefaultHttpResponse(decodeResult: success, version: HTTP/1.1)
HTTP/1.1 200 OK
Content-Length: 47
Content-Type: application/json; charset=utf-8
cache-control: no-cache

21:55:28.135 [AsyncHttpClient-1-2] DEBUG org.asynchttpclient.netty.channel.ChannelManager - Adding key: http://localhost:46455 for channel [id: 0xc46d18cb, L:/127.0.0.1:53802 - R:localhost/127.0.0.1:46455]
21:55:28.139 [Forwarding screenshot on session e744708c031fc39770e197d63d032555 to remote] DEBUG org.asynchttpclient.netty.request.NettyRequestSender - Using pooled Channel '[id: 0xc46d18cb, L:/127.0.0.1:53802 - R:localhost/127.0.0.1:46455]' for 'GET' to 'http://localhost:46455/session/e744708c031fc39770e197d63d032555/screenshot'
21:55:28.140 [Forwarding screenshot on session e744708c031fc39770e197d63d032555 to remote] DEBUG org.asynchttpclient.netty.request.NettyRequestSender - Using open Channel [id: 0xc46d18cb, L:/127.0.0.1:53802 - R:localhost/127.0.0.1:46455] for GET '/session/e744708c031fc39770e197d63d032555/screenshot'
21:55:28.220 [AsyncHttpClient-1-1] DEBUG org.asynchttpclient.netty.channel.DefaultChannelPool - Entry count for : http://localhost:53803 : 1
21:55:28.289 [AsyncHttpClient-1-2] DEBUG org.asynchttpclient.netty.handler.HttpHandler - 

Request DefaultFullHttpRequest(decodeResult: success, version: HTTP/1.1, content: EmptyByteBufBE)
GET /session/e744708c031fc39770e197d63d032555/screenshot HTTP/1.1
User-Agent: selenium/4.8.1 (java windows)
Cache-Control: no-cache
Content-Type: application/json; charset=utf-8
host: localhost:46455
accept: */*

Response DefaultHttpResponse(decodeResult: success, version: HTTP/1.1)
HTTP/1.1 200 OK
Content-Length: 39480
Content-Type: application/json; charset=utf-8
cache-control: no-cache

21:55:28.290 [AsyncHttpClient-1-2] DEBUG org.asynchttpclient.netty.channel.ChannelManager - Adding key: http://localhost:46455 for channel [id: 0xc46d18cb, L:/127.0.0.1:53802 - R:localhost/127.0.0.1:46455]
21:55:28.292 [main] DEBUG net.serenitybdd.core.photography.Darkroom - Send negative for processing for target\site\serenity\0848203905204abd79882076e548518aaf669550df61b8e8d89dc78a017fa67e.png
21:55:28.294 [Forwarding getPageSource on session e744708c031fc39770e197d63d032555 to remote] DEBUG org.asynchttpclient.netty.request.NettyRequestSender - Using pooled Channel '[id: 0xc46d18cb, L:/127.0.0.1:53802 - R:localhost/127.0.0.1:46455]' for 'POST' to 'http://localhost:46455/session/e744708c031fc39770e197d63d032555/execute/sync'
21:55:28.294 [Forwarding getPageSource on session e744708c031fc39770e197d63d032555 to remote] DEBUG org.asynchttpclient.netty.request.NettyRequestSender - Using open Channel [id: 0xc46d18cb, L:/127.0.0.1:53802 - R:localhost/127.0.0.1:46455] for POST '/session/e744708c031fc39770e197d63d032555/execute/sync'
21:55:28.335 [AsyncHttpClient-1-2] DEBUG org.asynchttpclient.netty.handler.HttpHandler - 

Request DefaultHttpRequest(decodeResult: success, version: HTTP/1.1)
POST /session/e744708c031fc39770e197d63d032555/execute/sync HTTP/1.1
User-Agent: selenium/4.8.1 (java windows)
Content-Length: 176
Content-Type: application/json; charset=utf-8
host: localhost:46455
accept: */*

Response DefaultHttpResponse(decodeResult: success, version: HTTP/1.1)
HTTP/1.1 200 OK
Content-Length: 166805
Content-Type: application/json; charset=utf-8
cache-control: no-cache

21:55:28.337 [AsyncHttpClient-1-2] DEBUG org.asynchttpclient.netty.channel.ChannelManager - Adding key: http://localhost:46455 for channel [id: 0xc46d18cb, L:/127.0.0.1:53802 - R:localhost/127.0.0.1:46455]
21:55:28.364 [Forwarding getCurrentUrl on session e744708c031fc39770e197d63d032555 to remote] DEBUG org.asynchttpclient.netty.request.NettyRequestSender - Using pooled Channel '[id: 0xc46d18cb, L:/127.0.0.1:53802 - R:localhost/127.0.0.1:46455]' for 'GET' to 'http://localhost:46455/session/e744708c031fc39770e197d63d032555/url'
21:55:28.364 [Forwarding getCurrentUrl on session e744708c031fc39770e197d63d032555 to remote] DEBUG org.asynchttpclient.netty.request.NettyRequestSender - Using open Channel [id: 0xc46d18cb, L:/127.0.0.1:53802 - R:localhost/127.0.0.1:46455] for GET '/session/e744708c031fc39770e197d63d032555/url'
21:55:28.377 [AsyncHttpClient-1-2] DEBUG org.asynchttpclient.netty.handler.HttpHandler - 

Request DefaultFullHttpRequest(decodeResult: success, version: HTTP/1.1, content: EmptyByteBufBE)
GET /session/e744708c031fc39770e197d63d032555/url HTTP/1.1
User-Agent: selenium/4.8.1 (java windows)
Cache-Control: no-cache
Content-Type: application/json; charset=utf-8
host: localhost:46455
accept: */*

Response DefaultHttpResponse(decodeResult: success, version: HTTP/1.1)
HTTP/1.1 200 OK
Content-Length: 47
Content-Type: application/json; charset=utf-8
cache-control: no-cache

21:55:28.378 [AsyncHttpClient-1-2] DEBUG org.asynchttpclient.netty.channel.ChannelManager - Adding key: http://localhost:46455 for channel [id: 0xc46d18cb, L:/127.0.0.1:53802 - R:localhost/127.0.0.1:46455]
21:55:28.383 [main] DEBUG net.thucydides.core.steps.StepInterceptor - STARTING STEP: LoginSteps.clickSigInButton - ClickSigInButton
21:55:28.394 [Forwarding findElement on session e744708c031fc39770e197d63d032555 to remote] DEBUG org.asynchttpclient.netty.request.NettyRequestSender - Using pooled Channel '[id: 0xc46d18cb, L:/127.0.0.1:53802 - R:localhost/127.0.0.1:46455]' for 'POST' to 'http://localhost:46455/session/e744708c031fc39770e197d63d032555/element'
21:55:28.394 [Forwarding findElement on session e744708c031fc39770e197d63d032555 to remote] DEBUG org.asynchttpclient.netty.request.NettyRequestSender - Using open Channel [id: 0xc46d18cb, L:/127.0.0.1:53802 - R:localhost/127.0.0.1:46455] for POST '/session/e744708c031fc39770e197d63d032555/element'
21:55:28.453 [AsyncHttpClient-1-2] DEBUG org.asynchttpclient.netty.handler.HttpHandler - 

Request DefaultHttpRequest(decodeResult: success, version: HTTP/1.1)
POST /session/e744708c031fc39770e197d63d032555/element HTTP/1.1
User-Agent: selenium/4.8.1 (java windows)
Content-Length: 155
Content-Type: application/json; charset=utf-8
host: localhost:46455
accept: */*

Response DefaultHttpResponse(decodeResult: success, version: HTTP/1.1)
HTTP/1.1 200 OK
Content-Length: 94
Content-Type: application/json; charset=utf-8
cache-control: no-cache

21:55:28.453 [AsyncHttpClient-1-2] DEBUG org.asynchttpclient.netty.channel.ChannelManager - Adding key: http://localhost:46455 for channel [id: 0xc46d18cb, L:/127.0.0.1:53802 - R:localhost/127.0.0.1:46455]
21:55:28.459 [Forwarding getElementTagName on session e744708c031fc39770e197d63d032555 to remote] DEBUG org.asynchttpclient.netty.request.NettyRequestSender - Using pooled Channel '[id: 0xc46d18cb, L:/127.0.0.1:53802 - R:localhost/127.0.0.1:46455]' for 'GET' to 'http://localhost:46455/session/e744708c031fc39770e197d63d032555/element/A57C8E971128287337169D0FB688F7BE_element_4/name'
21:55:28.460 [Forwarding getElementTagName on session e744708c031fc39770e197d63d032555 to remote] DEBUG org.asynchttpclient.netty.request.NettyRequestSender - Using open Channel [id: 0xc46d18cb, L:/127.0.0.1:53802 - R:localhost/127.0.0.1:46455] for GET '/session/e744708c031fc39770e197d63d032555/element/A57C8E971128287337169D0FB688F7BE_element_4/name'
21:55:28.470 [AsyncHttpClient-1-2] DEBUG org.asynchttpclient.netty.handler.HttpHandler - 

Request DefaultFullHttpRequest(decodeResult: success, version: HTTP/1.1, content: EmptyByteBufBE)
GET /session/e744708c031fc39770e197d63d032555/element/A57C8E971128287337169D0FB688F7BE_element_4/name HTTP/1.1
User-Agent: selenium/4.8.1 (java windows)
Cache-Control: no-cache
Content-Type: application/json; charset=utf-8
host: localhost:46455
accept: */*

Response DefaultHttpResponse(decodeResult: success, version: HTTP/1.1)
HTTP/1.1 200 OK
Content-Length: 16
Content-Type: application/json; charset=utf-8
cache-control: no-cache

21:55:28.471 [AsyncHttpClient-1-2] DEBUG org.asynchttpclient.netty.channel.ChannelManager - Adding key: http://localhost:46455 for channel [id: 0xc46d18cb, L:/127.0.0.1:53802 - R:localhost/127.0.0.1:46455]
21:55:28.472 [Forwarding getElementTagName on session e744708c031fc39770e197d63d032555 to remote] DEBUG org.asynchttpclient.netty.request.NettyRequestSender - Using pooled Channel '[id: 0xc46d18cb, L:/127.0.0.1:53802 - R:localhost/127.0.0.1:46455]' for 'GET' to 'http://localhost:46455/session/e744708c031fc39770e197d63d032555/element/A57C8E971128287337169D0FB688F7BE_element_4/name'
21:55:28.472 [Forwarding getElementTagName on session e744708c031fc39770e197d63d032555 to remote] DEBUG org.asynchttpclient.netty.request.NettyRequestSender - Using open Channel [id: 0xc46d18cb, L:/127.0.0.1:53802 - R:localhost/127.0.0.1:46455] for GET '/session/e744708c031fc39770e197d63d032555/element/A57C8E971128287337169D0FB688F7BE_element_4/name'
21:55:28.478 [AsyncHttpClient-1-2] DEBUG org.asynchttpclient.netty.handler.HttpHandler - 

Request DefaultFullHttpRequest(decodeResult: success, version: HTTP/1.1, content: EmptyByteBufBE)
GET /session/e744708c031fc39770e197d63d032555/element/A57C8E971128287337169D0FB688F7BE_element_4/name HTTP/1.1
User-Agent: selenium/4.8.1 (java windows)
Cache-Control: no-cache
Content-Type: application/json; charset=utf-8
host: localhost:46455
accept: */*

Response DefaultHttpResponse(decodeResult: success, version: HTTP/1.1)
HTTP/1.1 200 OK
Content-Length: 16
Content-Type: application/json; charset=utf-8
cache-control: no-cache

21:55:28.478 [AsyncHttpClient-1-2] DEBUG org.asynchttpclient.netty.channel.ChannelManager - Adding key: http://localhost:46455 for channel [id: 0xc46d18cb, L:/127.0.0.1:53802 - R:localhost/127.0.0.1:46455]
21:55:28.484 [Forwarding findElement on session e744708c031fc39770e197d63d032555 to remote] DEBUG org.asynchttpclient.netty.request.NettyRequestSender - Using pooled Channel '[id: 0xc46d18cb, L:/127.0.0.1:53802 - R:localhost/127.0.0.1:46455]' for 'POST' to 'http://localhost:46455/session/e744708c031fc39770e197d63d032555/element'
21:55:28.484 [Forwarding findElement on session e744708c031fc39770e197d63d032555 to remote] DEBUG org.asynchttpclient.netty.request.NettyRequestSender - Using open Channel [id: 0xc46d18cb, L:/127.0.0.1:53802 - R:localhost/127.0.0.1:46455] for POST '/session/e744708c031fc39770e197d63d032555/element'
21:55:28.499 [AsyncHttpClient-1-2] DEBUG org.asynchttpclient.netty.handler.HttpHandler - 

Request DefaultHttpRequest(decodeResult: success, version: HTTP/1.1)
POST /session/e744708c031fc39770e197d63d032555/element HTTP/1.1
User-Agent: selenium/4.8.1 (java windows)
Content-Length: 155
Content-Type: application/json; charset=utf-8
host: localhost:46455
accept: */*

Response DefaultHttpResponse(decodeResult: success, version: HTTP/1.1)
HTTP/1.1 200 OK
Content-Length: 94
Content-Type: application/json; charset=utf-8
cache-control: no-cache

21:55:28.500 [AsyncHttpClient-1-2] DEBUG org.asynchttpclient.netty.channel.ChannelManager - Adding key: http://localhost:46455 for channel [id: 0xc46d18cb, L:/127.0.0.1:53802 - R:localhost/127.0.0.1:46455]
21:55:28.503 [Forwarding clickElement on session e744708c031fc39770e197d63d032555 to remote] DEBUG org.asynchttpclient.netty.request.NettyRequestSender - Using pooled Channel '[id: 0xc46d18cb, L:/127.0.0.1:53802 - R:localhost/127.0.0.1:46455]' for 'POST' to 'http://localhost:46455/session/e744708c031fc39770e197d63d032555/element/A57C8E971128287337169D0FB688F7BE_element_4/click'
21:55:28.504 [Forwarding clickElement on session e744708c031fc39770e197d63d032555 to remote] DEBUG org.asynchttpclient.netty.request.NettyRequestSender - Using open Channel [id: 0xc46d18cb, L:/127.0.0.1:53802 - R:localhost/127.0.0.1:46455] for POST '/session/e744708c031fc39770e197d63d032555/element/A57C8E971128287337169D0FB688F7BE_element_4/click'
21:55:28.627 [AsyncHttpClient-1-2] DEBUG org.asynchttpclient.netty.handler.HttpHandler - 

Request DefaultHttpRequest(decodeResult: success, version: HTTP/1.1)
POST /session/e744708c031fc39770e197d63d032555/element/A57C8E971128287337169D0FB688F7BE_element_4/click HTTP/1.1
User-Agent: selenium/4.8.1 (java windows)
Content-Length: 56
Content-Type: application/json; charset=utf-8
host: localhost:46455
accept: */*

Response DefaultHttpResponse(decodeResult: success, version: HTTP/1.1)
HTTP/1.1 200 OK
Content-Length: 14
Content-Type: application/json; charset=utf-8
cache-control: no-cache

21:55:28.627 [AsyncHttpClient-1-2] DEBUG org.asynchttpclient.netty.channel.ChannelManager - Adding key: http://localhost:46455 for channel [id: 0xc46d18cb, L:/127.0.0.1:53802 - R:localhost/127.0.0.1:46455]
21:55:28.640 [Forwarding getAlertText on session e744708c031fc39770e197d63d032555 to remote] DEBUG org.asynchttpclient.netty.request.NettyRequestSender - Using pooled Channel '[id: 0xc46d18cb, L:/127.0.0.1:53802 - R:localhost/127.0.0.1:46455]' for 'GET' to 'http://localhost:46455/session/e744708c031fc39770e197d63d032555/alert/text'
21:55:28.640 [Forwarding getAlertText on session e744708c031fc39770e197d63d032555 to remote] DEBUG org.asynchttpclient.netty.request.NettyRequestSender - Using open Channel [id: 0xc46d18cb, L:/127.0.0.1:53802 - R:localhost/127.0.0.1:46455] for GET '/session/e744708c031fc39770e197d63d032555/alert/text'
21:55:28.642 [AsyncHttpClient-1-2] DEBUG org.asynchttpclient.netty.handler.HttpHandler - 

Request DefaultFullHttpRequest(decodeResult: success, version: HTTP/1.1, content: EmptyByteBufBE)
GET /session/e744708c031fc39770e197d63d032555/alert/text HTTP/1.1
User-Agent: selenium/4.8.1 (java windows)
Cache-Control: no-cache
Content-Type: application/json; charset=utf-8
host: localhost:46455
accept: */*

Response DefaultHttpResponse(decodeResult: success, version: HTTP/1.1)
HTTP/1.1 404 Not Found
Content-Length: 821
Content-Type: application/json; charset=utf-8
cache-control: no-cache

21:55:28.642 [AsyncHttpClient-1-2] DEBUG org.asynchttpclient.netty.channel.ChannelManager - Adding key: http://localhost:46455 for channel [id: 0xc46d18cb, L:/127.0.0.1:53802 - R:localhost/127.0.0.1:46455]
21:55:28.644 [Forwarding getCurrentUrl on session e744708c031fc39770e197d63d032555 to remote] DEBUG org.asynchttpclient.netty.request.NettyRequestSender - Using pooled Channel '[id: 0xc46d18cb, L:/127.0.0.1:53802 - R:localhost/127.0.0.1:46455]' for 'GET' to 'http://localhost:46455/session/e744708c031fc39770e197d63d032555/url'
21:55:28.644 [Forwarding getCurrentUrl on session e744708c031fc39770e197d63d032555 to remote] DEBUG org.asynchttpclient.netty.request.NettyRequestSender - Using open Channel [id: 0xc46d18cb, L:/127.0.0.1:53802 - R:localhost/127.0.0.1:46455] for GET '/session/e744708c031fc39770e197d63d032555/url'
21:55:28.658 [AsyncHttpClient-1-2] DEBUG org.asynchttpclient.netty.handler.HttpHandler - 

Request DefaultFullHttpRequest(decodeResult: success, version: HTTP/1.1, content: EmptyByteBufBE)
GET /session/e744708c031fc39770e197d63d032555/url HTTP/1.1
User-Agent: selenium/4.8.1 (java windows)
Cache-Control: no-cache
Content-Type: application/json; charset=utf-8
host: localhost:46455
accept: */*

Response DefaultHttpResponse(decodeResult: success, version: HTTP/1.1)
HTTP/1.1 200 OK
Content-Length: 47
Content-Type: application/json; charset=utf-8
cache-control: no-cache

21:55:28.658 [AsyncHttpClient-1-2] DEBUG org.asynchttpclient.netty.channel.ChannelManager - Adding key: http://localhost:46455 for channel [id: 0xc46d18cb, L:/127.0.0.1:53802 - R:localhost/127.0.0.1:46455]
21:55:28.662 [Forwarding screenshot on session e744708c031fc39770e197d63d032555 to remote] DEBUG org.asynchttpclient.netty.request.NettyRequestSender - Using pooled Channel '[id: 0xc46d18cb, L:/127.0.0.1:53802 - R:localhost/127.0.0.1:46455]' for 'GET' to 'http://localhost:46455/session/e744708c031fc39770e197d63d032555/screenshot'
21:55:28.662 [Forwarding screenshot on session e744708c031fc39770e197d63d032555 to remote] DEBUG org.asynchttpclient.netty.request.NettyRequestSender - Using open Channel [id: 0xc46d18cb, L:/127.0.0.1:53802 - R:localhost/127.0.0.1:46455] for GET '/session/e744708c031fc39770e197d63d032555/screenshot'
21:55:28.874 [AsyncHttpClient-1-2] DEBUG org.asynchttpclient.netty.handler.HttpHandler - 

Request DefaultFullHttpRequest(decodeResult: success, version: HTTP/1.1, content: EmptyByteBufBE)
GET /session/e744708c031fc39770e197d63d032555/screenshot HTTP/1.1
User-Agent: selenium/4.8.1 (java windows)
Cache-Control: no-cache
Content-Type: application/json; charset=utf-8
host: localhost:46455
accept: */*

Response DefaultHttpResponse(decodeResult: success, version: HTTP/1.1)
HTTP/1.1 200 OK
Content-Length: 120640
Content-Type: application/json; charset=utf-8
cache-control: no-cache

21:55:28.875 [AsyncHttpClient-1-2] DEBUG org.asynchttpclient.netty.channel.ChannelManager - Adding key: http://localhost:46455 for channel [id: 0xc46d18cb, L:/127.0.0.1:53802 - R:localhost/127.0.0.1:46455]
21:55:28.878 [main] DEBUG net.serenitybdd.core.photography.Darkroom - Send negative for processing for target\site\serenity\6165d124aa72f2a1c4c6e48a02be797d84d9869a8af17448df85f38fb58c1c68.png
21:55:28.879 [Darkroom Processing Line] DEBUG net.serenitybdd.core.photography.DarkroomProcessingLine - Processing screenshot image in /var/screenshots/screenshot-16463373245170054474
21:55:28.879 [main] DEBUG net.thucydides.core.steps.StepInterceptor - STEP DONE: ClickSigInButton
21:55:28.879 [Darkroom Processing Line] DEBUG net.serenitybdd.core.photography.DarkroomProcessingLine - Saving screenshot to target\site\serenity\6165d124aa72f2a1c4c6e48a02be797d84d9869a8af17448df85f38fb58c1c68.png
  &amp#27;[32mAnd &amp#27;[0m&amp#27;[32mI click SigIn button&amp#27;[0m                            &amp#27;[90m# starter.stepdefinitions.LoginSteps.clickSigInButton()&amp#27;[0m
21:55:28.900 [Forwarding getPageSource on session e744708c031fc39770e197d63d032555 to remote] DEBUG org.asynchttpclient.netty.request.NettyRequestSender - Using pooled Channel '[id: 0xc46d18cb, L:/127.0.0.1:53802 - R:localhost/127.0.0.1:46455]' for 'POST' to 'http://localhost:46455/session/e744708c031fc39770e197d63d032555/execute/sync'
21:55:28.900 [Forwarding getPageSource on session e744708c031fc39770e197d63d032555 to remote] DEBUG org.asynchttpclient.netty.request.NettyRequestSender - Using open Channel [id: 0xc46d18cb, L:/127.0.0.1:53802 - R:localhost/127.0.0.1:46455] for POST '/session/e744708c031fc39770e197d63d032555/execute/sync'
21:55:28.928 [AsyncHttpClient-1-2] DEBUG org.asynchttpclient.netty.handler.HttpHandler - 

Request DefaultHttpRequest(decodeResult: success, version: HTTP/1.1)
POST /session/e744708c031fc39770e197d63d032555/execute/sync HTTP/1.1
User-Agent: selenium/4.8.1 (java windows)
Content-Length: 176
Content-Type: application/json; charset=utf-8
host: localhost:46455
accept: */*

Response DefaultHttpResponse(decodeResult: success, version: HTTP/1.1)
HTTP/1.1 200 OK
Content-Length: 167922
Content-Type: application/json; charset=utf-8
cache-control: no-cache

21:55:28.932 [AsyncHttpClient-1-2] DEBUG org.asynchttpclient.netty.channel.ChannelManager - Adding key: http://localhost:46455 for channel [id: 0xc46d18cb, L:/127.0.0.1:53802 - R:localhost/127.0.0.1:46455]
21:55:28.968 [Forwarding getCurrentUrl on session e744708c031fc39770e197d63d032555 to remote] DEBUG org.asynchttpclient.netty.request.NettyRequestSender - Using pooled Channel '[id: 0xc46d18cb, L:/127.0.0.1:53802 - R:localhost/127.0.0.1:46455]' for 'GET' to 'http://localhost:46455/session/e744708c031fc39770e197d63d032555/url'
21:55:28.969 [Forwarding getCurrentUrl on session e744708c031fc39770e197d63d032555 to remote] DEBUG org.asynchttpclient.netty.request.NettyRequestSender - Using open Channel [id: 0xc46d18cb, L:/127.0.0.1:53802 - R:localhost/127.0.0.1:46455] for GET '/session/e744708c031fc39770e197d63d032555/url'
21:55:29.029 [AsyncHttpClient-1-2] DEBUG org.asynchttpclient.netty.handler.HttpHandler - 

Request DefaultFullHttpRequest(decodeResult: success, version: HTTP/1.1, content: EmptyByteBufBE)
GET /session/e744708c031fc39770e197d63d032555/url HTTP/1.1
User-Agent: selenium/4.8.1 (java windows)
Cache-Control: no-cache
Content-Type: application/json; charset=utf-8
host: localhost:46455
accept: */*

Response DefaultHttpResponse(decodeResult: success, version: HTTP/1.1)
HTTP/1.1 200 OK
Content-Length: 47
Content-Type: application/json; charset=utf-8
cache-control: no-cache

21:55:29.032 [AsyncHttpClient-1-2] DEBUG org.asynchttpclient.netty.channel.ChannelManager - Adding key: http://localhost:46455 for channel [id: 0xc46d18cb, L:/127.0.0.1:53802 - R:localhost/127.0.0.1:46455]
21:55:29.072 [Forwarding getAlertText on session e744708c031fc39770e197d63d032555 to remote] DEBUG org.asynchttpclient.netty.request.NettyRequestSender - Using pooled Channel '[id: 0xc46d18cb, L:/127.0.0.1:53802 - R:localhost/127.0.0.1:46455]' for 'GET' to 'http://localhost:46455/session/e744708c031fc39770e197d63d032555/alert/text'
21:55:29.073 [Forwarding getAlertText on session e744708c031fc39770e197d63d032555 to remote] DEBUG org.asynchttpclient.netty.request.NettyRequestSender - Using open Channel [id: 0xc46d18cb, L:/127.0.0.1:53802 - R:localhost/127.0.0.1:46455] for GET '/session/e744708c031fc39770e197d63d032555/alert/text'
21:55:29.170 [AsyncHttpClient-1-2] DEBUG org.asynchttpclient.netty.handler.HttpHandler - 

Request DefaultFullHttpRequest(decodeResult: success, version: HTTP/1.1, content: EmptyByteBufBE)
GET /session/e744708c031fc39770e197d63d032555/alert/text HTTP/1.1
User-Agent: selenium/4.8.1 (java windows)
Cache-Control: no-cache
Content-Type: application/json; charset=utf-8
host: localhost:46455
accept: */*

Response DefaultHttpResponse(decodeResult: success, version: HTTP/1.1)
HTTP/1.1 404 Not Found
Content-Length: 821
Content-Type: application/json; charset=utf-8
cache-control: no-cache

21:55:29.172 [AsyncHttpClient-1-2] DEBUG org.asynchttpclient.netty.channel.ChannelManager - Adding key: http://localhost:46455 for channel [id: 0xc46d18cb, L:/127.0.0.1:53802 - R:localhost/127.0.0.1:46455]
21:55:29.176 [Forwarding getCurrentUrl on session e744708c031fc39770e197d63d032555 to remote] DEBUG org.asynchttpclient.netty.request.NettyRequestSender - Using pooled Channel '[id: 0xc46d18cb, L:/127.0.0.1:53802 - R:localhost/127.0.0.1:46455]' for 'GET' to 'http://localhost:46455/session/e744708c031fc39770e197d63d032555/url'
21:55:29.176 [Forwarding getCurrentUrl on session e744708c031fc39770e197d63d032555 to remote] DEBUG org.asynchttpclient.netty.request.NettyRequestSender - Using open Channel [id: 0xc46d18cb, L:/127.0.0.1:53802 - R:localhost/127.0.0.1:46455] for GET '/session/e744708c031fc39770e197d63d032555/url'
21:55:29.242 [AsyncHttpClient-1-2] DEBUG org.asynchttpclient.netty.handler.HttpHandler - 

Request DefaultFullHttpRequest(decodeResult: success, version: HTTP/1.1, content: EmptyByteBufBE)
GET /session/e744708c031fc39770e197d63d032555/url HTTP/1.1
User-Agent: selenium/4.8.1 (java windows)
Cache-Control: no-cache
Content-Type: application/json; charset=utf-8
host: localhost:46455
accept: */*

Response DefaultHttpResponse(decodeResult: success, version: HTTP/1.1)
HTTP/1.1 200 OK
Content-Length: 47
Content-Type: application/json; charset=utf-8
cache-control: no-cache

21:55:29.243 [AsyncHttpClient-1-2] DEBUG org.asynchttpclient.netty.channel.ChannelManager - Adding key: http://localhost:46455 for channel [id: 0xc46d18cb, L:/127.0.0.1:53802 - R:localhost/127.0.0.1:46455]
21:55:29.248 [Forwarding screenshot on session e744708c031fc39770e197d63d032555 to remote] DEBUG org.asynchttpclient.netty.request.NettyRequestSender - Using pooled Channel '[id: 0xc46d18cb, L:/127.0.0.1:53802 - R:localhost/127.0.0.1:46455]' for 'GET' to 'http://localhost:46455/session/e744708c031fc39770e197d63d032555/screenshot'
21:55:29.248 [Forwarding screenshot on session e744708c031fc39770e197d63d032555 to remote] DEBUG org.asynchttpclient.netty.request.NettyRequestSender - Using open Channel [id: 0xc46d18cb, L:/127.0.0.1:53802 - R:localhost/127.0.0.1:46455] for GET '/session/e744708c031fc39770e197d63d032555/screenshot'
21:55:29.318 [AsyncHttpClient-1-1] DEBUG org.asynchttpclient.netty.channel.DefaultChannelPool - Entry count for : http://localhost:53803 : 1
21:55:29.595 [AsyncHttpClient-1-2] DEBUG org.asynchttpclient.netty.handler.HttpHandler - 

Request DefaultFullHttpRequest(decodeResult: success, version: HTTP/1.1, content: EmptyByteBufBE)
GET /session/e744708c031fc39770e197d63d032555/screenshot HTTP/1.1
User-Agent: selenium/4.8.1 (java windows)
Cache-Control: no-cache
Content-Type: application/json; charset=utf-8
host: localhost:46455
accept: */*

Response DefaultHttpResponse(decodeResult: success, version: HTTP/1.1)
HTTP/1.1 200 OK
Content-Length: 121752
Content-Type: application/json; charset=utf-8
cache-control: no-cache

21:55:29.600 [AsyncHttpClient-1-2] DEBUG org.asynchttpclient.netty.channel.ChannelManager - Adding key: http://localhost:46455 for channel [id: 0xc46d18cb, L:/127.0.0.1:53802 - R:localhost/127.0.0.1:46455]
21:55:29.611 [main] DEBUG net.serenitybdd.core.photography.Darkroom - Send negative for processing for target\site\serenity\813b643345c9f77e5806a4362aebe3f7423f6612358ff977632c43c0b552559c.png
21:55:29.616 [Darkroom Processing Line] DEBUG net.serenitybdd.core.photography.DarkroomProcessingLine - Processing screenshot image in /var/screenshots/screenshot-9007617515426032228
21:55:29.616 [Darkroom Processing Line] DEBUG net.serenitybdd.core.photography.DarkroomProcessingLine - Saving screenshot to target\site\serenity\813b643345c9f77e5806a4362aebe3f7423f6612358ff977632c43c0b552559c.png
21:55:29.618 [Forwarding getPageSource on session e744708c031fc39770e197d63d032555 to remote] DEBUG org.asynchttpclient.netty.request.NettyRequestSender - Using pooled Channel '[id: 0xc46d18cb, L:/127.0.0.1:53802 - R:localhost/127.0.0.1:46455]' for 'POST' to 'http://localhost:46455/session/e744708c031fc39770e197d63d032555/execute/sync'
21:55:29.619 [Forwarding getPageSource on session e744708c031fc39770e197d63d032555 to remote] DEBUG org.asynchttpclient.netty.request.NettyRequestSender - Using open Channel [id: 0xc46d18cb, L:/127.0.0.1:53802 - R:localhost/127.0.0.1:46455] for POST '/session/e744708c031fc39770e197d63d032555/execute/sync'
21:55:29.668 [AsyncHttpClient-1-2] DEBUG org.asynchttpclient.netty.handler.HttpHandler - 

Request DefaultHttpRequest(decodeResult: success, version: HTTP/1.1)
POST /session/e744708c031fc39770e197d63d032555/execute/sync HTTP/1.1
User-Agent: selenium/4.8.1 (java windows)
Content-Length: 176
Content-Type: application/json; charset=utf-8
host: localhost:46455
accept: */*

Response DefaultHttpResponse(decodeResult: success, version: HTTP/1.1)
HTTP/1.1 200 OK
Content-Length: 173045
Content-Type: application/json; charset=utf-8
cache-control: no-cache

21:55:29.670 [AsyncHttpClient-1-2] DEBUG org.asynchttpclient.netty.channel.ChannelManager - Adding key: http://localhost:46455 for channel [id: 0xc46d18cb, L:/127.0.0.1:53802 - R:localhost/127.0.0.1:46455]
21:55:29.693 [Forwarding getCurrentUrl on session e744708c031fc39770e197d63d032555 to remote] DEBUG org.asynchttpclient.netty.request.NettyRequestSender - Using pooled Channel '[id: 0xc46d18cb, L:/127.0.0.1:53802 - R:localhost/127.0.0.1:46455]' for 'GET' to 'http://localhost:46455/session/e744708c031fc39770e197d63d032555/url'
21:55:29.693 [Forwarding getCurrentUrl on session e744708c031fc39770e197d63d032555 to remote] DEBUG org.asynchttpclient.netty.request.NettyRequestSender - Using open Channel [id: 0xc46d18cb, L:/127.0.0.1:53802 - R:localhost/127.0.0.1:46455] for GET '/session/e744708c031fc39770e197d63d032555/url'
21:55:29.706 [AsyncHttpClient-1-2] DEBUG org.asynchttpclient.netty.handler.HttpHandler - 

Request DefaultFullHttpRequest(decodeResult: success, version: HTTP/1.1, content: EmptyByteBufBE)
GET /session/e744708c031fc39770e197d63d032555/url HTTP/1.1
User-Agent: selenium/4.8.1 (java windows)
Cache-Control: no-cache
Content-Type: application/json; charset=utf-8
host: localhost:46455
accept: */*

Response DefaultHttpResponse(decodeResult: success, version: HTTP/1.1)
HTTP/1.1 200 OK
Content-Length: 47
Content-Type: application/json; charset=utf-8
cache-control: no-cache

21:55:29.708 [AsyncHttpClient-1-2] DEBUG org.asynchttpclient.netty.channel.ChannelManager - Adding key: http://localhost:46455 for channel [id: 0xc46d18cb, L:/127.0.0.1:53802 - R:localhost/127.0.0.1:46455]
21:55:29.712 [main] DEBUG net.thucydides.core.steps.StepInterceptor - STARTING STEP: LoginSteps.goToHomePage - validateOnHomePage
21:55:29.717 [Forwarding findElement on session e744708c031fc39770e197d63d032555 to remote] DEBUG org.asynchttpclient.netty.request.NettyRequestSender - Using pooled Channel '[id: 0xc46d18cb, L:/127.0.0.1:53802 - R:localhost/127.0.0.1:46455]' for 'POST' to 'http://localhost:46455/session/e744708c031fc39770e197d63d032555/element'
21:55:29.717 [Forwarding findElement on session e744708c031fc39770e197d63d032555 to remote] DEBUG org.asynchttpclient.netty.request.NettyRequestSender - Using open Channel [id: 0xc46d18cb, L:/127.0.0.1:53802 - R:localhost/127.0.0.1:46455] for POST '/session/e744708c031fc39770e197d63d032555/element'
21:55:29.738 [AsyncHttpClient-1-2] DEBUG org.asynchttpclient.netty.handler.HttpHandler - 

Request DefaultHttpRequest(decodeResult: success, version: HTTP/1.1)
POST /session/e744708c031fc39770e197d63d032555/element HTTP/1.1
User-Agent: selenium/4.8.1 (java windows)
Content-Length: 64
Content-Type: application/json; charset=utf-8
host: localhost:46455
accept: */*

Response DefaultHttpResponse(decodeResult: success, version: HTTP/1.1)
HTTP/1.1 200 OK
Content-Length: 95
Content-Type: application/json; charset=utf-8
cache-control: no-cache

21:55:29.739 [AsyncHttpClient-1-2] DEBUG org.asynchttpclient.netty.channel.ChannelManager - Adding key: http://localhost:46455 for channel [id: 0xc46d18cb, L:/127.0.0.1:53802 - R:localhost/127.0.0.1:46455]
21:55:29.753 [Forwarding isElementDisplayed on session e744708c031fc39770e197d63d032555 to remote] DEBUG org.asynchttpclient.netty.request.NettyRequestSender - Using pooled Channel '[id: 0xc46d18cb, L:/127.0.0.1:53802 - R:localhost/127.0.0.1:46455]' for 'POST' to 'http://localhost:46455/session/e744708c031fc39770e197d63d032555/execute/sync'
21:55:29.753 [Forwarding isElementDisplayed on session e744708c031fc39770e197d63d032555 to remote] DEBUG org.asynchttpclient.netty.request.NettyRequestSender - Using open Channel [id: 0xc46d18cb, L:/127.0.0.1:53802 - R:localhost/127.0.0.1:46455] for POST '/session/e744708c031fc39770e197d63d032555/execute/sync'
21:55:29.775 [AsyncHttpClient-1-2] DEBUG org.asynchttpclient.netty.handler.HttpHandler - 

Request DefaultHttpRequest(decodeResult: success, version: HTTP/1.1)
POST /session/e744708c031fc39770e197d63d032555/execute/sync HTTP/1.1
User-Agent: selenium/4.8.1 (java windows)
Content-Length: 48814
Content-Type: application/json; charset=utf-8
host: localhost:46455
accept: */*

Response DefaultHttpResponse(decodeResult: success, version: HTTP/1.1)
HTTP/1.1 200 OK
Content-Length: 14
Content-Type: application/json; charset=utf-8
cache-control: no-cache

21:55:29.776 [AsyncHttpClient-1-2] DEBUG org.asynchttpclient.netty.channel.ChannelManager - Adding key: http://localhost:46455 for channel [id: 0xc46d18cb, L:/127.0.0.1:53802 - R:localhost/127.0.0.1:46455]
21:55:29.785 [Forwarding getAlertText on session e744708c031fc39770e197d63d032555 to remote] DEBUG org.asynchttpclient.netty.request.NettyRequestSender - Using pooled Channel '[id: 0xc46d18cb, L:/127.0.0.1:53802 - R:localhost/127.0.0.1:46455]' for 'GET' to 'http://localhost:46455/session/e744708c031fc39770e197d63d032555/alert/text'
21:55:29.785 [Forwarding getAlertText on session e744708c031fc39770e197d63d032555 to remote] DEBUG org.asynchttpclient.netty.request.NettyRequestSender - Using open Channel [id: 0xc46d18cb, L:/127.0.0.1:53802 - R:localhost/127.0.0.1:46455] for GET '/session/e744708c031fc39770e197d63d032555/alert/text'
21:55:29.788 [AsyncHttpClient-1-2] DEBUG org.asynchttpclient.netty.handler.HttpHandler - 

Request DefaultFullHttpRequest(decodeResult: success, version: HTTP/1.1, content: EmptyByteBufBE)
GET /session/e744708c031fc39770e197d63d032555/alert/text HTTP/1.1
User-Agent: selenium/4.8.1 (java windows)
Cache-Control: no-cache
Content-Type: application/json; charset=utf-8
host: localhost:46455
accept: */*

Response DefaultHttpResponse(decodeResult: success, version: HTTP/1.1)
HTTP/1.1 404 Not Found
Content-Length: 821
Content-Type: application/json; charset=utf-8
cache-control: no-cache

21:55:29.789 [AsyncHttpClient-1-2] DEBUG org.asynchttpclient.netty.channel.ChannelManager - Adding key: http://localhost:46455 for channel [id: 0xc46d18cb, L:/127.0.0.1:53802 - R:localhost/127.0.0.1:46455]
21:55:29.790 [Forwarding getCurrentUrl on session e744708c031fc39770e197d63d032555 to remote] DEBUG org.asynchttpclient.netty.request.NettyRequestSender - Using pooled Channel '[id: 0xc46d18cb, L:/127.0.0.1:53802 - R:localhost/127.0.0.1:46455]' for 'GET' to 'http://localhost:46455/session/e744708c031fc39770e197d63d032555/url'
21:55:29.790 [Forwarding getCurrentUrl on session e744708c031fc39770e197d63d032555 to remote] DEBUG org.asynchttpclient.netty.request.NettyRequestSender - Using open Channel [id: 0xc46d18cb, L:/127.0.0.1:53802 - R:localhost/127.0.0.1:46455] for GET '/session/e744708c031fc39770e197d63d032555/url'
21:55:29.795 [AsyncHttpClient-1-2] DEBUG org.asynchttpclient.netty.handler.HttpHandler - 

Request DefaultFullHttpRequest(decodeResult: success, version: HTTP/1.1, content: EmptyByteBufBE)
GET /session/e744708c031fc39770e197d63d032555/url HTTP/1.1
User-Agent: selenium/4.8.1 (java windows)
Cache-Control: no-cache
Content-Type: application/json; charset=utf-8
host: localhost:46455
accept: */*

Response DefaultHttpResponse(decodeResult: success, version: HTTP/1.1)
HTTP/1.1 200 OK
Content-Length: 47
Content-Type: application/json; charset=utf-8
cache-control: no-cache

21:55:29.795 [AsyncHttpClient-1-2] DEBUG org.asynchttpclient.netty.channel.ChannelManager - Adding key: http://localhost:46455 for channel [id: 0xc46d18cb, L:/127.0.0.1:53802 - R:localhost/127.0.0.1:46455]
21:55:29.796 [Forwarding screenshot on session e744708c031fc39770e197d63d032555 to remote] DEBUG org.asynchttpclient.netty.request.NettyRequestSender - Using pooled Channel '[id: 0xc46d18cb, L:/127.0.0.1:53802 - R:localhost/127.0.0.1:46455]' for 'GET' to 'http://localhost:46455/session/e744708c031fc39770e197d63d032555/screenshot'
21:55:29.796 [Forwarding screenshot on session e744708c031fc39770e197d63d032555 to remote] DEBUG org.asynchttpclient.netty.request.NettyRequestSender - Using open Channel [id: 0xc46d18cb, L:/127.0.0.1:53802 - R:localhost/127.0.0.1:46455] for GET '/session/e744708c031fc39770e197d63d032555/screenshot'
21:55:30.084 [AsyncHttpClient-1-2] DEBUG org.asynchttpclient.netty.handler.HttpHandler - 

Request DefaultFullHttpRequest(decodeResult: success, version: HTTP/1.1, content: EmptyByteBufBE)
GET /session/e744708c031fc39770e197d63d032555/screenshot HTTP/1.1
User-Agent: selenium/4.8.1 (java windows)
Cache-Control: no-cache
Content-Type: application/json; charset=utf-8
host: localhost:46455
accept: */*

Response DefaultHttpResponse(decodeResult: success, version: HTTP/1.1)
HTTP/1.1 200 OK
Content-Length: 137864
Content-Type: application/json; charset=utf-8
cache-control: no-cache

21:55:30.086 [AsyncHttpClient-1-2] DEBUG org.asynchttpclient.netty.channel.ChannelManager - Adding key: http://localhost:46455 for channel [id: 0xc46d18cb, L:/127.0.0.1:53802 - R:localhost/127.0.0.1:46455]
21:55:30.095 [main] DEBUG net.serenitybdd.core.photography.Darkroom - Send negative for processing for target\site\serenity\164a48dceaa58f957092aa8b62cdb15ba6b1839cd43baf3352a8771d32f616d5.png
21:55:30.096 [main] DEBUG net.thucydides.core.steps.StepInterceptor - STEP DONE: validateOnHomePage
21:55:30.097 [Darkroom Processing Line] DEBUG net.serenitybdd.core.photography.DarkroomProcessingLine - Processing screenshot image in /var/screenshots/screenshot-17854380168903628918
21:55:30.097 [Darkroom Processing Line] DEBUG net.serenitybdd.core.photography.DarkroomProcessingLine - Saving screenshot to target\site\serenity\164a48dceaa58f957092aa8b62cdb15ba6b1839cd43baf3352a8771d32f616d5.png
  &amp#27;[32mThen &amp#27;[0m&amp#27;[32mI am on the home page&amp#27;[0m                          &amp#27;[90m# starter.stepdefinitions.LoginSteps.goToHomePage()&amp#27;[0m
21:55:30.119 [main] INFO  - 
  _____   ___   ___   _____     ___     _     ___   ___   ___   ___  
 |_   _| | __| / __| |_   _|   | _ \   /_\   / __| / __| | __| |   \ 
   | |   | _|  \__ \   | |     |  _/  / _ \  \__ \ \__ \ | _|  | |) |
   |_|   |___| |___/   |_|     |_|   /_/ \_\ |___/ |___/ |___| |___/ 

user input with valid Username and password
----------------------------------------------------------------------
21:55:30.256 [Driver Command Executor] DEBUG org.asynchttpclient.netty.request.NettyRequestSender - Using pooled Channel '[id: 0xc46d18cb, L:/127.0.0.1:53802 - R:localhost/127.0.0.1:46455]' for 'DELETE' to 'http://localhost:46455/session/e744708c031fc39770e197d63d032555'
21:55:30.256 [Driver Command Executor] DEBUG org.asynchttpclient.netty.request.NettyRequestSender - Using open Channel [id: 0xc46d18cb, L:/127.0.0.1:53802 - R:localhost/127.0.0.1:46455] for DELETE '/session/e744708c031fc39770e197d63d032555'
21:55:30.266 [AsyncHttpClient-1-4] DEBUG org.asynchttpclient.netty.handler.WebSocketHandler - Channel Closed: [id: 0x6913bfce, L:/127.0.0.1:53811 ! R:localhost/127.0.0.1:53803] with attribute NettyResponseFuture{currentRetry=0,
	isDone=1,
	isCancelled=0,
	asyncHandler=org.asynchttpclient.ws.WebSocketUpgradeHandler@23914e91,
	nettyRequest=org.asynchttpclient.netty.request.NettyRequest@d56bfcb,
	future=java.util.concurrent.CompletableFuture@4b357daf[Completed normally],
	uri=ws://localhost:53803/devtools/browser/c8219ecd-8d25-4748-a30f-77668d7f3753,
	keepAlive=true,
	redirectCount=0,
	timeoutsHolder=null,
	inAuth=0,
	touch=1687532113336}
21:55:30.268 [AsyncHttpClient-1-4] DEBUG org.asynchttpclient.netty.channel.ChannelManager - Closing Channel [id: 0x6913bfce, L:/127.0.0.1:53811 ! R:localhost/127.0.0.1:53803] 
21:55:30.423 [AsyncHttpClient-1-1] DEBUG org.asynchttpclient.netty.channel.DefaultChannelPool - Entry count for : http://localhost:53803 : 1
21:55:31.101 [AsyncHttpClient-1-3] DEBUG org.asynchttpclient.netty.handler.HttpHandler - Unexpected I/O exception on channel [id: 0xbab27144, L:/127.0.0.1:53810 - R:localhost/127.0.0.1:53803]
java.net.SocketException: Connection reset
	at java.base/sun.nio.ch.SocketChannelImpl.throwConnectionReset(SocketChannelImpl.java:394)
	at java.base/sun.nio.ch.SocketChannelImpl.read(SocketChannelImpl.java:426)
	at io.netty.buffer.PooledByteBuf.setBytes(PooledByteBuf.java:259)
	at io.netty.buffer.AbstractByteBuf.writeBytes(AbstractByteBuf.java:1132)
	at io.netty.channel.socket.nio.NioSocketChannel.doReadBytes(NioSocketChannel.java:357)
	at io.netty.channel.nio.AbstractNioByteChannel$NioByteUnsafe.read(AbstractNioByteChannel.java:151)
	at io.netty.channel.nio.NioEventLoop.processSelectedKey(NioEventLoop.java:788)
	at io.netty.channel.nio.NioEventLoop.processSelectedKeysOptimized(NioEventLoop.java:724)
	at io.netty.channel.nio.NioEventLoop.processSelectedKeys(NioEventLoop.java:650)
	at io.netty.channel.nio.NioEventLoop.run(NioEventLoop.java:562)
	at io.netty.util.concurrent.SingleThreadEventExecutor$4.run(SingleThreadEventExecutor.java:997)
	at io.netty.util.internal.ThreadExecutorMap$2.run(ThreadExecutorMap.java:74)
	at io.netty.util.concurrent.FastThreadLocalRunnable.run(FastThreadLocalRunnable.java:30)
	at java.base/java.lang.Thread.run(Thread.java:833)
21:55:31.102 [AsyncHttpClient-1-3] DEBUG org.asynchttpclient.netty.channel.ChannelManager - Closing Channel [id: 0xbab27144, L:/127.0.0.1:53810 - R:localhost/127.0.0.1:53803] 
21:55:31.104 [AsyncHttpClient-1-3] DEBUG org.asynchttpclient.netty.handler.HttpHandler - Channel Closed: [id: 0xbab27144, L:/127.0.0.1:53810 ! R:localhost/127.0.0.1:53803] with attribute DISCARD
21:55:31.216 [AsyncHttpClient-1-2] DEBUG org.asynchttpclient.netty.handler.HttpHandler - 

Request DefaultFullHttpRequest(decodeResult: success, version: HTTP/1.1, content: EmptyByteBufBE)
DELETE /session/e744708c031fc39770e197d63d032555 HTTP/1.1
User-Agent: selenium/4.8.1 (java windows)
Content-Type: application/json; charset=utf-8
host: localhost:46455
accept: */*

Response DefaultHttpResponse(decodeResult: success, version: HTTP/1.1)
HTTP/1.1 200 OK
Content-Length: 14
Content-Type: application/json; charset=utf-8
cache-control: no-cache

21:55:31.218 [AsyncHttpClient-1-2] DEBUG org.asynchttpclient.netty.channel.ChannelManager - Adding key: http://localhost:46455 for channel [id: 0xc46d18cb, L:/127.0.0.1:53802 - R:localhost/127.0.0.1:46455]
21:55:31.518 [AsyncHttpClient-1-1] DEBUG org.asynchttpclient.netty.channel.DefaultChannelPool - Entry count for : http://localhost:53803 : 1
21:55:31.519 [AsyncHttpClient-1-1] DEBUG org.asynchttpclient.netty.channel.DefaultChannelPool - Entry count for : http://localhost:46455 : 1
21:55:31.519 [AsyncHttpClient-1-1] DEBUG org.asynchttpclient.netty.channel.DefaultChannelPool - Adding Candidate expired Channel [id: 0xbab27144, L:/127.0.0.1:53810 ! R:localhost/127.0.0.1:53803] isIdleTimeoutExpired=false isRemotelyClosed=true isTtlExpired=false
21:55:31.519 [AsyncHttpClient-1-1] DEBUG org.asynchttpclient.netty.channel.DefaultChannelPool - Closing Idle Channel [id: 0xbab27144, L:/127.0.0.1:53810 ! R:localhost/127.0.0.1:53803]
21:55:31.520 [AsyncHttpClient-1-1] DEBUG org.asynchttpclient.netty.channel.DefaultChannelPool - Closed 1 connections out of 2 in 1 ms
21:55:31.541 [AsyncHttpClient-1-2] DEBUG org.asynchttpclient.netty.handler.HttpHandler - Channel Closed: [id: 0xc46d18cb, L:/127.0.0.1:53802 ! R:localhost/127.0.0.1:46455] with attribute DISCARD
]]></system-out>
    <system-err><![CDATA[Starting ChromeDriver 114.0.5735.90 (386bc09e8f4f2e025eddae123f36f6263096ae49-refs/branch-heads/5735@{#1052}) on port 46455
Only local connections are allowed.
Please see https://chromedriver.chromium.org/security-considerations for suggestions on keeping ChromeDriver safe.
ChromeDriver was started successfully.
Jun 23, 2023 9:55:13 PM org.openqa.selenium.devtools.CdpVersionFinder findNearestMatch
WARNING: Unable to find an exact match for CDP version 114, so returning the closest version found: 110
]]></system-err>
  </testcase>
  <testcase name="user input with valid Username and invalid password" classname="Login" time="14.622">
    <system-out><![CDATA[
Scenario: user input with valid Username and invalid password                     &amp#27;[90m# src/test/resources/features/login.feature:14&amp#27;[0m
21:55:31.790 [main] DEBUG io.cucumber.core.plugin.SerenityReporter - Running feature from file:///D:/alta/Capstone/WEB/CapstoneWEB/src/test/resources/features/login.feature
21:55:31.800 [main] INFO  - 
  _____   ___   ___   _____     ___   _____     _     ___   _____   ___   ___  
 |_   _| | __| / __| |_   _|   / __| |_   _|   /_\   | _ \ |_   _| | __| |   \ 
   | |   | _|  \__ \   | |     \__ \   | |    / _ \  |   /   | |   | _|  | |) |
   |_|   |___| |___/   |_|     |___/   |_|   /_/ \_\ |_|_\   |_|   |___| |___/ 

user input with valid Username and invalid password(login;user-input-with-valid-username-and-invalid-password)
--------------------------------------------------------------------------------
21:55:31.975 [main] INFO net.serenitybdd.core.webdriver.driverproviders.ChromeDriverProvider - Starting Chrome driver instance with capabilities:
21:55:31.975 [main] INFO net.serenitybdd.core.webdriver.driverproviders.ChromeDriverProvider - Capabilities {acceptInsecureCerts: false, browserName: chrome, goog:chromeOptions: {args: [remote-allow-origins=*], extensions: []}}
21:55:32.619 [AsyncHttpClient-1-1] DEBUG org.asynchttpclient.netty.channel.DefaultChannelPool - Entry count for : http://localhost:46455 : 1
21:55:32.619 [AsyncHttpClient-1-1] DEBUG org.asynchttpclient.netty.channel.DefaultChannelPool - Adding Candidate expired Channel [id: 0xc46d18cb, L:/127.0.0.1:53802 ! R:localhost/127.0.0.1:46455] isIdleTimeoutExpired=false isRemotelyClosed=true isTtlExpired=false
21:55:32.619 [AsyncHttpClient-1-1] DEBUG org.asynchttpclient.netty.channel.DefaultChannelPool - Closing Idle Channel [id: 0xc46d18cb, L:/127.0.0.1:53802 ! R:localhost/127.0.0.1:46455]
21:55:32.619 [AsyncHttpClient-1-1] DEBUG org.asynchttpclient.netty.channel.DefaultChannelPool - Closed 1 connections out of 1 in 0 ms
21:55:33.065 [AsyncHttpClient-1-5] DEBUG org.asynchttpclient.netty.channel.NettyConnectListener - Using new Channel '[id: 0x2441fe24, L:/127.0.0.1:53838 - R:localhost/127.0.0.1:45213]' for 'POST' to '/session'
21:55:34.215 [AsyncHttpClient-1-5] DEBUG org.asynchttpclient.netty.handler.HttpHandler - 

Request DefaultHttpRequest(decodeResult: success, version: HTTP/1.1)
POST /session HTTP/1.1
User-Agent: selenium/4.8.1 (java windows)
Content-Length: 507
Content-Type: application/json; charset=utf-8
host: localhost:45213
accept: */*

Response DefaultHttpResponse(decodeResult: success, version: HTTP/1.1)
HTTP/1.1 200 OK
Content-Length: 863
Content-Type: application/json; charset=utf-8
cache-control: no-cache

21:55:34.216 [AsyncHttpClient-1-5] DEBUG org.asynchttpclient.netty.channel.ChannelManager - Adding key: http://localhost:45213 for channel [id: 0x2441fe24, L:/127.0.0.1:53838 - R:localhost/127.0.0.1:45213]
21:55:34.244 [AsyncHttpClient-1-6] DEBUG org.asynchttpclient.netty.channel.NettyConnectListener - Using new Channel '[id: 0x1b091b09, L:/127.0.0.1:53846 - R:localhost/127.0.0.1:53839]' for 'GET' to '/json/version'
21:55:34.250 [AsyncHttpClient-1-6] DEBUG org.asynchttpclient.netty.handler.HttpHandler - 

Request DefaultFullHttpRequest(decodeResult: success, version: HTTP/1.1, content: EmptyByteBufBE)
GET /json/version HTTP/1.1
User-Agent: selenium/4.8.1 (java windows)
host: localhost:53839
accept: */*

Response DefaultHttpResponse(decodeResult: success, version: HTTP/1.1)
HTTP/1.1 200 OK
Content-Security-Policy: frame-ancestors 'none'
Content-Length: 424
Content-Type: application/json; charset=UTF-8

21:55:34.251 [AsyncHttpClient-1-6] DEBUG org.asynchttpclient.netty.channel.ChannelManager - Adding key: http://localhost:53839 for channel [id: 0x1b091b09, L:/127.0.0.1:53846 - R:localhost/127.0.0.1:53839]
21:55:34.256 [AsyncHttpClient-1-7] DEBUG org.asynchttpclient.netty.channel.NettyConnectListener - Using new Channel '[id: 0x89e7971a, L:/127.0.0.1:53847 - R:localhost/127.0.0.1:53839]' for 'GET' to '/devtools/browser/dedc56ac-dad2-4899-acfd-293dad3035ea'
21:55:34.266 [AsyncHttpClient-1-7] DEBUG org.asynchttpclient.netty.handler.WebSocketHandler - 

Request DefaultFullHttpRequest(decodeResult: success, version: HTTP/1.1, content: EmptyByteBufBE)
GET /devtools/browser/dedc56ac-dad2-4899-acfd-293dad3035ea HTTP/1.1
upgrade: websocket
connection: upgrade
sec-websocket-key: QClKrHrzMVvB5UTC4vQRfw==
sec-websocket-version: 13
origin: http://localhost:53839
host: localhost:53839
accept: */*
user-agent: AHC/2.1

Response DefaultHttpResponse(decodeResult: success, version: HTTP/1.1)
HTTP/1.1 101 WebSocket Protocol Handshake
Upgrade: WebSocket
Connection: Upgrade
Sec-WebSocket-Accept: /sSbUd3EwKwOczIDoSmy+yuwg5Q=

21:55:34.280 [Forwarding get on session 0e8189330cf86434298b72ade2199cfd to remote] DEBUG org.asynchttpclient.netty.request.NettyRequestSender - Using pooled Channel '[id: 0x2441fe24, L:/127.0.0.1:53838 - R:localhost/127.0.0.1:45213]' for 'POST' to 'http://localhost:45213/session/0e8189330cf86434298b72ade2199cfd/url'
21:55:34.280 [Forwarding get on session 0e8189330cf86434298b72ade2199cfd to remote] DEBUG org.asynchttpclient.netty.request.NettyRequestSender - Using open Channel [id: 0x2441fe24, L:/127.0.0.1:53838 - R:localhost/127.0.0.1:45213] for POST '/session/0e8189330cf86434298b72ade2199cfd/url'
21:55:34.818 [AsyncHttpClient-1-1] DEBUG org.asynchttpclient.netty.channel.DefaultChannelPool - Entry count for : http://localhost:53839 : 1
21:55:35.919 [AsyncHttpClient-1-1] DEBUG org.asynchttpclient.netty.channel.DefaultChannelPool - Entry count for : http://localhost:53839 : 1
21:55:37.021 [AsyncHttpClient-1-1] DEBUG org.asynchttpclient.netty.channel.DefaultChannelPool - Entry count for : http://localhost:53839 : 1
21:55:38.118 [AsyncHttpClient-1-1] DEBUG org.asynchttpclient.netty.channel.DefaultChannelPool - Entry count for : http://localhost:53839 : 1
21:55:39.219 [AsyncHttpClient-1-1] DEBUG org.asynchttpclient.netty.channel.DefaultChannelPool - Entry count for : http://localhost:53839 : 1
21:55:40.319 [AsyncHttpClient-1-1] DEBUG org.asynchttpclient.netty.channel.DefaultChannelPool - Entry count for : http://localhost:53839 : 1
21:55:41.418 [AsyncHttpClient-1-1] DEBUG org.asynchttpclient.netty.channel.DefaultChannelPool - Entry count for : http://localhost:53839 : 1
21:55:42.289 [AsyncHttpClient-1-5] DEBUG org.asynchttpclient.netty.handler.HttpHandler - 

Request DefaultHttpRequest(decodeResult: success, version: HTTP/1.1)
POST /session/0e8189330cf86434298b72ade2199cfd/url HTTP/1.1
User-Agent: selenium/4.8.1 (java windows)
Content-Length: 65
Content-Type: application/json; charset=utf-8
host: localhost:45213
accept: */*

Response DefaultHttpResponse(decodeResult: success, version: HTTP/1.1)
HTTP/1.1 200 OK
Content-Length: 14
Content-Type: application/json; charset=utf-8
cache-control: no-cache

21:55:42.290 [AsyncHttpClient-1-5] DEBUG org.asynchttpclient.netty.channel.ChannelManager - Adding key: http://localhost:45213 for channel [id: 0x2441fe24, L:/127.0.0.1:53838 - R:localhost/127.0.0.1:45213]
21:55:42.293 [Forwarding setTimeout on session 0e8189330cf86434298b72ade2199cfd to remote] DEBUG org.asynchttpclient.netty.request.NettyRequestSender - Using pooled Channel '[id: 0x2441fe24, L:/127.0.0.1:53838 - R:localhost/127.0.0.1:45213]' for 'POST' to 'http://localhost:45213/session/0e8189330cf86434298b72ade2199cfd/timeouts'
21:55:42.293 [Forwarding setTimeout on session 0e8189330cf86434298b72ade2199cfd to remote] DEBUG org.asynchttpclient.netty.request.NettyRequestSender - Using open Channel [id: 0x2441fe24, L:/127.0.0.1:53838 - R:localhost/127.0.0.1:45213] for POST '/session/0e8189330cf86434298b72ade2199cfd/timeouts'
21:55:42.295 [AsyncHttpClient-1-5] DEBUG org.asynchttpclient.netty.handler.HttpHandler - 

Request DefaultHttpRequest(decodeResult: success, version: HTTP/1.1)
POST /session/0e8189330cf86434298b72ade2199cfd/timeouts HTTP/1.1
User-Agent: selenium/4.8.1 (java windows)
Content-Length: 22
Content-Type: application/json; charset=utf-8
host: localhost:45213
accept: */*

Response DefaultHttpResponse(decodeResult: success, version: HTTP/1.1)
HTTP/1.1 200 OK
Content-Length: 14
Content-Type: application/json; charset=utf-8
cache-control: no-cache

21:55:42.295 [AsyncHttpClient-1-5] DEBUG org.asynchttpclient.netty.channel.ChannelManager - Adding key: http://localhost:45213 for channel [id: 0x2441fe24, L:/127.0.0.1:53838 - R:localhost/127.0.0.1:45213]
21:55:42.306 [Forwarding getAlertText on session 0e8189330cf86434298b72ade2199cfd to remote] DEBUG org.asynchttpclient.netty.request.NettyRequestSender - Using pooled Channel '[id: 0x2441fe24, L:/127.0.0.1:53838 - R:localhost/127.0.0.1:45213]' for 'GET' to 'http://localhost:45213/session/0e8189330cf86434298b72ade2199cfd/alert/text'
21:55:42.306 [Forwarding getAlertText on session 0e8189330cf86434298b72ade2199cfd to remote] DEBUG org.asynchttpclient.netty.request.NettyRequestSender - Using open Channel [id: 0x2441fe24, L:/127.0.0.1:53838 - R:localhost/127.0.0.1:45213] for GET '/session/0e8189330cf86434298b72ade2199cfd/alert/text'
21:55:42.309 [AsyncHttpClient-1-5] DEBUG org.asynchttpclient.netty.handler.HttpHandler - 

Request DefaultFullHttpRequest(decodeResult: success, version: HTTP/1.1, content: EmptyByteBufBE)
GET /session/0e8189330cf86434298b72ade2199cfd/alert/text HTTP/1.1
User-Agent: selenium/4.8.1 (java windows)
Cache-Control: no-cache
Content-Type: application/json; charset=utf-8
host: localhost:45213
accept: */*

Response DefaultHttpResponse(decodeResult: success, version: HTTP/1.1)
HTTP/1.1 404 Not Found
Content-Length: 821
Content-Type: application/json; charset=utf-8
cache-control: no-cache

21:55:42.309 [AsyncHttpClient-1-5] DEBUG org.asynchttpclient.netty.channel.ChannelManager - Adding key: http://localhost:45213 for channel [id: 0x2441fe24, L:/127.0.0.1:53838 - R:localhost/127.0.0.1:45213]
21:55:42.311 [Forwarding getCurrentUrl on session 0e8189330cf86434298b72ade2199cfd to remote] DEBUG org.asynchttpclient.netty.request.NettyRequestSender - Using pooled Channel '[id: 0x2441fe24, L:/127.0.0.1:53838 - R:localhost/127.0.0.1:45213]' for 'GET' to 'http://localhost:45213/session/0e8189330cf86434298b72ade2199cfd/url'
21:55:42.311 [Forwarding getCurrentUrl on session 0e8189330cf86434298b72ade2199cfd to remote] DEBUG org.asynchttpclient.netty.request.NettyRequestSender - Using open Channel [id: 0x2441fe24, L:/127.0.0.1:53838 - R:localhost/127.0.0.1:45213] for GET '/session/0e8189330cf86434298b72ade2199cfd/url'
21:55:42.318 [AsyncHttpClient-1-5] DEBUG org.asynchttpclient.netty.handler.HttpHandler - 

Request DefaultFullHttpRequest(decodeResult: success, version: HTTP/1.1, content: EmptyByteBufBE)
GET /session/0e8189330cf86434298b72ade2199cfd/url HTTP/1.1
User-Agent: selenium/4.8.1 (java windows)
Cache-Control: no-cache
Content-Type: application/json; charset=utf-8
host: localhost:45213
accept: */*

Response DefaultHttpResponse(decodeResult: success, version: HTTP/1.1)
HTTP/1.1 200 OK
Content-Length: 47
Content-Type: application/json; charset=utf-8
cache-control: no-cache

21:55:42.318 [AsyncHttpClient-1-5] DEBUG org.asynchttpclient.netty.channel.ChannelManager - Adding key: http://localhost:45213 for channel [id: 0x2441fe24, L:/127.0.0.1:53838 - R:localhost/127.0.0.1:45213]
21:55:42.320 [Forwarding screenshot on session 0e8189330cf86434298b72ade2199cfd to remote] DEBUG org.asynchttpclient.netty.request.NettyRequestSender - Using pooled Channel '[id: 0x2441fe24, L:/127.0.0.1:53838 - R:localhost/127.0.0.1:45213]' for 'GET' to 'http://localhost:45213/session/0e8189330cf86434298b72ade2199cfd/screenshot'
21:55:42.320 [Forwarding screenshot on session 0e8189330cf86434298b72ade2199cfd to remote] DEBUG org.asynchttpclient.netty.request.NettyRequestSender - Using open Channel [id: 0x2441fe24, L:/127.0.0.1:53838 - R:localhost/127.0.0.1:45213] for GET '/session/0e8189330cf86434298b72ade2199cfd/screenshot'
21:55:42.518 [AsyncHttpClient-1-1] DEBUG org.asynchttpclient.netty.channel.DefaultChannelPool - Entry count for : http://localhost:53839 : 1
21:55:42.573 [AsyncHttpClient-1-5] DEBUG org.asynchttpclient.netty.handler.HttpHandler - 

Request DefaultFullHttpRequest(decodeResult: success, version: HTTP/1.1, content: EmptyByteBufBE)
GET /session/0e8189330cf86434298b72ade2199cfd/screenshot HTTP/1.1
User-Agent: selenium/4.8.1 (java windows)
Cache-Control: no-cache
Content-Type: application/json; charset=utf-8
host: localhost:45213
accept: */*

Response DefaultHttpResponse(decodeResult: success, version: HTTP/1.1)
HTTP/1.1 200 OK
Content-Length: 39008
Content-Type: application/json; charset=utf-8
cache-control: no-cache

21:55:42.574 [AsyncHttpClient-1-5] DEBUG org.asynchttpclient.netty.channel.ChannelManager - Adding key: http://localhost:45213 for channel [id: 0x2441fe24, L:/127.0.0.1:53838 - R:localhost/127.0.0.1:45213]
21:55:42.575 [main] DEBUG net.serenitybdd.core.photography.Darkroom - Send negative for processing for target\site\serenity\7eea101b2595eac2e12e16c6c3a7f2d8107d3db9c8ca172944cc4151e9d43e2b.png
21:55:42.576 [Forwarding getPageSource on session 0e8189330cf86434298b72ade2199cfd to remote] DEBUG org.asynchttpclient.netty.request.NettyRequestSender - Using pooled Channel '[id: 0x2441fe24, L:/127.0.0.1:53838 - R:localhost/127.0.0.1:45213]' for 'POST' to 'http://localhost:45213/session/0e8189330cf86434298b72ade2199cfd/execute/sync'
21:55:42.576 [Forwarding getPageSource on session 0e8189330cf86434298b72ade2199cfd to remote] DEBUG org.asynchttpclient.netty.request.NettyRequestSender - Using open Channel [id: 0x2441fe24, L:/127.0.0.1:53838 - R:localhost/127.0.0.1:45213] for POST '/session/0e8189330cf86434298b72ade2199cfd/execute/sync'
21:55:42.593 [AsyncHttpClient-1-5] DEBUG org.asynchttpclient.netty.handler.HttpHandler - 

Request DefaultHttpRequest(decodeResult: success, version: HTTP/1.1)
POST /session/0e8189330cf86434298b72ade2199cfd/execute/sync HTTP/1.1
User-Agent: selenium/4.8.1 (java windows)
Content-Length: 176
Content-Type: application/json; charset=utf-8
host: localhost:45213
accept: */*

Response DefaultHttpResponse(decodeResult: success, version: HTTP/1.1)
HTTP/1.1 200 OK
Content-Length: 166638
Content-Type: application/json; charset=utf-8
cache-control: no-cache

21:55:42.594 [AsyncHttpClient-1-5] DEBUG org.asynchttpclient.netty.channel.ChannelManager - Adding key: http://localhost:45213 for channel [id: 0x2441fe24, L:/127.0.0.1:53838 - R:localhost/127.0.0.1:45213]
21:55:42.605 [Forwarding getCurrentUrl on session 0e8189330cf86434298b72ade2199cfd to remote] DEBUG org.asynchttpclient.netty.request.NettyRequestSender - Using pooled Channel '[id: 0x2441fe24, L:/127.0.0.1:53838 - R:localhost/127.0.0.1:45213]' for 'GET' to 'http://localhost:45213/session/0e8189330cf86434298b72ade2199cfd/url'
21:55:42.605 [Forwarding getCurrentUrl on session 0e8189330cf86434298b72ade2199cfd to remote] DEBUG org.asynchttpclient.netty.request.NettyRequestSender - Using open Channel [id: 0x2441fe24, L:/127.0.0.1:53838 - R:localhost/127.0.0.1:45213] for GET '/session/0e8189330cf86434298b72ade2199cfd/url'
21:55:42.609 [AsyncHttpClient-1-5] DEBUG org.asynchttpclient.netty.handler.HttpHandler - 

Request DefaultFullHttpRequest(decodeResult: success, version: HTTP/1.1, content: EmptyByteBufBE)
GET /session/0e8189330cf86434298b72ade2199cfd/url HTTP/1.1
User-Agent: selenium/4.8.1 (java windows)
Cache-Control: no-cache
Content-Type: application/json; charset=utf-8
host: localhost:45213
accept: */*

Response DefaultHttpResponse(decodeResult: success, version: HTTP/1.1)
HTTP/1.1 200 OK
Content-Length: 47
Content-Type: application/json; charset=utf-8
cache-control: no-cache

21:55:42.609 [AsyncHttpClient-1-5] DEBUG org.asynchttpclient.netty.channel.ChannelManager - Adding key: http://localhost:45213 for channel [id: 0x2441fe24, L:/127.0.0.1:53838 - R:localhost/127.0.0.1:45213]
21:55:42.611 [main] DEBUG net.thucydides.core.steps.StepInterceptor - STARTING STEP: LoginSteps.onLoginPage - validateOnLoginPage
21:55:42.613 [Forwarding findElement on session 0e8189330cf86434298b72ade2199cfd to remote] DEBUG org.asynchttpclient.netty.request.NettyRequestSender - Using pooled Channel '[id: 0x2441fe24, L:/127.0.0.1:53838 - R:localhost/127.0.0.1:45213]' for 'POST' to 'http://localhost:45213/session/0e8189330cf86434298b72ade2199cfd/element'
21:55:42.613 [Forwarding findElement on session 0e8189330cf86434298b72ade2199cfd to remote] DEBUG org.asynchttpclient.netty.request.NettyRequestSender - Using open Channel [id: 0x2441fe24, L:/127.0.0.1:53838 - R:localhost/127.0.0.1:45213] for POST '/session/0e8189330cf86434298b72ade2199cfd/element'
21:55:42.628 [AsyncHttpClient-1-5] DEBUG org.asynchttpclient.netty.handler.HttpHandler - 

Request DefaultHttpRequest(decodeResult: success, version: HTTP/1.1)
POST /session/0e8189330cf86434298b72ade2199cfd/element HTTP/1.1
User-Agent: selenium/4.8.1 (java windows)
Content-Length: 155
Content-Type: application/json; charset=utf-8
host: localhost:45213
accept: */*

Response DefaultHttpResponse(decodeResult: success, version: HTTP/1.1)
HTTP/1.1 200 OK
Content-Length: 94
Content-Type: application/json; charset=utf-8
cache-control: no-cache

21:55:42.629 [AsyncHttpClient-1-5] DEBUG org.asynchttpclient.netty.channel.ChannelManager - Adding key: http://localhost:45213 for channel [id: 0x2441fe24, L:/127.0.0.1:53838 - R:localhost/127.0.0.1:45213]
21:55:42.633 [Forwarding isElementDisplayed on session 0e8189330cf86434298b72ade2199cfd to remote] DEBUG org.asynchttpclient.netty.request.NettyRequestSender - Using pooled Channel '[id: 0x2441fe24, L:/127.0.0.1:53838 - R:localhost/127.0.0.1:45213]' for 'POST' to 'http://localhost:45213/session/0e8189330cf86434298b72ade2199cfd/execute/sync'
21:55:42.633 [Forwarding isElementDisplayed on session 0e8189330cf86434298b72ade2199cfd to remote] DEBUG org.asynchttpclient.netty.request.NettyRequestSender - Using open Channel [id: 0x2441fe24, L:/127.0.0.1:53838 - R:localhost/127.0.0.1:45213] for POST '/session/0e8189330cf86434298b72ade2199cfd/execute/sync'
21:55:42.650 [AsyncHttpClient-1-5] DEBUG org.asynchttpclient.netty.handler.HttpHandler - 

Request DefaultHttpRequest(decodeResult: success, version: HTTP/1.1)
POST /session/0e8189330cf86434298b72ade2199cfd/execute/sync HTTP/1.1
User-Agent: selenium/4.8.1 (java windows)
Content-Length: 48813
Content-Type: application/json; charset=utf-8
host: localhost:45213
accept: */*

Response DefaultHttpResponse(decodeResult: success, version: HTTP/1.1)
HTTP/1.1 200 OK
Content-Length: 14
Content-Type: application/json; charset=utf-8
cache-control: no-cache

21:55:42.651 [AsyncHttpClient-1-5] DEBUG org.asynchttpclient.netty.channel.ChannelManager - Adding key: http://localhost:45213 for channel [id: 0x2441fe24, L:/127.0.0.1:53838 - R:localhost/127.0.0.1:45213]
21:55:42.660 [Forwarding getAlertText on session 0e8189330cf86434298b72ade2199cfd to remote] DEBUG org.asynchttpclient.netty.request.NettyRequestSender - Using pooled Channel '[id: 0x2441fe24, L:/127.0.0.1:53838 - R:localhost/127.0.0.1:45213]' for 'GET' to 'http://localhost:45213/session/0e8189330cf86434298b72ade2199cfd/alert/text'
21:55:42.660 [Forwarding getAlertText on session 0e8189330cf86434298b72ade2199cfd to remote] DEBUG org.asynchttpclient.netty.request.NettyRequestSender - Using open Channel [id: 0x2441fe24, L:/127.0.0.1:53838 - R:localhost/127.0.0.1:45213] for GET '/session/0e8189330cf86434298b72ade2199cfd/alert/text'
21:55:42.662 [AsyncHttpClient-1-5] DEBUG org.asynchttpclient.netty.handler.HttpHandler - 

Request DefaultFullHttpRequest(decodeResult: success, version: HTTP/1.1, content: EmptyByteBufBE)
GET /session/0e8189330cf86434298b72ade2199cfd/alert/text HTTP/1.1
User-Agent: selenium/4.8.1 (java windows)
Cache-Control: no-cache
Content-Type: application/json; charset=utf-8
host: localhost:45213
accept: */*

Response DefaultHttpResponse(decodeResult: success, version: HTTP/1.1)
HTTP/1.1 404 Not Found
Content-Length: 821
Content-Type: application/json; charset=utf-8
cache-control: no-cache

21:55:42.662 [AsyncHttpClient-1-5] DEBUG org.asynchttpclient.netty.channel.ChannelManager - Adding key: http://localhost:45213 for channel [id: 0x2441fe24, L:/127.0.0.1:53838 - R:localhost/127.0.0.1:45213]
21:55:42.664 [Forwarding getCurrentUrl on session 0e8189330cf86434298b72ade2199cfd to remote] DEBUG org.asynchttpclient.netty.request.NettyRequestSender - Using pooled Channel '[id: 0x2441fe24, L:/127.0.0.1:53838 - R:localhost/127.0.0.1:45213]' for 'GET' to 'http://localhost:45213/session/0e8189330cf86434298b72ade2199cfd/url'
21:55:42.664 [Forwarding getCurrentUrl on session 0e8189330cf86434298b72ade2199cfd to remote] DEBUG org.asynchttpclient.netty.request.NettyRequestSender - Using open Channel [id: 0x2441fe24, L:/127.0.0.1:53838 - R:localhost/127.0.0.1:45213] for GET '/session/0e8189330cf86434298b72ade2199cfd/url'
21:55:42.668 [AsyncHttpClient-1-5] DEBUG org.asynchttpclient.netty.handler.HttpHandler - 

Request DefaultFullHttpRequest(decodeResult: success, version: HTTP/1.1, content: EmptyByteBufBE)
GET /session/0e8189330cf86434298b72ade2199cfd/url HTTP/1.1
User-Agent: selenium/4.8.1 (java windows)
Cache-Control: no-cache
Content-Type: application/json; charset=utf-8
host: localhost:45213
accept: */*

Response DefaultHttpResponse(decodeResult: success, version: HTTP/1.1)
HTTP/1.1 200 OK
Content-Length: 47
Content-Type: application/json; charset=utf-8
cache-control: no-cache

21:55:42.668 [AsyncHttpClient-1-5] DEBUG org.asynchttpclient.netty.channel.ChannelManager - Adding key: http://localhost:45213 for channel [id: 0x2441fe24, L:/127.0.0.1:53838 - R:localhost/127.0.0.1:45213]
21:55:42.670 [Forwarding screenshot on session 0e8189330cf86434298b72ade2199cfd to remote] DEBUG org.asynchttpclient.netty.request.NettyRequestSender - Using pooled Channel '[id: 0x2441fe24, L:/127.0.0.1:53838 - R:localhost/127.0.0.1:45213]' for 'GET' to 'http://localhost:45213/session/0e8189330cf86434298b72ade2199cfd/screenshot'
21:55:42.670 [Forwarding screenshot on session 0e8189330cf86434298b72ade2199cfd to remote] DEBUG org.asynchttpclient.netty.request.NettyRequestSender - Using open Channel [id: 0x2441fe24, L:/127.0.0.1:53838 - R:localhost/127.0.0.1:45213] for GET '/session/0e8189330cf86434298b72ade2199cfd/screenshot'
21:55:42.785 [AsyncHttpClient-1-5] DEBUG org.asynchttpclient.netty.handler.HttpHandler - 

Request DefaultFullHttpRequest(decodeResult: success, version: HTTP/1.1, content: EmptyByteBufBE)
GET /session/0e8189330cf86434298b72ade2199cfd/screenshot HTTP/1.1
User-Agent: selenium/4.8.1 (java windows)
Cache-Control: no-cache
Content-Type: application/json; charset=utf-8
host: localhost:45213
accept: */*

Response DefaultHttpResponse(decodeResult: success, version: HTTP/1.1)
HTTP/1.1 200 OK
Content-Length: 41452
Content-Type: application/json; charset=utf-8
cache-control: no-cache

21:55:42.786 [AsyncHttpClient-1-5] DEBUG org.asynchttpclient.netty.channel.ChannelManager - Adding key: http://localhost:45213 for channel [id: 0x2441fe24, L:/127.0.0.1:53838 - R:localhost/127.0.0.1:45213]
21:55:42.788 [main] DEBUG net.serenitybdd.core.photography.Darkroom - Send negative for processing for target\site\serenity\23d1c1dbdf4751859e868a8f6a253615d77b52e4c279469123cde7edb7460d66.png
21:55:42.788 [main] DEBUG net.thucydides.core.steps.StepInterceptor - STEP DONE: validateOnLoginPage
  &amp#27;[32mGiven &amp#27;[0m&amp#27;[32mI am on the login page&amp#27;[0m                                                    &amp#27;[90m# starter.stepdefinitions.LoginSteps.onLoginPage()&amp#27;[0m
21:55:42.796 [Forwarding getPageSource on session 0e8189330cf86434298b72ade2199cfd to remote] DEBUG org.asynchttpclient.netty.request.NettyRequestSender - Using pooled Channel '[id: 0x2441fe24, L:/127.0.0.1:53838 - R:localhost/127.0.0.1:45213]' for 'POST' to 'http://localhost:45213/session/0e8189330cf86434298b72ade2199cfd/execute/sync'
21:55:42.796 [Forwarding getPageSource on session 0e8189330cf86434298b72ade2199cfd to remote] DEBUG org.asynchttpclient.netty.request.NettyRequestSender - Using open Channel [id: 0x2441fe24, L:/127.0.0.1:53838 - R:localhost/127.0.0.1:45213] for POST '/session/0e8189330cf86434298b72ade2199cfd/execute/sync'
21:55:42.813 [AsyncHttpClient-1-5] DEBUG org.asynchttpclient.netty.handler.HttpHandler - 

Request DefaultHttpRequest(decodeResult: success, version: HTTP/1.1)
POST /session/0e8189330cf86434298b72ade2199cfd/execute/sync HTTP/1.1
User-Agent: selenium/4.8.1 (java windows)
Content-Length: 176
Content-Type: application/json; charset=utf-8
host: localhost:45213
accept: */*

Response DefaultHttpResponse(decodeResult: success, version: HTTP/1.1)
HTTP/1.1 200 OK
Content-Length: 166638
Content-Type: application/json; charset=utf-8
cache-control: no-cache

21:55:42.814 [AsyncHttpClient-1-5] DEBUG org.asynchttpclient.netty.channel.ChannelManager - Adding key: http://localhost:45213 for channel [id: 0x2441fe24, L:/127.0.0.1:53838 - R:localhost/127.0.0.1:45213]
21:55:42.823 [Forwarding getCurrentUrl on session 0e8189330cf86434298b72ade2199cfd to remote] DEBUG org.asynchttpclient.netty.request.NettyRequestSender - Using pooled Channel '[id: 0x2441fe24, L:/127.0.0.1:53838 - R:localhost/127.0.0.1:45213]' for 'GET' to 'http://localhost:45213/session/0e8189330cf86434298b72ade2199cfd/url'
21:55:42.824 [Forwarding getCurrentUrl on session 0e8189330cf86434298b72ade2199cfd to remote] DEBUG org.asynchttpclient.netty.request.NettyRequestSender - Using open Channel [id: 0x2441fe24, L:/127.0.0.1:53838 - R:localhost/127.0.0.1:45213] for GET '/session/0e8189330cf86434298b72ade2199cfd/url'
21:55:42.829 [AsyncHttpClient-1-5] DEBUG org.asynchttpclient.netty.handler.HttpHandler - 

Request DefaultFullHttpRequest(decodeResult: success, version: HTTP/1.1, content: EmptyByteBufBE)
GET /session/0e8189330cf86434298b72ade2199cfd/url HTTP/1.1
User-Agent: selenium/4.8.1 (java windows)
Cache-Control: no-cache
Content-Type: application/json; charset=utf-8
host: localhost:45213
accept: */*

Response DefaultHttpResponse(decodeResult: success, version: HTTP/1.1)
HTTP/1.1 200 OK
Content-Length: 47
Content-Type: application/json; charset=utf-8
cache-control: no-cache

21:55:42.829 [AsyncHttpClient-1-5] DEBUG org.asynchttpclient.netty.channel.ChannelManager - Adding key: http://localhost:45213 for channel [id: 0x2441fe24, L:/127.0.0.1:53838 - R:localhost/127.0.0.1:45213]
21:55:42.838 [Forwarding getAlertText on session 0e8189330cf86434298b72ade2199cfd to remote] DEBUG org.asynchttpclient.netty.request.NettyRequestSender - Using pooled Channel '[id: 0x2441fe24, L:/127.0.0.1:53838 - R:localhost/127.0.0.1:45213]' for 'GET' to 'http://localhost:45213/session/0e8189330cf86434298b72ade2199cfd/alert/text'
21:55:42.838 [Forwarding getAlertText on session 0e8189330cf86434298b72ade2199cfd to remote] DEBUG org.asynchttpclient.netty.request.NettyRequestSender - Using open Channel [id: 0x2441fe24, L:/127.0.0.1:53838 - R:localhost/127.0.0.1:45213] for GET '/session/0e8189330cf86434298b72ade2199cfd/alert/text'
21:55:42.840 [AsyncHttpClient-1-5] DEBUG org.asynchttpclient.netty.handler.HttpHandler - 

Request DefaultFullHttpRequest(decodeResult: success, version: HTTP/1.1, content: EmptyByteBufBE)
GET /session/0e8189330cf86434298b72ade2199cfd/alert/text HTTP/1.1
User-Agent: selenium/4.8.1 (java windows)
Cache-Control: no-cache
Content-Type: application/json; charset=utf-8
host: localhost:45213
accept: */*

Response DefaultHttpResponse(decodeResult: success, version: HTTP/1.1)
HTTP/1.1 404 Not Found
Content-Length: 821
Content-Type: application/json; charset=utf-8
cache-control: no-cache

21:55:42.840 [AsyncHttpClient-1-5] DEBUG org.asynchttpclient.netty.channel.ChannelManager - Adding key: http://localhost:45213 for channel [id: 0x2441fe24, L:/127.0.0.1:53838 - R:localhost/127.0.0.1:45213]
21:55:42.841 [Forwarding getCurrentUrl on session 0e8189330cf86434298b72ade2199cfd to remote] DEBUG org.asynchttpclient.netty.request.NettyRequestSender - Using pooled Channel '[id: 0x2441fe24, L:/127.0.0.1:53838 - R:localhost/127.0.0.1:45213]' for 'GET' to 'http://localhost:45213/session/0e8189330cf86434298b72ade2199cfd/url'
21:55:42.841 [Forwarding getCurrentUrl on session 0e8189330cf86434298b72ade2199cfd to remote] DEBUG org.asynchttpclient.netty.request.NettyRequestSender - Using open Channel [id: 0x2441fe24, L:/127.0.0.1:53838 - R:localhost/127.0.0.1:45213] for GET '/session/0e8189330cf86434298b72ade2199cfd/url'
21:55:42.846 [AsyncHttpClient-1-5] DEBUG org.asynchttpclient.netty.handler.HttpHandler - 

Request DefaultFullHttpRequest(decodeResult: success, version: HTTP/1.1, content: EmptyByteBufBE)
GET /session/0e8189330cf86434298b72ade2199cfd/url HTTP/1.1
User-Agent: selenium/4.8.1 (java windows)
Cache-Control: no-cache
Content-Type: application/json; charset=utf-8
host: localhost:45213
accept: */*

Response DefaultHttpResponse(decodeResult: success, version: HTTP/1.1)
HTTP/1.1 200 OK
Content-Length: 47
Content-Type: application/json; charset=utf-8
cache-control: no-cache

21:55:42.846 [AsyncHttpClient-1-5] DEBUG org.asynchttpclient.netty.channel.ChannelManager - Adding key: http://localhost:45213 for channel [id: 0x2441fe24, L:/127.0.0.1:53838 - R:localhost/127.0.0.1:45213]
21:55:42.846 [Forwarding screenshot on session 0e8189330cf86434298b72ade2199cfd to remote] DEBUG org.asynchttpclient.netty.request.NettyRequestSender - Using pooled Channel '[id: 0x2441fe24, L:/127.0.0.1:53838 - R:localhost/127.0.0.1:45213]' for 'GET' to 'http://localhost:45213/session/0e8189330cf86434298b72ade2199cfd/screenshot'
21:55:42.846 [Forwarding screenshot on session 0e8189330cf86434298b72ade2199cfd to remote] DEBUG org.asynchttpclient.netty.request.NettyRequestSender - Using open Channel [id: 0x2441fe24, L:/127.0.0.1:53838 - R:localhost/127.0.0.1:45213] for GET '/session/0e8189330cf86434298b72ade2199cfd/screenshot'
21:55:42.944 [AsyncHttpClient-1-5] DEBUG org.asynchttpclient.netty.handler.HttpHandler - 

Request DefaultFullHttpRequest(decodeResult: success, version: HTTP/1.1, content: EmptyByteBufBE)
GET /session/0e8189330cf86434298b72ade2199cfd/screenshot HTTP/1.1
User-Agent: selenium/4.8.1 (java windows)
Cache-Control: no-cache
Content-Type: application/json; charset=utf-8
host: localhost:45213
accept: */*

Response DefaultHttpResponse(decodeResult: success, version: HTTP/1.1)
HTTP/1.1 200 OK
Content-Length: 41452
Content-Type: application/json; charset=utf-8
cache-control: no-cache

21:55:42.945 [AsyncHttpClient-1-5] DEBUG org.asynchttpclient.netty.channel.ChannelManager - Adding key: http://localhost:45213 for channel [id: 0x2441fe24, L:/127.0.0.1:53838 - R:localhost/127.0.0.1:45213]
21:55:42.949 [main] DEBUG net.serenitybdd.core.photography.Darkroom - Send negative for processing for target\site\serenity\23d1c1dbdf4751859e868a8f6a253615d77b52e4c279469123cde7edb7460d66.png
21:55:42.953 [Forwarding getPageSource on session 0e8189330cf86434298b72ade2199cfd to remote] DEBUG org.asynchttpclient.netty.request.NettyRequestSender - Using pooled Channel '[id: 0x2441fe24, L:/127.0.0.1:53838 - R:localhost/127.0.0.1:45213]' for 'POST' to 'http://localhost:45213/session/0e8189330cf86434298b72ade2199cfd/execute/sync'
21:55:42.953 [Forwarding getPageSource on session 0e8189330cf86434298b72ade2199cfd to remote] DEBUG org.asynchttpclient.netty.request.NettyRequestSender - Using open Channel [id: 0x2441fe24, L:/127.0.0.1:53838 - R:localhost/127.0.0.1:45213] for POST '/session/0e8189330cf86434298b72ade2199cfd/execute/sync'
21:55:42.978 [AsyncHttpClient-1-5] DEBUG org.asynchttpclient.netty.handler.HttpHandler - 

Request DefaultHttpRequest(decodeResult: success, version: HTTP/1.1)
POST /session/0e8189330cf86434298b72ade2199cfd/execute/sync HTTP/1.1
User-Agent: selenium/4.8.1 (java windows)
Content-Length: 176
Content-Type: application/json; charset=utf-8
host: localhost:45213
accept: */*

Response DefaultHttpResponse(decodeResult: success, version: HTTP/1.1)
HTTP/1.1 200 OK
Content-Length: 166638
Content-Type: application/json; charset=utf-8
cache-control: no-cache

21:55:42.978 [AsyncHttpClient-1-5] DEBUG org.asynchttpclient.netty.channel.ChannelManager - Adding key: http://localhost:45213 for channel [id: 0x2441fe24, L:/127.0.0.1:53838 - R:localhost/127.0.0.1:45213]
21:55:42.991 [Forwarding getCurrentUrl on session 0e8189330cf86434298b72ade2199cfd to remote] DEBUG org.asynchttpclient.netty.request.NettyRequestSender - Using pooled Channel '[id: 0x2441fe24, L:/127.0.0.1:53838 - R:localhost/127.0.0.1:45213]' for 'GET' to 'http://localhost:45213/session/0e8189330cf86434298b72ade2199cfd/url'
21:55:42.991 [Forwarding getCurrentUrl on session 0e8189330cf86434298b72ade2199cfd to remote] DEBUG org.asynchttpclient.netty.request.NettyRequestSender - Using open Channel [id: 0x2441fe24, L:/127.0.0.1:53838 - R:localhost/127.0.0.1:45213] for GET '/session/0e8189330cf86434298b72ade2199cfd/url'
21:55:42.997 [AsyncHttpClient-1-5] DEBUG org.asynchttpclient.netty.handler.HttpHandler - 

Request DefaultFullHttpRequest(decodeResult: success, version: HTTP/1.1, content: EmptyByteBufBE)
GET /session/0e8189330cf86434298b72ade2199cfd/url HTTP/1.1
User-Agent: selenium/4.8.1 (java windows)
Cache-Control: no-cache
Content-Type: application/json; charset=utf-8
host: localhost:45213
accept: */*

Response DefaultHttpResponse(decodeResult: success, version: HTTP/1.1)
HTTP/1.1 200 OK
Content-Length: 47
Content-Type: application/json; charset=utf-8
cache-control: no-cache

21:55:42.998 [AsyncHttpClient-1-5] DEBUG org.asynchttpclient.netty.channel.ChannelManager - Adding key: http://localhost:45213 for channel [id: 0x2441fe24, L:/127.0.0.1:53838 - R:localhost/127.0.0.1:45213]
21:55:43.002 [main] DEBUG net.thucydides.core.steps.StepInterceptor - STARTING STEP: LoginSteps.enterUsernamelOnSigIn - inputUsername
21:55:43.006 [Forwarding findElement on session 0e8189330cf86434298b72ade2199cfd to remote] DEBUG org.asynchttpclient.netty.request.NettyRequestSender - Using pooled Channel '[id: 0x2441fe24, L:/127.0.0.1:53838 - R:localhost/127.0.0.1:45213]' for 'POST' to 'http://localhost:45213/session/0e8189330cf86434298b72ade2199cfd/element'
21:55:43.006 [Forwarding findElement on session 0e8189330cf86434298b72ade2199cfd to remote] DEBUG org.asynchttpclient.netty.request.NettyRequestSender - Using open Channel [id: 0x2441fe24, L:/127.0.0.1:53838 - R:localhost/127.0.0.1:45213] for POST '/session/0e8189330cf86434298b72ade2199cfd/element'
21:55:43.032 [AsyncHttpClient-1-5] DEBUG org.asynchttpclient.netty.handler.HttpHandler - 

Request DefaultHttpRequest(decodeResult: success, version: HTTP/1.1)
POST /session/0e8189330cf86434298b72ade2199cfd/element HTTP/1.1
User-Agent: selenium/4.8.1 (java windows)
Content-Length: 88
Content-Type: application/json; charset=utf-8
host: localhost:45213
accept: */*

Response DefaultHttpResponse(decodeResult: success, version: HTTP/1.1)
HTTP/1.1 200 OK
Content-Length: 95
Content-Type: application/json; charset=utf-8
cache-control: no-cache

21:55:43.033 [AsyncHttpClient-1-5] DEBUG org.asynchttpclient.netty.channel.ChannelManager - Adding key: http://localhost:45213 for channel [id: 0x2441fe24, L:/127.0.0.1:53838 - R:localhost/127.0.0.1:45213]
21:55:43.035 [Forwarding clearElement on session 0e8189330cf86434298b72ade2199cfd to remote] DEBUG org.asynchttpclient.netty.request.NettyRequestSender - Using pooled Channel '[id: 0x2441fe24, L:/127.0.0.1:53838 - R:localhost/127.0.0.1:45213]' for 'POST' to 'http://localhost:45213/session/0e8189330cf86434298b72ade2199cfd/element/9278CFCED2CB5F33544E1C36A731C863_element_16/clear'
21:55:43.035 [Forwarding clearElement on session 0e8189330cf86434298b72ade2199cfd to remote] DEBUG org.asynchttpclient.netty.request.NettyRequestSender - Using open Channel [id: 0x2441fe24, L:/127.0.0.1:53838 - R:localhost/127.0.0.1:45213] for POST '/session/0e8189330cf86434298b72ade2199cfd/element/9278CFCED2CB5F33544E1C36A731C863_element_16/clear'
21:55:43.086 [AsyncHttpClient-1-5] DEBUG org.asynchttpclient.netty.handler.HttpHandler - 

Request DefaultHttpRequest(decodeResult: success, version: HTTP/1.1)
POST /session/0e8189330cf86434298b72ade2199cfd/element/9278CFCED2CB5F33544E1C36A731C863_element_16/clear HTTP/1.1
User-Agent: selenium/4.8.1 (java windows)
Content-Length: 57
Content-Type: application/json; charset=utf-8
host: localhost:45213
accept: */*

Response DefaultHttpResponse(decodeResult: success, version: HTTP/1.1)
HTTP/1.1 200 OK
Content-Length: 14
Content-Type: application/json; charset=utf-8
cache-control: no-cache

21:55:43.086 [AsyncHttpClient-1-5] DEBUG org.asynchttpclient.netty.channel.ChannelManager - Adding key: http://localhost:45213 for channel [id: 0x2441fe24, L:/127.0.0.1:53838 - R:localhost/127.0.0.1:45213]
21:55:43.088 [Forwarding sendKeysToElement on session 0e8189330cf86434298b72ade2199cfd to remote] DEBUG org.asynchttpclient.netty.request.NettyRequestSender - Using pooled Channel '[id: 0x2441fe24, L:/127.0.0.1:53838 - R:localhost/127.0.0.1:45213]' for 'POST' to 'http://localhost:45213/session/0e8189330cf86434298b72ade2199cfd/element/9278CFCED2CB5F33544E1C36A731C863_element_16/value'
21:55:43.088 [Forwarding sendKeysToElement on session 0e8189330cf86434298b72ade2199cfd to remote] DEBUG org.asynchttpclient.netty.request.NettyRequestSender - Using open Channel [id: 0x2441fe24, L:/127.0.0.1:53838 - R:localhost/127.0.0.1:45213] for POST '/session/0e8189330cf86434298b72ade2199cfd/element/9278CFCED2CB5F33544E1C36A731C863_element_16/value'
21:55:43.213 [AsyncHttpClient-1-5] DEBUG org.asynchttpclient.netty.handler.HttpHandler - 

Request DefaultHttpRequest(decodeResult: success, version: HTTP/1.1)
POST /session/0e8189330cf86434298b72ade2199cfd/element/9278CFCED2CB5F33544E1C36A731C863_element_16/value HTTP/1.1
User-Agent: selenium/4.8.1 (java windows)
Content-Length: 138
Content-Type: application/json; charset=utf-8
host: localhost:45213
accept: */*

Response DefaultHttpResponse(decodeResult: success, version: HTTP/1.1)
HTTP/1.1 200 OK
Content-Length: 14
Content-Type: application/json; charset=utf-8
cache-control: no-cache

21:55:43.213 [AsyncHttpClient-1-5] DEBUG org.asynchttpclient.netty.channel.ChannelManager - Adding key: http://localhost:45213 for channel [id: 0x2441fe24, L:/127.0.0.1:53838 - R:localhost/127.0.0.1:45213]
21:55:43.224 [Forwarding getAlertText on session 0e8189330cf86434298b72ade2199cfd to remote] DEBUG org.asynchttpclient.netty.request.NettyRequestSender - Using pooled Channel '[id: 0x2441fe24, L:/127.0.0.1:53838 - R:localhost/127.0.0.1:45213]' for 'GET' to 'http://localhost:45213/session/0e8189330cf86434298b72ade2199cfd/alert/text'
21:55:43.224 [Forwarding getAlertText on session 0e8189330cf86434298b72ade2199cfd to remote] DEBUG org.asynchttpclient.netty.request.NettyRequestSender - Using open Channel [id: 0x2441fe24, L:/127.0.0.1:53838 - R:localhost/127.0.0.1:45213] for GET '/session/0e8189330cf86434298b72ade2199cfd/alert/text'
21:55:43.225 [AsyncHttpClient-1-5] DEBUG org.asynchttpclient.netty.handler.HttpHandler - 

Request DefaultFullHttpRequest(decodeResult: success, version: HTTP/1.1, content: EmptyByteBufBE)
GET /session/0e8189330cf86434298b72ade2199cfd/alert/text HTTP/1.1
User-Agent: selenium/4.8.1 (java windows)
Cache-Control: no-cache
Content-Type: application/json; charset=utf-8
host: localhost:45213
accept: */*

Response DefaultHttpResponse(decodeResult: success, version: HTTP/1.1)
HTTP/1.1 404 Not Found
Content-Length: 821
Content-Type: application/json; charset=utf-8
cache-control: no-cache

21:55:43.226 [AsyncHttpClient-1-5] DEBUG org.asynchttpclient.netty.channel.ChannelManager - Adding key: http://localhost:45213 for channel [id: 0x2441fe24, L:/127.0.0.1:53838 - R:localhost/127.0.0.1:45213]
21:55:43.227 [Forwarding getCurrentUrl on session 0e8189330cf86434298b72ade2199cfd to remote] DEBUG org.asynchttpclient.netty.request.NettyRequestSender - Using pooled Channel '[id: 0x2441fe24, L:/127.0.0.1:53838 - R:localhost/127.0.0.1:45213]' for 'GET' to 'http://localhost:45213/session/0e8189330cf86434298b72ade2199cfd/url'
21:55:43.227 [Forwarding getCurrentUrl on session 0e8189330cf86434298b72ade2199cfd to remote] DEBUG org.asynchttpclient.netty.request.NettyRequestSender - Using open Channel [id: 0x2441fe24, L:/127.0.0.1:53838 - R:localhost/127.0.0.1:45213] for GET '/session/0e8189330cf86434298b72ade2199cfd/url'
21:55:43.230 [AsyncHttpClient-1-5] DEBUG org.asynchttpclient.netty.handler.HttpHandler - 

Request DefaultFullHttpRequest(decodeResult: success, version: HTTP/1.1, content: EmptyByteBufBE)
GET /session/0e8189330cf86434298b72ade2199cfd/url HTTP/1.1
User-Agent: selenium/4.8.1 (java windows)
Cache-Control: no-cache
Content-Type: application/json; charset=utf-8
host: localhost:45213
accept: */*

Response DefaultHttpResponse(decodeResult: success, version: HTTP/1.1)
HTTP/1.1 200 OK
Content-Length: 47
Content-Type: application/json; charset=utf-8
cache-control: no-cache

21:55:43.230 [AsyncHttpClient-1-5] DEBUG org.asynchttpclient.netty.channel.ChannelManager - Adding key: http://localhost:45213 for channel [id: 0x2441fe24, L:/127.0.0.1:53838 - R:localhost/127.0.0.1:45213]
21:55:43.231 [Forwarding screenshot on session 0e8189330cf86434298b72ade2199cfd to remote] DEBUG org.asynchttpclient.netty.request.NettyRequestSender - Using pooled Channel '[id: 0x2441fe24, L:/127.0.0.1:53838 - R:localhost/127.0.0.1:45213]' for 'GET' to 'http://localhost:45213/session/0e8189330cf86434298b72ade2199cfd/screenshot'
21:55:43.231 [Forwarding screenshot on session 0e8189330cf86434298b72ade2199cfd to remote] DEBUG org.asynchttpclient.netty.request.NettyRequestSender - Using open Channel [id: 0x2441fe24, L:/127.0.0.1:53838 - R:localhost/127.0.0.1:45213] for GET '/session/0e8189330cf86434298b72ade2199cfd/screenshot'
21:55:43.354 [AsyncHttpClient-1-5] DEBUG org.asynchttpclient.netty.handler.HttpHandler - 

Request DefaultFullHttpRequest(decodeResult: success, version: HTTP/1.1, content: EmptyByteBufBE)
GET /session/0e8189330cf86434298b72ade2199cfd/screenshot HTTP/1.1
User-Agent: selenium/4.8.1 (java windows)
Cache-Control: no-cache
Content-Type: application/json; charset=utf-8
host: localhost:45213
accept: */*

Response DefaultHttpResponse(decodeResult: success, version: HTTP/1.1)
HTTP/1.1 200 OK
Content-Length: 41424
Content-Type: application/json; charset=utf-8
cache-control: no-cache

21:55:43.355 [AsyncHttpClient-1-5] DEBUG org.asynchttpclient.netty.channel.ChannelManager - Adding key: http://localhost:45213 for channel [id: 0x2441fe24, L:/127.0.0.1:53838 - R:localhost/127.0.0.1:45213]
21:55:43.360 [main] DEBUG net.serenitybdd.core.photography.Darkroom - Send negative for processing for target\site\serenity\ba6f8998afdb4279e564523a1b0dfe65325f151086115f0c1f6750550d82eb90.png
21:55:43.361 [main] DEBUG net.thucydides.core.steps.StepInterceptor - STEP DONE: inputUsername
21:55:43.361 [Darkroom Processing Line] DEBUG net.serenitybdd.core.photography.DarkroomProcessingLine - Processing screenshot image in /var/screenshots/screenshot-12951265937740098167
21:55:43.361 [Darkroom Processing Line] DEBUG net.serenitybdd.core.photography.DarkroomProcessingLine - Saving screenshot to target\site\serenity\ba6f8998afdb4279e564523a1b0dfe65325f151086115f0c1f6750550d82eb90.png
  &amp#27;[32mWhen &amp#27;[0m&amp#27;[32mI enter Username &amp#27;[0m&amp#27;[32m&amp#27;[1m"admin"&amp#27;[0m                                                   &amp#27;[90m# starter.stepdefinitions.LoginSteps.enterUsernamelOnSigIn(java.lang.String)&amp#27;[0m
21:55:43.377 [Forwarding getPageSource on session 0e8189330cf86434298b72ade2199cfd to remote] DEBUG org.asynchttpclient.netty.request.NettyRequestSender - Using pooled Channel '[id: 0x2441fe24, L:/127.0.0.1:53838 - R:localhost/127.0.0.1:45213]' for 'POST' to 'http://localhost:45213/session/0e8189330cf86434298b72ade2199cfd/execute/sync'
21:55:43.377 [Forwarding getPageSource on session 0e8189330cf86434298b72ade2199cfd to remote] DEBUG org.asynchttpclient.netty.request.NettyRequestSender - Using open Channel [id: 0x2441fe24, L:/127.0.0.1:53838 - R:localhost/127.0.0.1:45213] for POST '/session/0e8189330cf86434298b72ade2199cfd/execute/sync'
21:55:43.396 [AsyncHttpClient-1-5] DEBUG org.asynchttpclient.netty.handler.HttpHandler - 

Request DefaultHttpRequest(decodeResult: success, version: HTTP/1.1)
POST /session/0e8189330cf86434298b72ade2199cfd/execute/sync HTTP/1.1
User-Agent: selenium/4.8.1 (java windows)
Content-Length: 176
Content-Type: application/json; charset=utf-8
host: localhost:45213
accept: */*

Response DefaultHttpResponse(decodeResult: success, version: HTTP/1.1)
HTTP/1.1 200 OK
Content-Length: 166740
Content-Type: application/json; charset=utf-8
cache-control: no-cache

21:55:43.397 [AsyncHttpClient-1-5] DEBUG org.asynchttpclient.netty.channel.ChannelManager - Adding key: http://localhost:45213 for channel [id: 0x2441fe24, L:/127.0.0.1:53838 - R:localhost/127.0.0.1:45213]
21:55:43.406 [Forwarding getCurrentUrl on session 0e8189330cf86434298b72ade2199cfd to remote] DEBUG org.asynchttpclient.netty.request.NettyRequestSender - Using pooled Channel '[id: 0x2441fe24, L:/127.0.0.1:53838 - R:localhost/127.0.0.1:45213]' for 'GET' to 'http://localhost:45213/session/0e8189330cf86434298b72ade2199cfd/url'
21:55:43.408 [Forwarding getCurrentUrl on session 0e8189330cf86434298b72ade2199cfd to remote] DEBUG org.asynchttpclient.netty.request.NettyRequestSender - Using open Channel [id: 0x2441fe24, L:/127.0.0.1:53838 - R:localhost/127.0.0.1:45213] for GET '/session/0e8189330cf86434298b72ade2199cfd/url'
21:55:43.412 [AsyncHttpClient-1-5] DEBUG org.asynchttpclient.netty.handler.HttpHandler - 

Request DefaultFullHttpRequest(decodeResult: success, version: HTTP/1.1, content: EmptyByteBufBE)
GET /session/0e8189330cf86434298b72ade2199cfd/url HTTP/1.1
User-Agent: selenium/4.8.1 (java windows)
Cache-Control: no-cache
Content-Type: application/json; charset=utf-8
host: localhost:45213
accept: */*

Response DefaultHttpResponse(decodeResult: success, version: HTTP/1.1)
HTTP/1.1 200 OK
Content-Length: 47
Content-Type: application/json; charset=utf-8
cache-control: no-cache

21:55:43.412 [AsyncHttpClient-1-5] DEBUG org.asynchttpclient.netty.channel.ChannelManager - Adding key: http://localhost:45213 for channel [id: 0x2441fe24, L:/127.0.0.1:53838 - R:localhost/127.0.0.1:45213]
21:55:43.420 [Forwarding getAlertText on session 0e8189330cf86434298b72ade2199cfd to remote] DEBUG org.asynchttpclient.netty.request.NettyRequestSender - Using pooled Channel '[id: 0x2441fe24, L:/127.0.0.1:53838 - R:localhost/127.0.0.1:45213]' for 'GET' to 'http://localhost:45213/session/0e8189330cf86434298b72ade2199cfd/alert/text'
21:55:43.420 [Forwarding getAlertText on session 0e8189330cf86434298b72ade2199cfd to remote] DEBUG org.asynchttpclient.netty.request.NettyRequestSender - Using open Channel [id: 0x2441fe24, L:/127.0.0.1:53838 - R:localhost/127.0.0.1:45213] for GET '/session/0e8189330cf86434298b72ade2199cfd/alert/text'
21:55:43.422 [AsyncHttpClient-1-5] DEBUG org.asynchttpclient.netty.handler.HttpHandler - 

Request DefaultFullHttpRequest(decodeResult: success, version: HTTP/1.1, content: EmptyByteBufBE)
GET /session/0e8189330cf86434298b72ade2199cfd/alert/text HTTP/1.1
User-Agent: selenium/4.8.1 (java windows)
Cache-Control: no-cache
Content-Type: application/json; charset=utf-8
host: localhost:45213
accept: */*

Response DefaultHttpResponse(decodeResult: success, version: HTTP/1.1)
HTTP/1.1 404 Not Found
Content-Length: 821
Content-Type: application/json; charset=utf-8
cache-control: no-cache

21:55:43.422 [AsyncHttpClient-1-5] DEBUG org.asynchttpclient.netty.channel.ChannelManager - Adding key: http://localhost:45213 for channel [id: 0x2441fe24, L:/127.0.0.1:53838 - R:localhost/127.0.0.1:45213]
21:55:43.423 [Forwarding getCurrentUrl on session 0e8189330cf86434298b72ade2199cfd to remote] DEBUG org.asynchttpclient.netty.request.NettyRequestSender - Using pooled Channel '[id: 0x2441fe24, L:/127.0.0.1:53838 - R:localhost/127.0.0.1:45213]' for 'GET' to 'http://localhost:45213/session/0e8189330cf86434298b72ade2199cfd/url'
21:55:43.423 [Forwarding getCurrentUrl on session 0e8189330cf86434298b72ade2199cfd to remote] DEBUG org.asynchttpclient.netty.request.NettyRequestSender - Using open Channel [id: 0x2441fe24, L:/127.0.0.1:53838 - R:localhost/127.0.0.1:45213] for GET '/session/0e8189330cf86434298b72ade2199cfd/url'
21:55:43.428 [AsyncHttpClient-1-5] DEBUG org.asynchttpclient.netty.handler.HttpHandler - 

Request DefaultFullHttpRequest(decodeResult: success, version: HTTP/1.1, content: EmptyByteBufBE)
GET /session/0e8189330cf86434298b72ade2199cfd/url HTTP/1.1
User-Agent: selenium/4.8.1 (java windows)
Cache-Control: no-cache
Content-Type: application/json; charset=utf-8
host: localhost:45213
accept: */*

Response DefaultHttpResponse(decodeResult: success, version: HTTP/1.1)
HTTP/1.1 200 OK
Content-Length: 47
Content-Type: application/json; charset=utf-8
cache-control: no-cache

21:55:43.428 [AsyncHttpClient-1-5] DEBUG org.asynchttpclient.netty.channel.ChannelManager - Adding key: http://localhost:45213 for channel [id: 0x2441fe24, L:/127.0.0.1:53838 - R:localhost/127.0.0.1:45213]
21:55:43.429 [Forwarding screenshot on session 0e8189330cf86434298b72ade2199cfd to remote] DEBUG org.asynchttpclient.netty.request.NettyRequestSender - Using pooled Channel '[id: 0x2441fe24, L:/127.0.0.1:53838 - R:localhost/127.0.0.1:45213]' for 'GET' to 'http://localhost:45213/session/0e8189330cf86434298b72ade2199cfd/screenshot'
21:55:43.429 [Forwarding screenshot on session 0e8189330cf86434298b72ade2199cfd to remote] DEBUG org.asynchttpclient.netty.request.NettyRequestSender - Using open Channel [id: 0x2441fe24, L:/127.0.0.1:53838 - R:localhost/127.0.0.1:45213] for GET '/session/0e8189330cf86434298b72ade2199cfd/screenshot'
21:55:43.560 [AsyncHttpClient-1-5] DEBUG org.asynchttpclient.netty.handler.HttpHandler - 

Request DefaultFullHttpRequest(decodeResult: success, version: HTTP/1.1, content: EmptyByteBufBE)
GET /session/0e8189330cf86434298b72ade2199cfd/screenshot HTTP/1.1
User-Agent: selenium/4.8.1 (java windows)
Cache-Control: no-cache
Content-Type: application/json; charset=utf-8
host: localhost:45213
accept: */*

Response DefaultHttpResponse(decodeResult: success, version: HTTP/1.1)
HTTP/1.1 200 OK
Content-Length: 41348
Content-Type: application/json; charset=utf-8
cache-control: no-cache

21:55:43.560 [AsyncHttpClient-1-5] DEBUG org.asynchttpclient.netty.channel.ChannelManager - Adding key: http://localhost:45213 for channel [id: 0x2441fe24, L:/127.0.0.1:53838 - R:localhost/127.0.0.1:45213]
21:55:43.563 [main] DEBUG net.serenitybdd.core.photography.Darkroom - Send negative for processing for target\site\serenity\be8ca9a99a131e2b58c12f54c52180fbd13817f3e797da03ca952b733385dd8a.png
21:55:43.566 [Forwarding getPageSource on session 0e8189330cf86434298b72ade2199cfd to remote] DEBUG org.asynchttpclient.netty.request.NettyRequestSender - Using pooled Channel '[id: 0x2441fe24, L:/127.0.0.1:53838 - R:localhost/127.0.0.1:45213]' for 'POST' to 'http://localhost:45213/session/0e8189330cf86434298b72ade2199cfd/execute/sync'
21:55:43.566 [Forwarding getPageSource on session 0e8189330cf86434298b72ade2199cfd to remote] DEBUG org.asynchttpclient.netty.request.NettyRequestSender - Using open Channel [id: 0x2441fe24, L:/127.0.0.1:53838 - R:localhost/127.0.0.1:45213] for POST '/session/0e8189330cf86434298b72ade2199cfd/execute/sync'
21:55:43.587 [AsyncHttpClient-1-5] DEBUG org.asynchttpclient.netty.handler.HttpHandler - 

Request DefaultHttpRequest(decodeResult: success, version: HTTP/1.1)
POST /session/0e8189330cf86434298b72ade2199cfd/execute/sync HTTP/1.1
User-Agent: selenium/4.8.1 (java windows)
Content-Length: 176
Content-Type: application/json; charset=utf-8
host: localhost:45213
accept: */*

Response DefaultHttpResponse(decodeResult: success, version: HTTP/1.1)
HTTP/1.1 200 OK
Content-Length: 166740
Content-Type: application/json; charset=utf-8
cache-control: no-cache

21:55:43.589 [AsyncHttpClient-1-5] DEBUG org.asynchttpclient.netty.channel.ChannelManager - Adding key: http://localhost:45213 for channel [id: 0x2441fe24, L:/127.0.0.1:53838 - R:localhost/127.0.0.1:45213]
21:55:43.597 [Forwarding getCurrentUrl on session 0e8189330cf86434298b72ade2199cfd to remote] DEBUG org.asynchttpclient.netty.request.NettyRequestSender - Using pooled Channel '[id: 0x2441fe24, L:/127.0.0.1:53838 - R:localhost/127.0.0.1:45213]' for 'GET' to 'http://localhost:45213/session/0e8189330cf86434298b72ade2199cfd/url'
21:55:43.597 [Forwarding getCurrentUrl on session 0e8189330cf86434298b72ade2199cfd to remote] DEBUG org.asynchttpclient.netty.request.NettyRequestSender - Using open Channel [id: 0x2441fe24, L:/127.0.0.1:53838 - R:localhost/127.0.0.1:45213] for GET '/session/0e8189330cf86434298b72ade2199cfd/url'
21:55:43.602 [AsyncHttpClient-1-5] DEBUG org.asynchttpclient.netty.handler.HttpHandler - 

Request DefaultFullHttpRequest(decodeResult: success, version: HTTP/1.1, content: EmptyByteBufBE)
GET /session/0e8189330cf86434298b72ade2199cfd/url HTTP/1.1
User-Agent: selenium/4.8.1 (java windows)
Cache-Control: no-cache
Content-Type: application/json; charset=utf-8
host: localhost:45213
accept: */*

Response DefaultHttpResponse(decodeResult: success, version: HTTP/1.1)
HTTP/1.1 200 OK
Content-Length: 47
Content-Type: application/json; charset=utf-8
cache-control: no-cache

21:55:43.602 [AsyncHttpClient-1-5] DEBUG org.asynchttpclient.netty.channel.ChannelManager - Adding key: http://localhost:45213 for channel [id: 0x2441fe24, L:/127.0.0.1:53838 - R:localhost/127.0.0.1:45213]
21:55:43.604 [main] DEBUG net.thucydides.core.steps.StepInterceptor - STARTING STEP: LoginSteps.enterPasswordOnLogin - inputPassword
21:55:43.606 [Forwarding findElement on session 0e8189330cf86434298b72ade2199cfd to remote] DEBUG org.asynchttpclient.netty.request.NettyRequestSender - Using pooled Channel '[id: 0x2441fe24, L:/127.0.0.1:53838 - R:localhost/127.0.0.1:45213]' for 'POST' to 'http://localhost:45213/session/0e8189330cf86434298b72ade2199cfd/element'
21:55:43.606 [Forwarding findElement on session 0e8189330cf86434298b72ade2199cfd to remote] DEBUG org.asynchttpclient.netty.request.NettyRequestSender - Using open Channel [id: 0x2441fe24, L:/127.0.0.1:53838 - R:localhost/127.0.0.1:45213] for POST '/session/0e8189330cf86434298b72ade2199cfd/element'
21:55:43.616 [AsyncHttpClient-1-5] DEBUG org.asynchttpclient.netty.handler.HttpHandler - 

Request DefaultHttpRequest(decodeResult: success, version: HTTP/1.1)
POST /session/0e8189330cf86434298b72ade2199cfd/element HTTP/1.1
User-Agent: selenium/4.8.1 (java windows)
Content-Length: 79
Content-Type: application/json; charset=utf-8
host: localhost:45213
accept: */*

Response DefaultHttpResponse(decodeResult: success, version: HTTP/1.1)
HTTP/1.1 200 OK
Content-Length: 94
Content-Type: application/json; charset=utf-8
cache-control: no-cache

21:55:43.617 [AsyncHttpClient-1-5] DEBUG org.asynchttpclient.netty.channel.ChannelManager - Adding key: http://localhost:45213 for channel [id: 0x2441fe24, L:/127.0.0.1:53838 - R:localhost/127.0.0.1:45213]
21:55:43.618 [AsyncHttpClient-1-1] DEBUG org.asynchttpclient.netty.channel.DefaultChannelPool - Entry count for : http://localhost:53839 : 1
21:55:43.618 [AsyncHttpClient-1-1] DEBUG org.asynchttpclient.netty.channel.DefaultChannelPool - Entry count for : http://localhost:45213 : 1
21:55:43.618 [Forwarding clearElement on session 0e8189330cf86434298b72ade2199cfd to remote] DEBUG org.asynchttpclient.netty.request.NettyRequestSender - Using pooled Channel '[id: 0x2441fe24, L:/127.0.0.1:53838 - R:localhost/127.0.0.1:45213]' for 'POST' to 'http://localhost:45213/session/0e8189330cf86434298b72ade2199cfd/element/9278CFCED2CB5F33544E1C36A731C863_element_2/clear'
21:55:43.618 [Forwarding clearElement on session 0e8189330cf86434298b72ade2199cfd to remote] DEBUG org.asynchttpclient.netty.request.NettyRequestSender - Using open Channel [id: 0x2441fe24, L:/127.0.0.1:53838 - R:localhost/127.0.0.1:45213] for POST '/session/0e8189330cf86434298b72ade2199cfd/element/9278CFCED2CB5F33544E1C36A731C863_element_2/clear'
21:55:43.641 [AsyncHttpClient-1-5] DEBUG org.asynchttpclient.netty.handler.HttpHandler - 

Request DefaultHttpRequest(decodeResult: success, version: HTTP/1.1)
POST /session/0e8189330cf86434298b72ade2199cfd/element/9278CFCED2CB5F33544E1C36A731C863_element_2/clear HTTP/1.1
User-Agent: selenium/4.8.1 (java windows)
Content-Length: 56
Content-Type: application/json; charset=utf-8
host: localhost:45213
accept: */*

Response DefaultHttpResponse(decodeResult: success, version: HTTP/1.1)
HTTP/1.1 200 OK
Content-Length: 14
Content-Type: application/json; charset=utf-8
cache-control: no-cache

21:55:43.641 [AsyncHttpClient-1-5] DEBUG org.asynchttpclient.netty.channel.ChannelManager - Adding key: http://localhost:45213 for channel [id: 0x2441fe24, L:/127.0.0.1:53838 - R:localhost/127.0.0.1:45213]
21:55:43.643 [Forwarding sendKeysToElement on session 0e8189330cf86434298b72ade2199cfd to remote] DEBUG org.asynchttpclient.netty.request.NettyRequestSender - Using pooled Channel '[id: 0x2441fe24, L:/127.0.0.1:53838 - R:localhost/127.0.0.1:45213]' for 'POST' to 'http://localhost:45213/session/0e8189330cf86434298b72ade2199cfd/element/9278CFCED2CB5F33544E1C36A731C863_element_2/value'
21:55:43.643 [Forwarding sendKeysToElement on session 0e8189330cf86434298b72ade2199cfd to remote] DEBUG org.asynchttpclient.netty.request.NettyRequestSender - Using open Channel [id: 0x2441fe24, L:/127.0.0.1:53838 - R:localhost/127.0.0.1:45213] for POST '/session/0e8189330cf86434298b72ade2199cfd/element/9278CFCED2CB5F33544E1C36A731C863_element_2/value'
21:55:43.730 [AsyncHttpClient-1-5] DEBUG org.asynchttpclient.netty.handler.HttpHandler - 

Request DefaultHttpRequest(decodeResult: success, version: HTTP/1.1)
POST /session/0e8189330cf86434298b72ade2199cfd/element/9278CFCED2CB5F33544E1C36A731C863_element_2/value HTTP/1.1
User-Agent: selenium/4.8.1 (java windows)
Content-Length: 187
Content-Type: application/json; charset=utf-8
host: localhost:45213
accept: */*

Response DefaultHttpResponse(decodeResult: success, version: HTTP/1.1)
HTTP/1.1 200 OK
Content-Length: 14
Content-Type: application/json; charset=utf-8
cache-control: no-cache

21:55:43.730 [AsyncHttpClient-1-5] DEBUG org.asynchttpclient.netty.channel.ChannelManager - Adding key: http://localhost:45213 for channel [id: 0x2441fe24, L:/127.0.0.1:53838 - R:localhost/127.0.0.1:45213]
21:55:43.742 [Forwarding getAlertText on session 0e8189330cf86434298b72ade2199cfd to remote] DEBUG org.asynchttpclient.netty.request.NettyRequestSender - Using pooled Channel '[id: 0x2441fe24, L:/127.0.0.1:53838 - R:localhost/127.0.0.1:45213]' for 'GET' to 'http://localhost:45213/session/0e8189330cf86434298b72ade2199cfd/alert/text'
21:55:43.743 [Forwarding getAlertText on session 0e8189330cf86434298b72ade2199cfd to remote] DEBUG org.asynchttpclient.netty.request.NettyRequestSender - Using open Channel [id: 0x2441fe24, L:/127.0.0.1:53838 - R:localhost/127.0.0.1:45213] for GET '/session/0e8189330cf86434298b72ade2199cfd/alert/text'
21:55:43.744 [AsyncHttpClient-1-5] DEBUG org.asynchttpclient.netty.handler.HttpHandler - 

Request DefaultFullHttpRequest(decodeResult: success, version: HTTP/1.1, content: EmptyByteBufBE)
GET /session/0e8189330cf86434298b72ade2199cfd/alert/text HTTP/1.1
User-Agent: selenium/4.8.1 (java windows)
Cache-Control: no-cache
Content-Type: application/json; charset=utf-8
host: localhost:45213
accept: */*

Response DefaultHttpResponse(decodeResult: success, version: HTTP/1.1)
HTTP/1.1 404 Not Found
Content-Length: 821
Content-Type: application/json; charset=utf-8
cache-control: no-cache

21:55:43.744 [AsyncHttpClient-1-5] DEBUG org.asynchttpclient.netty.channel.ChannelManager - Adding key: http://localhost:45213 for channel [id: 0x2441fe24, L:/127.0.0.1:53838 - R:localhost/127.0.0.1:45213]
21:55:43.746 [Forwarding getCurrentUrl on session 0e8189330cf86434298b72ade2199cfd to remote] DEBUG org.asynchttpclient.netty.request.NettyRequestSender - Using pooled Channel '[id: 0x2441fe24, L:/127.0.0.1:53838 - R:localhost/127.0.0.1:45213]' for 'GET' to 'http://localhost:45213/session/0e8189330cf86434298b72ade2199cfd/url'
21:55:43.746 [Forwarding getCurrentUrl on session 0e8189330cf86434298b72ade2199cfd to remote] DEBUG org.asynchttpclient.netty.request.NettyRequestSender - Using open Channel [id: 0x2441fe24, L:/127.0.0.1:53838 - R:localhost/127.0.0.1:45213] for GET '/session/0e8189330cf86434298b72ade2199cfd/url'
21:55:43.757 [AsyncHttpClient-1-5] DEBUG org.asynchttpclient.netty.handler.HttpHandler - 

Request DefaultFullHttpRequest(decodeResult: success, version: HTTP/1.1, content: EmptyByteBufBE)
GET /session/0e8189330cf86434298b72ade2199cfd/url HTTP/1.1
User-Agent: selenium/4.8.1 (java windows)
Cache-Control: no-cache
Content-Type: application/json; charset=utf-8
host: localhost:45213
accept: */*

Response DefaultHttpResponse(decodeResult: success, version: HTTP/1.1)
HTTP/1.1 200 OK
Content-Length: 47
Content-Type: application/json; charset=utf-8
cache-control: no-cache

21:55:43.758 [AsyncHttpClient-1-5] DEBUG org.asynchttpclient.netty.channel.ChannelManager - Adding key: http://localhost:45213 for channel [id: 0x2441fe24, L:/127.0.0.1:53838 - R:localhost/127.0.0.1:45213]
21:55:43.759 [Forwarding screenshot on session 0e8189330cf86434298b72ade2199cfd to remote] DEBUG org.asynchttpclient.netty.request.NettyRequestSender - Using pooled Channel '[id: 0x2441fe24, L:/127.0.0.1:53838 - R:localhost/127.0.0.1:45213]' for 'GET' to 'http://localhost:45213/session/0e8189330cf86434298b72ade2199cfd/screenshot'
21:55:43.759 [Forwarding screenshot on session 0e8189330cf86434298b72ade2199cfd to remote] DEBUG org.asynchttpclient.netty.request.NettyRequestSender - Using open Channel [id: 0x2441fe24, L:/127.0.0.1:53838 - R:localhost/127.0.0.1:45213] for GET '/session/0e8189330cf86434298b72ade2199cfd/screenshot'
21:55:43.906 [AsyncHttpClient-1-5] DEBUG org.asynchttpclient.netty.handler.HttpHandler - 

Request DefaultFullHttpRequest(decodeResult: success, version: HTTP/1.1, content: EmptyByteBufBE)
GET /session/0e8189330cf86434298b72ade2199cfd/screenshot HTTP/1.1
User-Agent: selenium/4.8.1 (java windows)
Cache-Control: no-cache
Content-Type: application/json; charset=utf-8
host: localhost:45213
accept: */*

Response DefaultHttpResponse(decodeResult: success, version: HTTP/1.1)
HTTP/1.1 200 OK
Content-Length: 39620
Content-Type: application/json; charset=utf-8
cache-control: no-cache

21:55:43.906 [AsyncHttpClient-1-5] DEBUG org.asynchttpclient.netty.channel.ChannelManager - Adding key: http://localhost:45213 for channel [id: 0x2441fe24, L:/127.0.0.1:53838 - R:localhost/127.0.0.1:45213]
21:55:43.908 [main] DEBUG net.serenitybdd.core.photography.Darkroom - Send negative for processing for target\site\serenity\f4ddfe65ce939d292d2d0ec47ecad62030d2a5649db9976793eab2e09701ff60.png
21:55:43.908 [main] DEBUG net.thucydides.core.steps.StepInterceptor - STEP DONE: inputPassword
21:55:43.908 [Darkroom Processing Line] DEBUG net.serenitybdd.core.photography.DarkroomProcessingLine - Processing screenshot image in /var/screenshots/screenshot-10281792774677304603
21:55:43.908 [Darkroom Processing Line] DEBUG net.serenitybdd.core.photography.DarkroomProcessingLine - Saving screenshot to target\site\serenity\f4ddfe65ce939d292d2d0ec47ecad62030d2a5649db9976793eab2e09701ff60.png
  &amp#27;[32mAnd &amp#27;[0m&amp#27;[32mI enter Password &amp#27;[0m&amp#27;[32m&amp#27;[1m"kelompok20"&amp#27;[0m                                               &amp#27;[90m# starter.stepdefinitions.LoginSteps.enterPasswordOnLogin(java.lang.String)&amp#27;[0m
21:55:43.914 [Forwarding getPageSource on session 0e8189330cf86434298b72ade2199cfd to remote] DEBUG org.asynchttpclient.netty.request.NettyRequestSender - Using pooled Channel '[id: 0x2441fe24, L:/127.0.0.1:53838 - R:localhost/127.0.0.1:45213]' for 'POST' to 'http://localhost:45213/session/0e8189330cf86434298b72ade2199cfd/execute/sync'
21:55:43.914 [Forwarding getPageSource on session 0e8189330cf86434298b72ade2199cfd to remote] DEBUG org.asynchttpclient.netty.request.NettyRequestSender - Using open Channel [id: 0x2441fe24, L:/127.0.0.1:53838 - R:localhost/127.0.0.1:45213] for POST '/session/0e8189330cf86434298b72ade2199cfd/execute/sync'
21:55:43.932 [AsyncHttpClient-1-5] DEBUG org.asynchttpclient.netty.handler.HttpHandler - 

Request DefaultHttpRequest(decodeResult: success, version: HTTP/1.1)
POST /session/0e8189330cf86434298b72ade2199cfd/execute/sync HTTP/1.1
User-Agent: selenium/4.8.1 (java windows)
Content-Length: 176
Content-Type: application/json; charset=utf-8
host: localhost:45213
accept: */*

Response DefaultHttpResponse(decodeResult: success, version: HTTP/1.1)
HTTP/1.1 200 OK
Content-Length: 166805
Content-Type: application/json; charset=utf-8
cache-control: no-cache

21:55:43.933 [AsyncHttpClient-1-5] DEBUG org.asynchttpclient.netty.channel.ChannelManager - Adding key: http://localhost:45213 for channel [id: 0x2441fe24, L:/127.0.0.1:53838 - R:localhost/127.0.0.1:45213]
21:55:43.942 [Forwarding getCurrentUrl on session 0e8189330cf86434298b72ade2199cfd to remote] DEBUG org.asynchttpclient.netty.request.NettyRequestSender - Using pooled Channel '[id: 0x2441fe24, L:/127.0.0.1:53838 - R:localhost/127.0.0.1:45213]' for 'GET' to 'http://localhost:45213/session/0e8189330cf86434298b72ade2199cfd/url'
21:55:43.942 [Forwarding getCurrentUrl on session 0e8189330cf86434298b72ade2199cfd to remote] DEBUG org.asynchttpclient.netty.request.NettyRequestSender - Using open Channel [id: 0x2441fe24, L:/127.0.0.1:53838 - R:localhost/127.0.0.1:45213] for GET '/session/0e8189330cf86434298b72ade2199cfd/url'
21:55:43.948 [AsyncHttpClient-1-5] DEBUG org.asynchttpclient.netty.handler.HttpHandler - 

Request DefaultFullHttpRequest(decodeResult: success, version: HTTP/1.1, content: EmptyByteBufBE)
GET /session/0e8189330cf86434298b72ade2199cfd/url HTTP/1.1
User-Agent: selenium/4.8.1 (java windows)
Cache-Control: no-cache
Content-Type: application/json; charset=utf-8
host: localhost:45213
accept: */*

Response DefaultHttpResponse(decodeResult: success, version: HTTP/1.1)
HTTP/1.1 200 OK
Content-Length: 47
Content-Type: application/json; charset=utf-8
cache-control: no-cache

21:55:43.948 [AsyncHttpClient-1-5] DEBUG org.asynchttpclient.netty.channel.ChannelManager - Adding key: http://localhost:45213 for channel [id: 0x2441fe24, L:/127.0.0.1:53838 - R:localhost/127.0.0.1:45213]
21:55:43.960 [Forwarding getAlertText on session 0e8189330cf86434298b72ade2199cfd to remote] DEBUG org.asynchttpclient.netty.request.NettyRequestSender - Using pooled Channel '[id: 0x2441fe24, L:/127.0.0.1:53838 - R:localhost/127.0.0.1:45213]' for 'GET' to 'http://localhost:45213/session/0e8189330cf86434298b72ade2199cfd/alert/text'
21:55:43.961 [Forwarding getAlertText on session 0e8189330cf86434298b72ade2199cfd to remote] DEBUG org.asynchttpclient.netty.request.NettyRequestSender - Using open Channel [id: 0x2441fe24, L:/127.0.0.1:53838 - R:localhost/127.0.0.1:45213] for GET '/session/0e8189330cf86434298b72ade2199cfd/alert/text'
21:55:43.964 [AsyncHttpClient-1-5] DEBUG org.asynchttpclient.netty.handler.HttpHandler - 

Request DefaultFullHttpRequest(decodeResult: success, version: HTTP/1.1, content: EmptyByteBufBE)
GET /session/0e8189330cf86434298b72ade2199cfd/alert/text HTTP/1.1
User-Agent: selenium/4.8.1 (java windows)
Cache-Control: no-cache
Content-Type: application/json; charset=utf-8
host: localhost:45213
accept: */*

Response DefaultHttpResponse(decodeResult: success, version: HTTP/1.1)
HTTP/1.1 404 Not Found
Content-Length: 821
Content-Type: application/json; charset=utf-8
cache-control: no-cache

21:55:43.964 [AsyncHttpClient-1-5] DEBUG org.asynchttpclient.netty.channel.ChannelManager - Adding key: http://localhost:45213 for channel [id: 0x2441fe24, L:/127.0.0.1:53838 - R:localhost/127.0.0.1:45213]
21:55:43.968 [Forwarding getCurrentUrl on session 0e8189330cf86434298b72ade2199cfd to remote] DEBUG org.asynchttpclient.netty.request.NettyRequestSender - Using pooled Channel '[id: 0x2441fe24, L:/127.0.0.1:53838 - R:localhost/127.0.0.1:45213]' for 'GET' to 'http://localhost:45213/session/0e8189330cf86434298b72ade2199cfd/url'
21:55:43.968 [Forwarding getCurrentUrl on session 0e8189330cf86434298b72ade2199cfd to remote] DEBUG org.asynchttpclient.netty.request.NettyRequestSender - Using open Channel [id: 0x2441fe24, L:/127.0.0.1:53838 - R:localhost/127.0.0.1:45213] for GET '/session/0e8189330cf86434298b72ade2199cfd/url'
21:55:43.976 [AsyncHttpClient-1-5] DEBUG org.asynchttpclient.netty.handler.HttpHandler - 

Request DefaultFullHttpRequest(decodeResult: success, version: HTTP/1.1, content: EmptyByteBufBE)
GET /session/0e8189330cf86434298b72ade2199cfd/url HTTP/1.1
User-Agent: selenium/4.8.1 (java windows)
Cache-Control: no-cache
Content-Type: application/json; charset=utf-8
host: localhost:45213
accept: */*

Response DefaultHttpResponse(decodeResult: success, version: HTTP/1.1)
HTTP/1.1 200 OK
Content-Length: 47
Content-Type: application/json; charset=utf-8
cache-control: no-cache

21:55:43.976 [AsyncHttpClient-1-5] DEBUG org.asynchttpclient.netty.channel.ChannelManager - Adding key: http://localhost:45213 for channel [id: 0x2441fe24, L:/127.0.0.1:53838 - R:localhost/127.0.0.1:45213]
21:55:43.976 [Forwarding screenshot on session 0e8189330cf86434298b72ade2199cfd to remote] DEBUG org.asynchttpclient.netty.request.NettyRequestSender - Using pooled Channel '[id: 0x2441fe24, L:/127.0.0.1:53838 - R:localhost/127.0.0.1:45213]' for 'GET' to 'http://localhost:45213/session/0e8189330cf86434298b72ade2199cfd/screenshot'
21:55:43.976 [Forwarding screenshot on session 0e8189330cf86434298b72ade2199cfd to remote] DEBUG org.asynchttpclient.netty.request.NettyRequestSender - Using open Channel [id: 0x2441fe24, L:/127.0.0.1:53838 - R:localhost/127.0.0.1:45213] for GET '/session/0e8189330cf86434298b72ade2199cfd/screenshot'
21:55:44.080 [AsyncHttpClient-1-5] DEBUG org.asynchttpclient.netty.handler.HttpHandler - 

Request DefaultFullHttpRequest(decodeResult: success, version: HTTP/1.1, content: EmptyByteBufBE)
GET /session/0e8189330cf86434298b72ade2199cfd/screenshot HTTP/1.1
User-Agent: selenium/4.8.1 (java windows)
Cache-Control: no-cache
Content-Type: application/json; charset=utf-8
host: localhost:45213
accept: */*

Response DefaultHttpResponse(decodeResult: success, version: HTTP/1.1)
HTTP/1.1 200 OK
Content-Length: 39480
Content-Type: application/json; charset=utf-8
cache-control: no-cache

21:55:44.080 [AsyncHttpClient-1-5] DEBUG org.asynchttpclient.netty.channel.ChannelManager - Adding key: http://localhost:45213 for channel [id: 0x2441fe24, L:/127.0.0.1:53838 - R:localhost/127.0.0.1:45213]
21:55:44.081 [main] DEBUG net.serenitybdd.core.photography.Darkroom - Send negative for processing for target\site\serenity\0848203905204abd79882076e548518aaf669550df61b8e8d89dc78a017fa67e.png
21:55:44.083 [Forwarding getPageSource on session 0e8189330cf86434298b72ade2199cfd to remote] DEBUG org.asynchttpclient.netty.request.NettyRequestSender - Using pooled Channel '[id: 0x2441fe24, L:/127.0.0.1:53838 - R:localhost/127.0.0.1:45213]' for 'POST' to 'http://localhost:45213/session/0e8189330cf86434298b72ade2199cfd/execute/sync'
21:55:44.083 [Forwarding getPageSource on session 0e8189330cf86434298b72ade2199cfd to remote] DEBUG org.asynchttpclient.netty.request.NettyRequestSender - Using open Channel [id: 0x2441fe24, L:/127.0.0.1:53838 - R:localhost/127.0.0.1:45213] for POST '/session/0e8189330cf86434298b72ade2199cfd/execute/sync'
21:55:44.098 [AsyncHttpClient-1-5] DEBUG org.asynchttpclient.netty.handler.HttpHandler - 

Request DefaultHttpRequest(decodeResult: success, version: HTTP/1.1)
POST /session/0e8189330cf86434298b72ade2199cfd/execute/sync HTTP/1.1
User-Agent: selenium/4.8.1 (java windows)
Content-Length: 176
Content-Type: application/json; charset=utf-8
host: localhost:45213
accept: */*

Response DefaultHttpResponse(decodeResult: success, version: HTTP/1.1)
HTTP/1.1 200 OK
Content-Length: 166805
Content-Type: application/json; charset=utf-8
cache-control: no-cache

21:55:44.099 [AsyncHttpClient-1-5] DEBUG org.asynchttpclient.netty.channel.ChannelManager - Adding key: http://localhost:45213 for channel [id: 0x2441fe24, L:/127.0.0.1:53838 - R:localhost/127.0.0.1:45213]
21:55:44.106 [Forwarding getCurrentUrl on session 0e8189330cf86434298b72ade2199cfd to remote] DEBUG org.asynchttpclient.netty.request.NettyRequestSender - Using pooled Channel '[id: 0x2441fe24, L:/127.0.0.1:53838 - R:localhost/127.0.0.1:45213]' for 'GET' to 'http://localhost:45213/session/0e8189330cf86434298b72ade2199cfd/url'
21:55:44.106 [Forwarding getCurrentUrl on session 0e8189330cf86434298b72ade2199cfd to remote] DEBUG org.asynchttpclient.netty.request.NettyRequestSender - Using open Channel [id: 0x2441fe24, L:/127.0.0.1:53838 - R:localhost/127.0.0.1:45213] for GET '/session/0e8189330cf86434298b72ade2199cfd/url'
21:55:44.111 [AsyncHttpClient-1-5] DEBUG org.asynchttpclient.netty.handler.HttpHandler - 

Request DefaultFullHttpRequest(decodeResult: success, version: HTTP/1.1, content: EmptyByteBufBE)
GET /session/0e8189330cf86434298b72ade2199cfd/url HTTP/1.1
User-Agent: selenium/4.8.1 (java windows)
Cache-Control: no-cache
Content-Type: application/json; charset=utf-8
host: localhost:45213
accept: */*

Response DefaultHttpResponse(decodeResult: success, version: HTTP/1.1)
HTTP/1.1 200 OK
Content-Length: 47
Content-Type: application/json; charset=utf-8
cache-control: no-cache

21:55:44.111 [AsyncHttpClient-1-5] DEBUG org.asynchttpclient.netty.channel.ChannelManager - Adding key: http://localhost:45213 for channel [id: 0x2441fe24, L:/127.0.0.1:53838 - R:localhost/127.0.0.1:45213]
21:55:44.115 [main] DEBUG net.thucydides.core.steps.StepInterceptor - STARTING STEP: LoginSteps.clickSigInButton - ClickSigInButton
21:55:44.118 [Forwarding findElement on session 0e8189330cf86434298b72ade2199cfd to remote] DEBUG org.asynchttpclient.netty.request.NettyRequestSender - Using pooled Channel '[id: 0x2441fe24, L:/127.0.0.1:53838 - R:localhost/127.0.0.1:45213]' for 'POST' to 'http://localhost:45213/session/0e8189330cf86434298b72ade2199cfd/element'
21:55:44.118 [Forwarding findElement on session 0e8189330cf86434298b72ade2199cfd to remote] DEBUG org.asynchttpclient.netty.request.NettyRequestSender - Using open Channel [id: 0x2441fe24, L:/127.0.0.1:53838 - R:localhost/127.0.0.1:45213] for POST '/session/0e8189330cf86434298b72ade2199cfd/element'
21:55:44.126 [AsyncHttpClient-1-5] DEBUG org.asynchttpclient.netty.handler.HttpHandler - 

Request DefaultHttpRequest(decodeResult: success, version: HTTP/1.1)
POST /session/0e8189330cf86434298b72ade2199cfd/element HTTP/1.1
User-Agent: selenium/4.8.1 (java windows)
Content-Length: 155
Content-Type: application/json; charset=utf-8
host: localhost:45213
accept: */*

Response DefaultHttpResponse(decodeResult: success, version: HTTP/1.1)
HTTP/1.1 200 OK
Content-Length: 94
Content-Type: application/json; charset=utf-8
cache-control: no-cache

21:55:44.126 [AsyncHttpClient-1-5] DEBUG org.asynchttpclient.netty.channel.ChannelManager - Adding key: http://localhost:45213 for channel [id: 0x2441fe24, L:/127.0.0.1:53838 - R:localhost/127.0.0.1:45213]
21:55:44.128 [Forwarding getElementTagName on session 0e8189330cf86434298b72ade2199cfd to remote] DEBUG org.asynchttpclient.netty.request.NettyRequestSender - Using pooled Channel '[id: 0x2441fe24, L:/127.0.0.1:53838 - R:localhost/127.0.0.1:45213]' for 'GET' to 'http://localhost:45213/session/0e8189330cf86434298b72ade2199cfd/element/9278CFCED2CB5F33544E1C36A731C863_element_3/name'
21:55:44.128 [Forwarding getElementTagName on session 0e8189330cf86434298b72ade2199cfd to remote] DEBUG org.asynchttpclient.netty.request.NettyRequestSender - Using open Channel [id: 0x2441fe24, L:/127.0.0.1:53838 - R:localhost/127.0.0.1:45213] for GET '/session/0e8189330cf86434298b72ade2199cfd/element/9278CFCED2CB5F33544E1C36A731C863_element_3/name'
21:55:44.136 [AsyncHttpClient-1-5] DEBUG org.asynchttpclient.netty.handler.HttpHandler - 

Request DefaultFullHttpRequest(decodeResult: success, version: HTTP/1.1, content: EmptyByteBufBE)
GET /session/0e8189330cf86434298b72ade2199cfd/element/9278CFCED2CB5F33544E1C36A731C863_element_3/name HTTP/1.1
User-Agent: selenium/4.8.1 (java windows)
Cache-Control: no-cache
Content-Type: application/json; charset=utf-8
host: localhost:45213
accept: */*

Response DefaultHttpResponse(decodeResult: success, version: HTTP/1.1)
HTTP/1.1 200 OK
Content-Length: 16
Content-Type: application/json; charset=utf-8
cache-control: no-cache

21:55:44.136 [AsyncHttpClient-1-5] DEBUG org.asynchttpclient.netty.channel.ChannelManager - Adding key: http://localhost:45213 for channel [id: 0x2441fe24, L:/127.0.0.1:53838 - R:localhost/127.0.0.1:45213]
21:55:44.138 [Forwarding getElementTagName on session 0e8189330cf86434298b72ade2199cfd to remote] DEBUG org.asynchttpclient.netty.request.NettyRequestSender - Using pooled Channel '[id: 0x2441fe24, L:/127.0.0.1:53838 - R:localhost/127.0.0.1:45213]' for 'GET' to 'http://localhost:45213/session/0e8189330cf86434298b72ade2199cfd/element/9278CFCED2CB5F33544E1C36A731C863_element_3/name'
21:55:44.138 [Forwarding getElementTagName on session 0e8189330cf86434298b72ade2199cfd to remote] DEBUG org.asynchttpclient.netty.request.NettyRequestSender - Using open Channel [id: 0x2441fe24, L:/127.0.0.1:53838 - R:localhost/127.0.0.1:45213] for GET '/session/0e8189330cf86434298b72ade2199cfd/element/9278CFCED2CB5F33544E1C36A731C863_element_3/name'
21:55:44.145 [AsyncHttpClient-1-5] DEBUG org.asynchttpclient.netty.handler.HttpHandler - 

Request DefaultFullHttpRequest(decodeResult: success, version: HTTP/1.1, content: EmptyByteBufBE)
GET /session/0e8189330cf86434298b72ade2199cfd/element/9278CFCED2CB5F33544E1C36A731C863_element_3/name HTTP/1.1
User-Agent: selenium/4.8.1 (java windows)
Cache-Control: no-cache
Content-Type: application/json; charset=utf-8
host: localhost:45213
accept: */*

Response DefaultHttpResponse(decodeResult: success, version: HTTP/1.1)
HTTP/1.1 200 OK
Content-Length: 16
Content-Type: application/json; charset=utf-8
cache-control: no-cache

21:55:44.145 [AsyncHttpClient-1-5] DEBUG org.asynchttpclient.netty.channel.ChannelManager - Adding key: http://localhost:45213 for channel [id: 0x2441fe24, L:/127.0.0.1:53838 - R:localhost/127.0.0.1:45213]
21:55:44.148 [Forwarding findElement on session 0e8189330cf86434298b72ade2199cfd to remote] DEBUG org.asynchttpclient.netty.request.NettyRequestSender - Using pooled Channel '[id: 0x2441fe24, L:/127.0.0.1:53838 - R:localhost/127.0.0.1:45213]' for 'POST' to 'http://localhost:45213/session/0e8189330cf86434298b72ade2199cfd/element'
21:55:44.148 [Forwarding findElement on session 0e8189330cf86434298b72ade2199cfd to remote] DEBUG org.asynchttpclient.netty.request.NettyRequestSender - Using open Channel [id: 0x2441fe24, L:/127.0.0.1:53838 - R:localhost/127.0.0.1:45213] for POST '/session/0e8189330cf86434298b72ade2199cfd/element'
21:55:44.166 [AsyncHttpClient-1-5] DEBUG org.asynchttpclient.netty.handler.HttpHandler - 

Request DefaultHttpRequest(decodeResult: success, version: HTTP/1.1)
POST /session/0e8189330cf86434298b72ade2199cfd/element HTTP/1.1
User-Agent: selenium/4.8.1 (java windows)
Content-Length: 155
Content-Type: application/json; charset=utf-8
host: localhost:45213
accept: */*

Response DefaultHttpResponse(decodeResult: success, version: HTTP/1.1)
HTTP/1.1 200 OK
Content-Length: 94
Content-Type: application/json; charset=utf-8
cache-control: no-cache

21:55:44.168 [AsyncHttpClient-1-5] DEBUG org.asynchttpclient.netty.channel.ChannelManager - Adding key: http://localhost:45213 for channel [id: 0x2441fe24, L:/127.0.0.1:53838 - R:localhost/127.0.0.1:45213]
21:55:44.173 [Forwarding clickElement on session 0e8189330cf86434298b72ade2199cfd to remote] DEBUG org.asynchttpclient.netty.request.NettyRequestSender - Using pooled Channel '[id: 0x2441fe24, L:/127.0.0.1:53838 - R:localhost/127.0.0.1:45213]' for 'POST' to 'http://localhost:45213/session/0e8189330cf86434298b72ade2199cfd/element/9278CFCED2CB5F33544E1C36A731C863_element_3/click'
21:55:44.174 [Forwarding clickElement on session 0e8189330cf86434298b72ade2199cfd to remote] DEBUG org.asynchttpclient.netty.request.NettyRequestSender - Using open Channel [id: 0x2441fe24, L:/127.0.0.1:53838 - R:localhost/127.0.0.1:45213] for POST '/session/0e8189330cf86434298b72ade2199cfd/element/9278CFCED2CB5F33544E1C36A731C863_element_3/click'
21:55:44.299 [AsyncHttpClient-1-5] DEBUG org.asynchttpclient.netty.handler.HttpHandler - 

Request DefaultHttpRequest(decodeResult: success, version: HTTP/1.1)
POST /session/0e8189330cf86434298b72ade2199cfd/element/9278CFCED2CB5F33544E1C36A731C863_element_3/click HTTP/1.1
User-Agent: selenium/4.8.1 (java windows)
Content-Length: 56
Content-Type: application/json; charset=utf-8
host: localhost:45213
accept: */*

Response DefaultHttpResponse(decodeResult: success, version: HTTP/1.1)
HTTP/1.1 200 OK
Content-Length: 14
Content-Type: application/json; charset=utf-8
cache-control: no-cache

21:55:44.299 [AsyncHttpClient-1-5] DEBUG org.asynchttpclient.netty.channel.ChannelManager - Adding key: http://localhost:45213 for channel [id: 0x2441fe24, L:/127.0.0.1:53838 - R:localhost/127.0.0.1:45213]
21:55:44.313 [Forwarding getAlertText on session 0e8189330cf86434298b72ade2199cfd to remote] DEBUG org.asynchttpclient.netty.request.NettyRequestSender - Using pooled Channel '[id: 0x2441fe24, L:/127.0.0.1:53838 - R:localhost/127.0.0.1:45213]' for 'GET' to 'http://localhost:45213/session/0e8189330cf86434298b72ade2199cfd/alert/text'
21:55:44.314 [Forwarding getAlertText on session 0e8189330cf86434298b72ade2199cfd to remote] DEBUG org.asynchttpclient.netty.request.NettyRequestSender - Using open Channel [id: 0x2441fe24, L:/127.0.0.1:53838 - R:localhost/127.0.0.1:45213] for GET '/session/0e8189330cf86434298b72ade2199cfd/alert/text'
21:55:44.319 [AsyncHttpClient-1-5] DEBUG org.asynchttpclient.netty.handler.HttpHandler - 

Request DefaultFullHttpRequest(decodeResult: success, version: HTTP/1.1, content: EmptyByteBufBE)
GET /session/0e8189330cf86434298b72ade2199cfd/alert/text HTTP/1.1
User-Agent: selenium/4.8.1 (java windows)
Cache-Control: no-cache
Content-Type: application/json; charset=utf-8
host: localhost:45213
accept: */*

Response DefaultHttpResponse(decodeResult: success, version: HTTP/1.1)
HTTP/1.1 404 Not Found
Content-Length: 821
Content-Type: application/json; charset=utf-8
cache-control: no-cache

21:55:44.319 [AsyncHttpClient-1-5] DEBUG org.asynchttpclient.netty.channel.ChannelManager - Adding key: http://localhost:45213 for channel [id: 0x2441fe24, L:/127.0.0.1:53838 - R:localhost/127.0.0.1:45213]
21:55:44.322 [Forwarding getCurrentUrl on session 0e8189330cf86434298b72ade2199cfd to remote] DEBUG org.asynchttpclient.netty.request.NettyRequestSender - Using pooled Channel '[id: 0x2441fe24, L:/127.0.0.1:53838 - R:localhost/127.0.0.1:45213]' for 'GET' to 'http://localhost:45213/session/0e8189330cf86434298b72ade2199cfd/url'
21:55:44.322 [Forwarding getCurrentUrl on session 0e8189330cf86434298b72ade2199cfd to remote] DEBUG org.asynchttpclient.netty.request.NettyRequestSender - Using open Channel [id: 0x2441fe24, L:/127.0.0.1:53838 - R:localhost/127.0.0.1:45213] for GET '/session/0e8189330cf86434298b72ade2199cfd/url'
21:55:44.341 [AsyncHttpClient-1-5] DEBUG org.asynchttpclient.netty.handler.HttpHandler - 

Request DefaultFullHttpRequest(decodeResult: success, version: HTTP/1.1, content: EmptyByteBufBE)
GET /session/0e8189330cf86434298b72ade2199cfd/url HTTP/1.1
User-Agent: selenium/4.8.1 (java windows)
Cache-Control: no-cache
Content-Type: application/json; charset=utf-8
host: localhost:45213
accept: */*

Response DefaultHttpResponse(decodeResult: success, version: HTTP/1.1)
HTTP/1.1 200 OK
Content-Length: 47
Content-Type: application/json; charset=utf-8
cache-control: no-cache

21:55:44.342 [AsyncHttpClient-1-5] DEBUG org.asynchttpclient.netty.channel.ChannelManager - Adding key: http://localhost:45213 for channel [id: 0x2441fe24, L:/127.0.0.1:53838 - R:localhost/127.0.0.1:45213]
21:55:44.343 [Forwarding screenshot on session 0e8189330cf86434298b72ade2199cfd to remote] DEBUG org.asynchttpclient.netty.request.NettyRequestSender - Using pooled Channel '[id: 0x2441fe24, L:/127.0.0.1:53838 - R:localhost/127.0.0.1:45213]' for 'GET' to 'http://localhost:45213/session/0e8189330cf86434298b72ade2199cfd/screenshot'
21:55:44.343 [Forwarding screenshot on session 0e8189330cf86434298b72ade2199cfd to remote] DEBUG org.asynchttpclient.netty.request.NettyRequestSender - Using open Channel [id: 0x2441fe24, L:/127.0.0.1:53838 - R:localhost/127.0.0.1:45213] for GET '/session/0e8189330cf86434298b72ade2199cfd/screenshot'
21:55:44.514 [AsyncHttpClient-1-5] DEBUG org.asynchttpclient.netty.handler.HttpHandler - 

Request DefaultFullHttpRequest(decodeResult: success, version: HTTP/1.1, content: EmptyByteBufBE)
GET /session/0e8189330cf86434298b72ade2199cfd/screenshot HTTP/1.1
User-Agent: selenium/4.8.1 (java windows)
Cache-Control: no-cache
Content-Type: application/json; charset=utf-8
host: localhost:45213
accept: */*

Response DefaultHttpResponse(decodeResult: success, version: HTTP/1.1)
HTTP/1.1 200 OK
Content-Length: 40276
Content-Type: application/json; charset=utf-8
cache-control: no-cache

21:55:44.514 [AsyncHttpClient-1-5] DEBUG org.asynchttpclient.netty.channel.ChannelManager - Adding key: http://localhost:45213 for channel [id: 0x2441fe24, L:/127.0.0.1:53838 - R:localhost/127.0.0.1:45213]
21:55:44.516 [main] DEBUG net.serenitybdd.core.photography.Darkroom - Send negative for processing for target\site\serenity\3954ee125ac32c17cd61a73099e8e743d73e561ca008fa30dd2d089f65006630.png
21:55:44.516 [main] DEBUG net.thucydides.core.steps.StepInterceptor - STEP DONE: ClickSigInButton
  &amp#27;[32mAnd &amp#27;[0m&amp#27;[32mI click SigIn button&amp#27;[0m                                                        &amp#27;[90m# starter.stepdefinitions.LoginSteps.clickSigInButton()&amp#27;[0m
21:55:44.516 [Darkroom Processing Line] DEBUG net.serenitybdd.core.photography.DarkroomProcessingLine - Processing screenshot image in /var/screenshots/screenshot-14740433026748541994
21:55:44.516 [Darkroom Processing Line] DEBUG net.serenitybdd.core.photography.DarkroomProcessingLine - Saving screenshot to target\site\serenity\3954ee125ac32c17cd61a73099e8e743d73e561ca008fa30dd2d089f65006630.png
21:55:44.530 [Forwarding getPageSource on session 0e8189330cf86434298b72ade2199cfd to remote] DEBUG org.asynchttpclient.netty.request.NettyRequestSender - Using pooled Channel '[id: 0x2441fe24, L:/127.0.0.1:53838 - R:localhost/127.0.0.1:45213]' for 'POST' to 'http://localhost:45213/session/0e8189330cf86434298b72ade2199cfd/execute/sync'
21:55:44.530 [Forwarding getPageSource on session 0e8189330cf86434298b72ade2199cfd to remote] DEBUG org.asynchttpclient.netty.request.NettyRequestSender - Using open Channel [id: 0x2441fe24, L:/127.0.0.1:53838 - R:localhost/127.0.0.1:45213] for POST '/session/0e8189330cf86434298b72ade2199cfd/execute/sync'
21:55:44.559 [AsyncHttpClient-1-5] DEBUG org.asynchttpclient.netty.handler.HttpHandler - 

Request DefaultHttpRequest(decodeResult: success, version: HTTP/1.1)
POST /session/0e8189330cf86434298b72ade2199cfd/execute/sync HTTP/1.1
User-Agent: selenium/4.8.1 (java windows)
Content-Length: 176
Content-Type: application/json; charset=utf-8
host: localhost:45213
accept: */*

Response DefaultHttpResponse(decodeResult: success, version: HTTP/1.1)
HTTP/1.1 200 OK
Content-Length: 167922
Content-Type: application/json; charset=utf-8
cache-control: no-cache

21:55:44.562 [AsyncHttpClient-1-5] DEBUG org.asynchttpclient.netty.channel.ChannelManager - Adding key: http://localhost:45213 for channel [id: 0x2441fe24, L:/127.0.0.1:53838 - R:localhost/127.0.0.1:45213]
21:55:44.581 [Forwarding getCurrentUrl on session 0e8189330cf86434298b72ade2199cfd to remote] DEBUG org.asynchttpclient.netty.request.NettyRequestSender - Using pooled Channel '[id: 0x2441fe24, L:/127.0.0.1:53838 - R:localhost/127.0.0.1:45213]' for 'GET' to 'http://localhost:45213/session/0e8189330cf86434298b72ade2199cfd/url'
21:55:44.581 [Forwarding getCurrentUrl on session 0e8189330cf86434298b72ade2199cfd to remote] DEBUG org.asynchttpclient.netty.request.NettyRequestSender - Using open Channel [id: 0x2441fe24, L:/127.0.0.1:53838 - R:localhost/127.0.0.1:45213] for GET '/session/0e8189330cf86434298b72ade2199cfd/url'
21:55:44.594 [AsyncHttpClient-1-5] DEBUG org.asynchttpclient.netty.handler.HttpHandler - 

Request DefaultFullHttpRequest(decodeResult: success, version: HTTP/1.1, content: EmptyByteBufBE)
GET /session/0e8189330cf86434298b72ade2199cfd/url HTTP/1.1
User-Agent: selenium/4.8.1 (java windows)
Cache-Control: no-cache
Content-Type: application/json; charset=utf-8
host: localhost:45213
accept: */*

Response DefaultHttpResponse(decodeResult: success, version: HTTP/1.1)
HTTP/1.1 200 OK
Content-Length: 47
Content-Type: application/json; charset=utf-8
cache-control: no-cache

21:55:44.595 [AsyncHttpClient-1-5] DEBUG org.asynchttpclient.netty.channel.ChannelManager - Adding key: http://localhost:45213 for channel [id: 0x2441fe24, L:/127.0.0.1:53838 - R:localhost/127.0.0.1:45213]
21:55:44.609 [Forwarding getAlertText on session 0e8189330cf86434298b72ade2199cfd to remote] DEBUG org.asynchttpclient.netty.request.NettyRequestSender - Using pooled Channel '[id: 0x2441fe24, L:/127.0.0.1:53838 - R:localhost/127.0.0.1:45213]' for 'GET' to 'http://localhost:45213/session/0e8189330cf86434298b72ade2199cfd/alert/text'
21:55:44.609 [Forwarding getAlertText on session 0e8189330cf86434298b72ade2199cfd to remote] DEBUG org.asynchttpclient.netty.request.NettyRequestSender - Using open Channel [id: 0x2441fe24, L:/127.0.0.1:53838 - R:localhost/127.0.0.1:45213] for GET '/session/0e8189330cf86434298b72ade2199cfd/alert/text'
21:55:44.611 [AsyncHttpClient-1-5] DEBUG org.asynchttpclient.netty.handler.HttpHandler - 

Request DefaultFullHttpRequest(decodeResult: success, version: HTTP/1.1, content: EmptyByteBufBE)
GET /session/0e8189330cf86434298b72ade2199cfd/alert/text HTTP/1.1
User-Agent: selenium/4.8.1 (java windows)
Cache-Control: no-cache
Content-Type: application/json; charset=utf-8
host: localhost:45213
accept: */*

Response DefaultHttpResponse(decodeResult: success, version: HTTP/1.1)
HTTP/1.1 404 Not Found
Content-Length: 821
Content-Type: application/json; charset=utf-8
cache-control: no-cache

21:55:44.611 [AsyncHttpClient-1-5] DEBUG org.asynchttpclient.netty.channel.ChannelManager - Adding key: http://localhost:45213 for channel [id: 0x2441fe24, L:/127.0.0.1:53838 - R:localhost/127.0.0.1:45213]
21:55:44.612 [Forwarding getCurrentUrl on session 0e8189330cf86434298b72ade2199cfd to remote] DEBUG org.asynchttpclient.netty.request.NettyRequestSender - Using pooled Channel '[id: 0x2441fe24, L:/127.0.0.1:53838 - R:localhost/127.0.0.1:45213]' for 'GET' to 'http://localhost:45213/session/0e8189330cf86434298b72ade2199cfd/url'
21:55:44.612 [Forwarding getCurrentUrl on session 0e8189330cf86434298b72ade2199cfd to remote] DEBUG org.asynchttpclient.netty.request.NettyRequestSender - Using open Channel [id: 0x2441fe24, L:/127.0.0.1:53838 - R:localhost/127.0.0.1:45213] for GET '/session/0e8189330cf86434298b72ade2199cfd/url'
21:55:44.615 [AsyncHttpClient-1-5] DEBUG org.asynchttpclient.netty.handler.HttpHandler - 

Request DefaultFullHttpRequest(decodeResult: success, version: HTTP/1.1, content: EmptyByteBufBE)
GET /session/0e8189330cf86434298b72ade2199cfd/url HTTP/1.1
User-Agent: selenium/4.8.1 (java windows)
Cache-Control: no-cache
Content-Type: application/json; charset=utf-8
host: localhost:45213
accept: */*

Response DefaultHttpResponse(decodeResult: success, version: HTTP/1.1)
HTTP/1.1 200 OK
Content-Length: 47
Content-Type: application/json; charset=utf-8
cache-control: no-cache

21:55:44.615 [AsyncHttpClient-1-5] DEBUG org.asynchttpclient.netty.channel.ChannelManager - Adding key: http://localhost:45213 for channel [id: 0x2441fe24, L:/127.0.0.1:53838 - R:localhost/127.0.0.1:45213]
21:55:44.620 [Forwarding screenshot on session 0e8189330cf86434298b72ade2199cfd to remote] DEBUG org.asynchttpclient.netty.request.NettyRequestSender - Using pooled Channel '[id: 0x2441fe24, L:/127.0.0.1:53838 - R:localhost/127.0.0.1:45213]' for 'GET' to 'http://localhost:45213/session/0e8189330cf86434298b72ade2199cfd/screenshot'
21:55:44.620 [Forwarding screenshot on session 0e8189330cf86434298b72ade2199cfd to remote] DEBUG org.asynchttpclient.netty.request.NettyRequestSender - Using open Channel [id: 0x2441fe24, L:/127.0.0.1:53838 - R:localhost/127.0.0.1:45213] for GET '/session/0e8189330cf86434298b72ade2199cfd/screenshot'
21:55:44.718 [AsyncHttpClient-1-1] DEBUG org.asynchttpclient.netty.channel.DefaultChannelPool - Entry count for : http://localhost:53839 : 1
21:55:44.821 [AsyncHttpClient-1-5] DEBUG org.asynchttpclient.netty.handler.HttpHandler - 

Request DefaultFullHttpRequest(decodeResult: success, version: HTTP/1.1, content: EmptyByteBufBE)
GET /session/0e8189330cf86434298b72ade2199cfd/screenshot HTTP/1.1
User-Agent: selenium/4.8.1 (java windows)
Cache-Control: no-cache
Content-Type: application/json; charset=utf-8
host: localhost:45213
accept: */*

Response DefaultHttpResponse(decodeResult: success, version: HTTP/1.1)
HTTP/1.1 200 OK
Content-Length: 40608
Content-Type: application/json; charset=utf-8
cache-control: no-cache

21:55:44.823 [AsyncHttpClient-1-5] DEBUG org.asynchttpclient.netty.channel.ChannelManager - Adding key: http://localhost:45213 for channel [id: 0x2441fe24, L:/127.0.0.1:53838 - R:localhost/127.0.0.1:45213]
21:55:44.825 [main] DEBUG net.serenitybdd.core.photography.Darkroom - Send negative for processing for target\site\serenity\78fd7683b444ddfa2ba738bef1ad443fa2871c61dcc2f84fad6f8085b2dd989b.png
21:55:44.825 [Darkroom Processing Line] DEBUG net.serenitybdd.core.photography.DarkroomProcessingLine - Processing screenshot image in /var/screenshots/screenshot-16690620052223955614
21:55:44.825 [Darkroom Processing Line] DEBUG net.serenitybdd.core.photography.DarkroomProcessingLine - Saving screenshot to target\site\serenity\78fd7683b444ddfa2ba738bef1ad443fa2871c61dcc2f84fad6f8085b2dd989b.png
21:55:44.826 [Forwarding getPageSource on session 0e8189330cf86434298b72ade2199cfd to remote] DEBUG org.asynchttpclient.netty.request.NettyRequestSender - Using pooled Channel '[id: 0x2441fe24, L:/127.0.0.1:53838 - R:localhost/127.0.0.1:45213]' for 'POST' to 'http://localhost:45213/session/0e8189330cf86434298b72ade2199cfd/execute/sync'
21:55:44.826 [Forwarding getPageSource on session 0e8189330cf86434298b72ade2199cfd to remote] DEBUG org.asynchttpclient.netty.request.NettyRequestSender - Using open Channel [id: 0x2441fe24, L:/127.0.0.1:53838 - R:localhost/127.0.0.1:45213] for POST '/session/0e8189330cf86434298b72ade2199cfd/execute/sync'
21:55:44.848 [AsyncHttpClient-1-5] DEBUG org.asynchttpclient.netty.handler.HttpHandler - 

Request DefaultHttpRequest(decodeResult: success, version: HTTP/1.1)
POST /session/0e8189330cf86434298b72ade2199cfd/execute/sync HTTP/1.1
User-Agent: selenium/4.8.1 (java windows)
Content-Length: 176
Content-Type: application/json; charset=utf-8
host: localhost:45213
accept: */*

Response DefaultHttpResponse(decodeResult: success, version: HTTP/1.1)
HTTP/1.1 200 OK
Content-Length: 167774
Content-Type: application/json; charset=utf-8
cache-control: no-cache

21:55:44.848 [AsyncHttpClient-1-5] DEBUG org.asynchttpclient.netty.channel.ChannelManager - Adding key: http://localhost:45213 for channel [id: 0x2441fe24, L:/127.0.0.1:53838 - R:localhost/127.0.0.1:45213]
21:55:44.863 [Forwarding getCurrentUrl on session 0e8189330cf86434298b72ade2199cfd to remote] DEBUG org.asynchttpclient.netty.request.NettyRequestSender - Using pooled Channel '[id: 0x2441fe24, L:/127.0.0.1:53838 - R:localhost/127.0.0.1:45213]' for 'GET' to 'http://localhost:45213/session/0e8189330cf86434298b72ade2199cfd/url'
21:55:44.863 [Forwarding getCurrentUrl on session 0e8189330cf86434298b72ade2199cfd to remote] DEBUG org.asynchttpclient.netty.request.NettyRequestSender - Using open Channel [id: 0x2441fe24, L:/127.0.0.1:53838 - R:localhost/127.0.0.1:45213] for GET '/session/0e8189330cf86434298b72ade2199cfd/url'
21:55:44.871 [AsyncHttpClient-1-5] DEBUG org.asynchttpclient.netty.handler.HttpHandler - 

Request DefaultFullHttpRequest(decodeResult: success, version: HTTP/1.1, content: EmptyByteBufBE)
GET /session/0e8189330cf86434298b72ade2199cfd/url HTTP/1.1
User-Agent: selenium/4.8.1 (java windows)
Cache-Control: no-cache
Content-Type: application/json; charset=utf-8
host: localhost:45213
accept: */*

Response DefaultHttpResponse(decodeResult: success, version: HTTP/1.1)
HTTP/1.1 200 OK
Content-Length: 47
Content-Type: application/json; charset=utf-8
cache-control: no-cache

21:55:44.871 [AsyncHttpClient-1-5] DEBUG org.asynchttpclient.netty.channel.ChannelManager - Adding key: http://localhost:45213 for channel [id: 0x2441fe24, L:/127.0.0.1:53838 - R:localhost/127.0.0.1:45213]
21:55:44.875 [main] DEBUG net.thucydides.core.steps.StepInterceptor - STARTING STEP: LoginSteps.iCanSeeErrorMessage - validateErrorMessageDisplayed
21:55:44.877 [Forwarding findElement on session 0e8189330cf86434298b72ade2199cfd to remote] DEBUG org.asynchttpclient.netty.request.NettyRequestSender - Using pooled Channel '[id: 0x2441fe24, L:/127.0.0.1:53838 - R:localhost/127.0.0.1:45213]' for 'POST' to 'http://localhost:45213/session/0e8189330cf86434298b72ade2199cfd/element'
21:55:44.877 [Forwarding findElement on session 0e8189330cf86434298b72ade2199cfd to remote] DEBUG org.asynchttpclient.netty.request.NettyRequestSender - Using open Channel [id: 0x2441fe24, L:/127.0.0.1:53838 - R:localhost/127.0.0.1:45213] for POST '/session/0e8189330cf86434298b72ade2199cfd/element'
21:55:44.886 [AsyncHttpClient-1-5] DEBUG org.asynchttpclient.netty.handler.HttpHandler - 

Request DefaultHttpRequest(decodeResult: success, version: HTTP/1.1)
POST /session/0e8189330cf86434298b72ade2199cfd/element HTTP/1.1
User-Agent: selenium/4.8.1 (java windows)
Content-Length: 155
Content-Type: application/json; charset=utf-8
host: localhost:45213
accept: */*

Response DefaultHttpResponse(decodeResult: success, version: HTTP/1.1)
HTTP/1.1 200 OK
Content-Length: 95
Content-Type: application/json; charset=utf-8
cache-control: no-cache

21:55:44.887 [AsyncHttpClient-1-5] DEBUG org.asynchttpclient.netty.channel.ChannelManager - Adding key: http://localhost:45213 for channel [id: 0x2441fe24, L:/127.0.0.1:53838 - R:localhost/127.0.0.1:45213]
21:55:44.891 [Forwarding isElementDisplayed on session 0e8189330cf86434298b72ade2199cfd to remote] DEBUG org.asynchttpclient.netty.request.NettyRequestSender - Using pooled Channel '[id: 0x2441fe24, L:/127.0.0.1:53838 - R:localhost/127.0.0.1:45213]' for 'POST' to 'http://localhost:45213/session/0e8189330cf86434298b72ade2199cfd/execute/sync'
21:55:44.892 [Forwarding isElementDisplayed on session 0e8189330cf86434298b72ade2199cfd to remote] DEBUG org.asynchttpclient.netty.request.NettyRequestSender - Using open Channel [id: 0x2441fe24, L:/127.0.0.1:53838 - R:localhost/127.0.0.1:45213] for POST '/session/0e8189330cf86434298b72ade2199cfd/execute/sync'
21:55:44.906 [AsyncHttpClient-1-5] DEBUG org.asynchttpclient.netty.handler.HttpHandler - 

Request DefaultHttpRequest(decodeResult: success, version: HTTP/1.1)
POST /session/0e8189330cf86434298b72ade2199cfd/execute/sync HTTP/1.1
User-Agent: selenium/4.8.1 (java windows)
Content-Length: 48814
Content-Type: application/json; charset=utf-8
host: localhost:45213
accept: */*

Response DefaultHttpResponse(decodeResult: success, version: HTTP/1.1)
HTTP/1.1 200 OK
Content-Length: 14
Content-Type: application/json; charset=utf-8
cache-control: no-cache

21:55:44.906 [AsyncHttpClient-1-5] DEBUG org.asynchttpclient.netty.channel.ChannelManager - Adding key: http://localhost:45213 for channel [id: 0x2441fe24, L:/127.0.0.1:53838 - R:localhost/127.0.0.1:45213]
21:55:44.910 [Forwarding getAlertText on session 0e8189330cf86434298b72ade2199cfd to remote] DEBUG org.asynchttpclient.netty.request.NettyRequestSender - Using pooled Channel '[id: 0x2441fe24, L:/127.0.0.1:53838 - R:localhost/127.0.0.1:45213]' for 'GET' to 'http://localhost:45213/session/0e8189330cf86434298b72ade2199cfd/alert/text'
21:55:44.911 [Forwarding getAlertText on session 0e8189330cf86434298b72ade2199cfd to remote] DEBUG org.asynchttpclient.netty.request.NettyRequestSender - Using open Channel [id: 0x2441fe24, L:/127.0.0.1:53838 - R:localhost/127.0.0.1:45213] for GET '/session/0e8189330cf86434298b72ade2199cfd/alert/text'
21:55:44.913 [AsyncHttpClient-1-5] DEBUG org.asynchttpclient.netty.handler.HttpHandler - 

Request DefaultFullHttpRequest(decodeResult: success, version: HTTP/1.1, content: EmptyByteBufBE)
GET /session/0e8189330cf86434298b72ade2199cfd/alert/text HTTP/1.1
User-Agent: selenium/4.8.1 (java windows)
Cache-Control: no-cache
Content-Type: application/json; charset=utf-8
host: localhost:45213
accept: */*

Response DefaultHttpResponse(decodeResult: success, version: HTTP/1.1)
HTTP/1.1 404 Not Found
Content-Length: 821
Content-Type: application/json; charset=utf-8
cache-control: no-cache

21:55:44.913 [AsyncHttpClient-1-5] DEBUG org.asynchttpclient.netty.channel.ChannelManager - Adding key: http://localhost:45213 for channel [id: 0x2441fe24, L:/127.0.0.1:53838 - R:localhost/127.0.0.1:45213]
21:55:44.914 [Forwarding getCurrentUrl on session 0e8189330cf86434298b72ade2199cfd to remote] DEBUG org.asynchttpclient.netty.request.NettyRequestSender - Using pooled Channel '[id: 0x2441fe24, L:/127.0.0.1:53838 - R:localhost/127.0.0.1:45213]' for 'GET' to 'http://localhost:45213/session/0e8189330cf86434298b72ade2199cfd/url'
21:55:44.914 [Forwarding getCurrentUrl on session 0e8189330cf86434298b72ade2199cfd to remote] DEBUG org.asynchttpclient.netty.request.NettyRequestSender - Using open Channel [id: 0x2441fe24, L:/127.0.0.1:53838 - R:localhost/127.0.0.1:45213] for GET '/session/0e8189330cf86434298b72ade2199cfd/url'
21:55:44.920 [AsyncHttpClient-1-5] DEBUG org.asynchttpclient.netty.handler.HttpHandler - 

Request DefaultFullHttpRequest(decodeResult: success, version: HTTP/1.1, content: EmptyByteBufBE)
GET /session/0e8189330cf86434298b72ade2199cfd/url HTTP/1.1
User-Agent: selenium/4.8.1 (java windows)
Cache-Control: no-cache
Content-Type: application/json; charset=utf-8
host: localhost:45213
accept: */*

Response DefaultHttpResponse(decodeResult: success, version: HTTP/1.1)
HTTP/1.1 200 OK
Content-Length: 47
Content-Type: application/json; charset=utf-8
cache-control: no-cache

21:55:44.920 [AsyncHttpClient-1-5] DEBUG org.asynchttpclient.netty.channel.ChannelManager - Adding key: http://localhost:45213 for channel [id: 0x2441fe24, L:/127.0.0.1:53838 - R:localhost/127.0.0.1:45213]
21:55:44.923 [Forwarding screenshot on session 0e8189330cf86434298b72ade2199cfd to remote] DEBUG org.asynchttpclient.netty.request.NettyRequestSender - Using pooled Channel '[id: 0x2441fe24, L:/127.0.0.1:53838 - R:localhost/127.0.0.1:45213]' for 'GET' to 'http://localhost:45213/session/0e8189330cf86434298b72ade2199cfd/screenshot'
21:55:44.923 [Forwarding screenshot on session 0e8189330cf86434298b72ade2199cfd to remote] DEBUG org.asynchttpclient.netty.request.NettyRequestSender - Using open Channel [id: 0x2441fe24, L:/127.0.0.1:53838 - R:localhost/127.0.0.1:45213] for GET '/session/0e8189330cf86434298b72ade2199cfd/screenshot'
21:55:45.094 [AsyncHttpClient-1-5] DEBUG org.asynchttpclient.netty.handler.HttpHandler - 

Request DefaultFullHttpRequest(decodeResult: success, version: HTTP/1.1, content: EmptyByteBufBE)
GET /session/0e8189330cf86434298b72ade2199cfd/screenshot HTTP/1.1
User-Agent: selenium/4.8.1 (java windows)
Cache-Control: no-cache
Content-Type: application/json; charset=utf-8
host: localhost:45213
accept: */*

Response DefaultHttpResponse(decodeResult: success, version: HTTP/1.1)
HTTP/1.1 200 OK
Content-Length: 40476
Content-Type: application/json; charset=utf-8
cache-control: no-cache

21:55:45.094 [AsyncHttpClient-1-5] DEBUG org.asynchttpclient.netty.channel.ChannelManager - Adding key: http://localhost:45213 for channel [id: 0x2441fe24, L:/127.0.0.1:53838 - R:localhost/127.0.0.1:45213]
21:55:45.096 [main] DEBUG net.serenitybdd.core.photography.Darkroom - Send negative for processing for target\site\serenity\ae8ced0c683d9b2e88bf7aa2af53b272dafddda726a5f230e5f3afd9be868800.png
21:55:45.096 [main] DEBUG net.thucydides.core.steps.StepInterceptor - STEP DONE: validateErrorMessageDisplayed
21:55:45.096 [Darkroom Processing Line] DEBUG net.serenitybdd.core.photography.DarkroomProcessingLine - Processing screenshot image in /var/screenshots/screenshot-9469513169588177168
21:55:45.096 [Darkroom Processing Line] DEBUG net.serenitybdd.core.photography.DarkroomProcessingLine - Saving screenshot to target\site\serenity\ae8ced0c683d9b2e88bf7aa2af53b272dafddda726a5f230e5f3afd9be868800.png
21:55:45.104 [Forwarding getPageSource on session 0e8189330cf86434298b72ade2199cfd to remote] DEBUG org.asynchttpclient.netty.request.NettyRequestSender - Using pooled Channel '[id: 0x2441fe24, L:/127.0.0.1:53838 - R:localhost/127.0.0.1:45213]' for 'POST' to 'http://localhost:45213/session/0e8189330cf86434298b72ade2199cfd/execute/sync'
21:55:45.104 [Forwarding getPageSource on session 0e8189330cf86434298b72ade2199cfd to remote] DEBUG org.asynchttpclient.netty.request.NettyRequestSender - Using open Channel [id: 0x2441fe24, L:/127.0.0.1:53838 - R:localhost/127.0.0.1:45213] for POST '/session/0e8189330cf86434298b72ade2199cfd/execute/sync'
21:55:45.125 [AsyncHttpClient-1-5] DEBUG org.asynchttpclient.netty.handler.HttpHandler - 

Request DefaultHttpRequest(decodeResult: success, version: HTTP/1.1)
POST /session/0e8189330cf86434298b72ade2199cfd/execute/sync HTTP/1.1
User-Agent: selenium/4.8.1 (java windows)
Content-Length: 176
Content-Type: application/json; charset=utf-8
host: localhost:45213
accept: */*

Response DefaultHttpResponse(decodeResult: success, version: HTTP/1.1)
HTTP/1.1 200 OK
Content-Length: 167774
Content-Type: application/json; charset=utf-8
cache-control: no-cache

21:55:45.126 [AsyncHttpClient-1-5] DEBUG org.asynchttpclient.netty.channel.ChannelManager - Adding key: http://localhost:45213 for channel [id: 0x2441fe24, L:/127.0.0.1:53838 - R:localhost/127.0.0.1:45213]
21:55:45.136 [Forwarding getCurrentUrl on session 0e8189330cf86434298b72ade2199cfd to remote] DEBUG org.asynchttpclient.netty.request.NettyRequestSender - Using pooled Channel '[id: 0x2441fe24, L:/127.0.0.1:53838 - R:localhost/127.0.0.1:45213]' for 'GET' to 'http://localhost:45213/session/0e8189330cf86434298b72ade2199cfd/url'
21:55:45.136 [Forwarding getCurrentUrl on session 0e8189330cf86434298b72ade2199cfd to remote] DEBUG org.asynchttpclient.netty.request.NettyRequestSender - Using open Channel [id: 0x2441fe24, L:/127.0.0.1:53838 - R:localhost/127.0.0.1:45213] for GET '/session/0e8189330cf86434298b72ade2199cfd/url'
21:55:45.145 [AsyncHttpClient-1-5] DEBUG org.asynchttpclient.netty.handler.HttpHandler - 

Request DefaultFullHttpRequest(decodeResult: success, version: HTTP/1.1, content: EmptyByteBufBE)
GET /session/0e8189330cf86434298b72ade2199cfd/url HTTP/1.1
User-Agent: selenium/4.8.1 (java windows)
Cache-Control: no-cache
Content-Type: application/json; charset=utf-8
host: localhost:45213
accept: */*

Response DefaultHttpResponse(decodeResult: success, version: HTTP/1.1)
HTTP/1.1 200 OK
Content-Length: 47
Content-Type: application/json; charset=utf-8
cache-control: no-cache

21:55:45.145 [AsyncHttpClient-1-5] DEBUG org.asynchttpclient.netty.channel.ChannelManager - Adding key: http://localhost:45213 for channel [id: 0x2441fe24, L:/127.0.0.1:53838 - R:localhost/127.0.0.1:45213]
21:55:45.148 [main] DEBUG net.thucydides.core.steps.StepInterceptor - STARTING STEP: LoginSteps.iCanSeeErrorMessage - validateEqualErrorMessage
21:55:45.149 [Forwarding findElement on session 0e8189330cf86434298b72ade2199cfd to remote] DEBUG org.asynchttpclient.netty.request.NettyRequestSender - Using pooled Channel '[id: 0x2441fe24, L:/127.0.0.1:53838 - R:localhost/127.0.0.1:45213]' for 'POST' to 'http://localhost:45213/session/0e8189330cf86434298b72ade2199cfd/element'
21:55:45.150 [Forwarding findElement on session 0e8189330cf86434298b72ade2199cfd to remote] DEBUG org.asynchttpclient.netty.request.NettyRequestSender - Using open Channel [id: 0x2441fe24, L:/127.0.0.1:53838 - R:localhost/127.0.0.1:45213] for POST '/session/0e8189330cf86434298b72ade2199cfd/element'
21:55:45.161 [AsyncHttpClient-1-5] DEBUG org.asynchttpclient.netty.handler.HttpHandler - 

Request DefaultHttpRequest(decodeResult: success, version: HTTP/1.1)
POST /session/0e8189330cf86434298b72ade2199cfd/element HTTP/1.1
User-Agent: selenium/4.8.1 (java windows)
Content-Length: 155
Content-Type: application/json; charset=utf-8
host: localhost:45213
accept: */*

Response DefaultHttpResponse(decodeResult: success, version: HTTP/1.1)
HTTP/1.1 200 OK
Content-Length: 95
Content-Type: application/json; charset=utf-8
cache-control: no-cache

21:55:45.162 [AsyncHttpClient-1-5] DEBUG org.asynchttpclient.netty.channel.ChannelManager - Adding key: http://localhost:45213 for channel [id: 0x2441fe24, L:/127.0.0.1:53838 - R:localhost/127.0.0.1:45213]
21:55:45.162 [Forwarding getElementText on session 0e8189330cf86434298b72ade2199cfd to remote] DEBUG org.asynchttpclient.netty.request.NettyRequestSender - Using pooled Channel '[id: 0x2441fe24, L:/127.0.0.1:53838 - R:localhost/127.0.0.1:45213]' for 'GET' to 'http://localhost:45213/session/0e8189330cf86434298b72ade2199cfd/element/9278CFCED2CB5F33544E1C36A731C863_element_19/text'
21:55:45.162 [Forwarding getElementText on session 0e8189330cf86434298b72ade2199cfd to remote] DEBUG org.asynchttpclient.netty.request.NettyRequestSender - Using open Channel [id: 0x2441fe24, L:/127.0.0.1:53838 - R:localhost/127.0.0.1:45213] for GET '/session/0e8189330cf86434298b72ade2199cfd/element/9278CFCED2CB5F33544E1C36A731C863_element_19/text'
21:55:45.181 [AsyncHttpClient-1-5] DEBUG org.asynchttpclient.netty.handler.HttpHandler - 

Request DefaultFullHttpRequest(decodeResult: success, version: HTTP/1.1, content: EmptyByteBufBE)
GET /session/0e8189330cf86434298b72ade2199cfd/element/9278CFCED2CB5F33544E1C36A731C863_element_19/text HTTP/1.1
User-Agent: selenium/4.8.1 (java windows)
Cache-Control: no-cache
Content-Type: application/json; charset=utf-8
host: localhost:45213
accept: */*

Response DefaultHttpResponse(decodeResult: success, version: HTTP/1.1)
HTTP/1.1 200 OK
Content-Length: 12
Content-Type: application/json; charset=utf-8
cache-control: no-cache

21:55:45.182 [AsyncHttpClient-1-5] DEBUG org.asynchttpclient.netty.channel.ChannelManager - Adding key: http://localhost:45213 for channel [id: 0x2441fe24, L:/127.0.0.1:53838 - R:localhost/127.0.0.1:45213]
21:55:45.195 [Forwarding getAlertText on session 0e8189330cf86434298b72ade2199cfd to remote] DEBUG org.asynchttpclient.netty.request.NettyRequestSender - Using pooled Channel '[id: 0x2441fe24, L:/127.0.0.1:53838 - R:localhost/127.0.0.1:45213]' for 'GET' to 'http://localhost:45213/session/0e8189330cf86434298b72ade2199cfd/alert/text'
21:55:45.195 [Forwarding getAlertText on session 0e8189330cf86434298b72ade2199cfd to remote] DEBUG org.asynchttpclient.netty.request.NettyRequestSender - Using open Channel [id: 0x2441fe24, L:/127.0.0.1:53838 - R:localhost/127.0.0.1:45213] for GET '/session/0e8189330cf86434298b72ade2199cfd/alert/text'
21:55:45.199 [AsyncHttpClient-1-5] DEBUG org.asynchttpclient.netty.handler.HttpHandler - 

Request DefaultFullHttpRequest(decodeResult: success, version: HTTP/1.1, content: EmptyByteBufBE)
GET /session/0e8189330cf86434298b72ade2199cfd/alert/text HTTP/1.1
User-Agent: selenium/4.8.1 (java windows)
Cache-Control: no-cache
Content-Type: application/json; charset=utf-8
host: localhost:45213
accept: */*

Response DefaultHttpResponse(decodeResult: success, version: HTTP/1.1)
HTTP/1.1 404 Not Found
Content-Length: 821
Content-Type: application/json; charset=utf-8
cache-control: no-cache

21:55:45.199 [AsyncHttpClient-1-5] DEBUG org.asynchttpclient.netty.channel.ChannelManager - Adding key: http://localhost:45213 for channel [id: 0x2441fe24, L:/127.0.0.1:53838 - R:localhost/127.0.0.1:45213]
21:55:45.203 [Forwarding getCurrentUrl on session 0e8189330cf86434298b72ade2199cfd to remote] DEBUG org.asynchttpclient.netty.request.NettyRequestSender - Using pooled Channel '[id: 0x2441fe24, L:/127.0.0.1:53838 - R:localhost/127.0.0.1:45213]' for 'GET' to 'http://localhost:45213/session/0e8189330cf86434298b72ade2199cfd/url'
21:55:45.203 [Forwarding getCurrentUrl on session 0e8189330cf86434298b72ade2199cfd to remote] DEBUG org.asynchttpclient.netty.request.NettyRequestSender - Using open Channel [id: 0x2441fe24, L:/127.0.0.1:53838 - R:localhost/127.0.0.1:45213] for GET '/session/0e8189330cf86434298b72ade2199cfd/url'
21:55:45.211 [AsyncHttpClient-1-5] DEBUG org.asynchttpclient.netty.handler.HttpHandler - 

Request DefaultFullHttpRequest(decodeResult: success, version: HTTP/1.1, content: EmptyByteBufBE)
GET /session/0e8189330cf86434298b72ade2199cfd/url HTTP/1.1
User-Agent: selenium/4.8.1 (java windows)
Cache-Control: no-cache
Content-Type: application/json; charset=utf-8
host: localhost:45213
accept: */*

Response DefaultHttpResponse(decodeResult: success, version: HTTP/1.1)
HTTP/1.1 200 OK
Content-Length: 47
Content-Type: application/json; charset=utf-8
cache-control: no-cache

21:55:45.211 [AsyncHttpClient-1-5] DEBUG org.asynchttpclient.netty.channel.ChannelManager - Adding key: http://localhost:45213 for channel [id: 0x2441fe24, L:/127.0.0.1:53838 - R:localhost/127.0.0.1:45213]
21:55:45.212 [Forwarding screenshot on session 0e8189330cf86434298b72ade2199cfd to remote] DEBUG org.asynchttpclient.netty.request.NettyRequestSender - Using pooled Channel '[id: 0x2441fe24, L:/127.0.0.1:53838 - R:localhost/127.0.0.1:45213]' for 'GET' to 'http://localhost:45213/session/0e8189330cf86434298b72ade2199cfd/screenshot'
21:55:45.212 [Forwarding screenshot on session 0e8189330cf86434298b72ade2199cfd to remote] DEBUG org.asynchttpclient.netty.request.NettyRequestSender - Using open Channel [id: 0x2441fe24, L:/127.0.0.1:53838 - R:localhost/127.0.0.1:45213] for GET '/session/0e8189330cf86434298b72ade2199cfd/screenshot'
21:55:45.366 [AsyncHttpClient-1-5] DEBUG org.asynchttpclient.netty.handler.HttpHandler - 

Request DefaultFullHttpRequest(decodeResult: success, version: HTTP/1.1, content: EmptyByteBufBE)
GET /session/0e8189330cf86434298b72ade2199cfd/screenshot HTTP/1.1
User-Agent: selenium/4.8.1 (java windows)
Cache-Control: no-cache
Content-Type: application/json; charset=utf-8
host: localhost:45213
accept: */*

Response DefaultHttpResponse(decodeResult: success, version: HTTP/1.1)
HTTP/1.1 200 OK
Content-Length: 40292
Content-Type: application/json; charset=utf-8
cache-control: no-cache

21:55:45.366 [AsyncHttpClient-1-5] DEBUG org.asynchttpclient.netty.channel.ChannelManager - Adding key: http://localhost:45213 for channel [id: 0x2441fe24, L:/127.0.0.1:53838 - R:localhost/127.0.0.1:45213]
21:55:45.369 [main] DEBUG net.serenitybdd.core.photography.Darkroom - Send negative for processing for target\site\serenity\79a0cf70f0097f64bcdf32b5f5344958debe5c46edd8dfb6e7698aafb967cbba.png
21:55:45.369 [main] DEBUG net.thucydides.core.steps.StepInterceptor - STEP DONE: validateEqualErrorMessage
21:55:45.369 [Darkroom Processing Line] DEBUG net.serenitybdd.core.photography.DarkroomProcessingLine - Processing screenshot image in /var/screenshots/screenshot-4342707946073976498
21:55:45.369 [Darkroom Processing Line] DEBUG net.serenitybdd.core.photography.DarkroomProcessingLine - Saving screenshot to target\site\serenity\79a0cf70f0097f64bcdf32b5f5344958debe5c46edd8dfb6e7698aafb967cbba.png
  &amp#27;[32mThen &amp#27;[0m&amp#27;[32mI can see error message &amp#27;[0m&amp#27;[32m&amp#27;[1m"Incorrect username or password, please try again"&amp#27;[0m &amp#27;[90m# starter.stepdefinitions.LoginSteps.iCanSeeErrorMessage(java.lang.String)&amp#27;[0m
21:55:45.374 [main] INFO  - 
  _____   ___   ___   _____     ___     _     ___   ___   ___   ___  
 |_   _| | __| / __| |_   _|   | _ \   /_\   / __| / __| | __| |   \ 
   | |   | _|  \__ \   | |     |  _/  / _ \  \__ \ \__ \ | _|  | |) |
   |_|   |___| |___/   |_|     |_|   /_/ \_\ |___/ |___/ |___| |___/ 

user input with valid Username and invalid password
----------------------------------------------------------------------
21:55:45.380 [AsyncHttpClient-1-7] DEBUG org.asynchttpclient.netty.handler.WebSocketHandler - Channel Closed: [id: 0x89e7971a, L:/127.0.0.1:53847 ! R:localhost/127.0.0.1:53839] with attribute NettyResponseFuture{currentRetry=0,
	isDone=1,
	isCancelled=0,
	asyncHandler=org.asynchttpclient.ws.WebSocketUpgradeHandler@29f51097,
	nettyRequest=org.asynchttpclient.netty.request.NettyRequest@6cf79bcd,
	future=java.util.concurrent.CompletableFuture@24ed07f7[Completed normally],
	uri=ws://localhost:53839/devtools/browser/dedc56ac-dad2-4899-acfd-293dad3035ea,
	keepAlive=true,
	redirectCount=0,
	timeoutsHolder=null,
	inAuth=0,
	touch=1687532134268}
21:55:45.383 [AsyncHttpClient-1-7] DEBUG org.asynchttpclient.netty.channel.ChannelManager - Closing Channel [id: 0x89e7971a, L:/127.0.0.1:53847 ! R:localhost/127.0.0.1:53839] 
21:55:45.380 [Driver Command Executor] DEBUG org.asynchttpclient.netty.request.NettyRequestSender - Using pooled Channel '[id: 0x2441fe24, L:/127.0.0.1:53838 - R:localhost/127.0.0.1:45213]' for 'DELETE' to 'http://localhost:45213/session/0e8189330cf86434298b72ade2199cfd'
21:55:45.385 [Driver Command Executor] DEBUG org.asynchttpclient.netty.request.NettyRequestSender - Using open Channel [id: 0x2441fe24, L:/127.0.0.1:53838 - R:localhost/127.0.0.1:45213] for DELETE '/session/0e8189330cf86434298b72ade2199cfd'
21:55:45.825 [AsyncHttpClient-1-1] DEBUG org.asynchttpclient.netty.channel.DefaultChannelPool - Entry count for : http://localhost:53839 : 1
21:55:46.181 [AsyncHttpClient-1-6] DEBUG org.asynchttpclient.netty.handler.HttpHandler - Unexpected I/O exception on channel [id: 0x1b091b09, L:/127.0.0.1:53846 - R:localhost/127.0.0.1:53839]
java.net.SocketException: Connection reset
	at java.base/sun.nio.ch.SocketChannelImpl.throwConnectionReset(SocketChannelImpl.java:394)
	at java.base/sun.nio.ch.SocketChannelImpl.read(SocketChannelImpl.java:426)
	at io.netty.buffer.PooledByteBuf.setBytes(PooledByteBuf.java:259)
	at io.netty.buffer.AbstractByteBuf.writeBytes(AbstractByteBuf.java:1132)
	at io.netty.channel.socket.nio.NioSocketChannel.doReadBytes(NioSocketChannel.java:357)
	at io.netty.channel.nio.AbstractNioByteChannel$NioByteUnsafe.read(AbstractNioByteChannel.java:151)
	at io.netty.channel.nio.NioEventLoop.processSelectedKey(NioEventLoop.java:788)
	at io.netty.channel.nio.NioEventLoop.processSelectedKeysOptimized(NioEventLoop.java:724)
	at io.netty.channel.nio.NioEventLoop.processSelectedKeys(NioEventLoop.java:650)
	at io.netty.channel.nio.NioEventLoop.run(NioEventLoop.java:562)
	at io.netty.util.concurrent.SingleThreadEventExecutor$4.run(SingleThreadEventExecutor.java:997)
	at io.netty.util.internal.ThreadExecutorMap$2.run(ThreadExecutorMap.java:74)
	at io.netty.util.concurrent.FastThreadLocalRunnable.run(FastThreadLocalRunnable.java:30)
	at java.base/java.lang.Thread.run(Thread.java:833)
21:55:46.181 [AsyncHttpClient-1-6] DEBUG org.asynchttpclient.netty.channel.ChannelManager - Closing Channel [id: 0x1b091b09, L:/127.0.0.1:53846 - R:localhost/127.0.0.1:53839] 
21:55:46.182 [AsyncHttpClient-1-6] DEBUG org.asynchttpclient.netty.handler.HttpHandler - Channel Closed: [id: 0x1b091b09, L:/127.0.0.1:53846 ! R:localhost/127.0.0.1:53839] with attribute DISCARD
21:55:46.215 [AsyncHttpClient-1-5] DEBUG org.asynchttpclient.netty.handler.HttpHandler - 

Request DefaultFullHttpRequest(decodeResult: success, version: HTTP/1.1, content: EmptyByteBufBE)
DELETE /session/0e8189330cf86434298b72ade2199cfd HTTP/1.1
User-Agent: selenium/4.8.1 (java windows)
Content-Type: application/json; charset=utf-8
host: localhost:45213
accept: */*

Response DefaultHttpResponse(decodeResult: success, version: HTTP/1.1)
HTTP/1.1 200 OK
Content-Length: 14
Content-Type: application/json; charset=utf-8
cache-control: no-cache

21:55:46.215 [AsyncHttpClient-1-5] DEBUG org.asynchttpclient.netty.channel.ChannelManager - Adding key: http://localhost:45213 for channel [id: 0x2441fe24, L:/127.0.0.1:53838 - R:localhost/127.0.0.1:45213]
21:55:46.311 [AsyncHttpClient-1-5] DEBUG org.asynchttpclient.netty.handler.HttpHandler - Channel Closed: [id: 0x2441fe24, L:/127.0.0.1:53838 ! R:localhost/127.0.0.1:45213] with attribute DISCARD
]]></system-out>
    <system-err><![CDATA[Starting ChromeDriver 114.0.5735.90 (386bc09e8f4f2e025eddae123f36f6263096ae49-refs/branch-heads/5735@{#1052}) on port 45213
Only local connections are allowed.
Please see https://chromedriver.chromium.org/security-considerations for suggestions on keeping ChromeDriver safe.
ChromeDriver was started successfully.
Jun 23, 2023 9:55:34 PM org.openqa.selenium.devtools.CdpVersionFinder findNearestMatch
WARNING: Unable to find an exact match for CDP version 114, so returning the closest version found: 110
]]></system-err>
  </testcase>
  <testcase name="user input with invalid Username and valid password" classname="Login" time="14.312">
    <system-out><![CDATA[
Scenario: user input with invalid Username and valid password                     &amp#27;[90m# src/test/resources/features/login.feature:21&amp#27;[0m
21:55:46.405 [main] DEBUG io.cucumber.core.plugin.SerenityReporter - Running feature from file:///D:/alta/Capstone/WEB/CapstoneWEB/src/test/resources/features/login.feature
21:55:46.414 [main] INFO  - 
  _____   ___   ___   _____     ___   _____     _     ___   _____   ___   ___  
 |_   _| | __| / __| |_   _|   / __| |_   _|   /_\   | _ \ |_   _| | __| |   \ 
   | |   | _|  \__ \   | |     \__ \   | |    / _ \  |   /   | |   | _|  | |) |
   |_|   |___| |___/   |_|     |___/   |_|   /_/ \_\ |_|_\   |_|   |___| |___/ 

user input with invalid Username and valid password(login;user-input-with-invalid-username-and-valid-password)
--------------------------------------------------------------------------------
21:55:46.554 [main] INFO net.serenitybdd.core.webdriver.driverproviders.ChromeDriverProvider - Starting Chrome driver instance with capabilities:
21:55:46.554 [main] INFO net.serenitybdd.core.webdriver.driverproviders.ChromeDriverProvider - Capabilities {acceptInsecureCerts: false, browserName: chrome, goog:chromeOptions: {args: [remote-allow-origins=*], extensions: []}}
21:55:46.918 [AsyncHttpClient-1-1] DEBUG org.asynchttpclient.netty.channel.DefaultChannelPool - Entry count for : http://localhost:53839 : 1
21:55:46.918 [AsyncHttpClient-1-1] DEBUG org.asynchttpclient.netty.channel.DefaultChannelPool - Entry count for : http://localhost:45213 : 1
21:55:46.918 [AsyncHttpClient-1-1] DEBUG org.asynchttpclient.netty.channel.DefaultChannelPool - Adding Candidate expired Channel [id: 0x1b091b09, L:/127.0.0.1:53846 ! R:localhost/127.0.0.1:53839] isIdleTimeoutExpired=false isRemotelyClosed=true isTtlExpired=false
21:55:46.918 [AsyncHttpClient-1-1] DEBUG org.asynchttpclient.netty.channel.DefaultChannelPool - Closing Idle Channel [id: 0x1b091b09, L:/127.0.0.1:53846 ! R:localhost/127.0.0.1:53839]
21:55:46.918 [AsyncHttpClient-1-1] DEBUG org.asynchttpclient.netty.channel.DefaultChannelPool - Adding Candidate expired Channel [id: 0x2441fe24, L:/127.0.0.1:53838 ! R:localhost/127.0.0.1:45213] isIdleTimeoutExpired=false isRemotelyClosed=true isTtlExpired=false
21:55:46.918 [AsyncHttpClient-1-1] DEBUG org.asynchttpclient.netty.channel.DefaultChannelPool - Closing Idle Channel [id: 0x2441fe24, L:/127.0.0.1:53838 ! R:localhost/127.0.0.1:45213]
21:55:46.918 [AsyncHttpClient-1-1] DEBUG org.asynchttpclient.netty.channel.DefaultChannelPool - Closed 2 connections out of 2 in 0 ms
21:55:47.726 [AsyncHttpClient-1-8] DEBUG org.asynchttpclient.netty.channel.NettyConnectListener - Using new Channel '[id: 0xf35da6c6, L:/127.0.0.1:53864 - R:localhost/127.0.0.1:36790]' for 'POST' to '/session'
21:55:48.889 [AsyncHttpClient-1-8] DEBUG org.asynchttpclient.netty.handler.HttpHandler - 

Request DefaultHttpRequest(decodeResult: success, version: HTTP/1.1)
POST /session HTTP/1.1
User-Agent: selenium/4.8.1 (java windows)
Content-Length: 507
Content-Type: application/json; charset=utf-8
host: localhost:36790
accept: */*

Response DefaultHttpResponse(decodeResult: success, version: HTTP/1.1)
HTTP/1.1 200 OK
Content-Length: 863
Content-Type: application/json; charset=utf-8
cache-control: no-cache

21:55:48.890 [AsyncHttpClient-1-8] DEBUG org.asynchttpclient.netty.channel.ChannelManager - Adding key: http://localhost:36790 for channel [id: 0xf35da6c6, L:/127.0.0.1:53864 - R:localhost/127.0.0.1:36790]
21:55:48.912 [AsyncHttpClient-1-9] DEBUG org.asynchttpclient.netty.channel.NettyConnectListener - Using new Channel '[id: 0x3afc0e97, L:/127.0.0.1:53872 - R:localhost/127.0.0.1:53865]' for 'GET' to '/json/version'
21:55:48.917 [AsyncHttpClient-1-9] DEBUG org.asynchttpclient.netty.handler.HttpHandler - 

Request DefaultFullHttpRequest(decodeResult: success, version: HTTP/1.1, content: EmptyByteBufBE)
GET /json/version HTTP/1.1
User-Agent: selenium/4.8.1 (java windows)
host: localhost:53865
accept: */*

Response DefaultHttpResponse(decodeResult: success, version: HTTP/1.1)
HTTP/1.1 200 OK
Content-Security-Policy: frame-ancestors 'none'
Content-Length: 424
Content-Type: application/json; charset=UTF-8

21:55:48.918 [AsyncHttpClient-1-9] DEBUG org.asynchttpclient.netty.channel.ChannelManager - Adding key: http://localhost:53865 for channel [id: 0x3afc0e97, L:/127.0.0.1:53872 - R:localhost/127.0.0.1:53865]
21:55:48.925 [AsyncHttpClient-1-10] DEBUG org.asynchttpclient.netty.channel.NettyConnectListener - Using new Channel '[id: 0xce38f86a, L:/127.0.0.1:53873 - R:localhost/127.0.0.1:53865]' for 'GET' to '/devtools/browser/deaf106d-31be-449e-8c76-3bc018d03e05'
21:55:48.929 [AsyncHttpClient-1-10] DEBUG org.asynchttpclient.netty.handler.WebSocketHandler - 

Request DefaultFullHttpRequest(decodeResult: success, version: HTTP/1.1, content: EmptyByteBufBE)
GET /devtools/browser/deaf106d-31be-449e-8c76-3bc018d03e05 HTTP/1.1
upgrade: websocket
connection: upgrade
sec-websocket-key: aNaRWBB1YZoZhGjKZ8TF0Q==
sec-websocket-version: 13
origin: http://localhost:53865
host: localhost:53865
accept: */*
user-agent: AHC/2.1

Response DefaultHttpResponse(decodeResult: success, version: HTTP/1.1)
HTTP/1.1 101 WebSocket Protocol Handshake
Upgrade: WebSocket
Connection: Upgrade
Sec-WebSocket-Accept: yU8PxbmbZVOzv0BdRydYn1YJXhs=

21:55:48.934 [Forwarding get on session 34224116b137178ba77a2ab9463131af to remote] DEBUG org.asynchttpclient.netty.request.NettyRequestSender - Using pooled Channel '[id: 0xf35da6c6, L:/127.0.0.1:53864 - R:localhost/127.0.0.1:36790]' for 'POST' to 'http://localhost:36790/session/34224116b137178ba77a2ab9463131af/url'
21:55:48.934 [Forwarding get on session 34224116b137178ba77a2ab9463131af to remote] DEBUG org.asynchttpclient.netty.request.NettyRequestSender - Using open Channel [id: 0xf35da6c6, L:/127.0.0.1:53864 - R:localhost/127.0.0.1:36790] for POST '/session/34224116b137178ba77a2ab9463131af/url'
21:55:49.125 [AsyncHttpClient-1-1] DEBUG org.asynchttpclient.netty.channel.DefaultChannelPool - Entry count for : http://localhost:53865 : 1
21:55:50.219 [AsyncHttpClient-1-1] DEBUG org.asynchttpclient.netty.channel.DefaultChannelPool - Entry count for : http://localhost:53865 : 1
21:55:51.320 [AsyncHttpClient-1-1] DEBUG org.asynchttpclient.netty.channel.DefaultChannelPool - Entry count for : http://localhost:53865 : 1
21:55:52.418 [AsyncHttpClient-1-1] DEBUG org.asynchttpclient.netty.channel.DefaultChannelPool - Entry count for : http://localhost:53865 : 1
21:55:53.523 [AsyncHttpClient-1-1] DEBUG org.asynchttpclient.netty.channel.DefaultChannelPool - Entry count for : http://localhost:53865 : 1
21:55:54.619 [AsyncHttpClient-1-1] DEBUG org.asynchttpclient.netty.channel.DefaultChannelPool - Entry count for : http://localhost:53865 : 1
21:55:55.723 [AsyncHttpClient-1-1] DEBUG org.asynchttpclient.netty.channel.DefaultChannelPool - Entry count for : http://localhost:53865 : 1
21:55:56.821 [AsyncHttpClient-1-1] DEBUG org.asynchttpclient.netty.channel.DefaultChannelPool - Entry count for : http://localhost:53865 : 1
21:55:56.896 [AsyncHttpClient-1-8] DEBUG org.asynchttpclient.netty.handler.HttpHandler - 

Request DefaultHttpRequest(decodeResult: success, version: HTTP/1.1)
POST /session/34224116b137178ba77a2ab9463131af/url HTTP/1.1
User-Agent: selenium/4.8.1 (java windows)
Content-Length: 65
Content-Type: application/json; charset=utf-8
host: localhost:36790
accept: */*

Response DefaultHttpResponse(decodeResult: success, version: HTTP/1.1)
HTTP/1.1 200 OK
Content-Length: 14
Content-Type: application/json; charset=utf-8
cache-control: no-cache

21:55:56.897 [AsyncHttpClient-1-8] DEBUG org.asynchttpclient.netty.channel.ChannelManager - Adding key: http://localhost:36790 for channel [id: 0xf35da6c6, L:/127.0.0.1:53864 - R:localhost/127.0.0.1:36790]
21:55:56.901 [Forwarding setTimeout on session 34224116b137178ba77a2ab9463131af to remote] DEBUG org.asynchttpclient.netty.request.NettyRequestSender - Using pooled Channel '[id: 0xf35da6c6, L:/127.0.0.1:53864 - R:localhost/127.0.0.1:36790]' for 'POST' to 'http://localhost:36790/session/34224116b137178ba77a2ab9463131af/timeouts'
21:55:56.901 [Forwarding setTimeout on session 34224116b137178ba77a2ab9463131af to remote] DEBUG org.asynchttpclient.netty.request.NettyRequestSender - Using open Channel [id: 0xf35da6c6, L:/127.0.0.1:53864 - R:localhost/127.0.0.1:36790] for POST '/session/34224116b137178ba77a2ab9463131af/timeouts'
21:55:56.906 [AsyncHttpClient-1-8] DEBUG org.asynchttpclient.netty.handler.HttpHandler - 

Request DefaultHttpRequest(decodeResult: success, version: HTTP/1.1)
POST /session/34224116b137178ba77a2ab9463131af/timeouts HTTP/1.1
User-Agent: selenium/4.8.1 (java windows)
Content-Length: 22
Content-Type: application/json; charset=utf-8
host: localhost:36790
accept: */*

Response DefaultHttpResponse(decodeResult: success, version: HTTP/1.1)
HTTP/1.1 200 OK
Content-Length: 14
Content-Type: application/json; charset=utf-8
cache-control: no-cache

21:55:56.906 [AsyncHttpClient-1-8] DEBUG org.asynchttpclient.netty.channel.ChannelManager - Adding key: http://localhost:36790 for channel [id: 0xf35da6c6, L:/127.0.0.1:53864 - R:localhost/127.0.0.1:36790]
21:55:56.916 [Forwarding getAlertText on session 34224116b137178ba77a2ab9463131af to remote] DEBUG org.asynchttpclient.netty.request.NettyRequestSender - Using pooled Channel '[id: 0xf35da6c6, L:/127.0.0.1:53864 - R:localhost/127.0.0.1:36790]' for 'GET' to 'http://localhost:36790/session/34224116b137178ba77a2ab9463131af/alert/text'
21:55:56.916 [Forwarding getAlertText on session 34224116b137178ba77a2ab9463131af to remote] DEBUG org.asynchttpclient.netty.request.NettyRequestSender - Using open Channel [id: 0xf35da6c6, L:/127.0.0.1:53864 - R:localhost/127.0.0.1:36790] for GET '/session/34224116b137178ba77a2ab9463131af/alert/text'
21:55:56.919 [AsyncHttpClient-1-8] DEBUG org.asynchttpclient.netty.handler.HttpHandler - 

Request DefaultFullHttpRequest(decodeResult: success, version: HTTP/1.1, content: EmptyByteBufBE)
GET /session/34224116b137178ba77a2ab9463131af/alert/text HTTP/1.1
User-Agent: selenium/4.8.1 (java windows)
Cache-Control: no-cache
Content-Type: application/json; charset=utf-8
host: localhost:36790
accept: */*

Response DefaultHttpResponse(decodeResult: success, version: HTTP/1.1)
HTTP/1.1 404 Not Found
Content-Length: 821
Content-Type: application/json; charset=utf-8
cache-control: no-cache

21:55:56.919 [AsyncHttpClient-1-8] DEBUG org.asynchttpclient.netty.channel.ChannelManager - Adding key: http://localhost:36790 for channel [id: 0xf35da6c6, L:/127.0.0.1:53864 - R:localhost/127.0.0.1:36790]
21:55:56.921 [Forwarding getCurrentUrl on session 34224116b137178ba77a2ab9463131af to remote] DEBUG org.asynchttpclient.netty.request.NettyRequestSender - Using pooled Channel '[id: 0xf35da6c6, L:/127.0.0.1:53864 - R:localhost/127.0.0.1:36790]' for 'GET' to 'http://localhost:36790/session/34224116b137178ba77a2ab9463131af/url'
21:55:56.922 [Forwarding getCurrentUrl on session 34224116b137178ba77a2ab9463131af to remote] DEBUG org.asynchttpclient.netty.request.NettyRequestSender - Using open Channel [id: 0xf35da6c6, L:/127.0.0.1:53864 - R:localhost/127.0.0.1:36790] for GET '/session/34224116b137178ba77a2ab9463131af/url'
21:55:56.927 [AsyncHttpClient-1-8] DEBUG org.asynchttpclient.netty.handler.HttpHandler - 

Request DefaultFullHttpRequest(decodeResult: success, version: HTTP/1.1, content: EmptyByteBufBE)
GET /session/34224116b137178ba77a2ab9463131af/url HTTP/1.1
User-Agent: selenium/4.8.1 (java windows)
Cache-Control: no-cache
Content-Type: application/json; charset=utf-8
host: localhost:36790
accept: */*

Response DefaultHttpResponse(decodeResult: success, version: HTTP/1.1)
HTTP/1.1 200 OK
Content-Length: 47
Content-Type: application/json; charset=utf-8
cache-control: no-cache

21:55:56.927 [AsyncHttpClient-1-8] DEBUG org.asynchttpclient.netty.channel.ChannelManager - Adding key: http://localhost:36790 for channel [id: 0xf35da6c6, L:/127.0.0.1:53864 - R:localhost/127.0.0.1:36790]
21:55:56.928 [Forwarding screenshot on session 34224116b137178ba77a2ab9463131af to remote] DEBUG org.asynchttpclient.netty.request.NettyRequestSender - Using pooled Channel '[id: 0xf35da6c6, L:/127.0.0.1:53864 - R:localhost/127.0.0.1:36790]' for 'GET' to 'http://localhost:36790/session/34224116b137178ba77a2ab9463131af/screenshot'
21:55:56.928 [Forwarding screenshot on session 34224116b137178ba77a2ab9463131af to remote] DEBUG org.asynchttpclient.netty.request.NettyRequestSender - Using open Channel [id: 0xf35da6c6, L:/127.0.0.1:53864 - R:localhost/127.0.0.1:36790] for GET '/session/34224116b137178ba77a2ab9463131af/screenshot'
21:55:57.131 [AsyncHttpClient-1-8] DEBUG org.asynchttpclient.netty.handler.HttpHandler - 

Request DefaultFullHttpRequest(decodeResult: success, version: HTTP/1.1, content: EmptyByteBufBE)
GET /session/34224116b137178ba77a2ab9463131af/screenshot HTTP/1.1
User-Agent: selenium/4.8.1 (java windows)
Cache-Control: no-cache
Content-Type: application/json; charset=utf-8
host: localhost:36790
accept: */*

Response DefaultHttpResponse(decodeResult: success, version: HTTP/1.1)
HTTP/1.1 200 OK
Content-Length: 39008
Content-Type: application/json; charset=utf-8
cache-control: no-cache

21:55:57.131 [AsyncHttpClient-1-8] DEBUG org.asynchttpclient.netty.channel.ChannelManager - Adding key: http://localhost:36790 for channel [id: 0xf35da6c6, L:/127.0.0.1:53864 - R:localhost/127.0.0.1:36790]
21:55:57.134 [main] DEBUG net.serenitybdd.core.photography.Darkroom - Send negative for processing for target\site\serenity\7eea101b2595eac2e12e16c6c3a7f2d8107d3db9c8ca172944cc4151e9d43e2b.png
21:55:57.135 [Forwarding getPageSource on session 34224116b137178ba77a2ab9463131af to remote] DEBUG org.asynchttpclient.netty.request.NettyRequestSender - Using pooled Channel '[id: 0xf35da6c6, L:/127.0.0.1:53864 - R:localhost/127.0.0.1:36790]' for 'POST' to 'http://localhost:36790/session/34224116b137178ba77a2ab9463131af/execute/sync'
21:55:57.136 [Forwarding getPageSource on session 34224116b137178ba77a2ab9463131af to remote] DEBUG org.asynchttpclient.netty.request.NettyRequestSender - Using open Channel [id: 0xf35da6c6, L:/127.0.0.1:53864 - R:localhost/127.0.0.1:36790] for POST '/session/34224116b137178ba77a2ab9463131af/execute/sync'
21:55:57.165 [AsyncHttpClient-1-8] DEBUG org.asynchttpclient.netty.handler.HttpHandler - 

Request DefaultHttpRequest(decodeResult: success, version: HTTP/1.1)
POST /session/34224116b137178ba77a2ab9463131af/execute/sync HTTP/1.1
User-Agent: selenium/4.8.1 (java windows)
Content-Length: 176
Content-Type: application/json; charset=utf-8
host: localhost:36790
accept: */*

Response DefaultHttpResponse(decodeResult: success, version: HTTP/1.1)
HTTP/1.1 200 OK
Content-Length: 166638
Content-Type: application/json; charset=utf-8
cache-control: no-cache

21:55:57.165 [AsyncHttpClient-1-8] DEBUG org.asynchttpclient.netty.channel.ChannelManager - Adding key: http://localhost:36790 for channel [id: 0xf35da6c6, L:/127.0.0.1:53864 - R:localhost/127.0.0.1:36790]
21:55:57.173 [Forwarding getCurrentUrl on session 34224116b137178ba77a2ab9463131af to remote] DEBUG org.asynchttpclient.netty.request.NettyRequestSender - Using pooled Channel '[id: 0xf35da6c6, L:/127.0.0.1:53864 - R:localhost/127.0.0.1:36790]' for 'GET' to 'http://localhost:36790/session/34224116b137178ba77a2ab9463131af/url'
21:55:57.173 [Forwarding getCurrentUrl on session 34224116b137178ba77a2ab9463131af to remote] DEBUG org.asynchttpclient.netty.request.NettyRequestSender - Using open Channel [id: 0xf35da6c6, L:/127.0.0.1:53864 - R:localhost/127.0.0.1:36790] for GET '/session/34224116b137178ba77a2ab9463131af/url'
21:55:57.181 [AsyncHttpClient-1-8] DEBUG org.asynchttpclient.netty.handler.HttpHandler - 

Request DefaultFullHttpRequest(decodeResult: success, version: HTTP/1.1, content: EmptyByteBufBE)
GET /session/34224116b137178ba77a2ab9463131af/url HTTP/1.1
User-Agent: selenium/4.8.1 (java windows)
Cache-Control: no-cache
Content-Type: application/json; charset=utf-8
host: localhost:36790
accept: */*

Response DefaultHttpResponse(decodeResult: success, version: HTTP/1.1)
HTTP/1.1 200 OK
Content-Length: 47
Content-Type: application/json; charset=utf-8
cache-control: no-cache

21:55:57.181 [AsyncHttpClient-1-8] DEBUG org.asynchttpclient.netty.channel.ChannelManager - Adding key: http://localhost:36790 for channel [id: 0xf35da6c6, L:/127.0.0.1:53864 - R:localhost/127.0.0.1:36790]
21:55:57.184 [main] DEBUG net.thucydides.core.steps.StepInterceptor - STARTING STEP: LoginSteps.onLoginPage - validateOnLoginPage
21:55:57.189 [Forwarding findElement on session 34224116b137178ba77a2ab9463131af to remote] DEBUG org.asynchttpclient.netty.request.NettyRequestSender - Using pooled Channel '[id: 0xf35da6c6, L:/127.0.0.1:53864 - R:localhost/127.0.0.1:36790]' for 'POST' to 'http://localhost:36790/session/34224116b137178ba77a2ab9463131af/element'
21:55:57.189 [Forwarding findElement on session 34224116b137178ba77a2ab9463131af to remote] DEBUG org.asynchttpclient.netty.request.NettyRequestSender - Using open Channel [id: 0xf35da6c6, L:/127.0.0.1:53864 - R:localhost/127.0.0.1:36790] for POST '/session/34224116b137178ba77a2ab9463131af/element'
21:55:57.204 [AsyncHttpClient-1-8] DEBUG org.asynchttpclient.netty.handler.HttpHandler - 

Request DefaultHttpRequest(decodeResult: success, version: HTTP/1.1)
POST /session/34224116b137178ba77a2ab9463131af/element HTTP/1.1
User-Agent: selenium/4.8.1 (java windows)
Content-Length: 155
Content-Type: application/json; charset=utf-8
host: localhost:36790
accept: */*

Response DefaultHttpResponse(decodeResult: success, version: HTTP/1.1)
HTTP/1.1 200 OK
Content-Length: 95
Content-Type: application/json; charset=utf-8
cache-control: no-cache

21:55:57.204 [AsyncHttpClient-1-8] DEBUG org.asynchttpclient.netty.channel.ChannelManager - Adding key: http://localhost:36790 for channel [id: 0xf35da6c6, L:/127.0.0.1:53864 - R:localhost/127.0.0.1:36790]
21:55:57.207 [Forwarding isElementDisplayed on session 34224116b137178ba77a2ab9463131af to remote] DEBUG org.asynchttpclient.netty.request.NettyRequestSender - Using pooled Channel '[id: 0xf35da6c6, L:/127.0.0.1:53864 - R:localhost/127.0.0.1:36790]' for 'POST' to 'http://localhost:36790/session/34224116b137178ba77a2ab9463131af/execute/sync'
21:55:57.207 [Forwarding isElementDisplayed on session 34224116b137178ba77a2ab9463131af to remote] DEBUG org.asynchttpclient.netty.request.NettyRequestSender - Using open Channel [id: 0xf35da6c6, L:/127.0.0.1:53864 - R:localhost/127.0.0.1:36790] for POST '/session/34224116b137178ba77a2ab9463131af/execute/sync'
21:55:57.219 [AsyncHttpClient-1-8] DEBUG org.asynchttpclient.netty.handler.HttpHandler - 

Request DefaultHttpRequest(decodeResult: success, version: HTTP/1.1)
POST /session/34224116b137178ba77a2ab9463131af/execute/sync HTTP/1.1
User-Agent: selenium/4.8.1 (java windows)
Content-Length: 48814
Content-Type: application/json; charset=utf-8
host: localhost:36790
accept: */*

Response DefaultHttpResponse(decodeResult: success, version: HTTP/1.1)
HTTP/1.1 200 OK
Content-Length: 14
Content-Type: application/json; charset=utf-8
cache-control: no-cache

21:55:57.219 [AsyncHttpClient-1-8] DEBUG org.asynchttpclient.netty.channel.ChannelManager - Adding key: http://localhost:36790 for channel [id: 0xf35da6c6, L:/127.0.0.1:53864 - R:localhost/127.0.0.1:36790]
21:55:57.224 [Forwarding getAlertText on session 34224116b137178ba77a2ab9463131af to remote] DEBUG org.asynchttpclient.netty.request.NettyRequestSender - Using pooled Channel '[id: 0xf35da6c6, L:/127.0.0.1:53864 - R:localhost/127.0.0.1:36790]' for 'GET' to 'http://localhost:36790/session/34224116b137178ba77a2ab9463131af/alert/text'
21:55:57.224 [Forwarding getAlertText on session 34224116b137178ba77a2ab9463131af to remote] DEBUG org.asynchttpclient.netty.request.NettyRequestSender - Using open Channel [id: 0xf35da6c6, L:/127.0.0.1:53864 - R:localhost/127.0.0.1:36790] for GET '/session/34224116b137178ba77a2ab9463131af/alert/text'
21:55:57.226 [AsyncHttpClient-1-8] DEBUG org.asynchttpclient.netty.handler.HttpHandler - 

Request DefaultFullHttpRequest(decodeResult: success, version: HTTP/1.1, content: EmptyByteBufBE)
GET /session/34224116b137178ba77a2ab9463131af/alert/text HTTP/1.1
User-Agent: selenium/4.8.1 (java windows)
Cache-Control: no-cache
Content-Type: application/json; charset=utf-8
host: localhost:36790
accept: */*

Response DefaultHttpResponse(decodeResult: success, version: HTTP/1.1)
HTTP/1.1 404 Not Found
Content-Length: 821
Content-Type: application/json; charset=utf-8
cache-control: no-cache

21:55:57.226 [AsyncHttpClient-1-8] DEBUG org.asynchttpclient.netty.channel.ChannelManager - Adding key: http://localhost:36790 for channel [id: 0xf35da6c6, L:/127.0.0.1:53864 - R:localhost/127.0.0.1:36790]
21:55:57.227 [Forwarding getCurrentUrl on session 34224116b137178ba77a2ab9463131af to remote] DEBUG org.asynchttpclient.netty.request.NettyRequestSender - Using pooled Channel '[id: 0xf35da6c6, L:/127.0.0.1:53864 - R:localhost/127.0.0.1:36790]' for 'GET' to 'http://localhost:36790/session/34224116b137178ba77a2ab9463131af/url'
21:55:57.227 [Forwarding getCurrentUrl on session 34224116b137178ba77a2ab9463131af to remote] DEBUG org.asynchttpclient.netty.request.NettyRequestSender - Using open Channel [id: 0xf35da6c6, L:/127.0.0.1:53864 - R:localhost/127.0.0.1:36790] for GET '/session/34224116b137178ba77a2ab9463131af/url'
21:55:57.232 [AsyncHttpClient-1-8] DEBUG org.asynchttpclient.netty.handler.HttpHandler - 

Request DefaultFullHttpRequest(decodeResult: success, version: HTTP/1.1, content: EmptyByteBufBE)
GET /session/34224116b137178ba77a2ab9463131af/url HTTP/1.1
User-Agent: selenium/4.8.1 (java windows)
Cache-Control: no-cache
Content-Type: application/json; charset=utf-8
host: localhost:36790
accept: */*

Response DefaultHttpResponse(decodeResult: success, version: HTTP/1.1)
HTTP/1.1 200 OK
Content-Length: 47
Content-Type: application/json; charset=utf-8
cache-control: no-cache

21:55:57.232 [AsyncHttpClient-1-8] DEBUG org.asynchttpclient.netty.channel.ChannelManager - Adding key: http://localhost:36790 for channel [id: 0xf35da6c6, L:/127.0.0.1:53864 - R:localhost/127.0.0.1:36790]
21:55:57.233 [Forwarding screenshot on session 34224116b137178ba77a2ab9463131af to remote] DEBUG org.asynchttpclient.netty.request.NettyRequestSender - Using pooled Channel '[id: 0xf35da6c6, L:/127.0.0.1:53864 - R:localhost/127.0.0.1:36790]' for 'GET' to 'http://localhost:36790/session/34224116b137178ba77a2ab9463131af/screenshot'
21:55:57.233 [Forwarding screenshot on session 34224116b137178ba77a2ab9463131af to remote] DEBUG org.asynchttpclient.netty.request.NettyRequestSender - Using open Channel [id: 0xf35da6c6, L:/127.0.0.1:53864 - R:localhost/127.0.0.1:36790] for GET '/session/34224116b137178ba77a2ab9463131af/screenshot'
21:55:57.355 [AsyncHttpClient-1-8] DEBUG org.asynchttpclient.netty.handler.HttpHandler - 

Request DefaultFullHttpRequest(decodeResult: success, version: HTTP/1.1, content: EmptyByteBufBE)
GET /session/34224116b137178ba77a2ab9463131af/screenshot HTTP/1.1
User-Agent: selenium/4.8.1 (java windows)
Cache-Control: no-cache
Content-Type: application/json; charset=utf-8
host: localhost:36790
accept: */*

Response DefaultHttpResponse(decodeResult: success, version: HTTP/1.1)
HTTP/1.1 200 OK
Content-Length: 41452
Content-Type: application/json; charset=utf-8
cache-control: no-cache

21:55:57.355 [AsyncHttpClient-1-8] DEBUG org.asynchttpclient.netty.channel.ChannelManager - Adding key: http://localhost:36790 for channel [id: 0xf35da6c6, L:/127.0.0.1:53864 - R:localhost/127.0.0.1:36790]
21:55:57.356 [main] DEBUG net.serenitybdd.core.photography.Darkroom - Send negative for processing for target\site\serenity\23d1c1dbdf4751859e868a8f6a253615d77b52e4c279469123cde7edb7460d66.png
21:55:57.356 [main] DEBUG net.thucydides.core.steps.StepInterceptor - STEP DONE: validateOnLoginPage
  &amp#27;[32mGiven &amp#27;[0m&amp#27;[32mI am on the login page&amp#27;[0m                                                    &amp#27;[90m# starter.stepdefinitions.LoginSteps.onLoginPage()&amp#27;[0m
21:55:57.365 [Forwarding getPageSource on session 34224116b137178ba77a2ab9463131af to remote] DEBUG org.asynchttpclient.netty.request.NettyRequestSender - Using pooled Channel '[id: 0xf35da6c6, L:/127.0.0.1:53864 - R:localhost/127.0.0.1:36790]' for 'POST' to 'http://localhost:36790/session/34224116b137178ba77a2ab9463131af/execute/sync'
21:55:57.365 [Forwarding getPageSource on session 34224116b137178ba77a2ab9463131af to remote] DEBUG org.asynchttpclient.netty.request.NettyRequestSender - Using open Channel [id: 0xf35da6c6, L:/127.0.0.1:53864 - R:localhost/127.0.0.1:36790] for POST '/session/34224116b137178ba77a2ab9463131af/execute/sync'
21:55:57.385 [AsyncHttpClient-1-8] DEBUG org.asynchttpclient.netty.handler.HttpHandler - 

Request DefaultHttpRequest(decodeResult: success, version: HTTP/1.1)
POST /session/34224116b137178ba77a2ab9463131af/execute/sync HTTP/1.1
User-Agent: selenium/4.8.1 (java windows)
Content-Length: 176
Content-Type: application/json; charset=utf-8
host: localhost:36790
accept: */*

Response DefaultHttpResponse(decodeResult: success, version: HTTP/1.1)
HTTP/1.1 200 OK
Content-Length: 166638
Content-Type: application/json; charset=utf-8
cache-control: no-cache

21:55:57.386 [AsyncHttpClient-1-8] DEBUG org.asynchttpclient.netty.channel.ChannelManager - Adding key: http://localhost:36790 for channel [id: 0xf35da6c6, L:/127.0.0.1:53864 - R:localhost/127.0.0.1:36790]
21:55:57.401 [Forwarding getCurrentUrl on session 34224116b137178ba77a2ab9463131af to remote] DEBUG org.asynchttpclient.netty.request.NettyRequestSender - Using pooled Channel '[id: 0xf35da6c6, L:/127.0.0.1:53864 - R:localhost/127.0.0.1:36790]' for 'GET' to 'http://localhost:36790/session/34224116b137178ba77a2ab9463131af/url'
21:55:57.401 [Forwarding getCurrentUrl on session 34224116b137178ba77a2ab9463131af to remote] DEBUG org.asynchttpclient.netty.request.NettyRequestSender - Using open Channel [id: 0xf35da6c6, L:/127.0.0.1:53864 - R:localhost/127.0.0.1:36790] for GET '/session/34224116b137178ba77a2ab9463131af/url'
21:55:57.412 [AsyncHttpClient-1-8] DEBUG org.asynchttpclient.netty.handler.HttpHandler - 

Request DefaultFullHttpRequest(decodeResult: success, version: HTTP/1.1, content: EmptyByteBufBE)
GET /session/34224116b137178ba77a2ab9463131af/url HTTP/1.1
User-Agent: selenium/4.8.1 (java windows)
Cache-Control: no-cache
Content-Type: application/json; charset=utf-8
host: localhost:36790
accept: */*

Response DefaultHttpResponse(decodeResult: success, version: HTTP/1.1)
HTTP/1.1 200 OK
Content-Length: 47
Content-Type: application/json; charset=utf-8
cache-control: no-cache

21:55:57.412 [AsyncHttpClient-1-8] DEBUG org.asynchttpclient.netty.channel.ChannelManager - Adding key: http://localhost:36790 for channel [id: 0xf35da6c6, L:/127.0.0.1:53864 - R:localhost/127.0.0.1:36790]
21:55:57.418 [Forwarding getAlertText on session 34224116b137178ba77a2ab9463131af to remote] DEBUG org.asynchttpclient.netty.request.NettyRequestSender - Using pooled Channel '[id: 0xf35da6c6, L:/127.0.0.1:53864 - R:localhost/127.0.0.1:36790]' for 'GET' to 'http://localhost:36790/session/34224116b137178ba77a2ab9463131af/alert/text'
21:55:57.418 [Forwarding getAlertText on session 34224116b137178ba77a2ab9463131af to remote] DEBUG org.asynchttpclient.netty.request.NettyRequestSender - Using open Channel [id: 0xf35da6c6, L:/127.0.0.1:53864 - R:localhost/127.0.0.1:36790] for GET '/session/34224116b137178ba77a2ab9463131af/alert/text'
21:55:57.420 [AsyncHttpClient-1-8] DEBUG org.asynchttpclient.netty.handler.HttpHandler - 

Request DefaultFullHttpRequest(decodeResult: success, version: HTTP/1.1, content: EmptyByteBufBE)
GET /session/34224116b137178ba77a2ab9463131af/alert/text HTTP/1.1
User-Agent: selenium/4.8.1 (java windows)
Cache-Control: no-cache
Content-Type: application/json; charset=utf-8
host: localhost:36790
accept: */*

Response DefaultHttpResponse(decodeResult: success, version: HTTP/1.1)
HTTP/1.1 404 Not Found
Content-Length: 821
Content-Type: application/json; charset=utf-8
cache-control: no-cache

21:55:57.420 [AsyncHttpClient-1-8] DEBUG org.asynchttpclient.netty.channel.ChannelManager - Adding key: http://localhost:36790 for channel [id: 0xf35da6c6, L:/127.0.0.1:53864 - R:localhost/127.0.0.1:36790]
21:55:57.421 [Forwarding getCurrentUrl on session 34224116b137178ba77a2ab9463131af to remote] DEBUG org.asynchttpclient.netty.request.NettyRequestSender - Using pooled Channel '[id: 0xf35da6c6, L:/127.0.0.1:53864 - R:localhost/127.0.0.1:36790]' for 'GET' to 'http://localhost:36790/session/34224116b137178ba77a2ab9463131af/url'
21:55:57.421 [Forwarding getCurrentUrl on session 34224116b137178ba77a2ab9463131af to remote] DEBUG org.asynchttpclient.netty.request.NettyRequestSender - Using open Channel [id: 0xf35da6c6, L:/127.0.0.1:53864 - R:localhost/127.0.0.1:36790] for GET '/session/34224116b137178ba77a2ab9463131af/url'
21:55:57.426 [AsyncHttpClient-1-8] DEBUG org.asynchttpclient.netty.handler.HttpHandler - 

Request DefaultFullHttpRequest(decodeResult: success, version: HTTP/1.1, content: EmptyByteBufBE)
GET /session/34224116b137178ba77a2ab9463131af/url HTTP/1.1
User-Agent: selenium/4.8.1 (java windows)
Cache-Control: no-cache
Content-Type: application/json; charset=utf-8
host: localhost:36790
accept: */*

Response DefaultHttpResponse(decodeResult: success, version: HTTP/1.1)
HTTP/1.1 200 OK
Content-Length: 47
Content-Type: application/json; charset=utf-8
cache-control: no-cache

21:55:57.426 [AsyncHttpClient-1-8] DEBUG org.asynchttpclient.netty.channel.ChannelManager - Adding key: http://localhost:36790 for channel [id: 0xf35da6c6, L:/127.0.0.1:53864 - R:localhost/127.0.0.1:36790]
21:55:57.428 [Forwarding screenshot on session 34224116b137178ba77a2ab9463131af to remote] DEBUG org.asynchttpclient.netty.request.NettyRequestSender - Using pooled Channel '[id: 0xf35da6c6, L:/127.0.0.1:53864 - R:localhost/127.0.0.1:36790]' for 'GET' to 'http://localhost:36790/session/34224116b137178ba77a2ab9463131af/screenshot'
21:55:57.428 [Forwarding screenshot on session 34224116b137178ba77a2ab9463131af to remote] DEBUG org.asynchttpclient.netty.request.NettyRequestSender - Using open Channel [id: 0xf35da6c6, L:/127.0.0.1:53864 - R:localhost/127.0.0.1:36790] for GET '/session/34224116b137178ba77a2ab9463131af/screenshot'
21:55:57.563 [AsyncHttpClient-1-8] DEBUG org.asynchttpclient.netty.handler.HttpHandler - 

Request DefaultFullHttpRequest(decodeResult: success, version: HTTP/1.1, content: EmptyByteBufBE)
GET /session/34224116b137178ba77a2ab9463131af/screenshot HTTP/1.1
User-Agent: selenium/4.8.1 (java windows)
Cache-Control: no-cache
Content-Type: application/json; charset=utf-8
host: localhost:36790
accept: */*

Response DefaultHttpResponse(decodeResult: success, version: HTTP/1.1)
HTTP/1.1 200 OK
Content-Length: 41452
Content-Type: application/json; charset=utf-8
cache-control: no-cache

21:55:57.566 [AsyncHttpClient-1-8] DEBUG org.asynchttpclient.netty.channel.ChannelManager - Adding key: http://localhost:36790 for channel [id: 0xf35da6c6, L:/127.0.0.1:53864 - R:localhost/127.0.0.1:36790]
21:55:57.568 [main] DEBUG net.serenitybdd.core.photography.Darkroom - Send negative for processing for target\site\serenity\23d1c1dbdf4751859e868a8f6a253615d77b52e4c279469123cde7edb7460d66.png
21:55:57.569 [Forwarding getPageSource on session 34224116b137178ba77a2ab9463131af to remote] DEBUG org.asynchttpclient.netty.request.NettyRequestSender - Using pooled Channel '[id: 0xf35da6c6, L:/127.0.0.1:53864 - R:localhost/127.0.0.1:36790]' for 'POST' to 'http://localhost:36790/session/34224116b137178ba77a2ab9463131af/execute/sync'
21:55:57.569 [Forwarding getPageSource on session 34224116b137178ba77a2ab9463131af to remote] DEBUG org.asynchttpclient.netty.request.NettyRequestSender - Using open Channel [id: 0xf35da6c6, L:/127.0.0.1:53864 - R:localhost/127.0.0.1:36790] for POST '/session/34224116b137178ba77a2ab9463131af/execute/sync'
21:55:57.592 [AsyncHttpClient-1-8] DEBUG org.asynchttpclient.netty.handler.HttpHandler - 

Request DefaultHttpRequest(decodeResult: success, version: HTTP/1.1)
POST /session/34224116b137178ba77a2ab9463131af/execute/sync HTTP/1.1
User-Agent: selenium/4.8.1 (java windows)
Content-Length: 176
Content-Type: application/json; charset=utf-8
host: localhost:36790
accept: */*

Response DefaultHttpResponse(decodeResult: success, version: HTTP/1.1)
HTTP/1.1 200 OK
Content-Length: 166638
Content-Type: application/json; charset=utf-8
cache-control: no-cache

21:55:57.598 [AsyncHttpClient-1-8] DEBUG org.asynchttpclient.netty.channel.ChannelManager - Adding key: http://localhost:36790 for channel [id: 0xf35da6c6, L:/127.0.0.1:53864 - R:localhost/127.0.0.1:36790]
21:55:57.619 [Forwarding getCurrentUrl on session 34224116b137178ba77a2ab9463131af to remote] DEBUG org.asynchttpclient.netty.request.NettyRequestSender - Using pooled Channel '[id: 0xf35da6c6, L:/127.0.0.1:53864 - R:localhost/127.0.0.1:36790]' for 'GET' to 'http://localhost:36790/session/34224116b137178ba77a2ab9463131af/url'
21:55:57.619 [Forwarding getCurrentUrl on session 34224116b137178ba77a2ab9463131af to remote] DEBUG org.asynchttpclient.netty.request.NettyRequestSender - Using open Channel [id: 0xf35da6c6, L:/127.0.0.1:53864 - R:localhost/127.0.0.1:36790] for GET '/session/34224116b137178ba77a2ab9463131af/url'
21:55:57.627 [AsyncHttpClient-1-8] DEBUG org.asynchttpclient.netty.handler.HttpHandler - 

Request DefaultFullHttpRequest(decodeResult: success, version: HTTP/1.1, content: EmptyByteBufBE)
GET /session/34224116b137178ba77a2ab9463131af/url HTTP/1.1
User-Agent: selenium/4.8.1 (java windows)
Cache-Control: no-cache
Content-Type: application/json; charset=utf-8
host: localhost:36790
accept: */*

Response DefaultHttpResponse(decodeResult: success, version: HTTP/1.1)
HTTP/1.1 200 OK
Content-Length: 47
Content-Type: application/json; charset=utf-8
cache-control: no-cache

21:55:57.628 [AsyncHttpClient-1-8] DEBUG org.asynchttpclient.netty.channel.ChannelManager - Adding key: http://localhost:36790 for channel [id: 0xf35da6c6, L:/127.0.0.1:53864 - R:localhost/127.0.0.1:36790]
21:55:57.632 [main] DEBUG net.thucydides.core.steps.StepInterceptor - STARTING STEP: LoginSteps.enterUsernamelOnSigIn - inputUsername
21:55:57.633 [Forwarding findElement on session 34224116b137178ba77a2ab9463131af to remote] DEBUG org.asynchttpclient.netty.request.NettyRequestSender - Using pooled Channel '[id: 0xf35da6c6, L:/127.0.0.1:53864 - R:localhost/127.0.0.1:36790]' for 'POST' to 'http://localhost:36790/session/34224116b137178ba77a2ab9463131af/element'
21:55:57.634 [Forwarding findElement on session 34224116b137178ba77a2ab9463131af to remote] DEBUG org.asynchttpclient.netty.request.NettyRequestSender - Using open Channel [id: 0xf35da6c6, L:/127.0.0.1:53864 - R:localhost/127.0.0.1:36790] for POST '/session/34224116b137178ba77a2ab9463131af/element'
21:55:57.651 [AsyncHttpClient-1-8] DEBUG org.asynchttpclient.netty.handler.HttpHandler - 

Request DefaultHttpRequest(decodeResult: success, version: HTTP/1.1)
POST /session/34224116b137178ba77a2ab9463131af/element HTTP/1.1
User-Agent: selenium/4.8.1 (java windows)
Content-Length: 88
Content-Type: application/json; charset=utf-8
host: localhost:36790
accept: */*

Response DefaultHttpResponse(decodeResult: success, version: HTTP/1.1)
HTTP/1.1 200 OK
Content-Length: 95
Content-Type: application/json; charset=utf-8
cache-control: no-cache

21:55:57.652 [AsyncHttpClient-1-8] DEBUG org.asynchttpclient.netty.channel.ChannelManager - Adding key: http://localhost:36790 for channel [id: 0xf35da6c6, L:/127.0.0.1:53864 - R:localhost/127.0.0.1:36790]
21:55:57.653 [Forwarding clearElement on session 34224116b137178ba77a2ab9463131af to remote] DEBUG org.asynchttpclient.netty.request.NettyRequestSender - Using pooled Channel '[id: 0xf35da6c6, L:/127.0.0.1:53864 - R:localhost/127.0.0.1:36790]' for 'POST' to 'http://localhost:36790/session/34224116b137178ba77a2ab9463131af/element/E6A7BE43E36126BFA910BF9717C1E062_element_15/clear'
21:55:57.653 [Forwarding clearElement on session 34224116b137178ba77a2ab9463131af to remote] DEBUG org.asynchttpclient.netty.request.NettyRequestSender - Using open Channel [id: 0xf35da6c6, L:/127.0.0.1:53864 - R:localhost/127.0.0.1:36790] for POST '/session/34224116b137178ba77a2ab9463131af/element/E6A7BE43E36126BFA910BF9717C1E062_element_15/clear'
21:55:57.702 [AsyncHttpClient-1-8] DEBUG org.asynchttpclient.netty.handler.HttpHandler - 

Request DefaultHttpRequest(decodeResult: success, version: HTTP/1.1)
POST /session/34224116b137178ba77a2ab9463131af/element/E6A7BE43E36126BFA910BF9717C1E062_element_15/clear HTTP/1.1
User-Agent: selenium/4.8.1 (java windows)
Content-Length: 57
Content-Type: application/json; charset=utf-8
host: localhost:36790
accept: */*

Response DefaultHttpResponse(decodeResult: success, version: HTTP/1.1)
HTTP/1.1 200 OK
Content-Length: 14
Content-Type: application/json; charset=utf-8
cache-control: no-cache

21:55:57.702 [AsyncHttpClient-1-8] DEBUG org.asynchttpclient.netty.channel.ChannelManager - Adding key: http://localhost:36790 for channel [id: 0xf35da6c6, L:/127.0.0.1:53864 - R:localhost/127.0.0.1:36790]
21:55:57.704 [Forwarding sendKeysToElement on session 34224116b137178ba77a2ab9463131af to remote] DEBUG org.asynchttpclient.netty.request.NettyRequestSender - Using pooled Channel '[id: 0xf35da6c6, L:/127.0.0.1:53864 - R:localhost/127.0.0.1:36790]' for 'POST' to 'http://localhost:36790/session/34224116b137178ba77a2ab9463131af/element/E6A7BE43E36126BFA910BF9717C1E062_element_15/value'
21:55:57.705 [Forwarding sendKeysToElement on session 34224116b137178ba77a2ab9463131af to remote] DEBUG org.asynchttpclient.netty.request.NettyRequestSender - Using open Channel [id: 0xf35da6c6, L:/127.0.0.1:53864 - R:localhost/127.0.0.1:36790] for POST '/session/34224116b137178ba77a2ab9463131af/element/E6A7BE43E36126BFA910BF9717C1E062_element_15/value'
21:55:57.850 [AsyncHttpClient-1-8] DEBUG org.asynchttpclient.netty.handler.HttpHandler - 

Request DefaultHttpRequest(decodeResult: success, version: HTTP/1.1)
POST /session/34224116b137178ba77a2ab9463131af/element/E6A7BE43E36126BFA910BF9717C1E062_element_15/value HTTP/1.1
User-Agent: selenium/4.8.1 (java windows)
Content-Length: 188
Content-Type: application/json; charset=utf-8
host: localhost:36790
accept: */*

Response DefaultHttpResponse(decodeResult: success, version: HTTP/1.1)
HTTP/1.1 200 OK
Content-Length: 14
Content-Type: application/json; charset=utf-8
cache-control: no-cache

21:55:57.850 [AsyncHttpClient-1-8] DEBUG org.asynchttpclient.netty.channel.ChannelManager - Adding key: http://localhost:36790 for channel [id: 0xf35da6c6, L:/127.0.0.1:53864 - R:localhost/127.0.0.1:36790]
21:55:57.858 [Forwarding getAlertText on session 34224116b137178ba77a2ab9463131af to remote] DEBUG org.asynchttpclient.netty.request.NettyRequestSender - Using pooled Channel '[id: 0xf35da6c6, L:/127.0.0.1:53864 - R:localhost/127.0.0.1:36790]' for 'GET' to 'http://localhost:36790/session/34224116b137178ba77a2ab9463131af/alert/text'
21:55:57.859 [Forwarding getAlertText on session 34224116b137178ba77a2ab9463131af to remote] DEBUG org.asynchttpclient.netty.request.NettyRequestSender - Using open Channel [id: 0xf35da6c6, L:/127.0.0.1:53864 - R:localhost/127.0.0.1:36790] for GET '/session/34224116b137178ba77a2ab9463131af/alert/text'
21:55:57.862 [AsyncHttpClient-1-8] DEBUG org.asynchttpclient.netty.handler.HttpHandler - 

Request DefaultFullHttpRequest(decodeResult: success, version: HTTP/1.1, content: EmptyByteBufBE)
GET /session/34224116b137178ba77a2ab9463131af/alert/text HTTP/1.1
User-Agent: selenium/4.8.1 (java windows)
Cache-Control: no-cache
Content-Type: application/json; charset=utf-8
host: localhost:36790
accept: */*

Response DefaultHttpResponse(decodeResult: success, version: HTTP/1.1)
HTTP/1.1 404 Not Found
Content-Length: 821
Content-Type: application/json; charset=utf-8
cache-control: no-cache

21:55:57.862 [AsyncHttpClient-1-8] DEBUG org.asynchttpclient.netty.channel.ChannelManager - Adding key: http://localhost:36790 for channel [id: 0xf35da6c6, L:/127.0.0.1:53864 - R:localhost/127.0.0.1:36790]
21:55:57.863 [Forwarding getCurrentUrl on session 34224116b137178ba77a2ab9463131af to remote] DEBUG org.asynchttpclient.netty.request.NettyRequestSender - Using pooled Channel '[id: 0xf35da6c6, L:/127.0.0.1:53864 - R:localhost/127.0.0.1:36790]' for 'GET' to 'http://localhost:36790/session/34224116b137178ba77a2ab9463131af/url'
21:55:57.863 [Forwarding getCurrentUrl on session 34224116b137178ba77a2ab9463131af to remote] DEBUG org.asynchttpclient.netty.request.NettyRequestSender - Using open Channel [id: 0xf35da6c6, L:/127.0.0.1:53864 - R:localhost/127.0.0.1:36790] for GET '/session/34224116b137178ba77a2ab9463131af/url'
21:55:57.866 [AsyncHttpClient-1-8] DEBUG org.asynchttpclient.netty.handler.HttpHandler - 

Request DefaultFullHttpRequest(decodeResult: success, version: HTTP/1.1, content: EmptyByteBufBE)
GET /session/34224116b137178ba77a2ab9463131af/url HTTP/1.1
User-Agent: selenium/4.8.1 (java windows)
Cache-Control: no-cache
Content-Type: application/json; charset=utf-8
host: localhost:36790
accept: */*

Response DefaultHttpResponse(decodeResult: success, version: HTTP/1.1)
HTTP/1.1 200 OK
Content-Length: 47
Content-Type: application/json; charset=utf-8
cache-control: no-cache

21:55:57.866 [AsyncHttpClient-1-8] DEBUG org.asynchttpclient.netty.channel.ChannelManager - Adding key: http://localhost:36790 for channel [id: 0xf35da6c6, L:/127.0.0.1:53864 - R:localhost/127.0.0.1:36790]
21:55:57.867 [Forwarding screenshot on session 34224116b137178ba77a2ab9463131af to remote] DEBUG org.asynchttpclient.netty.request.NettyRequestSender - Using pooled Channel '[id: 0xf35da6c6, L:/127.0.0.1:53864 - R:localhost/127.0.0.1:36790]' for 'GET' to 'http://localhost:36790/session/34224116b137178ba77a2ab9463131af/screenshot'
21:55:57.867 [Forwarding screenshot on session 34224116b137178ba77a2ab9463131af to remote] DEBUG org.asynchttpclient.netty.request.NettyRequestSender - Using open Channel [id: 0xf35da6c6, L:/127.0.0.1:53864 - R:localhost/127.0.0.1:36790] for GET '/session/34224116b137178ba77a2ab9463131af/screenshot'
21:55:57.926 [AsyncHttpClient-1-1] DEBUG org.asynchttpclient.netty.channel.DefaultChannelPool - Entry count for : http://localhost:53865 : 1
21:55:57.970 [AsyncHttpClient-1-8] DEBUG org.asynchttpclient.netty.handler.HttpHandler - 

Request DefaultFullHttpRequest(decodeResult: success, version: HTTP/1.1, content: EmptyByteBufBE)
GET /session/34224116b137178ba77a2ab9463131af/screenshot HTTP/1.1
User-Agent: selenium/4.8.1 (java windows)
Cache-Control: no-cache
Content-Type: application/json; charset=utf-8
host: localhost:36790
accept: */*

Response DefaultHttpResponse(decodeResult: success, version: HTTP/1.1)
HTTP/1.1 200 OK
Content-Length: 43428
Content-Type: application/json; charset=utf-8
cache-control: no-cache

21:55:57.970 [AsyncHttpClient-1-8] DEBUG org.asynchttpclient.netty.channel.ChannelManager - Adding key: http://localhost:36790 for channel [id: 0xf35da6c6, L:/127.0.0.1:53864 - R:localhost/127.0.0.1:36790]
21:55:57.972 [main] DEBUG net.serenitybdd.core.photography.Darkroom - Send negative for processing for target\site\serenity\0c20804bac7762c45b8668047ae32db3218ffea609b271e1347a8fec6c3a865a.png
21:55:57.973 [main] DEBUG net.thucydides.core.steps.StepInterceptor - STEP DONE: inputUsername
21:55:57.973 [Darkroom Processing Line] DEBUG net.serenitybdd.core.photography.DarkroomProcessingLine - Processing screenshot image in /var/screenshots/screenshot-5826118017329800945
21:55:57.973 [Darkroom Processing Line] DEBUG net.serenitybdd.core.photography.DarkroomProcessingLine - Saving screenshot to target\site\serenity\0c20804bac7762c45b8668047ae32db3218ffea609b271e1347a8fec6c3a865a.png
  &amp#27;[32mWhen &amp#27;[0m&amp#27;[32mI enter Username &amp#27;[0m&amp#27;[32m&amp#27;[1m"kelompok20"&amp#27;[0m                                              &amp#27;[90m# starter.stepdefinitions.LoginSteps.enterUsernamelOnSigIn(java.lang.String)&amp#27;[0m
21:55:57.979 [Forwarding getPageSource on session 34224116b137178ba77a2ab9463131af to remote] DEBUG org.asynchttpclient.netty.request.NettyRequestSender - Using pooled Channel '[id: 0xf35da6c6, L:/127.0.0.1:53864 - R:localhost/127.0.0.1:36790]' for 'POST' to 'http://localhost:36790/session/34224116b137178ba77a2ab9463131af/execute/sync'
21:55:57.979 [Forwarding getPageSource on session 34224116b137178ba77a2ab9463131af to remote] DEBUG org.asynchttpclient.netty.request.NettyRequestSender - Using open Channel [id: 0xf35da6c6, L:/127.0.0.1:53864 - R:localhost/127.0.0.1:36790] for POST '/session/34224116b137178ba77a2ab9463131af/execute/sync'
21:55:57.999 [AsyncHttpClient-1-8] DEBUG org.asynchttpclient.netty.handler.HttpHandler - 

Request DefaultHttpRequest(decodeResult: success, version: HTTP/1.1)
POST /session/34224116b137178ba77a2ab9463131af/execute/sync HTTP/1.1
User-Agent: selenium/4.8.1 (java windows)
Content-Length: 176
Content-Type: application/json; charset=utf-8
host: localhost:36790
accept: */*

Response DefaultHttpResponse(decodeResult: success, version: HTTP/1.1)
HTTP/1.1 200 OK
Content-Length: 166745
Content-Type: application/json; charset=utf-8
cache-control: no-cache

21:55:58.000 [AsyncHttpClient-1-8] DEBUG org.asynchttpclient.netty.channel.ChannelManager - Adding key: http://localhost:36790 for channel [id: 0xf35da6c6, L:/127.0.0.1:53864 - R:localhost/127.0.0.1:36790]
21:55:58.012 [Forwarding getCurrentUrl on session 34224116b137178ba77a2ab9463131af to remote] DEBUG org.asynchttpclient.netty.request.NettyRequestSender - Using pooled Channel '[id: 0xf35da6c6, L:/127.0.0.1:53864 - R:localhost/127.0.0.1:36790]' for 'GET' to 'http://localhost:36790/session/34224116b137178ba77a2ab9463131af/url'
21:55:58.012 [Forwarding getCurrentUrl on session 34224116b137178ba77a2ab9463131af to remote] DEBUG org.asynchttpclient.netty.request.NettyRequestSender - Using open Channel [id: 0xf35da6c6, L:/127.0.0.1:53864 - R:localhost/127.0.0.1:36790] for GET '/session/34224116b137178ba77a2ab9463131af/url'
21:55:58.016 [AsyncHttpClient-1-8] DEBUG org.asynchttpclient.netty.handler.HttpHandler - 

Request DefaultFullHttpRequest(decodeResult: success, version: HTTP/1.1, content: EmptyByteBufBE)
GET /session/34224116b137178ba77a2ab9463131af/url HTTP/1.1
User-Agent: selenium/4.8.1 (java windows)
Cache-Control: no-cache
Content-Type: application/json; charset=utf-8
host: localhost:36790
accept: */*

Response DefaultHttpResponse(decodeResult: success, version: HTTP/1.1)
HTTP/1.1 200 OK
Content-Length: 47
Content-Type: application/json; charset=utf-8
cache-control: no-cache

21:55:58.016 [AsyncHttpClient-1-8] DEBUG org.asynchttpclient.netty.channel.ChannelManager - Adding key: http://localhost:36790 for channel [id: 0xf35da6c6, L:/127.0.0.1:53864 - R:localhost/127.0.0.1:36790]
21:55:58.023 [Forwarding getAlertText on session 34224116b137178ba77a2ab9463131af to remote] DEBUG org.asynchttpclient.netty.request.NettyRequestSender - Using pooled Channel '[id: 0xf35da6c6, L:/127.0.0.1:53864 - R:localhost/127.0.0.1:36790]' for 'GET' to 'http://localhost:36790/session/34224116b137178ba77a2ab9463131af/alert/text'
21:55:58.023 [Forwarding getAlertText on session 34224116b137178ba77a2ab9463131af to remote] DEBUG org.asynchttpclient.netty.request.NettyRequestSender - Using open Channel [id: 0xf35da6c6, L:/127.0.0.1:53864 - R:localhost/127.0.0.1:36790] for GET '/session/34224116b137178ba77a2ab9463131af/alert/text'
21:55:58.025 [AsyncHttpClient-1-8] DEBUG org.asynchttpclient.netty.handler.HttpHandler - 

Request DefaultFullHttpRequest(decodeResult: success, version: HTTP/1.1, content: EmptyByteBufBE)
GET /session/34224116b137178ba77a2ab9463131af/alert/text HTTP/1.1
User-Agent: selenium/4.8.1 (java windows)
Cache-Control: no-cache
Content-Type: application/json; charset=utf-8
host: localhost:36790
accept: */*

Response DefaultHttpResponse(decodeResult: success, version: HTTP/1.1)
HTTP/1.1 404 Not Found
Content-Length: 821
Content-Type: application/json; charset=utf-8
cache-control: no-cache

21:55:58.025 [AsyncHttpClient-1-8] DEBUG org.asynchttpclient.netty.channel.ChannelManager - Adding key: http://localhost:36790 for channel [id: 0xf35da6c6, L:/127.0.0.1:53864 - R:localhost/127.0.0.1:36790]
21:55:58.026 [Forwarding getCurrentUrl on session 34224116b137178ba77a2ab9463131af to remote] DEBUG org.asynchttpclient.netty.request.NettyRequestSender - Using pooled Channel '[id: 0xf35da6c6, L:/127.0.0.1:53864 - R:localhost/127.0.0.1:36790]' for 'GET' to 'http://localhost:36790/session/34224116b137178ba77a2ab9463131af/url'
21:55:58.026 [Forwarding getCurrentUrl on session 34224116b137178ba77a2ab9463131af to remote] DEBUG org.asynchttpclient.netty.request.NettyRequestSender - Using open Channel [id: 0xf35da6c6, L:/127.0.0.1:53864 - R:localhost/127.0.0.1:36790] for GET '/session/34224116b137178ba77a2ab9463131af/url'
21:55:58.031 [AsyncHttpClient-1-8] DEBUG org.asynchttpclient.netty.handler.HttpHandler - 

Request DefaultFullHttpRequest(decodeResult: success, version: HTTP/1.1, content: EmptyByteBufBE)
GET /session/34224116b137178ba77a2ab9463131af/url HTTP/1.1
User-Agent: selenium/4.8.1 (java windows)
Cache-Control: no-cache
Content-Type: application/json; charset=utf-8
host: localhost:36790
accept: */*

Response DefaultHttpResponse(decodeResult: success, version: HTTP/1.1)
HTTP/1.1 200 OK
Content-Length: 47
Content-Type: application/json; charset=utf-8
cache-control: no-cache

21:55:58.031 [AsyncHttpClient-1-8] DEBUG org.asynchttpclient.netty.channel.ChannelManager - Adding key: http://localhost:36790 for channel [id: 0xf35da6c6, L:/127.0.0.1:53864 - R:localhost/127.0.0.1:36790]
21:55:58.032 [Forwarding screenshot on session 34224116b137178ba77a2ab9463131af to remote] DEBUG org.asynchttpclient.netty.request.NettyRequestSender - Using pooled Channel '[id: 0xf35da6c6, L:/127.0.0.1:53864 - R:localhost/127.0.0.1:36790]' for 'GET' to 'http://localhost:36790/session/34224116b137178ba77a2ab9463131af/screenshot'
21:55:58.032 [Forwarding screenshot on session 34224116b137178ba77a2ab9463131af to remote] DEBUG org.asynchttpclient.netty.request.NettyRequestSender - Using open Channel [id: 0xf35da6c6, L:/127.0.0.1:53864 - R:localhost/127.0.0.1:36790] for GET '/session/34224116b137178ba77a2ab9463131af/screenshot'
21:55:58.156 [AsyncHttpClient-1-8] DEBUG org.asynchttpclient.netty.handler.HttpHandler - 

Request DefaultFullHttpRequest(decodeResult: success, version: HTTP/1.1, content: EmptyByteBufBE)
GET /session/34224116b137178ba77a2ab9463131af/screenshot HTTP/1.1
User-Agent: selenium/4.8.1 (java windows)
Cache-Control: no-cache
Content-Type: application/json; charset=utf-8
host: localhost:36790
accept: */*

Response DefaultHttpResponse(decodeResult: success, version: HTTP/1.1)
HTTP/1.1 200 OK
Content-Length: 43336
Content-Type: application/json; charset=utf-8
cache-control: no-cache

21:55:58.157 [AsyncHttpClient-1-8] DEBUG org.asynchttpclient.netty.channel.ChannelManager - Adding key: http://localhost:36790 for channel [id: 0xf35da6c6, L:/127.0.0.1:53864 - R:localhost/127.0.0.1:36790]
21:55:58.159 [main] DEBUG net.serenitybdd.core.photography.Darkroom - Send negative for processing for target\site\serenity\4fcb34eaba9eb05c3d83f531cbfabbb04ad117dc1cc6dedf94320aab5735333e.png
21:55:58.160 [Darkroom Processing Line] DEBUG net.serenitybdd.core.photography.DarkroomProcessingLine - Processing screenshot image in /var/screenshots/screenshot-11931700195172656213
21:55:58.160 [Darkroom Processing Line] DEBUG net.serenitybdd.core.photography.DarkroomProcessingLine - Saving screenshot to target\site\serenity\4fcb34eaba9eb05c3d83f531cbfabbb04ad117dc1cc6dedf94320aab5735333e.png
21:55:58.161 [Forwarding getPageSource on session 34224116b137178ba77a2ab9463131af to remote] DEBUG org.asynchttpclient.netty.request.NettyRequestSender - Using pooled Channel '[id: 0xf35da6c6, L:/127.0.0.1:53864 - R:localhost/127.0.0.1:36790]' for 'POST' to 'http://localhost:36790/session/34224116b137178ba77a2ab9463131af/execute/sync'
21:55:58.161 [Forwarding getPageSource on session 34224116b137178ba77a2ab9463131af to remote] DEBUG org.asynchttpclient.netty.request.NettyRequestSender - Using open Channel [id: 0xf35da6c6, L:/127.0.0.1:53864 - R:localhost/127.0.0.1:36790] for POST '/session/34224116b137178ba77a2ab9463131af/execute/sync'
21:55:58.182 [AsyncHttpClient-1-8] DEBUG org.asynchttpclient.netty.handler.HttpHandler - 

Request DefaultHttpRequest(decodeResult: success, version: HTTP/1.1)
POST /session/34224116b137178ba77a2ab9463131af/execute/sync HTTP/1.1
User-Agent: selenium/4.8.1 (java windows)
Content-Length: 176
Content-Type: application/json; charset=utf-8
host: localhost:36790
accept: */*

Response DefaultHttpResponse(decodeResult: success, version: HTTP/1.1)
HTTP/1.1 200 OK
Content-Length: 166745
Content-Type: application/json; charset=utf-8
cache-control: no-cache

21:55:58.183 [AsyncHttpClient-1-8] DEBUG org.asynchttpclient.netty.channel.ChannelManager - Adding key: http://localhost:36790 for channel [id: 0xf35da6c6, L:/127.0.0.1:53864 - R:localhost/127.0.0.1:36790]
21:55:58.193 [Forwarding getCurrentUrl on session 34224116b137178ba77a2ab9463131af to remote] DEBUG org.asynchttpclient.netty.request.NettyRequestSender - Using pooled Channel '[id: 0xf35da6c6, L:/127.0.0.1:53864 - R:localhost/127.0.0.1:36790]' for 'GET' to 'http://localhost:36790/session/34224116b137178ba77a2ab9463131af/url'
21:55:58.194 [Forwarding getCurrentUrl on session 34224116b137178ba77a2ab9463131af to remote] DEBUG org.asynchttpclient.netty.request.NettyRequestSender - Using open Channel [id: 0xf35da6c6, L:/127.0.0.1:53864 - R:localhost/127.0.0.1:36790] for GET '/session/34224116b137178ba77a2ab9463131af/url'
21:55:58.202 [AsyncHttpClient-1-8] DEBUG org.asynchttpclient.netty.handler.HttpHandler - 

Request DefaultFullHttpRequest(decodeResult: success, version: HTTP/1.1, content: EmptyByteBufBE)
GET /session/34224116b137178ba77a2ab9463131af/url HTTP/1.1
User-Agent: selenium/4.8.1 (java windows)
Cache-Control: no-cache
Content-Type: application/json; charset=utf-8
host: localhost:36790
accept: */*

Response DefaultHttpResponse(decodeResult: success, version: HTTP/1.1)
HTTP/1.1 200 OK
Content-Length: 47
Content-Type: application/json; charset=utf-8
cache-control: no-cache

21:55:58.203 [AsyncHttpClient-1-8] DEBUG org.asynchttpclient.netty.channel.ChannelManager - Adding key: http://localhost:36790 for channel [id: 0xf35da6c6, L:/127.0.0.1:53864 - R:localhost/127.0.0.1:36790]
21:55:58.207 [main] DEBUG net.thucydides.core.steps.StepInterceptor - STARTING STEP: LoginSteps.enterPasswordOnLogin - inputPassword
21:55:58.209 [Forwarding findElement on session 34224116b137178ba77a2ab9463131af to remote] DEBUG org.asynchttpclient.netty.request.NettyRequestSender - Using pooled Channel '[id: 0xf35da6c6, L:/127.0.0.1:53864 - R:localhost/127.0.0.1:36790]' for 'POST' to 'http://localhost:36790/session/34224116b137178ba77a2ab9463131af/element'
21:55:58.209 [Forwarding findElement on session 34224116b137178ba77a2ab9463131af to remote] DEBUG org.asynchttpclient.netty.request.NettyRequestSender - Using open Channel [id: 0xf35da6c6, L:/127.0.0.1:53864 - R:localhost/127.0.0.1:36790] for POST '/session/34224116b137178ba77a2ab9463131af/element'
21:55:58.222 [AsyncHttpClient-1-8] DEBUG org.asynchttpclient.netty.handler.HttpHandler - 

Request DefaultHttpRequest(decodeResult: success, version: HTTP/1.1)
POST /session/34224116b137178ba77a2ab9463131af/element HTTP/1.1
User-Agent: selenium/4.8.1 (java windows)
Content-Length: 79
Content-Type: application/json; charset=utf-8
host: localhost:36790
accept: */*

Response DefaultHttpResponse(decodeResult: success, version: HTTP/1.1)
HTTP/1.1 200 OK
Content-Length: 95
Content-Type: application/json; charset=utf-8
cache-control: no-cache

21:55:58.222 [AsyncHttpClient-1-8] DEBUG org.asynchttpclient.netty.channel.ChannelManager - Adding key: http://localhost:36790 for channel [id: 0xf35da6c6, L:/127.0.0.1:53864 - R:localhost/127.0.0.1:36790]
21:55:58.223 [Forwarding clearElement on session 34224116b137178ba77a2ab9463131af to remote] DEBUG org.asynchttpclient.netty.request.NettyRequestSender - Using pooled Channel '[id: 0xf35da6c6, L:/127.0.0.1:53864 - R:localhost/127.0.0.1:36790]' for 'POST' to 'http://localhost:36790/session/34224116b137178ba77a2ab9463131af/element/E6A7BE43E36126BFA910BF9717C1E062_element_14/clear'
21:55:58.223 [Forwarding clearElement on session 34224116b137178ba77a2ab9463131af to remote] DEBUG org.asynchttpclient.netty.request.NettyRequestSender - Using open Channel [id: 0xf35da6c6, L:/127.0.0.1:53864 - R:localhost/127.0.0.1:36790] for POST '/session/34224116b137178ba77a2ab9463131af/element/E6A7BE43E36126BFA910BF9717C1E062_element_14/clear'
21:55:58.248 [AsyncHttpClient-1-8] DEBUG org.asynchttpclient.netty.handler.HttpHandler - 

Request DefaultHttpRequest(decodeResult: success, version: HTTP/1.1)
POST /session/34224116b137178ba77a2ab9463131af/element/E6A7BE43E36126BFA910BF9717C1E062_element_14/clear HTTP/1.1
User-Agent: selenium/4.8.1 (java windows)
Content-Length: 57
Content-Type: application/json; charset=utf-8
host: localhost:36790
accept: */*

Response DefaultHttpResponse(decodeResult: success, version: HTTP/1.1)
HTTP/1.1 200 OK
Content-Length: 14
Content-Type: application/json; charset=utf-8
cache-control: no-cache

21:55:58.248 [AsyncHttpClient-1-8] DEBUG org.asynchttpclient.netty.channel.ChannelManager - Adding key: http://localhost:36790 for channel [id: 0xf35da6c6, L:/127.0.0.1:53864 - R:localhost/127.0.0.1:36790]
21:55:58.249 [Forwarding sendKeysToElement on session 34224116b137178ba77a2ab9463131af to remote] DEBUG org.asynchttpclient.netty.request.NettyRequestSender - Using pooled Channel '[id: 0xf35da6c6, L:/127.0.0.1:53864 - R:localhost/127.0.0.1:36790]' for 'POST' to 'http://localhost:36790/session/34224116b137178ba77a2ab9463131af/element/E6A7BE43E36126BFA910BF9717C1E062_element_14/value'
21:55:58.250 [Forwarding sendKeysToElement on session 34224116b137178ba77a2ab9463131af to remote] DEBUG org.asynchttpclient.netty.request.NettyRequestSender - Using open Channel [id: 0xf35da6c6, L:/127.0.0.1:53864 - R:localhost/127.0.0.1:36790] for POST '/session/34224116b137178ba77a2ab9463131af/element/E6A7BE43E36126BFA910BF9717C1E062_element_14/value'
21:55:58.351 [AsyncHttpClient-1-8] DEBUG org.asynchttpclient.netty.handler.HttpHandler - 

Request DefaultHttpRequest(decodeResult: success, version: HTTP/1.1)
POST /session/34224116b137178ba77a2ab9463131af/element/E6A7BE43E36126BFA910BF9717C1E062_element_14/value HTTP/1.1
User-Agent: selenium/4.8.1 (java windows)
Content-Length: 188
Content-Type: application/json; charset=utf-8
host: localhost:36790
accept: */*

Response DefaultHttpResponse(decodeResult: success, version: HTTP/1.1)
HTTP/1.1 200 OK
Content-Length: 14
Content-Type: application/json; charset=utf-8
cache-control: no-cache

21:55:58.351 [AsyncHttpClient-1-8] DEBUG org.asynchttpclient.netty.channel.ChannelManager - Adding key: http://localhost:36790 for channel [id: 0xf35da6c6, L:/127.0.0.1:53864 - R:localhost/127.0.0.1:36790]
21:55:58.357 [Forwarding getAlertText on session 34224116b137178ba77a2ab9463131af to remote] DEBUG org.asynchttpclient.netty.request.NettyRequestSender - Using pooled Channel '[id: 0xf35da6c6, L:/127.0.0.1:53864 - R:localhost/127.0.0.1:36790]' for 'GET' to 'http://localhost:36790/session/34224116b137178ba77a2ab9463131af/alert/text'
21:55:58.357 [Forwarding getAlertText on session 34224116b137178ba77a2ab9463131af to remote] DEBUG org.asynchttpclient.netty.request.NettyRequestSender - Using open Channel [id: 0xf35da6c6, L:/127.0.0.1:53864 - R:localhost/127.0.0.1:36790] for GET '/session/34224116b137178ba77a2ab9463131af/alert/text'
21:55:58.362 [AsyncHttpClient-1-8] DEBUG org.asynchttpclient.netty.handler.HttpHandler - 

Request DefaultFullHttpRequest(decodeResult: success, version: HTTP/1.1, content: EmptyByteBufBE)
GET /session/34224116b137178ba77a2ab9463131af/alert/text HTTP/1.1
User-Agent: selenium/4.8.1 (java windows)
Cache-Control: no-cache
Content-Type: application/json; charset=utf-8
host: localhost:36790
accept: */*

Response DefaultHttpResponse(decodeResult: success, version: HTTP/1.1)
HTTP/1.1 404 Not Found
Content-Length: 821
Content-Type: application/json; charset=utf-8
cache-control: no-cache

21:55:58.362 [AsyncHttpClient-1-8] DEBUG org.asynchttpclient.netty.channel.ChannelManager - Adding key: http://localhost:36790 for channel [id: 0xf35da6c6, L:/127.0.0.1:53864 - R:localhost/127.0.0.1:36790]
21:55:58.363 [Forwarding getCurrentUrl on session 34224116b137178ba77a2ab9463131af to remote] DEBUG org.asynchttpclient.netty.request.NettyRequestSender - Using pooled Channel '[id: 0xf35da6c6, L:/127.0.0.1:53864 - R:localhost/127.0.0.1:36790]' for 'GET' to 'http://localhost:36790/session/34224116b137178ba77a2ab9463131af/url'
21:55:58.363 [Forwarding getCurrentUrl on session 34224116b137178ba77a2ab9463131af to remote] DEBUG org.asynchttpclient.netty.request.NettyRequestSender - Using open Channel [id: 0xf35da6c6, L:/127.0.0.1:53864 - R:localhost/127.0.0.1:36790] for GET '/session/34224116b137178ba77a2ab9463131af/url'
21:55:58.368 [AsyncHttpClient-1-8] DEBUG org.asynchttpclient.netty.handler.HttpHandler - 

Request DefaultFullHttpRequest(decodeResult: success, version: HTTP/1.1, content: EmptyByteBufBE)
GET /session/34224116b137178ba77a2ab9463131af/url HTTP/1.1
User-Agent: selenium/4.8.1 (java windows)
Cache-Control: no-cache
Content-Type: application/json; charset=utf-8
host: localhost:36790
accept: */*

Response DefaultHttpResponse(decodeResult: success, version: HTTP/1.1)
HTTP/1.1 200 OK
Content-Length: 47
Content-Type: application/json; charset=utf-8
cache-control: no-cache

21:55:58.368 [AsyncHttpClient-1-8] DEBUG org.asynchttpclient.netty.channel.ChannelManager - Adding key: http://localhost:36790 for channel [id: 0xf35da6c6, L:/127.0.0.1:53864 - R:localhost/127.0.0.1:36790]
21:55:58.369 [Forwarding screenshot on session 34224116b137178ba77a2ab9463131af to remote] DEBUG org.asynchttpclient.netty.request.NettyRequestSender - Using pooled Channel '[id: 0xf35da6c6, L:/127.0.0.1:53864 - R:localhost/127.0.0.1:36790]' for 'GET' to 'http://localhost:36790/session/34224116b137178ba77a2ab9463131af/screenshot'
21:55:58.369 [Forwarding screenshot on session 34224116b137178ba77a2ab9463131af to remote] DEBUG org.asynchttpclient.netty.request.NettyRequestSender - Using open Channel [id: 0xf35da6c6, L:/127.0.0.1:53864 - R:localhost/127.0.0.1:36790] for GET '/session/34224116b137178ba77a2ab9463131af/screenshot'
21:55:58.527 [AsyncHttpClient-1-8] DEBUG org.asynchttpclient.netty.handler.HttpHandler - 

Request DefaultFullHttpRequest(decodeResult: success, version: HTTP/1.1, content: EmptyByteBufBE)
GET /session/34224116b137178ba77a2ab9463131af/screenshot HTTP/1.1
User-Agent: selenium/4.8.1 (java windows)
Cache-Control: no-cache
Content-Type: application/json; charset=utf-8
host: localhost:36790
accept: */*

Response DefaultHttpResponse(decodeResult: success, version: HTTP/1.1)
HTTP/1.1 200 OK
Content-Length: 41776
Content-Type: application/json; charset=utf-8
cache-control: no-cache

21:55:58.527 [AsyncHttpClient-1-8] DEBUG org.asynchttpclient.netty.channel.ChannelManager - Adding key: http://localhost:36790 for channel [id: 0xf35da6c6, L:/127.0.0.1:53864 - R:localhost/127.0.0.1:36790]
21:55:58.528 [main] DEBUG net.serenitybdd.core.photography.Darkroom - Send negative for processing for target\site\serenity\580d56112ff838ef07c96b7675e1fab8517e416952d93a43554bd0e40ca75091.png
21:55:58.529 [main] DEBUG net.thucydides.core.steps.StepInterceptor - STEP DONE: inputPassword
  &amp#27;[32mAnd &amp#27;[0m&amp#27;[32mI enter Password &amp#27;[0m&amp#27;[32m&amp#27;[1m"mypassword"&amp#27;[0m                                               &amp#27;[90m# starter.stepdefinitions.LoginSteps.enterPasswordOnLogin(java.lang.String)&amp#27;[0m
21:55:58.529 [Darkroom Processing Line] DEBUG net.serenitybdd.core.photography.DarkroomProcessingLine - Processing screenshot image in /var/screenshots/screenshot-8170556218577344152
21:55:58.529 [Darkroom Processing Line] DEBUG net.serenitybdd.core.photography.DarkroomProcessingLine - Saving screenshot to target\site\serenity\580d56112ff838ef07c96b7675e1fab8517e416952d93a43554bd0e40ca75091.png
21:55:58.536 [Forwarding getPageSource on session 34224116b137178ba77a2ab9463131af to remote] DEBUG org.asynchttpclient.netty.request.NettyRequestSender - Using pooled Channel '[id: 0xf35da6c6, L:/127.0.0.1:53864 - R:localhost/127.0.0.1:36790]' for 'POST' to 'http://localhost:36790/session/34224116b137178ba77a2ab9463131af/execute/sync'
21:55:58.536 [Forwarding getPageSource on session 34224116b137178ba77a2ab9463131af to remote] DEBUG org.asynchttpclient.netty.request.NettyRequestSender - Using open Channel [id: 0xf35da6c6, L:/127.0.0.1:53864 - R:localhost/127.0.0.1:36790] for POST '/session/34224116b137178ba77a2ab9463131af/execute/sync'
21:55:58.553 [AsyncHttpClient-1-8] DEBUG org.asynchttpclient.netty.handler.HttpHandler - 

Request DefaultHttpRequest(decodeResult: success, version: HTTP/1.1)
POST /session/34224116b137178ba77a2ab9463131af/execute/sync HTTP/1.1
User-Agent: selenium/4.8.1 (java windows)
Content-Length: 176
Content-Type: application/json; charset=utf-8
host: localhost:36790
accept: */*

Response DefaultHttpResponse(decodeResult: success, version: HTTP/1.1)
HTTP/1.1 200 OK
Content-Length: 166810
Content-Type: application/json; charset=utf-8
cache-control: no-cache

21:55:58.554 [AsyncHttpClient-1-8] DEBUG org.asynchttpclient.netty.channel.ChannelManager - Adding key: http://localhost:36790 for channel [id: 0xf35da6c6, L:/127.0.0.1:53864 - R:localhost/127.0.0.1:36790]
21:55:58.562 [Forwarding getCurrentUrl on session 34224116b137178ba77a2ab9463131af to remote] DEBUG org.asynchttpclient.netty.request.NettyRequestSender - Using pooled Channel '[id: 0xf35da6c6, L:/127.0.0.1:53864 - R:localhost/127.0.0.1:36790]' for 'GET' to 'http://localhost:36790/session/34224116b137178ba77a2ab9463131af/url'
21:55:58.562 [Forwarding getCurrentUrl on session 34224116b137178ba77a2ab9463131af to remote] DEBUG org.asynchttpclient.netty.request.NettyRequestSender - Using open Channel [id: 0xf35da6c6, L:/127.0.0.1:53864 - R:localhost/127.0.0.1:36790] for GET '/session/34224116b137178ba77a2ab9463131af/url'
21:55:58.566 [AsyncHttpClient-1-8] DEBUG org.asynchttpclient.netty.handler.HttpHandler - 

Request DefaultFullHttpRequest(decodeResult: success, version: HTTP/1.1, content: EmptyByteBufBE)
GET /session/34224116b137178ba77a2ab9463131af/url HTTP/1.1
User-Agent: selenium/4.8.1 (java windows)
Cache-Control: no-cache
Content-Type: application/json; charset=utf-8
host: localhost:36790
accept: */*

Response DefaultHttpResponse(decodeResult: success, version: HTTP/1.1)
HTTP/1.1 200 OK
Content-Length: 47
Content-Type: application/json; charset=utf-8
cache-control: no-cache

21:55:58.566 [AsyncHttpClient-1-8] DEBUG org.asynchttpclient.netty.channel.ChannelManager - Adding key: http://localhost:36790 for channel [id: 0xf35da6c6, L:/127.0.0.1:53864 - R:localhost/127.0.0.1:36790]
21:55:58.573 [Forwarding getPageSource on session 34224116b137178ba77a2ab9463131af to remote] DEBUG org.asynchttpclient.netty.request.NettyRequestSender - Using pooled Channel '[id: 0xf35da6c6, L:/127.0.0.1:53864 - R:localhost/127.0.0.1:36790]' for 'POST' to 'http://localhost:36790/session/34224116b137178ba77a2ab9463131af/execute/sync'
21:55:58.573 [Forwarding getPageSource on session 34224116b137178ba77a2ab9463131af to remote] DEBUG org.asynchttpclient.netty.request.NettyRequestSender - Using open Channel [id: 0xf35da6c6, L:/127.0.0.1:53864 - R:localhost/127.0.0.1:36790] for POST '/session/34224116b137178ba77a2ab9463131af/execute/sync'
21:55:58.589 [AsyncHttpClient-1-8] DEBUG org.asynchttpclient.netty.handler.HttpHandler - 

Request DefaultHttpRequest(decodeResult: success, version: HTTP/1.1)
POST /session/34224116b137178ba77a2ab9463131af/execute/sync HTTP/1.1
User-Agent: selenium/4.8.1 (java windows)
Content-Length: 176
Content-Type: application/json; charset=utf-8
host: localhost:36790
accept: */*

Response DefaultHttpResponse(decodeResult: success, version: HTTP/1.1)
HTTP/1.1 200 OK
Content-Length: 166810
Content-Type: application/json; charset=utf-8
cache-control: no-cache

21:55:58.590 [AsyncHttpClient-1-8] DEBUG org.asynchttpclient.netty.channel.ChannelManager - Adding key: http://localhost:36790 for channel [id: 0xf35da6c6, L:/127.0.0.1:53864 - R:localhost/127.0.0.1:36790]
21:55:58.599 [Forwarding getCurrentUrl on session 34224116b137178ba77a2ab9463131af to remote] DEBUG org.asynchttpclient.netty.request.NettyRequestSender - Using pooled Channel '[id: 0xf35da6c6, L:/127.0.0.1:53864 - R:localhost/127.0.0.1:36790]' for 'GET' to 'http://localhost:36790/session/34224116b137178ba77a2ab9463131af/url'
21:55:58.599 [Forwarding getCurrentUrl on session 34224116b137178ba77a2ab9463131af to remote] DEBUG org.asynchttpclient.netty.request.NettyRequestSender - Using open Channel [id: 0xf35da6c6, L:/127.0.0.1:53864 - R:localhost/127.0.0.1:36790] for GET '/session/34224116b137178ba77a2ab9463131af/url'
21:55:58.607 [AsyncHttpClient-1-8] DEBUG org.asynchttpclient.netty.handler.HttpHandler - 

Request DefaultFullHttpRequest(decodeResult: success, version: HTTP/1.1, content: EmptyByteBufBE)
GET /session/34224116b137178ba77a2ab9463131af/url HTTP/1.1
User-Agent: selenium/4.8.1 (java windows)
Cache-Control: no-cache
Content-Type: application/json; charset=utf-8
host: localhost:36790
accept: */*

Response DefaultHttpResponse(decodeResult: success, version: HTTP/1.1)
HTTP/1.1 200 OK
Content-Length: 47
Content-Type: application/json; charset=utf-8
cache-control: no-cache

21:55:58.607 [AsyncHttpClient-1-8] DEBUG org.asynchttpclient.netty.channel.ChannelManager - Adding key: http://localhost:36790 for channel [id: 0xf35da6c6, L:/127.0.0.1:53864 - R:localhost/127.0.0.1:36790]
21:55:58.612 [main] DEBUG net.thucydides.core.steps.StepInterceptor - STARTING STEP: LoginSteps.clickSigInButton - ClickSigInButton
21:55:58.616 [Forwarding findElement on session 34224116b137178ba77a2ab9463131af to remote] DEBUG org.asynchttpclient.netty.request.NettyRequestSender - Using pooled Channel '[id: 0xf35da6c6, L:/127.0.0.1:53864 - R:localhost/127.0.0.1:36790]' for 'POST' to 'http://localhost:36790/session/34224116b137178ba77a2ab9463131af/element'
21:55:58.619 [Forwarding findElement on session 34224116b137178ba77a2ab9463131af to remote] DEBUG org.asynchttpclient.netty.request.NettyRequestSender - Using open Channel [id: 0xf35da6c6, L:/127.0.0.1:53864 - R:localhost/127.0.0.1:36790] for POST '/session/34224116b137178ba77a2ab9463131af/element'
21:55:58.630 [AsyncHttpClient-1-8] DEBUG org.asynchttpclient.netty.handler.HttpHandler - 

Request DefaultHttpRequest(decodeResult: success, version: HTTP/1.1)
POST /session/34224116b137178ba77a2ab9463131af/element HTTP/1.1
User-Agent: selenium/4.8.1 (java windows)
Content-Length: 155
Content-Type: application/json; charset=utf-8
host: localhost:36790
accept: */*

Response DefaultHttpResponse(decodeResult: success, version: HTTP/1.1)
HTTP/1.1 200 OK
Content-Length: 95
Content-Type: application/json; charset=utf-8
cache-control: no-cache

21:55:58.630 [AsyncHttpClient-1-8] DEBUG org.asynchttpclient.netty.channel.ChannelManager - Adding key: http://localhost:36790 for channel [id: 0xf35da6c6, L:/127.0.0.1:53864 - R:localhost/127.0.0.1:36790]
21:55:58.632 [Forwarding getElementTagName on session 34224116b137178ba77a2ab9463131af to remote] DEBUG org.asynchttpclient.netty.request.NettyRequestSender - Using pooled Channel '[id: 0xf35da6c6, L:/127.0.0.1:53864 - R:localhost/127.0.0.1:36790]' for 'GET' to 'http://localhost:36790/session/34224116b137178ba77a2ab9463131af/element/E6A7BE43E36126BFA910BF9717C1E062_element_10/name'
21:55:58.632 [Forwarding getElementTagName on session 34224116b137178ba77a2ab9463131af to remote] DEBUG org.asynchttpclient.netty.request.NettyRequestSender - Using open Channel [id: 0xf35da6c6, L:/127.0.0.1:53864 - R:localhost/127.0.0.1:36790] for GET '/session/34224116b137178ba77a2ab9463131af/element/E6A7BE43E36126BFA910BF9717C1E062_element_10/name'
21:55:58.637 [AsyncHttpClient-1-8] DEBUG org.asynchttpclient.netty.handler.HttpHandler - 

Request DefaultFullHttpRequest(decodeResult: success, version: HTTP/1.1, content: EmptyByteBufBE)
GET /session/34224116b137178ba77a2ab9463131af/element/E6A7BE43E36126BFA910BF9717C1E062_element_10/name HTTP/1.1
User-Agent: selenium/4.8.1 (java windows)
Cache-Control: no-cache
Content-Type: application/json; charset=utf-8
host: localhost:36790
accept: */*

Response DefaultHttpResponse(decodeResult: success, version: HTTP/1.1)
HTTP/1.1 200 OK
Content-Length: 16
Content-Type: application/json; charset=utf-8
cache-control: no-cache

21:55:58.637 [AsyncHttpClient-1-8] DEBUG org.asynchttpclient.netty.channel.ChannelManager - Adding key: http://localhost:36790 for channel [id: 0xf35da6c6, L:/127.0.0.1:53864 - R:localhost/127.0.0.1:36790]
21:55:58.640 [Forwarding getElementTagName on session 34224116b137178ba77a2ab9463131af to remote] DEBUG org.asynchttpclient.netty.request.NettyRequestSender - Using pooled Channel '[id: 0xf35da6c6, L:/127.0.0.1:53864 - R:localhost/127.0.0.1:36790]' for 'GET' to 'http://localhost:36790/session/34224116b137178ba77a2ab9463131af/element/E6A7BE43E36126BFA910BF9717C1E062_element_10/name'
21:55:58.640 [Forwarding getElementTagName on session 34224116b137178ba77a2ab9463131af to remote] DEBUG org.asynchttpclient.netty.request.NettyRequestSender - Using open Channel [id: 0xf35da6c6, L:/127.0.0.1:53864 - R:localhost/127.0.0.1:36790] for GET '/session/34224116b137178ba77a2ab9463131af/element/E6A7BE43E36126BFA910BF9717C1E062_element_10/name'
21:55:58.645 [AsyncHttpClient-1-8] DEBUG org.asynchttpclient.netty.handler.HttpHandler - 

Request DefaultFullHttpRequest(decodeResult: success, version: HTTP/1.1, content: EmptyByteBufBE)
GET /session/34224116b137178ba77a2ab9463131af/element/E6A7BE43E36126BFA910BF9717C1E062_element_10/name HTTP/1.1
User-Agent: selenium/4.8.1 (java windows)
Cache-Control: no-cache
Content-Type: application/json; charset=utf-8
host: localhost:36790
accept: */*

Response DefaultHttpResponse(decodeResult: success, version: HTTP/1.1)
HTTP/1.1 200 OK
Content-Length: 16
Content-Type: application/json; charset=utf-8
cache-control: no-cache

21:55:58.645 [AsyncHttpClient-1-8] DEBUG org.asynchttpclient.netty.channel.ChannelManager - Adding key: http://localhost:36790 for channel [id: 0xf35da6c6, L:/127.0.0.1:53864 - R:localhost/127.0.0.1:36790]
21:55:58.646 [Forwarding findElement on session 34224116b137178ba77a2ab9463131af to remote] DEBUG org.asynchttpclient.netty.request.NettyRequestSender - Using pooled Channel '[id: 0xf35da6c6, L:/127.0.0.1:53864 - R:localhost/127.0.0.1:36790]' for 'POST' to 'http://localhost:36790/session/34224116b137178ba77a2ab9463131af/element'
21:55:58.646 [Forwarding findElement on session 34224116b137178ba77a2ab9463131af to remote] DEBUG org.asynchttpclient.netty.request.NettyRequestSender - Using open Channel [id: 0xf35da6c6, L:/127.0.0.1:53864 - R:localhost/127.0.0.1:36790] for POST '/session/34224116b137178ba77a2ab9463131af/element'
21:55:58.654 [AsyncHttpClient-1-8] DEBUG org.asynchttpclient.netty.handler.HttpHandler - 

Request DefaultHttpRequest(decodeResult: success, version: HTTP/1.1)
POST /session/34224116b137178ba77a2ab9463131af/element HTTP/1.1
User-Agent: selenium/4.8.1 (java windows)
Content-Length: 155
Content-Type: application/json; charset=utf-8
host: localhost:36790
accept: */*

Response DefaultHttpResponse(decodeResult: success, version: HTTP/1.1)
HTTP/1.1 200 OK
Content-Length: 95
Content-Type: application/json; charset=utf-8
cache-control: no-cache

21:55:58.654 [AsyncHttpClient-1-8] DEBUG org.asynchttpclient.netty.channel.ChannelManager - Adding key: http://localhost:36790 for channel [id: 0xf35da6c6, L:/127.0.0.1:53864 - R:localhost/127.0.0.1:36790]
21:55:58.656 [Forwarding clickElement on session 34224116b137178ba77a2ab9463131af to remote] DEBUG org.asynchttpclient.netty.request.NettyRequestSender - Using pooled Channel '[id: 0xf35da6c6, L:/127.0.0.1:53864 - R:localhost/127.0.0.1:36790]' for 'POST' to 'http://localhost:36790/session/34224116b137178ba77a2ab9463131af/element/E6A7BE43E36126BFA910BF9717C1E062_element_10/click'
21:55:58.656 [Forwarding clickElement on session 34224116b137178ba77a2ab9463131af to remote] DEBUG org.asynchttpclient.netty.request.NettyRequestSender - Using open Channel [id: 0xf35da6c6, L:/127.0.0.1:53864 - R:localhost/127.0.0.1:36790] for POST '/session/34224116b137178ba77a2ab9463131af/element/E6A7BE43E36126BFA910BF9717C1E062_element_10/click'
21:55:58.768 [AsyncHttpClient-1-8] DEBUG org.asynchttpclient.netty.handler.HttpHandler - 

Request DefaultHttpRequest(decodeResult: success, version: HTTP/1.1)
POST /session/34224116b137178ba77a2ab9463131af/element/E6A7BE43E36126BFA910BF9717C1E062_element_10/click HTTP/1.1
User-Agent: selenium/4.8.1 (java windows)
Content-Length: 57
Content-Type: application/json; charset=utf-8
host: localhost:36790
accept: */*

Response DefaultHttpResponse(decodeResult: success, version: HTTP/1.1)
HTTP/1.1 200 OK
Content-Length: 14
Content-Type: application/json; charset=utf-8
cache-control: no-cache

21:55:58.768 [AsyncHttpClient-1-8] DEBUG org.asynchttpclient.netty.channel.ChannelManager - Adding key: http://localhost:36790 for channel [id: 0xf35da6c6, L:/127.0.0.1:53864 - R:localhost/127.0.0.1:36790]
21:55:58.783 [Forwarding getAlertText on session 34224116b137178ba77a2ab9463131af to remote] DEBUG org.asynchttpclient.netty.request.NettyRequestSender - Using pooled Channel '[id: 0xf35da6c6, L:/127.0.0.1:53864 - R:localhost/127.0.0.1:36790]' for 'GET' to 'http://localhost:36790/session/34224116b137178ba77a2ab9463131af/alert/text'
21:55:58.783 [Forwarding getAlertText on session 34224116b137178ba77a2ab9463131af to remote] DEBUG org.asynchttpclient.netty.request.NettyRequestSender - Using open Channel [id: 0xf35da6c6, L:/127.0.0.1:53864 - R:localhost/127.0.0.1:36790] for GET '/session/34224116b137178ba77a2ab9463131af/alert/text'
21:55:58.785 [AsyncHttpClient-1-8] DEBUG org.asynchttpclient.netty.handler.HttpHandler - 

Request DefaultFullHttpRequest(decodeResult: success, version: HTTP/1.1, content: EmptyByteBufBE)
GET /session/34224116b137178ba77a2ab9463131af/alert/text HTTP/1.1
User-Agent: selenium/4.8.1 (java windows)
Cache-Control: no-cache
Content-Type: application/json; charset=utf-8
host: localhost:36790
accept: */*

Response DefaultHttpResponse(decodeResult: success, version: HTTP/1.1)
HTTP/1.1 404 Not Found
Content-Length: 821
Content-Type: application/json; charset=utf-8
cache-control: no-cache

21:55:58.785 [AsyncHttpClient-1-8] DEBUG org.asynchttpclient.netty.channel.ChannelManager - Adding key: http://localhost:36790 for channel [id: 0xf35da6c6, L:/127.0.0.1:53864 - R:localhost/127.0.0.1:36790]
21:55:58.786 [Forwarding getCurrentUrl on session 34224116b137178ba77a2ab9463131af to remote] DEBUG org.asynchttpclient.netty.request.NettyRequestSender - Using pooled Channel '[id: 0xf35da6c6, L:/127.0.0.1:53864 - R:localhost/127.0.0.1:36790]' for 'GET' to 'http://localhost:36790/session/34224116b137178ba77a2ab9463131af/url'
21:55:58.786 [Forwarding getCurrentUrl on session 34224116b137178ba77a2ab9463131af to remote] DEBUG org.asynchttpclient.netty.request.NettyRequestSender - Using open Channel [id: 0xf35da6c6, L:/127.0.0.1:53864 - R:localhost/127.0.0.1:36790] for GET '/session/34224116b137178ba77a2ab9463131af/url'
21:55:58.802 [AsyncHttpClient-1-8] DEBUG org.asynchttpclient.netty.handler.HttpHandler - 

Request DefaultFullHttpRequest(decodeResult: success, version: HTTP/1.1, content: EmptyByteBufBE)
GET /session/34224116b137178ba77a2ab9463131af/url HTTP/1.1
User-Agent: selenium/4.8.1 (java windows)
Cache-Control: no-cache
Content-Type: application/json; charset=utf-8
host: localhost:36790
accept: */*

Response DefaultHttpResponse(decodeResult: success, version: HTTP/1.1)
HTTP/1.1 200 OK
Content-Length: 47
Content-Type: application/json; charset=utf-8
cache-control: no-cache

21:55:58.802 [AsyncHttpClient-1-8] DEBUG org.asynchttpclient.netty.channel.ChannelManager - Adding key: http://localhost:36790 for channel [id: 0xf35da6c6, L:/127.0.0.1:53864 - R:localhost/127.0.0.1:36790]
21:55:58.805 [Forwarding screenshot on session 34224116b137178ba77a2ab9463131af to remote] DEBUG org.asynchttpclient.netty.request.NettyRequestSender - Using pooled Channel '[id: 0xf35da6c6, L:/127.0.0.1:53864 - R:localhost/127.0.0.1:36790]' for 'GET' to 'http://localhost:36790/session/34224116b137178ba77a2ab9463131af/screenshot'
21:55:58.805 [Forwarding screenshot on session 34224116b137178ba77a2ab9463131af to remote] DEBUG org.asynchttpclient.netty.request.NettyRequestSender - Using open Channel [id: 0xf35da6c6, L:/127.0.0.1:53864 - R:localhost/127.0.0.1:36790] for GET '/session/34224116b137178ba77a2ab9463131af/screenshot'
21:55:59.019 [AsyncHttpClient-1-1] DEBUG org.asynchttpclient.netty.channel.DefaultChannelPool - Entry count for : http://localhost:53865 : 1
21:55:59.068 [AsyncHttpClient-1-8] DEBUG org.asynchttpclient.netty.handler.HttpHandler - 

Request DefaultFullHttpRequest(decodeResult: success, version: HTTP/1.1, content: EmptyByteBufBE)
GET /session/34224116b137178ba77a2ab9463131af/screenshot HTTP/1.1
User-Agent: selenium/4.8.1 (java windows)
Cache-Control: no-cache
Content-Type: application/json; charset=utf-8
host: localhost:36790
accept: */*

Response DefaultHttpResponse(decodeResult: success, version: HTTP/1.1)
HTTP/1.1 200 OK
Content-Length: 122656
Content-Type: application/json; charset=utf-8
cache-control: no-cache

21:55:59.069 [AsyncHttpClient-1-8] DEBUG org.asynchttpclient.netty.channel.ChannelManager - Adding key: http://localhost:36790 for channel [id: 0xf35da6c6, L:/127.0.0.1:53864 - R:localhost/127.0.0.1:36790]
21:55:59.075 [main] DEBUG net.serenitybdd.core.photography.Darkroom - Send negative for processing for target\site\serenity\c7471edea996a7b6d5ddc908dab24d0f5d5c7a3fbc1646df98fe6884d1d606d1.png
21:55:59.076 [Darkroom Processing Line] DEBUG net.serenitybdd.core.photography.DarkroomProcessingLine - Processing screenshot image in /var/screenshots/screenshot-5935959647237942450
21:55:59.076 [main] DEBUG net.thucydides.core.steps.StepInterceptor - STEP DONE: ClickSigInButton
21:55:59.076 [Darkroom Processing Line] DEBUG net.serenitybdd.core.photography.DarkroomProcessingLine - Saving screenshot to target\site\serenity\c7471edea996a7b6d5ddc908dab24d0f5d5c7a3fbc1646df98fe6884d1d606d1.png
  &amp#27;[32mAnd &amp#27;[0m&amp#27;[32mI click SigIn button&amp#27;[0m                                                        &amp#27;[90m# starter.stepdefinitions.LoginSteps.clickSigInButton()&amp#27;[0m
21:55:59.091 [Forwarding getPageSource on session 34224116b137178ba77a2ab9463131af to remote] DEBUG org.asynchttpclient.netty.request.NettyRequestSender - Using pooled Channel '[id: 0xf35da6c6, L:/127.0.0.1:53864 - R:localhost/127.0.0.1:36790]' for 'POST' to 'http://localhost:36790/session/34224116b137178ba77a2ab9463131af/execute/sync'
21:55:59.091 [Forwarding getPageSource on session 34224116b137178ba77a2ab9463131af to remote] DEBUG org.asynchttpclient.netty.request.NettyRequestSender - Using open Channel [id: 0xf35da6c6, L:/127.0.0.1:53864 - R:localhost/127.0.0.1:36790] for POST '/session/34224116b137178ba77a2ab9463131af/execute/sync'
21:55:59.116 [AsyncHttpClient-1-8] DEBUG org.asynchttpclient.netty.handler.HttpHandler - 

Request DefaultHttpRequest(decodeResult: success, version: HTTP/1.1)
POST /session/34224116b137178ba77a2ab9463131af/execute/sync HTTP/1.1
User-Agent: selenium/4.8.1 (java windows)
Content-Length: 176
Content-Type: application/json; charset=utf-8
host: localhost:36790
accept: */*

Response DefaultHttpResponse(decodeResult: success, version: HTTP/1.1)
HTTP/1.1 200 OK
Content-Length: 174036
Content-Type: application/json; charset=utf-8
cache-control: no-cache

21:55:59.116 [AsyncHttpClient-1-8] DEBUG org.asynchttpclient.netty.channel.ChannelManager - Adding key: http://localhost:36790 for channel [id: 0xf35da6c6, L:/127.0.0.1:53864 - R:localhost/127.0.0.1:36790]
21:55:59.131 [Forwarding getCurrentUrl on session 34224116b137178ba77a2ab9463131af to remote] DEBUG org.asynchttpclient.netty.request.NettyRequestSender - Using pooled Channel '[id: 0xf35da6c6, L:/127.0.0.1:53864 - R:localhost/127.0.0.1:36790]' for 'GET' to 'http://localhost:36790/session/34224116b137178ba77a2ab9463131af/url'
21:55:59.131 [Forwarding getCurrentUrl on session 34224116b137178ba77a2ab9463131af to remote] DEBUG org.asynchttpclient.netty.request.NettyRequestSender - Using open Channel [id: 0xf35da6c6, L:/127.0.0.1:53864 - R:localhost/127.0.0.1:36790] for GET '/session/34224116b137178ba77a2ab9463131af/url'
21:55:59.134 [AsyncHttpClient-1-8] DEBUG org.asynchttpclient.netty.handler.HttpHandler - 

Request DefaultFullHttpRequest(decodeResult: success, version: HTTP/1.1, content: EmptyByteBufBE)
GET /session/34224116b137178ba77a2ab9463131af/url HTTP/1.1
User-Agent: selenium/4.8.1 (java windows)
Cache-Control: no-cache
Content-Type: application/json; charset=utf-8
host: localhost:36790
accept: */*

Response DefaultHttpResponse(decodeResult: success, version: HTTP/1.1)
HTTP/1.1 200 OK
Content-Length: 47
Content-Type: application/json; charset=utf-8
cache-control: no-cache

21:55:59.134 [AsyncHttpClient-1-8] DEBUG org.asynchttpclient.netty.channel.ChannelManager - Adding key: http://localhost:36790 for channel [id: 0xf35da6c6, L:/127.0.0.1:53864 - R:localhost/127.0.0.1:36790]
21:55:59.148 [Forwarding getAlertText on session 34224116b137178ba77a2ab9463131af to remote] DEBUG org.asynchttpclient.netty.request.NettyRequestSender - Using pooled Channel '[id: 0xf35da6c6, L:/127.0.0.1:53864 - R:localhost/127.0.0.1:36790]' for 'GET' to 'http://localhost:36790/session/34224116b137178ba77a2ab9463131af/alert/text'
21:55:59.148 [Forwarding getAlertText on session 34224116b137178ba77a2ab9463131af to remote] DEBUG org.asynchttpclient.netty.request.NettyRequestSender - Using open Channel [id: 0xf35da6c6, L:/127.0.0.1:53864 - R:localhost/127.0.0.1:36790] for GET '/session/34224116b137178ba77a2ab9463131af/alert/text'
21:55:59.150 [AsyncHttpClient-1-8] DEBUG org.asynchttpclient.netty.handler.HttpHandler - 

Request DefaultFullHttpRequest(decodeResult: success, version: HTTP/1.1, content: EmptyByteBufBE)
GET /session/34224116b137178ba77a2ab9463131af/alert/text HTTP/1.1
User-Agent: selenium/4.8.1 (java windows)
Cache-Control: no-cache
Content-Type: application/json; charset=utf-8
host: localhost:36790
accept: */*

Response DefaultHttpResponse(decodeResult: success, version: HTTP/1.1)
HTTP/1.1 404 Not Found
Content-Length: 821
Content-Type: application/json; charset=utf-8
cache-control: no-cache

21:55:59.150 [AsyncHttpClient-1-8] DEBUG org.asynchttpclient.netty.channel.ChannelManager - Adding key: http://localhost:36790 for channel [id: 0xf35da6c6, L:/127.0.0.1:53864 - R:localhost/127.0.0.1:36790]
21:55:59.151 [Forwarding getCurrentUrl on session 34224116b137178ba77a2ab9463131af to remote] DEBUG org.asynchttpclient.netty.request.NettyRequestSender - Using pooled Channel '[id: 0xf35da6c6, L:/127.0.0.1:53864 - R:localhost/127.0.0.1:36790]' for 'GET' to 'http://localhost:36790/session/34224116b137178ba77a2ab9463131af/url'
21:55:59.151 [Forwarding getCurrentUrl on session 34224116b137178ba77a2ab9463131af to remote] DEBUG org.asynchttpclient.netty.request.NettyRequestSender - Using open Channel [id: 0xf35da6c6, L:/127.0.0.1:53864 - R:localhost/127.0.0.1:36790] for GET '/session/34224116b137178ba77a2ab9463131af/url'
21:55:59.162 [AsyncHttpClient-1-8] DEBUG org.asynchttpclient.netty.handler.HttpHandler - 

Request DefaultFullHttpRequest(decodeResult: success, version: HTTP/1.1, content: EmptyByteBufBE)
GET /session/34224116b137178ba77a2ab9463131af/url HTTP/1.1
User-Agent: selenium/4.8.1 (java windows)
Cache-Control: no-cache
Content-Type: application/json; charset=utf-8
host: localhost:36790
accept: */*

Response DefaultHttpResponse(decodeResult: success, version: HTTP/1.1)
HTTP/1.1 200 OK
Content-Length: 47
Content-Type: application/json; charset=utf-8
cache-control: no-cache

21:55:59.163 [AsyncHttpClient-1-8] DEBUG org.asynchttpclient.netty.channel.ChannelManager - Adding key: http://localhost:36790 for channel [id: 0xf35da6c6, L:/127.0.0.1:53864 - R:localhost/127.0.0.1:36790]
21:55:59.164 [Forwarding screenshot on session 34224116b137178ba77a2ab9463131af to remote] DEBUG org.asynchttpclient.netty.request.NettyRequestSender - Using pooled Channel '[id: 0xf35da6c6, L:/127.0.0.1:53864 - R:localhost/127.0.0.1:36790]' for 'GET' to 'http://localhost:36790/session/34224116b137178ba77a2ab9463131af/screenshot'
21:55:59.164 [Forwarding screenshot on session 34224116b137178ba77a2ab9463131af to remote] DEBUG org.asynchttpclient.netty.request.NettyRequestSender - Using open Channel [id: 0xf35da6c6, L:/127.0.0.1:53864 - R:localhost/127.0.0.1:36790] for GET '/session/34224116b137178ba77a2ab9463131af/screenshot'
21:55:59.425 [AsyncHttpClient-1-8] DEBUG org.asynchttpclient.netty.handler.HttpHandler - 

Request DefaultFullHttpRequest(decodeResult: success, version: HTTP/1.1, content: EmptyByteBufBE)
GET /session/34224116b137178ba77a2ab9463131af/screenshot HTTP/1.1
User-Agent: selenium/4.8.1 (java windows)
Cache-Control: no-cache
Content-Type: application/json; charset=utf-8
host: localhost:36790
accept: */*

Response DefaultHttpResponse(decodeResult: success, version: HTTP/1.1)
HTTP/1.1 200 OK
Content-Length: 126544
Content-Type: application/json; charset=utf-8
cache-control: no-cache

21:55:59.428 [AsyncHttpClient-1-8] DEBUG org.asynchttpclient.netty.channel.ChannelManager - Adding key: http://localhost:36790 for channel [id: 0xf35da6c6, L:/127.0.0.1:53864 - R:localhost/127.0.0.1:36790]
21:55:59.438 [main] DEBUG net.serenitybdd.core.photography.Darkroom - Send negative for processing for target\site\serenity\d9a4c45a059e9c1f6918ac3a5f2dd19bb9235bd294208035e9fc179cd23b8be5.png
21:55:59.442 [Darkroom Processing Line] DEBUG net.serenitybdd.core.photography.DarkroomProcessingLine - Processing screenshot image in /var/screenshots/screenshot-4522135418843046451
21:55:59.444 [Darkroom Processing Line] DEBUG net.serenitybdd.core.photography.DarkroomProcessingLine - Saving screenshot to target\site\serenity\d9a4c45a059e9c1f6918ac3a5f2dd19bb9235bd294208035e9fc179cd23b8be5.png
21:55:59.445 [Forwarding getPageSource on session 34224116b137178ba77a2ab9463131af to remote] DEBUG org.asynchttpclient.netty.request.NettyRequestSender - Using pooled Channel '[id: 0xf35da6c6, L:/127.0.0.1:53864 - R:localhost/127.0.0.1:36790]' for 'POST' to 'http://localhost:36790/session/34224116b137178ba77a2ab9463131af/execute/sync'
21:55:59.445 [Forwarding getPageSource on session 34224116b137178ba77a2ab9463131af to remote] DEBUG org.asynchttpclient.netty.request.NettyRequestSender - Using open Channel [id: 0xf35da6c6, L:/127.0.0.1:53864 - R:localhost/127.0.0.1:36790] for POST '/session/34224116b137178ba77a2ab9463131af/execute/sync'
21:55:59.482 [AsyncHttpClient-1-8] DEBUG org.asynchttpclient.netty.handler.HttpHandler - 

Request DefaultHttpRequest(decodeResult: success, version: HTTP/1.1)
POST /session/34224116b137178ba77a2ab9463131af/execute/sync HTTP/1.1
User-Agent: selenium/4.8.1 (java windows)
Content-Length: 176
Content-Type: application/json; charset=utf-8
host: localhost:36790
accept: */*

Response DefaultHttpResponse(decodeResult: success, version: HTTP/1.1)
HTTP/1.1 200 OK
Content-Length: 173132
Content-Type: application/json; charset=utf-8
cache-control: no-cache

21:55:59.483 [AsyncHttpClient-1-8] DEBUG org.asynchttpclient.netty.channel.ChannelManager - Adding key: http://localhost:36790 for channel [id: 0xf35da6c6, L:/127.0.0.1:53864 - R:localhost/127.0.0.1:36790]
21:55:59.492 [Forwarding getCurrentUrl on session 34224116b137178ba77a2ab9463131af to remote] DEBUG org.asynchttpclient.netty.request.NettyRequestSender - Using pooled Channel '[id: 0xf35da6c6, L:/127.0.0.1:53864 - R:localhost/127.0.0.1:36790]' for 'GET' to 'http://localhost:36790/session/34224116b137178ba77a2ab9463131af/url'
21:55:59.492 [Forwarding getCurrentUrl on session 34224116b137178ba77a2ab9463131af to remote] DEBUG org.asynchttpclient.netty.request.NettyRequestSender - Using open Channel [id: 0xf35da6c6, L:/127.0.0.1:53864 - R:localhost/127.0.0.1:36790] for GET '/session/34224116b137178ba77a2ab9463131af/url'
21:55:59.500 [AsyncHttpClient-1-8] DEBUG org.asynchttpclient.netty.handler.HttpHandler - 

Request DefaultFullHttpRequest(decodeResult: success, version: HTTP/1.1, content: EmptyByteBufBE)
GET /session/34224116b137178ba77a2ab9463131af/url HTTP/1.1
User-Agent: selenium/4.8.1 (java windows)
Cache-Control: no-cache
Content-Type: application/json; charset=utf-8
host: localhost:36790
accept: */*

Response DefaultHttpResponse(decodeResult: success, version: HTTP/1.1)
HTTP/1.1 200 OK
Content-Length: 47
Content-Type: application/json; charset=utf-8
cache-control: no-cache

21:55:59.500 [AsyncHttpClient-1-8] DEBUG org.asynchttpclient.netty.channel.ChannelManager - Adding key: http://localhost:36790 for channel [id: 0xf35da6c6, L:/127.0.0.1:53864 - R:localhost/127.0.0.1:36790]
21:55:59.502 [main] DEBUG net.thucydides.core.steps.StepInterceptor - STARTING STEP: LoginSteps.iCanSeeErrorMessage - validateErrorMessageDisplayed
21:55:59.504 [Forwarding findElement on session 34224116b137178ba77a2ab9463131af to remote] DEBUG org.asynchttpclient.netty.request.NettyRequestSender - Using pooled Channel '[id: 0xf35da6c6, L:/127.0.0.1:53864 - R:localhost/127.0.0.1:36790]' for 'POST' to 'http://localhost:36790/session/34224116b137178ba77a2ab9463131af/element'
21:55:59.504 [Forwarding findElement on session 34224116b137178ba77a2ab9463131af to remote] DEBUG org.asynchttpclient.netty.request.NettyRequestSender - Using open Channel [id: 0xf35da6c6, L:/127.0.0.1:53864 - R:localhost/127.0.0.1:36790] for POST '/session/34224116b137178ba77a2ab9463131af/element'
21:55:59.515 [AsyncHttpClient-1-8] DEBUG org.asynchttpclient.netty.handler.HttpHandler - 

Request DefaultHttpRequest(decodeResult: success, version: HTTP/1.1)
POST /session/34224116b137178ba77a2ab9463131af/element HTTP/1.1
User-Agent: selenium/4.8.1 (java windows)
Content-Length: 155
Content-Type: application/json; charset=utf-8
host: localhost:36790
accept: */*

Response DefaultHttpResponse(decodeResult: success, version: HTTP/1.1)
HTTP/1.1 200 OK
Content-Length: 95
Content-Type: application/json; charset=utf-8
cache-control: no-cache

21:55:59.515 [AsyncHttpClient-1-8] DEBUG org.asynchttpclient.netty.channel.ChannelManager - Adding key: http://localhost:36790 for channel [id: 0xf35da6c6, L:/127.0.0.1:53864 - R:localhost/127.0.0.1:36790]
21:55:59.517 [Forwarding isElementDisplayed on session 34224116b137178ba77a2ab9463131af to remote] DEBUG org.asynchttpclient.netty.request.NettyRequestSender - Using pooled Channel '[id: 0xf35da6c6, L:/127.0.0.1:53864 - R:localhost/127.0.0.1:36790]' for 'POST' to 'http://localhost:36790/session/34224116b137178ba77a2ab9463131af/execute/sync'
21:55:59.517 [Forwarding isElementDisplayed on session 34224116b137178ba77a2ab9463131af to remote] DEBUG org.asynchttpclient.netty.request.NettyRequestSender - Using open Channel [id: 0xf35da6c6, L:/127.0.0.1:53864 - R:localhost/127.0.0.1:36790] for POST '/session/34224116b137178ba77a2ab9463131af/execute/sync'
21:55:59.540 [AsyncHttpClient-1-8] DEBUG org.asynchttpclient.netty.handler.HttpHandler - 

Request DefaultHttpRequest(decodeResult: success, version: HTTP/1.1)
POST /session/34224116b137178ba77a2ab9463131af/execute/sync HTTP/1.1
User-Agent: selenium/4.8.1 (java windows)
Content-Length: 48814
Content-Type: application/json; charset=utf-8
host: localhost:36790
accept: */*

Response DefaultHttpResponse(decodeResult: success, version: HTTP/1.1)
HTTP/1.1 200 OK
Content-Length: 14
Content-Type: application/json; charset=utf-8
cache-control: no-cache

21:55:59.541 [AsyncHttpClient-1-8] DEBUG org.asynchttpclient.netty.channel.ChannelManager - Adding key: http://localhost:36790 for channel [id: 0xf35da6c6, L:/127.0.0.1:53864 - R:localhost/127.0.0.1:36790]
21:55:59.548 [Forwarding getAlertText on session 34224116b137178ba77a2ab9463131af to remote] DEBUG org.asynchttpclient.netty.request.NettyRequestSender - Using pooled Channel '[id: 0xf35da6c6, L:/127.0.0.1:53864 - R:localhost/127.0.0.1:36790]' for 'GET' to 'http://localhost:36790/session/34224116b137178ba77a2ab9463131af/alert/text'
21:55:59.548 [Forwarding getAlertText on session 34224116b137178ba77a2ab9463131af to remote] DEBUG org.asynchttpclient.netty.request.NettyRequestSender - Using open Channel [id: 0xf35da6c6, L:/127.0.0.1:53864 - R:localhost/127.0.0.1:36790] for GET '/session/34224116b137178ba77a2ab9463131af/alert/text'
21:55:59.549 [AsyncHttpClient-1-8] DEBUG org.asynchttpclient.netty.handler.HttpHandler - 

Request DefaultFullHttpRequest(decodeResult: success, version: HTTP/1.1, content: EmptyByteBufBE)
GET /session/34224116b137178ba77a2ab9463131af/alert/text HTTP/1.1
User-Agent: selenium/4.8.1 (java windows)
Cache-Control: no-cache
Content-Type: application/json; charset=utf-8
host: localhost:36790
accept: */*

Response DefaultHttpResponse(decodeResult: success, version: HTTP/1.1)
HTTP/1.1 404 Not Found
Content-Length: 821
Content-Type: application/json; charset=utf-8
cache-control: no-cache

21:55:59.550 [AsyncHttpClient-1-8] DEBUG org.asynchttpclient.netty.channel.ChannelManager - Adding key: http://localhost:36790 for channel [id: 0xf35da6c6, L:/127.0.0.1:53864 - R:localhost/127.0.0.1:36790]
21:55:59.551 [Forwarding getCurrentUrl on session 34224116b137178ba77a2ab9463131af to remote] DEBUG org.asynchttpclient.netty.request.NettyRequestSender - Using pooled Channel '[id: 0xf35da6c6, L:/127.0.0.1:53864 - R:localhost/127.0.0.1:36790]' for 'GET' to 'http://localhost:36790/session/34224116b137178ba77a2ab9463131af/url'
21:55:59.551 [Forwarding getCurrentUrl on session 34224116b137178ba77a2ab9463131af to remote] DEBUG org.asynchttpclient.netty.request.NettyRequestSender - Using open Channel [id: 0xf35da6c6, L:/127.0.0.1:53864 - R:localhost/127.0.0.1:36790] for GET '/session/34224116b137178ba77a2ab9463131af/url'
21:55:59.556 [AsyncHttpClient-1-8] DEBUG org.asynchttpclient.netty.handler.HttpHandler - 

Request DefaultFullHttpRequest(decodeResult: success, version: HTTP/1.1, content: EmptyByteBufBE)
GET /session/34224116b137178ba77a2ab9463131af/url HTTP/1.1
User-Agent: selenium/4.8.1 (java windows)
Cache-Control: no-cache
Content-Type: application/json; charset=utf-8
host: localhost:36790
accept: */*

Response DefaultHttpResponse(decodeResult: success, version: HTTP/1.1)
HTTP/1.1 200 OK
Content-Length: 47
Content-Type: application/json; charset=utf-8
cache-control: no-cache

21:55:59.556 [AsyncHttpClient-1-8] DEBUG org.asynchttpclient.netty.channel.ChannelManager - Adding key: http://localhost:36790 for channel [id: 0xf35da6c6, L:/127.0.0.1:53864 - R:localhost/127.0.0.1:36790]
21:55:59.560 [Forwarding screenshot on session 34224116b137178ba77a2ab9463131af to remote] DEBUG org.asynchttpclient.netty.request.NettyRequestSender - Using pooled Channel '[id: 0xf35da6c6, L:/127.0.0.1:53864 - R:localhost/127.0.0.1:36790]' for 'GET' to 'http://localhost:36790/session/34224116b137178ba77a2ab9463131af/screenshot'
21:55:59.560 [Forwarding screenshot on session 34224116b137178ba77a2ab9463131af to remote] DEBUG org.asynchttpclient.netty.request.NettyRequestSender - Using open Channel [id: 0xf35da6c6, L:/127.0.0.1:53864 - R:localhost/127.0.0.1:36790] for GET '/session/34224116b137178ba77a2ab9463131af/screenshot'
21:55:59.723 [AsyncHttpClient-1-8] DEBUG org.asynchttpclient.netty.handler.HttpHandler - 

Request DefaultFullHttpRequest(decodeResult: success, version: HTTP/1.1, content: EmptyByteBufBE)
GET /session/34224116b137178ba77a2ab9463131af/screenshot HTTP/1.1
User-Agent: selenium/4.8.1 (java windows)
Cache-Control: no-cache
Content-Type: application/json; charset=utf-8
host: localhost:36790
accept: */*

Response DefaultHttpResponse(decodeResult: success, version: HTTP/1.1)
HTTP/1.1 200 OK
Content-Length: 140468
Content-Type: application/json; charset=utf-8
cache-control: no-cache

21:55:59.723 [AsyncHttpClient-1-8] DEBUG org.asynchttpclient.netty.channel.ChannelManager - Adding key: http://localhost:36790 for channel [id: 0xf35da6c6, L:/127.0.0.1:53864 - R:localhost/127.0.0.1:36790]
21:55:59.726 [main] DEBUG net.serenitybdd.core.photography.Darkroom - Send negative for processing for target\site\serenity\2eb2ceb073c920b4c3040be695b8f21535a4bfda50f5b96a2368cbae9ac9d7ab.png
21:55:59.726 [main] DEBUG net.thucydides.core.steps.StepInterceptor - STEP DONE: validateErrorMessageDisplayed
21:55:59.728 [Darkroom Processing Line] DEBUG net.serenitybdd.core.photography.DarkroomProcessingLine - Processing screenshot image in /var/screenshots/screenshot-1354776332702362650
21:55:59.728 [Darkroom Processing Line] DEBUG net.serenitybdd.core.photography.DarkroomProcessingLine - Saving screenshot to target\site\serenity\2eb2ceb073c920b4c3040be695b8f21535a4bfda50f5b96a2368cbae9ac9d7ab.png
21:55:59.737 [Forwarding getPageSource on session 34224116b137178ba77a2ab9463131af to remote] DEBUG org.asynchttpclient.netty.request.NettyRequestSender - Using pooled Channel '[id: 0xf35da6c6, L:/127.0.0.1:53864 - R:localhost/127.0.0.1:36790]' for 'POST' to 'http://localhost:36790/session/34224116b137178ba77a2ab9463131af/execute/sync'
21:55:59.738 [Forwarding getPageSource on session 34224116b137178ba77a2ab9463131af to remote] DEBUG org.asynchttpclient.netty.request.NettyRequestSender - Using open Channel [id: 0xf35da6c6, L:/127.0.0.1:53864 - R:localhost/127.0.0.1:36790] for POST '/session/34224116b137178ba77a2ab9463131af/execute/sync'
21:55:59.764 [AsyncHttpClient-1-8] DEBUG org.asynchttpclient.netty.handler.HttpHandler - 

Request DefaultHttpRequest(decodeResult: success, version: HTTP/1.1)
POST /session/34224116b137178ba77a2ab9463131af/execute/sync HTTP/1.1
User-Agent: selenium/4.8.1 (java windows)
Content-Length: 176
Content-Type: application/json; charset=utf-8
host: localhost:36790
accept: */*

Response DefaultHttpResponse(decodeResult: success, version: HTTP/1.1)
HTTP/1.1 200 OK
Content-Length: 173132
Content-Type: application/json; charset=utf-8
cache-control: no-cache

21:55:59.764 [AsyncHttpClient-1-8] DEBUG org.asynchttpclient.netty.channel.ChannelManager - Adding key: http://localhost:36790 for channel [id: 0xf35da6c6, L:/127.0.0.1:53864 - R:localhost/127.0.0.1:36790]
21:55:59.778 [Forwarding getCurrentUrl on session 34224116b137178ba77a2ab9463131af to remote] DEBUG org.asynchttpclient.netty.request.NettyRequestSender - Using pooled Channel '[id: 0xf35da6c6, L:/127.0.0.1:53864 - R:localhost/127.0.0.1:36790]' for 'GET' to 'http://localhost:36790/session/34224116b137178ba77a2ab9463131af/url'
21:55:59.778 [Forwarding getCurrentUrl on session 34224116b137178ba77a2ab9463131af to remote] DEBUG org.asynchttpclient.netty.request.NettyRequestSender - Using open Channel [id: 0xf35da6c6, L:/127.0.0.1:53864 - R:localhost/127.0.0.1:36790] for GET '/session/34224116b137178ba77a2ab9463131af/url'
21:55:59.782 [AsyncHttpClient-1-8] DEBUG org.asynchttpclient.netty.handler.HttpHandler - 

Request DefaultFullHttpRequest(decodeResult: success, version: HTTP/1.1, content: EmptyByteBufBE)
GET /session/34224116b137178ba77a2ab9463131af/url HTTP/1.1
User-Agent: selenium/4.8.1 (java windows)
Cache-Control: no-cache
Content-Type: application/json; charset=utf-8
host: localhost:36790
accept: */*

Response DefaultHttpResponse(decodeResult: success, version: HTTP/1.1)
HTTP/1.1 200 OK
Content-Length: 47
Content-Type: application/json; charset=utf-8
cache-control: no-cache

21:55:59.783 [AsyncHttpClient-1-8] DEBUG org.asynchttpclient.netty.channel.ChannelManager - Adding key: http://localhost:36790 for channel [id: 0xf35da6c6, L:/127.0.0.1:53864 - R:localhost/127.0.0.1:36790]
21:55:59.785 [main] DEBUG net.thucydides.core.steps.StepInterceptor - STARTING STEP: LoginSteps.iCanSeeErrorMessage - validateEqualErrorMessage
21:55:59.790 [Forwarding findElement on session 34224116b137178ba77a2ab9463131af to remote] DEBUG org.asynchttpclient.netty.request.NettyRequestSender - Using pooled Channel '[id: 0xf35da6c6, L:/127.0.0.1:53864 - R:localhost/127.0.0.1:36790]' for 'POST' to 'http://localhost:36790/session/34224116b137178ba77a2ab9463131af/element'
21:55:59.790 [Forwarding findElement on session 34224116b137178ba77a2ab9463131af to remote] DEBUG org.asynchttpclient.netty.request.NettyRequestSender - Using open Channel [id: 0xf35da6c6, L:/127.0.0.1:53864 - R:localhost/127.0.0.1:36790] for POST '/session/34224116b137178ba77a2ab9463131af/element'
21:55:59.800 [AsyncHttpClient-1-8] DEBUG org.asynchttpclient.netty.handler.HttpHandler - 

Request DefaultHttpRequest(decodeResult: success, version: HTTP/1.1)
POST /session/34224116b137178ba77a2ab9463131af/element HTTP/1.1
User-Agent: selenium/4.8.1 (java windows)
Content-Length: 155
Content-Type: application/json; charset=utf-8
host: localhost:36790
accept: */*

Response DefaultHttpResponse(decodeResult: success, version: HTTP/1.1)
HTTP/1.1 200 OK
Content-Length: 95
Content-Type: application/json; charset=utf-8
cache-control: no-cache

21:55:59.800 [AsyncHttpClient-1-8] DEBUG org.asynchttpclient.netty.channel.ChannelManager - Adding key: http://localhost:36790 for channel [id: 0xf35da6c6, L:/127.0.0.1:53864 - R:localhost/127.0.0.1:36790]
21:55:59.801 [Forwarding getElementText on session 34224116b137178ba77a2ab9463131af to remote] DEBUG org.asynchttpclient.netty.request.NettyRequestSender - Using pooled Channel '[id: 0xf35da6c6, L:/127.0.0.1:53864 - R:localhost/127.0.0.1:36790]' for 'GET' to 'http://localhost:36790/session/34224116b137178ba77a2ab9463131af/element/E6A7BE43E36126BFA910BF9717C1E062_element_10/text'
21:55:59.801 [Forwarding getElementText on session 34224116b137178ba77a2ab9463131af to remote] DEBUG org.asynchttpclient.netty.request.NettyRequestSender - Using open Channel [id: 0xf35da6c6, L:/127.0.0.1:53864 - R:localhost/127.0.0.1:36790] for GET '/session/34224116b137178ba77a2ab9463131af/element/E6A7BE43E36126BFA910BF9717C1E062_element_10/text'
21:55:59.826 [AsyncHttpClient-1-8] DEBUG org.asynchttpclient.netty.handler.HttpHandler - 

Request DefaultFullHttpRequest(decodeResult: success, version: HTTP/1.1, content: EmptyByteBufBE)
GET /session/34224116b137178ba77a2ab9463131af/element/E6A7BE43E36126BFA910BF9717C1E062_element_10/text HTTP/1.1
User-Agent: selenium/4.8.1 (java windows)
Cache-Control: no-cache
Content-Type: application/json; charset=utf-8
host: localhost:36790
accept: */*

Response DefaultHttpResponse(decodeResult: success, version: HTTP/1.1)
HTTP/1.1 200 OK
Content-Length: 19
Content-Type: application/json; charset=utf-8
cache-control: no-cache

21:55:59.828 [AsyncHttpClient-1-8] DEBUG org.asynchttpclient.netty.channel.ChannelManager - Adding key: http://localhost:36790 for channel [id: 0xf35da6c6, L:/127.0.0.1:53864 - R:localhost/127.0.0.1:36790]
21:55:59.838 [Forwarding getAlertText on session 34224116b137178ba77a2ab9463131af to remote] DEBUG org.asynchttpclient.netty.request.NettyRequestSender - Using pooled Channel '[id: 0xf35da6c6, L:/127.0.0.1:53864 - R:localhost/127.0.0.1:36790]' for 'GET' to 'http://localhost:36790/session/34224116b137178ba77a2ab9463131af/alert/text'
21:55:59.839 [Forwarding getAlertText on session 34224116b137178ba77a2ab9463131af to remote] DEBUG org.asynchttpclient.netty.request.NettyRequestSender - Using open Channel [id: 0xf35da6c6, L:/127.0.0.1:53864 - R:localhost/127.0.0.1:36790] for GET '/session/34224116b137178ba77a2ab9463131af/alert/text'
21:55:59.843 [AsyncHttpClient-1-8] DEBUG org.asynchttpclient.netty.handler.HttpHandler - 

Request DefaultFullHttpRequest(decodeResult: success, version: HTTP/1.1, content: EmptyByteBufBE)
GET /session/34224116b137178ba77a2ab9463131af/alert/text HTTP/1.1
User-Agent: selenium/4.8.1 (java windows)
Cache-Control: no-cache
Content-Type: application/json; charset=utf-8
host: localhost:36790
accept: */*

Response DefaultHttpResponse(decodeResult: success, version: HTTP/1.1)
HTTP/1.1 404 Not Found
Content-Length: 821
Content-Type: application/json; charset=utf-8
cache-control: no-cache

21:55:59.843 [AsyncHttpClient-1-8] DEBUG org.asynchttpclient.netty.channel.ChannelManager - Adding key: http://localhost:36790 for channel [id: 0xf35da6c6, L:/127.0.0.1:53864 - R:localhost/127.0.0.1:36790]
21:55:59.846 [Forwarding getCurrentUrl on session 34224116b137178ba77a2ab9463131af to remote] DEBUG org.asynchttpclient.netty.request.NettyRequestSender - Using pooled Channel '[id: 0xf35da6c6, L:/127.0.0.1:53864 - R:localhost/127.0.0.1:36790]' for 'GET' to 'http://localhost:36790/session/34224116b137178ba77a2ab9463131af/url'
21:55:59.846 [Forwarding getCurrentUrl on session 34224116b137178ba77a2ab9463131af to remote] DEBUG org.asynchttpclient.netty.request.NettyRequestSender - Using open Channel [id: 0xf35da6c6, L:/127.0.0.1:53864 - R:localhost/127.0.0.1:36790] for GET '/session/34224116b137178ba77a2ab9463131af/url'
21:55:59.850 [AsyncHttpClient-1-8] DEBUG org.asynchttpclient.netty.handler.HttpHandler - 

Request DefaultFullHttpRequest(decodeResult: success, version: HTTP/1.1, content: EmptyByteBufBE)
GET /session/34224116b137178ba77a2ab9463131af/url HTTP/1.1
User-Agent: selenium/4.8.1 (java windows)
Cache-Control: no-cache
Content-Type: application/json; charset=utf-8
host: localhost:36790
accept: */*

Response DefaultHttpResponse(decodeResult: success, version: HTTP/1.1)
HTTP/1.1 200 OK
Content-Length: 47
Content-Type: application/json; charset=utf-8
cache-control: no-cache

21:55:59.850 [AsyncHttpClient-1-8] DEBUG org.asynchttpclient.netty.channel.ChannelManager - Adding key: http://localhost:36790 for channel [id: 0xf35da6c6, L:/127.0.0.1:53864 - R:localhost/127.0.0.1:36790]
21:55:59.851 [Forwarding screenshot on session 34224116b137178ba77a2ab9463131af to remote] DEBUG org.asynchttpclient.netty.request.NettyRequestSender - Using pooled Channel '[id: 0xf35da6c6, L:/127.0.0.1:53864 - R:localhost/127.0.0.1:36790]' for 'GET' to 'http://localhost:36790/session/34224116b137178ba77a2ab9463131af/screenshot'
21:55:59.851 [Forwarding screenshot on session 34224116b137178ba77a2ab9463131af to remote] DEBUG org.asynchttpclient.netty.request.NettyRequestSender - Using open Channel [id: 0xf35da6c6, L:/127.0.0.1:53864 - R:localhost/127.0.0.1:36790] for GET '/session/34224116b137178ba77a2ab9463131af/screenshot'
21:56:00.047 [AsyncHttpClient-1-8] DEBUG org.asynchttpclient.netty.handler.HttpHandler - 

Request DefaultFullHttpRequest(decodeResult: success, version: HTTP/1.1, content: EmptyByteBufBE)
GET /session/34224116b137178ba77a2ab9463131af/screenshot HTTP/1.1
User-Agent: selenium/4.8.1 (java windows)
Cache-Control: no-cache
Content-Type: application/json; charset=utf-8
host: localhost:36790
accept: */*

Response DefaultHttpResponse(decodeResult: success, version: HTTP/1.1)
HTTP/1.1 200 OK
Content-Length: 140288
Content-Type: application/json; charset=utf-8
cache-control: no-cache

21:56:00.048 [AsyncHttpClient-1-8] DEBUG org.asynchttpclient.netty.channel.ChannelManager - Adding key: http://localhost:36790 for channel [id: 0xf35da6c6, L:/127.0.0.1:53864 - R:localhost/127.0.0.1:36790]
21:56:00.056 [main] DEBUG net.serenitybdd.core.photography.Darkroom - Send negative for processing for target\site\serenity\f79e21e0c3aaed3e76566c6c1c6dd7a9664a741cf08815a08cc8754445a99bdc.png
21:56:00.058 [main] DEBUG net.thucydides.core.steps.StepInterceptor - STEP DONE: validateEqualErrorMessage
21:56:00.058 [Darkroom Processing Line] DEBUG net.serenitybdd.core.photography.DarkroomProcessingLine - Processing screenshot image in /var/screenshots/screenshot-12484435065383339915
21:56:00.058 [Darkroom Processing Line] DEBUG net.serenitybdd.core.photography.DarkroomProcessingLine - Saving screenshot to target\site\serenity\f79e21e0c3aaed3e76566c6c1c6dd7a9664a741cf08815a08cc8754445a99bdc.png
  &amp#27;[32mThen &amp#27;[0m&amp#27;[32mI can see error message &amp#27;[0m&amp#27;[32m&amp#27;[1m"Incorrect username or password, please try again"&amp#27;[0m &amp#27;[90m# starter.stepdefinitions.LoginSteps.iCanSeeErrorMessage(java.lang.String)&amp#27;[0m
21:56:00.066 [main] INFO  - 
  _____   ___   ___   _____     ___     _     ___   ___   ___   ___  
 |_   _| | __| / __| |_   _|   | _ \   /_\   / __| / __| | __| |   \ 
   | |   | _|  \__ \   | |     |  _/  / _ \  \__ \ \__ \ | _|  | |) |
   |_|   |___| |___/   |_|     |_|   /_/ \_\ |___/ |___/ |___| |___/ 

user input with invalid Username and valid password
----------------------------------------------------------------------
21:56:00.069 [AsyncHttpClient-1-10] DEBUG org.asynchttpclient.netty.handler.WebSocketHandler - Channel Closed: [id: 0xce38f86a, L:/127.0.0.1:53873 ! R:localhost/127.0.0.1:53865] with attribute NettyResponseFuture{currentRetry=0,
	isDone=1,
	isCancelled=0,
	asyncHandler=org.asynchttpclient.ws.WebSocketUpgradeHandler@6d39dec6,
	nettyRequest=org.asynchttpclient.netty.request.NettyRequest@283b4d05,
	future=java.util.concurrent.CompletableFuture@423d31b1[Completed normally],
	uri=ws://localhost:53865/devtools/browser/deaf106d-31be-449e-8c76-3bc018d03e05,
	keepAlive=true,
	redirectCount=0,
	timeoutsHolder=null,
	inAuth=0,
	touch=1687532148929}
21:56:00.069 [AsyncHttpClient-1-10] DEBUG org.asynchttpclient.netty.channel.ChannelManager - Closing Channel [id: 0xce38f86a, L:/127.0.0.1:53873 ! R:localhost/127.0.0.1:53865] 
21:56:00.069 [Driver Command Executor] DEBUG org.asynchttpclient.netty.request.NettyRequestSender - Using pooled Channel '[id: 0xf35da6c6, L:/127.0.0.1:53864 - R:localhost/127.0.0.1:36790]' for 'DELETE' to 'http://localhost:36790/session/34224116b137178ba77a2ab9463131af'
21:56:00.069 [Driver Command Executor] DEBUG org.asynchttpclient.netty.request.NettyRequestSender - Using open Channel [id: 0xf35da6c6, L:/127.0.0.1:53864 - R:localhost/127.0.0.1:36790] for DELETE '/session/34224116b137178ba77a2ab9463131af'
21:56:00.122 [AsyncHttpClient-1-1] DEBUG org.asynchttpclient.netty.channel.DefaultChannelPool - Entry count for : http://localhost:53865 : 1
21:56:00.400 [AsyncHttpClient-1-9] DEBUG org.asynchttpclient.netty.handler.HttpHandler - Unexpected I/O exception on channel [id: 0x3afc0e97, L:/127.0.0.1:53872 - R:localhost/127.0.0.1:53865]
java.net.SocketException: Connection reset
	at java.base/sun.nio.ch.SocketChannelImpl.throwConnectionReset(SocketChannelImpl.java:394)
	at java.base/sun.nio.ch.SocketChannelImpl.read(SocketChannelImpl.java:426)
	at io.netty.buffer.PooledByteBuf.setBytes(PooledByteBuf.java:259)
	at io.netty.buffer.AbstractByteBuf.writeBytes(AbstractByteBuf.java:1132)
	at io.netty.channel.socket.nio.NioSocketChannel.doReadBytes(NioSocketChannel.java:357)
	at io.netty.channel.nio.AbstractNioByteChannel$NioByteUnsafe.read(AbstractNioByteChannel.java:151)
	at io.netty.channel.nio.NioEventLoop.processSelectedKey(NioEventLoop.java:788)
	at io.netty.channel.nio.NioEventLoop.processSelectedKeysOptimized(NioEventLoop.java:724)
	at io.netty.channel.nio.NioEventLoop.processSelectedKeys(NioEventLoop.java:650)
	at io.netty.channel.nio.NioEventLoop.run(NioEventLoop.java:562)
	at io.netty.util.concurrent.SingleThreadEventExecutor$4.run(SingleThreadEventExecutor.java:997)
	at io.netty.util.internal.ThreadExecutorMap$2.run(ThreadExecutorMap.java:74)
	at io.netty.util.concurrent.FastThreadLocalRunnable.run(FastThreadLocalRunnable.java:30)
	at java.base/java.lang.Thread.run(Thread.java:833)
21:56:00.400 [AsyncHttpClient-1-9] DEBUG org.asynchttpclient.netty.channel.ChannelManager - Closing Channel [id: 0x3afc0e97, L:/127.0.0.1:53872 - R:localhost/127.0.0.1:53865] 
21:56:00.401 [AsyncHttpClient-1-9] DEBUG org.asynchttpclient.netty.handler.HttpHandler - Channel Closed: [id: 0x3afc0e97, L:/127.0.0.1:53872 ! R:localhost/127.0.0.1:53865] with attribute DISCARD
21:56:00.491 [AsyncHttpClient-1-8] DEBUG org.asynchttpclient.netty.handler.HttpHandler - 

Request DefaultFullHttpRequest(decodeResult: success, version: HTTP/1.1, content: EmptyByteBufBE)
DELETE /session/34224116b137178ba77a2ab9463131af HTTP/1.1
User-Agent: selenium/4.8.1 (java windows)
Content-Type: application/json; charset=utf-8
host: localhost:36790
accept: */*

Response DefaultHttpResponse(decodeResult: success, version: HTTP/1.1)
HTTP/1.1 200 OK
Content-Length: 14
Content-Type: application/json; charset=utf-8
cache-control: no-cache

21:56:00.491 [AsyncHttpClient-1-8] DEBUG org.asynchttpclient.netty.channel.ChannelManager - Adding key: http://localhost:36790 for channel [id: 0xf35da6c6, L:/127.0.0.1:53864 - R:localhost/127.0.0.1:36790]
21:56:00.608 [AsyncHttpClient-1-8] DEBUG org.asynchttpclient.netty.handler.HttpHandler - Channel Closed: [id: 0xf35da6c6, L:/127.0.0.1:53864 ! R:localhost/127.0.0.1:36790] with attribute DISCARD
]]></system-out>
    <system-err><![CDATA[Starting ChromeDriver 114.0.5735.90 (386bc09e8f4f2e025eddae123f36f6263096ae49-refs/branch-heads/5735@{#1052}) on port 36790
Only local connections are allowed.
Please see https://chromedriver.chromium.org/security-considerations for suggestions on keeping ChromeDriver safe.
ChromeDriver was started successfully.
Jun 23, 2023 9:55:48 PM org.openqa.selenium.devtools.CdpVersionFinder findNearestMatch
WARNING: Unable to find an exact match for CDP version 114, so returning the closest version found: 110
]]></system-err>
  </testcase>
</testsuite>