<?xml version="1.0" encoding="UTF-8"?>
<testsuite xmlns:xsi="http://www.w3.org/2001/XMLSchema-instance" xsi:noNamespaceSchemaLocation="https://maven.apache.org/surefire/maven-failsafe-plugin/xsd/failsafe-test-report-3.0.xsd" version="3.0" name="starter.CucumberTestSuite" time="91.837" tests="8" errors="0" skipped="0" failures="0">
  <properties>
    <property name="java.specification.version" value="17"/>
    <property name="sun.cpu.isalist" value="amd64"/>
    <property name="sun.jnu.encoding" value="Cp1252"/>
    <property name="java.class.path" value="D:\alta\Capstone\WEB\CapstoneWEB\target\test-classes;C:\Users\User-PC\.m2\repository\net\serenity-bdd\serenity-core\3.6.21\serenity-core-3.6.21.jar;C:\Users\User-PC\.m2\repository\net\serenity-bdd\serenity-model\3.6.21\serenity-model-3.6.21.jar;C:\Users\User-PC\.m2\repository\org\apache\commons\commons-text\1.10.0\commons-text-1.10.0.jar;C:\Users\User-PC\.m2\repository\commons-net\commons-net\3.9.0\commons-net-3.9.0.jar;C:\Users\User-PC\.m2\repository\com\google\guava\guava\31.1-jre\guava-31.1-jre.jar;C:\Users\User-PC\.m2\repository\com\google\guava\failureaccess\1.0.1\failureaccess-1.0.1.jar;C:\Users\User-PC\.m2\repository\com\google\guava\listenablefuture\9999.0-empty-to-avoid-conflict-with-guava\listenablefuture-9999.0-empty-to-avoid-conflict-with-guava.jar;C:\Users\User-PC\.m2\repository\com\google\code\findbugs\jsr305\3.0.2\jsr305-3.0.2.jar;C:\Users\User-PC\.m2\repository\org\checkerframework\checker-qual\3.12.0\checker-qual-3.12.0.jar;C:\Users\User-PC\.m2\repository\com\google\errorprone\error_prone_annotations\2.11.0\error_prone_annotations-2.11.0.jar;C:\Users\User-PC\.m2\repository\com\google\j2objc\j2objc-annotations\1.3\j2objc-annotations-1.3.jar;C:\Users\User-PC\.m2\repository\com\google\inject\guice\5.1.0\guice-5.1.0.jar;C:\Users\User-PC\.m2\repository\javax\inject\javax.inject\1\javax.inject-1.jar;C:\Users\User-PC\.m2\repository\aopalliance\aopalliance\1.0\aopalliance-1.0.jar;C:\Users\User-PC\.m2\repository\org\jsoup\jsoup\1.14.3\jsoup-1.14.3.jar;C:\Users\User-PC\.m2\repository\com\thoughtworks\xstream\xstream\1.4.20\xstream-1.4.20.jar;C:\Users\User-PC\.m2\repository\io\github\x-stream\mxparser\1.2.2\mxparser-1.2.2.jar;C:\Users\User-PC\.m2\repository\xmlpull\xmlpull\1.1.3.1\xmlpull-1.1.3.1.jar;C:\Users\User-PC\.m2\repository\com\typesafe\config\1.4.2\config-1.4.2.jar;C:\Users\User-PC\.m2\repository\org\imgscalr\imgscalr-lib\4.2\imgscalr-lib-4.2.jar;C:\Users\User-PC\.m2\repository\org\awaitility\awaitility\4.2.0\awaitility-4.2.0.jar;C:\Users\User-PC\.m2\repository\org\freemarker\freemarker\2.3.31\freemarker-2.3.31.jar;C:\Users\User-PC\.m2\repository\io\github\classgraph\classgraph\4.8.138\classgraph-4.8.138.jar;C:\Users\User-PC\.m2\repository\net\sourceforge\jexcelapi\jxl\2.6.12\jxl-2.6.12.jar;C:\Users\User-PC\.m2\repository\net\bytebuddy\byte-buddy-agent\1.14.2\byte-buddy-agent-1.14.2.jar;C:\Users\User-PC\.m2\repository\org\objenesis\objenesis\3.3\objenesis-3.3.jar;C:\Users\User-PC\.m2\repository\net\serenity-bdd\serenity-reports\3.6.21\serenity-reports-3.6.21.jar;C:\Users\User-PC\.m2\repository\net\serenity-bdd\serenity-stats\3.6.21\serenity-stats-3.6.21.jar;C:\Users\User-PC\.m2\repository\net\serenity-bdd\serenity-reports-configuration\3.6.21\serenity-reports-configuration-3.6.21.jar;C:\Users\User-PC\.m2\repository\com\vladsch\flexmark\flexmark-all\0.62.2\flexmark-all-0.62.2.jar;C:\Users\User-PC\.m2\repository\com\vladsch\flexmark\flexmark\0.62.2\flexmark-0.62.2.jar;C:\Users\User-PC\.m2\repository\com\vladsch\flexmark\flexmark-ext-abbreviation\0.62.2\flexmark-ext-abbreviation-0.62.2.jar;C:\Users\User-PC\.m2\repository\com\vladsch\flexmark\flexmark-util\0.62.2\flexmark-util-0.62.2.jar;C:\Users\User-PC\.m2\repository\com\vladsch\flexmark\flexmark-ext-admonition\0.62.2\flexmark-ext-admonition-0.62.2.jar;C:\Users\User-PC\.m2\repository\com\vladsch\flexmark\flexmark-ext-anchorlink\0.62.2\flexmark-ext-anchorlink-0.62.2.jar;C:\Users\User-PC\.m2\repository\com\vladsch\flexmark\flexmark-ext-aside\0.62.2\flexmark-ext-aside-0.62.2.jar;C:\Users\User-PC\.m2\repository\com\vladsch\flexmark\flexmark-ext-attributes\0.62.2\flexmark-ext-attributes-0.62.2.jar;C:\Users\User-PC\.m2\repository\com\vladsch\flexmark\flexmark-ext-autolink\0.62.2\flexmark-ext-autolink-0.62.2.jar;C:\Users\User-PC\.m2\repository\org\nibor\autolink\autolink\0.6.0\autolink-0.6.0.jar;C:\Users\User-PC\.m2\repository\com\vladsch\flexmark\flexmark-ext-definition\0.62.2\flexmark-ext-definition-0.62.2.jar;C:\Users\User-PC\.m2\repository\com\vladsch\flexmark\flexmark-ext-emoji\0.62.2\flexmark-ext-emoji-0.62.2.jar;C:\Users\User-PC\.m2\repository\com\vladsch\flexmark\flexmark-ext-enumerated-reference\0.62.2\flexmark-ext-enumerated-reference-0.62.2.jar;C:\Users\User-PC\.m2\repository\com\vladsch\flexmark\flexmark-ext-escaped-character\0.62.2\flexmark-ext-escaped-character-0.62.2.jar;C:\Users\User-PC\.m2\repository\com\vladsch\flexmark\flexmark-ext-footnotes\0.62.2\flexmark-ext-footnotes-0.62.2.jar;C:\Users\User-PC\.m2\repository\com\vladsch\flexmark\flexmark-ext-gfm-issues\0.62.2\flexmark-ext-gfm-issues-0.62.2.jar;C:\Users\User-PC\.m2\repository\com\vladsch\flexmark\flexmark-ext-gfm-strikethrough\0.62.2\flexmark-ext-gfm-strikethrough-0.62.2.jar;C:\Users\User-PC\.m2\repository\com\vladsch\flexmark\flexmark-ext-gfm-tasklist\0.62.2\flexmark-ext-gfm-tasklist-0.62.2.jar;C:\Users\User-PC\.m2\repository\com\vladsch\flexmark\flexmark-ext-gfm-users\0.62.2\flexmark-ext-gfm-users-0.62.2.jar;C:\Users\User-PC\.m2\repository\com\vladsch\flexmark\flexmark-ext-gitlab\0.62.2\flexmark-ext-gitlab-0.62.2.jar;C:\Users\User-PC\.m2\repository\com\vladsch\flexmark\flexmark-ext-jekyll-front-matter\0.62.2\flexmark-ext-jekyll-front-matter-0.62.2.jar;C:\Users\User-PC\.m2\repository\com\vladsch\flexmark\flexmark-ext-jekyll-tag\0.62.2\flexmark-ext-jekyll-tag-0.62.2.jar;C:\Users\User-PC\.m2\repository\com\vladsch\flexmark\flexmark-ext-media-tags\0.62.2\flexmark-ext-media-tags-0.62.2.jar;C:\Users\User-PC\.m2\repository\com\vladsch\flexmark\flexmark-ext-macros\0.62.2\flexmark-ext-macros-0.62.2.jar;C:\Users\User-PC\.m2\repository\com\vladsch\flexmark\flexmark-ext-ins\0.62.2\flexmark-ext-ins-0.62.2.jar;C:\Users\User-PC\.m2\repository\com\vladsch\flexmark\flexmark-ext-xwiki-macros\0.62.2\flexmark-ext-xwiki-macros-0.62.2.jar;C:\Users\User-PC\.m2\repository\com\vladsch\flexmark\flexmark-ext-superscript\0.62.2\flexmark-ext-superscript-0.62.2.jar;C:\Users\User-PC\.m2\repository\com\vladsch\flexmark\flexmark-ext-tables\0.62.2\flexmark-ext-tables-0.62.2.jar;C:\Users\User-PC\.m2\repository\com\vladsch\flexmark\flexmark-ext-toc\0.62.2\flexmark-ext-toc-0.62.2.jar;C:\Users\User-PC\.m2\repository\com\vladsch\flexmark\flexmark-ext-typographic\0.62.2\flexmark-ext-typographic-0.62.2.jar;C:\Users\User-PC\.m2\repository\com\vladsch\flexmark\flexmark-ext-wikilink\0.62.2\flexmark-ext-wikilink-0.62.2.jar;C:\Users\User-PC\.m2\repository\com\vladsch\flexmark\flexmark-ext-yaml-front-matter\0.62.2\flexmark-ext-yaml-front-matter-0.62.2.jar;C:\Users\User-PC\.m2\repository\com\vladsch\flexmark\flexmark-ext-youtube-embedded\0.62.2\flexmark-ext-youtube-embedded-0.62.2.jar;C:\Users\User-PC\.m2\repository\com\vladsch\flexmark\flexmark-html2md-converter\0.62.2\flexmark-html2md-converter-0.62.2.jar;C:\Users\User-PC\.m2\repository\com\vladsch\flexmark\flexmark-jira-converter\0.62.2\flexmark-jira-converter-0.62.2.jar;C:\Users\User-PC\.m2\repository\com\vladsch\flexmark\flexmark-pdf-converter\0.62.2\flexmark-pdf-converter-0.62.2.jar;C:\Users\User-PC\.m2\repository\com\openhtmltopdf\openhtmltopdf-core\1.0.0\openhtmltopdf-core-1.0.0.jar;C:\Users\User-PC\.m2\repository\com\openhtmltopdf\openhtmltopdf-pdfbox\1.0.0\openhtmltopdf-pdfbox-1.0.0.jar;C:\Users\User-PC\.m2\repository\org\apache\pdfbox\pdfbox\2.0.16\pdfbox-2.0.16.jar;C:\Users\User-PC\.m2\repository\org\apache\pdfbox\fontbox\2.0.16\fontbox-2.0.16.jar;C:\Users\User-PC\.m2\repository\org\apache\pdfbox\xmpbox\2.0.16\xmpbox-2.0.16.jar;C:\Users\User-PC\.m2\repository\de\rototor\pdfbox\graphics2d\0.24\graphics2d-0.24.jar;C:\Users\User-PC\.m2\repository\com\openhtmltopdf\openhtmltopdf-rtl-support\1.0.0\openhtmltopdf-rtl-support-1.0.0.jar;C:\Users\User-PC\.m2\repository\com\openhtmltopdf\openhtmltopdf-jsoup-dom-converter\1.0.0\openhtmltopdf-jsoup-dom-converter-1.0.0.jar;C:\Users\User-PC\.m2\repository\com\vladsch\flexmark\flexmark-profile-pegdown\0.62.2\flexmark-profile-pegdown-0.62.2.jar;C:\Users\User-PC\.m2\repository\com\vladsch\flexmark\flexmark-util-ast\0.62.2\flexmark-util-ast-0.62.2.jar;C:\Users\User-PC\.m2\repository\com\vladsch\flexmark\flexmark-util-builder\0.62.2\flexmark-util-builder-0.62.2.jar;C:\Users\User-PC\.m2\repository\com\vladsch\flexmark\flexmark-util-collection\0.62.2\flexmark-util-collection-0.62.2.jar;C:\Users\User-PC\.m2\repository\com\vladsch\flexmark\flexmark-util-data\0.62.2\flexmark-util-data-0.62.2.jar;C:\Users\User-PC\.m2\repository\com\vladsch\flexmark\flexmark-util-dependency\0.62.2\flexmark-util-dependency-0.62.2.jar;C:\Users\User-PC\.m2\repository\com\vladsch\flexmark\flexmark-util-format\0.62.2\flexmark-util-format-0.62.2.jar;C:\Users\User-PC\.m2\repository\com\vladsch\flexmark\flexmark-util-html\0.62.2\flexmark-util-html-0.62.2.jar;C:\Users\User-PC\.m2\repository\com\vladsch\flexmark\flexmark-util-misc\0.62.2\flexmark-util-misc-0.62.2.jar;C:\Users\User-PC\.m2\repository\com\vladsch\flexmark\flexmark-util-options\0.62.2\flexmark-util-options-0.62.2.jar;C:\Users\User-PC\.m2\repository\com\vladsch\flexmark\flexmark-util-sequence\0.62.2\flexmark-util-sequence-0.62.2.jar;C:\Users\User-PC\.m2\repository\com\vladsch\flexmark\flexmark-util-visitor\0.62.2\flexmark-util-visitor-0.62.2.jar;C:\Users\User-PC\.m2\repository\com\vladsch\flexmark\flexmark-youtrack-converter\0.62.2\flexmark-youtrack-converter-0.62.2.jar;C:\Users\User-PC\.m2\repository\com\ibm\icu\icu4j\72.1\icu4j-72.1.jar;C:\Users\User-PC\.m2\repository\es\nitaur\markdown\txtmark\0.16\txtmark-0.16.jar;C:\Users\User-PC\.m2\repository\net\serenity-bdd\serenity-report-resources\3.6.21\serenity-report-resources-3.6.21.jar;C:\Users\User-PC\.m2\repository\com\google\code\gson\gson\2.10.1\gson-2.10.1.jar;C:\Users\User-PC\.m2\repository\com\fasterxml\jackson\core\jackson-core\2.15.0-rc1\jackson-core-2.15.0-rc1.jar;C:\Users\User-PC\.m2\repository\com\fasterxml\jackson\core\jackson-databind\2.15.0-rc1\jackson-databind-2.15.0-rc1.jar;C:\Users\User-PC\.m2\repository\com\fasterxml\jackson\core\jackson-annotations\2.15.0-rc1\jackson-annotations-2.15.0-rc1.jar;C:\Users\User-PC\.m2\repository\commons-codec\commons-codec\1.15\commons-codec-1.15.jar;C:\Users\User-PC\.m2\repository\commons-io\commons-io\2.11.0\commons-io-2.11.0.jar;C:\Users\User-PC\.m2\repository\org\apache\httpcomponents\httpclient\4.5.13\httpclient-4.5.13.jar;C:\Users\User-PC\.m2\repository\org\apache\httpcomponents\httpcore\4.4.13\httpcore-4.4.13.jar;C:\Users\User-PC\.m2\repository\commons-logging\commons-logging\1.2\commons-logging-1.2.jar;C:\Users\User-PC\.m2\repository\org\seleniumhq\selenium\selenium-java\4.8.1\selenium-java-4.8.1.jar;C:\Users\User-PC\.m2\repository\org\seleniumhq\selenium\selenium-devtools-v108\4.8.1\selenium-devtools-v108-4.8.1.jar;C:\Users\User-PC\.m2\repository\org\seleniumhq\selenium\selenium-devtools-v109\4.8.1\selenium-devtools-v109-4.8.1.jar;C:\Users\User-PC\.m2\repository\org\seleniumhq\selenium\selenium-devtools-v110\4.8.1\selenium-devtools-v110-4.8.1.jar;C:\Users\User-PC\.m2\repository\org\seleniumhq\selenium\selenium-devtools-v85\4.8.1\selenium-devtools-v85-4.8.1.jar;C:\Users\User-PC\.m2\repository\org\seleniumhq\selenium\selenium-remote-driver\4.8.1\selenium-remote-driver-4.8.1.jar;C:\Users\User-PC\.m2\repository\com\beust\jcommander\1.82\jcommander-1.82.jar;C:\Users\User-PC\.m2\repository\io\netty\netty-buffer\4.1.87.Final\netty-buffer-4.1.87.Final.jar;C:\Users\User-PC\.m2\repository\io\netty\netty-codec-http\4.1.87.Final\netty-codec-http-4.1.87.Final.jar;C:\Users\User-PC\.m2\repository\io\netty\netty-codec\4.1.87.Final\netty-codec-4.1.87.Final.jar;C:\Users\User-PC\.m2\repository\io\netty\netty-handler\4.1.87.Final\netty-handler-4.1.87.Final.jar;C:\Users\User-PC\.m2\repository\io\netty\netty-common\4.1.87.Final\netty-common-4.1.87.Final.jar;C:\Users\User-PC\.m2\repository\io\netty\netty-transport-classes-epoll\4.1.87.Final\netty-transport-classes-epoll-4.1.87.Final.jar;C:\Users\User-PC\.m2\repository\io\netty\netty-transport-classes-kqueue\4.1.87.Final\netty-transport-classes-kqueue-4.1.87.Final.jar;C:\Users\User-PC\.m2\repository\io\netty\netty-transport-native-epoll\4.1.87.Final\netty-transport-native-epoll-4.1.87.Final.jar;C:\Users\User-PC\.m2\repository\io\netty\netty-transport-native-kqueue\4.1.87.Final\netty-transport-native-kqueue-4.1.87.Final.jar;C:\Users\User-PC\.m2\repository\io\netty\netty-transport-native-unix-common\4.1.87.Final\netty-transport-native-unix-common-4.1.87.Final.jar;C:\Users\User-PC\.m2\repository\io\netty\netty-transport\4.1.87.Final\netty-transport-4.1.87.Final.jar;C:\Users\User-PC\.m2\repository\io\netty\netty-resolver\4.1.87.Final\netty-resolver-4.1.87.Final.jar;C:\Users\User-PC\.m2\repository\io\opentelemetry\opentelemetry-api\1.22.0\opentelemetry-api-1.22.0.jar;C:\Users\User-PC\.m2\repository\io\opentelemetry\opentelemetry-context\1.22.0\opentelemetry-context-1.22.0.jar;C:\Users\User-PC\.m2\repository\io\opentelemetry\opentelemetry-exporter-logging\1.22.0\opentelemetry-exporter-logging-1.22.0.jar;C:\Users\User-PC\.m2\repository\io\opentelemetry\opentelemetry-sdk-metrics\1.22.0\opentelemetry-sdk-metrics-1.22.0.jar;C:\Users\User-PC\.m2\repository\io\opentelemetry\opentelemetry-sdk-logs\1.22.0-alpha\opentelemetry-sdk-logs-1.22.0-alpha.jar;C:\Users\User-PC\.m2\repository\io\opentelemetry\opentelemetry-api-logs\1.22.0-alpha\opentelemetry-api-logs-1.22.0-alpha.jar;C:\Users\User-PC\.m2\repository\io\opentelemetry\opentelemetry-sdk-common\1.22.0\opentelemetry-sdk-common-1.22.0.jar;C:\Users\User-PC\.m2\repository\io\opentelemetry\opentelemetry-sdk-extension-autoconfigure-spi\1.22.0\opentelemetry-sdk-extension-autoconfigure-spi-1.22.0.jar;C:\Users\User-PC\.m2\repository\io\opentelemetry\opentelemetry-sdk-extension-autoconfigure\1.22.0-alpha\opentelemetry-sdk-extension-autoconfigure-1.22.0-alpha.jar;C:\Users\User-PC\.m2\repository\io\opentelemetry\opentelemetry-sdk-trace\1.22.0\opentelemetry-sdk-trace-1.22.0.jar;C:\Users\User-PC\.m2\repository\io\opentelemetry\opentelemetry-sdk\1.22.0\opentelemetry-sdk-1.22.0.jar;C:\Users\User-PC\.m2\repository\io\opentelemetry\opentelemetry-semconv\1.22.0-alpha\opentelemetry-semconv-1.22.0-alpha.jar;C:\Users\User-PC\.m2\repository\io\ous\jtoml\2.0.0\jtoml-2.0.0.jar;C:\Users\User-PC\.m2\repository\org\apache\commons\commons-exec\1.3\commons-exec-1.3.jar;C:\Users\User-PC\.m2\repository\org\asynchttpclient\async-http-client\2.12.3\async-http-client-2.12.3.jar;C:\Users\User-PC\.m2\repository\org\asynchttpclient\async-http-client-netty-utils\2.12.3\async-http-client-netty-utils-2.12.3.jar;C:\Users\User-PC\.m2\repository\io\netty\netty-codec-socks\4.1.60.Final\netty-codec-socks-4.1.60.Final.jar;C:\Users\User-PC\.m2\repository\io\netty\netty-handler-proxy\4.1.60.Final\netty-handler-proxy-4.1.60.Final.jar;C:\Users\User-PC\.m2\repository\io\netty\netty-transport-native-epoll\4.1.60.Final\netty-transport-native-epoll-4.1.60.Final-linux-x86_64.jar;C:\Users\User-PC\.m2\repository\io\netty\netty-transport-native-kqueue\4.1.60.Final\netty-transport-native-kqueue-4.1.60.Final-osx-x86_64.jar;C:\Users\User-PC\.m2\repository\org\reactivestreams\reactive-streams\1.0.3\reactive-streams-1.0.3.jar;C:\Users\User-PC\.m2\repository\com\typesafe\netty\netty-reactive-streams\2.0.4\netty-reactive-streams-2.0.4.jar;C:\Users\User-PC\.m2\repository\org\seleniumhq\selenium\selenium-manager\4.8.1\selenium-manager-4.8.1.jar;C:\Users\User-PC\.m2\repository\org\seleniumhq\selenium\selenium-safari-driver\4.8.1\selenium-safari-driver-4.8.1.jar;C:\Users\User-PC\.m2\repository\org\seleniumhq\selenium\selenium-api\4.8.1\selenium-api-4.8.1.jar;C:\Users\User-PC\.m2\repository\org\seleniumhq\selenium\selenium-support\4.8.1\selenium-support-4.8.1.jar;C:\Users\User-PC\.m2\repository\com\google\auto\service\auto-service-annotations\1.0.1\auto-service-annotations-1.0.1.jar;C:\Users\User-PC\.m2\repository\com\google\auto\service\auto-service\1.0.1\auto-service-1.0.1.jar;C:\Users\User-PC\.m2\repository\com\google\auto\auto-common\1.2\auto-common-1.2.jar;C:\Users\User-PC\.m2\repository\org\seleniumhq\selenium\selenium-json\4.8.1\selenium-json-4.8.1.jar;C:\Users\User-PC\.m2\repository\org\seleniumhq\selenium\selenium-chrome-driver\4.8.1\selenium-chrome-driver-4.8.1.jar;C:\Users\User-PC\.m2\repository\org\seleniumhq\selenium\selenium-chromium-driver\4.8.1\selenium-chromium-driver-4.8.1.jar;C:\Users\User-PC\.m2\repository\org\seleniumhq\selenium\selenium-firefox-driver\4.8.1\selenium-firefox-driver-4.8.1.jar;C:\Users\User-PC\.m2\repository\org\seleniumhq\selenium\selenium-http\4.8.1\selenium-http-4.8.1.jar;C:\Users\User-PC\.m2\repository\dev\failsafe\failsafe\3.3.0\failsafe-3.3.0.jar;C:\Users\User-PC\.m2\repository\org\seleniumhq\selenium\selenium-edge-driver\4.8.1\selenium-edge-driver-4.8.1.jar;C:\Users\User-PC\.m2\repository\org\seleniumhq\selenium\selenium-ie-driver\4.8.1\selenium-ie-driver-4.8.1.jar;C:\Users\User-PC\.m2\repository\org\projectlombok\lombok\1.18.20\lombok-1.18.20.jar;C:\Users\User-PC\.m2\repository\io\appium\java-client\8.3.0\java-client-8.3.0.jar;C:\Users\User-PC\.m2\repository\commons-validator\commons-validator\1.7\commons-validator-1.7.jar;C:\Users\User-PC\.m2\repository\commons-digester\commons-digester\2.1\commons-digester-2.1.jar;C:\Users\User-PC\.m2\repository\org\apache\groovy\groovy\4.0.10\groovy-4.0.10.jar;C:\Users\User-PC\.m2\repository\net\sf\opencsv\opencsv\2.0\opencsv-2.0.jar;C:\Users\User-PC\.m2\repository\commons-beanutils\commons-beanutils\1.9.4\commons-beanutils-1.9.4.jar;C:\Users\User-PC\.m2\repository\org\apache\commons\commons-lang3\3.12.0\commons-lang3-3.12.0.jar;C:\Users\User-PC\.m2\repository\commons-collections\commons-collections\3.2.2\commons-collections-3.2.2.jar;C:\Users\User-PC\.m2\repository\org\fluentlenium\fluentlenium-core\0.10.2\fluentlenium-core-0.10.2.jar;C:\Users\User-PC\.m2\repository\io\github\bonigarcia\webdrivermanager\5.3.0\webdrivermanager-5.3.0.jar;C:\Users\User-PC\.m2\repository\com\github\docker-java\docker-java\3.2.13\docker-java-3.2.13.jar;C:\Users\User-PC\.m2\repository\com\github\docker-java\docker-java-core\3.2.13\docker-java-core-3.2.13.jar;C:\Users\User-PC\.m2\repository\com\github\docker-java\docker-java-api\3.2.13\docker-java-api-3.2.13.jar;C:\Users\User-PC\.m2\repository\org\apache\commons\commons-compress\1.21\commons-compress-1.21.jar;C:\Users\User-PC\.m2\repository\org\bouncycastle\bcpkix-jdk15on\1.64\bcpkix-jdk15on-1.64.jar;C:\Users\User-PC\.m2\repository\org\bouncycastle\bcprov-jdk15on\1.64\bcprov-jdk15on-1.64.jar;C:\Users\User-PC\.m2\repository\org\slf4j\jcl-over-slf4j\1.7.30\jcl-over-slf4j-1.7.30.jar;C:\Users\User-PC\.m2\repository\com\github\docker-java\docker-java-transport-httpclient5\3.2.13\docker-java-transport-httpclient5-3.2.13.jar;C:\Users\User-PC\.m2\repository\com\github\docker-java\docker-java-transport\3.2.13\docker-java-transport-3.2.13.jar;C:\Users\User-PC\.m2\repository\net\java\dev\jna\jna\5.8.0\jna-5.8.0.jar;C:\Users\User-PC\.m2\repository\org\brotli\dec\0.1.2\dec-0.1.2.jar;C:\Users\User-PC\.m2\repository\org\apache\httpcomponents\client5\httpclient5\5.1.3\httpclient5-5.1.3.jar;C:\Users\User-PC\.m2\repository\org\apache\httpcomponents\core5\httpcore5\5.1.3\httpcore5-5.1.3.jar;C:\Users\User-PC\.m2\repository\org\apache\httpcomponents\core5\httpcore5-h2\5.1.3\httpcore5-h2-5.1.3.jar;C:\Users\User-PC\.m2\repository\com\jhlabs\filters\2.0.235\filters-2.0.235.jar;C:\Users\User-PC\.m2\repository\com\paulhammant\ngwebdriver\1.1.6\ngwebdriver-1.1.6.jar;C:\Users\User-PC\.m2\repository\joda-time\joda-time\2.12.2\joda-time-2.12.2.jar;C:\Users\User-PC\.m2\repository\org\hamcrest\hamcrest\2.2\hamcrest-2.2.jar;C:\Users\User-PC\.m2\repository\com\google\jimfs\jimfs\1.2\jimfs-1.2.jar;C:\Users\User-PC\.m2\repository\org\mockito\mockito-core\3.3.3\mockito-core-3.3.3.jar;C:\Users\User-PC\.m2\repository\javax\xml\bind\jaxb-api\2.3.1\jaxb-api-2.3.1.jar;C:\Users\User-PC\.m2\repository\javax\activation\javax.activation-api\1.2.0\javax.activation-api-1.2.0.jar;C:\Users\User-PC\.m2\repository\com\sun\xml\bind\jaxb-core\2.3.0.1\jaxb-core-2.3.0.1.jar;C:\Users\User-PC\.m2\repository\com\sun\xml\bind\jaxb-impl\2.3.3\jaxb-impl-2.3.3.jar;C:\Users\User-PC\.m2\repository\jakarta\xml\bind\jakarta.xml.bind-api\2.3.3\jakarta.xml.bind-api-2.3.3.jar;C:\Users\User-PC\.m2\repository\com\sun\activation\jakarta.activation\1.2.2\jakarta.activation-1.2.2.jar;C:\Users\User-PC\.m2\repository\javax\activation\activation\1.1.1\activation-1.1.1.jar;C:\Users\User-PC\.m2\repository\net\serenity-bdd\serenity-cucumber\3.6.21\serenity-cucumber-3.6.21.jar;C:\Users\User-PC\.m2\repository\io\cucumber\cucumber-core\7.11.0\cucumber-core-7.11.0.jar;C:\Users\User-PC\.m2\repository\io\cucumber\cucumber-gherkin\7.11.0\cucumber-gherkin-7.11.0.jar;C:\Users\User-PC\.m2\repository\io\cucumber\cucumber-gherkin-messages\7.11.0\cucumber-gherkin-messages-7.11.0.jar;C:\Users\User-PC\.m2\repository\io\cucumber\gherkin\26.0.3\gherkin-26.0.3.jar;C:\Users\User-PC\.m2\repository\io\cucumber\messages\21.0.1\messages-21.0.1.jar;C:\Users\User-PC\.m2\repository\io\cucumber\tag-expressions\5.0.1\tag-expressions-5.0.1.jar;C:\Users\User-PC\.m2\repository\io\cucumber\cucumber-expressions\16.1.1\cucumber-expressions-16.1.1.jar;C:\Users\User-PC\.m2\repository\io\cucumber\datatable\7.11.0\datatable-7.11.0.jar;C:\Users\User-PC\.m2\repository\io\cucumber\cucumber-plugin\7.11.0\cucumber-plugin-7.11.0.jar;C:\Users\User-PC\.m2\repository\io\cucumber\docstring\7.11.0\docstring-7.11.0.jar;C:\Users\User-PC\.m2\repository\io\cucumber\html-formatter\20.2.1\html-formatter-20.2.1.jar;C:\Users\User-PC\.m2\repository\io\cucumber\junit-xml-formatter\0.1.0\junit-xml-formatter-0.1.0.jar;C:\Users\User-PC\.m2\repository\io\cucumber\ci-environment\9.1.0\ci-environment-9.1.0.jar;C:\Users\User-PC\.m2\repository\io\cucumber\cucumber-java\7.11.0\cucumber-java-7.11.0.jar;C:\Users\User-PC\.m2\repository\io\cucumber\cucumber-junit\7.11.0\cucumber-junit-7.11.0.jar;C:\Users\User-PC\.m2\repository\org\apache\commons\commons-csv\1.5\commons-csv-1.5.jar;C:\Users\User-PC\.m2\repository\net\serenity-bdd\serenity-screenplay\3.6.21\serenity-screenplay-3.6.21.jar;C:\Users\User-PC\.m2\repository\net\serenity-bdd\serenity-screenplay-webdriver\3.6.21\serenity-screenplay-webdriver-3.6.21.jar;C:\Users\User-PC\.m2\repository\net\serenity-bdd\serenity-ensure\3.6.21\serenity-ensure-3.6.21.jar;C:\Users\User-PC\.m2\repository\net\serenity-bdd\serenity-junit\3.6.21\serenity-junit-3.6.21.jar;C:\Users\User-PC\.m2\repository\org\jetbrains\kotlin\kotlin-stdlib\1.8.10\kotlin-stdlib-1.8.10.jar;C:\Users\User-PC\.m2\repository\org\jetbrains\kotlin\kotlin-stdlib-common\1.8.10\kotlin-stdlib-common-1.8.10.jar;C:\Users\User-PC\.m2\repository\org\jetbrains\annotations\13.0\annotations-13.0.jar;C:\Users\User-PC\.m2\repository\org\junit\platform\junit-platform-launcher\1.8.2\junit-platform-launcher-1.8.2.jar;C:\Users\User-PC\.m2\repository\org\junit\platform\junit-platform-engine\1.8.2\junit-platform-engine-1.8.2.jar;C:\Users\User-PC\.m2\repository\org\opentest4j\opentest4j\1.2.0\opentest4j-1.2.0.jar;C:\Users\User-PC\.m2\repository\org\junit\platform\junit-platform-commons\1.8.2\junit-platform-commons-1.8.2.jar;C:\Users\User-PC\.m2\repository\org\apiguardian\apiguardian-api\1.1.2\apiguardian-api-1.1.2.jar;C:\Users\User-PC\.m2\repository\org\junit\jupiter\junit-jupiter-engine\5.8.2\junit-jupiter-engine-5.8.2.jar;C:\Users\User-PC\.m2\repository\org\junit\jupiter\junit-jupiter-api\5.8.2\junit-jupiter-api-5.8.2.jar;C:\Users\User-PC\.m2\repository\org\junit\vintage\junit-vintage-engine\5.8.2\junit-vintage-engine-5.8.2.jar;C:\Users\User-PC\.m2\repository\junit\junit\4.13.2\junit-4.13.2.jar;C:\Users\User-PC\.m2\repository\org\hamcrest\hamcrest-core\1.3\hamcrest-core-1.3.jar;C:\Users\User-PC\.m2\repository\ch\qos\logback\logback-classic\1.2.10\logback-classic-1.2.10.jar;C:\Users\User-PC\.m2\repository\ch\qos\logback\logback-core\1.2.10\logback-core-1.2.10.jar;C:\Users\User-PC\.m2\repository\org\slf4j\slf4j-api\1.7.32\slf4j-api-1.7.32.jar;C:\Users\User-PC\.m2\repository\org\assertj\assertj-core\3.23.1\assertj-core-3.23.1.jar;C:\Users\User-PC\.m2\repository\net\bytebuddy\byte-buddy\1.12.10\byte-buddy-1.12.10.jar;"/>
    <property name="java.vm.vendor" value="BellSoft"/>
    <property name="sun.arch.data.model" value="64"/>
    <property name="user.variant" value=""/>
    <property name="java.vendor.url" value="https://bell-sw.com/"/>
    <property name="user.timezone" value="Asia/Krasnoyarsk"/>
    <property name="os.name" value="Windows 11"/>
    <property name="java.vm.specification.version" value="17"/>
    <property name="sun.java.launcher" value="SUN_STANDARD"/>
    <property name="user.country" value="ID"/>
    <property name="sun.boot.library.path" value="C:\Program Files\BellSoft\LibericaJDK-17\bin"/>
    <property name="sun.java.command" value="org.apache.maven.surefire.booter.ForkedBooter C:\Users\User-PC\AppData\Local\Temp\surefire486294426056090139 2023-06-27T12-42-02_801-jvmRun1 surefire968908495641377904tmp surefire_04174460596114152301tmp"/>
    <property name="jdk.debug" value="release"/>
    <property name="surefire.test.class.path" value="D:\alta\Capstone\WEB\CapstoneWEB\target\test-classes;C:\Users\User-PC\.m2\repository\net\serenity-bdd\serenity-core\3.6.21\serenity-core-3.6.21.jar;C:\Users\User-PC\.m2\repository\net\serenity-bdd\serenity-model\3.6.21\serenity-model-3.6.21.jar;C:\Users\User-PC\.m2\repository\org\apache\commons\commons-text\1.10.0\commons-text-1.10.0.jar;C:\Users\User-PC\.m2\repository\commons-net\commons-net\3.9.0\commons-net-3.9.0.jar;C:\Users\User-PC\.m2\repository\com\google\guava\guava\31.1-jre\guava-31.1-jre.jar;C:\Users\User-PC\.m2\repository\com\google\guava\failureaccess\1.0.1\failureaccess-1.0.1.jar;C:\Users\User-PC\.m2\repository\com\google\guava\listenablefuture\9999.0-empty-to-avoid-conflict-with-guava\listenablefuture-9999.0-empty-to-avoid-conflict-with-guava.jar;C:\Users\User-PC\.m2\repository\com\google\code\findbugs\jsr305\3.0.2\jsr305-3.0.2.jar;C:\Users\User-PC\.m2\repository\org\checkerframework\checker-qual\3.12.0\checker-qual-3.12.0.jar;C:\Users\User-PC\.m2\repository\com\google\errorprone\error_prone_annotations\2.11.0\error_prone_annotations-2.11.0.jar;C:\Users\User-PC\.m2\repository\com\google\j2objc\j2objc-annotations\1.3\j2objc-annotations-1.3.jar;C:\Users\User-PC\.m2\repository\com\google\inject\guice\5.1.0\guice-5.1.0.jar;C:\Users\User-PC\.m2\repository\javax\inject\javax.inject\1\javax.inject-1.jar;C:\Users\User-PC\.m2\repository\aopalliance\aopalliance\1.0\aopalliance-1.0.jar;C:\Users\User-PC\.m2\repository\org\jsoup\jsoup\1.14.3\jsoup-1.14.3.jar;C:\Users\User-PC\.m2\repository\com\thoughtworks\xstream\xstream\1.4.20\xstream-1.4.20.jar;C:\Users\User-PC\.m2\repository\io\github\x-stream\mxparser\1.2.2\mxparser-1.2.2.jar;C:\Users\User-PC\.m2\repository\xmlpull\xmlpull\1.1.3.1\xmlpull-1.1.3.1.jar;C:\Users\User-PC\.m2\repository\com\typesafe\config\1.4.2\config-1.4.2.jar;C:\Users\User-PC\.m2\repository\org\imgscalr\imgscalr-lib\4.2\imgscalr-lib-4.2.jar;C:\Users\User-PC\.m2\repository\org\awaitility\awaitility\4.2.0\awaitility-4.2.0.jar;C:\Users\User-PC\.m2\repository\org\freemarker\freemarker\2.3.31\freemarker-2.3.31.jar;C:\Users\User-PC\.m2\repository\io\github\classgraph\classgraph\4.8.138\classgraph-4.8.138.jar;C:\Users\User-PC\.m2\repository\net\sourceforge\jexcelapi\jxl\2.6.12\jxl-2.6.12.jar;C:\Users\User-PC\.m2\repository\net\bytebuddy\byte-buddy-agent\1.14.2\byte-buddy-agent-1.14.2.jar;C:\Users\User-PC\.m2\repository\org\objenesis\objenesis\3.3\objenesis-3.3.jar;C:\Users\User-PC\.m2\repository\net\serenity-bdd\serenity-reports\3.6.21\serenity-reports-3.6.21.jar;C:\Users\User-PC\.m2\repository\net\serenity-bdd\serenity-stats\3.6.21\serenity-stats-3.6.21.jar;C:\Users\User-PC\.m2\repository\net\serenity-bdd\serenity-reports-configuration\3.6.21\serenity-reports-configuration-3.6.21.jar;C:\Users\User-PC\.m2\repository\com\vladsch\flexmark\flexmark-all\0.62.2\flexmark-all-0.62.2.jar;C:\Users\User-PC\.m2\repository\com\vladsch\flexmark\flexmark\0.62.2\flexmark-0.62.2.jar;C:\Users\User-PC\.m2\repository\com\vladsch\flexmark\flexmark-ext-abbreviation\0.62.2\flexmark-ext-abbreviation-0.62.2.jar;C:\Users\User-PC\.m2\repository\com\vladsch\flexmark\flexmark-util\0.62.2\flexmark-util-0.62.2.jar;C:\Users\User-PC\.m2\repository\com\vladsch\flexmark\flexmark-ext-admonition\0.62.2\flexmark-ext-admonition-0.62.2.jar;C:\Users\User-PC\.m2\repository\com\vladsch\flexmark\flexmark-ext-anchorlink\0.62.2\flexmark-ext-anchorlink-0.62.2.jar;C:\Users\User-PC\.m2\repository\com\vladsch\flexmark\flexmark-ext-aside\0.62.2\flexmark-ext-aside-0.62.2.jar;C:\Users\User-PC\.m2\repository\com\vladsch\flexmark\flexmark-ext-attributes\0.62.2\flexmark-ext-attributes-0.62.2.jar;C:\Users\User-PC\.m2\repository\com\vladsch\flexmark\flexmark-ext-autolink\0.62.2\flexmark-ext-autolink-0.62.2.jar;C:\Users\User-PC\.m2\repository\org\nibor\autolink\autolink\0.6.0\autolink-0.6.0.jar;C:\Users\User-PC\.m2\repository\com\vladsch\flexmark\flexmark-ext-definition\0.62.2\flexmark-ext-definition-0.62.2.jar;C:\Users\User-PC\.m2\repository\com\vladsch\flexmark\flexmark-ext-emoji\0.62.2\flexmark-ext-emoji-0.62.2.jar;C:\Users\User-PC\.m2\repository\com\vladsch\flexmark\flexmark-ext-enumerated-reference\0.62.2\flexmark-ext-enumerated-reference-0.62.2.jar;C:\Users\User-PC\.m2\repository\com\vladsch\flexmark\flexmark-ext-escaped-character\0.62.2\flexmark-ext-escaped-character-0.62.2.jar;C:\Users\User-PC\.m2\repository\com\vladsch\flexmark\flexmark-ext-footnotes\0.62.2\flexmark-ext-footnotes-0.62.2.jar;C:\Users\User-PC\.m2\repository\com\vladsch\flexmark\flexmark-ext-gfm-issues\0.62.2\flexmark-ext-gfm-issues-0.62.2.jar;C:\Users\User-PC\.m2\repository\com\vladsch\flexmark\flexmark-ext-gfm-strikethrough\0.62.2\flexmark-ext-gfm-strikethrough-0.62.2.jar;C:\Users\User-PC\.m2\repository\com\vladsch\flexmark\flexmark-ext-gfm-tasklist\0.62.2\flexmark-ext-gfm-tasklist-0.62.2.jar;C:\Users\User-PC\.m2\repository\com\vladsch\flexmark\flexmark-ext-gfm-users\0.62.2\flexmark-ext-gfm-users-0.62.2.jar;C:\Users\User-PC\.m2\repository\com\vladsch\flexmark\flexmark-ext-gitlab\0.62.2\flexmark-ext-gitlab-0.62.2.jar;C:\Users\User-PC\.m2\repository\com\vladsch\flexmark\flexmark-ext-jekyll-front-matter\0.62.2\flexmark-ext-jekyll-front-matter-0.62.2.jar;C:\Users\User-PC\.m2\repository\com\vladsch\flexmark\flexmark-ext-jekyll-tag\0.62.2\flexmark-ext-jekyll-tag-0.62.2.jar;C:\Users\User-PC\.m2\repository\com\vladsch\flexmark\flexmark-ext-media-tags\0.62.2\flexmark-ext-media-tags-0.62.2.jar;C:\Users\User-PC\.m2\repository\com\vladsch\flexmark\flexmark-ext-macros\0.62.2\flexmark-ext-macros-0.62.2.jar;C:\Users\User-PC\.m2\repository\com\vladsch\flexmark\flexmark-ext-ins\0.62.2\flexmark-ext-ins-0.62.2.jar;C:\Users\User-PC\.m2\repository\com\vladsch\flexmark\flexmark-ext-xwiki-macros\0.62.2\flexmark-ext-xwiki-macros-0.62.2.jar;C:\Users\User-PC\.m2\repository\com\vladsch\flexmark\flexmark-ext-superscript\0.62.2\flexmark-ext-superscript-0.62.2.jar;C:\Users\User-PC\.m2\repository\com\vladsch\flexmark\flexmark-ext-tables\0.62.2\flexmark-ext-tables-0.62.2.jar;C:\Users\User-PC\.m2\repository\com\vladsch\flexmark\flexmark-ext-toc\0.62.2\flexmark-ext-toc-0.62.2.jar;C:\Users\User-PC\.m2\repository\com\vladsch\flexmark\flexmark-ext-typographic\0.62.2\flexmark-ext-typographic-0.62.2.jar;C:\Users\User-PC\.m2\repository\com\vladsch\flexmark\flexmark-ext-wikilink\0.62.2\flexmark-ext-wikilink-0.62.2.jar;C:\Users\User-PC\.m2\repository\com\vladsch\flexmark\flexmark-ext-yaml-front-matter\0.62.2\flexmark-ext-yaml-front-matter-0.62.2.jar;C:\Users\User-PC\.m2\repository\com\vladsch\flexmark\flexmark-ext-youtube-embedded\0.62.2\flexmark-ext-youtube-embedded-0.62.2.jar;C:\Users\User-PC\.m2\repository\com\vladsch\flexmark\flexmark-html2md-converter\0.62.2\flexmark-html2md-converter-0.62.2.jar;C:\Users\User-PC\.m2\repository\com\vladsch\flexmark\flexmark-jira-converter\0.62.2\flexmark-jira-converter-0.62.2.jar;C:\Users\User-PC\.m2\repository\com\vladsch\flexmark\flexmark-pdf-converter\0.62.2\flexmark-pdf-converter-0.62.2.jar;C:\Users\User-PC\.m2\repository\com\openhtmltopdf\openhtmltopdf-core\1.0.0\openhtmltopdf-core-1.0.0.jar;C:\Users\User-PC\.m2\repository\com\openhtmltopdf\openhtmltopdf-pdfbox\1.0.0\openhtmltopdf-pdfbox-1.0.0.jar;C:\Users\User-PC\.m2\repository\org\apache\pdfbox\pdfbox\2.0.16\pdfbox-2.0.16.jar;C:\Users\User-PC\.m2\repository\org\apache\pdfbox\fontbox\2.0.16\fontbox-2.0.16.jar;C:\Users\User-PC\.m2\repository\org\apache\pdfbox\xmpbox\2.0.16\xmpbox-2.0.16.jar;C:\Users\User-PC\.m2\repository\de\rototor\pdfbox\graphics2d\0.24\graphics2d-0.24.jar;C:\Users\User-PC\.m2\repository\com\openhtmltopdf\openhtmltopdf-rtl-support\1.0.0\openhtmltopdf-rtl-support-1.0.0.jar;C:\Users\User-PC\.m2\repository\com\openhtmltopdf\openhtmltopdf-jsoup-dom-converter\1.0.0\openhtmltopdf-jsoup-dom-converter-1.0.0.jar;C:\Users\User-PC\.m2\repository\com\vladsch\flexmark\flexmark-profile-pegdown\0.62.2\flexmark-profile-pegdown-0.62.2.jar;C:\Users\User-PC\.m2\repository\com\vladsch\flexmark\flexmark-util-ast\0.62.2\flexmark-util-ast-0.62.2.jar;C:\Users\User-PC\.m2\repository\com\vladsch\flexmark\flexmark-util-builder\0.62.2\flexmark-util-builder-0.62.2.jar;C:\Users\User-PC\.m2\repository\com\vladsch\flexmark\flexmark-util-collection\0.62.2\flexmark-util-collection-0.62.2.jar;C:\Users\User-PC\.m2\repository\com\vladsch\flexmark\flexmark-util-data\0.62.2\flexmark-util-data-0.62.2.jar;C:\Users\User-PC\.m2\repository\com\vladsch\flexmark\flexmark-util-dependency\0.62.2\flexmark-util-dependency-0.62.2.jar;C:\Users\User-PC\.m2\repository\com\vladsch\flexmark\flexmark-util-format\0.62.2\flexmark-util-format-0.62.2.jar;C:\Users\User-PC\.m2\repository\com\vladsch\flexmark\flexmark-util-html\0.62.2\flexmark-util-html-0.62.2.jar;C:\Users\User-PC\.m2\repository\com\vladsch\flexmark\flexmark-util-misc\0.62.2\flexmark-util-misc-0.62.2.jar;C:\Users\User-PC\.m2\repository\com\vladsch\flexmark\flexmark-util-options\0.62.2\flexmark-util-options-0.62.2.jar;C:\Users\User-PC\.m2\repository\com\vladsch\flexmark\flexmark-util-sequence\0.62.2\flexmark-util-sequence-0.62.2.jar;C:\Users\User-PC\.m2\repository\com\vladsch\flexmark\flexmark-util-visitor\0.62.2\flexmark-util-visitor-0.62.2.jar;C:\Users\User-PC\.m2\repository\com\vladsch\flexmark\flexmark-youtrack-converter\0.62.2\flexmark-youtrack-converter-0.62.2.jar;C:\Users\User-PC\.m2\repository\com\ibm\icu\icu4j\72.1\icu4j-72.1.jar;C:\Users\User-PC\.m2\repository\es\nitaur\markdown\txtmark\0.16\txtmark-0.16.jar;C:\Users\User-PC\.m2\repository\net\serenity-bdd\serenity-report-resources\3.6.21\serenity-report-resources-3.6.21.jar;C:\Users\User-PC\.m2\repository\com\google\code\gson\gson\2.10.1\gson-2.10.1.jar;C:\Users\User-PC\.m2\repository\com\fasterxml\jackson\core\jackson-core\2.15.0-rc1\jackson-core-2.15.0-rc1.jar;C:\Users\User-PC\.m2\repository\com\fasterxml\jackson\core\jackson-databind\2.15.0-rc1\jackson-databind-2.15.0-rc1.jar;C:\Users\User-PC\.m2\repository\com\fasterxml\jackson\core\jackson-annotations\2.15.0-rc1\jackson-annotations-2.15.0-rc1.jar;C:\Users\User-PC\.m2\repository\commons-codec\commons-codec\1.15\commons-codec-1.15.jar;C:\Users\User-PC\.m2\repository\commons-io\commons-io\2.11.0\commons-io-2.11.0.jar;C:\Users\User-PC\.m2\repository\org\apache\httpcomponents\httpclient\4.5.13\httpclient-4.5.13.jar;C:\Users\User-PC\.m2\repository\org\apache\httpcomponents\httpcore\4.4.13\httpcore-4.4.13.jar;C:\Users\User-PC\.m2\repository\commons-logging\commons-logging\1.2\commons-logging-1.2.jar;C:\Users\User-PC\.m2\repository\org\seleniumhq\selenium\selenium-java\4.8.1\selenium-java-4.8.1.jar;C:\Users\User-PC\.m2\repository\org\seleniumhq\selenium\selenium-devtools-v108\4.8.1\selenium-devtools-v108-4.8.1.jar;C:\Users\User-PC\.m2\repository\org\seleniumhq\selenium\selenium-devtools-v109\4.8.1\selenium-devtools-v109-4.8.1.jar;C:\Users\User-PC\.m2\repository\org\seleniumhq\selenium\selenium-devtools-v110\4.8.1\selenium-devtools-v110-4.8.1.jar;C:\Users\User-PC\.m2\repository\org\seleniumhq\selenium\selenium-devtools-v85\4.8.1\selenium-devtools-v85-4.8.1.jar;C:\Users\User-PC\.m2\repository\org\seleniumhq\selenium\selenium-remote-driver\4.8.1\selenium-remote-driver-4.8.1.jar;C:\Users\User-PC\.m2\repository\com\beust\jcommander\1.82\jcommander-1.82.jar;C:\Users\User-PC\.m2\repository\io\netty\netty-buffer\4.1.87.Final\netty-buffer-4.1.87.Final.jar;C:\Users\User-PC\.m2\repository\io\netty\netty-codec-http\4.1.87.Final\netty-codec-http-4.1.87.Final.jar;C:\Users\User-PC\.m2\repository\io\netty\netty-codec\4.1.87.Final\netty-codec-4.1.87.Final.jar;C:\Users\User-PC\.m2\repository\io\netty\netty-handler\4.1.87.Final\netty-handler-4.1.87.Final.jar;C:\Users\User-PC\.m2\repository\io\netty\netty-common\4.1.87.Final\netty-common-4.1.87.Final.jar;C:\Users\User-PC\.m2\repository\io\netty\netty-transport-classes-epoll\4.1.87.Final\netty-transport-classes-epoll-4.1.87.Final.jar;C:\Users\User-PC\.m2\repository\io\netty\netty-transport-classes-kqueue\4.1.87.Final\netty-transport-classes-kqueue-4.1.87.Final.jar;C:\Users\User-PC\.m2\repository\io\netty\netty-transport-native-epoll\4.1.87.Final\netty-transport-native-epoll-4.1.87.Final.jar;C:\Users\User-PC\.m2\repository\io\netty\netty-transport-native-kqueue\4.1.87.Final\netty-transport-native-kqueue-4.1.87.Final.jar;C:\Users\User-PC\.m2\repository\io\netty\netty-transport-native-unix-common\4.1.87.Final\netty-transport-native-unix-common-4.1.87.Final.jar;C:\Users\User-PC\.m2\repository\io\netty\netty-transport\4.1.87.Final\netty-transport-4.1.87.Final.jar;C:\Users\User-PC\.m2\repository\io\netty\netty-resolver\4.1.87.Final\netty-resolver-4.1.87.Final.jar;C:\Users\User-PC\.m2\repository\io\opentelemetry\opentelemetry-api\1.22.0\opentelemetry-api-1.22.0.jar;C:\Users\User-PC\.m2\repository\io\opentelemetry\opentelemetry-context\1.22.0\opentelemetry-context-1.22.0.jar;C:\Users\User-PC\.m2\repository\io\opentelemetry\opentelemetry-exporter-logging\1.22.0\opentelemetry-exporter-logging-1.22.0.jar;C:\Users\User-PC\.m2\repository\io\opentelemetry\opentelemetry-sdk-metrics\1.22.0\opentelemetry-sdk-metrics-1.22.0.jar;C:\Users\User-PC\.m2\repository\io\opentelemetry\opentelemetry-sdk-logs\1.22.0-alpha\opentelemetry-sdk-logs-1.22.0-alpha.jar;C:\Users\User-PC\.m2\repository\io\opentelemetry\opentelemetry-api-logs\1.22.0-alpha\opentelemetry-api-logs-1.22.0-alpha.jar;C:\Users\User-PC\.m2\repository\io\opentelemetry\opentelemetry-sdk-common\1.22.0\opentelemetry-sdk-common-1.22.0.jar;C:\Users\User-PC\.m2\repository\io\opentelemetry\opentelemetry-sdk-extension-autoconfigure-spi\1.22.0\opentelemetry-sdk-extension-autoconfigure-spi-1.22.0.jar;C:\Users\User-PC\.m2\repository\io\opentelemetry\opentelemetry-sdk-extension-autoconfigure\1.22.0-alpha\opentelemetry-sdk-extension-autoconfigure-1.22.0-alpha.jar;C:\Users\User-PC\.m2\repository\io\opentelemetry\opentelemetry-sdk-trace\1.22.0\opentelemetry-sdk-trace-1.22.0.jar;C:\Users\User-PC\.m2\repository\io\opentelemetry\opentelemetry-sdk\1.22.0\opentelemetry-sdk-1.22.0.jar;C:\Users\User-PC\.m2\repository\io\opentelemetry\opentelemetry-semconv\1.22.0-alpha\opentelemetry-semconv-1.22.0-alpha.jar;C:\Users\User-PC\.m2\repository\io\ous\jtoml\2.0.0\jtoml-2.0.0.jar;C:\Users\User-PC\.m2\repository\org\apache\commons\commons-exec\1.3\commons-exec-1.3.jar;C:\Users\User-PC\.m2\repository\org\asynchttpclient\async-http-client\2.12.3\async-http-client-2.12.3.jar;C:\Users\User-PC\.m2\repository\org\asynchttpclient\async-http-client-netty-utils\2.12.3\async-http-client-netty-utils-2.12.3.jar;C:\Users\User-PC\.m2\repository\io\netty\netty-codec-socks\4.1.60.Final\netty-codec-socks-4.1.60.Final.jar;C:\Users\User-PC\.m2\repository\io\netty\netty-handler-proxy\4.1.60.Final\netty-handler-proxy-4.1.60.Final.jar;C:\Users\User-PC\.m2\repository\io\netty\netty-transport-native-epoll\4.1.60.Final\netty-transport-native-epoll-4.1.60.Final-linux-x86_64.jar;C:\Users\User-PC\.m2\repository\io\netty\netty-transport-native-kqueue\4.1.60.Final\netty-transport-native-kqueue-4.1.60.Final-osx-x86_64.jar;C:\Users\User-PC\.m2\repository\org\reactivestreams\reactive-streams\1.0.3\reactive-streams-1.0.3.jar;C:\Users\User-PC\.m2\repository\com\typesafe\netty\netty-reactive-streams\2.0.4\netty-reactive-streams-2.0.4.jar;C:\Users\User-PC\.m2\repository\org\seleniumhq\selenium\selenium-manager\4.8.1\selenium-manager-4.8.1.jar;C:\Users\User-PC\.m2\repository\org\seleniumhq\selenium\selenium-safari-driver\4.8.1\selenium-safari-driver-4.8.1.jar;C:\Users\User-PC\.m2\repository\org\seleniumhq\selenium\selenium-api\4.8.1\selenium-api-4.8.1.jar;C:\Users\User-PC\.m2\repository\org\seleniumhq\selenium\selenium-support\4.8.1\selenium-support-4.8.1.jar;C:\Users\User-PC\.m2\repository\com\google\auto\service\auto-service-annotations\1.0.1\auto-service-annotations-1.0.1.jar;C:\Users\User-PC\.m2\repository\com\google\auto\service\auto-service\1.0.1\auto-service-1.0.1.jar;C:\Users\User-PC\.m2\repository\com\google\auto\auto-common\1.2\auto-common-1.2.jar;C:\Users\User-PC\.m2\repository\org\seleniumhq\selenium\selenium-json\4.8.1\selenium-json-4.8.1.jar;C:\Users\User-PC\.m2\repository\org\seleniumhq\selenium\selenium-chrome-driver\4.8.1\selenium-chrome-driver-4.8.1.jar;C:\Users\User-PC\.m2\repository\org\seleniumhq\selenium\selenium-chromium-driver\4.8.1\selenium-chromium-driver-4.8.1.jar;C:\Users\User-PC\.m2\repository\org\seleniumhq\selenium\selenium-firefox-driver\4.8.1\selenium-firefox-driver-4.8.1.jar;C:\Users\User-PC\.m2\repository\org\seleniumhq\selenium\selenium-http\4.8.1\selenium-http-4.8.1.jar;C:\Users\User-PC\.m2\repository\dev\failsafe\failsafe\3.3.0\failsafe-3.3.0.jar;C:\Users\User-PC\.m2\repository\org\seleniumhq\selenium\selenium-edge-driver\4.8.1\selenium-edge-driver-4.8.1.jar;C:\Users\User-PC\.m2\repository\org\seleniumhq\selenium\selenium-ie-driver\4.8.1\selenium-ie-driver-4.8.1.jar;C:\Users\User-PC\.m2\repository\org\projectlombok\lombok\1.18.20\lombok-1.18.20.jar;C:\Users\User-PC\.m2\repository\io\appium\java-client\8.3.0\java-client-8.3.0.jar;C:\Users\User-PC\.m2\repository\commons-validator\commons-validator\1.7\commons-validator-1.7.jar;C:\Users\User-PC\.m2\repository\commons-digester\commons-digester\2.1\commons-digester-2.1.jar;C:\Users\User-PC\.m2\repository\org\apache\groovy\groovy\4.0.10\groovy-4.0.10.jar;C:\Users\User-PC\.m2\repository\net\sf\opencsv\opencsv\2.0\opencsv-2.0.jar;C:\Users\User-PC\.m2\repository\commons-beanutils\commons-beanutils\1.9.4\commons-beanutils-1.9.4.jar;C:\Users\User-PC\.m2\repository\org\apache\commons\commons-lang3\3.12.0\commons-lang3-3.12.0.jar;C:\Users\User-PC\.m2\repository\commons-collections\commons-collections\3.2.2\commons-collections-3.2.2.jar;C:\Users\User-PC\.m2\repository\org\fluentlenium\fluentlenium-core\0.10.2\fluentlenium-core-0.10.2.jar;C:\Users\User-PC\.m2\repository\io\github\bonigarcia\webdrivermanager\5.3.0\webdrivermanager-5.3.0.jar;C:\Users\User-PC\.m2\repository\com\github\docker-java\docker-java\3.2.13\docker-java-3.2.13.jar;C:\Users\User-PC\.m2\repository\com\github\docker-java\docker-java-core\3.2.13\docker-java-core-3.2.13.jar;C:\Users\User-PC\.m2\repository\com\github\docker-java\docker-java-api\3.2.13\docker-java-api-3.2.13.jar;C:\Users\User-PC\.m2\repository\org\apache\commons\commons-compress\1.21\commons-compress-1.21.jar;C:\Users\User-PC\.m2\repository\org\bouncycastle\bcpkix-jdk15on\1.64\bcpkix-jdk15on-1.64.jar;C:\Users\User-PC\.m2\repository\org\bouncycastle\bcprov-jdk15on\1.64\bcprov-jdk15on-1.64.jar;C:\Users\User-PC\.m2\repository\org\slf4j\jcl-over-slf4j\1.7.30\jcl-over-slf4j-1.7.30.jar;C:\Users\User-PC\.m2\repository\com\github\docker-java\docker-java-transport-httpclient5\3.2.13\docker-java-transport-httpclient5-3.2.13.jar;C:\Users\User-PC\.m2\repository\com\github\docker-java\docker-java-transport\3.2.13\docker-java-transport-3.2.13.jar;C:\Users\User-PC\.m2\repository\net\java\dev\jna\jna\5.8.0\jna-5.8.0.jar;C:\Users\User-PC\.m2\repository\org\brotli\dec\0.1.2\dec-0.1.2.jar;C:\Users\User-PC\.m2\repository\org\apache\httpcomponents\client5\httpclient5\5.1.3\httpclient5-5.1.3.jar;C:\Users\User-PC\.m2\repository\org\apache\httpcomponents\core5\httpcore5\5.1.3\httpcore5-5.1.3.jar;C:\Users\User-PC\.m2\repository\org\apache\httpcomponents\core5\httpcore5-h2\5.1.3\httpcore5-h2-5.1.3.jar;C:\Users\User-PC\.m2\repository\com\jhlabs\filters\2.0.235\filters-2.0.235.jar;C:\Users\User-PC\.m2\repository\com\paulhammant\ngwebdriver\1.1.6\ngwebdriver-1.1.6.jar;C:\Users\User-PC\.m2\repository\joda-time\joda-time\2.12.2\joda-time-2.12.2.jar;C:\Users\User-PC\.m2\repository\org\hamcrest\hamcrest\2.2\hamcrest-2.2.jar;C:\Users\User-PC\.m2\repository\com\google\jimfs\jimfs\1.2\jimfs-1.2.jar;C:\Users\User-PC\.m2\repository\org\mockito\mockito-core\3.3.3\mockito-core-3.3.3.jar;C:\Users\User-PC\.m2\repository\javax\xml\bind\jaxb-api\2.3.1\jaxb-api-2.3.1.jar;C:\Users\User-PC\.m2\repository\javax\activation\javax.activation-api\1.2.0\javax.activation-api-1.2.0.jar;C:\Users\User-PC\.m2\repository\com\sun\xml\bind\jaxb-core\2.3.0.1\jaxb-core-2.3.0.1.jar;C:\Users\User-PC\.m2\repository\com\sun\xml\bind\jaxb-impl\2.3.3\jaxb-impl-2.3.3.jar;C:\Users\User-PC\.m2\repository\jakarta\xml\bind\jakarta.xml.bind-api\2.3.3\jakarta.xml.bind-api-2.3.3.jar;C:\Users\User-PC\.m2\repository\com\sun\activation\jakarta.activation\1.2.2\jakarta.activation-1.2.2.jar;C:\Users\User-PC\.m2\repository\javax\activation\activation\1.1.1\activation-1.1.1.jar;C:\Users\User-PC\.m2\repository\net\serenity-bdd\serenity-cucumber\3.6.21\serenity-cucumber-3.6.21.jar;C:\Users\User-PC\.m2\repository\io\cucumber\cucumber-core\7.11.0\cucumber-core-7.11.0.jar;C:\Users\User-PC\.m2\repository\io\cucumber\cucumber-gherkin\7.11.0\cucumber-gherkin-7.11.0.jar;C:\Users\User-PC\.m2\repository\io\cucumber\cucumber-gherkin-messages\7.11.0\cucumber-gherkin-messages-7.11.0.jar;C:\Users\User-PC\.m2\repository\io\cucumber\gherkin\26.0.3\gherkin-26.0.3.jar;C:\Users\User-PC\.m2\repository\io\cucumber\messages\21.0.1\messages-21.0.1.jar;C:\Users\User-PC\.m2\repository\io\cucumber\tag-expressions\5.0.1\tag-expressions-5.0.1.jar;C:\Users\User-PC\.m2\repository\io\cucumber\cucumber-expressions\16.1.1\cucumber-expressions-16.1.1.jar;C:\Users\User-PC\.m2\repository\io\cucumber\datatable\7.11.0\datatable-7.11.0.jar;C:\Users\User-PC\.m2\repository\io\cucumber\cucumber-plugin\7.11.0\cucumber-plugin-7.11.0.jar;C:\Users\User-PC\.m2\repository\io\cucumber\docstring\7.11.0\docstring-7.11.0.jar;C:\Users\User-PC\.m2\repository\io\cucumber\html-formatter\20.2.1\html-formatter-20.2.1.jar;C:\Users\User-PC\.m2\repository\io\cucumber\junit-xml-formatter\0.1.0\junit-xml-formatter-0.1.0.jar;C:\Users\User-PC\.m2\repository\io\cucumber\ci-environment\9.1.0\ci-environment-9.1.0.jar;C:\Users\User-PC\.m2\repository\io\cucumber\cucumber-java\7.11.0\cucumber-java-7.11.0.jar;C:\Users\User-PC\.m2\repository\io\cucumber\cucumber-junit\7.11.0\cucumber-junit-7.11.0.jar;C:\Users\User-PC\.m2\repository\org\apache\commons\commons-csv\1.5\commons-csv-1.5.jar;C:\Users\User-PC\.m2\repository\net\serenity-bdd\serenity-screenplay\3.6.21\serenity-screenplay-3.6.21.jar;C:\Users\User-PC\.m2\repository\net\serenity-bdd\serenity-screenplay-webdriver\3.6.21\serenity-screenplay-webdriver-3.6.21.jar;C:\Users\User-PC\.m2\repository\net\serenity-bdd\serenity-ensure\3.6.21\serenity-ensure-3.6.21.jar;C:\Users\User-PC\.m2\repository\net\serenity-bdd\serenity-junit\3.6.21\serenity-junit-3.6.21.jar;C:\Users\User-PC\.m2\repository\org\jetbrains\kotlin\kotlin-stdlib\1.8.10\kotlin-stdlib-1.8.10.jar;C:\Users\User-PC\.m2\repository\org\jetbrains\kotlin\kotlin-stdlib-common\1.8.10\kotlin-stdlib-common-1.8.10.jar;C:\Users\User-PC\.m2\repository\org\jetbrains\annotations\13.0\annotations-13.0.jar;C:\Users\User-PC\.m2\repository\org\junit\platform\junit-platform-launcher\1.8.2\junit-platform-launcher-1.8.2.jar;C:\Users\User-PC\.m2\repository\org\junit\platform\junit-platform-engine\1.8.2\junit-platform-engine-1.8.2.jar;C:\Users\User-PC\.m2\repository\org\opentest4j\opentest4j\1.2.0\opentest4j-1.2.0.jar;C:\Users\User-PC\.m2\repository\org\junit\platform\junit-platform-commons\1.8.2\junit-platform-commons-1.8.2.jar;C:\Users\User-PC\.m2\repository\org\apiguardian\apiguardian-api\1.1.2\apiguardian-api-1.1.2.jar;C:\Users\User-PC\.m2\repository\org\junit\jupiter\junit-jupiter-engine\5.8.2\junit-jupiter-engine-5.8.2.jar;C:\Users\User-PC\.m2\repository\org\junit\jupiter\junit-jupiter-api\5.8.2\junit-jupiter-api-5.8.2.jar;C:\Users\User-PC\.m2\repository\org\junit\vintage\junit-vintage-engine\5.8.2\junit-vintage-engine-5.8.2.jar;C:\Users\User-PC\.m2\repository\junit\junit\4.13.2\junit-4.13.2.jar;C:\Users\User-PC\.m2\repository\org\hamcrest\hamcrest-core\1.3\hamcrest-core-1.3.jar;C:\Users\User-PC\.m2\repository\ch\qos\logback\logback-classic\1.2.10\logback-classic-1.2.10.jar;C:\Users\User-PC\.m2\repository\ch\qos\logback\logback-core\1.2.10\logback-core-1.2.10.jar;C:\Users\User-PC\.m2\repository\org\slf4j\slf4j-api\1.7.32\slf4j-api-1.7.32.jar;C:\Users\User-PC\.m2\repository\org\assertj\assertj-core\3.23.1\assertj-core-3.23.1.jar;C:\Users\User-PC\.m2\repository\net\bytebuddy\byte-buddy\1.12.10\byte-buddy-1.12.10.jar;"/>
    <property name="sun.cpu.endian" value="little"/>
    <property name="user.home" value="C:\Users\User-PC"/>
    <property name="user.language" value="en"/>
    <property name="java.specification.vendor" value="Oracle Corporation"/>
    <property name="jdk.module.path" value="D:\alta\Capstone\WEB\CapstoneWEB\target\MiniProject-1.0-SNAPSHOT.jar"/>
    <property name="java.version.date" value="2023-01-17"/>
    <property name="java.home" value="C:\Program Files\BellSoft\LibericaJDK-17"/>
    <property name="file.separator" value="\"/>
    <property name="basedir" value="D:\alta\Capstone\WEB\CapstoneWEB"/>
    <property name="java.vm.compressedOopsMode" value="32-bit"/>
    <property name="line.separator" value="&#10;"/>
    <property name="java.vm.specification.vendor" value="Oracle Corporation"/>
    <property name="java.specification.name" value="Java Platform API Specification"/>
    <property name="surefire.real.class.path" value="C:\Users\User-PC\.m2\repository\org\apache\maven\surefire\surefire-booter\3.0.0-M5\surefire-booter-3.0.0-M5.jar;C:\Users\User-PC\.m2\repository\org\apache\maven\surefire\surefire-api\3.0.0-M5\surefire-api-3.0.0-M5.jar;C:\Users\User-PC\.m2\repository\org\apache\maven\surefire\surefire-logger-api\3.0.0-M5\surefire-logger-api-3.0.0-M5.jar;C:\Users\User-PC\.m2\repository\org\apache\maven\surefire\surefire-shared-utils\3.0.0-M4\surefire-shared-utils-3.0.0-M4.jar;C:\Users\User-PC\.m2\repository\org\apache\maven\surefire\surefire-extensions-spi\3.0.0-M5\surefire-extensions-spi-3.0.0-M5.jar;D:\alta\Capstone\WEB\CapstoneWEB\target\test-classes;C:\Users\User-PC\.m2\repository\net\serenity-bdd\serenity-core\3.6.21\serenity-core-3.6.21.jar;C:\Users\User-PC\.m2\repository\net\serenity-bdd\serenity-model\3.6.21\serenity-model-3.6.21.jar;C:\Users\User-PC\.m2\repository\org\apache\commons\commons-text\1.10.0\commons-text-1.10.0.jar;C:\Users\User-PC\.m2\repository\commons-net\commons-net\3.9.0\commons-net-3.9.0.jar;C:\Users\User-PC\.m2\repository\com\google\guava\guava\31.1-jre\guava-31.1-jre.jar;C:\Users\User-PC\.m2\repository\com\google\guava\failureaccess\1.0.1\failureaccess-1.0.1.jar;C:\Users\User-PC\.m2\repository\com\google\guava\listenablefuture\9999.0-empty-to-avoid-conflict-with-guava\listenablefuture-9999.0-empty-to-avoid-conflict-with-guava.jar;C:\Users\User-PC\.m2\repository\com\google\code\findbugs\jsr305\3.0.2\jsr305-3.0.2.jar;C:\Users\User-PC\.m2\repository\org\checkerframework\checker-qual\3.12.0\checker-qual-3.12.0.jar;C:\Users\User-PC\.m2\repository\com\google\errorprone\error_prone_annotations\2.11.0\error_prone_annotations-2.11.0.jar;C:\Users\User-PC\.m2\repository\com\google\j2objc\j2objc-annotations\1.3\j2objc-annotations-1.3.jar;C:\Users\User-PC\.m2\repository\com\google\inject\guice\5.1.0\guice-5.1.0.jar;C:\Users\User-PC\.m2\repository\javax\inject\javax.inject\1\javax.inject-1.jar;C:\Users\User-PC\.m2\repository\aopalliance\aopalliance\1.0\aopalliance-1.0.jar;C:\Users\User-PC\.m2\repository\org\jsoup\jsoup\1.14.3\jsoup-1.14.3.jar;C:\Users\User-PC\.m2\repository\com\thoughtworks\xstream\xstream\1.4.20\xstream-1.4.20.jar;C:\Users\User-PC\.m2\repository\io\github\x-stream\mxparser\1.2.2\mxparser-1.2.2.jar;C:\Users\User-PC\.m2\repository\xmlpull\xmlpull\1.1.3.1\xmlpull-1.1.3.1.jar;C:\Users\User-PC\.m2\repository\com\typesafe\config\1.4.2\config-1.4.2.jar;C:\Users\User-PC\.m2\repository\org\imgscalr\imgscalr-lib\4.2\imgscalr-lib-4.2.jar;C:\Users\User-PC\.m2\repository\org\awaitility\awaitility\4.2.0\awaitility-4.2.0.jar;C:\Users\User-PC\.m2\repository\org\freemarker\freemarker\2.3.31\freemarker-2.3.31.jar;C:\Users\User-PC\.m2\repository\io\github\classgraph\classgraph\4.8.138\classgraph-4.8.138.jar;C:\Users\User-PC\.m2\repository\net\sourceforge\jexcelapi\jxl\2.6.12\jxl-2.6.12.jar;C:\Users\User-PC\.m2\repository\net\bytebuddy\byte-buddy-agent\1.14.2\byte-buddy-agent-1.14.2.jar;C:\Users\User-PC\.m2\repository\org\objenesis\objenesis\3.3\objenesis-3.3.jar;C:\Users\User-PC\.m2\repository\net\serenity-bdd\serenity-reports\3.6.21\serenity-reports-3.6.21.jar;C:\Users\User-PC\.m2\repository\net\serenity-bdd\serenity-stats\3.6.21\serenity-stats-3.6.21.jar;C:\Users\User-PC\.m2\repository\net\serenity-bdd\serenity-reports-configuration\3.6.21\serenity-reports-configuration-3.6.21.jar;C:\Users\User-PC\.m2\repository\com\vladsch\flexmark\flexmark-all\0.62.2\flexmark-all-0.62.2.jar;C:\Users\User-PC\.m2\repository\com\vladsch\flexmark\flexmark\0.62.2\flexmark-0.62.2.jar;C:\Users\User-PC\.m2\repository\com\vladsch\flexmark\flexmark-ext-abbreviation\0.62.2\flexmark-ext-abbreviation-0.62.2.jar;C:\Users\User-PC\.m2\repository\com\vladsch\flexmark\flexmark-util\0.62.2\flexmark-util-0.62.2.jar;C:\Users\User-PC\.m2\repository\com\vladsch\flexmark\flexmark-ext-admonition\0.62.2\flexmark-ext-admonition-0.62.2.jar;C:\Users\User-PC\.m2\repository\com\vladsch\flexmark\flexmark-ext-anchorlink\0.62.2\flexmark-ext-anchorlink-0.62.2.jar;C:\Users\User-PC\.m2\repository\com\vladsch\flexmark\flexmark-ext-aside\0.62.2\flexmark-ext-aside-0.62.2.jar;C:\Users\User-PC\.m2\repository\com\vladsch\flexmark\flexmark-ext-attributes\0.62.2\flexmark-ext-attributes-0.62.2.jar;C:\Users\User-PC\.m2\repository\com\vladsch\flexmark\flexmark-ext-autolink\0.62.2\flexmark-ext-autolink-0.62.2.jar;C:\Users\User-PC\.m2\repository\org\nibor\autolink\autolink\0.6.0\autolink-0.6.0.jar;C:\Users\User-PC\.m2\repository\com\vladsch\flexmark\flexmark-ext-definition\0.62.2\flexmark-ext-definition-0.62.2.jar;C:\Users\User-PC\.m2\repository\com\vladsch\flexmark\flexmark-ext-emoji\0.62.2\flexmark-ext-emoji-0.62.2.jar;C:\Users\User-PC\.m2\repository\com\vladsch\flexmark\flexmark-ext-enumerated-reference\0.62.2\flexmark-ext-enumerated-reference-0.62.2.jar;C:\Users\User-PC\.m2\repository\com\vladsch\flexmark\flexmark-ext-escaped-character\0.62.2\flexmark-ext-escaped-character-0.62.2.jar;C:\Users\User-PC\.m2\repository\com\vladsch\flexmark\flexmark-ext-footnotes\0.62.2\flexmark-ext-footnotes-0.62.2.jar;C:\Users\User-PC\.m2\repository\com\vladsch\flexmark\flexmark-ext-gfm-issues\0.62.2\flexmark-ext-gfm-issues-0.62.2.jar;C:\Users\User-PC\.m2\repository\com\vladsch\flexmark\flexmark-ext-gfm-strikethrough\0.62.2\flexmark-ext-gfm-strikethrough-0.62.2.jar;C:\Users\User-PC\.m2\repository\com\vladsch\flexmark\flexmark-ext-gfm-tasklist\0.62.2\flexmark-ext-gfm-tasklist-0.62.2.jar;C:\Users\User-PC\.m2\repository\com\vladsch\flexmark\flexmark-ext-gfm-users\0.62.2\flexmark-ext-gfm-users-0.62.2.jar;C:\Users\User-PC\.m2\repository\com\vladsch\flexmark\flexmark-ext-gitlab\0.62.2\flexmark-ext-gitlab-0.62.2.jar;C:\Users\User-PC\.m2\repository\com\vladsch\flexmark\flexmark-ext-jekyll-front-matter\0.62.2\flexmark-ext-jekyll-front-matter-0.62.2.jar;C:\Users\User-PC\.m2\repository\com\vladsch\flexmark\flexmark-ext-jekyll-tag\0.62.2\flexmark-ext-jekyll-tag-0.62.2.jar;C:\Users\User-PC\.m2\repository\com\vladsch\flexmark\flexmark-ext-media-tags\0.62.2\flexmark-ext-media-tags-0.62.2.jar;C:\Users\User-PC\.m2\repository\com\vladsch\flexmark\flexmark-ext-macros\0.62.2\flexmark-ext-macros-0.62.2.jar;C:\Users\User-PC\.m2\repository\com\vladsch\flexmark\flexmark-ext-ins\0.62.2\flexmark-ext-ins-0.62.2.jar;C:\Users\User-PC\.m2\repository\com\vladsch\flexmark\flexmark-ext-xwiki-macros\0.62.2\flexmark-ext-xwiki-macros-0.62.2.jar;C:\Users\User-PC\.m2\repository\com\vladsch\flexmark\flexmark-ext-superscript\0.62.2\flexmark-ext-superscript-0.62.2.jar;C:\Users\User-PC\.m2\repository\com\vladsch\flexmark\flexmark-ext-tables\0.62.2\flexmark-ext-tables-0.62.2.jar;C:\Users\User-PC\.m2\repository\com\vladsch\flexmark\flexmark-ext-toc\0.62.2\flexmark-ext-toc-0.62.2.jar;C:\Users\User-PC\.m2\repository\com\vladsch\flexmark\flexmark-ext-typographic\0.62.2\flexmark-ext-typographic-0.62.2.jar;C:\Users\User-PC\.m2\repository\com\vladsch\flexmark\flexmark-ext-wikilink\0.62.2\flexmark-ext-wikilink-0.62.2.jar;C:\Users\User-PC\.m2\repository\com\vladsch\flexmark\flexmark-ext-yaml-front-matter\0.62.2\flexmark-ext-yaml-front-matter-0.62.2.jar;C:\Users\User-PC\.m2\repository\com\vladsch\flexmark\flexmark-ext-youtube-embedded\0.62.2\flexmark-ext-youtube-embedded-0.62.2.jar;C:\Users\User-PC\.m2\repository\com\vladsch\flexmark\flexmark-html2md-converter\0.62.2\flexmark-html2md-converter-0.62.2.jar;C:\Users\User-PC\.m2\repository\com\vladsch\flexmark\flexmark-jira-converter\0.62.2\flexmark-jira-converter-0.62.2.jar;C:\Users\User-PC\.m2\repository\com\vladsch\flexmark\flexmark-pdf-converter\0.62.2\flexmark-pdf-converter-0.62.2.jar;C:\Users\User-PC\.m2\repository\com\openhtmltopdf\openhtmltopdf-core\1.0.0\openhtmltopdf-core-1.0.0.jar;C:\Users\User-PC\.m2\repository\com\openhtmltopdf\openhtmltopdf-pdfbox\1.0.0\openhtmltopdf-pdfbox-1.0.0.jar;C:\Users\User-PC\.m2\repository\org\apache\pdfbox\pdfbox\2.0.16\pdfbox-2.0.16.jar;C:\Users\User-PC\.m2\repository\org\apache\pdfbox\fontbox\2.0.16\fontbox-2.0.16.jar;C:\Users\User-PC\.m2\repository\org\apache\pdfbox\xmpbox\2.0.16\xmpbox-2.0.16.jar;C:\Users\User-PC\.m2\repository\de\rototor\pdfbox\graphics2d\0.24\graphics2d-0.24.jar;C:\Users\User-PC\.m2\repository\com\openhtmltopdf\openhtmltopdf-rtl-support\1.0.0\openhtmltopdf-rtl-support-1.0.0.jar;C:\Users\User-PC\.m2\repository\com\openhtmltopdf\openhtmltopdf-jsoup-dom-converter\1.0.0\openhtmltopdf-jsoup-dom-converter-1.0.0.jar;C:\Users\User-PC\.m2\repository\com\vladsch\flexmark\flexmark-profile-pegdown\0.62.2\flexmark-profile-pegdown-0.62.2.jar;C:\Users\User-PC\.m2\repository\com\vladsch\flexmark\flexmark-util-ast\0.62.2\flexmark-util-ast-0.62.2.jar;C:\Users\User-PC\.m2\repository\com\vladsch\flexmark\flexmark-util-builder\0.62.2\flexmark-util-builder-0.62.2.jar;C:\Users\User-PC\.m2\repository\com\vladsch\flexmark\flexmark-util-collection\0.62.2\flexmark-util-collection-0.62.2.jar;C:\Users\User-PC\.m2\repository\com\vladsch\flexmark\flexmark-util-data\0.62.2\flexmark-util-data-0.62.2.jar;C:\Users\User-PC\.m2\repository\com\vladsch\flexmark\flexmark-util-dependency\0.62.2\flexmark-util-dependency-0.62.2.jar;C:\Users\User-PC\.m2\repository\com\vladsch\flexmark\flexmark-util-format\0.62.2\flexmark-util-format-0.62.2.jar;C:\Users\User-PC\.m2\repository\com\vladsch\flexmark\flexmark-util-html\0.62.2\flexmark-util-html-0.62.2.jar;C:\Users\User-PC\.m2\repository\com\vladsch\flexmark\flexmark-util-misc\0.62.2\flexmark-util-misc-0.62.2.jar;C:\Users\User-PC\.m2\repository\com\vladsch\flexmark\flexmark-util-options\0.62.2\flexmark-util-options-0.62.2.jar;C:\Users\User-PC\.m2\repository\com\vladsch\flexmark\flexmark-util-sequence\0.62.2\flexmark-util-sequence-0.62.2.jar;C:\Users\User-PC\.m2\repository\com\vladsch\flexmark\flexmark-util-visitor\0.62.2\flexmark-util-visitor-0.62.2.jar;C:\Users\User-PC\.m2\repository\com\vladsch\flexmark\flexmark-youtrack-converter\0.62.2\flexmark-youtrack-converter-0.62.2.jar;C:\Users\User-PC\.m2\repository\com\ibm\icu\icu4j\72.1\icu4j-72.1.jar;C:\Users\User-PC\.m2\repository\es\nitaur\markdown\txtmark\0.16\txtmark-0.16.jar;C:\Users\User-PC\.m2\repository\net\serenity-bdd\serenity-report-resources\3.6.21\serenity-report-resources-3.6.21.jar;C:\Users\User-PC\.m2\repository\com\google\code\gson\gson\2.10.1\gson-2.10.1.jar;C:\Users\User-PC\.m2\repository\com\fasterxml\jackson\core\jackson-core\2.15.0-rc1\jackson-core-2.15.0-rc1.jar;C:\Users\User-PC\.m2\repository\com\fasterxml\jackson\core\jackson-databind\2.15.0-rc1\jackson-databind-2.15.0-rc1.jar;C:\Users\User-PC\.m2\repository\com\fasterxml\jackson\core\jackson-annotations\2.15.0-rc1\jackson-annotations-2.15.0-rc1.jar;C:\Users\User-PC\.m2\repository\commons-codec\commons-codec\1.15\commons-codec-1.15.jar;C:\Users\User-PC\.m2\repository\commons-io\commons-io\2.11.0\commons-io-2.11.0.jar;C:\Users\User-PC\.m2\repository\org\apache\httpcomponents\httpclient\4.5.13\httpclient-4.5.13.jar;C:\Users\User-PC\.m2\repository\org\apache\httpcomponents\httpcore\4.4.13\httpcore-4.4.13.jar;C:\Users\User-PC\.m2\repository\commons-logging\commons-logging\1.2\commons-logging-1.2.jar;C:\Users\User-PC\.m2\repository\org\seleniumhq\selenium\selenium-java\4.8.1\selenium-java-4.8.1.jar;C:\Users\User-PC\.m2\repository\org\seleniumhq\selenium\selenium-devtools-v108\4.8.1\selenium-devtools-v108-4.8.1.jar;C:\Users\User-PC\.m2\repository\org\seleniumhq\selenium\selenium-devtools-v109\4.8.1\selenium-devtools-v109-4.8.1.jar;C:\Users\User-PC\.m2\repository\org\seleniumhq\selenium\selenium-devtools-v110\4.8.1\selenium-devtools-v110-4.8.1.jar;C:\Users\User-PC\.m2\repository\org\seleniumhq\selenium\selenium-devtools-v85\4.8.1\selenium-devtools-v85-4.8.1.jar;C:\Users\User-PC\.m2\repository\org\seleniumhq\selenium\selenium-remote-driver\4.8.1\selenium-remote-driver-4.8.1.jar;C:\Users\User-PC\.m2\repository\com\beust\jcommander\1.82\jcommander-1.82.jar;C:\Users\User-PC\.m2\repository\io\netty\netty-buffer\4.1.87.Final\netty-buffer-4.1.87.Final.jar;C:\Users\User-PC\.m2\repository\io\netty\netty-codec-http\4.1.87.Final\netty-codec-http-4.1.87.Final.jar;C:\Users\User-PC\.m2\repository\io\netty\netty-codec\4.1.87.Final\netty-codec-4.1.87.Final.jar;C:\Users\User-PC\.m2\repository\io\netty\netty-handler\4.1.87.Final\netty-handler-4.1.87.Final.jar;C:\Users\User-PC\.m2\repository\io\netty\netty-common\4.1.87.Final\netty-common-4.1.87.Final.jar;C:\Users\User-PC\.m2\repository\io\netty\netty-transport-classes-epoll\4.1.87.Final\netty-transport-classes-epoll-4.1.87.Final.jar;C:\Users\User-PC\.m2\repository\io\netty\netty-transport-classes-kqueue\4.1.87.Final\netty-transport-classes-kqueue-4.1.87.Final.jar;C:\Users\User-PC\.m2\repository\io\netty\netty-transport-native-epoll\4.1.87.Final\netty-transport-native-epoll-4.1.87.Final.jar;C:\Users\User-PC\.m2\repository\io\netty\netty-transport-native-kqueue\4.1.87.Final\netty-transport-native-kqueue-4.1.87.Final.jar;C:\Users\User-PC\.m2\repository\io\netty\netty-transport-native-unix-common\4.1.87.Final\netty-transport-native-unix-common-4.1.87.Final.jar;C:\Users\User-PC\.m2\repository\io\netty\netty-transport\4.1.87.Final\netty-transport-4.1.87.Final.jar;C:\Users\User-PC\.m2\repository\io\netty\netty-resolver\4.1.87.Final\netty-resolver-4.1.87.Final.jar;C:\Users\User-PC\.m2\repository\io\opentelemetry\opentelemetry-api\1.22.0\opentelemetry-api-1.22.0.jar;C:\Users\User-PC\.m2\repository\io\opentelemetry\opentelemetry-context\1.22.0\opentelemetry-context-1.22.0.jar;C:\Users\User-PC\.m2\repository\io\opentelemetry\opentelemetry-exporter-logging\1.22.0\opentelemetry-exporter-logging-1.22.0.jar;C:\Users\User-PC\.m2\repository\io\opentelemetry\opentelemetry-sdk-metrics\1.22.0\opentelemetry-sdk-metrics-1.22.0.jar;C:\Users\User-PC\.m2\repository\io\opentelemetry\opentelemetry-sdk-logs\1.22.0-alpha\opentelemetry-sdk-logs-1.22.0-alpha.jar;C:\Users\User-PC\.m2\repository\io\opentelemetry\opentelemetry-api-logs\1.22.0-alpha\opentelemetry-api-logs-1.22.0-alpha.jar;C:\Users\User-PC\.m2\repository\io\opentelemetry\opentelemetry-sdk-common\1.22.0\opentelemetry-sdk-common-1.22.0.jar;C:\Users\User-PC\.m2\repository\io\opentelemetry\opentelemetry-sdk-extension-autoconfigure-spi\1.22.0\opentelemetry-sdk-extension-autoconfigure-spi-1.22.0.jar;C:\Users\User-PC\.m2\repository\io\opentelemetry\opentelemetry-sdk-extension-autoconfigure\1.22.0-alpha\opentelemetry-sdk-extension-autoconfigure-1.22.0-alpha.jar;C:\Users\User-PC\.m2\repository\io\opentelemetry\opentelemetry-sdk-trace\1.22.0\opentelemetry-sdk-trace-1.22.0.jar;C:\Users\User-PC\.m2\repository\io\opentelemetry\opentelemetry-sdk\1.22.0\opentelemetry-sdk-1.22.0.jar;C:\Users\User-PC\.m2\repository\io\opentelemetry\opentelemetry-semconv\1.22.0-alpha\opentelemetry-semconv-1.22.0-alpha.jar;C:\Users\User-PC\.m2\repository\io\ous\jtoml\2.0.0\jtoml-2.0.0.jar;C:\Users\User-PC\.m2\repository\org\apache\commons\commons-exec\1.3\commons-exec-1.3.jar;C:\Users\User-PC\.m2\repository\org\asynchttpclient\async-http-client\2.12.3\async-http-client-2.12.3.jar;C:\Users\User-PC\.m2\repository\org\asynchttpclient\async-http-client-netty-utils\2.12.3\async-http-client-netty-utils-2.12.3.jar;C:\Users\User-PC\.m2\repository\io\netty\netty-codec-socks\4.1.60.Final\netty-codec-socks-4.1.60.Final.jar;C:\Users\User-PC\.m2\repository\io\netty\netty-handler-proxy\4.1.60.Final\netty-handler-proxy-4.1.60.Final.jar;C:\Users\User-PC\.m2\repository\io\netty\netty-transport-native-epoll\4.1.60.Final\netty-transport-native-epoll-4.1.60.Final-linux-x86_64.jar;C:\Users\User-PC\.m2\repository\io\netty\netty-transport-native-kqueue\4.1.60.Final\netty-transport-native-kqueue-4.1.60.Final-osx-x86_64.jar;C:\Users\User-PC\.m2\repository\org\reactivestreams\reactive-streams\1.0.3\reactive-streams-1.0.3.jar;C:\Users\User-PC\.m2\repository\com\typesafe\netty\netty-reactive-streams\2.0.4\netty-reactive-streams-2.0.4.jar;C:\Users\User-PC\.m2\repository\org\seleniumhq\selenium\selenium-manager\4.8.1\selenium-manager-4.8.1.jar;C:\Users\User-PC\.m2\repository\org\seleniumhq\selenium\selenium-safari-driver\4.8.1\selenium-safari-driver-4.8.1.jar;C:\Users\User-PC\.m2\repository\org\seleniumhq\selenium\selenium-api\4.8.1\selenium-api-4.8.1.jar;C:\Users\User-PC\.m2\repository\org\seleniumhq\selenium\selenium-support\4.8.1\selenium-support-4.8.1.jar;C:\Users\User-PC\.m2\repository\com\google\auto\service\auto-service-annotations\1.0.1\auto-service-annotations-1.0.1.jar;C:\Users\User-PC\.m2\repository\com\google\auto\service\auto-service\1.0.1\auto-service-1.0.1.jar;C:\Users\User-PC\.m2\repository\com\google\auto\auto-common\1.2\auto-common-1.2.jar;C:\Users\User-PC\.m2\repository\org\seleniumhq\selenium\selenium-json\4.8.1\selenium-json-4.8.1.jar;C:\Users\User-PC\.m2\repository\org\seleniumhq\selenium\selenium-chrome-driver\4.8.1\selenium-chrome-driver-4.8.1.jar;C:\Users\User-PC\.m2\repository\org\seleniumhq\selenium\selenium-chromium-driver\4.8.1\selenium-chromium-driver-4.8.1.jar;C:\Users\User-PC\.m2\repository\org\seleniumhq\selenium\selenium-firefox-driver\4.8.1\selenium-firefox-driver-4.8.1.jar;C:\Users\User-PC\.m2\repository\org\seleniumhq\selenium\selenium-http\4.8.1\selenium-http-4.8.1.jar;C:\Users\User-PC\.m2\repository\dev\failsafe\failsafe\3.3.0\failsafe-3.3.0.jar;C:\Users\User-PC\.m2\repository\org\seleniumhq\selenium\selenium-edge-driver\4.8.1\selenium-edge-driver-4.8.1.jar;C:\Users\User-PC\.m2\repository\org\seleniumhq\selenium\selenium-ie-driver\4.8.1\selenium-ie-driver-4.8.1.jar;C:\Users\User-PC\.m2\repository\org\projectlombok\lombok\1.18.20\lombok-1.18.20.jar;C:\Users\User-PC\.m2\repository\io\appium\java-client\8.3.0\java-client-8.3.0.jar;C:\Users\User-PC\.m2\repository\commons-validator\commons-validator\1.7\commons-validator-1.7.jar;C:\Users\User-PC\.m2\repository\commons-digester\commons-digester\2.1\commons-digester-2.1.jar;C:\Users\User-PC\.m2\repository\org\apache\groovy\groovy\4.0.10\groovy-4.0.10.jar;C:\Users\User-PC\.m2\repository\net\sf\opencsv\opencsv\2.0\opencsv-2.0.jar;C:\Users\User-PC\.m2\repository\commons-beanutils\commons-beanutils\1.9.4\commons-beanutils-1.9.4.jar;C:\Users\User-PC\.m2\repository\org\apache\commons\commons-lang3\3.12.0\commons-lang3-3.12.0.jar;C:\Users\User-PC\.m2\repository\commons-collections\commons-collections\3.2.2\commons-collections-3.2.2.jar;C:\Users\User-PC\.m2\repository\org\fluentlenium\fluentlenium-core\0.10.2\fluentlenium-core-0.10.2.jar;C:\Users\User-PC\.m2\repository\io\github\bonigarcia\webdrivermanager\5.3.0\webdrivermanager-5.3.0.jar;C:\Users\User-PC\.m2\repository\com\github\docker-java\docker-java\3.2.13\docker-java-3.2.13.jar;C:\Users\User-PC\.m2\repository\com\github\docker-java\docker-java-core\3.2.13\docker-java-core-3.2.13.jar;C:\Users\User-PC\.m2\repository\com\github\docker-java\docker-java-api\3.2.13\docker-java-api-3.2.13.jar;C:\Users\User-PC\.m2\repository\org\apache\commons\commons-compress\1.21\commons-compress-1.21.jar;C:\Users\User-PC\.m2\repository\org\bouncycastle\bcpkix-jdk15on\1.64\bcpkix-jdk15on-1.64.jar;C:\Users\User-PC\.m2\repository\org\bouncycastle\bcprov-jdk15on\1.64\bcprov-jdk15on-1.64.jar;C:\Users\User-PC\.m2\repository\org\slf4j\jcl-over-slf4j\1.7.30\jcl-over-slf4j-1.7.30.jar;C:\Users\User-PC\.m2\repository\com\github\docker-java\docker-java-transport-httpclient5\3.2.13\docker-java-transport-httpclient5-3.2.13.jar;C:\Users\User-PC\.m2\repository\com\github\docker-java\docker-java-transport\3.2.13\docker-java-transport-3.2.13.jar;C:\Users\User-PC\.m2\repository\net\java\dev\jna\jna\5.8.0\jna-5.8.0.jar;C:\Users\User-PC\.m2\repository\org\brotli\dec\0.1.2\dec-0.1.2.jar;C:\Users\User-PC\.m2\repository\org\apache\httpcomponents\client5\httpclient5\5.1.3\httpclient5-5.1.3.jar;C:\Users\User-PC\.m2\repository\org\apache\httpcomponents\core5\httpcore5\5.1.3\httpcore5-5.1.3.jar;C:\Users\User-PC\.m2\repository\org\apache\httpcomponents\core5\httpcore5-h2\5.1.3\httpcore5-h2-5.1.3.jar;C:\Users\User-PC\.m2\repository\com\jhlabs\filters\2.0.235\filters-2.0.235.jar;C:\Users\User-PC\.m2\repository\com\paulhammant\ngwebdriver\1.1.6\ngwebdriver-1.1.6.jar;C:\Users\User-PC\.m2\repository\joda-time\joda-time\2.12.2\joda-time-2.12.2.jar;C:\Users\User-PC\.m2\repository\org\hamcrest\hamcrest\2.2\hamcrest-2.2.jar;C:\Users\User-PC\.m2\repository\com\google\jimfs\jimfs\1.2\jimfs-1.2.jar;C:\Users\User-PC\.m2\repository\org\mockito\mockito-core\3.3.3\mockito-core-3.3.3.jar;C:\Users\User-PC\.m2\repository\javax\xml\bind\jaxb-api\2.3.1\jaxb-api-2.3.1.jar;C:\Users\User-PC\.m2\repository\javax\activation\javax.activation-api\1.2.0\javax.activation-api-1.2.0.jar;C:\Users\User-PC\.m2\repository\com\sun\xml\bind\jaxb-core\2.3.0.1\jaxb-core-2.3.0.1.jar;C:\Users\User-PC\.m2\repository\com\sun\xml\bind\jaxb-impl\2.3.3\jaxb-impl-2.3.3.jar;C:\Users\User-PC\.m2\repository\jakarta\xml\bind\jakarta.xml.bind-api\2.3.3\jakarta.xml.bind-api-2.3.3.jar;C:\Users\User-PC\.m2\repository\com\sun\activation\jakarta.activation\1.2.2\jakarta.activation-1.2.2.jar;C:\Users\User-PC\.m2\repository\javax\activation\activation\1.1.1\activation-1.1.1.jar;C:\Users\User-PC\.m2\repository\net\serenity-bdd\serenity-cucumber\3.6.21\serenity-cucumber-3.6.21.jar;C:\Users\User-PC\.m2\repository\io\cucumber\cucumber-core\7.11.0\cucumber-core-7.11.0.jar;C:\Users\User-PC\.m2\repository\io\cucumber\cucumber-gherkin\7.11.0\cucumber-gherkin-7.11.0.jar;C:\Users\User-PC\.m2\repository\io\cucumber\cucumber-gherkin-messages\7.11.0\cucumber-gherkin-messages-7.11.0.jar;C:\Users\User-PC\.m2\repository\io\cucumber\gherkin\26.0.3\gherkin-26.0.3.jar;C:\Users\User-PC\.m2\repository\io\cucumber\messages\21.0.1\messages-21.0.1.jar;C:\Users\User-PC\.m2\repository\io\cucumber\tag-expressions\5.0.1\tag-expressions-5.0.1.jar;C:\Users\User-PC\.m2\repository\io\cucumber\cucumber-expressions\16.1.1\cucumber-expressions-16.1.1.jar;C:\Users\User-PC\.m2\repository\io\cucumber\datatable\7.11.0\datatable-7.11.0.jar;C:\Users\User-PC\.m2\repository\io\cucumber\cucumber-plugin\7.11.0\cucumber-plugin-7.11.0.jar;C:\Users\User-PC\.m2\repository\io\cucumber\docstring\7.11.0\docstring-7.11.0.jar;C:\Users\User-PC\.m2\repository\io\cucumber\html-formatter\20.2.1\html-formatter-20.2.1.jar;C:\Users\User-PC\.m2\repository\io\cucumber\junit-xml-formatter\0.1.0\junit-xml-formatter-0.1.0.jar;C:\Users\User-PC\.m2\repository\io\cucumber\ci-environment\9.1.0\ci-environment-9.1.0.jar;C:\Users\User-PC\.m2\repository\io\cucumber\cucumber-java\7.11.0\cucumber-java-7.11.0.jar;C:\Users\User-PC\.m2\repository\io\cucumber\cucumber-junit\7.11.0\cucumber-junit-7.11.0.jar;C:\Users\User-PC\.m2\repository\org\apache\commons\commons-csv\1.5\commons-csv-1.5.jar;C:\Users\User-PC\.m2\repository\net\serenity-bdd\serenity-screenplay\3.6.21\serenity-screenplay-3.6.21.jar;C:\Users\User-PC\.m2\repository\net\serenity-bdd\serenity-screenplay-webdriver\3.6.21\serenity-screenplay-webdriver-3.6.21.jar;C:\Users\User-PC\.m2\repository\net\serenity-bdd\serenity-ensure\3.6.21\serenity-ensure-3.6.21.jar;C:\Users\User-PC\.m2\repository\net\serenity-bdd\serenity-junit\3.6.21\serenity-junit-3.6.21.jar;C:\Users\User-PC\.m2\repository\org\jetbrains\kotlin\kotlin-stdlib\1.8.10\kotlin-stdlib-1.8.10.jar;C:\Users\User-PC\.m2\repository\org\jetbrains\kotlin\kotlin-stdlib-common\1.8.10\kotlin-stdlib-common-1.8.10.jar;C:\Users\User-PC\.m2\repository\org\jetbrains\annotations\13.0\annotations-13.0.jar;C:\Users\User-PC\.m2\repository\org\junit\platform\junit-platform-launcher\1.8.2\junit-platform-launcher-1.8.2.jar;C:\Users\User-PC\.m2\repository\org\junit\platform\junit-platform-engine\1.8.2\junit-platform-engine-1.8.2.jar;C:\Users\User-PC\.m2\repository\org\opentest4j\opentest4j\1.2.0\opentest4j-1.2.0.jar;C:\Users\User-PC\.m2\repository\org\junit\platform\junit-platform-commons\1.8.2\junit-platform-commons-1.8.2.jar;C:\Users\User-PC\.m2\repository\org\apiguardian\apiguardian-api\1.1.2\apiguardian-api-1.1.2.jar;C:\Users\User-PC\.m2\repository\org\junit\jupiter\junit-jupiter-engine\5.8.2\junit-jupiter-engine-5.8.2.jar;C:\Users\User-PC\.m2\repository\org\junit\jupiter\junit-jupiter-api\5.8.2\junit-jupiter-api-5.8.2.jar;C:\Users\User-PC\.m2\repository\org\junit\vintage\junit-vintage-engine\5.8.2\junit-vintage-engine-5.8.2.jar;C:\Users\User-PC\.m2\repository\junit\junit\4.13.2\junit-4.13.2.jar;C:\Users\User-PC\.m2\repository\org\hamcrest\hamcrest-core\1.3\hamcrest-core-1.3.jar;C:\Users\User-PC\.m2\repository\ch\qos\logback\logback-classic\1.2.10\logback-classic-1.2.10.jar;C:\Users\User-PC\.m2\repository\ch\qos\logback\logback-core\1.2.10\logback-core-1.2.10.jar;C:\Users\User-PC\.m2\repository\org\slf4j\slf4j-api\1.7.32\slf4j-api-1.7.32.jar;C:\Users\User-PC\.m2\repository\org\assertj\assertj-core\3.23.1\assertj-core-3.23.1.jar;C:\Users\User-PC\.m2\repository\net\bytebuddy\byte-buddy\1.12.10\byte-buddy-1.12.10.jar;C:\Users\User-PC\.m2\repository\org\apache\maven\surefire\surefire-junit-platform\3.0.0-M5\surefire-junit-platform-3.0.0-M5.jar;C:\Users\User-PC\.m2\repository\org\apache\maven\surefire\common-java5\3.0.0-M5\common-java5-3.0.0-M5.jar"/>
    <property name="user.script" value=""/>
    <property name="java.protocol.handler.pkgs" value="com.google.common"/>
    <property name="sun.management.compiler" value="HotSpot 64-Bit Tiered Compilers"/>
    <property name="java.runtime.version" value="17.0.6+10-LTS"/>
    <property name="user.name" value="User-PC"/>
    <property name="path.separator" value=";"/>
    <property name="os.version" value="10.0"/>
    <property name="java.runtime.name" value="OpenJDK Runtime Environment"/>
    <property name="file.encoding" value="Cp1252"/>
    <property name="webdriver.base.url" value=""/>
    <property name="java.vm.name" value="OpenJDK 64-Bit Server VM"/>
    <property name="localRepository" value="C:\Users\User-PC\.m2\repository"/>
    <property name="java.vendor.url.bug" value="https://bell-sw.com/support"/>
    <property name="java.io.tmpdir" value="C:\Users\User-PC\AppData\Local\Temp\"/>
    <property name="java.version" value="17.0.6"/>
    <property name="user.dir" value="D:\alta\Capstone\WEB\CapstoneWEB"/>
    <property name="os.arch" value="amd64"/>
    <property name="java.vm.specification.name" value="Java Virtual Machine Specification"/>
    <property name="sun.os.patch.level" value=""/>
    <property name="native.encoding" value="Cp1252"/>
    <property name="java.library.path" value="C:\Program Files\BellSoft\LibericaJDK-17\bin;C:\WINDOWS\Sun\Java\bin;C:\WINDOWS\system32;C:\WINDOWS;C:\Program Files\BellSoft\LibericaJDK-17\bin\;C:\Windows\system32;C:\Windows;C:\Windows\System32\Wbem;C:\Windows\System32\WindowsPowerShell\v1.0\;C:\Windows\System32\OpenSSH\;C:\Program Files (x86)\NVIDIA Corporation\PhysX\Common;C:\Program Files\NVIDIA Corporation\NVIDIA NvDLISR;C:\Program Files\Microsoft SQL Server\120\Tools\Binn\;C:\WINDOWS\system32;C:\WINDOWS;C:\WINDOWS\System32\Wbem;C:\WINDOWS\System32\WindowsPowerShell\v1.0\;C:\WINDOWS\System32\OpenSSH\;C:\Program Files\Git\cmd;C:\Program Files\nodejs\;C:\Program Files\apache-maven-3.9.1\bin;C:\Users\User-PC\AppData\Local\Microsoft\WindowsApps;C:\Users\User-PC\AppData\Local\GitHubDesktop\bin;C:\Users\User-PC\AppData\Local\Programs\Microsoft VS Code\bin;C:\Users\User-PC\AppData\Roaming\npm;."/>
    <property name="java.vm.info" value="mixed mode"/>
    <property name="java.vendor" value="BellSoft"/>
    <property name="java.vm.version" value="17.0.6+10-LTS"/>
    <property name="sun.io.unicode.encoding" value="UnicodeLittle"/>
    <property name="java.class.version" value="61.0"/>
  </properties>
  <testcase name="user input with valid Username and password" classname="Login" time="11.484">
    <system-out><![CDATA[12:42:06.117 [main] DEBUG net.thucydides.core.guice.Injectors - Created injector for module net.thucydides.core.guice.ThucydidesModule
12:42:06.386 [main] DEBUG io.cucumber.core.plugin.SerenityReporter - Running feature from file:///D:/alta/Capstone/WEB/CapstoneWEB/src/test/resources/features/login.feature
12:42:06.561 [main] DEBUG net.thucydides.core.guice.Injectors - Created injector for module net.thucydides.core.guice.webdriver.WebDriverModule
12:42:06.576 [main] INFO  - 

-------------------------------------------------------------------------------------
     _______. _______ .______       _______ .__   __.  __  .___________.____    ____ 
    /       ||   ____||   _  \     |   ____||  \ |  | |  | |           |\   \  /   / 
   |   (----`|  |__   |  |_)  |    |  |__   |   \|  | |  | `---|  |----` \   \/   /  
    \   \    |   __|  |      /     |   __|  |  . `  | |  |     |  |       \_    _/   
.----)   |   |  |____ |  |\  \----.|  |____ |  |\   | |  |     |  |         |  |     
|_______/    |_______|| _| `._____||_______||__| \__| |__|     |__|         |__|    
                                                                                     
 News and tutorials at http://www.serenity-bdd.info                                  
 Documentation at https://wakaleo.gitbooks.io/the-serenity-book/content/             
 Join the Serenity Community on Gitter: https://gitter.im/serenity-bdd/serenity-core 
 Serenity BDD Support and Training at http://serenity-bdd.info/#/trainingandsupport  
-------------------------------------------------------------------------------------

12:42:06.579 [main] DEBUG net.thucydides.core.steps.StepEventBus - Test suite started for story net.thucydides.core.model.Story@f388ff28
12:42:06.582 [main] INFO  - Test Suite Started: Login
12:42:06.602 [main] DEBUG io.cucumber.core.plugin.SerenityReporter - Running feature from file:///D:/alta/Capstone/WEB/CapstoneWEB/src/test/resources/features/login.feature
12:42:06.607 [main] DEBUG net.thucydides.core.steps.StepEventBus - Test suite started for story net.thucydides.core.model.Story@f388ff28
12:42:06.608 [main] INFO  - Test Suite Started: Login

@login
Scenario: user input with valid Username and password &amp#27;[90m# src/test/resources/features/login.feature:7&amp#27;[0m
12:42:06.702 [main] DEBUG io.cucumber.core.plugin.SerenityReporter - Running feature from file:///D:/alta/Capstone/WEB/CapstoneWEB/src/test/resources/features/login.feature
12:42:06.863 [main] INFO  - 
  _____   ___   ___   _____     ___   _____     _     ___   _____   ___   ___  
 |_   _| | __| / __| |_   _|   / __| |_   _|   /_\   | _ \ |_   _| | __| |   \ 
   | |   | _|  \__ \   | |     \__ \   | |    / _ \  |   /   | |   | _|  | |) |
   |_|   |___| |___/   |_|     |___/   |_|   /_/ \_\ |_|_\   |_|   |___| |___/ 

user input with valid Username and password(login;user-input-with-valid-username-and-password)
--------------------------------------------------------------------------------
12:42:06.927 [main] DEBUG net.thucydides.core.requirements.model.cucumber.CucumberParser - Loading feature D:\alta\Capstone\WEB\CapstoneWEB\src\test\resources\features\login.feature
12:42:07.794 [main] INFO net.serenitybdd.core.webdriver.driverproviders.ChromeDriverProvider - Starting Chrome driver instance with capabilities:
12:42:07.797 [main] INFO net.serenitybdd.core.webdriver.driverproviders.ChromeDriverProvider - Capabilities {acceptInsecureCerts: false, browserName: chrome, goog:chromeOptions: {args: [remote-allow-origins=*], extensions: []}}
12:42:08.588 [main] DEBUG io.netty.util.internal.logging.InternalLoggerFactory - Using SLF4J as the default logging framework
12:42:08.591 [main] DEBUG io.netty.util.ResourceLeakDetector - -Dio.netty.leakDetection.level: simple
12:42:08.592 [main] DEBUG io.netty.util.ResourceLeakDetector - -Dio.netty.leakDetection.targetRecords: 4
12:42:08.597 [main] DEBUG io.netty.util.ResourceLeakDetectorFactory - Loaded default ResourceLeakDetector: io.netty.util.ResourceLeakDetector@6a09484c
12:42:08.619 [main] DEBUG io.netty.util.internal.PlatformDependent0 - -Dio.netty.noUnsafe: false
12:42:08.619 [main] DEBUG io.netty.util.internal.PlatformDependent0 - Java version: 17
12:42:08.619 [main] DEBUG io.netty.util.internal.PlatformDependent0 - sun.misc.Unsafe.theUnsafe: available
12:42:08.620 [main] DEBUG io.netty.util.internal.PlatformDependent0 - sun.misc.Unsafe.copyMemory: available
12:42:08.622 [main] DEBUG io.netty.util.internal.PlatformDependent0 - sun.misc.Unsafe.storeFence: available
12:42:08.623 [main] DEBUG io.netty.util.internal.PlatformDependent0 - java.nio.Buffer.address: available
12:42:08.624 [main] DEBUG io.netty.util.internal.PlatformDependent0 - direct buffer constructor: unavailable: Reflective setAccessible(true) disabled
12:42:08.624 [main] DEBUG io.netty.util.internal.PlatformDependent0 - java.nio.Bits.unaligned: available, true
12:42:08.626 [main] DEBUG io.netty.util.internal.PlatformDependent0 - jdk.internal.misc.Unsafe.allocateUninitializedArray(int): unavailable: class io.netty.util.internal.PlatformDependent0$7 cannot access class jdk.internal.misc.Unsafe (in module java.base) because module java.base does not export jdk.internal.misc to unnamed module @272ed83b
12:42:08.628 [main] DEBUG io.netty.util.internal.PlatformDependent0 - java.nio.DirectByteBuffer.<init>(long, int): unavailable
12:42:08.629 [main] DEBUG io.netty.util.internal.PlatformDependent - sun.misc.Unsafe: available
12:42:08.633 [main] DEBUG io.netty.util.internal.PlatformDependent - maxDirectMemory: 2067791872 bytes (maybe)
12:42:08.633 [main] DEBUG io.netty.util.internal.PlatformDependent - -Dio.netty.tmpdir: C:\Users\User-PC\AppData\Local\Temp (java.io.tmpdir)
12:42:08.633 [main] DEBUG io.netty.util.internal.PlatformDependent - -Dio.netty.bitMode: 64 (sun.arch.data.model)
12:42:08.633 [main] DEBUG io.netty.util.internal.PlatformDependent - Platform: Windows
12:42:08.634 [main] DEBUG io.netty.util.internal.PlatformDependent - -Dio.netty.maxDirectMemory: -1 bytes
12:42:08.634 [main] DEBUG io.netty.util.internal.PlatformDependent - -Dio.netty.uninitializedArrayAllocationThreshold: -1
12:42:08.635 [main] DEBUG io.netty.util.internal.CleanerJava9 - java.nio.ByteBuffer.cleaner(): available
12:42:08.635 [main] DEBUG io.netty.util.internal.PlatformDependent - -Dio.netty.noPreferDirect: false
12:42:08.642 [main] DEBUG io.netty.util.internal.PlatformDependent - org.jctools-core.MpscChunkedArrayQueue: available
12:42:08.669 [main] DEBUG io.netty.util.internal.InternalThreadLocalMap - -Dio.netty.threadLocalMap.stringBuilder.initialSize: 1024
12:42:08.669 [main] DEBUG io.netty.util.internal.InternalThreadLocalMap - -Dio.netty.threadLocalMap.stringBuilder.maxSize: 4096
12:42:08.881 [main] DEBUG io.netty.handler.ssl.JdkSslContext - Default protocols (JDK): [TLSv1.3, TLSv1.2] 
12:42:08.881 [main] DEBUG io.netty.handler.ssl.JdkSslContext - Default cipher suites (JDK): [TLS_ECDHE_ECDSA_WITH_AES_256_GCM_SHA384, TLS_ECDHE_ECDSA_WITH_AES_128_GCM_SHA256, TLS_ECDHE_RSA_WITH_AES_128_GCM_SHA256, TLS_ECDHE_RSA_WITH_AES_256_GCM_SHA384, TLS_ECDHE_RSA_WITH_AES_128_CBC_SHA, TLS_ECDHE_RSA_WITH_AES_256_CBC_SHA, TLS_RSA_WITH_AES_128_GCM_SHA256, TLS_RSA_WITH_AES_128_CBC_SHA, TLS_RSA_WITH_AES_256_CBC_SHA, TLS_AES_128_GCM_SHA256, TLS_AES_256_GCM_SHA384]
12:42:08.905 [main] DEBUG io.netty.channel.MultithreadEventLoopGroup - -Dio.netty.eventLoopThreads: 16
12:42:08.914 [main] DEBUG io.netty.channel.nio.NioEventLoop - -Dio.netty.noKeySetOptimization: false
12:42:08.914 [main] DEBUG io.netty.channel.nio.NioEventLoop - -Dio.netty.selectorAutoRebuildThreshold: 512
12:42:08.966 [main] DEBUG io.netty.buffer.PooledByteBufAllocator - -Dio.netty.allocator.numHeapArenas: 16
12:42:08.966 [main] DEBUG io.netty.buffer.PooledByteBufAllocator - -Dio.netty.allocator.numDirectArenas: 16
12:42:08.966 [main] DEBUG io.netty.buffer.PooledByteBufAllocator - -Dio.netty.allocator.pageSize: 8192
12:42:08.966 [main] DEBUG io.netty.buffer.PooledByteBufAllocator - -Dio.netty.allocator.maxOrder: 9
12:42:08.966 [main] DEBUG io.netty.buffer.PooledByteBufAllocator - -Dio.netty.allocator.chunkSize: 4194304
12:42:08.966 [main] DEBUG io.netty.buffer.PooledByteBufAllocator - -Dio.netty.allocator.smallCacheSize: 256
12:42:08.966 [main] DEBUG io.netty.buffer.PooledByteBufAllocator - -Dio.netty.allocator.normalCacheSize: 64
12:42:08.966 [main] DEBUG io.netty.buffer.PooledByteBufAllocator - -Dio.netty.allocator.maxCachedBufferCapacity: 32768
12:42:08.966 [main] DEBUG io.netty.buffer.PooledByteBufAllocator - -Dio.netty.allocator.cacheTrimInterval: 8192
12:42:08.966 [main] DEBUG io.netty.buffer.PooledByteBufAllocator - -Dio.netty.allocator.cacheTrimIntervalMillis: 0
12:42:08.966 [main] DEBUG io.netty.buffer.PooledByteBufAllocator - -Dio.netty.allocator.useCacheForAllThreads: false
12:42:08.966 [main] DEBUG io.netty.buffer.PooledByteBufAllocator - -Dio.netty.allocator.maxCachedByteBuffersPerChunk: 1023
12:42:08.980 [main] DEBUG io.netty.buffer.ByteBufUtil - -Dio.netty.allocator.type: pooled
12:42:08.980 [main] DEBUG io.netty.buffer.ByteBufUtil - -Dio.netty.threadLocalDirectBufferSize: 0
12:42:08.980 [main] DEBUG io.netty.buffer.ByteBufUtil - -Dio.netty.maxThreadLocalCharBufferSize: 16384
12:42:09.222 [Forwarding newSession on session null to remote] DEBUG io.netty.channel.DefaultChannelId - -Dio.netty.processId: 11064 (auto-detected)
12:42:09.223 [Forwarding newSession on session null to remote] DEBUG io.netty.util.NetUtil - -Djava.net.preferIPv4Stack: false
12:42:09.223 [Forwarding newSession on session null to remote] DEBUG io.netty.util.NetUtil - -Djava.net.preferIPv6Addresses: false
12:42:09.229 [Forwarding newSession on session null to remote] DEBUG io.netty.util.NetUtilInitializations - Loopback interface: lo (Software Loopback Interface 1, 127.0.0.1)
12:42:09.230 [Forwarding newSession on session null to remote] DEBUG io.netty.util.NetUtil - Failed to get SOMAXCONN from sysctl and file \proc\sys\net\core\somaxconn. Default: 200
12:42:09.239 [Forwarding newSession on session null to remote] DEBUG io.netty.channel.DefaultChannelId - -Dio.netty.machineId: 28:11:a8:ff:fe:eb:e6:5f (auto-detected)
12:42:09.305 [AsyncHttpClient-1-2] DEBUG io.netty.buffer.AbstractByteBuf - -Dio.netty.buffer.checkAccessible: true
12:42:09.305 [AsyncHttpClient-1-2] DEBUG io.netty.buffer.AbstractByteBuf - -Dio.netty.buffer.checkBounds: true
12:42:09.305 [AsyncHttpClient-1-2] DEBUG io.netty.util.ResourceLeakDetectorFactory - Loaded default ResourceLeakDetector: io.netty.util.ResourceLeakDetector@1360687a
12:42:09.318 [AsyncHttpClient-1-2] DEBUG org.asynchttpclient.netty.channel.NettyConnectListener - Using new Channel '[id: 0x69434c6d, L:/127.0.0.1:59188 - R:localhost/127.0.0.1:41423]' for 'POST' to '/session'
12:42:09.346 [AsyncHttpClient-1-2] DEBUG io.netty.util.Recycler - -Dio.netty.recycler.maxCapacityPerThread: 4096
12:42:09.346 [AsyncHttpClient-1-2] DEBUG io.netty.util.Recycler - -Dio.netty.recycler.ratio: 8
12:42:09.346 [AsyncHttpClient-1-2] DEBUG io.netty.util.Recycler - -Dio.netty.recycler.chunkSize: 32
12:42:09.346 [AsyncHttpClient-1-2] DEBUG io.netty.util.Recycler - -Dio.netty.recycler.blocking: false
12:42:10.116 [AsyncHttpClient-1-2] DEBUG io.netty.handler.codec.compression.Brotli - brotli4j not in the classpath; Brotli support will be unavailable.
12:42:10.117 [AsyncHttpClient-1-2] DEBUG org.asynchttpclient.netty.handler.HttpHandler - 

Request DefaultHttpRequest(decodeResult: success, version: HTTP/1.1)
POST /session HTTP/1.1
User-Agent: selenium/4.8.1 (java windows)
Content-Length: 507
Content-Type: application/json; charset=utf-8
host: localhost:41423
accept: */*

Response DefaultHttpResponse(decodeResult: success, version: HTTP/1.1)
HTTP/1.1 200 OK
Content-Length: 861
Content-Type: application/json; charset=utf-8
cache-control: no-cache

12:42:10.128 [AsyncHttpClient-1-2] DEBUG org.asynchttpclient.netty.channel.ChannelManager - Adding key: http://localhost:41423 for channel [id: 0x69434c6d, L:/127.0.0.1:59188 - R:localhost/127.0.0.1:41423]
12:42:10.260 [AsyncHttpClient-1-3] DEBUG org.asynchttpclient.netty.channel.NettyConnectListener - Using new Channel '[id: 0x6e299dee, L:/127.0.0.1:59196 - R:localhost/127.0.0.1:59189]' for 'GET' to '/json/version'
12:42:10.266 [AsyncHttpClient-1-3] DEBUG org.asynchttpclient.netty.handler.HttpHandler - 

Request DefaultFullHttpRequest(decodeResult: success, version: HTTP/1.1, content: EmptyByteBufBE)
GET /json/version HTTP/1.1
User-Agent: selenium/4.8.1 (java windows)
host: localhost:59189
accept: */*

Response DefaultHttpResponse(decodeResult: success, version: HTTP/1.1)
HTTP/1.1 200 OK
Content-Security-Policy: frame-ancestors 'none'
Content-Length: 424
Content-Type: application/json; charset=UTF-8

12:42:10.266 [AsyncHttpClient-1-3] DEBUG org.asynchttpclient.netty.channel.ChannelManager - Adding key: http://localhost:59189 for channel [id: 0x6e299dee, L:/127.0.0.1:59196 - R:localhost/127.0.0.1:59189]
12:42:10.278 [main] DEBUG io.netty.util.internal.ThreadLocalRandom - -Dio.netty.initialSeedUniquifier: 0xfd446eb7e7eff556
12:42:10.282 [AsyncHttpClient-1-4] DEBUG org.asynchttpclient.netty.channel.NettyConnectListener - Using new Channel '[id: 0x1f767354, L:/127.0.0.1:59197 - R:localhost/127.0.0.1:59189]' for 'GET' to '/devtools/browser/f26f3a4d-7ee6-4cba-a46c-8fe5cceb0bea'
12:42:10.286 [AsyncHttpClient-1-4] DEBUG org.asynchttpclient.netty.handler.WebSocketHandler - 

Request DefaultFullHttpRequest(decodeResult: success, version: HTTP/1.1, content: EmptyByteBufBE)
GET /devtools/browser/f26f3a4d-7ee6-4cba-a46c-8fe5cceb0bea HTTP/1.1
upgrade: websocket
connection: upgrade
sec-websocket-key: i340KK0l12JNL0epfPVdGA==
sec-websocket-version: 13
origin: http://localhost:59189
host: localhost:59189
accept: */*
user-agent: AHC/2.1

Response DefaultHttpResponse(decodeResult: success, version: HTTP/1.1)
HTTP/1.1 101 WebSocket Protocol Handshake
Upgrade: WebSocket
Connection: Upgrade
Sec-WebSocket-Accept: +Rw/HVoXYnfw19f7GWMRORB0nbQ=

12:42:10.461 [Forwarding get on session fefb8f375aa251ddff174d3a75e655de to remote] DEBUG org.asynchttpclient.netty.request.NettyRequestSender - Using pooled Channel '[id: 0x69434c6d, L:/127.0.0.1:59188 - R:localhost/127.0.0.1:41423]' for 'POST' to 'http://localhost:41423/session/fefb8f375aa251ddff174d3a75e655de/url'
12:42:10.461 [Forwarding get on session fefb8f375aa251ddff174d3a75e655de to remote] DEBUG org.asynchttpclient.netty.request.NettyRequestSender - Using open Channel [id: 0x69434c6d, L:/127.0.0.1:59188 - R:localhost/127.0.0.1:41423] for POST '/session/fefb8f375aa251ddff174d3a75e655de/url'
12:42:11.051 [AsyncHttpClient-1-1] DEBUG org.asynchttpclient.netty.channel.DefaultChannelPool - Entry count for : http://localhost:59189 : 1
12:42:12.157 [AsyncHttpClient-1-1] DEBUG org.asynchttpclient.netty.channel.DefaultChannelPool - Entry count for : http://localhost:59189 : 1
12:42:13.249 [AsyncHttpClient-1-1] DEBUG org.asynchttpclient.netty.channel.DefaultChannelPool - Entry count for : http://localhost:59189 : 1
12:42:14.323 [AsyncHttpClient-1-2] DEBUG org.asynchttpclient.netty.handler.HttpHandler - 

Request DefaultHttpRequest(decodeResult: success, version: HTTP/1.1)
POST /session/fefb8f375aa251ddff174d3a75e655de/url HTTP/1.1
User-Agent: selenium/4.8.1 (java windows)
Content-Length: 65
Content-Type: application/json; charset=utf-8
host: localhost:41423
accept: */*

Response DefaultHttpResponse(decodeResult: success, version: HTTP/1.1)
HTTP/1.1 200 OK
Content-Length: 14
Content-Type: application/json; charset=utf-8
cache-control: no-cache

12:42:14.324 [AsyncHttpClient-1-2] DEBUG org.asynchttpclient.netty.channel.ChannelManager - Adding key: http://localhost:41423 for channel [id: 0x69434c6d, L:/127.0.0.1:59188 - R:localhost/127.0.0.1:41423]
12:42:14.332 [Forwarding setTimeout on session fefb8f375aa251ddff174d3a75e655de to remote] DEBUG org.asynchttpclient.netty.request.NettyRequestSender - Using pooled Channel '[id: 0x69434c6d, L:/127.0.0.1:59188 - R:localhost/127.0.0.1:41423]' for 'POST' to 'http://localhost:41423/session/fefb8f375aa251ddff174d3a75e655de/timeouts'
12:42:14.332 [Forwarding setTimeout on session fefb8f375aa251ddff174d3a75e655de to remote] DEBUG org.asynchttpclient.netty.request.NettyRequestSender - Using open Channel [id: 0x69434c6d, L:/127.0.0.1:59188 - R:localhost/127.0.0.1:41423] for POST '/session/fefb8f375aa251ddff174d3a75e655de/timeouts'
12:42:14.334 [AsyncHttpClient-1-2] DEBUG org.asynchttpclient.netty.handler.HttpHandler - 

Request DefaultHttpRequest(decodeResult: success, version: HTTP/1.1)
POST /session/fefb8f375aa251ddff174d3a75e655de/timeouts HTTP/1.1
User-Agent: selenium/4.8.1 (java windows)
Content-Length: 22
Content-Type: application/json; charset=utf-8
host: localhost:41423
accept: */*

Response DefaultHttpResponse(decodeResult: success, version: HTTP/1.1)
HTTP/1.1 200 OK
Content-Length: 14
Content-Type: application/json; charset=utf-8
cache-control: no-cache

12:42:14.335 [AsyncHttpClient-1-2] DEBUG org.asynchttpclient.netty.channel.ChannelManager - Adding key: http://localhost:41423 for channel [id: 0x69434c6d, L:/127.0.0.1:59188 - R:localhost/127.0.0.1:41423]
12:42:14.352 [AsyncHttpClient-1-1] DEBUG org.asynchttpclient.netty.channel.DefaultChannelPool - Entry count for : http://localhost:59189 : 1
12:42:14.352 [AsyncHttpClient-1-1] DEBUG org.asynchttpclient.netty.channel.DefaultChannelPool - Entry count for : http://localhost:41423 : 1
12:42:14.383 [main] DEBUG net.serenitybdd.core.photography.Darkroom - Opening darkroom
12:42:14.385 [Darkroom Processing Line] DEBUG net.serenitybdd.core.photography.DarkroomProcessingLine - Darkroom processing line starting up
12:42:14.400 [Forwarding getAlertText on session fefb8f375aa251ddff174d3a75e655de to remote] DEBUG org.asynchttpclient.netty.request.NettyRequestSender - Using pooled Channel '[id: 0x69434c6d, L:/127.0.0.1:59188 - R:localhost/127.0.0.1:41423]' for 'GET' to 'http://localhost:41423/session/fefb8f375aa251ddff174d3a75e655de/alert/text'
12:42:14.401 [Forwarding getAlertText on session fefb8f375aa251ddff174d3a75e655de to remote] DEBUG org.asynchttpclient.netty.request.NettyRequestSender - Using open Channel [id: 0x69434c6d, L:/127.0.0.1:59188 - R:localhost/127.0.0.1:41423] for GET '/session/fefb8f375aa251ddff174d3a75e655de/alert/text'
12:42:14.404 [AsyncHttpClient-1-2] DEBUG org.asynchttpclient.netty.handler.HttpHandler - 

Request DefaultFullHttpRequest(decodeResult: success, version: HTTP/1.1, content: EmptyByteBufBE)
GET /session/fefb8f375aa251ddff174d3a75e655de/alert/text HTTP/1.1
User-Agent: selenium/4.8.1 (java windows)
Cache-Control: no-cache
Content-Type: application/json; charset=utf-8
host: localhost:41423
accept: */*

Response DefaultHttpResponse(decodeResult: success, version: HTTP/1.1)
HTTP/1.1 404 Not Found
Content-Length: 821
Content-Type: application/json; charset=utf-8
cache-control: no-cache

12:42:14.404 [AsyncHttpClient-1-2] DEBUG org.asynchttpclient.netty.channel.ChannelManager - Adding key: http://localhost:41423 for channel [id: 0x69434c6d, L:/127.0.0.1:59188 - R:localhost/127.0.0.1:41423]
12:42:14.412 [Forwarding getCurrentUrl on session fefb8f375aa251ddff174d3a75e655de to remote] DEBUG org.asynchttpclient.netty.request.NettyRequestSender - Using pooled Channel '[id: 0x69434c6d, L:/127.0.0.1:59188 - R:localhost/127.0.0.1:41423]' for 'GET' to 'http://localhost:41423/session/fefb8f375aa251ddff174d3a75e655de/url'
12:42:14.412 [Forwarding getCurrentUrl on session fefb8f375aa251ddff174d3a75e655de to remote] DEBUG org.asynchttpclient.netty.request.NettyRequestSender - Using open Channel [id: 0x69434c6d, L:/127.0.0.1:59188 - R:localhost/127.0.0.1:41423] for GET '/session/fefb8f375aa251ddff174d3a75e655de/url'
12:42:14.421 [AsyncHttpClient-1-2] DEBUG org.asynchttpclient.netty.handler.HttpHandler - 

Request DefaultFullHttpRequest(decodeResult: success, version: HTTP/1.1, content: EmptyByteBufBE)
GET /session/fefb8f375aa251ddff174d3a75e655de/url HTTP/1.1
User-Agent: selenium/4.8.1 (java windows)
Cache-Control: no-cache
Content-Type: application/json; charset=utf-8
host: localhost:41423
accept: */*

Response DefaultHttpResponse(decodeResult: success, version: HTTP/1.1)
HTTP/1.1 200 OK
Content-Length: 47
Content-Type: application/json; charset=utf-8
cache-control: no-cache

12:42:14.422 [AsyncHttpClient-1-2] DEBUG org.asynchttpclient.netty.channel.ChannelManager - Adding key: http://localhost:41423 for channel [id: 0x69434c6d, L:/127.0.0.1:59188 - R:localhost/127.0.0.1:41423]
12:42:14.426 [Forwarding screenshot on session fefb8f375aa251ddff174d3a75e655de to remote] DEBUG org.asynchttpclient.netty.request.NettyRequestSender - Using pooled Channel '[id: 0x69434c6d, L:/127.0.0.1:59188 - R:localhost/127.0.0.1:41423]' for 'GET' to 'http://localhost:41423/session/fefb8f375aa251ddff174d3a75e655de/screenshot'
12:42:14.426 [Forwarding screenshot on session fefb8f375aa251ddff174d3a75e655de to remote] DEBUG org.asynchttpclient.netty.request.NettyRequestSender - Using open Channel [id: 0x69434c6d, L:/127.0.0.1:59188 - R:localhost/127.0.0.1:41423] for GET '/session/fefb8f375aa251ddff174d3a75e655de/screenshot'
12:42:14.601 [AsyncHttpClient-1-2] DEBUG org.asynchttpclient.netty.handler.HttpHandler - 

Request DefaultFullHttpRequest(decodeResult: success, version: HTTP/1.1, content: EmptyByteBufBE)
GET /session/fefb8f375aa251ddff174d3a75e655de/screenshot HTTP/1.1
User-Agent: selenium/4.8.1 (java windows)
Cache-Control: no-cache
Content-Type: application/json; charset=utf-8
host: localhost:41423
accept: */*

Response DefaultHttpResponse(decodeResult: success, version: HTTP/1.1)
HTTP/1.1 200 OK
Content-Length: 104432
Content-Type: application/json; charset=utf-8
cache-control: no-cache

12:42:14.603 [AsyncHttpClient-1-2] DEBUG org.asynchttpclient.netty.channel.ChannelManager - Adding key: http://localhost:41423 for channel [id: 0x69434c6d, L:/127.0.0.1:59188 - R:localhost/127.0.0.1:41423]
12:42:14.660 [main] DEBUG net.serenitybdd.core.photography.Darkroom - Send negative for processing for target\site\serenity\497549ede4ffc540098ec1a2b75c60d2b8914c9efd48a515f9446ee33b4ccb07.png
12:42:14.660 [Darkroom Processing Line] DEBUG net.serenitybdd.core.photography.DarkroomProcessingLine - Processing screenshot image in /var/screenshots/screenshot-16576795500311083849
12:42:14.661 [Darkroom Processing Line] DEBUG net.serenitybdd.core.photography.DarkroomProcessingLine - Saving screenshot to target\site\serenity\497549ede4ffc540098ec1a2b75c60d2b8914c9efd48a515f9446ee33b4ccb07.png
12:42:14.664 [Forwarding getPageSource on session fefb8f375aa251ddff174d3a75e655de to remote] DEBUG org.asynchttpclient.netty.request.NettyRequestSender - Using pooled Channel '[id: 0x69434c6d, L:/127.0.0.1:59188 - R:localhost/127.0.0.1:41423]' for 'POST' to 'http://localhost:41423/session/fefb8f375aa251ddff174d3a75e655de/execute/sync'
12:42:14.665 [Forwarding getPageSource on session fefb8f375aa251ddff174d3a75e655de to remote] DEBUG org.asynchttpclient.netty.request.NettyRequestSender - Using open Channel [id: 0x69434c6d, L:/127.0.0.1:59188 - R:localhost/127.0.0.1:41423] for POST '/session/fefb8f375aa251ddff174d3a75e655de/execute/sync'
12:42:14.687 [AsyncHttpClient-1-2] DEBUG org.asynchttpclient.netty.handler.HttpHandler - 

Request DefaultHttpRequest(decodeResult: success, version: HTTP/1.1)
POST /session/fefb8f375aa251ddff174d3a75e655de/execute/sync HTTP/1.1
User-Agent: selenium/4.8.1 (java windows)
Content-Length: 176
Content-Type: application/json; charset=utf-8
host: localhost:41423
accept: */*

Response DefaultHttpResponse(decodeResult: success, version: HTTP/1.1)
HTTP/1.1 200 OK
Content-Length: 159202
Content-Type: application/json; charset=utf-8
cache-control: no-cache

12:42:14.688 [AsyncHttpClient-1-2] DEBUG org.asynchttpclient.netty.channel.ChannelManager - Adding key: http://localhost:41423 for channel [id: 0x69434c6d, L:/127.0.0.1:59188 - R:localhost/127.0.0.1:41423]
12:42:14.824 [Forwarding getCurrentUrl on session fefb8f375aa251ddff174d3a75e655de to remote] DEBUG org.asynchttpclient.netty.request.NettyRequestSender - Using pooled Channel '[id: 0x69434c6d, L:/127.0.0.1:59188 - R:localhost/127.0.0.1:41423]' for 'GET' to 'http://localhost:41423/session/fefb8f375aa251ddff174d3a75e655de/url'
12:42:14.824 [Forwarding getCurrentUrl on session fefb8f375aa251ddff174d3a75e655de to remote] DEBUG org.asynchttpclient.netty.request.NettyRequestSender - Using open Channel [id: 0x69434c6d, L:/127.0.0.1:59188 - R:localhost/127.0.0.1:41423] for GET '/session/fefb8f375aa251ddff174d3a75e655de/url'
12:42:14.833 [AsyncHttpClient-1-2] DEBUG org.asynchttpclient.netty.handler.HttpHandler - 

Request DefaultFullHttpRequest(decodeResult: success, version: HTTP/1.1, content: EmptyByteBufBE)
GET /session/fefb8f375aa251ddff174d3a75e655de/url HTTP/1.1
User-Agent: selenium/4.8.1 (java windows)
Cache-Control: no-cache
Content-Type: application/json; charset=utf-8
host: localhost:41423
accept: */*

Response DefaultHttpResponse(decodeResult: success, version: HTTP/1.1)
HTTP/1.1 200 OK
Content-Length: 47
Content-Type: application/json; charset=utf-8
cache-control: no-cache

12:42:14.833 [AsyncHttpClient-1-2] DEBUG org.asynchttpclient.netty.channel.ChannelManager - Adding key: http://localhost:41423 for channel [id: 0x69434c6d, L:/127.0.0.1:59188 - R:localhost/127.0.0.1:41423]
12:42:14.839 [main] DEBUG net.thucydides.core.steps.StepInterceptor - STARTING STEP: LoginSteps.onLoginPage - validateOnLoginPage
12:42:14.860 [Forwarding findElement on session fefb8f375aa251ddff174d3a75e655de to remote] DEBUG org.asynchttpclient.netty.request.NettyRequestSender - Using pooled Channel '[id: 0x69434c6d, L:/127.0.0.1:59188 - R:localhost/127.0.0.1:41423]' for 'POST' to 'http://localhost:41423/session/fefb8f375aa251ddff174d3a75e655de/element'
12:42:14.861 [Forwarding findElement on session fefb8f375aa251ddff174d3a75e655de to remote] DEBUG org.asynchttpclient.netty.request.NettyRequestSender - Using open Channel [id: 0x69434c6d, L:/127.0.0.1:59188 - R:localhost/127.0.0.1:41423] for POST '/session/fefb8f375aa251ddff174d3a75e655de/element'
12:42:14.878 [AsyncHttpClient-1-2] DEBUG org.asynchttpclient.netty.handler.HttpHandler - 

Request DefaultHttpRequest(decodeResult: success, version: HTTP/1.1)
POST /session/fefb8f375aa251ddff174d3a75e655de/element HTTP/1.1
User-Agent: selenium/4.8.1 (java windows)
Content-Length: 155
Content-Type: application/json; charset=utf-8
host: localhost:41423
accept: */*

Response DefaultHttpResponse(decodeResult: success, version: HTTP/1.1)
HTTP/1.1 200 OK
Content-Length: 94
Content-Type: application/json; charset=utf-8
cache-control: no-cache

12:42:14.878 [AsyncHttpClient-1-2] DEBUG org.asynchttpclient.netty.channel.ChannelManager - Adding key: http://localhost:41423 for channel [id: 0x69434c6d, L:/127.0.0.1:59188 - R:localhost/127.0.0.1:41423]
12:42:14.890 [Forwarding isElementDisplayed on session fefb8f375aa251ddff174d3a75e655de to remote] DEBUG org.asynchttpclient.netty.request.NettyRequestSender - Using pooled Channel '[id: 0x69434c6d, L:/127.0.0.1:59188 - R:localhost/127.0.0.1:41423]' for 'POST' to 'http://localhost:41423/session/fefb8f375aa251ddff174d3a75e655de/execute/sync'
12:42:14.890 [Forwarding isElementDisplayed on session fefb8f375aa251ddff174d3a75e655de to remote] DEBUG org.asynchttpclient.netty.request.NettyRequestSender - Using open Channel [id: 0x69434c6d, L:/127.0.0.1:59188 - R:localhost/127.0.0.1:41423] for POST '/session/fefb8f375aa251ddff174d3a75e655de/execute/sync'
12:42:14.908 [AsyncHttpClient-1-2] DEBUG org.asynchttpclient.netty.handler.HttpHandler - 

Request DefaultHttpRequest(decodeResult: success, version: HTTP/1.1)
POST /session/fefb8f375aa251ddff174d3a75e655de/execute/sync HTTP/1.1
User-Agent: selenium/4.8.1 (java windows)
Content-Length: 48813
Content-Type: application/json; charset=utf-8
host: localhost:41423
accept: */*

Response DefaultHttpResponse(decodeResult: success, version: HTTP/1.1)
HTTP/1.1 200 OK
Content-Length: 14
Content-Type: application/json; charset=utf-8
cache-control: no-cache

12:42:14.909 [AsyncHttpClient-1-2] DEBUG org.asynchttpclient.netty.channel.ChannelManager - Adding key: http://localhost:41423 for channel [id: 0x69434c6d, L:/127.0.0.1:59188 - R:localhost/127.0.0.1:41423]
12:42:14.919 [Forwarding getAlertText on session fefb8f375aa251ddff174d3a75e655de to remote] DEBUG org.asynchttpclient.netty.request.NettyRequestSender - Using pooled Channel '[id: 0x69434c6d, L:/127.0.0.1:59188 - R:localhost/127.0.0.1:41423]' for 'GET' to 'http://localhost:41423/session/fefb8f375aa251ddff174d3a75e655de/alert/text'
12:42:14.920 [Forwarding getAlertText on session fefb8f375aa251ddff174d3a75e655de to remote] DEBUG org.asynchttpclient.netty.request.NettyRequestSender - Using open Channel [id: 0x69434c6d, L:/127.0.0.1:59188 - R:localhost/127.0.0.1:41423] for GET '/session/fefb8f375aa251ddff174d3a75e655de/alert/text'
12:42:14.922 [AsyncHttpClient-1-2] DEBUG org.asynchttpclient.netty.handler.HttpHandler - 

Request DefaultFullHttpRequest(decodeResult: success, version: HTTP/1.1, content: EmptyByteBufBE)
GET /session/fefb8f375aa251ddff174d3a75e655de/alert/text HTTP/1.1
User-Agent: selenium/4.8.1 (java windows)
Cache-Control: no-cache
Content-Type: application/json; charset=utf-8
host: localhost:41423
accept: */*

Response DefaultHttpResponse(decodeResult: success, version: HTTP/1.1)
HTTP/1.1 404 Not Found
Content-Length: 821
Content-Type: application/json; charset=utf-8
cache-control: no-cache

12:42:14.922 [AsyncHttpClient-1-2] DEBUG org.asynchttpclient.netty.channel.ChannelManager - Adding key: http://localhost:41423 for channel [id: 0x69434c6d, L:/127.0.0.1:59188 - R:localhost/127.0.0.1:41423]
12:42:14.924 [Forwarding getCurrentUrl on session fefb8f375aa251ddff174d3a75e655de to remote] DEBUG org.asynchttpclient.netty.request.NettyRequestSender - Using pooled Channel '[id: 0x69434c6d, L:/127.0.0.1:59188 - R:localhost/127.0.0.1:41423]' for 'GET' to 'http://localhost:41423/session/fefb8f375aa251ddff174d3a75e655de/url'
12:42:14.924 [Forwarding getCurrentUrl on session fefb8f375aa251ddff174d3a75e655de to remote] DEBUG org.asynchttpclient.netty.request.NettyRequestSender - Using open Channel [id: 0x69434c6d, L:/127.0.0.1:59188 - R:localhost/127.0.0.1:41423] for GET '/session/fefb8f375aa251ddff174d3a75e655de/url'
12:42:14.929 [AsyncHttpClient-1-2] DEBUG org.asynchttpclient.netty.handler.HttpHandler - 

Request DefaultFullHttpRequest(decodeResult: success, version: HTTP/1.1, content: EmptyByteBufBE)
GET /session/fefb8f375aa251ddff174d3a75e655de/url HTTP/1.1
User-Agent: selenium/4.8.1 (java windows)
Cache-Control: no-cache
Content-Type: application/json; charset=utf-8
host: localhost:41423
accept: */*

Response DefaultHttpResponse(decodeResult: success, version: HTTP/1.1)
HTTP/1.1 200 OK
Content-Length: 47
Content-Type: application/json; charset=utf-8
cache-control: no-cache

12:42:14.929 [AsyncHttpClient-1-2] DEBUG org.asynchttpclient.netty.channel.ChannelManager - Adding key: http://localhost:41423 for channel [id: 0x69434c6d, L:/127.0.0.1:59188 - R:localhost/127.0.0.1:41423]
12:42:14.931 [Forwarding screenshot on session fefb8f375aa251ddff174d3a75e655de to remote] DEBUG org.asynchttpclient.netty.request.NettyRequestSender - Using pooled Channel '[id: 0x69434c6d, L:/127.0.0.1:59188 - R:localhost/127.0.0.1:41423]' for 'GET' to 'http://localhost:41423/session/fefb8f375aa251ddff174d3a75e655de/screenshot'
12:42:14.931 [Forwarding screenshot on session fefb8f375aa251ddff174d3a75e655de to remote] DEBUG org.asynchttpclient.netty.request.NettyRequestSender - Using open Channel [id: 0x69434c6d, L:/127.0.0.1:59188 - R:localhost/127.0.0.1:41423] for GET '/session/fefb8f375aa251ddff174d3a75e655de/screenshot'
12:42:15.103 [AsyncHttpClient-1-2] DEBUG org.asynchttpclient.netty.handler.HttpHandler - 

Request DefaultFullHttpRequest(decodeResult: success, version: HTTP/1.1, content: EmptyByteBufBE)
GET /session/fefb8f375aa251ddff174d3a75e655de/screenshot HTTP/1.1
User-Agent: selenium/4.8.1 (java windows)
Cache-Control: no-cache
Content-Type: application/json; charset=utf-8
host: localhost:41423
accept: */*

Response DefaultHttpResponse(decodeResult: success, version: HTTP/1.1)
HTTP/1.1 200 OK
Content-Length: 104432
Content-Type: application/json; charset=utf-8
cache-control: no-cache

12:42:15.104 [AsyncHttpClient-1-2] DEBUG org.asynchttpclient.netty.channel.ChannelManager - Adding key: http://localhost:41423 for channel [id: 0x69434c6d, L:/127.0.0.1:59188 - R:localhost/127.0.0.1:41423]
12:42:15.112 [main] DEBUG net.serenitybdd.core.photography.Darkroom - Send negative for processing for target\site\serenity\497549ede4ffc540098ec1a2b75c60d2b8914c9efd48a515f9446ee33b4ccb07.png
12:42:15.114 [main] DEBUG net.thucydides.core.steps.StepInterceptor - STEP DONE: validateOnLoginPage
  &amp#27;[32mGiven &amp#27;[0m&amp#27;[32mI am on the login page&amp#27;[0m                        &amp#27;[90m# starter.stepdefinitions.LoginSteps.onLoginPage()&amp#27;[0m
12:42:15.132 [Forwarding getPageSource on session fefb8f375aa251ddff174d3a75e655de to remote] DEBUG org.asynchttpclient.netty.request.NettyRequestSender - Using pooled Channel '[id: 0x69434c6d, L:/127.0.0.1:59188 - R:localhost/127.0.0.1:41423]' for 'POST' to 'http://localhost:41423/session/fefb8f375aa251ddff174d3a75e655de/execute/sync'
12:42:15.132 [Forwarding getPageSource on session fefb8f375aa251ddff174d3a75e655de to remote] DEBUG org.asynchttpclient.netty.request.NettyRequestSender - Using open Channel [id: 0x69434c6d, L:/127.0.0.1:59188 - R:localhost/127.0.0.1:41423] for POST '/session/fefb8f375aa251ddff174d3a75e655de/execute/sync'
12:42:15.151 [AsyncHttpClient-1-2] DEBUG org.asynchttpclient.netty.handler.HttpHandler - 

Request DefaultHttpRequest(decodeResult: success, version: HTTP/1.1)
POST /session/fefb8f375aa251ddff174d3a75e655de/execute/sync HTTP/1.1
User-Agent: selenium/4.8.1 (java windows)
Content-Length: 176
Content-Type: application/json; charset=utf-8
host: localhost:41423
accept: */*

Response DefaultHttpResponse(decodeResult: success, version: HTTP/1.1)
HTTP/1.1 200 OK
Content-Length: 159202
Content-Type: application/json; charset=utf-8
cache-control: no-cache

12:42:15.153 [AsyncHttpClient-1-2] DEBUG org.asynchttpclient.netty.channel.ChannelManager - Adding key: http://localhost:41423 for channel [id: 0x69434c6d, L:/127.0.0.1:59188 - R:localhost/127.0.0.1:41423]
12:42:15.178 [Forwarding getCurrentUrl on session fefb8f375aa251ddff174d3a75e655de to remote] DEBUG org.asynchttpclient.netty.request.NettyRequestSender - Using pooled Channel '[id: 0x69434c6d, L:/127.0.0.1:59188 - R:localhost/127.0.0.1:41423]' for 'GET' to 'http://localhost:41423/session/fefb8f375aa251ddff174d3a75e655de/url'
12:42:15.178 [Forwarding getCurrentUrl on session fefb8f375aa251ddff174d3a75e655de to remote] DEBUG org.asynchttpclient.netty.request.NettyRequestSender - Using open Channel [id: 0x69434c6d, L:/127.0.0.1:59188 - R:localhost/127.0.0.1:41423] for GET '/session/fefb8f375aa251ddff174d3a75e655de/url'
12:42:15.184 [AsyncHttpClient-1-2] DEBUG org.asynchttpclient.netty.handler.HttpHandler - 

Request DefaultFullHttpRequest(decodeResult: success, version: HTTP/1.1, content: EmptyByteBufBE)
GET /session/fefb8f375aa251ddff174d3a75e655de/url HTTP/1.1
User-Agent: selenium/4.8.1 (java windows)
Cache-Control: no-cache
Content-Type: application/json; charset=utf-8
host: localhost:41423
accept: */*

Response DefaultHttpResponse(decodeResult: success, version: HTTP/1.1)
HTTP/1.1 200 OK
Content-Length: 47
Content-Type: application/json; charset=utf-8
cache-control: no-cache

12:42:15.185 [AsyncHttpClient-1-2] DEBUG org.asynchttpclient.netty.channel.ChannelManager - Adding key: http://localhost:41423 for channel [id: 0x69434c6d, L:/127.0.0.1:59188 - R:localhost/127.0.0.1:41423]
12:42:15.200 [Forwarding getAlertText on session fefb8f375aa251ddff174d3a75e655de to remote] DEBUG org.asynchttpclient.netty.request.NettyRequestSender - Using pooled Channel '[id: 0x69434c6d, L:/127.0.0.1:59188 - R:localhost/127.0.0.1:41423]' for 'GET' to 'http://localhost:41423/session/fefb8f375aa251ddff174d3a75e655de/alert/text'
12:42:15.200 [Forwarding getAlertText on session fefb8f375aa251ddff174d3a75e655de to remote] DEBUG org.asynchttpclient.netty.request.NettyRequestSender - Using open Channel [id: 0x69434c6d, L:/127.0.0.1:59188 - R:localhost/127.0.0.1:41423] for GET '/session/fefb8f375aa251ddff174d3a75e655de/alert/text'
12:42:15.202 [AsyncHttpClient-1-2] DEBUG org.asynchttpclient.netty.handler.HttpHandler - 

Request DefaultFullHttpRequest(decodeResult: success, version: HTTP/1.1, content: EmptyByteBufBE)
GET /session/fefb8f375aa251ddff174d3a75e655de/alert/text HTTP/1.1
User-Agent: selenium/4.8.1 (java windows)
Cache-Control: no-cache
Content-Type: application/json; charset=utf-8
host: localhost:41423
accept: */*

Response DefaultHttpResponse(decodeResult: success, version: HTTP/1.1)
HTTP/1.1 404 Not Found
Content-Length: 821
Content-Type: application/json; charset=utf-8
cache-control: no-cache

12:42:15.203 [AsyncHttpClient-1-2] DEBUG org.asynchttpclient.netty.channel.ChannelManager - Adding key: http://localhost:41423 for channel [id: 0x69434c6d, L:/127.0.0.1:59188 - R:localhost/127.0.0.1:41423]
12:42:15.205 [Forwarding getCurrentUrl on session fefb8f375aa251ddff174d3a75e655de to remote] DEBUG org.asynchttpclient.netty.request.NettyRequestSender - Using pooled Channel '[id: 0x69434c6d, L:/127.0.0.1:59188 - R:localhost/127.0.0.1:41423]' for 'GET' to 'http://localhost:41423/session/fefb8f375aa251ddff174d3a75e655de/url'
12:42:15.205 [Forwarding getCurrentUrl on session fefb8f375aa251ddff174d3a75e655de to remote] DEBUG org.asynchttpclient.netty.request.NettyRequestSender - Using open Channel [id: 0x69434c6d, L:/127.0.0.1:59188 - R:localhost/127.0.0.1:41423] for GET '/session/fefb8f375aa251ddff174d3a75e655de/url'
12:42:15.211 [AsyncHttpClient-1-2] DEBUG org.asynchttpclient.netty.handler.HttpHandler - 

Request DefaultFullHttpRequest(decodeResult: success, version: HTTP/1.1, content: EmptyByteBufBE)
GET /session/fefb8f375aa251ddff174d3a75e655de/url HTTP/1.1
User-Agent: selenium/4.8.1 (java windows)
Cache-Control: no-cache
Content-Type: application/json; charset=utf-8
host: localhost:41423
accept: */*

Response DefaultHttpResponse(decodeResult: success, version: HTTP/1.1)
HTTP/1.1 200 OK
Content-Length: 47
Content-Type: application/json; charset=utf-8
cache-control: no-cache

12:42:15.211 [AsyncHttpClient-1-2] DEBUG org.asynchttpclient.netty.channel.ChannelManager - Adding key: http://localhost:41423 for channel [id: 0x69434c6d, L:/127.0.0.1:59188 - R:localhost/127.0.0.1:41423]
12:42:15.213 [Forwarding screenshot on session fefb8f375aa251ddff174d3a75e655de to remote] DEBUG org.asynchttpclient.netty.request.NettyRequestSender - Using pooled Channel '[id: 0x69434c6d, L:/127.0.0.1:59188 - R:localhost/127.0.0.1:41423]' for 'GET' to 'http://localhost:41423/session/fefb8f375aa251ddff174d3a75e655de/screenshot'
12:42:15.213 [Forwarding screenshot on session fefb8f375aa251ddff174d3a75e655de to remote] DEBUG org.asynchttpclient.netty.request.NettyRequestSender - Using open Channel [id: 0x69434c6d, L:/127.0.0.1:59188 - R:localhost/127.0.0.1:41423] for GET '/session/fefb8f375aa251ddff174d3a75e655de/screenshot'
12:42:15.316 [AsyncHttpClient-1-2] DEBUG org.asynchttpclient.netty.handler.HttpHandler - 

Request DefaultFullHttpRequest(decodeResult: success, version: HTTP/1.1, content: EmptyByteBufBE)
GET /session/fefb8f375aa251ddff174d3a75e655de/screenshot HTTP/1.1
User-Agent: selenium/4.8.1 (java windows)
Cache-Control: no-cache
Content-Type: application/json; charset=utf-8
host: localhost:41423
accept: */*

Response DefaultHttpResponse(decodeResult: success, version: HTTP/1.1)
HTTP/1.1 200 OK
Content-Length: 104432
Content-Type: application/json; charset=utf-8
cache-control: no-cache

12:42:15.318 [AsyncHttpClient-1-2] DEBUG org.asynchttpclient.netty.channel.ChannelManager - Adding key: http://localhost:41423 for channel [id: 0x69434c6d, L:/127.0.0.1:59188 - R:localhost/127.0.0.1:41423]
12:42:15.322 [main] DEBUG net.serenitybdd.core.photography.Darkroom - Send negative for processing for target\site\serenity\497549ede4ffc540098ec1a2b75c60d2b8914c9efd48a515f9446ee33b4ccb07.png
12:42:15.324 [Forwarding getPageSource on session fefb8f375aa251ddff174d3a75e655de to remote] DEBUG org.asynchttpclient.netty.request.NettyRequestSender - Using pooled Channel '[id: 0x69434c6d, L:/127.0.0.1:59188 - R:localhost/127.0.0.1:41423]' for 'POST' to 'http://localhost:41423/session/fefb8f375aa251ddff174d3a75e655de/execute/sync'
12:42:15.324 [Forwarding getPageSource on session fefb8f375aa251ddff174d3a75e655de to remote] DEBUG org.asynchttpclient.netty.request.NettyRequestSender - Using open Channel [id: 0x69434c6d, L:/127.0.0.1:59188 - R:localhost/127.0.0.1:41423] for POST '/session/fefb8f375aa251ddff174d3a75e655de/execute/sync'
12:42:15.347 [AsyncHttpClient-1-2] DEBUG org.asynchttpclient.netty.handler.HttpHandler - 

Request DefaultHttpRequest(decodeResult: success, version: HTTP/1.1)
POST /session/fefb8f375aa251ddff174d3a75e655de/execute/sync HTTP/1.1
User-Agent: selenium/4.8.1 (java windows)
Content-Length: 176
Content-Type: application/json; charset=utf-8
host: localhost:41423
accept: */*

Response DefaultHttpResponse(decodeResult: success, version: HTTP/1.1)
HTTP/1.1 200 OK
Content-Length: 159202
Content-Type: application/json; charset=utf-8
cache-control: no-cache

12:42:15.348 [AsyncHttpClient-1-2] DEBUG org.asynchttpclient.netty.channel.ChannelManager - Adding key: http://localhost:41423 for channel [id: 0x69434c6d, L:/127.0.0.1:59188 - R:localhost/127.0.0.1:41423]
12:42:15.369 [Forwarding getCurrentUrl on session fefb8f375aa251ddff174d3a75e655de to remote] DEBUG org.asynchttpclient.netty.request.NettyRequestSender - Using pooled Channel '[id: 0x69434c6d, L:/127.0.0.1:59188 - R:localhost/127.0.0.1:41423]' for 'GET' to 'http://localhost:41423/session/fefb8f375aa251ddff174d3a75e655de/url'
12:42:15.369 [Forwarding getCurrentUrl on session fefb8f375aa251ddff174d3a75e655de to remote] DEBUG org.asynchttpclient.netty.request.NettyRequestSender - Using open Channel [id: 0x69434c6d, L:/127.0.0.1:59188 - R:localhost/127.0.0.1:41423] for GET '/session/fefb8f375aa251ddff174d3a75e655de/url'
12:42:15.376 [AsyncHttpClient-1-2] DEBUG org.asynchttpclient.netty.handler.HttpHandler - 

Request DefaultFullHttpRequest(decodeResult: success, version: HTTP/1.1, content: EmptyByteBufBE)
GET /session/fefb8f375aa251ddff174d3a75e655de/url HTTP/1.1
User-Agent: selenium/4.8.1 (java windows)
Cache-Control: no-cache
Content-Type: application/json; charset=utf-8
host: localhost:41423
accept: */*

Response DefaultHttpResponse(decodeResult: success, version: HTTP/1.1)
HTTP/1.1 200 OK
Content-Length: 47
Content-Type: application/json; charset=utf-8
cache-control: no-cache

12:42:15.377 [AsyncHttpClient-1-2] DEBUG org.asynchttpclient.netty.channel.ChannelManager - Adding key: http://localhost:41423 for channel [id: 0x69434c6d, L:/127.0.0.1:59188 - R:localhost/127.0.0.1:41423]
12:42:15.385 [main] DEBUG net.thucydides.core.steps.StepInterceptor - STARTING STEP: LoginSteps.enterUsernamelOnSigIn - inputUsername
12:42:15.389 [Forwarding findElement on session fefb8f375aa251ddff174d3a75e655de to remote] DEBUG org.asynchttpclient.netty.request.NettyRequestSender - Using pooled Channel '[id: 0x69434c6d, L:/127.0.0.1:59188 - R:localhost/127.0.0.1:41423]' for 'POST' to 'http://localhost:41423/session/fefb8f375aa251ddff174d3a75e655de/element'
12:42:15.390 [Forwarding findElement on session fefb8f375aa251ddff174d3a75e655de to remote] DEBUG org.asynchttpclient.netty.request.NettyRequestSender - Using open Channel [id: 0x69434c6d, L:/127.0.0.1:59188 - R:localhost/127.0.0.1:41423] for POST '/session/fefb8f375aa251ddff174d3a75e655de/element'
12:42:15.407 [AsyncHttpClient-1-2] DEBUG org.asynchttpclient.netty.handler.HttpHandler - 

Request DefaultHttpRequest(decodeResult: success, version: HTTP/1.1)
POST /session/fefb8f375aa251ddff174d3a75e655de/element HTTP/1.1
User-Agent: selenium/4.8.1 (java windows)
Content-Length: 88
Content-Type: application/json; charset=utf-8
host: localhost:41423
accept: */*

Response DefaultHttpResponse(decodeResult: success, version: HTTP/1.1)
HTTP/1.1 200 OK
Content-Length: 95
Content-Type: application/json; charset=utf-8
cache-control: no-cache

12:42:15.407 [AsyncHttpClient-1-2] DEBUG org.asynchttpclient.netty.channel.ChannelManager - Adding key: http://localhost:41423 for channel [id: 0x69434c6d, L:/127.0.0.1:59188 - R:localhost/127.0.0.1:41423]
12:42:15.410 [Forwarding clearElement on session fefb8f375aa251ddff174d3a75e655de to remote] DEBUG org.asynchttpclient.netty.request.NettyRequestSender - Using pooled Channel '[id: 0x69434c6d, L:/127.0.0.1:59188 - R:localhost/127.0.0.1:41423]' for 'POST' to 'http://localhost:41423/session/fefb8f375aa251ddff174d3a75e655de/element/48EE817C8F51A6CE7C0E147AA83AA741_element_11/clear'
12:42:15.410 [Forwarding clearElement on session fefb8f375aa251ddff174d3a75e655de to remote] DEBUG org.asynchttpclient.netty.request.NettyRequestSender - Using open Channel [id: 0x69434c6d, L:/127.0.0.1:59188 - R:localhost/127.0.0.1:41423] for POST '/session/fefb8f375aa251ddff174d3a75e655de/element/48EE817C8F51A6CE7C0E147AA83AA741_element_11/clear'
12:42:15.454 [AsyncHttpClient-1-2] DEBUG org.asynchttpclient.netty.handler.HttpHandler - 

Request DefaultHttpRequest(decodeResult: success, version: HTTP/1.1)
POST /session/fefb8f375aa251ddff174d3a75e655de/element/48EE817C8F51A6CE7C0E147AA83AA741_element_11/clear HTTP/1.1
User-Agent: selenium/4.8.1 (java windows)
Content-Length: 57
Content-Type: application/json; charset=utf-8
host: localhost:41423
accept: */*

Response DefaultHttpResponse(decodeResult: success, version: HTTP/1.1)
HTTP/1.1 200 OK
Content-Length: 14
Content-Type: application/json; charset=utf-8
cache-control: no-cache

12:42:15.455 [AsyncHttpClient-1-2] DEBUG org.asynchttpclient.netty.channel.ChannelManager - Adding key: http://localhost:41423 for channel [id: 0x69434c6d, L:/127.0.0.1:59188 - R:localhost/127.0.0.1:41423]
12:42:15.455 [AsyncHttpClient-1-1] DEBUG org.asynchttpclient.netty.channel.DefaultChannelPool - Entry count for : http://localhost:59189 : 1
12:42:15.455 [AsyncHttpClient-1-1] DEBUG org.asynchttpclient.netty.channel.DefaultChannelPool - Entry count for : http://localhost:41423 : 1
12:42:15.458 [Forwarding sendKeysToElement on session fefb8f375aa251ddff174d3a75e655de to remote] DEBUG org.asynchttpclient.netty.request.NettyRequestSender - Using pooled Channel '[id: 0x69434c6d, L:/127.0.0.1:59188 - R:localhost/127.0.0.1:41423]' for 'POST' to 'http://localhost:41423/session/fefb8f375aa251ddff174d3a75e655de/element/48EE817C8F51A6CE7C0E147AA83AA741_element_11/value'
12:42:15.458 [Forwarding sendKeysToElement on session fefb8f375aa251ddff174d3a75e655de to remote] DEBUG org.asynchttpclient.netty.request.NettyRequestSender - Using open Channel [id: 0x69434c6d, L:/127.0.0.1:59188 - R:localhost/127.0.0.1:41423] for POST '/session/fefb8f375aa251ddff174d3a75e655de/element/48EE817C8F51A6CE7C0E147AA83AA741_element_11/value'
12:42:15.601 [AsyncHttpClient-1-2] DEBUG org.asynchttpclient.netty.handler.HttpHandler - 

Request DefaultHttpRequest(decodeResult: success, version: HTTP/1.1)
POST /session/fefb8f375aa251ddff174d3a75e655de/element/48EE817C8F51A6CE7C0E147AA83AA741_element_11/value HTTP/1.1
User-Agent: selenium/4.8.1 (java windows)
Content-Length: 138
Content-Type: application/json; charset=utf-8
host: localhost:41423
accept: */*

Response DefaultHttpResponse(decodeResult: success, version: HTTP/1.1)
HTTP/1.1 200 OK
Content-Length: 14
Content-Type: application/json; charset=utf-8
cache-control: no-cache

12:42:15.603 [AsyncHttpClient-1-2] DEBUG org.asynchttpclient.netty.channel.ChannelManager - Adding key: http://localhost:41423 for channel [id: 0x69434c6d, L:/127.0.0.1:59188 - R:localhost/127.0.0.1:41423]
12:42:15.617 [Forwarding getAlertText on session fefb8f375aa251ddff174d3a75e655de to remote] DEBUG org.asynchttpclient.netty.request.NettyRequestSender - Using pooled Channel '[id: 0x69434c6d, L:/127.0.0.1:59188 - R:localhost/127.0.0.1:41423]' for 'GET' to 'http://localhost:41423/session/fefb8f375aa251ddff174d3a75e655de/alert/text'
12:42:15.617 [Forwarding getAlertText on session fefb8f375aa251ddff174d3a75e655de to remote] DEBUG org.asynchttpclient.netty.request.NettyRequestSender - Using open Channel [id: 0x69434c6d, L:/127.0.0.1:59188 - R:localhost/127.0.0.1:41423] for GET '/session/fefb8f375aa251ddff174d3a75e655de/alert/text'
12:42:15.620 [AsyncHttpClient-1-2] DEBUG org.asynchttpclient.netty.handler.HttpHandler - 

Request DefaultFullHttpRequest(decodeResult: success, version: HTTP/1.1, content: EmptyByteBufBE)
GET /session/fefb8f375aa251ddff174d3a75e655de/alert/text HTTP/1.1
User-Agent: selenium/4.8.1 (java windows)
Cache-Control: no-cache
Content-Type: application/json; charset=utf-8
host: localhost:41423
accept: */*

Response DefaultHttpResponse(decodeResult: success, version: HTTP/1.1)
HTTP/1.1 404 Not Found
Content-Length: 821
Content-Type: application/json; charset=utf-8
cache-control: no-cache

12:42:15.621 [AsyncHttpClient-1-2] DEBUG org.asynchttpclient.netty.channel.ChannelManager - Adding key: http://localhost:41423 for channel [id: 0x69434c6d, L:/127.0.0.1:59188 - R:localhost/127.0.0.1:41423]
12:42:15.622 [Forwarding getCurrentUrl on session fefb8f375aa251ddff174d3a75e655de to remote] DEBUG org.asynchttpclient.netty.request.NettyRequestSender - Using pooled Channel '[id: 0x69434c6d, L:/127.0.0.1:59188 - R:localhost/127.0.0.1:41423]' for 'GET' to 'http://localhost:41423/session/fefb8f375aa251ddff174d3a75e655de/url'
12:42:15.623 [Forwarding getCurrentUrl on session fefb8f375aa251ddff174d3a75e655de to remote] DEBUG org.asynchttpclient.netty.request.NettyRequestSender - Using open Channel [id: 0x69434c6d, L:/127.0.0.1:59188 - R:localhost/127.0.0.1:41423] for GET '/session/fefb8f375aa251ddff174d3a75e655de/url'
12:42:15.635 [AsyncHttpClient-1-2] DEBUG org.asynchttpclient.netty.handler.HttpHandler - 

Request DefaultFullHttpRequest(decodeResult: success, version: HTTP/1.1, content: EmptyByteBufBE)
GET /session/fefb8f375aa251ddff174d3a75e655de/url HTTP/1.1
User-Agent: selenium/4.8.1 (java windows)
Cache-Control: no-cache
Content-Type: application/json; charset=utf-8
host: localhost:41423
accept: */*

Response DefaultHttpResponse(decodeResult: success, version: HTTP/1.1)
HTTP/1.1 200 OK
Content-Length: 47
Content-Type: application/json; charset=utf-8
cache-control: no-cache

12:42:15.635 [AsyncHttpClient-1-2] DEBUG org.asynchttpclient.netty.channel.ChannelManager - Adding key: http://localhost:41423 for channel [id: 0x69434c6d, L:/127.0.0.1:59188 - R:localhost/127.0.0.1:41423]
12:42:15.636 [Forwarding screenshot on session fefb8f375aa251ddff174d3a75e655de to remote] DEBUG org.asynchttpclient.netty.request.NettyRequestSender - Using pooled Channel '[id: 0x69434c6d, L:/127.0.0.1:59188 - R:localhost/127.0.0.1:41423]' for 'GET' to 'http://localhost:41423/session/fefb8f375aa251ddff174d3a75e655de/screenshot'
12:42:15.636 [Forwarding screenshot on session fefb8f375aa251ddff174d3a75e655de to remote] DEBUG org.asynchttpclient.netty.request.NettyRequestSender - Using open Channel [id: 0x69434c6d, L:/127.0.0.1:59188 - R:localhost/127.0.0.1:41423] for GET '/session/fefb8f375aa251ddff174d3a75e655de/screenshot'
12:42:15.758 [AsyncHttpClient-1-2] DEBUG org.asynchttpclient.netty.handler.HttpHandler - 

Request DefaultFullHttpRequest(decodeResult: success, version: HTTP/1.1, content: EmptyByteBufBE)
GET /session/fefb8f375aa251ddff174d3a75e655de/screenshot HTTP/1.1
User-Agent: selenium/4.8.1 (java windows)
Cache-Control: no-cache
Content-Type: application/json; charset=utf-8
host: localhost:41423
accept: */*

Response DefaultHttpResponse(decodeResult: success, version: HTTP/1.1)
HTTP/1.1 200 OK
Content-Length: 118224
Content-Type: application/json; charset=utf-8
cache-control: no-cache

12:42:15.761 [AsyncHttpClient-1-2] DEBUG org.asynchttpclient.netty.channel.ChannelManager - Adding key: http://localhost:41423 for channel [id: 0x69434c6d, L:/127.0.0.1:59188 - R:localhost/127.0.0.1:41423]
12:42:15.767 [main] DEBUG net.serenitybdd.core.photography.Darkroom - Send negative for processing for target\site\serenity\7232ee827786c8a67cd2a1f33593364e699aba584e0deef0b9c1aac9a4fe32ab.png
12:42:15.767 [main] DEBUG net.thucydides.core.steps.StepInterceptor - STEP DONE: inputUsername
12:42:15.767 [Darkroom Processing Line] DEBUG net.serenitybdd.core.photography.DarkroomProcessingLine - Processing screenshot image in /var/screenshots/screenshot-18167759376086635498
  &amp#27;[32mWhen &amp#27;[0m&amp#27;[32mI enter Username &amp#27;[0m&amp#27;[32m&amp#27;[1m"admin"&amp#27;[0m                       &amp#27;[90m# starter.stepdefinitions.LoginSteps.enterUsernamelOnSigIn(java.lang.String)&amp#27;[0m
12:42:15.767 [Darkroom Processing Line] DEBUG net.serenitybdd.core.photography.DarkroomProcessingLine - Saving screenshot to target\site\serenity\7232ee827786c8a67cd2a1f33593364e699aba584e0deef0b9c1aac9a4fe32ab.png
12:42:15.782 [Forwarding getPageSource on session fefb8f375aa251ddff174d3a75e655de to remote] DEBUG org.asynchttpclient.netty.request.NettyRequestSender - Using pooled Channel '[id: 0x69434c6d, L:/127.0.0.1:59188 - R:localhost/127.0.0.1:41423]' for 'POST' to 'http://localhost:41423/session/fefb8f375aa251ddff174d3a75e655de/execute/sync'
12:42:15.782 [Forwarding getPageSource on session fefb8f375aa251ddff174d3a75e655de to remote] DEBUG org.asynchttpclient.netty.request.NettyRequestSender - Using open Channel [id: 0x69434c6d, L:/127.0.0.1:59188 - R:localhost/127.0.0.1:41423] for POST '/session/fefb8f375aa251ddff174d3a75e655de/execute/sync'
12:42:15.808 [AsyncHttpClient-1-2] DEBUG org.asynchttpclient.netty.handler.HttpHandler - 

Request DefaultHttpRequest(decodeResult: success, version: HTTP/1.1)
POST /session/fefb8f375aa251ddff174d3a75e655de/execute/sync HTTP/1.1
User-Agent: selenium/4.8.1 (java windows)
Content-Length: 176
Content-Type: application/json; charset=utf-8
host: localhost:41423
accept: */*

Response DefaultHttpResponse(decodeResult: success, version: HTTP/1.1)
HTTP/1.1 200 OK
Content-Length: 159304
Content-Type: application/json; charset=utf-8
cache-control: no-cache

12:42:15.809 [AsyncHttpClient-1-2] DEBUG org.asynchttpclient.netty.channel.ChannelManager - Adding key: http://localhost:41423 for channel [id: 0x69434c6d, L:/127.0.0.1:59188 - R:localhost/127.0.0.1:41423]
12:42:15.827 [Forwarding getCurrentUrl on session fefb8f375aa251ddff174d3a75e655de to remote] DEBUG org.asynchttpclient.netty.request.NettyRequestSender - Using pooled Channel '[id: 0x69434c6d, L:/127.0.0.1:59188 - R:localhost/127.0.0.1:41423]' for 'GET' to 'http://localhost:41423/session/fefb8f375aa251ddff174d3a75e655de/url'
12:42:15.827 [Forwarding getCurrentUrl on session fefb8f375aa251ddff174d3a75e655de to remote] DEBUG org.asynchttpclient.netty.request.NettyRequestSender - Using open Channel [id: 0x69434c6d, L:/127.0.0.1:59188 - R:localhost/127.0.0.1:41423] for GET '/session/fefb8f375aa251ddff174d3a75e655de/url'
12:42:15.835 [AsyncHttpClient-1-2] DEBUG org.asynchttpclient.netty.handler.HttpHandler - 

Request DefaultFullHttpRequest(decodeResult: success, version: HTTP/1.1, content: EmptyByteBufBE)
GET /session/fefb8f375aa251ddff174d3a75e655de/url HTTP/1.1
User-Agent: selenium/4.8.1 (java windows)
Cache-Control: no-cache
Content-Type: application/json; charset=utf-8
host: localhost:41423
accept: */*

Response DefaultHttpResponse(decodeResult: success, version: HTTP/1.1)
HTTP/1.1 200 OK
Content-Length: 47
Content-Type: application/json; charset=utf-8
cache-control: no-cache

12:42:15.835 [AsyncHttpClient-1-2] DEBUG org.asynchttpclient.netty.channel.ChannelManager - Adding key: http://localhost:41423 for channel [id: 0x69434c6d, L:/127.0.0.1:59188 - R:localhost/127.0.0.1:41423]
12:42:15.851 [Forwarding getAlertText on session fefb8f375aa251ddff174d3a75e655de to remote] DEBUG org.asynchttpclient.netty.request.NettyRequestSender - Using pooled Channel '[id: 0x69434c6d, L:/127.0.0.1:59188 - R:localhost/127.0.0.1:41423]' for 'GET' to 'http://localhost:41423/session/fefb8f375aa251ddff174d3a75e655de/alert/text'
12:42:15.851 [Forwarding getAlertText on session fefb8f375aa251ddff174d3a75e655de to remote] DEBUG org.asynchttpclient.netty.request.NettyRequestSender - Using open Channel [id: 0x69434c6d, L:/127.0.0.1:59188 - R:localhost/127.0.0.1:41423] for GET '/session/fefb8f375aa251ddff174d3a75e655de/alert/text'
12:42:15.854 [AsyncHttpClient-1-2] DEBUG org.asynchttpclient.netty.handler.HttpHandler - 

Request DefaultFullHttpRequest(decodeResult: success, version: HTTP/1.1, content: EmptyByteBufBE)
GET /session/fefb8f375aa251ddff174d3a75e655de/alert/text HTTP/1.1
User-Agent: selenium/4.8.1 (java windows)
Cache-Control: no-cache
Content-Type: application/json; charset=utf-8
host: localhost:41423
accept: */*

Response DefaultHttpResponse(decodeResult: success, version: HTTP/1.1)
HTTP/1.1 404 Not Found
Content-Length: 821
Content-Type: application/json; charset=utf-8
cache-control: no-cache

12:42:15.854 [AsyncHttpClient-1-2] DEBUG org.asynchttpclient.netty.channel.ChannelManager - Adding key: http://localhost:41423 for channel [id: 0x69434c6d, L:/127.0.0.1:59188 - R:localhost/127.0.0.1:41423]
12:42:15.856 [Forwarding getCurrentUrl on session fefb8f375aa251ddff174d3a75e655de to remote] DEBUG org.asynchttpclient.netty.request.NettyRequestSender - Using pooled Channel '[id: 0x69434c6d, L:/127.0.0.1:59188 - R:localhost/127.0.0.1:41423]' for 'GET' to 'http://localhost:41423/session/fefb8f375aa251ddff174d3a75e655de/url'
12:42:15.856 [Forwarding getCurrentUrl on session fefb8f375aa251ddff174d3a75e655de to remote] DEBUG org.asynchttpclient.netty.request.NettyRequestSender - Using open Channel [id: 0x69434c6d, L:/127.0.0.1:59188 - R:localhost/127.0.0.1:41423] for GET '/session/fefb8f375aa251ddff174d3a75e655de/url'
12:42:15.862 [AsyncHttpClient-1-2] DEBUG org.asynchttpclient.netty.handler.HttpHandler - 

Request DefaultFullHttpRequest(decodeResult: success, version: HTTP/1.1, content: EmptyByteBufBE)
GET /session/fefb8f375aa251ddff174d3a75e655de/url HTTP/1.1
User-Agent: selenium/4.8.1 (java windows)
Cache-Control: no-cache
Content-Type: application/json; charset=utf-8
host: localhost:41423
accept: */*

Response DefaultHttpResponse(decodeResult: success, version: HTTP/1.1)
HTTP/1.1 200 OK
Content-Length: 47
Content-Type: application/json; charset=utf-8
cache-control: no-cache

12:42:15.862 [AsyncHttpClient-1-2] DEBUG org.asynchttpclient.netty.channel.ChannelManager - Adding key: http://localhost:41423 for channel [id: 0x69434c6d, L:/127.0.0.1:59188 - R:localhost/127.0.0.1:41423]
12:42:15.864 [Forwarding screenshot on session fefb8f375aa251ddff174d3a75e655de to remote] DEBUG org.asynchttpclient.netty.request.NettyRequestSender - Using pooled Channel '[id: 0x69434c6d, L:/127.0.0.1:59188 - R:localhost/127.0.0.1:41423]' for 'GET' to 'http://localhost:41423/session/fefb8f375aa251ddff174d3a75e655de/screenshot'
12:42:15.864 [Forwarding screenshot on session fefb8f375aa251ddff174d3a75e655de to remote] DEBUG org.asynchttpclient.netty.request.NettyRequestSender - Using open Channel [id: 0x69434c6d, L:/127.0.0.1:59188 - R:localhost/127.0.0.1:41423] for GET '/session/fefb8f375aa251ddff174d3a75e655de/screenshot'
12:42:15.965 [AsyncHttpClient-1-2] DEBUG org.asynchttpclient.netty.handler.HttpHandler - 

Request DefaultFullHttpRequest(decodeResult: success, version: HTTP/1.1, content: EmptyByteBufBE)
GET /session/fefb8f375aa251ddff174d3a75e655de/screenshot HTTP/1.1
User-Agent: selenium/4.8.1 (java windows)
Cache-Control: no-cache
Content-Type: application/json; charset=utf-8
host: localhost:41423
accept: */*

Response DefaultHttpResponse(decodeResult: success, version: HTTP/1.1)
HTTP/1.1 200 OK
Content-Length: 118216
Content-Type: application/json; charset=utf-8
cache-control: no-cache

12:42:15.966 [AsyncHttpClient-1-2] DEBUG org.asynchttpclient.netty.channel.ChannelManager - Adding key: http://localhost:41423 for channel [id: 0x69434c6d, L:/127.0.0.1:59188 - R:localhost/127.0.0.1:41423]
12:42:15.970 [main] DEBUG net.serenitybdd.core.photography.Darkroom - Send negative for processing for target\site\serenity\dcefd046d2c1d033cdf8bacd627519a3fb040eb82f130b6503b29fb34bdcf2f5.png
12:42:15.970 [Darkroom Processing Line] DEBUG net.serenitybdd.core.photography.DarkroomProcessingLine - Processing screenshot image in /var/screenshots/screenshot-7872142674804123602
12:42:15.970 [Darkroom Processing Line] DEBUG net.serenitybdd.core.photography.DarkroomProcessingLine - Saving screenshot to target\site\serenity\dcefd046d2c1d033cdf8bacd627519a3fb040eb82f130b6503b29fb34bdcf2f5.png
12:42:15.972 [Forwarding getPageSource on session fefb8f375aa251ddff174d3a75e655de to remote] DEBUG org.asynchttpclient.netty.request.NettyRequestSender - Using pooled Channel '[id: 0x69434c6d, L:/127.0.0.1:59188 - R:localhost/127.0.0.1:41423]' for 'POST' to 'http://localhost:41423/session/fefb8f375aa251ddff174d3a75e655de/execute/sync'
12:42:15.972 [Forwarding getPageSource on session fefb8f375aa251ddff174d3a75e655de to remote] DEBUG org.asynchttpclient.netty.request.NettyRequestSender - Using open Channel [id: 0x69434c6d, L:/127.0.0.1:59188 - R:localhost/127.0.0.1:41423] for POST '/session/fefb8f375aa251ddff174d3a75e655de/execute/sync'
12:42:15.993 [AsyncHttpClient-1-2] DEBUG org.asynchttpclient.netty.handler.HttpHandler - 

Request DefaultHttpRequest(decodeResult: success, version: HTTP/1.1)
POST /session/fefb8f375aa251ddff174d3a75e655de/execute/sync HTTP/1.1
User-Agent: selenium/4.8.1 (java windows)
Content-Length: 176
Content-Type: application/json; charset=utf-8
host: localhost:41423
accept: */*

Response DefaultHttpResponse(decodeResult: success, version: HTTP/1.1)
HTTP/1.1 200 OK
Content-Length: 159304
Content-Type: application/json; charset=utf-8
cache-control: no-cache

12:42:15.994 [AsyncHttpClient-1-2] DEBUG org.asynchttpclient.netty.channel.ChannelManager - Adding key: http://localhost:41423 for channel [id: 0x69434c6d, L:/127.0.0.1:59188 - R:localhost/127.0.0.1:41423]
12:42:16.006 [Forwarding getCurrentUrl on session fefb8f375aa251ddff174d3a75e655de to remote] DEBUG org.asynchttpclient.netty.request.NettyRequestSender - Using pooled Channel '[id: 0x69434c6d, L:/127.0.0.1:59188 - R:localhost/127.0.0.1:41423]' for 'GET' to 'http://localhost:41423/session/fefb8f375aa251ddff174d3a75e655de/url'
12:42:16.006 [Forwarding getCurrentUrl on session fefb8f375aa251ddff174d3a75e655de to remote] DEBUG org.asynchttpclient.netty.request.NettyRequestSender - Using open Channel [id: 0x69434c6d, L:/127.0.0.1:59188 - R:localhost/127.0.0.1:41423] for GET '/session/fefb8f375aa251ddff174d3a75e655de/url'
12:42:16.015 [AsyncHttpClient-1-2] DEBUG org.asynchttpclient.netty.handler.HttpHandler - 

Request DefaultFullHttpRequest(decodeResult: success, version: HTTP/1.1, content: EmptyByteBufBE)
GET /session/fefb8f375aa251ddff174d3a75e655de/url HTTP/1.1
User-Agent: selenium/4.8.1 (java windows)
Cache-Control: no-cache
Content-Type: application/json; charset=utf-8
host: localhost:41423
accept: */*

Response DefaultHttpResponse(decodeResult: success, version: HTTP/1.1)
HTTP/1.1 200 OK
Content-Length: 47
Content-Type: application/json; charset=utf-8
cache-control: no-cache

12:42:16.016 [AsyncHttpClient-1-2] DEBUG org.asynchttpclient.netty.channel.ChannelManager - Adding key: http://localhost:41423 for channel [id: 0x69434c6d, L:/127.0.0.1:59188 - R:localhost/127.0.0.1:41423]
12:42:16.018 [main] DEBUG net.thucydides.core.steps.StepInterceptor - STARTING STEP: LoginSteps.enterPasswordOnLogin - inputPassword
12:42:16.022 [Forwarding findElement on session fefb8f375aa251ddff174d3a75e655de to remote] DEBUG org.asynchttpclient.netty.request.NettyRequestSender - Using pooled Channel '[id: 0x69434c6d, L:/127.0.0.1:59188 - R:localhost/127.0.0.1:41423]' for 'POST' to 'http://localhost:41423/session/fefb8f375aa251ddff174d3a75e655de/element'
12:42:16.022 [Forwarding findElement on session fefb8f375aa251ddff174d3a75e655de to remote] DEBUG org.asynchttpclient.netty.request.NettyRequestSender - Using open Channel [id: 0x69434c6d, L:/127.0.0.1:59188 - R:localhost/127.0.0.1:41423] for POST '/session/fefb8f375aa251ddff174d3a75e655de/element'
12:42:16.038 [AsyncHttpClient-1-2] DEBUG org.asynchttpclient.netty.handler.HttpHandler - 

Request DefaultHttpRequest(decodeResult: success, version: HTTP/1.1)
POST /session/fefb8f375aa251ddff174d3a75e655de/element HTTP/1.1
User-Agent: selenium/4.8.1 (java windows)
Content-Length: 79
Content-Type: application/json; charset=utf-8
host: localhost:41423
accept: */*

Response DefaultHttpResponse(decodeResult: success, version: HTTP/1.1)
HTTP/1.1 200 OK
Content-Length: 94
Content-Type: application/json; charset=utf-8
cache-control: no-cache

12:42:16.038 [AsyncHttpClient-1-2] DEBUG org.asynchttpclient.netty.channel.ChannelManager - Adding key: http://localhost:41423 for channel [id: 0x69434c6d, L:/127.0.0.1:59188 - R:localhost/127.0.0.1:41423]
12:42:16.041 [Forwarding clearElement on session fefb8f375aa251ddff174d3a75e655de to remote] DEBUG org.asynchttpclient.netty.request.NettyRequestSender - Using pooled Channel '[id: 0x69434c6d, L:/127.0.0.1:59188 - R:localhost/127.0.0.1:41423]' for 'POST' to 'http://localhost:41423/session/fefb8f375aa251ddff174d3a75e655de/element/48EE817C8F51A6CE7C0E147AA83AA741_element_8/clear'
12:42:16.041 [Forwarding clearElement on session fefb8f375aa251ddff174d3a75e655de to remote] DEBUG org.asynchttpclient.netty.request.NettyRequestSender - Using open Channel [id: 0x69434c6d, L:/127.0.0.1:59188 - R:localhost/127.0.0.1:41423] for POST '/session/fefb8f375aa251ddff174d3a75e655de/element/48EE817C8F51A6CE7C0E147AA83AA741_element_8/clear'
12:42:16.069 [AsyncHttpClient-1-2] DEBUG org.asynchttpclient.netty.handler.HttpHandler - 

Request DefaultHttpRequest(decodeResult: success, version: HTTP/1.1)
POST /session/fefb8f375aa251ddff174d3a75e655de/element/48EE817C8F51A6CE7C0E147AA83AA741_element_8/clear HTTP/1.1
User-Agent: selenium/4.8.1 (java windows)
Content-Length: 56
Content-Type: application/json; charset=utf-8
host: localhost:41423
accept: */*

Response DefaultHttpResponse(decodeResult: success, version: HTTP/1.1)
HTTP/1.1 200 OK
Content-Length: 14
Content-Type: application/json; charset=utf-8
cache-control: no-cache

12:42:16.070 [AsyncHttpClient-1-2] DEBUG org.asynchttpclient.netty.channel.ChannelManager - Adding key: http://localhost:41423 for channel [id: 0x69434c6d, L:/127.0.0.1:59188 - R:localhost/127.0.0.1:41423]
12:42:16.072 [Forwarding sendKeysToElement on session fefb8f375aa251ddff174d3a75e655de to remote] DEBUG org.asynchttpclient.netty.request.NettyRequestSender - Using pooled Channel '[id: 0x69434c6d, L:/127.0.0.1:59188 - R:localhost/127.0.0.1:41423]' for 'POST' to 'http://localhost:41423/session/fefb8f375aa251ddff174d3a75e655de/element/48EE817C8F51A6CE7C0E147AA83AA741_element_8/value'
12:42:16.072 [Forwarding sendKeysToElement on session fefb8f375aa251ddff174d3a75e655de to remote] DEBUG org.asynchttpclient.netty.request.NettyRequestSender - Using open Channel [id: 0x69434c6d, L:/127.0.0.1:59188 - R:localhost/127.0.0.1:41423] for POST '/session/fefb8f375aa251ddff174d3a75e655de/element/48EE817C8F51A6CE7C0E147AA83AA741_element_8/value'
12:42:16.157 [AsyncHttpClient-1-2] DEBUG org.asynchttpclient.netty.handler.HttpHandler - 

Request DefaultHttpRequest(decodeResult: success, version: HTTP/1.1)
POST /session/fefb8f375aa251ddff174d3a75e655de/element/48EE817C8F51A6CE7C0E147AA83AA741_element_8/value HTTP/1.1
User-Agent: selenium/4.8.1 (java windows)
Content-Length: 157
Content-Type: application/json; charset=utf-8
host: localhost:41423
accept: */*

Response DefaultHttpResponse(decodeResult: success, version: HTTP/1.1)
HTTP/1.1 200 OK
Content-Length: 14
Content-Type: application/json; charset=utf-8
cache-control: no-cache

12:42:16.158 [AsyncHttpClient-1-2] DEBUG org.asynchttpclient.netty.channel.ChannelManager - Adding key: http://localhost:41423 for channel [id: 0x69434c6d, L:/127.0.0.1:59188 - R:localhost/127.0.0.1:41423]
12:42:16.169 [Forwarding getAlertText on session fefb8f375aa251ddff174d3a75e655de to remote] DEBUG org.asynchttpclient.netty.request.NettyRequestSender - Using pooled Channel '[id: 0x69434c6d, L:/127.0.0.1:59188 - R:localhost/127.0.0.1:41423]' for 'GET' to 'http://localhost:41423/session/fefb8f375aa251ddff174d3a75e655de/alert/text'
12:42:16.170 [Forwarding getAlertText on session fefb8f375aa251ddff174d3a75e655de to remote] DEBUG org.asynchttpclient.netty.request.NettyRequestSender - Using open Channel [id: 0x69434c6d, L:/127.0.0.1:59188 - R:localhost/127.0.0.1:41423] for GET '/session/fefb8f375aa251ddff174d3a75e655de/alert/text'
12:42:16.172 [AsyncHttpClient-1-2] DEBUG org.asynchttpclient.netty.handler.HttpHandler - 

Request DefaultFullHttpRequest(decodeResult: success, version: HTTP/1.1, content: EmptyByteBufBE)
GET /session/fefb8f375aa251ddff174d3a75e655de/alert/text HTTP/1.1
User-Agent: selenium/4.8.1 (java windows)
Cache-Control: no-cache
Content-Type: application/json; charset=utf-8
host: localhost:41423
accept: */*

Response DefaultHttpResponse(decodeResult: success, version: HTTP/1.1)
HTTP/1.1 404 Not Found
Content-Length: 821
Content-Type: application/json; charset=utf-8
cache-control: no-cache

12:42:16.173 [AsyncHttpClient-1-2] DEBUG org.asynchttpclient.netty.channel.ChannelManager - Adding key: http://localhost:41423 for channel [id: 0x69434c6d, L:/127.0.0.1:59188 - R:localhost/127.0.0.1:41423]
12:42:16.175 [Forwarding getCurrentUrl on session fefb8f375aa251ddff174d3a75e655de to remote] DEBUG org.asynchttpclient.netty.request.NettyRequestSender - Using pooled Channel '[id: 0x69434c6d, L:/127.0.0.1:59188 - R:localhost/127.0.0.1:41423]' for 'GET' to 'http://localhost:41423/session/fefb8f375aa251ddff174d3a75e655de/url'
12:42:16.175 [Forwarding getCurrentUrl on session fefb8f375aa251ddff174d3a75e655de to remote] DEBUG org.asynchttpclient.netty.request.NettyRequestSender - Using open Channel [id: 0x69434c6d, L:/127.0.0.1:59188 - R:localhost/127.0.0.1:41423] for GET '/session/fefb8f375aa251ddff174d3a75e655de/url'
12:42:16.186 [AsyncHttpClient-1-2] DEBUG org.asynchttpclient.netty.handler.HttpHandler - 

Request DefaultFullHttpRequest(decodeResult: success, version: HTTP/1.1, content: EmptyByteBufBE)
GET /session/fefb8f375aa251ddff174d3a75e655de/url HTTP/1.1
User-Agent: selenium/4.8.1 (java windows)
Cache-Control: no-cache
Content-Type: application/json; charset=utf-8
host: localhost:41423
accept: */*

Response DefaultHttpResponse(decodeResult: success, version: HTTP/1.1)
HTTP/1.1 200 OK
Content-Length: 47
Content-Type: application/json; charset=utf-8
cache-control: no-cache

12:42:16.186 [AsyncHttpClient-1-2] DEBUG org.asynchttpclient.netty.channel.ChannelManager - Adding key: http://localhost:41423 for channel [id: 0x69434c6d, L:/127.0.0.1:59188 - R:localhost/127.0.0.1:41423]
12:42:16.188 [Forwarding screenshot on session fefb8f375aa251ddff174d3a75e655de to remote] DEBUG org.asynchttpclient.netty.request.NettyRequestSender - Using pooled Channel '[id: 0x69434c6d, L:/127.0.0.1:59188 - R:localhost/127.0.0.1:41423]' for 'GET' to 'http://localhost:41423/session/fefb8f375aa251ddff174d3a75e655de/screenshot'
12:42:16.188 [Forwarding screenshot on session fefb8f375aa251ddff174d3a75e655de to remote] DEBUG org.asynchttpclient.netty.request.NettyRequestSender - Using open Channel [id: 0x69434c6d, L:/127.0.0.1:59188 - R:localhost/127.0.0.1:41423] for GET '/session/fefb8f375aa251ddff174d3a75e655de/screenshot'
12:42:16.342 [AsyncHttpClient-1-2] DEBUG org.asynchttpclient.netty.handler.HttpHandler - 

Request DefaultFullHttpRequest(decodeResult: success, version: HTTP/1.1, content: EmptyByteBufBE)
GET /session/fefb8f375aa251ddff174d3a75e655de/screenshot HTTP/1.1
User-Agent: selenium/4.8.1 (java windows)
Cache-Control: no-cache
Content-Type: application/json; charset=utf-8
host: localhost:41423
accept: */*

Response DefaultHttpResponse(decodeResult: success, version: HTTP/1.1)
HTTP/1.1 200 OK
Content-Length: 116880
Content-Type: application/json; charset=utf-8
cache-control: no-cache

12:42:16.344 [AsyncHttpClient-1-2] DEBUG org.asynchttpclient.netty.channel.ChannelManager - Adding key: http://localhost:41423 for channel [id: 0x69434c6d, L:/127.0.0.1:59188 - R:localhost/127.0.0.1:41423]
12:42:16.347 [main] DEBUG net.serenitybdd.core.photography.Darkroom - Send negative for processing for target\site\serenity\f5f91752987c65d5fe13fad8b2903087c5c5289c70f3dc68645fa794373e51a7.png
12:42:16.347 [main] DEBUG net.thucydides.core.steps.StepInterceptor - STEP DONE: inputPassword
  &amp#27;[32mAnd &amp#27;[0m&amp#27;[32mI enter Password &amp#27;[0m&amp#27;[32m&amp#27;[1m"pass123"&amp#27;[0m                      &amp#27;[90m# starter.stepdefinitions.LoginSteps.enterPasswordOnLogin(java.lang.String)&amp#27;[0m
12:42:16.347 [Darkroom Processing Line] DEBUG net.serenitybdd.core.photography.DarkroomProcessingLine - Processing screenshot image in /var/screenshots/screenshot-16737105642473346864
12:42:16.348 [Darkroom Processing Line] DEBUG net.serenitybdd.core.photography.DarkroomProcessingLine - Saving screenshot to target\site\serenity\f5f91752987c65d5fe13fad8b2903087c5c5289c70f3dc68645fa794373e51a7.png
12:42:16.355 [Forwarding getPageSource on session fefb8f375aa251ddff174d3a75e655de to remote] DEBUG org.asynchttpclient.netty.request.NettyRequestSender - Using pooled Channel '[id: 0x69434c6d, L:/127.0.0.1:59188 - R:localhost/127.0.0.1:41423]' for 'POST' to 'http://localhost:41423/session/fefb8f375aa251ddff174d3a75e655de/execute/sync'
12:42:16.355 [Forwarding getPageSource on session fefb8f375aa251ddff174d3a75e655de to remote] DEBUG org.asynchttpclient.netty.request.NettyRequestSender - Using open Channel [id: 0x69434c6d, L:/127.0.0.1:59188 - R:localhost/127.0.0.1:41423] for POST '/session/fefb8f375aa251ddff174d3a75e655de/execute/sync'
12:42:16.376 [AsyncHttpClient-1-2] DEBUG org.asynchttpclient.netty.handler.HttpHandler - 

Request DefaultHttpRequest(decodeResult: success, version: HTTP/1.1)
POST /session/fefb8f375aa251ddff174d3a75e655de/execute/sync HTTP/1.1
User-Agent: selenium/4.8.1 (java windows)
Content-Length: 176
Content-Type: application/json; charset=utf-8
host: localhost:41423
accept: */*

Response DefaultHttpResponse(decodeResult: success, version: HTTP/1.1)
HTTP/1.1 200 OK
Content-Length: 159369
Content-Type: application/json; charset=utf-8
cache-control: no-cache

12:42:16.377 [AsyncHttpClient-1-2] DEBUG org.asynchttpclient.netty.channel.ChannelManager - Adding key: http://localhost:41423 for channel [id: 0x69434c6d, L:/127.0.0.1:59188 - R:localhost/127.0.0.1:41423]
12:42:16.394 [Forwarding getCurrentUrl on session fefb8f375aa251ddff174d3a75e655de to remote] DEBUG org.asynchttpclient.netty.request.NettyRequestSender - Using pooled Channel '[id: 0x69434c6d, L:/127.0.0.1:59188 - R:localhost/127.0.0.1:41423]' for 'GET' to 'http://localhost:41423/session/fefb8f375aa251ddff174d3a75e655de/url'
12:42:16.394 [Forwarding getCurrentUrl on session fefb8f375aa251ddff174d3a75e655de to remote] DEBUG org.asynchttpclient.netty.request.NettyRequestSender - Using open Channel [id: 0x69434c6d, L:/127.0.0.1:59188 - R:localhost/127.0.0.1:41423] for GET '/session/fefb8f375aa251ddff174d3a75e655de/url'
12:42:16.401 [AsyncHttpClient-1-2] DEBUG org.asynchttpclient.netty.handler.HttpHandler - 

Request DefaultFullHttpRequest(decodeResult: success, version: HTTP/1.1, content: EmptyByteBufBE)
GET /session/fefb8f375aa251ddff174d3a75e655de/url HTTP/1.1
User-Agent: selenium/4.8.1 (java windows)
Cache-Control: no-cache
Content-Type: application/json; charset=utf-8
host: localhost:41423
accept: */*

Response DefaultHttpResponse(decodeResult: success, version: HTTP/1.1)
HTTP/1.1 200 OK
Content-Length: 47
Content-Type: application/json; charset=utf-8
cache-control: no-cache

12:42:16.401 [AsyncHttpClient-1-2] DEBUG org.asynchttpclient.netty.channel.ChannelManager - Adding key: http://localhost:41423 for channel [id: 0x69434c6d, L:/127.0.0.1:59188 - R:localhost/127.0.0.1:41423]
12:42:16.423 [Forwarding getAlertText on session fefb8f375aa251ddff174d3a75e655de to remote] DEBUG org.asynchttpclient.netty.request.NettyRequestSender - Using pooled Channel '[id: 0x69434c6d, L:/127.0.0.1:59188 - R:localhost/127.0.0.1:41423]' for 'GET' to 'http://localhost:41423/session/fefb8f375aa251ddff174d3a75e655de/alert/text'
12:42:16.423 [Forwarding getAlertText on session fefb8f375aa251ddff174d3a75e655de to remote] DEBUG org.asynchttpclient.netty.request.NettyRequestSender - Using open Channel [id: 0x69434c6d, L:/127.0.0.1:59188 - R:localhost/127.0.0.1:41423] for GET '/session/fefb8f375aa251ddff174d3a75e655de/alert/text'
12:42:16.427 [AsyncHttpClient-1-2] DEBUG org.asynchttpclient.netty.handler.HttpHandler - 

Request DefaultFullHttpRequest(decodeResult: success, version: HTTP/1.1, content: EmptyByteBufBE)
GET /session/fefb8f375aa251ddff174d3a75e655de/alert/text HTTP/1.1
User-Agent: selenium/4.8.1 (java windows)
Cache-Control: no-cache
Content-Type: application/json; charset=utf-8
host: localhost:41423
accept: */*

Response DefaultHttpResponse(decodeResult: success, version: HTTP/1.1)
HTTP/1.1 404 Not Found
Content-Length: 821
Content-Type: application/json; charset=utf-8
cache-control: no-cache

12:42:16.427 [AsyncHttpClient-1-2] DEBUG org.asynchttpclient.netty.channel.ChannelManager - Adding key: http://localhost:41423 for channel [id: 0x69434c6d, L:/127.0.0.1:59188 - R:localhost/127.0.0.1:41423]
12:42:16.432 [Forwarding getCurrentUrl on session fefb8f375aa251ddff174d3a75e655de to remote] DEBUG org.asynchttpclient.netty.request.NettyRequestSender - Using pooled Channel '[id: 0x69434c6d, L:/127.0.0.1:59188 - R:localhost/127.0.0.1:41423]' for 'GET' to 'http://localhost:41423/session/fefb8f375aa251ddff174d3a75e655de/url'
12:42:16.432 [Forwarding getCurrentUrl on session fefb8f375aa251ddff174d3a75e655de to remote] DEBUG org.asynchttpclient.netty.request.NettyRequestSender - Using open Channel [id: 0x69434c6d, L:/127.0.0.1:59188 - R:localhost/127.0.0.1:41423] for GET '/session/fefb8f375aa251ddff174d3a75e655de/url'
12:42:16.440 [AsyncHttpClient-1-2] DEBUG org.asynchttpclient.netty.handler.HttpHandler - 

Request DefaultFullHttpRequest(decodeResult: success, version: HTTP/1.1, content: EmptyByteBufBE)
GET /session/fefb8f375aa251ddff174d3a75e655de/url HTTP/1.1
User-Agent: selenium/4.8.1 (java windows)
Cache-Control: no-cache
Content-Type: application/json; charset=utf-8
host: localhost:41423
accept: */*

Response DefaultHttpResponse(decodeResult: success, version: HTTP/1.1)
HTTP/1.1 200 OK
Content-Length: 47
Content-Type: application/json; charset=utf-8
cache-control: no-cache

12:42:16.440 [AsyncHttpClient-1-2] DEBUG org.asynchttpclient.netty.channel.ChannelManager - Adding key: http://localhost:41423 for channel [id: 0x69434c6d, L:/127.0.0.1:59188 - R:localhost/127.0.0.1:41423]
12:42:16.441 [Forwarding screenshot on session fefb8f375aa251ddff174d3a75e655de to remote] DEBUG org.asynchttpclient.netty.request.NettyRequestSender - Using pooled Channel '[id: 0x69434c6d, L:/127.0.0.1:59188 - R:localhost/127.0.0.1:41423]' for 'GET' to 'http://localhost:41423/session/fefb8f375aa251ddff174d3a75e655de/screenshot'
12:42:16.442 [Forwarding screenshot on session fefb8f375aa251ddff174d3a75e655de to remote] DEBUG org.asynchttpclient.netty.request.NettyRequestSender - Using open Channel [id: 0x69434c6d, L:/127.0.0.1:59188 - R:localhost/127.0.0.1:41423] for GET '/session/fefb8f375aa251ddff174d3a75e655de/screenshot'
12:42:16.553 [AsyncHttpClient-1-1] DEBUG org.asynchttpclient.netty.channel.DefaultChannelPool - Entry count for : http://localhost:59189 : 1
12:42:16.593 [AsyncHttpClient-1-2] DEBUG org.asynchttpclient.netty.handler.HttpHandler - 

Request DefaultFullHttpRequest(decodeResult: success, version: HTTP/1.1, content: EmptyByteBufBE)
GET /session/fefb8f375aa251ddff174d3a75e655de/screenshot HTTP/1.1
User-Agent: selenium/4.8.1 (java windows)
Cache-Control: no-cache
Content-Type: application/json; charset=utf-8
host: localhost:41423
accept: */*

Response DefaultHttpResponse(decodeResult: success, version: HTTP/1.1)
HTTP/1.1 200 OK
Content-Length: 116692
Content-Type: application/json; charset=utf-8
cache-control: no-cache

12:42:16.594 [AsyncHttpClient-1-2] DEBUG org.asynchttpclient.netty.channel.ChannelManager - Adding key: http://localhost:41423 for channel [id: 0x69434c6d, L:/127.0.0.1:59188 - R:localhost/127.0.0.1:41423]
12:42:16.597 [main] DEBUG net.serenitybdd.core.photography.Darkroom - Send negative for processing for target\site\serenity\353d8ccb36bf985c5583df934019335d241836008b6e0b0fc6a215ea620942a9.png
12:42:16.598 [Darkroom Processing Line] DEBUG net.serenitybdd.core.photography.DarkroomProcessingLine - Processing screenshot image in /var/screenshots/screenshot-15214379684510419953
12:42:16.598 [Darkroom Processing Line] DEBUG net.serenitybdd.core.photography.DarkroomProcessingLine - Saving screenshot to target\site\serenity\353d8ccb36bf985c5583df934019335d241836008b6e0b0fc6a215ea620942a9.png
12:42:16.598 [Forwarding getPageSource on session fefb8f375aa251ddff174d3a75e655de to remote] DEBUG org.asynchttpclient.netty.request.NettyRequestSender - Using pooled Channel '[id: 0x69434c6d, L:/127.0.0.1:59188 - R:localhost/127.0.0.1:41423]' for 'POST' to 'http://localhost:41423/session/fefb8f375aa251ddff174d3a75e655de/execute/sync'
12:42:16.598 [Forwarding getPageSource on session fefb8f375aa251ddff174d3a75e655de to remote] DEBUG org.asynchttpclient.netty.request.NettyRequestSender - Using open Channel [id: 0x69434c6d, L:/127.0.0.1:59188 - R:localhost/127.0.0.1:41423] for POST '/session/fefb8f375aa251ddff174d3a75e655de/execute/sync'
12:42:16.617 [AsyncHttpClient-1-2] DEBUG org.asynchttpclient.netty.handler.HttpHandler - 

Request DefaultHttpRequest(decodeResult: success, version: HTTP/1.1)
POST /session/fefb8f375aa251ddff174d3a75e655de/execute/sync HTTP/1.1
User-Agent: selenium/4.8.1 (java windows)
Content-Length: 176
Content-Type: application/json; charset=utf-8
host: localhost:41423
accept: */*

Response DefaultHttpResponse(decodeResult: success, version: HTTP/1.1)
HTTP/1.1 200 OK
Content-Length: 159369
Content-Type: application/json; charset=utf-8
cache-control: no-cache

12:42:16.618 [AsyncHttpClient-1-2] DEBUG org.asynchttpclient.netty.channel.ChannelManager - Adding key: http://localhost:41423 for channel [id: 0x69434c6d, L:/127.0.0.1:59188 - R:localhost/127.0.0.1:41423]
12:42:16.627 [Forwarding getCurrentUrl on session fefb8f375aa251ddff174d3a75e655de to remote] DEBUG org.asynchttpclient.netty.request.NettyRequestSender - Using pooled Channel '[id: 0x69434c6d, L:/127.0.0.1:59188 - R:localhost/127.0.0.1:41423]' for 'GET' to 'http://localhost:41423/session/fefb8f375aa251ddff174d3a75e655de/url'
12:42:16.627 [Forwarding getCurrentUrl on session fefb8f375aa251ddff174d3a75e655de to remote] DEBUG org.asynchttpclient.netty.request.NettyRequestSender - Using open Channel [id: 0x69434c6d, L:/127.0.0.1:59188 - R:localhost/127.0.0.1:41423] for GET '/session/fefb8f375aa251ddff174d3a75e655de/url'
12:42:16.633 [AsyncHttpClient-1-2] DEBUG org.asynchttpclient.netty.handler.HttpHandler - 

Request DefaultFullHttpRequest(decodeResult: success, version: HTTP/1.1, content: EmptyByteBufBE)
GET /session/fefb8f375aa251ddff174d3a75e655de/url HTTP/1.1
User-Agent: selenium/4.8.1 (java windows)
Cache-Control: no-cache
Content-Type: application/json; charset=utf-8
host: localhost:41423
accept: */*

Response DefaultHttpResponse(decodeResult: success, version: HTTP/1.1)
HTTP/1.1 200 OK
Content-Length: 47
Content-Type: application/json; charset=utf-8
cache-control: no-cache

12:42:16.633 [AsyncHttpClient-1-2] DEBUG org.asynchttpclient.netty.channel.ChannelManager - Adding key: http://localhost:41423 for channel [id: 0x69434c6d, L:/127.0.0.1:59188 - R:localhost/127.0.0.1:41423]
12:42:16.635 [main] DEBUG net.thucydides.core.steps.StepInterceptor - STARTING STEP: LoginSteps.clickSigInButton - ClickSigInButton
12:42:16.640 [Forwarding findElement on session fefb8f375aa251ddff174d3a75e655de to remote] DEBUG org.asynchttpclient.netty.request.NettyRequestSender - Using pooled Channel '[id: 0x69434c6d, L:/127.0.0.1:59188 - R:localhost/127.0.0.1:41423]' for 'POST' to 'http://localhost:41423/session/fefb8f375aa251ddff174d3a75e655de/element'
12:42:16.640 [Forwarding findElement on session fefb8f375aa251ddff174d3a75e655de to remote] DEBUG org.asynchttpclient.netty.request.NettyRequestSender - Using open Channel [id: 0x69434c6d, L:/127.0.0.1:59188 - R:localhost/127.0.0.1:41423] for POST '/session/fefb8f375aa251ddff174d3a75e655de/element'
12:42:16.649 [AsyncHttpClient-1-2] DEBUG org.asynchttpclient.netty.handler.HttpHandler - 

Request DefaultHttpRequest(decodeResult: success, version: HTTP/1.1)
POST /session/fefb8f375aa251ddff174d3a75e655de/element HTTP/1.1
User-Agent: selenium/4.8.1 (java windows)
Content-Length: 155
Content-Type: application/json; charset=utf-8
host: localhost:41423
accept: */*

Response DefaultHttpResponse(decodeResult: success, version: HTTP/1.1)
HTTP/1.1 200 OK
Content-Length: 94
Content-Type: application/json; charset=utf-8
cache-control: no-cache

12:42:16.650 [AsyncHttpClient-1-2] DEBUG org.asynchttpclient.netty.channel.ChannelManager - Adding key: http://localhost:41423 for channel [id: 0x69434c6d, L:/127.0.0.1:59188 - R:localhost/127.0.0.1:41423]
12:42:16.651 [Forwarding getElementTagName on session fefb8f375aa251ddff174d3a75e655de to remote] DEBUG org.asynchttpclient.netty.request.NettyRequestSender - Using pooled Channel '[id: 0x69434c6d, L:/127.0.0.1:59188 - R:localhost/127.0.0.1:41423]' for 'GET' to 'http://localhost:41423/session/fefb8f375aa251ddff174d3a75e655de/element/48EE817C8F51A6CE7C0E147AA83AA741_element_4/name'
12:42:16.651 [Forwarding getElementTagName on session fefb8f375aa251ddff174d3a75e655de to remote] DEBUG org.asynchttpclient.netty.request.NettyRequestSender - Using open Channel [id: 0x69434c6d, L:/127.0.0.1:59188 - R:localhost/127.0.0.1:41423] for GET '/session/fefb8f375aa251ddff174d3a75e655de/element/48EE817C8F51A6CE7C0E147AA83AA741_element_4/name'
12:42:16.659 [AsyncHttpClient-1-2] DEBUG org.asynchttpclient.netty.handler.HttpHandler - 

Request DefaultFullHttpRequest(decodeResult: success, version: HTTP/1.1, content: EmptyByteBufBE)
GET /session/fefb8f375aa251ddff174d3a75e655de/element/48EE817C8F51A6CE7C0E147AA83AA741_element_4/name HTTP/1.1
User-Agent: selenium/4.8.1 (java windows)
Cache-Control: no-cache
Content-Type: application/json; charset=utf-8
host: localhost:41423
accept: */*

Response DefaultHttpResponse(decodeResult: success, version: HTTP/1.1)
HTTP/1.1 200 OK
Content-Length: 16
Content-Type: application/json; charset=utf-8
cache-control: no-cache

12:42:16.660 [AsyncHttpClient-1-2] DEBUG org.asynchttpclient.netty.channel.ChannelManager - Adding key: http://localhost:41423 for channel [id: 0x69434c6d, L:/127.0.0.1:59188 - R:localhost/127.0.0.1:41423]
12:42:16.661 [Forwarding getElementTagName on session fefb8f375aa251ddff174d3a75e655de to remote] DEBUG org.asynchttpclient.netty.request.NettyRequestSender - Using pooled Channel '[id: 0x69434c6d, L:/127.0.0.1:59188 - R:localhost/127.0.0.1:41423]' for 'GET' to 'http://localhost:41423/session/fefb8f375aa251ddff174d3a75e655de/element/48EE817C8F51A6CE7C0E147AA83AA741_element_4/name'
12:42:16.661 [Forwarding getElementTagName on session fefb8f375aa251ddff174d3a75e655de to remote] DEBUG org.asynchttpclient.netty.request.NettyRequestSender - Using open Channel [id: 0x69434c6d, L:/127.0.0.1:59188 - R:localhost/127.0.0.1:41423] for GET '/session/fefb8f375aa251ddff174d3a75e655de/element/48EE817C8F51A6CE7C0E147AA83AA741_element_4/name'
12:42:16.668 [AsyncHttpClient-1-2] DEBUG org.asynchttpclient.netty.handler.HttpHandler - 

Request DefaultFullHttpRequest(decodeResult: success, version: HTTP/1.1, content: EmptyByteBufBE)
GET /session/fefb8f375aa251ddff174d3a75e655de/element/48EE817C8F51A6CE7C0E147AA83AA741_element_4/name HTTP/1.1
User-Agent: selenium/4.8.1 (java windows)
Cache-Control: no-cache
Content-Type: application/json; charset=utf-8
host: localhost:41423
accept: */*

Response DefaultHttpResponse(decodeResult: success, version: HTTP/1.1)
HTTP/1.1 200 OK
Content-Length: 16
Content-Type: application/json; charset=utf-8
cache-control: no-cache

12:42:16.668 [AsyncHttpClient-1-2] DEBUG org.asynchttpclient.netty.channel.ChannelManager - Adding key: http://localhost:41423 for channel [id: 0x69434c6d, L:/127.0.0.1:59188 - R:localhost/127.0.0.1:41423]
12:42:16.672 [Forwarding findElement on session fefb8f375aa251ddff174d3a75e655de to remote] DEBUG org.asynchttpclient.netty.request.NettyRequestSender - Using pooled Channel '[id: 0x69434c6d, L:/127.0.0.1:59188 - R:localhost/127.0.0.1:41423]' for 'POST' to 'http://localhost:41423/session/fefb8f375aa251ddff174d3a75e655de/element'
12:42:16.672 [Forwarding findElement on session fefb8f375aa251ddff174d3a75e655de to remote] DEBUG org.asynchttpclient.netty.request.NettyRequestSender - Using open Channel [id: 0x69434c6d, L:/127.0.0.1:59188 - R:localhost/127.0.0.1:41423] for POST '/session/fefb8f375aa251ddff174d3a75e655de/element'
12:42:16.683 [AsyncHttpClient-1-2] DEBUG org.asynchttpclient.netty.handler.HttpHandler - 

Request DefaultHttpRequest(decodeResult: success, version: HTTP/1.1)
POST /session/fefb8f375aa251ddff174d3a75e655de/element HTTP/1.1
User-Agent: selenium/4.8.1 (java windows)
Content-Length: 155
Content-Type: application/json; charset=utf-8
host: localhost:41423
accept: */*

Response DefaultHttpResponse(decodeResult: success, version: HTTP/1.1)
HTTP/1.1 200 OK
Content-Length: 94
Content-Type: application/json; charset=utf-8
cache-control: no-cache

12:42:16.683 [AsyncHttpClient-1-2] DEBUG org.asynchttpclient.netty.channel.ChannelManager - Adding key: http://localhost:41423 for channel [id: 0x69434c6d, L:/127.0.0.1:59188 - R:localhost/127.0.0.1:41423]
12:42:16.685 [Forwarding clickElement on session fefb8f375aa251ddff174d3a75e655de to remote] DEBUG org.asynchttpclient.netty.request.NettyRequestSender - Using pooled Channel '[id: 0x69434c6d, L:/127.0.0.1:59188 - R:localhost/127.0.0.1:41423]' for 'POST' to 'http://localhost:41423/session/fefb8f375aa251ddff174d3a75e655de/element/48EE817C8F51A6CE7C0E147AA83AA741_element_4/click'
12:42:16.685 [Forwarding clickElement on session fefb8f375aa251ddff174d3a75e655de to remote] DEBUG org.asynchttpclient.netty.request.NettyRequestSender - Using open Channel [id: 0x69434c6d, L:/127.0.0.1:59188 - R:localhost/127.0.0.1:41423] for POST '/session/fefb8f375aa251ddff174d3a75e655de/element/48EE817C8F51A6CE7C0E147AA83AA741_element_4/click'
12:42:16.752 [AsyncHttpClient-1-2] DEBUG org.asynchttpclient.netty.handler.HttpHandler - 

Request DefaultHttpRequest(decodeResult: success, version: HTTP/1.1)
POST /session/fefb8f375aa251ddff174d3a75e655de/element/48EE817C8F51A6CE7C0E147AA83AA741_element_4/click HTTP/1.1
User-Agent: selenium/4.8.1 (java windows)
Content-Length: 56
Content-Type: application/json; charset=utf-8
host: localhost:41423
accept: */*

Response DefaultHttpResponse(decodeResult: success, version: HTTP/1.1)
HTTP/1.1 200 OK
Content-Length: 14
Content-Type: application/json; charset=utf-8
cache-control: no-cache

12:42:16.752 [AsyncHttpClient-1-2] DEBUG org.asynchttpclient.netty.channel.ChannelManager - Adding key: http://localhost:41423 for channel [id: 0x69434c6d, L:/127.0.0.1:59188 - R:localhost/127.0.0.1:41423]
12:42:16.756 [Forwarding getAlertText on session fefb8f375aa251ddff174d3a75e655de to remote] DEBUG org.asynchttpclient.netty.request.NettyRequestSender - Using pooled Channel '[id: 0x69434c6d, L:/127.0.0.1:59188 - R:localhost/127.0.0.1:41423]' for 'GET' to 'http://localhost:41423/session/fefb8f375aa251ddff174d3a75e655de/alert/text'
12:42:16.757 [Forwarding getAlertText on session fefb8f375aa251ddff174d3a75e655de to remote] DEBUG org.asynchttpclient.netty.request.NettyRequestSender - Using open Channel [id: 0x69434c6d, L:/127.0.0.1:59188 - R:localhost/127.0.0.1:41423] for GET '/session/fefb8f375aa251ddff174d3a75e655de/alert/text'
12:42:16.760 [AsyncHttpClient-1-2] DEBUG org.asynchttpclient.netty.handler.HttpHandler - 

Request DefaultFullHttpRequest(decodeResult: success, version: HTTP/1.1, content: EmptyByteBufBE)
GET /session/fefb8f375aa251ddff174d3a75e655de/alert/text HTTP/1.1
User-Agent: selenium/4.8.1 (java windows)
Cache-Control: no-cache
Content-Type: application/json; charset=utf-8
host: localhost:41423
accept: */*

Response DefaultHttpResponse(decodeResult: success, version: HTTP/1.1)
HTTP/1.1 404 Not Found
Content-Length: 821
Content-Type: application/json; charset=utf-8
cache-control: no-cache

12:42:16.760 [AsyncHttpClient-1-2] DEBUG org.asynchttpclient.netty.channel.ChannelManager - Adding key: http://localhost:41423 for channel [id: 0x69434c6d, L:/127.0.0.1:59188 - R:localhost/127.0.0.1:41423]
12:42:16.763 [Forwarding getCurrentUrl on session fefb8f375aa251ddff174d3a75e655de to remote] DEBUG org.asynchttpclient.netty.request.NettyRequestSender - Using pooled Channel '[id: 0x69434c6d, L:/127.0.0.1:59188 - R:localhost/127.0.0.1:41423]' for 'GET' to 'http://localhost:41423/session/fefb8f375aa251ddff174d3a75e655de/url'
12:42:16.763 [Forwarding getCurrentUrl on session fefb8f375aa251ddff174d3a75e655de to remote] DEBUG org.asynchttpclient.netty.request.NettyRequestSender - Using open Channel [id: 0x69434c6d, L:/127.0.0.1:59188 - R:localhost/127.0.0.1:41423] for GET '/session/fefb8f375aa251ddff174d3a75e655de/url'
12:42:16.773 [AsyncHttpClient-1-2] DEBUG org.asynchttpclient.netty.handler.HttpHandler - 

Request DefaultFullHttpRequest(decodeResult: success, version: HTTP/1.1, content: EmptyByteBufBE)
GET /session/fefb8f375aa251ddff174d3a75e655de/url HTTP/1.1
User-Agent: selenium/4.8.1 (java windows)
Cache-Control: no-cache
Content-Type: application/json; charset=utf-8
host: localhost:41423
accept: */*

Response DefaultHttpResponse(decodeResult: success, version: HTTP/1.1)
HTTP/1.1 200 OK
Content-Length: 47
Content-Type: application/json; charset=utf-8
cache-control: no-cache

12:42:16.773 [AsyncHttpClient-1-2] DEBUG org.asynchttpclient.netty.channel.ChannelManager - Adding key: http://localhost:41423 for channel [id: 0x69434c6d, L:/127.0.0.1:59188 - R:localhost/127.0.0.1:41423]
12:42:16.775 [Forwarding screenshot on session fefb8f375aa251ddff174d3a75e655de to remote] DEBUG org.asynchttpclient.netty.request.NettyRequestSender - Using pooled Channel '[id: 0x69434c6d, L:/127.0.0.1:59188 - R:localhost/127.0.0.1:41423]' for 'GET' to 'http://localhost:41423/session/fefb8f375aa251ddff174d3a75e655de/screenshot'
12:42:16.775 [Forwarding screenshot on session fefb8f375aa251ddff174d3a75e655de to remote] DEBUG org.asynchttpclient.netty.request.NettyRequestSender - Using open Channel [id: 0x69434c6d, L:/127.0.0.1:59188 - R:localhost/127.0.0.1:41423] for GET '/session/fefb8f375aa251ddff174d3a75e655de/screenshot'
12:42:16.937 [AsyncHttpClient-1-2] DEBUG org.asynchttpclient.netty.handler.HttpHandler - 

Request DefaultFullHttpRequest(decodeResult: success, version: HTTP/1.1, content: EmptyByteBufBE)
GET /session/fefb8f375aa251ddff174d3a75e655de/screenshot HTTP/1.1
User-Agent: selenium/4.8.1 (java windows)
Cache-Control: no-cache
Content-Type: application/json; charset=utf-8
host: localhost:41423
accept: */*

Response DefaultHttpResponse(decodeResult: success, version: HTTP/1.1)
HTTP/1.1 200 OK
Content-Length: 117356
Content-Type: application/json; charset=utf-8
cache-control: no-cache

12:42:16.938 [AsyncHttpClient-1-2] DEBUG org.asynchttpclient.netty.channel.ChannelManager - Adding key: http://localhost:41423 for channel [id: 0x69434c6d, L:/127.0.0.1:59188 - R:localhost/127.0.0.1:41423]
12:42:16.941 [main] DEBUG net.serenitybdd.core.photography.Darkroom - Send negative for processing for target\site\serenity\a3b6577a803f934e417f2feb22d705d80e19c7738d904c8e1a33b7694c0f7513.png
12:42:16.941 [main] DEBUG net.thucydides.core.steps.StepInterceptor - STEP DONE: ClickSigInButton
  &amp#27;[32mAnd &amp#27;[0m&amp#27;[32mI click SigIn button&amp#27;[0m                            &amp#27;[90m# starter.stepdefinitions.LoginSteps.clickSigInButton()&amp#27;[0m
12:42:16.941 [Darkroom Processing Line] DEBUG net.serenitybdd.core.photography.DarkroomProcessingLine - Processing screenshot image in /var/screenshots/screenshot-7791526735935200108
12:42:16.941 [Darkroom Processing Line] DEBUG net.serenitybdd.core.photography.DarkroomProcessingLine - Saving screenshot to target\site\serenity\a3b6577a803f934e417f2feb22d705d80e19c7738d904c8e1a33b7694c0f7513.png
12:42:16.954 [Forwarding getPageSource on session fefb8f375aa251ddff174d3a75e655de to remote] DEBUG org.asynchttpclient.netty.request.NettyRequestSender - Using pooled Channel '[id: 0x69434c6d, L:/127.0.0.1:59188 - R:localhost/127.0.0.1:41423]' for 'POST' to 'http://localhost:41423/session/fefb8f375aa251ddff174d3a75e655de/execute/sync'
12:42:16.954 [Forwarding getPageSource on session fefb8f375aa251ddff174d3a75e655de to remote] DEBUG org.asynchttpclient.netty.request.NettyRequestSender - Using open Channel [id: 0x69434c6d, L:/127.0.0.1:59188 - R:localhost/127.0.0.1:41423] for POST '/session/fefb8f375aa251ddff174d3a75e655de/execute/sync'
12:42:16.983 [AsyncHttpClient-1-2] DEBUG org.asynchttpclient.netty.handler.HttpHandler - 

Request DefaultHttpRequest(decodeResult: success, version: HTTP/1.1)
POST /session/fefb8f375aa251ddff174d3a75e655de/execute/sync HTTP/1.1
User-Agent: selenium/4.8.1 (java windows)
Content-Length: 176
Content-Type: application/json; charset=utf-8
host: localhost:41423
accept: */*

Response DefaultHttpResponse(decodeResult: success, version: HTTP/1.1)
HTTP/1.1 200 OK
Content-Length: 160486
Content-Type: application/json; charset=utf-8
cache-control: no-cache

12:42:16.983 [AsyncHttpClient-1-2] DEBUG org.asynchttpclient.netty.channel.ChannelManager - Adding key: http://localhost:41423 for channel [id: 0x69434c6d, L:/127.0.0.1:59188 - R:localhost/127.0.0.1:41423]
12:42:16.998 [Forwarding getCurrentUrl on session fefb8f375aa251ddff174d3a75e655de to remote] DEBUG org.asynchttpclient.netty.request.NettyRequestSender - Using pooled Channel '[id: 0x69434c6d, L:/127.0.0.1:59188 - R:localhost/127.0.0.1:41423]' for 'GET' to 'http://localhost:41423/session/fefb8f375aa251ddff174d3a75e655de/url'
12:42:16.999 [Forwarding getCurrentUrl on session fefb8f375aa251ddff174d3a75e655de to remote] DEBUG org.asynchttpclient.netty.request.NettyRequestSender - Using open Channel [id: 0x69434c6d, L:/127.0.0.1:59188 - R:localhost/127.0.0.1:41423] for GET '/session/fefb8f375aa251ddff174d3a75e655de/url'
12:42:17.011 [AsyncHttpClient-1-2] DEBUG org.asynchttpclient.netty.handler.HttpHandler - 

Request DefaultFullHttpRequest(decodeResult: success, version: HTTP/1.1, content: EmptyByteBufBE)
GET /session/fefb8f375aa251ddff174d3a75e655de/url HTTP/1.1
User-Agent: selenium/4.8.1 (java windows)
Cache-Control: no-cache
Content-Type: application/json; charset=utf-8
host: localhost:41423
accept: */*

Response DefaultHttpResponse(decodeResult: success, version: HTTP/1.1)
HTTP/1.1 200 OK
Content-Length: 47
Content-Type: application/json; charset=utf-8
cache-control: no-cache

12:42:17.012 [AsyncHttpClient-1-2] DEBUG org.asynchttpclient.netty.channel.ChannelManager - Adding key: http://localhost:41423 for channel [id: 0x69434c6d, L:/127.0.0.1:59188 - R:localhost/127.0.0.1:41423]
12:42:17.022 [Forwarding getAlertText on session fefb8f375aa251ddff174d3a75e655de to remote] DEBUG org.asynchttpclient.netty.request.NettyRequestSender - Using pooled Channel '[id: 0x69434c6d, L:/127.0.0.1:59188 - R:localhost/127.0.0.1:41423]' for 'GET' to 'http://localhost:41423/session/fefb8f375aa251ddff174d3a75e655de/alert/text'
12:42:17.022 [Forwarding getAlertText on session fefb8f375aa251ddff174d3a75e655de to remote] DEBUG org.asynchttpclient.netty.request.NettyRequestSender - Using open Channel [id: 0x69434c6d, L:/127.0.0.1:59188 - R:localhost/127.0.0.1:41423] for GET '/session/fefb8f375aa251ddff174d3a75e655de/alert/text'
12:42:17.026 [AsyncHttpClient-1-2] DEBUG org.asynchttpclient.netty.handler.HttpHandler - 

Request DefaultFullHttpRequest(decodeResult: success, version: HTTP/1.1, content: EmptyByteBufBE)
GET /session/fefb8f375aa251ddff174d3a75e655de/alert/text HTTP/1.1
User-Agent: selenium/4.8.1 (java windows)
Cache-Control: no-cache
Content-Type: application/json; charset=utf-8
host: localhost:41423
accept: */*

Response DefaultHttpResponse(decodeResult: success, version: HTTP/1.1)
HTTP/1.1 404 Not Found
Content-Length: 821
Content-Type: application/json; charset=utf-8
cache-control: no-cache

12:42:17.028 [AsyncHttpClient-1-2] DEBUG org.asynchttpclient.netty.channel.ChannelManager - Adding key: http://localhost:41423 for channel [id: 0x69434c6d, L:/127.0.0.1:59188 - R:localhost/127.0.0.1:41423]
12:42:17.031 [Forwarding getCurrentUrl on session fefb8f375aa251ddff174d3a75e655de to remote] DEBUG org.asynchttpclient.netty.request.NettyRequestSender - Using pooled Channel '[id: 0x69434c6d, L:/127.0.0.1:59188 - R:localhost/127.0.0.1:41423]' for 'GET' to 'http://localhost:41423/session/fefb8f375aa251ddff174d3a75e655de/url'
12:42:17.031 [Forwarding getCurrentUrl on session fefb8f375aa251ddff174d3a75e655de to remote] DEBUG org.asynchttpclient.netty.request.NettyRequestSender - Using open Channel [id: 0x69434c6d, L:/127.0.0.1:59188 - R:localhost/127.0.0.1:41423] for GET '/session/fefb8f375aa251ddff174d3a75e655de/url'
12:42:17.041 [AsyncHttpClient-1-2] DEBUG org.asynchttpclient.netty.handler.HttpHandler - 

Request DefaultFullHttpRequest(decodeResult: success, version: HTTP/1.1, content: EmptyByteBufBE)
GET /session/fefb8f375aa251ddff174d3a75e655de/url HTTP/1.1
User-Agent: selenium/4.8.1 (java windows)
Cache-Control: no-cache
Content-Type: application/json; charset=utf-8
host: localhost:41423
accept: */*

Response DefaultHttpResponse(decodeResult: success, version: HTTP/1.1)
HTTP/1.1 200 OK
Content-Length: 47
Content-Type: application/json; charset=utf-8
cache-control: no-cache

12:42:17.041 [AsyncHttpClient-1-2] DEBUG org.asynchttpclient.netty.channel.ChannelManager - Adding key: http://localhost:41423 for channel [id: 0x69434c6d, L:/127.0.0.1:59188 - R:localhost/127.0.0.1:41423]
12:42:17.045 [Forwarding screenshot on session fefb8f375aa251ddff174d3a75e655de to remote] DEBUG org.asynchttpclient.netty.request.NettyRequestSender - Using pooled Channel '[id: 0x69434c6d, L:/127.0.0.1:59188 - R:localhost/127.0.0.1:41423]' for 'GET' to 'http://localhost:41423/session/fefb8f375aa251ddff174d3a75e655de/screenshot'
12:42:17.045 [Forwarding screenshot on session fefb8f375aa251ddff174d3a75e655de to remote] DEBUG org.asynchttpclient.netty.request.NettyRequestSender - Using open Channel [id: 0x69434c6d, L:/127.0.0.1:59188 - R:localhost/127.0.0.1:41423] for GET '/session/fefb8f375aa251ddff174d3a75e655de/screenshot'
12:42:17.204 [AsyncHttpClient-1-2] DEBUG org.asynchttpclient.netty.handler.HttpHandler - 

Request DefaultFullHttpRequest(decodeResult: success, version: HTTP/1.1, content: EmptyByteBufBE)
GET /session/fefb8f375aa251ddff174d3a75e655de/screenshot HTTP/1.1
User-Agent: selenium/4.8.1 (java windows)
Cache-Control: no-cache
Content-Type: application/json; charset=utf-8
host: localhost:41423
accept: */*

Response DefaultHttpResponse(decodeResult: success, version: HTTP/1.1)
HTTP/1.1 200 OK
Content-Length: 117516
Content-Type: application/json; charset=utf-8
cache-control: no-cache

12:42:17.204 [AsyncHttpClient-1-2] DEBUG org.asynchttpclient.netty.channel.ChannelManager - Adding key: http://localhost:41423 for channel [id: 0x69434c6d, L:/127.0.0.1:59188 - R:localhost/127.0.0.1:41423]
12:42:17.207 [main] DEBUG net.serenitybdd.core.photography.Darkroom - Send negative for processing for target\site\serenity\dfccc1493f81b398ae22ecd5590ca945aed18edcecf414da9269efc726a9c670.png
12:42:17.208 [Darkroom Processing Line] DEBUG net.serenitybdd.core.photography.DarkroomProcessingLine - Processing screenshot image in /var/screenshots/screenshot-1977982320340451137
12:42:17.208 [Darkroom Processing Line] DEBUG net.serenitybdd.core.photography.DarkroomProcessingLine - Saving screenshot to target\site\serenity\dfccc1493f81b398ae22ecd5590ca945aed18edcecf414da9269efc726a9c670.png
12:42:17.209 [Forwarding getPageSource on session fefb8f375aa251ddff174d3a75e655de to remote] DEBUG org.asynchttpclient.netty.request.NettyRequestSender - Using pooled Channel '[id: 0x69434c6d, L:/127.0.0.1:59188 - R:localhost/127.0.0.1:41423]' for 'POST' to 'http://localhost:41423/session/fefb8f375aa251ddff174d3a75e655de/execute/sync'
12:42:17.209 [Forwarding getPageSource on session fefb8f375aa251ddff174d3a75e655de to remote] DEBUG org.asynchttpclient.netty.request.NettyRequestSender - Using open Channel [id: 0x69434c6d, L:/127.0.0.1:59188 - R:localhost/127.0.0.1:41423] for POST '/session/fefb8f375aa251ddff174d3a75e655de/execute/sync'
12:42:17.235 [AsyncHttpClient-1-2] DEBUG org.asynchttpclient.netty.handler.HttpHandler - 

Request DefaultHttpRequest(decodeResult: success, version: HTTP/1.1)
POST /session/fefb8f375aa251ddff174d3a75e655de/execute/sync HTTP/1.1
User-Agent: selenium/4.8.1 (java windows)
Content-Length: 176
Content-Type: application/json; charset=utf-8
host: localhost:41423
accept: */*

Response DefaultHttpResponse(decodeResult: success, version: HTTP/1.1)
HTTP/1.1 200 OK
Content-Length: 160338
Content-Type: application/json; charset=utf-8
cache-control: no-cache

12:42:17.236 [AsyncHttpClient-1-2] DEBUG org.asynchttpclient.netty.channel.ChannelManager - Adding key: http://localhost:41423 for channel [id: 0x69434c6d, L:/127.0.0.1:59188 - R:localhost/127.0.0.1:41423]
12:42:17.253 [Forwarding getCurrentUrl on session fefb8f375aa251ddff174d3a75e655de to remote] DEBUG org.asynchttpclient.netty.request.NettyRequestSender - Using pooled Channel '[id: 0x69434c6d, L:/127.0.0.1:59188 - R:localhost/127.0.0.1:41423]' for 'GET' to 'http://localhost:41423/session/fefb8f375aa251ddff174d3a75e655de/url'
12:42:17.253 [Forwarding getCurrentUrl on session fefb8f375aa251ddff174d3a75e655de to remote] DEBUG org.asynchttpclient.netty.request.NettyRequestSender - Using open Channel [id: 0x69434c6d, L:/127.0.0.1:59188 - R:localhost/127.0.0.1:41423] for GET '/session/fefb8f375aa251ddff174d3a75e655de/url'
12:42:17.264 [AsyncHttpClient-1-2] DEBUG org.asynchttpclient.netty.handler.HttpHandler - 

Request DefaultFullHttpRequest(decodeResult: success, version: HTTP/1.1, content: EmptyByteBufBE)
GET /session/fefb8f375aa251ddff174d3a75e655de/url HTTP/1.1
User-Agent: selenium/4.8.1 (java windows)
Cache-Control: no-cache
Content-Type: application/json; charset=utf-8
host: localhost:41423
accept: */*

Response DefaultHttpResponse(decodeResult: success, version: HTTP/1.1)
HTTP/1.1 200 OK
Content-Length: 47
Content-Type: application/json; charset=utf-8
cache-control: no-cache

12:42:17.265 [AsyncHttpClient-1-2] DEBUG org.asynchttpclient.netty.channel.ChannelManager - Adding key: http://localhost:41423 for channel [id: 0x69434c6d, L:/127.0.0.1:59188 - R:localhost/127.0.0.1:41423]
12:42:17.267 [main] DEBUG net.thucydides.core.steps.StepInterceptor - STARTING STEP: LoginSteps.goToHomePage - validateOnHomePage
12:42:17.270 [Forwarding findElement on session fefb8f375aa251ddff174d3a75e655de to remote] DEBUG org.asynchttpclient.netty.request.NettyRequestSender - Using pooled Channel '[id: 0x69434c6d, L:/127.0.0.1:59188 - R:localhost/127.0.0.1:41423]' for 'POST' to 'http://localhost:41423/session/fefb8f375aa251ddff174d3a75e655de/element'
12:42:17.270 [Forwarding findElement on session fefb8f375aa251ddff174d3a75e655de to remote] DEBUG org.asynchttpclient.netty.request.NettyRequestSender - Using open Channel [id: 0x69434c6d, L:/127.0.0.1:59188 - R:localhost/127.0.0.1:41423] for POST '/session/fefb8f375aa251ddff174d3a75e655de/element'
12:42:17.289 [AsyncHttpClient-1-2] DEBUG org.asynchttpclient.netty.handler.HttpHandler - 

Request DefaultHttpRequest(decodeResult: success, version: HTTP/1.1)
POST /session/fefb8f375aa251ddff174d3a75e655de/element HTTP/1.1
User-Agent: selenium/4.8.1 (java windows)
Content-Length: 64
Content-Type: application/json; charset=utf-8
host: localhost:41423
accept: */*

Response DefaultHttpResponse(decodeResult: success, version: HTTP/1.1)
HTTP/1.1 200 OK
Content-Length: 95
Content-Type: application/json; charset=utf-8
cache-control: no-cache

12:42:17.289 [AsyncHttpClient-1-2] DEBUG org.asynchttpclient.netty.channel.ChannelManager - Adding key: http://localhost:41423 for channel [id: 0x69434c6d, L:/127.0.0.1:59188 - R:localhost/127.0.0.1:41423]
12:42:17.295 [Forwarding isElementDisplayed on session fefb8f375aa251ddff174d3a75e655de to remote] DEBUG org.asynchttpclient.netty.request.NettyRequestSender - Using pooled Channel '[id: 0x69434c6d, L:/127.0.0.1:59188 - R:localhost/127.0.0.1:41423]' for 'POST' to 'http://localhost:41423/session/fefb8f375aa251ddff174d3a75e655de/execute/sync'
12:42:17.296 [Forwarding isElementDisplayed on session fefb8f375aa251ddff174d3a75e655de to remote] DEBUG org.asynchttpclient.netty.request.NettyRequestSender - Using open Channel [id: 0x69434c6d, L:/127.0.0.1:59188 - R:localhost/127.0.0.1:41423] for POST '/session/fefb8f375aa251ddff174d3a75e655de/execute/sync'
12:42:17.315 [AsyncHttpClient-1-2] DEBUG org.asynchttpclient.netty.handler.HttpHandler - 

Request DefaultHttpRequest(decodeResult: success, version: HTTP/1.1)
POST /session/fefb8f375aa251ddff174d3a75e655de/execute/sync HTTP/1.1
User-Agent: selenium/4.8.1 (java windows)
Content-Length: 48814
Content-Type: application/json; charset=utf-8
host: localhost:41423
accept: */*

Response DefaultHttpResponse(decodeResult: success, version: HTTP/1.1)
HTTP/1.1 200 OK
Content-Length: 14
Content-Type: application/json; charset=utf-8
cache-control: no-cache

12:42:17.316 [AsyncHttpClient-1-2] DEBUG org.asynchttpclient.netty.channel.ChannelManager - Adding key: http://localhost:41423 for channel [id: 0x69434c6d, L:/127.0.0.1:59188 - R:localhost/127.0.0.1:41423]
12:42:17.321 [Forwarding getAlertText on session fefb8f375aa251ddff174d3a75e655de to remote] DEBUG org.asynchttpclient.netty.request.NettyRequestSender - Using pooled Channel '[id: 0x69434c6d, L:/127.0.0.1:59188 - R:localhost/127.0.0.1:41423]' for 'GET' to 'http://localhost:41423/session/fefb8f375aa251ddff174d3a75e655de/alert/text'
12:42:17.321 [Forwarding getAlertText on session fefb8f375aa251ddff174d3a75e655de to remote] DEBUG org.asynchttpclient.netty.request.NettyRequestSender - Using open Channel [id: 0x69434c6d, L:/127.0.0.1:59188 - R:localhost/127.0.0.1:41423] for GET '/session/fefb8f375aa251ddff174d3a75e655de/alert/text'
12:42:17.324 [AsyncHttpClient-1-2] DEBUG org.asynchttpclient.netty.handler.HttpHandler - 

Request DefaultFullHttpRequest(decodeResult: success, version: HTTP/1.1, content: EmptyByteBufBE)
GET /session/fefb8f375aa251ddff174d3a75e655de/alert/text HTTP/1.1
User-Agent: selenium/4.8.1 (java windows)
Cache-Control: no-cache
Content-Type: application/json; charset=utf-8
host: localhost:41423
accept: */*

Response DefaultHttpResponse(decodeResult: success, version: HTTP/1.1)
HTTP/1.1 404 Not Found
Content-Length: 821
Content-Type: application/json; charset=utf-8
cache-control: no-cache

12:42:17.324 [AsyncHttpClient-1-2] DEBUG org.asynchttpclient.netty.channel.ChannelManager - Adding key: http://localhost:41423 for channel [id: 0x69434c6d, L:/127.0.0.1:59188 - R:localhost/127.0.0.1:41423]
12:42:17.326 [Forwarding getCurrentUrl on session fefb8f375aa251ddff174d3a75e655de to remote] DEBUG org.asynchttpclient.netty.request.NettyRequestSender - Using pooled Channel '[id: 0x69434c6d, L:/127.0.0.1:59188 - R:localhost/127.0.0.1:41423]' for 'GET' to 'http://localhost:41423/session/fefb8f375aa251ddff174d3a75e655de/url'
12:42:17.326 [Forwarding getCurrentUrl on session fefb8f375aa251ddff174d3a75e655de to remote] DEBUG org.asynchttpclient.netty.request.NettyRequestSender - Using open Channel [id: 0x69434c6d, L:/127.0.0.1:59188 - R:localhost/127.0.0.1:41423] for GET '/session/fefb8f375aa251ddff174d3a75e655de/url'
12:42:17.338 [AsyncHttpClient-1-2] DEBUG org.asynchttpclient.netty.handler.HttpHandler - 

Request DefaultFullHttpRequest(decodeResult: success, version: HTTP/1.1, content: EmptyByteBufBE)
GET /session/fefb8f375aa251ddff174d3a75e655de/url HTTP/1.1
User-Agent: selenium/4.8.1 (java windows)
Cache-Control: no-cache
Content-Type: application/json; charset=utf-8
host: localhost:41423
accept: */*

Response DefaultHttpResponse(decodeResult: success, version: HTTP/1.1)
HTTP/1.1 200 OK
Content-Length: 47
Content-Type: application/json; charset=utf-8
cache-control: no-cache

12:42:17.338 [AsyncHttpClient-1-2] DEBUG org.asynchttpclient.netty.channel.ChannelManager - Adding key: http://localhost:41423 for channel [id: 0x69434c6d, L:/127.0.0.1:59188 - R:localhost/127.0.0.1:41423]
12:42:17.340 [Forwarding screenshot on session fefb8f375aa251ddff174d3a75e655de to remote] DEBUG org.asynchttpclient.netty.request.NettyRequestSender - Using pooled Channel '[id: 0x69434c6d, L:/127.0.0.1:59188 - R:localhost/127.0.0.1:41423]' for 'GET' to 'http://localhost:41423/session/fefb8f375aa251ddff174d3a75e655de/screenshot'
12:42:17.340 [Forwarding screenshot on session fefb8f375aa251ddff174d3a75e655de to remote] DEBUG org.asynchttpclient.netty.request.NettyRequestSender - Using open Channel [id: 0x69434c6d, L:/127.0.0.1:59188 - R:localhost/127.0.0.1:41423] for GET '/session/fefb8f375aa251ddff174d3a75e655de/screenshot'
12:42:17.505 [AsyncHttpClient-1-2] DEBUG org.asynchttpclient.netty.handler.HttpHandler - 

Request DefaultFullHttpRequest(decodeResult: success, version: HTTP/1.1, content: EmptyByteBufBE)
GET /session/fefb8f375aa251ddff174d3a75e655de/screenshot HTTP/1.1
User-Agent: selenium/4.8.1 (java windows)
Cache-Control: no-cache
Content-Type: application/json; charset=utf-8
host: localhost:41423
accept: */*

Response DefaultHttpResponse(decodeResult: success, version: HTTP/1.1)
HTTP/1.1 200 OK
Content-Length: 117496
Content-Type: application/json; charset=utf-8
cache-control: no-cache

12:42:17.506 [AsyncHttpClient-1-2] DEBUG org.asynchttpclient.netty.channel.ChannelManager - Adding key: http://localhost:41423 for channel [id: 0x69434c6d, L:/127.0.0.1:59188 - R:localhost/127.0.0.1:41423]
12:42:17.513 [main] DEBUG net.serenitybdd.core.photography.Darkroom - Send negative for processing for target\site\serenity\b4fd56e0d5b2bfc5484da2d9dd0887bbc87c7a5ae75c09cefb571ddf9cc184e6.png
12:42:17.513 [Darkroom Processing Line] DEBUG net.serenitybdd.core.photography.DarkroomProcessingLine - Processing screenshot image in /var/screenshots/screenshot-2550107255223963410
12:42:17.513 [main] DEBUG net.thucydides.core.steps.StepInterceptor - STEP DONE: validateOnHomePage
12:42:17.513 [Darkroom Processing Line] DEBUG net.serenitybdd.core.photography.DarkroomProcessingLine - Saving screenshot to target\site\serenity\b4fd56e0d5b2bfc5484da2d9dd0887bbc87c7a5ae75c09cefb571ddf9cc184e6.png
  &amp#27;[32mThen &amp#27;[0m&amp#27;[32mI am on the home page&amp#27;[0m                          &amp#27;[90m# starter.stepdefinitions.LoginSteps.goToHomePage()&amp#27;[0m
12:42:17.522 [main] INFO  - 
  _____   ___   ___   _____     ___     _     ___   ___   ___   ___  
 |_   _| | __| / __| |_   _|   | _ \   /_\   / __| / __| | __| |   \ 
   | |   | _|  \__ \   | |     |  _/  / _ \  \__ \ \__ \ | _|  | |) |
   |_|   |___| |___/   |_|     |_|   /_/ \_\ |___/ |___/ |___| |___/ 

user input with valid Username and password
----------------------------------------------------------------------
12:42:17.602 [Driver Command Executor] DEBUG org.asynchttpclient.netty.request.NettyRequestSender - Using pooled Channel '[id: 0x69434c6d, L:/127.0.0.1:59188 - R:localhost/127.0.0.1:41423]' for 'DELETE' to 'http://localhost:41423/session/fefb8f375aa251ddff174d3a75e655de'
12:42:17.602 [Driver Command Executor] DEBUG org.asynchttpclient.netty.request.NettyRequestSender - Using open Channel [id: 0x69434c6d, L:/127.0.0.1:59188 - R:localhost/127.0.0.1:41423] for DELETE '/session/fefb8f375aa251ddff174d3a75e655de'
12:42:17.605 [AsyncHttpClient-1-4] DEBUG org.asynchttpclient.netty.handler.WebSocketHandler - Channel Closed: [id: 0x1f767354, L:/127.0.0.1:59197 ! R:localhost/127.0.0.1:59189] with attribute NettyResponseFuture{currentRetry=0,
	isDone=1,
	isCancelled=0,
	asyncHandler=org.asynchttpclient.ws.WebSocketUpgradeHandler@6487d5c0,
	nettyRequest=org.asynchttpclient.netty.request.NettyRequest@4eabafcf,
	future=java.util.concurrent.CompletableFuture@50a18495[Completed normally],
	uri=ws://localhost:59189/devtools/browser/f26f3a4d-7ee6-4cba-a46c-8fe5cceb0bea,
	keepAlive=true,
	redirectCount=0,
	timeoutsHolder=null,
	inAuth=0,
	touch=1687844530300}
12:42:17.606 [AsyncHttpClient-1-4] DEBUG org.asynchttpclient.netty.channel.ChannelManager - Closing Channel [id: 0x1f767354, L:/127.0.0.1:59197 ! R:localhost/127.0.0.1:59189] 
12:42:17.659 [AsyncHttpClient-1-1] DEBUG org.asynchttpclient.netty.channel.DefaultChannelPool - Entry count for : http://localhost:59189 : 1
12:42:17.918 [AsyncHttpClient-1-3] DEBUG org.asynchttpclient.netty.handler.HttpHandler - Unexpected I/O exception on channel [id: 0x6e299dee, L:/127.0.0.1:59196 - R:localhost/127.0.0.1:59189]
java.net.SocketException: Connection reset
	at java.base/sun.nio.ch.SocketChannelImpl.throwConnectionReset(SocketChannelImpl.java:394)
	at java.base/sun.nio.ch.SocketChannelImpl.read(SocketChannelImpl.java:426)
	at io.netty.buffer.PooledByteBuf.setBytes(PooledByteBuf.java:259)
	at io.netty.buffer.AbstractByteBuf.writeBytes(AbstractByteBuf.java:1132)
	at io.netty.channel.socket.nio.NioSocketChannel.doReadBytes(NioSocketChannel.java:357)
	at io.netty.channel.nio.AbstractNioByteChannel$NioByteUnsafe.read(AbstractNioByteChannel.java:151)
	at io.netty.channel.nio.NioEventLoop.processSelectedKey(NioEventLoop.java:788)
	at io.netty.channel.nio.NioEventLoop.processSelectedKeysOptimized(NioEventLoop.java:724)
	at io.netty.channel.nio.NioEventLoop.processSelectedKeys(NioEventLoop.java:650)
	at io.netty.channel.nio.NioEventLoop.run(NioEventLoop.java:562)
	at io.netty.util.concurrent.SingleThreadEventExecutor$4.run(SingleThreadEventExecutor.java:997)
	at io.netty.util.internal.ThreadExecutorMap$2.run(ThreadExecutorMap.java:74)
	at io.netty.util.concurrent.FastThreadLocalRunnable.run(FastThreadLocalRunnable.java:30)
	at java.base/java.lang.Thread.run(Thread.java:833)
12:42:17.918 [AsyncHttpClient-1-3] DEBUG org.asynchttpclient.netty.channel.ChannelManager - Closing Channel [id: 0x6e299dee, L:/127.0.0.1:59196 - R:localhost/127.0.0.1:59189] 
12:42:17.919 [AsyncHttpClient-1-3] DEBUG org.asynchttpclient.netty.handler.HttpHandler - Channel Closed: [id: 0x6e299dee, L:/127.0.0.1:59196 ! R:localhost/127.0.0.1:59189] with attribute DISCARD
12:42:17.957 [AsyncHttpClient-1-2] DEBUG org.asynchttpclient.netty.handler.HttpHandler - 

Request DefaultFullHttpRequest(decodeResult: success, version: HTTP/1.1, content: EmptyByteBufBE)
DELETE /session/fefb8f375aa251ddff174d3a75e655de HTTP/1.1
User-Agent: selenium/4.8.1 (java windows)
Content-Type: application/json; charset=utf-8
host: localhost:41423
accept: */*

Response DefaultHttpResponse(decodeResult: success, version: HTTP/1.1)
HTTP/1.1 200 OK
Content-Length: 14
Content-Type: application/json; charset=utf-8
cache-control: no-cache

12:42:17.958 [AsyncHttpClient-1-2] DEBUG org.asynchttpclient.netty.channel.ChannelManager - Adding key: http://localhost:41423 for channel [id: 0x69434c6d, L:/127.0.0.1:59188 - R:localhost/127.0.0.1:41423]
12:42:18.020 [AsyncHttpClient-1-2] DEBUG org.asynchttpclient.netty.handler.HttpHandler - Channel Closed: [id: 0x69434c6d, L:/127.0.0.1:59188 ! R:localhost/127.0.0.1:41423] with attribute DISCARD
]]></system-out>
    <system-err><![CDATA[Starting ChromeDriver 114.0.5735.90 (386bc09e8f4f2e025eddae123f36f6263096ae49-refs/branch-heads/5735@{#1052}) on port 41423
Only local connections are allowed.
Please see https://chromedriver.chromium.org/security-considerations for suggestions on keeping ChromeDriver safe.
ChromeDriver was started successfully.
Jun 27, 2023 12:42:10 PM org.openqa.selenium.devtools.CdpVersionFinder findNearestMatch
WARNING: Unable to find an exact match for CDP version 114, so returning the closest version found: 110
]]></system-err>
  </testcase>
  <testcase name="user input with valid Username and invalid password" classname="Login" time="8.982">
    <system-out><![CDATA[
Scenario: user input with valid Username and invalid password                     &amp#27;[90m# src/test/resources/features/login.feature:14&amp#27;[0m
12:42:18.102 [main] DEBUG io.cucumber.core.plugin.SerenityReporter - Running feature from file:///D:/alta/Capstone/WEB/CapstoneWEB/src/test/resources/features/login.feature
12:42:18.104 [main] INFO  - 
  _____   ___   ___   _____     ___   _____     _     ___   _____   ___   ___  
 |_   _| | __| / __| |_   _|   / __| |_   _|   /_\   | _ \ |_   _| | __| |   \ 
   | |   | _|  \__ \   | |     \__ \   | |    / _ \  |   /   | |   | _|  | |) |
   |_|   |___| |___/   |_|     |___/   |_|   /_/ \_\ |_|_\   |_|   |___| |___/ 

user input with valid Username and invalid password(login;user-input-with-valid-username-and-invalid-password)
--------------------------------------------------------------------------------
12:42:18.196 [main] INFO net.serenitybdd.core.webdriver.driverproviders.ChromeDriverProvider - Starting Chrome driver instance with capabilities:
12:42:18.196 [main] INFO net.serenitybdd.core.webdriver.driverproviders.ChromeDriverProvider - Capabilities {acceptInsecureCerts: false, browserName: chrome, goog:chromeOptions: {args: [remote-allow-origins=*], extensions: []}}
12:42:18.753 [AsyncHttpClient-1-1] DEBUG org.asynchttpclient.netty.channel.DefaultChannelPool - Entry count for : http://localhost:59189 : 1
12:42:18.753 [AsyncHttpClient-1-1] DEBUG org.asynchttpclient.netty.channel.DefaultChannelPool - Entry count for : http://localhost:41423 : 1
12:42:18.753 [AsyncHttpClient-1-1] DEBUG org.asynchttpclient.netty.channel.DefaultChannelPool - Adding Candidate expired Channel [id: 0x6e299dee, L:/127.0.0.1:59196 ! R:localhost/127.0.0.1:59189] isIdleTimeoutExpired=false isRemotelyClosed=true isTtlExpired=false
12:42:18.753 [AsyncHttpClient-1-1] DEBUG org.asynchttpclient.netty.channel.DefaultChannelPool - Closing Idle Channel [id: 0x6e299dee, L:/127.0.0.1:59196 ! R:localhost/127.0.0.1:59189]
12:42:18.753 [AsyncHttpClient-1-1] DEBUG org.asynchttpclient.netty.channel.DefaultChannelPool - Adding Candidate expired Channel [id: 0x69434c6d, L:/127.0.0.1:59188 ! R:localhost/127.0.0.1:41423] isIdleTimeoutExpired=false isRemotelyClosed=true isTtlExpired=false
12:42:18.753 [AsyncHttpClient-1-1] DEBUG org.asynchttpclient.netty.channel.DefaultChannelPool - Closing Idle Channel [id: 0x69434c6d, L:/127.0.0.1:59188 ! R:localhost/127.0.0.1:41423]
12:42:18.754 [AsyncHttpClient-1-1] DEBUG org.asynchttpclient.netty.channel.DefaultChannelPool - Closed 2 connections out of 2 in 1 ms
12:42:18.792 [AsyncHttpClient-1-5] DEBUG org.asynchttpclient.netty.channel.NettyConnectListener - Using new Channel '[id: 0x88920e37, L:/127.0.0.1:59209 - R:localhost/127.0.0.1:6489]' for 'POST' to '/session'
12:42:19.448 [AsyncHttpClient-1-5] DEBUG org.asynchttpclient.netty.handler.HttpHandler - 

Request DefaultHttpRequest(decodeResult: success, version: HTTP/1.1)
POST /session HTTP/1.1
User-Agent: selenium/4.8.1 (java windows)
Content-Length: 507
Content-Type: application/json; charset=utf-8
host: localhost:6489
accept: */*

Response DefaultHttpResponse(decodeResult: success, version: HTTP/1.1)
HTTP/1.1 200 OK
Content-Length: 863
Content-Type: application/json; charset=utf-8
cache-control: no-cache

12:42:19.449 [AsyncHttpClient-1-5] DEBUG org.asynchttpclient.netty.channel.ChannelManager - Adding key: http://localhost:6489 for channel [id: 0x88920e37, L:/127.0.0.1:59209 - R:localhost/127.0.0.1:6489]
12:42:19.461 [AsyncHttpClient-1-6] DEBUG org.asynchttpclient.netty.channel.NettyConnectListener - Using new Channel '[id: 0x3fd29d40, L:/127.0.0.1:59216 - R:localhost/127.0.0.1:59210]' for 'GET' to '/json/version'
12:42:19.468 [AsyncHttpClient-1-6] DEBUG org.asynchttpclient.netty.handler.HttpHandler - 

Request DefaultFullHttpRequest(decodeResult: success, version: HTTP/1.1, content: EmptyByteBufBE)
GET /json/version HTTP/1.1
User-Agent: selenium/4.8.1 (java windows)
host: localhost:59210
accept: */*

Response DefaultHttpResponse(decodeResult: success, version: HTTP/1.1)
HTTP/1.1 200 OK
Content-Security-Policy: frame-ancestors 'none'
Content-Length: 424
Content-Type: application/json; charset=UTF-8

12:42:19.469 [AsyncHttpClient-1-6] DEBUG org.asynchttpclient.netty.channel.ChannelManager - Adding key: http://localhost:59210 for channel [id: 0x3fd29d40, L:/127.0.0.1:59216 - R:localhost/127.0.0.1:59210]
12:42:19.507 [AsyncHttpClient-1-7] DEBUG org.asynchttpclient.netty.channel.NettyConnectListener - Using new Channel '[id: 0xbc35a124, L:/127.0.0.1:59217 - R:localhost/127.0.0.1:59210]' for 'GET' to '/devtools/browser/86bb81f5-2dc8-4b69-b3f1-58dedd63c41b'
12:42:19.513 [AsyncHttpClient-1-7] DEBUG org.asynchttpclient.netty.handler.WebSocketHandler - 

Request DefaultFullHttpRequest(decodeResult: success, version: HTTP/1.1, content: EmptyByteBufBE)
GET /devtools/browser/86bb81f5-2dc8-4b69-b3f1-58dedd63c41b HTTP/1.1
upgrade: websocket
connection: upgrade
sec-websocket-key: H7r6e9CjL1Ed6MKUJK7dng==
sec-websocket-version: 13
origin: http://localhost:59210
host: localhost:59210
accept: */*
user-agent: AHC/2.1

Response DefaultHttpResponse(decodeResult: success, version: HTTP/1.1)
HTTP/1.1 101 WebSocket Protocol Handshake
Upgrade: WebSocket
Connection: Upgrade
Sec-WebSocket-Accept: K49I4PH5HMPAcLRZqv2YKA8qdTk=

12:42:19.532 [Forwarding get on session 23ecb21df212660c3a2fa2cac116ad5d to remote] DEBUG org.asynchttpclient.netty.request.NettyRequestSender - Using pooled Channel '[id: 0x88920e37, L:/127.0.0.1:59209 - R:localhost/127.0.0.1:6489]' for 'POST' to 'http://localhost:6489/session/23ecb21df212660c3a2fa2cac116ad5d/url'
12:42:19.533 [Forwarding get on session 23ecb21df212660c3a2fa2cac116ad5d to remote] DEBUG org.asynchttpclient.netty.request.NettyRequestSender - Using open Channel [id: 0x88920e37, L:/127.0.0.1:59209 - R:localhost/127.0.0.1:6489] for POST '/session/23ecb21df212660c3a2fa2cac116ad5d/url'
12:42:19.850 [AsyncHttpClient-1-1] DEBUG org.asynchttpclient.netty.channel.DefaultChannelPool - Entry count for : http://localhost:59210 : 1
12:42:20.949 [AsyncHttpClient-1-1] DEBUG org.asynchttpclient.netty.channel.DefaultChannelPool - Entry count for : http://localhost:59210 : 1
12:42:22.050 [AsyncHttpClient-1-1] DEBUG org.asynchttpclient.netty.channel.DefaultChannelPool - Entry count for : http://localhost:59210 : 1
12:42:23.149 [AsyncHttpClient-1-1] DEBUG org.asynchttpclient.netty.channel.DefaultChannelPool - Entry count for : http://localhost:59210 : 1
12:42:23.370 [AsyncHttpClient-1-5] DEBUG org.asynchttpclient.netty.handler.HttpHandler - 

Request DefaultHttpRequest(decodeResult: success, version: HTTP/1.1)
POST /session/23ecb21df212660c3a2fa2cac116ad5d/url HTTP/1.1
User-Agent: selenium/4.8.1 (java windows)
Content-Length: 65
Content-Type: application/json; charset=utf-8
host: localhost:6489
accept: */*

Response DefaultHttpResponse(decodeResult: success, version: HTTP/1.1)
HTTP/1.1 200 OK
Content-Length: 14
Content-Type: application/json; charset=utf-8
cache-control: no-cache

12:42:23.371 [AsyncHttpClient-1-5] DEBUG org.asynchttpclient.netty.channel.ChannelManager - Adding key: http://localhost:6489 for channel [id: 0x88920e37, L:/127.0.0.1:59209 - R:localhost/127.0.0.1:6489]
12:42:23.373 [Forwarding setTimeout on session 23ecb21df212660c3a2fa2cac116ad5d to remote] DEBUG org.asynchttpclient.netty.request.NettyRequestSender - Using pooled Channel '[id: 0x88920e37, L:/127.0.0.1:59209 - R:localhost/127.0.0.1:6489]' for 'POST' to 'http://localhost:6489/session/23ecb21df212660c3a2fa2cac116ad5d/timeouts'
12:42:23.373 [Forwarding setTimeout on session 23ecb21df212660c3a2fa2cac116ad5d to remote] DEBUG org.asynchttpclient.netty.request.NettyRequestSender - Using open Channel [id: 0x88920e37, L:/127.0.0.1:59209 - R:localhost/127.0.0.1:6489] for POST '/session/23ecb21df212660c3a2fa2cac116ad5d/timeouts'
12:42:23.374 [AsyncHttpClient-1-5] DEBUG org.asynchttpclient.netty.handler.HttpHandler - 

Request DefaultHttpRequest(decodeResult: success, version: HTTP/1.1)
POST /session/23ecb21df212660c3a2fa2cac116ad5d/timeouts HTTP/1.1
User-Agent: selenium/4.8.1 (java windows)
Content-Length: 22
Content-Type: application/json; charset=utf-8
host: localhost:6489
accept: */*

Response DefaultHttpResponse(decodeResult: success, version: HTTP/1.1)
HTTP/1.1 200 OK
Content-Length: 14
Content-Type: application/json; charset=utf-8
cache-control: no-cache

12:42:23.374 [AsyncHttpClient-1-5] DEBUG org.asynchttpclient.netty.channel.ChannelManager - Adding key: http://localhost:6489 for channel [id: 0x88920e37, L:/127.0.0.1:59209 - R:localhost/127.0.0.1:6489]
12:42:23.383 [Forwarding getAlertText on session 23ecb21df212660c3a2fa2cac116ad5d to remote] DEBUG org.asynchttpclient.netty.request.NettyRequestSender - Using pooled Channel '[id: 0x88920e37, L:/127.0.0.1:59209 - R:localhost/127.0.0.1:6489]' for 'GET' to 'http://localhost:6489/session/23ecb21df212660c3a2fa2cac116ad5d/alert/text'
12:42:23.384 [Forwarding getAlertText on session 23ecb21df212660c3a2fa2cac116ad5d to remote] DEBUG org.asynchttpclient.netty.request.NettyRequestSender - Using open Channel [id: 0x88920e37, L:/127.0.0.1:59209 - R:localhost/127.0.0.1:6489] for GET '/session/23ecb21df212660c3a2fa2cac116ad5d/alert/text'
12:42:23.386 [AsyncHttpClient-1-5] DEBUG org.asynchttpclient.netty.handler.HttpHandler - 

Request DefaultFullHttpRequest(decodeResult: success, version: HTTP/1.1, content: EmptyByteBufBE)
GET /session/23ecb21df212660c3a2fa2cac116ad5d/alert/text HTTP/1.1
User-Agent: selenium/4.8.1 (java windows)
Cache-Control: no-cache
Content-Type: application/json; charset=utf-8
host: localhost:6489
accept: */*

Response DefaultHttpResponse(decodeResult: success, version: HTTP/1.1)
HTTP/1.1 404 Not Found
Content-Length: 821
Content-Type: application/json; charset=utf-8
cache-control: no-cache

12:42:23.387 [AsyncHttpClient-1-5] DEBUG org.asynchttpclient.netty.channel.ChannelManager - Adding key: http://localhost:6489 for channel [id: 0x88920e37, L:/127.0.0.1:59209 - R:localhost/127.0.0.1:6489]
12:42:23.388 [Forwarding getCurrentUrl on session 23ecb21df212660c3a2fa2cac116ad5d to remote] DEBUG org.asynchttpclient.netty.request.NettyRequestSender - Using pooled Channel '[id: 0x88920e37, L:/127.0.0.1:59209 - R:localhost/127.0.0.1:6489]' for 'GET' to 'http://localhost:6489/session/23ecb21df212660c3a2fa2cac116ad5d/url'
12:42:23.388 [Forwarding getCurrentUrl on session 23ecb21df212660c3a2fa2cac116ad5d to remote] DEBUG org.asynchttpclient.netty.request.NettyRequestSender - Using open Channel [id: 0x88920e37, L:/127.0.0.1:59209 - R:localhost/127.0.0.1:6489] for GET '/session/23ecb21df212660c3a2fa2cac116ad5d/url'
12:42:23.397 [AsyncHttpClient-1-5] DEBUG org.asynchttpclient.netty.handler.HttpHandler - 

Request DefaultFullHttpRequest(decodeResult: success, version: HTTP/1.1, content: EmptyByteBufBE)
GET /session/23ecb21df212660c3a2fa2cac116ad5d/url HTTP/1.1
User-Agent: selenium/4.8.1 (java windows)
Cache-Control: no-cache
Content-Type: application/json; charset=utf-8
host: localhost:6489
accept: */*

Response DefaultHttpResponse(decodeResult: success, version: HTTP/1.1)
HTTP/1.1 200 OK
Content-Length: 47
Content-Type: application/json; charset=utf-8
cache-control: no-cache

12:42:23.398 [AsyncHttpClient-1-5] DEBUG org.asynchttpclient.netty.channel.ChannelManager - Adding key: http://localhost:6489 for channel [id: 0x88920e37, L:/127.0.0.1:59209 - R:localhost/127.0.0.1:6489]
12:42:23.399 [Forwarding screenshot on session 23ecb21df212660c3a2fa2cac116ad5d to remote] DEBUG org.asynchttpclient.netty.request.NettyRequestSender - Using pooled Channel '[id: 0x88920e37, L:/127.0.0.1:59209 - R:localhost/127.0.0.1:6489]' for 'GET' to 'http://localhost:6489/session/23ecb21df212660c3a2fa2cac116ad5d/screenshot'
12:42:23.399 [Forwarding screenshot on session 23ecb21df212660c3a2fa2cac116ad5d to remote] DEBUG org.asynchttpclient.netty.request.NettyRequestSender - Using open Channel [id: 0x88920e37, L:/127.0.0.1:59209 - R:localhost/127.0.0.1:6489] for GET '/session/23ecb21df212660c3a2fa2cac116ad5d/screenshot'
12:42:23.620 [AsyncHttpClient-1-5] DEBUG org.asynchttpclient.netty.handler.HttpHandler - 

Request DefaultFullHttpRequest(decodeResult: success, version: HTTP/1.1, content: EmptyByteBufBE)
GET /session/23ecb21df212660c3a2fa2cac116ad5d/screenshot HTTP/1.1
User-Agent: selenium/4.8.1 (java windows)
Cache-Control: no-cache
Content-Type: application/json; charset=utf-8
host: localhost:6489
accept: */*

Response DefaultHttpResponse(decodeResult: success, version: HTTP/1.1)
HTTP/1.1 200 OK
Content-Length: 104432
Content-Type: application/json; charset=utf-8
cache-control: no-cache

12:42:23.621 [AsyncHttpClient-1-5] DEBUG org.asynchttpclient.netty.channel.ChannelManager - Adding key: http://localhost:6489 for channel [id: 0x88920e37, L:/127.0.0.1:59209 - R:localhost/127.0.0.1:6489]
12:42:23.624 [main] DEBUG net.serenitybdd.core.photography.Darkroom - Send negative for processing for target\site\serenity\497549ede4ffc540098ec1a2b75c60d2b8914c9efd48a515f9446ee33b4ccb07.png
12:42:23.625 [Forwarding getPageSource on session 23ecb21df212660c3a2fa2cac116ad5d to remote] DEBUG org.asynchttpclient.netty.request.NettyRequestSender - Using pooled Channel '[id: 0x88920e37, L:/127.0.0.1:59209 - R:localhost/127.0.0.1:6489]' for 'POST' to 'http://localhost:6489/session/23ecb21df212660c3a2fa2cac116ad5d/execute/sync'
12:42:23.626 [Forwarding getPageSource on session 23ecb21df212660c3a2fa2cac116ad5d to remote] DEBUG org.asynchttpclient.netty.request.NettyRequestSender - Using open Channel [id: 0x88920e37, L:/127.0.0.1:59209 - R:localhost/127.0.0.1:6489] for POST '/session/23ecb21df212660c3a2fa2cac116ad5d/execute/sync'
12:42:23.647 [AsyncHttpClient-1-5] DEBUG org.asynchttpclient.netty.handler.HttpHandler - 

Request DefaultHttpRequest(decodeResult: success, version: HTTP/1.1)
POST /session/23ecb21df212660c3a2fa2cac116ad5d/execute/sync HTTP/1.1
User-Agent: selenium/4.8.1 (java windows)
Content-Length: 176
Content-Type: application/json; charset=utf-8
host: localhost:6489
accept: */*

Response DefaultHttpResponse(decodeResult: success, version: HTTP/1.1)
HTTP/1.1 200 OK
Content-Length: 159202
Content-Type: application/json; charset=utf-8
cache-control: no-cache

12:42:23.647 [AsyncHttpClient-1-5] DEBUG org.asynchttpclient.netty.channel.ChannelManager - Adding key: http://localhost:6489 for channel [id: 0x88920e37, L:/127.0.0.1:59209 - R:localhost/127.0.0.1:6489]
12:42:23.664 [Forwarding getCurrentUrl on session 23ecb21df212660c3a2fa2cac116ad5d to remote] DEBUG org.asynchttpclient.netty.request.NettyRequestSender - Using pooled Channel '[id: 0x88920e37, L:/127.0.0.1:59209 - R:localhost/127.0.0.1:6489]' for 'GET' to 'http://localhost:6489/session/23ecb21df212660c3a2fa2cac116ad5d/url'
12:42:23.664 [Forwarding getCurrentUrl on session 23ecb21df212660c3a2fa2cac116ad5d to remote] DEBUG org.asynchttpclient.netty.request.NettyRequestSender - Using open Channel [id: 0x88920e37, L:/127.0.0.1:59209 - R:localhost/127.0.0.1:6489] for GET '/session/23ecb21df212660c3a2fa2cac116ad5d/url'
12:42:23.674 [AsyncHttpClient-1-5] DEBUG org.asynchttpclient.netty.handler.HttpHandler - 

Request DefaultFullHttpRequest(decodeResult: success, version: HTTP/1.1, content: EmptyByteBufBE)
GET /session/23ecb21df212660c3a2fa2cac116ad5d/url HTTP/1.1
User-Agent: selenium/4.8.1 (java windows)
Cache-Control: no-cache
Content-Type: application/json; charset=utf-8
host: localhost:6489
accept: */*

Response DefaultHttpResponse(decodeResult: success, version: HTTP/1.1)
HTTP/1.1 200 OK
Content-Length: 47
Content-Type: application/json; charset=utf-8
cache-control: no-cache

12:42:23.675 [AsyncHttpClient-1-5] DEBUG org.asynchttpclient.netty.channel.ChannelManager - Adding key: http://localhost:6489 for channel [id: 0x88920e37, L:/127.0.0.1:59209 - R:localhost/127.0.0.1:6489]
12:42:23.677 [main] DEBUG net.thucydides.core.steps.StepInterceptor - STARTING STEP: LoginSteps.onLoginPage - validateOnLoginPage
12:42:23.679 [Forwarding findElement on session 23ecb21df212660c3a2fa2cac116ad5d to remote] DEBUG org.asynchttpclient.netty.request.NettyRequestSender - Using pooled Channel '[id: 0x88920e37, L:/127.0.0.1:59209 - R:localhost/127.0.0.1:6489]' for 'POST' to 'http://localhost:6489/session/23ecb21df212660c3a2fa2cac116ad5d/element'
12:42:23.679 [Forwarding findElement on session 23ecb21df212660c3a2fa2cac116ad5d to remote] DEBUG org.asynchttpclient.netty.request.NettyRequestSender - Using open Channel [id: 0x88920e37, L:/127.0.0.1:59209 - R:localhost/127.0.0.1:6489] for POST '/session/23ecb21df212660c3a2fa2cac116ad5d/element'
12:42:23.693 [AsyncHttpClient-1-5] DEBUG org.asynchttpclient.netty.handler.HttpHandler - 

Request DefaultHttpRequest(decodeResult: success, version: HTTP/1.1)
POST /session/23ecb21df212660c3a2fa2cac116ad5d/element HTTP/1.1
User-Agent: selenium/4.8.1 (java windows)
Content-Length: 155
Content-Type: application/json; charset=utf-8
host: localhost:6489
accept: */*

Response DefaultHttpResponse(decodeResult: success, version: HTTP/1.1)
HTTP/1.1 200 OK
Content-Length: 94
Content-Type: application/json; charset=utf-8
cache-control: no-cache

12:42:23.694 [AsyncHttpClient-1-5] DEBUG org.asynchttpclient.netty.channel.ChannelManager - Adding key: http://localhost:6489 for channel [id: 0x88920e37, L:/127.0.0.1:59209 - R:localhost/127.0.0.1:6489]
12:42:23.698 [Forwarding isElementDisplayed on session 23ecb21df212660c3a2fa2cac116ad5d to remote] DEBUG org.asynchttpclient.netty.request.NettyRequestSender - Using pooled Channel '[id: 0x88920e37, L:/127.0.0.1:59209 - R:localhost/127.0.0.1:6489]' for 'POST' to 'http://localhost:6489/session/23ecb21df212660c3a2fa2cac116ad5d/execute/sync'
12:42:23.698 [Forwarding isElementDisplayed on session 23ecb21df212660c3a2fa2cac116ad5d to remote] DEBUG org.asynchttpclient.netty.request.NettyRequestSender - Using open Channel [id: 0x88920e37, L:/127.0.0.1:59209 - R:localhost/127.0.0.1:6489] for POST '/session/23ecb21df212660c3a2fa2cac116ad5d/execute/sync'
12:42:23.715 [AsyncHttpClient-1-5] DEBUG org.asynchttpclient.netty.handler.HttpHandler - 

Request DefaultHttpRequest(decodeResult: success, version: HTTP/1.1)
POST /session/23ecb21df212660c3a2fa2cac116ad5d/execute/sync HTTP/1.1
User-Agent: selenium/4.8.1 (java windows)
Content-Length: 48813
Content-Type: application/json; charset=utf-8
host: localhost:6489
accept: */*

Response DefaultHttpResponse(decodeResult: success, version: HTTP/1.1)
HTTP/1.1 200 OK
Content-Length: 14
Content-Type: application/json; charset=utf-8
cache-control: no-cache

12:42:23.716 [AsyncHttpClient-1-5] DEBUG org.asynchttpclient.netty.channel.ChannelManager - Adding key: http://localhost:6489 for channel [id: 0x88920e37, L:/127.0.0.1:59209 - R:localhost/127.0.0.1:6489]
12:42:23.720 [Forwarding getAlertText on session 23ecb21df212660c3a2fa2cac116ad5d to remote] DEBUG org.asynchttpclient.netty.request.NettyRequestSender - Using pooled Channel '[id: 0x88920e37, L:/127.0.0.1:59209 - R:localhost/127.0.0.1:6489]' for 'GET' to 'http://localhost:6489/session/23ecb21df212660c3a2fa2cac116ad5d/alert/text'
12:42:23.721 [Forwarding getAlertText on session 23ecb21df212660c3a2fa2cac116ad5d to remote] DEBUG org.asynchttpclient.netty.request.NettyRequestSender - Using open Channel [id: 0x88920e37, L:/127.0.0.1:59209 - R:localhost/127.0.0.1:6489] for GET '/session/23ecb21df212660c3a2fa2cac116ad5d/alert/text'
12:42:23.723 [AsyncHttpClient-1-5] DEBUG org.asynchttpclient.netty.handler.HttpHandler - 

Request DefaultFullHttpRequest(decodeResult: success, version: HTTP/1.1, content: EmptyByteBufBE)
GET /session/23ecb21df212660c3a2fa2cac116ad5d/alert/text HTTP/1.1
User-Agent: selenium/4.8.1 (java windows)
Cache-Control: no-cache
Content-Type: application/json; charset=utf-8
host: localhost:6489
accept: */*

Response DefaultHttpResponse(decodeResult: success, version: HTTP/1.1)
HTTP/1.1 404 Not Found
Content-Length: 821
Content-Type: application/json; charset=utf-8
cache-control: no-cache

12:42:23.723 [AsyncHttpClient-1-5] DEBUG org.asynchttpclient.netty.channel.ChannelManager - Adding key: http://localhost:6489 for channel [id: 0x88920e37, L:/127.0.0.1:59209 - R:localhost/127.0.0.1:6489]
12:42:23.724 [Forwarding getCurrentUrl on session 23ecb21df212660c3a2fa2cac116ad5d to remote] DEBUG org.asynchttpclient.netty.request.NettyRequestSender - Using pooled Channel '[id: 0x88920e37, L:/127.0.0.1:59209 - R:localhost/127.0.0.1:6489]' for 'GET' to 'http://localhost:6489/session/23ecb21df212660c3a2fa2cac116ad5d/url'
12:42:23.725 [Forwarding getCurrentUrl on session 23ecb21df212660c3a2fa2cac116ad5d to remote] DEBUG org.asynchttpclient.netty.request.NettyRequestSender - Using open Channel [id: 0x88920e37, L:/127.0.0.1:59209 - R:localhost/127.0.0.1:6489] for GET '/session/23ecb21df212660c3a2fa2cac116ad5d/url'
12:42:23.732 [AsyncHttpClient-1-5] DEBUG org.asynchttpclient.netty.handler.HttpHandler - 

Request DefaultFullHttpRequest(decodeResult: success, version: HTTP/1.1, content: EmptyByteBufBE)
GET /session/23ecb21df212660c3a2fa2cac116ad5d/url HTTP/1.1
User-Agent: selenium/4.8.1 (java windows)
Cache-Control: no-cache
Content-Type: application/json; charset=utf-8
host: localhost:6489
accept: */*

Response DefaultHttpResponse(decodeResult: success, version: HTTP/1.1)
HTTP/1.1 200 OK
Content-Length: 47
Content-Type: application/json; charset=utf-8
cache-control: no-cache

12:42:23.732 [AsyncHttpClient-1-5] DEBUG org.asynchttpclient.netty.channel.ChannelManager - Adding key: http://localhost:6489 for channel [id: 0x88920e37, L:/127.0.0.1:59209 - R:localhost/127.0.0.1:6489]
12:42:23.733 [Forwarding screenshot on session 23ecb21df212660c3a2fa2cac116ad5d to remote] DEBUG org.asynchttpclient.netty.request.NettyRequestSender - Using pooled Channel '[id: 0x88920e37, L:/127.0.0.1:59209 - R:localhost/127.0.0.1:6489]' for 'GET' to 'http://localhost:6489/session/23ecb21df212660c3a2fa2cac116ad5d/screenshot'
12:42:23.733 [Forwarding screenshot on session 23ecb21df212660c3a2fa2cac116ad5d to remote] DEBUG org.asynchttpclient.netty.request.NettyRequestSender - Using open Channel [id: 0x88920e37, L:/127.0.0.1:59209 - R:localhost/127.0.0.1:6489] for GET '/session/23ecb21df212660c3a2fa2cac116ad5d/screenshot'
12:42:23.833 [AsyncHttpClient-1-5] DEBUG org.asynchttpclient.netty.handler.HttpHandler - 

Request DefaultFullHttpRequest(decodeResult: success, version: HTTP/1.1, content: EmptyByteBufBE)
GET /session/23ecb21df212660c3a2fa2cac116ad5d/screenshot HTTP/1.1
User-Agent: selenium/4.8.1 (java windows)
Cache-Control: no-cache
Content-Type: application/json; charset=utf-8
host: localhost:6489
accept: */*

Response DefaultHttpResponse(decodeResult: success, version: HTTP/1.1)
HTTP/1.1 200 OK
Content-Length: 104432
Content-Type: application/json; charset=utf-8
cache-control: no-cache

12:42:23.834 [AsyncHttpClient-1-5] DEBUG org.asynchttpclient.netty.channel.ChannelManager - Adding key: http://localhost:6489 for channel [id: 0x88920e37, L:/127.0.0.1:59209 - R:localhost/127.0.0.1:6489]
12:42:23.836 [main] DEBUG net.serenitybdd.core.photography.Darkroom - Send negative for processing for target\site\serenity\497549ede4ffc540098ec1a2b75c60d2b8914c9efd48a515f9446ee33b4ccb07.png
12:42:23.836 [main] DEBUG net.thucydides.core.steps.StepInterceptor - STEP DONE: validateOnLoginPage
  &amp#27;[32mGiven &amp#27;[0m&amp#27;[32mI am on the login page&amp#27;[0m                                                    &amp#27;[90m# starter.stepdefinitions.LoginSteps.onLoginPage()&amp#27;[0m
12:42:23.845 [Forwarding getPageSource on session 23ecb21df212660c3a2fa2cac116ad5d to remote] DEBUG org.asynchttpclient.netty.request.NettyRequestSender - Using pooled Channel '[id: 0x88920e37, L:/127.0.0.1:59209 - R:localhost/127.0.0.1:6489]' for 'POST' to 'http://localhost:6489/session/23ecb21df212660c3a2fa2cac116ad5d/execute/sync'
12:42:23.845 [Forwarding getPageSource on session 23ecb21df212660c3a2fa2cac116ad5d to remote] DEBUG org.asynchttpclient.netty.request.NettyRequestSender - Using open Channel [id: 0x88920e37, L:/127.0.0.1:59209 - R:localhost/127.0.0.1:6489] for POST '/session/23ecb21df212660c3a2fa2cac116ad5d/execute/sync'
12:42:23.864 [AsyncHttpClient-1-5] DEBUG org.asynchttpclient.netty.handler.HttpHandler - 

Request DefaultHttpRequest(decodeResult: success, version: HTTP/1.1)
POST /session/23ecb21df212660c3a2fa2cac116ad5d/execute/sync HTTP/1.1
User-Agent: selenium/4.8.1 (java windows)
Content-Length: 176
Content-Type: application/json; charset=utf-8
host: localhost:6489
accept: */*

Response DefaultHttpResponse(decodeResult: success, version: HTTP/1.1)
HTTP/1.1 200 OK
Content-Length: 159202
Content-Type: application/json; charset=utf-8
cache-control: no-cache

12:42:23.864 [AsyncHttpClient-1-5] DEBUG org.asynchttpclient.netty.channel.ChannelManager - Adding key: http://localhost:6489 for channel [id: 0x88920e37, L:/127.0.0.1:59209 - R:localhost/127.0.0.1:6489]
12:42:23.885 [Forwarding getCurrentUrl on session 23ecb21df212660c3a2fa2cac116ad5d to remote] DEBUG org.asynchttpclient.netty.request.NettyRequestSender - Using pooled Channel '[id: 0x88920e37, L:/127.0.0.1:59209 - R:localhost/127.0.0.1:6489]' for 'GET' to 'http://localhost:6489/session/23ecb21df212660c3a2fa2cac116ad5d/url'
12:42:23.885 [Forwarding getCurrentUrl on session 23ecb21df212660c3a2fa2cac116ad5d to remote] DEBUG org.asynchttpclient.netty.request.NettyRequestSender - Using open Channel [id: 0x88920e37, L:/127.0.0.1:59209 - R:localhost/127.0.0.1:6489] for GET '/session/23ecb21df212660c3a2fa2cac116ad5d/url'
12:42:23.895 [AsyncHttpClient-1-5] DEBUG org.asynchttpclient.netty.handler.HttpHandler - 

Request DefaultFullHttpRequest(decodeResult: success, version: HTTP/1.1, content: EmptyByteBufBE)
GET /session/23ecb21df212660c3a2fa2cac116ad5d/url HTTP/1.1
User-Agent: selenium/4.8.1 (java windows)
Cache-Control: no-cache
Content-Type: application/json; charset=utf-8
host: localhost:6489
accept: */*

Response DefaultHttpResponse(decodeResult: success, version: HTTP/1.1)
HTTP/1.1 200 OK
Content-Length: 47
Content-Type: application/json; charset=utf-8
cache-control: no-cache

12:42:23.895 [AsyncHttpClient-1-5] DEBUG org.asynchttpclient.netty.channel.ChannelManager - Adding key: http://localhost:6489 for channel [id: 0x88920e37, L:/127.0.0.1:59209 - R:localhost/127.0.0.1:6489]
12:42:23.904 [Forwarding getAlertText on session 23ecb21df212660c3a2fa2cac116ad5d to remote] DEBUG org.asynchttpclient.netty.request.NettyRequestSender - Using pooled Channel '[id: 0x88920e37, L:/127.0.0.1:59209 - R:localhost/127.0.0.1:6489]' for 'GET' to 'http://localhost:6489/session/23ecb21df212660c3a2fa2cac116ad5d/alert/text'
12:42:23.904 [Forwarding getAlertText on session 23ecb21df212660c3a2fa2cac116ad5d to remote] DEBUG org.asynchttpclient.netty.request.NettyRequestSender - Using open Channel [id: 0x88920e37, L:/127.0.0.1:59209 - R:localhost/127.0.0.1:6489] for GET '/session/23ecb21df212660c3a2fa2cac116ad5d/alert/text'
12:42:23.908 [AsyncHttpClient-1-5] DEBUG org.asynchttpclient.netty.handler.HttpHandler - 

Request DefaultFullHttpRequest(decodeResult: success, version: HTTP/1.1, content: EmptyByteBufBE)
GET /session/23ecb21df212660c3a2fa2cac116ad5d/alert/text HTTP/1.1
User-Agent: selenium/4.8.1 (java windows)
Cache-Control: no-cache
Content-Type: application/json; charset=utf-8
host: localhost:6489
accept: */*

Response DefaultHttpResponse(decodeResult: success, version: HTTP/1.1)
HTTP/1.1 404 Not Found
Content-Length: 821
Content-Type: application/json; charset=utf-8
cache-control: no-cache

12:42:23.908 [AsyncHttpClient-1-5] DEBUG org.asynchttpclient.netty.channel.ChannelManager - Adding key: http://localhost:6489 for channel [id: 0x88920e37, L:/127.0.0.1:59209 - R:localhost/127.0.0.1:6489]
12:42:23.910 [Forwarding getCurrentUrl on session 23ecb21df212660c3a2fa2cac116ad5d to remote] DEBUG org.asynchttpclient.netty.request.NettyRequestSender - Using pooled Channel '[id: 0x88920e37, L:/127.0.0.1:59209 - R:localhost/127.0.0.1:6489]' for 'GET' to 'http://localhost:6489/session/23ecb21df212660c3a2fa2cac116ad5d/url'
12:42:23.910 [Forwarding getCurrentUrl on session 23ecb21df212660c3a2fa2cac116ad5d to remote] DEBUG org.asynchttpclient.netty.request.NettyRequestSender - Using open Channel [id: 0x88920e37, L:/127.0.0.1:59209 - R:localhost/127.0.0.1:6489] for GET '/session/23ecb21df212660c3a2fa2cac116ad5d/url'
12:42:23.917 [AsyncHttpClient-1-5] DEBUG org.asynchttpclient.netty.handler.HttpHandler - 

Request DefaultFullHttpRequest(decodeResult: success, version: HTTP/1.1, content: EmptyByteBufBE)
GET /session/23ecb21df212660c3a2fa2cac116ad5d/url HTTP/1.1
User-Agent: selenium/4.8.1 (java windows)
Cache-Control: no-cache
Content-Type: application/json; charset=utf-8
host: localhost:6489
accept: */*

Response DefaultHttpResponse(decodeResult: success, version: HTTP/1.1)
HTTP/1.1 200 OK
Content-Length: 47
Content-Type: application/json; charset=utf-8
cache-control: no-cache

12:42:23.917 [AsyncHttpClient-1-5] DEBUG org.asynchttpclient.netty.channel.ChannelManager - Adding key: http://localhost:6489 for channel [id: 0x88920e37, L:/127.0.0.1:59209 - R:localhost/127.0.0.1:6489]
12:42:23.918 [Forwarding screenshot on session 23ecb21df212660c3a2fa2cac116ad5d to remote] DEBUG org.asynchttpclient.netty.request.NettyRequestSender - Using pooled Channel '[id: 0x88920e37, L:/127.0.0.1:59209 - R:localhost/127.0.0.1:6489]' for 'GET' to 'http://localhost:6489/session/23ecb21df212660c3a2fa2cac116ad5d/screenshot'
12:42:23.918 [Forwarding screenshot on session 23ecb21df212660c3a2fa2cac116ad5d to remote] DEBUG org.asynchttpclient.netty.request.NettyRequestSender - Using open Channel [id: 0x88920e37, L:/127.0.0.1:59209 - R:localhost/127.0.0.1:6489] for GET '/session/23ecb21df212660c3a2fa2cac116ad5d/screenshot'
12:42:24.015 [AsyncHttpClient-1-5] DEBUG org.asynchttpclient.netty.handler.HttpHandler - 

Request DefaultFullHttpRequest(decodeResult: success, version: HTTP/1.1, content: EmptyByteBufBE)
GET /session/23ecb21df212660c3a2fa2cac116ad5d/screenshot HTTP/1.1
User-Agent: selenium/4.8.1 (java windows)
Cache-Control: no-cache
Content-Type: application/json; charset=utf-8
host: localhost:6489
accept: */*

Response DefaultHttpResponse(decodeResult: success, version: HTTP/1.1)
HTTP/1.1 200 OK
Content-Length: 104432
Content-Type: application/json; charset=utf-8
cache-control: no-cache

12:42:24.016 [AsyncHttpClient-1-5] DEBUG org.asynchttpclient.netty.channel.ChannelManager - Adding key: http://localhost:6489 for channel [id: 0x88920e37, L:/127.0.0.1:59209 - R:localhost/127.0.0.1:6489]
12:42:24.022 [main] DEBUG net.serenitybdd.core.photography.Darkroom - Send negative for processing for target\site\serenity\497549ede4ffc540098ec1a2b75c60d2b8914c9efd48a515f9446ee33b4ccb07.png
12:42:24.024 [Forwarding getPageSource on session 23ecb21df212660c3a2fa2cac116ad5d to remote] DEBUG org.asynchttpclient.netty.request.NettyRequestSender - Using pooled Channel '[id: 0x88920e37, L:/127.0.0.1:59209 - R:localhost/127.0.0.1:6489]' for 'POST' to 'http://localhost:6489/session/23ecb21df212660c3a2fa2cac116ad5d/execute/sync'
12:42:24.024 [Forwarding getPageSource on session 23ecb21df212660c3a2fa2cac116ad5d to remote] DEBUG org.asynchttpclient.netty.request.NettyRequestSender - Using open Channel [id: 0x88920e37, L:/127.0.0.1:59209 - R:localhost/127.0.0.1:6489] for POST '/session/23ecb21df212660c3a2fa2cac116ad5d/execute/sync'
12:42:24.050 [AsyncHttpClient-1-5] DEBUG org.asynchttpclient.netty.handler.HttpHandler - 

Request DefaultHttpRequest(decodeResult: success, version: HTTP/1.1)
POST /session/23ecb21df212660c3a2fa2cac116ad5d/execute/sync HTTP/1.1
User-Agent: selenium/4.8.1 (java windows)
Content-Length: 176
Content-Type: application/json; charset=utf-8
host: localhost:6489
accept: */*

Response DefaultHttpResponse(decodeResult: success, version: HTTP/1.1)
HTTP/1.1 200 OK
Content-Length: 159202
Content-Type: application/json; charset=utf-8
cache-control: no-cache

12:42:24.052 [AsyncHttpClient-1-5] DEBUG org.asynchttpclient.netty.channel.ChannelManager - Adding key: http://localhost:6489 for channel [id: 0x88920e37, L:/127.0.0.1:59209 - R:localhost/127.0.0.1:6489]
12:42:24.071 [Forwarding getCurrentUrl on session 23ecb21df212660c3a2fa2cac116ad5d to remote] DEBUG org.asynchttpclient.netty.request.NettyRequestSender - Using pooled Channel '[id: 0x88920e37, L:/127.0.0.1:59209 - R:localhost/127.0.0.1:6489]' for 'GET' to 'http://localhost:6489/session/23ecb21df212660c3a2fa2cac116ad5d/url'
12:42:24.071 [Forwarding getCurrentUrl on session 23ecb21df212660c3a2fa2cac116ad5d to remote] DEBUG org.asynchttpclient.netty.request.NettyRequestSender - Using open Channel [id: 0x88920e37, L:/127.0.0.1:59209 - R:localhost/127.0.0.1:6489] for GET '/session/23ecb21df212660c3a2fa2cac116ad5d/url'
12:42:24.080 [AsyncHttpClient-1-5] DEBUG org.asynchttpclient.netty.handler.HttpHandler - 

Request DefaultFullHttpRequest(decodeResult: success, version: HTTP/1.1, content: EmptyByteBufBE)
GET /session/23ecb21df212660c3a2fa2cac116ad5d/url HTTP/1.1
User-Agent: selenium/4.8.1 (java windows)
Cache-Control: no-cache
Content-Type: application/json; charset=utf-8
host: localhost:6489
accept: */*

Response DefaultHttpResponse(decodeResult: success, version: HTTP/1.1)
HTTP/1.1 200 OK
Content-Length: 47
Content-Type: application/json; charset=utf-8
cache-control: no-cache

12:42:24.080 [AsyncHttpClient-1-5] DEBUG org.asynchttpclient.netty.channel.ChannelManager - Adding key: http://localhost:6489 for channel [id: 0x88920e37, L:/127.0.0.1:59209 - R:localhost/127.0.0.1:6489]
12:42:24.085 [main] DEBUG net.thucydides.core.steps.StepInterceptor - STARTING STEP: LoginSteps.enterUsernamelOnSigIn - inputUsername
12:42:24.090 [Forwarding findElement on session 23ecb21df212660c3a2fa2cac116ad5d to remote] DEBUG org.asynchttpclient.netty.request.NettyRequestSender - Using pooled Channel '[id: 0x88920e37, L:/127.0.0.1:59209 - R:localhost/127.0.0.1:6489]' for 'POST' to 'http://localhost:6489/session/23ecb21df212660c3a2fa2cac116ad5d/element'
12:42:24.090 [Forwarding findElement on session 23ecb21df212660c3a2fa2cac116ad5d to remote] DEBUG org.asynchttpclient.netty.request.NettyRequestSender - Using open Channel [id: 0x88920e37, L:/127.0.0.1:59209 - R:localhost/127.0.0.1:6489] for POST '/session/23ecb21df212660c3a2fa2cac116ad5d/element'
12:42:24.108 [AsyncHttpClient-1-5] DEBUG org.asynchttpclient.netty.handler.HttpHandler - 

Request DefaultHttpRequest(decodeResult: success, version: HTTP/1.1)
POST /session/23ecb21df212660c3a2fa2cac116ad5d/element HTTP/1.1
User-Agent: selenium/4.8.1 (java windows)
Content-Length: 88
Content-Type: application/json; charset=utf-8
host: localhost:6489
accept: */*

Response DefaultHttpResponse(decodeResult: success, version: HTTP/1.1)
HTTP/1.1 200 OK
Content-Length: 95
Content-Type: application/json; charset=utf-8
cache-control: no-cache

12:42:24.108 [AsyncHttpClient-1-5] DEBUG org.asynchttpclient.netty.channel.ChannelManager - Adding key: http://localhost:6489 for channel [id: 0x88920e37, L:/127.0.0.1:59209 - R:localhost/127.0.0.1:6489]
12:42:24.110 [Forwarding clearElement on session 23ecb21df212660c3a2fa2cac116ad5d to remote] DEBUG org.asynchttpclient.netty.request.NettyRequestSender - Using pooled Channel '[id: 0x88920e37, L:/127.0.0.1:59209 - R:localhost/127.0.0.1:6489]' for 'POST' to 'http://localhost:6489/session/23ecb21df212660c3a2fa2cac116ad5d/element/CA3CB4DD2769203B6FD2984E8C3EE4F3_element_10/clear'
12:42:24.110 [Forwarding clearElement on session 23ecb21df212660c3a2fa2cac116ad5d to remote] DEBUG org.asynchttpclient.netty.request.NettyRequestSender - Using open Channel [id: 0x88920e37, L:/127.0.0.1:59209 - R:localhost/127.0.0.1:6489] for POST '/session/23ecb21df212660c3a2fa2cac116ad5d/element/CA3CB4DD2769203B6FD2984E8C3EE4F3_element_10/clear'
12:42:24.153 [AsyncHttpClient-1-5] DEBUG org.asynchttpclient.netty.handler.HttpHandler - 

Request DefaultHttpRequest(decodeResult: success, version: HTTP/1.1)
POST /session/23ecb21df212660c3a2fa2cac116ad5d/element/CA3CB4DD2769203B6FD2984E8C3EE4F3_element_10/clear HTTP/1.1
User-Agent: selenium/4.8.1 (java windows)
Content-Length: 57
Content-Type: application/json; charset=utf-8
host: localhost:6489
accept: */*

Response DefaultHttpResponse(decodeResult: success, version: HTTP/1.1)
HTTP/1.1 200 OK
Content-Length: 14
Content-Type: application/json; charset=utf-8
cache-control: no-cache

12:42:24.153 [AsyncHttpClient-1-5] DEBUG org.asynchttpclient.netty.channel.ChannelManager - Adding key: http://localhost:6489 for channel [id: 0x88920e37, L:/127.0.0.1:59209 - R:localhost/127.0.0.1:6489]
12:42:24.155 [Forwarding sendKeysToElement on session 23ecb21df212660c3a2fa2cac116ad5d to remote] DEBUG org.asynchttpclient.netty.request.NettyRequestSender - Using pooled Channel '[id: 0x88920e37, L:/127.0.0.1:59209 - R:localhost/127.0.0.1:6489]' for 'POST' to 'http://localhost:6489/session/23ecb21df212660c3a2fa2cac116ad5d/element/CA3CB4DD2769203B6FD2984E8C3EE4F3_element_10/value'
12:42:24.155 [Forwarding sendKeysToElement on session 23ecb21df212660c3a2fa2cac116ad5d to remote] DEBUG org.asynchttpclient.netty.request.NettyRequestSender - Using open Channel [id: 0x88920e37, L:/127.0.0.1:59209 - R:localhost/127.0.0.1:6489] for POST '/session/23ecb21df212660c3a2fa2cac116ad5d/element/CA3CB4DD2769203B6FD2984E8C3EE4F3_element_10/value'
12:42:24.251 [AsyncHttpClient-1-1] DEBUG org.asynchttpclient.netty.channel.DefaultChannelPool - Entry count for : http://localhost:59210 : 1
12:42:24.260 [AsyncHttpClient-1-5] DEBUG org.asynchttpclient.netty.handler.HttpHandler - 

Request DefaultHttpRequest(decodeResult: success, version: HTTP/1.1)
POST /session/23ecb21df212660c3a2fa2cac116ad5d/element/CA3CB4DD2769203B6FD2984E8C3EE4F3_element_10/value HTTP/1.1
User-Agent: selenium/4.8.1 (java windows)
Content-Length: 138
Content-Type: application/json; charset=utf-8
host: localhost:6489
accept: */*

Response DefaultHttpResponse(decodeResult: success, version: HTTP/1.1)
HTTP/1.1 200 OK
Content-Length: 14
Content-Type: application/json; charset=utf-8
cache-control: no-cache

12:42:24.261 [AsyncHttpClient-1-5] DEBUG org.asynchttpclient.netty.channel.ChannelManager - Adding key: http://localhost:6489 for channel [id: 0x88920e37, L:/127.0.0.1:59209 - R:localhost/127.0.0.1:6489]
12:42:24.269 [Forwarding getAlertText on session 23ecb21df212660c3a2fa2cac116ad5d to remote] DEBUG org.asynchttpclient.netty.request.NettyRequestSender - Using pooled Channel '[id: 0x88920e37, L:/127.0.0.1:59209 - R:localhost/127.0.0.1:6489]' for 'GET' to 'http://localhost:6489/session/23ecb21df212660c3a2fa2cac116ad5d/alert/text'
12:42:24.269 [Forwarding getAlertText on session 23ecb21df212660c3a2fa2cac116ad5d to remote] DEBUG org.asynchttpclient.netty.request.NettyRequestSender - Using open Channel [id: 0x88920e37, L:/127.0.0.1:59209 - R:localhost/127.0.0.1:6489] for GET '/session/23ecb21df212660c3a2fa2cac116ad5d/alert/text'
12:42:24.271 [AsyncHttpClient-1-5] DEBUG org.asynchttpclient.netty.handler.HttpHandler - 

Request DefaultFullHttpRequest(decodeResult: success, version: HTTP/1.1, content: EmptyByteBufBE)
GET /session/23ecb21df212660c3a2fa2cac116ad5d/alert/text HTTP/1.1
User-Agent: selenium/4.8.1 (java windows)
Cache-Control: no-cache
Content-Type: application/json; charset=utf-8
host: localhost:6489
accept: */*

Response DefaultHttpResponse(decodeResult: success, version: HTTP/1.1)
HTTP/1.1 404 Not Found
Content-Length: 821
Content-Type: application/json; charset=utf-8
cache-control: no-cache

12:42:24.271 [AsyncHttpClient-1-5] DEBUG org.asynchttpclient.netty.channel.ChannelManager - Adding key: http://localhost:6489 for channel [id: 0x88920e37, L:/127.0.0.1:59209 - R:localhost/127.0.0.1:6489]
12:42:24.273 [Forwarding getCurrentUrl on session 23ecb21df212660c3a2fa2cac116ad5d to remote] DEBUG org.asynchttpclient.netty.request.NettyRequestSender - Using pooled Channel '[id: 0x88920e37, L:/127.0.0.1:59209 - R:localhost/127.0.0.1:6489]' for 'GET' to 'http://localhost:6489/session/23ecb21df212660c3a2fa2cac116ad5d/url'
12:42:24.273 [Forwarding getCurrentUrl on session 23ecb21df212660c3a2fa2cac116ad5d to remote] DEBUG org.asynchttpclient.netty.request.NettyRequestSender - Using open Channel [id: 0x88920e37, L:/127.0.0.1:59209 - R:localhost/127.0.0.1:6489] for GET '/session/23ecb21df212660c3a2fa2cac116ad5d/url'
12:42:24.286 [AsyncHttpClient-1-5] DEBUG org.asynchttpclient.netty.handler.HttpHandler - 

Request DefaultFullHttpRequest(decodeResult: success, version: HTTP/1.1, content: EmptyByteBufBE)
GET /session/23ecb21df212660c3a2fa2cac116ad5d/url HTTP/1.1
User-Agent: selenium/4.8.1 (java windows)
Cache-Control: no-cache
Content-Type: application/json; charset=utf-8
host: localhost:6489
accept: */*

Response DefaultHttpResponse(decodeResult: success, version: HTTP/1.1)
HTTP/1.1 200 OK
Content-Length: 47
Content-Type: application/json; charset=utf-8
cache-control: no-cache

12:42:24.287 [AsyncHttpClient-1-5] DEBUG org.asynchttpclient.netty.channel.ChannelManager - Adding key: http://localhost:6489 for channel [id: 0x88920e37, L:/127.0.0.1:59209 - R:localhost/127.0.0.1:6489]
12:42:24.288 [Forwarding screenshot on session 23ecb21df212660c3a2fa2cac116ad5d to remote] DEBUG org.asynchttpclient.netty.request.NettyRequestSender - Using pooled Channel '[id: 0x88920e37, L:/127.0.0.1:59209 - R:localhost/127.0.0.1:6489]' for 'GET' to 'http://localhost:6489/session/23ecb21df212660c3a2fa2cac116ad5d/screenshot'
12:42:24.288 [Forwarding screenshot on session 23ecb21df212660c3a2fa2cac116ad5d to remote] DEBUG org.asynchttpclient.netty.request.NettyRequestSender - Using open Channel [id: 0x88920e37, L:/127.0.0.1:59209 - R:localhost/127.0.0.1:6489] for GET '/session/23ecb21df212660c3a2fa2cac116ad5d/screenshot'
12:42:24.423 [AsyncHttpClient-1-5] DEBUG org.asynchttpclient.netty.handler.HttpHandler - 

Request DefaultFullHttpRequest(decodeResult: success, version: HTTP/1.1, content: EmptyByteBufBE)
GET /session/23ecb21df212660c3a2fa2cac116ad5d/screenshot HTTP/1.1
User-Agent: selenium/4.8.1 (java windows)
Cache-Control: no-cache
Content-Type: application/json; charset=utf-8
host: localhost:6489
accept: */*

Response DefaultHttpResponse(decodeResult: success, version: HTTP/1.1)
HTTP/1.1 200 OK
Content-Length: 104420
Content-Type: application/json; charset=utf-8
cache-control: no-cache

12:42:24.424 [AsyncHttpClient-1-5] DEBUG org.asynchttpclient.netty.channel.ChannelManager - Adding key: http://localhost:6489 for channel [id: 0x88920e37, L:/127.0.0.1:59209 - R:localhost/127.0.0.1:6489]
12:42:24.429 [main] DEBUG net.serenitybdd.core.photography.Darkroom - Send negative for processing for target\site\serenity\95e612718c6f3c0ee83877ca296c5fef044748814d306928026512cb2d352f66.png
12:42:24.430 [main] DEBUG net.thucydides.core.steps.StepInterceptor - STEP DONE: inputUsername
12:42:24.430 [Darkroom Processing Line] DEBUG net.serenitybdd.core.photography.DarkroomProcessingLine - Processing screenshot image in /var/screenshots/screenshot-12724641787624687052
12:42:24.430 [Darkroom Processing Line] DEBUG net.serenitybdd.core.photography.DarkroomProcessingLine - Saving screenshot to target\site\serenity\95e612718c6f3c0ee83877ca296c5fef044748814d306928026512cb2d352f66.png
  &amp#27;[32mWhen &amp#27;[0m&amp#27;[32mI enter Username &amp#27;[0m&amp#27;[32m&amp#27;[1m"admin"&amp#27;[0m                                                   &amp#27;[90m# starter.stepdefinitions.LoginSteps.enterUsernamelOnSigIn(java.lang.String)&amp#27;[0m
12:42:24.439 [Forwarding getPageSource on session 23ecb21df212660c3a2fa2cac116ad5d to remote] DEBUG org.asynchttpclient.netty.request.NettyRequestSender - Using pooled Channel '[id: 0x88920e37, L:/127.0.0.1:59209 - R:localhost/127.0.0.1:6489]' for 'POST' to 'http://localhost:6489/session/23ecb21df212660c3a2fa2cac116ad5d/execute/sync'
12:42:24.439 [Forwarding getPageSource on session 23ecb21df212660c3a2fa2cac116ad5d to remote] DEBUG org.asynchttpclient.netty.request.NettyRequestSender - Using open Channel [id: 0x88920e37, L:/127.0.0.1:59209 - R:localhost/127.0.0.1:6489] for POST '/session/23ecb21df212660c3a2fa2cac116ad5d/execute/sync'
12:42:24.464 [AsyncHttpClient-1-5] DEBUG org.asynchttpclient.netty.handler.HttpHandler - 

Request DefaultHttpRequest(decodeResult: success, version: HTTP/1.1)
POST /session/23ecb21df212660c3a2fa2cac116ad5d/execute/sync HTTP/1.1
User-Agent: selenium/4.8.1 (java windows)
Content-Length: 176
Content-Type: application/json; charset=utf-8
host: localhost:6489
accept: */*

Response DefaultHttpResponse(decodeResult: success, version: HTTP/1.1)
HTTP/1.1 200 OK
Content-Length: 159304
Content-Type: application/json; charset=utf-8
cache-control: no-cache

12:42:24.465 [AsyncHttpClient-1-5] DEBUG org.asynchttpclient.netty.channel.ChannelManager - Adding key: http://localhost:6489 for channel [id: 0x88920e37, L:/127.0.0.1:59209 - R:localhost/127.0.0.1:6489]
12:42:24.476 [Forwarding getCurrentUrl on session 23ecb21df212660c3a2fa2cac116ad5d to remote] DEBUG org.asynchttpclient.netty.request.NettyRequestSender - Using pooled Channel '[id: 0x88920e37, L:/127.0.0.1:59209 - R:localhost/127.0.0.1:6489]' for 'GET' to 'http://localhost:6489/session/23ecb21df212660c3a2fa2cac116ad5d/url'
12:42:24.476 [Forwarding getCurrentUrl on session 23ecb21df212660c3a2fa2cac116ad5d to remote] DEBUG org.asynchttpclient.netty.request.NettyRequestSender - Using open Channel [id: 0x88920e37, L:/127.0.0.1:59209 - R:localhost/127.0.0.1:6489] for GET '/session/23ecb21df212660c3a2fa2cac116ad5d/url'
12:42:24.486 [AsyncHttpClient-1-5] DEBUG org.asynchttpclient.netty.handler.HttpHandler - 

Request DefaultFullHttpRequest(decodeResult: success, version: HTTP/1.1, content: EmptyByteBufBE)
GET /session/23ecb21df212660c3a2fa2cac116ad5d/url HTTP/1.1
User-Agent: selenium/4.8.1 (java windows)
Cache-Control: no-cache
Content-Type: application/json; charset=utf-8
host: localhost:6489
accept: */*

Response DefaultHttpResponse(decodeResult: success, version: HTTP/1.1)
HTTP/1.1 200 OK
Content-Length: 47
Content-Type: application/json; charset=utf-8
cache-control: no-cache

12:42:24.486 [AsyncHttpClient-1-5] DEBUG org.asynchttpclient.netty.channel.ChannelManager - Adding key: http://localhost:6489 for channel [id: 0x88920e37, L:/127.0.0.1:59209 - R:localhost/127.0.0.1:6489]
12:42:24.497 [Forwarding getAlertText on session 23ecb21df212660c3a2fa2cac116ad5d to remote] DEBUG org.asynchttpclient.netty.request.NettyRequestSender - Using pooled Channel '[id: 0x88920e37, L:/127.0.0.1:59209 - R:localhost/127.0.0.1:6489]' for 'GET' to 'http://localhost:6489/session/23ecb21df212660c3a2fa2cac116ad5d/alert/text'
12:42:24.497 [Forwarding getAlertText on session 23ecb21df212660c3a2fa2cac116ad5d to remote] DEBUG org.asynchttpclient.netty.request.NettyRequestSender - Using open Channel [id: 0x88920e37, L:/127.0.0.1:59209 - R:localhost/127.0.0.1:6489] for GET '/session/23ecb21df212660c3a2fa2cac116ad5d/alert/text'
12:42:24.500 [AsyncHttpClient-1-5] DEBUG org.asynchttpclient.netty.handler.HttpHandler - 

Request DefaultFullHttpRequest(decodeResult: success, version: HTTP/1.1, content: EmptyByteBufBE)
GET /session/23ecb21df212660c3a2fa2cac116ad5d/alert/text HTTP/1.1
User-Agent: selenium/4.8.1 (java windows)
Cache-Control: no-cache
Content-Type: application/json; charset=utf-8
host: localhost:6489
accept: */*

Response DefaultHttpResponse(decodeResult: success, version: HTTP/1.1)
HTTP/1.1 404 Not Found
Content-Length: 821
Content-Type: application/json; charset=utf-8
cache-control: no-cache

12:42:24.500 [AsyncHttpClient-1-5] DEBUG org.asynchttpclient.netty.channel.ChannelManager - Adding key: http://localhost:6489 for channel [id: 0x88920e37, L:/127.0.0.1:59209 - R:localhost/127.0.0.1:6489]
12:42:24.502 [Forwarding getCurrentUrl on session 23ecb21df212660c3a2fa2cac116ad5d to remote] DEBUG org.asynchttpclient.netty.request.NettyRequestSender - Using pooled Channel '[id: 0x88920e37, L:/127.0.0.1:59209 - R:localhost/127.0.0.1:6489]' for 'GET' to 'http://localhost:6489/session/23ecb21df212660c3a2fa2cac116ad5d/url'
12:42:24.502 [Forwarding getCurrentUrl on session 23ecb21df212660c3a2fa2cac116ad5d to remote] DEBUG org.asynchttpclient.netty.request.NettyRequestSender - Using open Channel [id: 0x88920e37, L:/127.0.0.1:59209 - R:localhost/127.0.0.1:6489] for GET '/session/23ecb21df212660c3a2fa2cac116ad5d/url'
12:42:24.511 [AsyncHttpClient-1-5] DEBUG org.asynchttpclient.netty.handler.HttpHandler - 

Request DefaultFullHttpRequest(decodeResult: success, version: HTTP/1.1, content: EmptyByteBufBE)
GET /session/23ecb21df212660c3a2fa2cac116ad5d/url HTTP/1.1
User-Agent: selenium/4.8.1 (java windows)
Cache-Control: no-cache
Content-Type: application/json; charset=utf-8
host: localhost:6489
accept: */*

Response DefaultHttpResponse(decodeResult: success, version: HTTP/1.1)
HTTP/1.1 200 OK
Content-Length: 47
Content-Type: application/json; charset=utf-8
cache-control: no-cache

12:42:24.511 [AsyncHttpClient-1-5] DEBUG org.asynchttpclient.netty.channel.ChannelManager - Adding key: http://localhost:6489 for channel [id: 0x88920e37, L:/127.0.0.1:59209 - R:localhost/127.0.0.1:6489]
12:42:24.513 [Forwarding screenshot on session 23ecb21df212660c3a2fa2cac116ad5d to remote] DEBUG org.asynchttpclient.netty.request.NettyRequestSender - Using pooled Channel '[id: 0x88920e37, L:/127.0.0.1:59209 - R:localhost/127.0.0.1:6489]' for 'GET' to 'http://localhost:6489/session/23ecb21df212660c3a2fa2cac116ad5d/screenshot'
12:42:24.513 [Forwarding screenshot on session 23ecb21df212660c3a2fa2cac116ad5d to remote] DEBUG org.asynchttpclient.netty.request.NettyRequestSender - Using open Channel [id: 0x88920e37, L:/127.0.0.1:59209 - R:localhost/127.0.0.1:6489] for GET '/session/23ecb21df212660c3a2fa2cac116ad5d/screenshot'
12:42:24.621 [AsyncHttpClient-1-5] DEBUG org.asynchttpclient.netty.handler.HttpHandler - 

Request DefaultFullHttpRequest(decodeResult: success, version: HTTP/1.1, content: EmptyByteBufBE)
GET /session/23ecb21df212660c3a2fa2cac116ad5d/screenshot HTTP/1.1
User-Agent: selenium/4.8.1 (java windows)
Cache-Control: no-cache
Content-Type: application/json; charset=utf-8
host: localhost:6489
accept: */*

Response DefaultHttpResponse(decodeResult: success, version: HTTP/1.1)
HTTP/1.1 200 OK
Content-Length: 118216
Content-Type: application/json; charset=utf-8
cache-control: no-cache

12:42:24.622 [AsyncHttpClient-1-5] DEBUG org.asynchttpclient.netty.channel.ChannelManager - Adding key: http://localhost:6489 for channel [id: 0x88920e37, L:/127.0.0.1:59209 - R:localhost/127.0.0.1:6489]
12:42:24.626 [main] DEBUG net.serenitybdd.core.photography.Darkroom - Send negative for processing for target\site\serenity\dcefd046d2c1d033cdf8bacd627519a3fb040eb82f130b6503b29fb34bdcf2f5.png
12:42:24.628 [Forwarding getPageSource on session 23ecb21df212660c3a2fa2cac116ad5d to remote] DEBUG org.asynchttpclient.netty.request.NettyRequestSender - Using pooled Channel '[id: 0x88920e37, L:/127.0.0.1:59209 - R:localhost/127.0.0.1:6489]' for 'POST' to 'http://localhost:6489/session/23ecb21df212660c3a2fa2cac116ad5d/execute/sync'
12:42:24.628 [Forwarding getPageSource on session 23ecb21df212660c3a2fa2cac116ad5d to remote] DEBUG org.asynchttpclient.netty.request.NettyRequestSender - Using open Channel [id: 0x88920e37, L:/127.0.0.1:59209 - R:localhost/127.0.0.1:6489] for POST '/session/23ecb21df212660c3a2fa2cac116ad5d/execute/sync'
12:42:24.651 [AsyncHttpClient-1-5] DEBUG org.asynchttpclient.netty.handler.HttpHandler - 

Request DefaultHttpRequest(decodeResult: success, version: HTTP/1.1)
POST /session/23ecb21df212660c3a2fa2cac116ad5d/execute/sync HTTP/1.1
User-Agent: selenium/4.8.1 (java windows)
Content-Length: 176
Content-Type: application/json; charset=utf-8
host: localhost:6489
accept: */*

Response DefaultHttpResponse(decodeResult: success, version: HTTP/1.1)
HTTP/1.1 200 OK
Content-Length: 159304
Content-Type: application/json; charset=utf-8
cache-control: no-cache

12:42:24.651 [AsyncHttpClient-1-5] DEBUG org.asynchttpclient.netty.channel.ChannelManager - Adding key: http://localhost:6489 for channel [id: 0x88920e37, L:/127.0.0.1:59209 - R:localhost/127.0.0.1:6489]
12:42:24.662 [Forwarding getCurrentUrl on session 23ecb21df212660c3a2fa2cac116ad5d to remote] DEBUG org.asynchttpclient.netty.request.NettyRequestSender - Using pooled Channel '[id: 0x88920e37, L:/127.0.0.1:59209 - R:localhost/127.0.0.1:6489]' for 'GET' to 'http://localhost:6489/session/23ecb21df212660c3a2fa2cac116ad5d/url'
12:42:24.662 [Forwarding getCurrentUrl on session 23ecb21df212660c3a2fa2cac116ad5d to remote] DEBUG org.asynchttpclient.netty.request.NettyRequestSender - Using open Channel [id: 0x88920e37, L:/127.0.0.1:59209 - R:localhost/127.0.0.1:6489] for GET '/session/23ecb21df212660c3a2fa2cac116ad5d/url'
12:42:24.673 [AsyncHttpClient-1-5] DEBUG org.asynchttpclient.netty.handler.HttpHandler - 

Request DefaultFullHttpRequest(decodeResult: success, version: HTTP/1.1, content: EmptyByteBufBE)
GET /session/23ecb21df212660c3a2fa2cac116ad5d/url HTTP/1.1
User-Agent: selenium/4.8.1 (java windows)
Cache-Control: no-cache
Content-Type: application/json; charset=utf-8
host: localhost:6489
accept: */*

Response DefaultHttpResponse(decodeResult: success, version: HTTP/1.1)
HTTP/1.1 200 OK
Content-Length: 47
Content-Type: application/json; charset=utf-8
cache-control: no-cache

12:42:24.673 [AsyncHttpClient-1-5] DEBUG org.asynchttpclient.netty.channel.ChannelManager - Adding key: http://localhost:6489 for channel [id: 0x88920e37, L:/127.0.0.1:59209 - R:localhost/127.0.0.1:6489]
12:42:24.676 [main] DEBUG net.thucydides.core.steps.StepInterceptor - STARTING STEP: LoginSteps.enterPasswordOnLogin - inputPassword
12:42:24.678 [Forwarding findElement on session 23ecb21df212660c3a2fa2cac116ad5d to remote] DEBUG org.asynchttpclient.netty.request.NettyRequestSender - Using pooled Channel '[id: 0x88920e37, L:/127.0.0.1:59209 - R:localhost/127.0.0.1:6489]' for 'POST' to 'http://localhost:6489/session/23ecb21df212660c3a2fa2cac116ad5d/element'
12:42:24.678 [Forwarding findElement on session 23ecb21df212660c3a2fa2cac116ad5d to remote] DEBUG org.asynchttpclient.netty.request.NettyRequestSender - Using open Channel [id: 0x88920e37, L:/127.0.0.1:59209 - R:localhost/127.0.0.1:6489] for POST '/session/23ecb21df212660c3a2fa2cac116ad5d/element'
12:42:24.695 [AsyncHttpClient-1-5] DEBUG org.asynchttpclient.netty.handler.HttpHandler - 

Request DefaultHttpRequest(decodeResult: success, version: HTTP/1.1)
POST /session/23ecb21df212660c3a2fa2cac116ad5d/element HTTP/1.1
User-Agent: selenium/4.8.1 (java windows)
Content-Length: 79
Content-Type: application/json; charset=utf-8
host: localhost:6489
accept: */*

Response DefaultHttpResponse(decodeResult: success, version: HTTP/1.1)
HTTP/1.1 200 OK
Content-Length: 94
Content-Type: application/json; charset=utf-8
cache-control: no-cache

12:42:24.695 [AsyncHttpClient-1-5] DEBUG org.asynchttpclient.netty.channel.ChannelManager - Adding key: http://localhost:6489 for channel [id: 0x88920e37, L:/127.0.0.1:59209 - R:localhost/127.0.0.1:6489]
12:42:24.696 [Forwarding clearElement on session 23ecb21df212660c3a2fa2cac116ad5d to remote] DEBUG org.asynchttpclient.netty.request.NettyRequestSender - Using pooled Channel '[id: 0x88920e37, L:/127.0.0.1:59209 - R:localhost/127.0.0.1:6489]' for 'POST' to 'http://localhost:6489/session/23ecb21df212660c3a2fa2cac116ad5d/element/CA3CB4DD2769203B6FD2984E8C3EE4F3_element_7/clear'
12:42:24.696 [Forwarding clearElement on session 23ecb21df212660c3a2fa2cac116ad5d to remote] DEBUG org.asynchttpclient.netty.request.NettyRequestSender - Using open Channel [id: 0x88920e37, L:/127.0.0.1:59209 - R:localhost/127.0.0.1:6489] for POST '/session/23ecb21df212660c3a2fa2cac116ad5d/element/CA3CB4DD2769203B6FD2984E8C3EE4F3_element_7/clear'
12:42:24.725 [AsyncHttpClient-1-5] DEBUG org.asynchttpclient.netty.handler.HttpHandler - 

Request DefaultHttpRequest(decodeResult: success, version: HTTP/1.1)
POST /session/23ecb21df212660c3a2fa2cac116ad5d/element/CA3CB4DD2769203B6FD2984E8C3EE4F3_element_7/clear HTTP/1.1
User-Agent: selenium/4.8.1 (java windows)
Content-Length: 56
Content-Type: application/json; charset=utf-8
host: localhost:6489
accept: */*

Response DefaultHttpResponse(decodeResult: success, version: HTTP/1.1)
HTTP/1.1 200 OK
Content-Length: 14
Content-Type: application/json; charset=utf-8
cache-control: no-cache

12:42:24.725 [AsyncHttpClient-1-5] DEBUG org.asynchttpclient.netty.channel.ChannelManager - Adding key: http://localhost:6489 for channel [id: 0x88920e37, L:/127.0.0.1:59209 - R:localhost/127.0.0.1:6489]
12:42:24.727 [Forwarding sendKeysToElement on session 23ecb21df212660c3a2fa2cac116ad5d to remote] DEBUG org.asynchttpclient.netty.request.NettyRequestSender - Using pooled Channel '[id: 0x88920e37, L:/127.0.0.1:59209 - R:localhost/127.0.0.1:6489]' for 'POST' to 'http://localhost:6489/session/23ecb21df212660c3a2fa2cac116ad5d/element/CA3CB4DD2769203B6FD2984E8C3EE4F3_element_7/value'
12:42:24.727 [Forwarding sendKeysToElement on session 23ecb21df212660c3a2fa2cac116ad5d to remote] DEBUG org.asynchttpclient.netty.request.NettyRequestSender - Using open Channel [id: 0x88920e37, L:/127.0.0.1:59209 - R:localhost/127.0.0.1:6489] for POST '/session/23ecb21df212660c3a2fa2cac116ad5d/element/CA3CB4DD2769203B6FD2984E8C3EE4F3_element_7/value'
12:42:24.827 [AsyncHttpClient-1-5] DEBUG org.asynchttpclient.netty.handler.HttpHandler - 

Request DefaultHttpRequest(decodeResult: success, version: HTTP/1.1)
POST /session/23ecb21df212660c3a2fa2cac116ad5d/element/CA3CB4DD2769203B6FD2984E8C3EE4F3_element_7/value HTTP/1.1
User-Agent: selenium/4.8.1 (java windows)
Content-Length: 187
Content-Type: application/json; charset=utf-8
host: localhost:6489
accept: */*

Response DefaultHttpResponse(decodeResult: success, version: HTTP/1.1)
HTTP/1.1 200 OK
Content-Length: 14
Content-Type: application/json; charset=utf-8
cache-control: no-cache

12:42:24.828 [AsyncHttpClient-1-5] DEBUG org.asynchttpclient.netty.channel.ChannelManager - Adding key: http://localhost:6489 for channel [id: 0x88920e37, L:/127.0.0.1:59209 - R:localhost/127.0.0.1:6489]
12:42:24.835 [Forwarding getAlertText on session 23ecb21df212660c3a2fa2cac116ad5d to remote] DEBUG org.asynchttpclient.netty.request.NettyRequestSender - Using pooled Channel '[id: 0x88920e37, L:/127.0.0.1:59209 - R:localhost/127.0.0.1:6489]' for 'GET' to 'http://localhost:6489/session/23ecb21df212660c3a2fa2cac116ad5d/alert/text'
12:42:24.835 [Forwarding getAlertText on session 23ecb21df212660c3a2fa2cac116ad5d to remote] DEBUG org.asynchttpclient.netty.request.NettyRequestSender - Using open Channel [id: 0x88920e37, L:/127.0.0.1:59209 - R:localhost/127.0.0.1:6489] for GET '/session/23ecb21df212660c3a2fa2cac116ad5d/alert/text'
12:42:24.839 [AsyncHttpClient-1-5] DEBUG org.asynchttpclient.netty.handler.HttpHandler - 

Request DefaultFullHttpRequest(decodeResult: success, version: HTTP/1.1, content: EmptyByteBufBE)
GET /session/23ecb21df212660c3a2fa2cac116ad5d/alert/text HTTP/1.1
User-Agent: selenium/4.8.1 (java windows)
Cache-Control: no-cache
Content-Type: application/json; charset=utf-8
host: localhost:6489
accept: */*

Response DefaultHttpResponse(decodeResult: success, version: HTTP/1.1)
HTTP/1.1 404 Not Found
Content-Length: 821
Content-Type: application/json; charset=utf-8
cache-control: no-cache

12:42:24.839 [AsyncHttpClient-1-5] DEBUG org.asynchttpclient.netty.channel.ChannelManager - Adding key: http://localhost:6489 for channel [id: 0x88920e37, L:/127.0.0.1:59209 - R:localhost/127.0.0.1:6489]
12:42:24.841 [Forwarding getCurrentUrl on session 23ecb21df212660c3a2fa2cac116ad5d to remote] DEBUG org.asynchttpclient.netty.request.NettyRequestSender - Using pooled Channel '[id: 0x88920e37, L:/127.0.0.1:59209 - R:localhost/127.0.0.1:6489]' for 'GET' to 'http://localhost:6489/session/23ecb21df212660c3a2fa2cac116ad5d/url'
12:42:24.841 [Forwarding getCurrentUrl on session 23ecb21df212660c3a2fa2cac116ad5d to remote] DEBUG org.asynchttpclient.netty.request.NettyRequestSender - Using open Channel [id: 0x88920e37, L:/127.0.0.1:59209 - R:localhost/127.0.0.1:6489] for GET '/session/23ecb21df212660c3a2fa2cac116ad5d/url'
12:42:24.853 [AsyncHttpClient-1-5] DEBUG org.asynchttpclient.netty.handler.HttpHandler - 

Request DefaultFullHttpRequest(decodeResult: success, version: HTTP/1.1, content: EmptyByteBufBE)
GET /session/23ecb21df212660c3a2fa2cac116ad5d/url HTTP/1.1
User-Agent: selenium/4.8.1 (java windows)
Cache-Control: no-cache
Content-Type: application/json; charset=utf-8
host: localhost:6489
accept: */*

Response DefaultHttpResponse(decodeResult: success, version: HTTP/1.1)
HTTP/1.1 200 OK
Content-Length: 47
Content-Type: application/json; charset=utf-8
cache-control: no-cache

12:42:24.854 [AsyncHttpClient-1-5] DEBUG org.asynchttpclient.netty.channel.ChannelManager - Adding key: http://localhost:6489 for channel [id: 0x88920e37, L:/127.0.0.1:59209 - R:localhost/127.0.0.1:6489]
12:42:24.855 [Forwarding screenshot on session 23ecb21df212660c3a2fa2cac116ad5d to remote] DEBUG org.asynchttpclient.netty.request.NettyRequestSender - Using pooled Channel '[id: 0x88920e37, L:/127.0.0.1:59209 - R:localhost/127.0.0.1:6489]' for 'GET' to 'http://localhost:6489/session/23ecb21df212660c3a2fa2cac116ad5d/screenshot'
12:42:24.855 [Forwarding screenshot on session 23ecb21df212660c3a2fa2cac116ad5d to remote] DEBUG org.asynchttpclient.netty.request.NettyRequestSender - Using open Channel [id: 0x88920e37, L:/127.0.0.1:59209 - R:localhost/127.0.0.1:6489] for GET '/session/23ecb21df212660c3a2fa2cac116ad5d/screenshot'
12:42:24.992 [AsyncHttpClient-1-5] DEBUG org.asynchttpclient.netty.handler.HttpHandler - 

Request DefaultFullHttpRequest(decodeResult: success, version: HTTP/1.1, content: EmptyByteBufBE)
GET /session/23ecb21df212660c3a2fa2cac116ad5d/screenshot HTTP/1.1
User-Agent: selenium/4.8.1 (java windows)
Cache-Control: no-cache
Content-Type: application/json; charset=utf-8
host: localhost:6489
accept: */*

Response DefaultHttpResponse(decodeResult: success, version: HTTP/1.1)
HTTP/1.1 200 OK
Content-Length: 116780
Content-Type: application/json; charset=utf-8
cache-control: no-cache

12:42:24.993 [AsyncHttpClient-1-5] DEBUG org.asynchttpclient.netty.channel.ChannelManager - Adding key: http://localhost:6489 for channel [id: 0x88920e37, L:/127.0.0.1:59209 - R:localhost/127.0.0.1:6489]
12:42:24.998 [main] DEBUG net.serenitybdd.core.photography.Darkroom - Send negative for processing for target\site\serenity\571301b91f4759ce27d45d4d047148e28e389d6d79528d3d6bc0d8a4dec06f98.png
12:42:24.998 [main] DEBUG net.thucydides.core.steps.StepInterceptor - STEP DONE: inputPassword
  &amp#27;[32mAnd &amp#27;[0m&amp#27;[32mI enter Password &amp#27;[0m&amp#27;[32m&amp#27;[1m"kelompok20"&amp#27;[0m                                               &amp#27;[90m# starter.stepdefinitions.LoginSteps.enterPasswordOnLogin(java.lang.String)&amp#27;[0m
12:42:24.998 [Darkroom Processing Line] DEBUG net.serenitybdd.core.photography.DarkroomProcessingLine - Processing screenshot image in /var/screenshots/screenshot-16422854078611271274
12:42:24.998 [Darkroom Processing Line] DEBUG net.serenitybdd.core.photography.DarkroomProcessingLine - Saving screenshot to target\site\serenity\571301b91f4759ce27d45d4d047148e28e389d6d79528d3d6bc0d8a4dec06f98.png
12:42:25.005 [Forwarding getPageSource on session 23ecb21df212660c3a2fa2cac116ad5d to remote] DEBUG org.asynchttpclient.netty.request.NettyRequestSender - Using pooled Channel '[id: 0x88920e37, L:/127.0.0.1:59209 - R:localhost/127.0.0.1:6489]' for 'POST' to 'http://localhost:6489/session/23ecb21df212660c3a2fa2cac116ad5d/execute/sync'
12:42:25.005 [Forwarding getPageSource on session 23ecb21df212660c3a2fa2cac116ad5d to remote] DEBUG org.asynchttpclient.netty.request.NettyRequestSender - Using open Channel [id: 0x88920e37, L:/127.0.0.1:59209 - R:localhost/127.0.0.1:6489] for POST '/session/23ecb21df212660c3a2fa2cac116ad5d/execute/sync'
12:42:25.026 [AsyncHttpClient-1-5] DEBUG org.asynchttpclient.netty.handler.HttpHandler - 

Request DefaultHttpRequest(decodeResult: success, version: HTTP/1.1)
POST /session/23ecb21df212660c3a2fa2cac116ad5d/execute/sync HTTP/1.1
User-Agent: selenium/4.8.1 (java windows)
Content-Length: 176
Content-Type: application/json; charset=utf-8
host: localhost:6489
accept: */*

Response DefaultHttpResponse(decodeResult: success, version: HTTP/1.1)
HTTP/1.1 200 OK
Content-Length: 159369
Content-Type: application/json; charset=utf-8
cache-control: no-cache

12:42:25.026 [AsyncHttpClient-1-5] DEBUG org.asynchttpclient.netty.channel.ChannelManager - Adding key: http://localhost:6489 for channel [id: 0x88920e37, L:/127.0.0.1:59209 - R:localhost/127.0.0.1:6489]
12:42:25.037 [Forwarding getCurrentUrl on session 23ecb21df212660c3a2fa2cac116ad5d to remote] DEBUG org.asynchttpclient.netty.request.NettyRequestSender - Using pooled Channel '[id: 0x88920e37, L:/127.0.0.1:59209 - R:localhost/127.0.0.1:6489]' for 'GET' to 'http://localhost:6489/session/23ecb21df212660c3a2fa2cac116ad5d/url'
12:42:25.037 [Forwarding getCurrentUrl on session 23ecb21df212660c3a2fa2cac116ad5d to remote] DEBUG org.asynchttpclient.netty.request.NettyRequestSender - Using open Channel [id: 0x88920e37, L:/127.0.0.1:59209 - R:localhost/127.0.0.1:6489] for GET '/session/23ecb21df212660c3a2fa2cac116ad5d/url'
12:42:25.048 [AsyncHttpClient-1-5] DEBUG org.asynchttpclient.netty.handler.HttpHandler - 

Request DefaultFullHttpRequest(decodeResult: success, version: HTTP/1.1, content: EmptyByteBufBE)
GET /session/23ecb21df212660c3a2fa2cac116ad5d/url HTTP/1.1
User-Agent: selenium/4.8.1 (java windows)
Cache-Control: no-cache
Content-Type: application/json; charset=utf-8
host: localhost:6489
accept: */*

Response DefaultHttpResponse(decodeResult: success, version: HTTP/1.1)
HTTP/1.1 200 OK
Content-Length: 47
Content-Type: application/json; charset=utf-8
cache-control: no-cache

12:42:25.048 [AsyncHttpClient-1-5] DEBUG org.asynchttpclient.netty.channel.ChannelManager - Adding key: http://localhost:6489 for channel [id: 0x88920e37, L:/127.0.0.1:59209 - R:localhost/127.0.0.1:6489]
12:42:25.059 [Forwarding getAlertText on session 23ecb21df212660c3a2fa2cac116ad5d to remote] DEBUG org.asynchttpclient.netty.request.NettyRequestSender - Using pooled Channel '[id: 0x88920e37, L:/127.0.0.1:59209 - R:localhost/127.0.0.1:6489]' for 'GET' to 'http://localhost:6489/session/23ecb21df212660c3a2fa2cac116ad5d/alert/text'
12:42:25.059 [Forwarding getAlertText on session 23ecb21df212660c3a2fa2cac116ad5d to remote] DEBUG org.asynchttpclient.netty.request.NettyRequestSender - Using open Channel [id: 0x88920e37, L:/127.0.0.1:59209 - R:localhost/127.0.0.1:6489] for GET '/session/23ecb21df212660c3a2fa2cac116ad5d/alert/text'
12:42:25.063 [AsyncHttpClient-1-5] DEBUG org.asynchttpclient.netty.handler.HttpHandler - 

Request DefaultFullHttpRequest(decodeResult: success, version: HTTP/1.1, content: EmptyByteBufBE)
GET /session/23ecb21df212660c3a2fa2cac116ad5d/alert/text HTTP/1.1
User-Agent: selenium/4.8.1 (java windows)
Cache-Control: no-cache
Content-Type: application/json; charset=utf-8
host: localhost:6489
accept: */*

Response DefaultHttpResponse(decodeResult: success, version: HTTP/1.1)
HTTP/1.1 404 Not Found
Content-Length: 821
Content-Type: application/json; charset=utf-8
cache-control: no-cache

12:42:25.064 [AsyncHttpClient-1-5] DEBUG org.asynchttpclient.netty.channel.ChannelManager - Adding key: http://localhost:6489 for channel [id: 0x88920e37, L:/127.0.0.1:59209 - R:localhost/127.0.0.1:6489]
12:42:25.065 [Forwarding getCurrentUrl on session 23ecb21df212660c3a2fa2cac116ad5d to remote] DEBUG org.asynchttpclient.netty.request.NettyRequestSender - Using pooled Channel '[id: 0x88920e37, L:/127.0.0.1:59209 - R:localhost/127.0.0.1:6489]' for 'GET' to 'http://localhost:6489/session/23ecb21df212660c3a2fa2cac116ad5d/url'
12:42:25.066 [Forwarding getCurrentUrl on session 23ecb21df212660c3a2fa2cac116ad5d to remote] DEBUG org.asynchttpclient.netty.request.NettyRequestSender - Using open Channel [id: 0x88920e37, L:/127.0.0.1:59209 - R:localhost/127.0.0.1:6489] for GET '/session/23ecb21df212660c3a2fa2cac116ad5d/url'
12:42:25.076 [AsyncHttpClient-1-5] DEBUG org.asynchttpclient.netty.handler.HttpHandler - 

Request DefaultFullHttpRequest(decodeResult: success, version: HTTP/1.1, content: EmptyByteBufBE)
GET /session/23ecb21df212660c3a2fa2cac116ad5d/url HTTP/1.1
User-Agent: selenium/4.8.1 (java windows)
Cache-Control: no-cache
Content-Type: application/json; charset=utf-8
host: localhost:6489
accept: */*

Response DefaultHttpResponse(decodeResult: success, version: HTTP/1.1)
HTTP/1.1 200 OK
Content-Length: 47
Content-Type: application/json; charset=utf-8
cache-control: no-cache

12:42:25.076 [AsyncHttpClient-1-5] DEBUG org.asynchttpclient.netty.channel.ChannelManager - Adding key: http://localhost:6489 for channel [id: 0x88920e37, L:/127.0.0.1:59209 - R:localhost/127.0.0.1:6489]
12:42:25.078 [Forwarding screenshot on session 23ecb21df212660c3a2fa2cac116ad5d to remote] DEBUG org.asynchttpclient.netty.request.NettyRequestSender - Using pooled Channel '[id: 0x88920e37, L:/127.0.0.1:59209 - R:localhost/127.0.0.1:6489]' for 'GET' to 'http://localhost:6489/session/23ecb21df212660c3a2fa2cac116ad5d/screenshot'
12:42:25.078 [Forwarding screenshot on session 23ecb21df212660c3a2fa2cac116ad5d to remote] DEBUG org.asynchttpclient.netty.request.NettyRequestSender - Using open Channel [id: 0x88920e37, L:/127.0.0.1:59209 - R:localhost/127.0.0.1:6489] for GET '/session/23ecb21df212660c3a2fa2cac116ad5d/screenshot'
12:42:25.187 [AsyncHttpClient-1-5] DEBUG org.asynchttpclient.netty.handler.HttpHandler - 

Request DefaultFullHttpRequest(decodeResult: success, version: HTTP/1.1, content: EmptyByteBufBE)
GET /session/23ecb21df212660c3a2fa2cac116ad5d/screenshot HTTP/1.1
User-Agent: selenium/4.8.1 (java windows)
Cache-Control: no-cache
Content-Type: application/json; charset=utf-8
host: localhost:6489
accept: */*

Response DefaultHttpResponse(decodeResult: success, version: HTTP/1.1)
HTTP/1.1 200 OK
Content-Length: 116684
Content-Type: application/json; charset=utf-8
cache-control: no-cache

12:42:25.187 [AsyncHttpClient-1-5] DEBUG org.asynchttpclient.netty.channel.ChannelManager - Adding key: http://localhost:6489 for channel [id: 0x88920e37, L:/127.0.0.1:59209 - R:localhost/127.0.0.1:6489]
12:42:25.190 [main] DEBUG net.serenitybdd.core.photography.Darkroom - Send negative for processing for target\site\serenity\4fe28bd988b20a1e2f0a691ad7955400918bc2db67280750b9b78e5d4e19ef17.png
12:42:25.191 [Darkroom Processing Line] DEBUG net.serenitybdd.core.photography.DarkroomProcessingLine - Processing screenshot image in /var/screenshots/screenshot-2081804668663600357
12:42:25.191 [Darkroom Processing Line] DEBUG net.serenitybdd.core.photography.DarkroomProcessingLine - Saving screenshot to target\site\serenity\4fe28bd988b20a1e2f0a691ad7955400918bc2db67280750b9b78e5d4e19ef17.png
12:42:25.192 [Forwarding getPageSource on session 23ecb21df212660c3a2fa2cac116ad5d to remote] DEBUG org.asynchttpclient.netty.request.NettyRequestSender - Using pooled Channel '[id: 0x88920e37, L:/127.0.0.1:59209 - R:localhost/127.0.0.1:6489]' for 'POST' to 'http://localhost:6489/session/23ecb21df212660c3a2fa2cac116ad5d/execute/sync'
12:42:25.192 [Forwarding getPageSource on session 23ecb21df212660c3a2fa2cac116ad5d to remote] DEBUG org.asynchttpclient.netty.request.NettyRequestSender - Using open Channel [id: 0x88920e37, L:/127.0.0.1:59209 - R:localhost/127.0.0.1:6489] for POST '/session/23ecb21df212660c3a2fa2cac116ad5d/execute/sync'
12:42:25.213 [AsyncHttpClient-1-5] DEBUG org.asynchttpclient.netty.handler.HttpHandler - 

Request DefaultHttpRequest(decodeResult: success, version: HTTP/1.1)
POST /session/23ecb21df212660c3a2fa2cac116ad5d/execute/sync HTTP/1.1
User-Agent: selenium/4.8.1 (java windows)
Content-Length: 176
Content-Type: application/json; charset=utf-8
host: localhost:6489
accept: */*

Response DefaultHttpResponse(decodeResult: success, version: HTTP/1.1)
HTTP/1.1 200 OK
Content-Length: 159369
Content-Type: application/json; charset=utf-8
cache-control: no-cache

12:42:25.214 [AsyncHttpClient-1-5] DEBUG org.asynchttpclient.netty.channel.ChannelManager - Adding key: http://localhost:6489 for channel [id: 0x88920e37, L:/127.0.0.1:59209 - R:localhost/127.0.0.1:6489]
12:42:25.225 [Forwarding getCurrentUrl on session 23ecb21df212660c3a2fa2cac116ad5d to remote] DEBUG org.asynchttpclient.netty.request.NettyRequestSender - Using pooled Channel '[id: 0x88920e37, L:/127.0.0.1:59209 - R:localhost/127.0.0.1:6489]' for 'GET' to 'http://localhost:6489/session/23ecb21df212660c3a2fa2cac116ad5d/url'
12:42:25.225 [Forwarding getCurrentUrl on session 23ecb21df212660c3a2fa2cac116ad5d to remote] DEBUG org.asynchttpclient.netty.request.NettyRequestSender - Using open Channel [id: 0x88920e37, L:/127.0.0.1:59209 - R:localhost/127.0.0.1:6489] for GET '/session/23ecb21df212660c3a2fa2cac116ad5d/url'
12:42:25.235 [AsyncHttpClient-1-5] DEBUG org.asynchttpclient.netty.handler.HttpHandler - 

Request DefaultFullHttpRequest(decodeResult: success, version: HTTP/1.1, content: EmptyByteBufBE)
GET /session/23ecb21df212660c3a2fa2cac116ad5d/url HTTP/1.1
User-Agent: selenium/4.8.1 (java windows)
Cache-Control: no-cache
Content-Type: application/json; charset=utf-8
host: localhost:6489
accept: */*

Response DefaultHttpResponse(decodeResult: success, version: HTTP/1.1)
HTTP/1.1 200 OK
Content-Length: 47
Content-Type: application/json; charset=utf-8
cache-control: no-cache

12:42:25.235 [AsyncHttpClient-1-5] DEBUG org.asynchttpclient.netty.channel.ChannelManager - Adding key: http://localhost:6489 for channel [id: 0x88920e37, L:/127.0.0.1:59209 - R:localhost/127.0.0.1:6489]
12:42:25.238 [main] DEBUG net.thucydides.core.steps.StepInterceptor - STARTING STEP: LoginSteps.clickSigInButton - ClickSigInButton
12:42:25.241 [Forwarding findElement on session 23ecb21df212660c3a2fa2cac116ad5d to remote] DEBUG org.asynchttpclient.netty.request.NettyRequestSender - Using pooled Channel '[id: 0x88920e37, L:/127.0.0.1:59209 - R:localhost/127.0.0.1:6489]' for 'POST' to 'http://localhost:6489/session/23ecb21df212660c3a2fa2cac116ad5d/element'
12:42:25.242 [Forwarding findElement on session 23ecb21df212660c3a2fa2cac116ad5d to remote] DEBUG org.asynchttpclient.netty.request.NettyRequestSender - Using open Channel [id: 0x88920e37, L:/127.0.0.1:59209 - R:localhost/127.0.0.1:6489] for POST '/session/23ecb21df212660c3a2fa2cac116ad5d/element'
12:42:25.254 [AsyncHttpClient-1-5] DEBUG org.asynchttpclient.netty.handler.HttpHandler - 

Request DefaultHttpRequest(decodeResult: success, version: HTTP/1.1)
POST /session/23ecb21df212660c3a2fa2cac116ad5d/element HTTP/1.1
User-Agent: selenium/4.8.1 (java windows)
Content-Length: 155
Content-Type: application/json; charset=utf-8
host: localhost:6489
accept: */*

Response DefaultHttpResponse(decodeResult: success, version: HTTP/1.1)
HTTP/1.1 200 OK
Content-Length: 94
Content-Type: application/json; charset=utf-8
cache-control: no-cache

12:42:25.254 [AsyncHttpClient-1-5] DEBUG org.asynchttpclient.netty.channel.ChannelManager - Adding key: http://localhost:6489 for channel [id: 0x88920e37, L:/127.0.0.1:59209 - R:localhost/127.0.0.1:6489]
12:42:25.256 [Forwarding getElementTagName on session 23ecb21df212660c3a2fa2cac116ad5d to remote] DEBUG org.asynchttpclient.netty.request.NettyRequestSender - Using pooled Channel '[id: 0x88920e37, L:/127.0.0.1:59209 - R:localhost/127.0.0.1:6489]' for 'GET' to 'http://localhost:6489/session/23ecb21df212660c3a2fa2cac116ad5d/element/CA3CB4DD2769203B6FD2984E8C3EE4F3_element_4/name'
12:42:25.256 [Forwarding getElementTagName on session 23ecb21df212660c3a2fa2cac116ad5d to remote] DEBUG org.asynchttpclient.netty.request.NettyRequestSender - Using open Channel [id: 0x88920e37, L:/127.0.0.1:59209 - R:localhost/127.0.0.1:6489] for GET '/session/23ecb21df212660c3a2fa2cac116ad5d/element/CA3CB4DD2769203B6FD2984E8C3EE4F3_element_4/name'
12:42:25.268 [AsyncHttpClient-1-5] DEBUG org.asynchttpclient.netty.handler.HttpHandler - 

Request DefaultFullHttpRequest(decodeResult: success, version: HTTP/1.1, content: EmptyByteBufBE)
GET /session/23ecb21df212660c3a2fa2cac116ad5d/element/CA3CB4DD2769203B6FD2984E8C3EE4F3_element_4/name HTTP/1.1
User-Agent: selenium/4.8.1 (java windows)
Cache-Control: no-cache
Content-Type: application/json; charset=utf-8
host: localhost:6489
accept: */*

Response DefaultHttpResponse(decodeResult: success, version: HTTP/1.1)
HTTP/1.1 200 OK
Content-Length: 16
Content-Type: application/json; charset=utf-8
cache-control: no-cache

12:42:25.268 [AsyncHttpClient-1-5] DEBUG org.asynchttpclient.netty.channel.ChannelManager - Adding key: http://localhost:6489 for channel [id: 0x88920e37, L:/127.0.0.1:59209 - R:localhost/127.0.0.1:6489]
12:42:25.270 [Forwarding getElementTagName on session 23ecb21df212660c3a2fa2cac116ad5d to remote] DEBUG org.asynchttpclient.netty.request.NettyRequestSender - Using pooled Channel '[id: 0x88920e37, L:/127.0.0.1:59209 - R:localhost/127.0.0.1:6489]' for 'GET' to 'http://localhost:6489/session/23ecb21df212660c3a2fa2cac116ad5d/element/CA3CB4DD2769203B6FD2984E8C3EE4F3_element_4/name'
12:42:25.270 [Forwarding getElementTagName on session 23ecb21df212660c3a2fa2cac116ad5d to remote] DEBUG org.asynchttpclient.netty.request.NettyRequestSender - Using open Channel [id: 0x88920e37, L:/127.0.0.1:59209 - R:localhost/127.0.0.1:6489] for GET '/session/23ecb21df212660c3a2fa2cac116ad5d/element/CA3CB4DD2769203B6FD2984E8C3EE4F3_element_4/name'
12:42:25.284 [AsyncHttpClient-1-5] DEBUG org.asynchttpclient.netty.handler.HttpHandler - 

Request DefaultFullHttpRequest(decodeResult: success, version: HTTP/1.1, content: EmptyByteBufBE)
GET /session/23ecb21df212660c3a2fa2cac116ad5d/element/CA3CB4DD2769203B6FD2984E8C3EE4F3_element_4/name HTTP/1.1
User-Agent: selenium/4.8.1 (java windows)
Cache-Control: no-cache
Content-Type: application/json; charset=utf-8
host: localhost:6489
accept: */*

Response DefaultHttpResponse(decodeResult: success, version: HTTP/1.1)
HTTP/1.1 200 OK
Content-Length: 16
Content-Type: application/json; charset=utf-8
cache-control: no-cache

12:42:25.285 [AsyncHttpClient-1-5] DEBUG org.asynchttpclient.netty.channel.ChannelManager - Adding key: http://localhost:6489 for channel [id: 0x88920e37, L:/127.0.0.1:59209 - R:localhost/127.0.0.1:6489]
12:42:25.289 [Forwarding findElement on session 23ecb21df212660c3a2fa2cac116ad5d to remote] DEBUG org.asynchttpclient.netty.request.NettyRequestSender - Using pooled Channel '[id: 0x88920e37, L:/127.0.0.1:59209 - R:localhost/127.0.0.1:6489]' for 'POST' to 'http://localhost:6489/session/23ecb21df212660c3a2fa2cac116ad5d/element'
12:42:25.289 [Forwarding findElement on session 23ecb21df212660c3a2fa2cac116ad5d to remote] DEBUG org.asynchttpclient.netty.request.NettyRequestSender - Using open Channel [id: 0x88920e37, L:/127.0.0.1:59209 - R:localhost/127.0.0.1:6489] for POST '/session/23ecb21df212660c3a2fa2cac116ad5d/element'
12:42:25.304 [AsyncHttpClient-1-5] DEBUG org.asynchttpclient.netty.handler.HttpHandler - 

Request DefaultHttpRequest(decodeResult: success, version: HTTP/1.1)
POST /session/23ecb21df212660c3a2fa2cac116ad5d/element HTTP/1.1
User-Agent: selenium/4.8.1 (java windows)
Content-Length: 155
Content-Type: application/json; charset=utf-8
host: localhost:6489
accept: */*

Response DefaultHttpResponse(decodeResult: success, version: HTTP/1.1)
HTTP/1.1 200 OK
Content-Length: 94
Content-Type: application/json; charset=utf-8
cache-control: no-cache

12:42:25.304 [AsyncHttpClient-1-5] DEBUG org.asynchttpclient.netty.channel.ChannelManager - Adding key: http://localhost:6489 for channel [id: 0x88920e37, L:/127.0.0.1:59209 - R:localhost/127.0.0.1:6489]
12:42:25.306 [Forwarding clickElement on session 23ecb21df212660c3a2fa2cac116ad5d to remote] DEBUG org.asynchttpclient.netty.request.NettyRequestSender - Using pooled Channel '[id: 0x88920e37, L:/127.0.0.1:59209 - R:localhost/127.0.0.1:6489]' for 'POST' to 'http://localhost:6489/session/23ecb21df212660c3a2fa2cac116ad5d/element/CA3CB4DD2769203B6FD2984E8C3EE4F3_element_4/click'
12:42:25.306 [Forwarding clickElement on session 23ecb21df212660c3a2fa2cac116ad5d to remote] DEBUG org.asynchttpclient.netty.request.NettyRequestSender - Using open Channel [id: 0x88920e37, L:/127.0.0.1:59209 - R:localhost/127.0.0.1:6489] for POST '/session/23ecb21df212660c3a2fa2cac116ad5d/element/CA3CB4DD2769203B6FD2984E8C3EE4F3_element_4/click'
12:42:25.348 [AsyncHttpClient-1-1] DEBUG org.asynchttpclient.netty.channel.DefaultChannelPool - Entry count for : http://localhost:59210 : 1
12:42:25.393 [AsyncHttpClient-1-5] DEBUG org.asynchttpclient.netty.handler.HttpHandler - 

Request DefaultHttpRequest(decodeResult: success, version: HTTP/1.1)
POST /session/23ecb21df212660c3a2fa2cac116ad5d/element/CA3CB4DD2769203B6FD2984E8C3EE4F3_element_4/click HTTP/1.1
User-Agent: selenium/4.8.1 (java windows)
Content-Length: 56
Content-Type: application/json; charset=utf-8
host: localhost:6489
accept: */*

Response DefaultHttpResponse(decodeResult: success, version: HTTP/1.1)
HTTP/1.1 200 OK
Content-Length: 14
Content-Type: application/json; charset=utf-8
cache-control: no-cache

12:42:25.393 [AsyncHttpClient-1-5] DEBUG org.asynchttpclient.netty.channel.ChannelManager - Adding key: http://localhost:6489 for channel [id: 0x88920e37, L:/127.0.0.1:59209 - R:localhost/127.0.0.1:6489]
12:42:25.403 [Forwarding getAlertText on session 23ecb21df212660c3a2fa2cac116ad5d to remote] DEBUG org.asynchttpclient.netty.request.NettyRequestSender - Using pooled Channel '[id: 0x88920e37, L:/127.0.0.1:59209 - R:localhost/127.0.0.1:6489]' for 'GET' to 'http://localhost:6489/session/23ecb21df212660c3a2fa2cac116ad5d/alert/text'
12:42:25.403 [Forwarding getAlertText on session 23ecb21df212660c3a2fa2cac116ad5d to remote] DEBUG org.asynchttpclient.netty.request.NettyRequestSender - Using open Channel [id: 0x88920e37, L:/127.0.0.1:59209 - R:localhost/127.0.0.1:6489] for GET '/session/23ecb21df212660c3a2fa2cac116ad5d/alert/text'
12:42:25.407 [AsyncHttpClient-1-5] DEBUG org.asynchttpclient.netty.handler.HttpHandler - 

Request DefaultFullHttpRequest(decodeResult: success, version: HTTP/1.1, content: EmptyByteBufBE)
GET /session/23ecb21df212660c3a2fa2cac116ad5d/alert/text HTTP/1.1
User-Agent: selenium/4.8.1 (java windows)
Cache-Control: no-cache
Content-Type: application/json; charset=utf-8
host: localhost:6489
accept: */*

Response DefaultHttpResponse(decodeResult: success, version: HTTP/1.1)
HTTP/1.1 404 Not Found
Content-Length: 821
Content-Type: application/json; charset=utf-8
cache-control: no-cache

12:42:25.407 [AsyncHttpClient-1-5] DEBUG org.asynchttpclient.netty.channel.ChannelManager - Adding key: http://localhost:6489 for channel [id: 0x88920e37, L:/127.0.0.1:59209 - R:localhost/127.0.0.1:6489]
12:42:25.408 [Forwarding getCurrentUrl on session 23ecb21df212660c3a2fa2cac116ad5d to remote] DEBUG org.asynchttpclient.netty.request.NettyRequestSender - Using pooled Channel '[id: 0x88920e37, L:/127.0.0.1:59209 - R:localhost/127.0.0.1:6489]' for 'GET' to 'http://localhost:6489/session/23ecb21df212660c3a2fa2cac116ad5d/url'
12:42:25.408 [Forwarding getCurrentUrl on session 23ecb21df212660c3a2fa2cac116ad5d to remote] DEBUG org.asynchttpclient.netty.request.NettyRequestSender - Using open Channel [id: 0x88920e37, L:/127.0.0.1:59209 - R:localhost/127.0.0.1:6489] for GET '/session/23ecb21df212660c3a2fa2cac116ad5d/url'
12:42:25.419 [AsyncHttpClient-1-5] DEBUG org.asynchttpclient.netty.handler.HttpHandler - 

Request DefaultFullHttpRequest(decodeResult: success, version: HTTP/1.1, content: EmptyByteBufBE)
GET /session/23ecb21df212660c3a2fa2cac116ad5d/url HTTP/1.1
User-Agent: selenium/4.8.1 (java windows)
Cache-Control: no-cache
Content-Type: application/json; charset=utf-8
host: localhost:6489
accept: */*

Response DefaultHttpResponse(decodeResult: success, version: HTTP/1.1)
HTTP/1.1 200 OK
Content-Length: 47
Content-Type: application/json; charset=utf-8
cache-control: no-cache

12:42:25.419 [AsyncHttpClient-1-5] DEBUG org.asynchttpclient.netty.channel.ChannelManager - Adding key: http://localhost:6489 for channel [id: 0x88920e37, L:/127.0.0.1:59209 - R:localhost/127.0.0.1:6489]
12:42:25.421 [Forwarding screenshot on session 23ecb21df212660c3a2fa2cac116ad5d to remote] DEBUG org.asynchttpclient.netty.request.NettyRequestSender - Using pooled Channel '[id: 0x88920e37, L:/127.0.0.1:59209 - R:localhost/127.0.0.1:6489]' for 'GET' to 'http://localhost:6489/session/23ecb21df212660c3a2fa2cac116ad5d/screenshot'
12:42:25.421 [Forwarding screenshot on session 23ecb21df212660c3a2fa2cac116ad5d to remote] DEBUG org.asynchttpclient.netty.request.NettyRequestSender - Using open Channel [id: 0x88920e37, L:/127.0.0.1:59209 - R:localhost/127.0.0.1:6489] for GET '/session/23ecb21df212660c3a2fa2cac116ad5d/screenshot'
12:42:25.604 [AsyncHttpClient-1-5] DEBUG org.asynchttpclient.netty.handler.HttpHandler - 

Request DefaultFullHttpRequest(decodeResult: success, version: HTTP/1.1, content: EmptyByteBufBE)
GET /session/23ecb21df212660c3a2fa2cac116ad5d/screenshot HTTP/1.1
User-Agent: selenium/4.8.1 (java windows)
Cache-Control: no-cache
Content-Type: application/json; charset=utf-8
host: localhost:6489
accept: */*

Response DefaultHttpResponse(decodeResult: success, version: HTTP/1.1)
HTTP/1.1 200 OK
Content-Length: 117336
Content-Type: application/json; charset=utf-8
cache-control: no-cache

12:42:25.605 [AsyncHttpClient-1-5] DEBUG org.asynchttpclient.netty.channel.ChannelManager - Adding key: http://localhost:6489 for channel [id: 0x88920e37, L:/127.0.0.1:59209 - R:localhost/127.0.0.1:6489]
12:42:25.608 [main] DEBUG net.serenitybdd.core.photography.Darkroom - Send negative for processing for target\site\serenity\d3816f6c90d2c5910f03568fa1671acedbee66953c2f16c0738417b776227dfb.png
12:42:25.608 [main] DEBUG net.thucydides.core.steps.StepInterceptor - STEP DONE: ClickSigInButton
  &amp#27;[32mAnd &amp#27;[0m&amp#27;[32mI click SigIn button&amp#27;[0m                                                        &amp#27;[90m# starter.stepdefinitions.LoginSteps.clickSigInButton()&amp#27;[0m
12:42:25.609 [Darkroom Processing Line] DEBUG net.serenitybdd.core.photography.DarkroomProcessingLine - Processing screenshot image in /var/screenshots/screenshot-14024976777507358010
12:42:25.609 [Darkroom Processing Line] DEBUG net.serenitybdd.core.photography.DarkroomProcessingLine - Saving screenshot to target\site\serenity\d3816f6c90d2c5910f03568fa1671acedbee66953c2f16c0738417b776227dfb.png
12:42:25.620 [Forwarding getPageSource on session 23ecb21df212660c3a2fa2cac116ad5d to remote] DEBUG org.asynchttpclient.netty.request.NettyRequestSender - Using pooled Channel '[id: 0x88920e37, L:/127.0.0.1:59209 - R:localhost/127.0.0.1:6489]' for 'POST' to 'http://localhost:6489/session/23ecb21df212660c3a2fa2cac116ad5d/execute/sync'
12:42:25.620 [Forwarding getPageSource on session 23ecb21df212660c3a2fa2cac116ad5d to remote] DEBUG org.asynchttpclient.netty.request.NettyRequestSender - Using open Channel [id: 0x88920e37, L:/127.0.0.1:59209 - R:localhost/127.0.0.1:6489] for POST '/session/23ecb21df212660c3a2fa2cac116ad5d/execute/sync'
12:42:25.651 [AsyncHttpClient-1-5] DEBUG org.asynchttpclient.netty.handler.HttpHandler - 

Request DefaultHttpRequest(decodeResult: success, version: HTTP/1.1)
POST /session/23ecb21df212660c3a2fa2cac116ad5d/execute/sync HTTP/1.1
User-Agent: selenium/4.8.1 (java windows)
Content-Length: 176
Content-Type: application/json; charset=utf-8
host: localhost:6489
accept: */*

Response DefaultHttpResponse(decodeResult: success, version: HTTP/1.1)
HTTP/1.1 200 OK
Content-Length: 160486
Content-Type: application/json; charset=utf-8
cache-control: no-cache

12:42:25.652 [AsyncHttpClient-1-5] DEBUG org.asynchttpclient.netty.channel.ChannelManager - Adding key: http://localhost:6489 for channel [id: 0x88920e37, L:/127.0.0.1:59209 - R:localhost/127.0.0.1:6489]
12:42:25.668 [Forwarding getCurrentUrl on session 23ecb21df212660c3a2fa2cac116ad5d to remote] DEBUG org.asynchttpclient.netty.request.NettyRequestSender - Using pooled Channel '[id: 0x88920e37, L:/127.0.0.1:59209 - R:localhost/127.0.0.1:6489]' for 'GET' to 'http://localhost:6489/session/23ecb21df212660c3a2fa2cac116ad5d/url'
12:42:25.668 [Forwarding getCurrentUrl on session 23ecb21df212660c3a2fa2cac116ad5d to remote] DEBUG org.asynchttpclient.netty.request.NettyRequestSender - Using open Channel [id: 0x88920e37, L:/127.0.0.1:59209 - R:localhost/127.0.0.1:6489] for GET '/session/23ecb21df212660c3a2fa2cac116ad5d/url'
12:42:25.676 [AsyncHttpClient-1-5] DEBUG org.asynchttpclient.netty.handler.HttpHandler - 

Request DefaultFullHttpRequest(decodeResult: success, version: HTTP/1.1, content: EmptyByteBufBE)
GET /session/23ecb21df212660c3a2fa2cac116ad5d/url HTTP/1.1
User-Agent: selenium/4.8.1 (java windows)
Cache-Control: no-cache
Content-Type: application/json; charset=utf-8
host: localhost:6489
accept: */*

Response DefaultHttpResponse(decodeResult: success, version: HTTP/1.1)
HTTP/1.1 200 OK
Content-Length: 47
Content-Type: application/json; charset=utf-8
cache-control: no-cache

12:42:25.677 [AsyncHttpClient-1-5] DEBUG org.asynchttpclient.netty.channel.ChannelManager - Adding key: http://localhost:6489 for channel [id: 0x88920e37, L:/127.0.0.1:59209 - R:localhost/127.0.0.1:6489]
12:42:25.688 [Forwarding getAlertText on session 23ecb21df212660c3a2fa2cac116ad5d to remote] DEBUG org.asynchttpclient.netty.request.NettyRequestSender - Using pooled Channel '[id: 0x88920e37, L:/127.0.0.1:59209 - R:localhost/127.0.0.1:6489]' for 'GET' to 'http://localhost:6489/session/23ecb21df212660c3a2fa2cac116ad5d/alert/text'
12:42:25.688 [Forwarding getAlertText on session 23ecb21df212660c3a2fa2cac116ad5d to remote] DEBUG org.asynchttpclient.netty.request.NettyRequestSender - Using open Channel [id: 0x88920e37, L:/127.0.0.1:59209 - R:localhost/127.0.0.1:6489] for GET '/session/23ecb21df212660c3a2fa2cac116ad5d/alert/text'
12:42:25.691 [AsyncHttpClient-1-5] DEBUG org.asynchttpclient.netty.handler.HttpHandler - 

Request DefaultFullHttpRequest(decodeResult: success, version: HTTP/1.1, content: EmptyByteBufBE)
GET /session/23ecb21df212660c3a2fa2cac116ad5d/alert/text HTTP/1.1
User-Agent: selenium/4.8.1 (java windows)
Cache-Control: no-cache
Content-Type: application/json; charset=utf-8
host: localhost:6489
accept: */*

Response DefaultHttpResponse(decodeResult: success, version: HTTP/1.1)
HTTP/1.1 404 Not Found
Content-Length: 821
Content-Type: application/json; charset=utf-8
cache-control: no-cache

12:42:25.691 [AsyncHttpClient-1-5] DEBUG org.asynchttpclient.netty.channel.ChannelManager - Adding key: http://localhost:6489 for channel [id: 0x88920e37, L:/127.0.0.1:59209 - R:localhost/127.0.0.1:6489]
12:42:25.693 [Forwarding getCurrentUrl on session 23ecb21df212660c3a2fa2cac116ad5d to remote] DEBUG org.asynchttpclient.netty.request.NettyRequestSender - Using pooled Channel '[id: 0x88920e37, L:/127.0.0.1:59209 - R:localhost/127.0.0.1:6489]' for 'GET' to 'http://localhost:6489/session/23ecb21df212660c3a2fa2cac116ad5d/url'
12:42:25.693 [Forwarding getCurrentUrl on session 23ecb21df212660c3a2fa2cac116ad5d to remote] DEBUG org.asynchttpclient.netty.request.NettyRequestSender - Using open Channel [id: 0x88920e37, L:/127.0.0.1:59209 - R:localhost/127.0.0.1:6489] for GET '/session/23ecb21df212660c3a2fa2cac116ad5d/url'
12:42:25.706 [AsyncHttpClient-1-5] DEBUG org.asynchttpclient.netty.handler.HttpHandler - 

Request DefaultFullHttpRequest(decodeResult: success, version: HTTP/1.1, content: EmptyByteBufBE)
GET /session/23ecb21df212660c3a2fa2cac116ad5d/url HTTP/1.1
User-Agent: selenium/4.8.1 (java windows)
Cache-Control: no-cache
Content-Type: application/json; charset=utf-8
host: localhost:6489
accept: */*

Response DefaultHttpResponse(decodeResult: success, version: HTTP/1.1)
HTTP/1.1 200 OK
Content-Length: 47
Content-Type: application/json; charset=utf-8
cache-control: no-cache

12:42:25.706 [AsyncHttpClient-1-5] DEBUG org.asynchttpclient.netty.channel.ChannelManager - Adding key: http://localhost:6489 for channel [id: 0x88920e37, L:/127.0.0.1:59209 - R:localhost/127.0.0.1:6489]
12:42:25.707 [Forwarding screenshot on session 23ecb21df212660c3a2fa2cac116ad5d to remote] DEBUG org.asynchttpclient.netty.request.NettyRequestSender - Using pooled Channel '[id: 0x88920e37, L:/127.0.0.1:59209 - R:localhost/127.0.0.1:6489]' for 'GET' to 'http://localhost:6489/session/23ecb21df212660c3a2fa2cac116ad5d/screenshot'
12:42:25.707 [Forwarding screenshot on session 23ecb21df212660c3a2fa2cac116ad5d to remote] DEBUG org.asynchttpclient.netty.request.NettyRequestSender - Using open Channel [id: 0x88920e37, L:/127.0.0.1:59209 - R:localhost/127.0.0.1:6489] for GET '/session/23ecb21df212660c3a2fa2cac116ad5d/screenshot'
12:42:25.906 [AsyncHttpClient-1-5] DEBUG org.asynchttpclient.netty.handler.HttpHandler - 

Request DefaultFullHttpRequest(decodeResult: success, version: HTTP/1.1, content: EmptyByteBufBE)
GET /session/23ecb21df212660c3a2fa2cac116ad5d/screenshot HTTP/1.1
User-Agent: selenium/4.8.1 (java windows)
Cache-Control: no-cache
Content-Type: application/json; charset=utf-8
host: localhost:6489
accept: */*

Response DefaultHttpResponse(decodeResult: success, version: HTTP/1.1)
HTTP/1.1 200 OK
Content-Length: 117544
Content-Type: application/json; charset=utf-8
cache-control: no-cache

12:42:25.906 [AsyncHttpClient-1-5] DEBUG org.asynchttpclient.netty.channel.ChannelManager - Adding key: http://localhost:6489 for channel [id: 0x88920e37, L:/127.0.0.1:59209 - R:localhost/127.0.0.1:6489]
12:42:25.916 [main] DEBUG net.serenitybdd.core.photography.Darkroom - Send negative for processing for target\site\serenity\6fdc8604761e8eb2c05fd7ddd97d8d5b772b6c3ee51e55d8ab308511c64ba821.png
12:42:25.916 [Darkroom Processing Line] DEBUG net.serenitybdd.core.photography.DarkroomProcessingLine - Processing screenshot image in /var/screenshots/screenshot-1822278564616913597
12:42:25.916 [Darkroom Processing Line] DEBUG net.serenitybdd.core.photography.DarkroomProcessingLine - Saving screenshot to target\site\serenity\6fdc8604761e8eb2c05fd7ddd97d8d5b772b6c3ee51e55d8ab308511c64ba821.png
12:42:25.918 [Forwarding getPageSource on session 23ecb21df212660c3a2fa2cac116ad5d to remote] DEBUG org.asynchttpclient.netty.request.NettyRequestSender - Using pooled Channel '[id: 0x88920e37, L:/127.0.0.1:59209 - R:localhost/127.0.0.1:6489]' for 'POST' to 'http://localhost:6489/session/23ecb21df212660c3a2fa2cac116ad5d/execute/sync'
12:42:25.918 [Forwarding getPageSource on session 23ecb21df212660c3a2fa2cac116ad5d to remote] DEBUG org.asynchttpclient.netty.request.NettyRequestSender - Using open Channel [id: 0x88920e37, L:/127.0.0.1:59209 - R:localhost/127.0.0.1:6489] for POST '/session/23ecb21df212660c3a2fa2cac116ad5d/execute/sync'
12:42:25.942 [AsyncHttpClient-1-5] DEBUG org.asynchttpclient.netty.handler.HttpHandler - 

Request DefaultHttpRequest(decodeResult: success, version: HTTP/1.1)
POST /session/23ecb21df212660c3a2fa2cac116ad5d/execute/sync HTTP/1.1
User-Agent: selenium/4.8.1 (java windows)
Content-Length: 176
Content-Type: application/json; charset=utf-8
host: localhost:6489
accept: */*

Response DefaultHttpResponse(decodeResult: success, version: HTTP/1.1)
HTTP/1.1 200 OK
Content-Length: 160338
Content-Type: application/json; charset=utf-8
cache-control: no-cache

12:42:25.942 [AsyncHttpClient-1-5] DEBUG org.asynchttpclient.netty.channel.ChannelManager - Adding key: http://localhost:6489 for channel [id: 0x88920e37, L:/127.0.0.1:59209 - R:localhost/127.0.0.1:6489]
12:42:25.953 [Forwarding getCurrentUrl on session 23ecb21df212660c3a2fa2cac116ad5d to remote] DEBUG org.asynchttpclient.netty.request.NettyRequestSender - Using pooled Channel '[id: 0x88920e37, L:/127.0.0.1:59209 - R:localhost/127.0.0.1:6489]' for 'GET' to 'http://localhost:6489/session/23ecb21df212660c3a2fa2cac116ad5d/url'
12:42:25.953 [Forwarding getCurrentUrl on session 23ecb21df212660c3a2fa2cac116ad5d to remote] DEBUG org.asynchttpclient.netty.request.NettyRequestSender - Using open Channel [id: 0x88920e37, L:/127.0.0.1:59209 - R:localhost/127.0.0.1:6489] for GET '/session/23ecb21df212660c3a2fa2cac116ad5d/url'
12:42:25.966 [AsyncHttpClient-1-5] DEBUG org.asynchttpclient.netty.handler.HttpHandler - 

Request DefaultFullHttpRequest(decodeResult: success, version: HTTP/1.1, content: EmptyByteBufBE)
GET /session/23ecb21df212660c3a2fa2cac116ad5d/url HTTP/1.1
User-Agent: selenium/4.8.1 (java windows)
Cache-Control: no-cache
Content-Type: application/json; charset=utf-8
host: localhost:6489
accept: */*

Response DefaultHttpResponse(decodeResult: success, version: HTTP/1.1)
HTTP/1.1 200 OK
Content-Length: 47
Content-Type: application/json; charset=utf-8
cache-control: no-cache

12:42:25.966 [AsyncHttpClient-1-5] DEBUG org.asynchttpclient.netty.channel.ChannelManager - Adding key: http://localhost:6489 for channel [id: 0x88920e37, L:/127.0.0.1:59209 - R:localhost/127.0.0.1:6489]
12:42:25.969 [main] DEBUG net.thucydides.core.steps.StepInterceptor - STARTING STEP: LoginSteps.iCanSeeErrorMessage - validateErrorMessageDisplayed
12:42:25.971 [Forwarding findElement on session 23ecb21df212660c3a2fa2cac116ad5d to remote] DEBUG org.asynchttpclient.netty.request.NettyRequestSender - Using pooled Channel '[id: 0x88920e37, L:/127.0.0.1:59209 - R:localhost/127.0.0.1:6489]' for 'POST' to 'http://localhost:6489/session/23ecb21df212660c3a2fa2cac116ad5d/element'
12:42:25.971 [Forwarding findElement on session 23ecb21df212660c3a2fa2cac116ad5d to remote] DEBUG org.asynchttpclient.netty.request.NettyRequestSender - Using open Channel [id: 0x88920e37, L:/127.0.0.1:59209 - R:localhost/127.0.0.1:6489] for POST '/session/23ecb21df212660c3a2fa2cac116ad5d/element'
12:42:25.986 [AsyncHttpClient-1-5] DEBUG org.asynchttpclient.netty.handler.HttpHandler - 

Request DefaultHttpRequest(decodeResult: success, version: HTTP/1.1)
POST /session/23ecb21df212660c3a2fa2cac116ad5d/element HTTP/1.1
User-Agent: selenium/4.8.1 (java windows)
Content-Length: 155
Content-Type: application/json; charset=utf-8
host: localhost:6489
accept: */*

Response DefaultHttpResponse(decodeResult: success, version: HTTP/1.1)
HTTP/1.1 200 OK
Content-Length: 95
Content-Type: application/json; charset=utf-8
cache-control: no-cache

12:42:25.986 [AsyncHttpClient-1-5] DEBUG org.asynchttpclient.netty.channel.ChannelManager - Adding key: http://localhost:6489 for channel [id: 0x88920e37, L:/127.0.0.1:59209 - R:localhost/127.0.0.1:6489]
12:42:25.989 [Forwarding isElementDisplayed on session 23ecb21df212660c3a2fa2cac116ad5d to remote] DEBUG org.asynchttpclient.netty.request.NettyRequestSender - Using pooled Channel '[id: 0x88920e37, L:/127.0.0.1:59209 - R:localhost/127.0.0.1:6489]' for 'POST' to 'http://localhost:6489/session/23ecb21df212660c3a2fa2cac116ad5d/execute/sync'
12:42:25.989 [Forwarding isElementDisplayed on session 23ecb21df212660c3a2fa2cac116ad5d to remote] DEBUG org.asynchttpclient.netty.request.NettyRequestSender - Using open Channel [id: 0x88920e37, L:/127.0.0.1:59209 - R:localhost/127.0.0.1:6489] for POST '/session/23ecb21df212660c3a2fa2cac116ad5d/execute/sync'
12:42:26.025 [AsyncHttpClient-1-5] DEBUG org.asynchttpclient.netty.handler.HttpHandler - 

Request DefaultHttpRequest(decodeResult: success, version: HTTP/1.1)
POST /session/23ecb21df212660c3a2fa2cac116ad5d/execute/sync HTTP/1.1
User-Agent: selenium/4.8.1 (java windows)
Content-Length: 48814
Content-Type: application/json; charset=utf-8
host: localhost:6489
accept: */*

Response DefaultHttpResponse(decodeResult: success, version: HTTP/1.1)
HTTP/1.1 200 OK
Content-Length: 15
Content-Type: application/json; charset=utf-8
cache-control: no-cache

12:42:26.025 [AsyncHttpClient-1-5] DEBUG org.asynchttpclient.netty.channel.ChannelManager - Adding key: http://localhost:6489 for channel [id: 0x88920e37, L:/127.0.0.1:59209 - R:localhost/127.0.0.1:6489]
12:42:26.033 [Forwarding getAlertText on session 23ecb21df212660c3a2fa2cac116ad5d to remote] DEBUG org.asynchttpclient.netty.request.NettyRequestSender - Using pooled Channel '[id: 0x88920e37, L:/127.0.0.1:59209 - R:localhost/127.0.0.1:6489]' for 'GET' to 'http://localhost:6489/session/23ecb21df212660c3a2fa2cac116ad5d/alert/text'
12:42:26.034 [Forwarding getAlertText on session 23ecb21df212660c3a2fa2cac116ad5d to remote] DEBUG org.asynchttpclient.netty.request.NettyRequestSender - Using open Channel [id: 0x88920e37, L:/127.0.0.1:59209 - R:localhost/127.0.0.1:6489] for GET '/session/23ecb21df212660c3a2fa2cac116ad5d/alert/text'
12:42:26.037 [AsyncHttpClient-1-5] DEBUG org.asynchttpclient.netty.handler.HttpHandler - 

Request DefaultFullHttpRequest(decodeResult: success, version: HTTP/1.1, content: EmptyByteBufBE)
GET /session/23ecb21df212660c3a2fa2cac116ad5d/alert/text HTTP/1.1
User-Agent: selenium/4.8.1 (java windows)
Cache-Control: no-cache
Content-Type: application/json; charset=utf-8
host: localhost:6489
accept: */*

Response DefaultHttpResponse(decodeResult: success, version: HTTP/1.1)
HTTP/1.1 404 Not Found
Content-Length: 821
Content-Type: application/json; charset=utf-8
cache-control: no-cache

12:42:26.037 [AsyncHttpClient-1-5] DEBUG org.asynchttpclient.netty.channel.ChannelManager - Adding key: http://localhost:6489 for channel [id: 0x88920e37, L:/127.0.0.1:59209 - R:localhost/127.0.0.1:6489]
12:42:26.038 [Forwarding getCurrentUrl on session 23ecb21df212660c3a2fa2cac116ad5d to remote] DEBUG org.asynchttpclient.netty.request.NettyRequestSender - Using pooled Channel '[id: 0x88920e37, L:/127.0.0.1:59209 - R:localhost/127.0.0.1:6489]' for 'GET' to 'http://localhost:6489/session/23ecb21df212660c3a2fa2cac116ad5d/url'
12:42:26.038 [Forwarding getCurrentUrl on session 23ecb21df212660c3a2fa2cac116ad5d to remote] DEBUG org.asynchttpclient.netty.request.NettyRequestSender - Using open Channel [id: 0x88920e37, L:/127.0.0.1:59209 - R:localhost/127.0.0.1:6489] for GET '/session/23ecb21df212660c3a2fa2cac116ad5d/url'
12:42:26.051 [AsyncHttpClient-1-5] DEBUG org.asynchttpclient.netty.handler.HttpHandler - 

Request DefaultFullHttpRequest(decodeResult: success, version: HTTP/1.1, content: EmptyByteBufBE)
GET /session/23ecb21df212660c3a2fa2cac116ad5d/url HTTP/1.1
User-Agent: selenium/4.8.1 (java windows)
Cache-Control: no-cache
Content-Type: application/json; charset=utf-8
host: localhost:6489
accept: */*

Response DefaultHttpResponse(decodeResult: success, version: HTTP/1.1)
HTTP/1.1 200 OK
Content-Length: 47
Content-Type: application/json; charset=utf-8
cache-control: no-cache

12:42:26.051 [AsyncHttpClient-1-5] DEBUG org.asynchttpclient.netty.channel.ChannelManager - Adding key: http://localhost:6489 for channel [id: 0x88920e37, L:/127.0.0.1:59209 - R:localhost/127.0.0.1:6489]
12:42:26.052 [Forwarding screenshot on session 23ecb21df212660c3a2fa2cac116ad5d to remote] DEBUG org.asynchttpclient.netty.request.NettyRequestSender - Using pooled Channel '[id: 0x88920e37, L:/127.0.0.1:59209 - R:localhost/127.0.0.1:6489]' for 'GET' to 'http://localhost:6489/session/23ecb21df212660c3a2fa2cac116ad5d/screenshot'
12:42:26.052 [Forwarding screenshot on session 23ecb21df212660c3a2fa2cac116ad5d to remote] DEBUG org.asynchttpclient.netty.request.NettyRequestSender - Using open Channel [id: 0x88920e37, L:/127.0.0.1:59209 - R:localhost/127.0.0.1:6489] for GET '/session/23ecb21df212660c3a2fa2cac116ad5d/screenshot'
12:42:26.321 [AsyncHttpClient-1-5] DEBUG org.asynchttpclient.netty.handler.HttpHandler - 

Request DefaultFullHttpRequest(decodeResult: success, version: HTTP/1.1, content: EmptyByteBufBE)
GET /session/23ecb21df212660c3a2fa2cac116ad5d/screenshot HTTP/1.1
User-Agent: selenium/4.8.1 (java windows)
Cache-Control: no-cache
Content-Type: application/json; charset=utf-8
host: localhost:6489
accept: */*

Response DefaultHttpResponse(decodeResult: success, version: HTTP/1.1)
HTTP/1.1 200 OK
Content-Length: 117808
Content-Type: application/json; charset=utf-8
cache-control: no-cache

12:42:26.322 [AsyncHttpClient-1-5] DEBUG org.asynchttpclient.netty.channel.ChannelManager - Adding key: http://localhost:6489 for channel [id: 0x88920e37, L:/127.0.0.1:59209 - R:localhost/127.0.0.1:6489]
12:42:26.325 [main] DEBUG net.serenitybdd.core.photography.Darkroom - Send negative for processing for target\site\serenity\9907eda3b24eb9bde6f7e9b00bc78c2224a7934743ea11f844e09eddd2936502.png
12:42:26.325 [main] DEBUG net.thucydides.core.steps.StepInterceptor - STEP DONE: validateErrorMessageDisplayed
12:42:26.325 [Darkroom Processing Line] DEBUG net.serenitybdd.core.photography.DarkroomProcessingLine - Processing screenshot image in /var/screenshots/screenshot-9759316315067988003
12:42:26.325 [Darkroom Processing Line] DEBUG net.serenitybdd.core.photography.DarkroomProcessingLine - Saving screenshot to target\site\serenity\9907eda3b24eb9bde6f7e9b00bc78c2224a7934743ea11f844e09eddd2936502.png
12:42:26.337 [Forwarding getPageSource on session 23ecb21df212660c3a2fa2cac116ad5d to remote] DEBUG org.asynchttpclient.netty.request.NettyRequestSender - Using pooled Channel '[id: 0x88920e37, L:/127.0.0.1:59209 - R:localhost/127.0.0.1:6489]' for 'POST' to 'http://localhost:6489/session/23ecb21df212660c3a2fa2cac116ad5d/execute/sync'
12:42:26.337 [Forwarding getPageSource on session 23ecb21df212660c3a2fa2cac116ad5d to remote] DEBUG org.asynchttpclient.netty.request.NettyRequestSender - Using open Channel [id: 0x88920e37, L:/127.0.0.1:59209 - R:localhost/127.0.0.1:6489] for POST '/session/23ecb21df212660c3a2fa2cac116ad5d/execute/sync'
12:42:26.362 [AsyncHttpClient-1-5] DEBUG org.asynchttpclient.netty.handler.HttpHandler - 

Request DefaultHttpRequest(decodeResult: success, version: HTTP/1.1)
POST /session/23ecb21df212660c3a2fa2cac116ad5d/execute/sync HTTP/1.1
User-Agent: selenium/4.8.1 (java windows)
Content-Length: 176
Content-Type: application/json; charset=utf-8
host: localhost:6489
accept: */*

Response DefaultHttpResponse(decodeResult: success, version: HTTP/1.1)
HTTP/1.1 200 OK
Content-Length: 165772
Content-Type: application/json; charset=utf-8
cache-control: no-cache

12:42:26.365 [AsyncHttpClient-1-5] DEBUG org.asynchttpclient.netty.channel.ChannelManager - Adding key: http://localhost:6489 for channel [id: 0x88920e37, L:/127.0.0.1:59209 - R:localhost/127.0.0.1:6489]
12:42:26.376 [Forwarding getCurrentUrl on session 23ecb21df212660c3a2fa2cac116ad5d to remote] DEBUG org.asynchttpclient.netty.request.NettyRequestSender - Using pooled Channel '[id: 0x88920e37, L:/127.0.0.1:59209 - R:localhost/127.0.0.1:6489]' for 'GET' to 'http://localhost:6489/session/23ecb21df212660c3a2fa2cac116ad5d/url'
12:42:26.376 [Forwarding getCurrentUrl on session 23ecb21df212660c3a2fa2cac116ad5d to remote] DEBUG org.asynchttpclient.netty.request.NettyRequestSender - Using open Channel [id: 0x88920e37, L:/127.0.0.1:59209 - R:localhost/127.0.0.1:6489] for GET '/session/23ecb21df212660c3a2fa2cac116ad5d/url'
12:42:26.385 [AsyncHttpClient-1-5] DEBUG org.asynchttpclient.netty.handler.HttpHandler - 

Request DefaultFullHttpRequest(decodeResult: success, version: HTTP/1.1, content: EmptyByteBufBE)
GET /session/23ecb21df212660c3a2fa2cac116ad5d/url HTTP/1.1
User-Agent: selenium/4.8.1 (java windows)
Cache-Control: no-cache
Content-Type: application/json; charset=utf-8
host: localhost:6489
accept: */*

Response DefaultHttpResponse(decodeResult: success, version: HTTP/1.1)
HTTP/1.1 200 OK
Content-Length: 47
Content-Type: application/json; charset=utf-8
cache-control: no-cache

12:42:26.385 [AsyncHttpClient-1-5] DEBUG org.asynchttpclient.netty.channel.ChannelManager - Adding key: http://localhost:6489 for channel [id: 0x88920e37, L:/127.0.0.1:59209 - R:localhost/127.0.0.1:6489]
12:42:26.388 [main] DEBUG net.thucydides.core.steps.StepInterceptor - STARTING STEP: LoginSteps.iCanSeeErrorMessage - validateEqualErrorMessage
12:42:26.391 [Forwarding findElement on session 23ecb21df212660c3a2fa2cac116ad5d to remote] DEBUG org.asynchttpclient.netty.request.NettyRequestSender - Using pooled Channel '[id: 0x88920e37, L:/127.0.0.1:59209 - R:localhost/127.0.0.1:6489]' for 'POST' to 'http://localhost:6489/session/23ecb21df212660c3a2fa2cac116ad5d/element'
12:42:26.391 [Forwarding findElement on session 23ecb21df212660c3a2fa2cac116ad5d to remote] DEBUG org.asynchttpclient.netty.request.NettyRequestSender - Using open Channel [id: 0x88920e37, L:/127.0.0.1:59209 - R:localhost/127.0.0.1:6489] for POST '/session/23ecb21df212660c3a2fa2cac116ad5d/element'
12:42:26.403 [AsyncHttpClient-1-5] DEBUG org.asynchttpclient.netty.handler.HttpHandler - 

Request DefaultHttpRequest(decodeResult: success, version: HTTP/1.1)
POST /session/23ecb21df212660c3a2fa2cac116ad5d/element HTTP/1.1
User-Agent: selenium/4.8.1 (java windows)
Content-Length: 155
Content-Type: application/json; charset=utf-8
host: localhost:6489
accept: */*

Response DefaultHttpResponse(decodeResult: success, version: HTTP/1.1)
HTTP/1.1 200 OK
Content-Length: 94
Content-Type: application/json; charset=utf-8
cache-control: no-cache

12:42:26.403 [AsyncHttpClient-1-5] DEBUG org.asynchttpclient.netty.channel.ChannelManager - Adding key: http://localhost:6489 for channel [id: 0x88920e37, L:/127.0.0.1:59209 - R:localhost/127.0.0.1:6489]
12:42:26.404 [Forwarding getElementText on session 23ecb21df212660c3a2fa2cac116ad5d to remote] DEBUG org.asynchttpclient.netty.request.NettyRequestSender - Using pooled Channel '[id: 0x88920e37, L:/127.0.0.1:59209 - R:localhost/127.0.0.1:6489]' for 'GET' to 'http://localhost:6489/session/23ecb21df212660c3a2fa2cac116ad5d/element/CA3CB4DD2769203B6FD2984E8C3EE4F3_element_4/text'
12:42:26.404 [Forwarding getElementText on session 23ecb21df212660c3a2fa2cac116ad5d to remote] DEBUG org.asynchttpclient.netty.request.NettyRequestSender - Using open Channel [id: 0x88920e37, L:/127.0.0.1:59209 - R:localhost/127.0.0.1:6489] for GET '/session/23ecb21df212660c3a2fa2cac116ad5d/element/CA3CB4DD2769203B6FD2984E8C3EE4F3_element_4/text'
12:42:26.421 [AsyncHttpClient-1-5] DEBUG org.asynchttpclient.netty.handler.HttpHandler - 

Request DefaultFullHttpRequest(decodeResult: success, version: HTTP/1.1, content: EmptyByteBufBE)
GET /session/23ecb21df212660c3a2fa2cac116ad5d/element/CA3CB4DD2769203B6FD2984E8C3EE4F3_element_4/text HTTP/1.1
User-Agent: selenium/4.8.1 (java windows)
Cache-Control: no-cache
Content-Type: application/json; charset=utf-8
host: localhost:6489
accept: */*

Response DefaultHttpResponse(decodeResult: success, version: HTTP/1.1)
HTTP/1.1 200 OK
Content-Length: 19
Content-Type: application/json; charset=utf-8
cache-control: no-cache

12:42:26.422 [AsyncHttpClient-1-5] DEBUG org.asynchttpclient.netty.channel.ChannelManager - Adding key: http://localhost:6489 for channel [id: 0x88920e37, L:/127.0.0.1:59209 - R:localhost/127.0.0.1:6489]
12:42:26.425 [Forwarding getAlertText on session 23ecb21df212660c3a2fa2cac116ad5d to remote] DEBUG org.asynchttpclient.netty.request.NettyRequestSender - Using pooled Channel '[id: 0x88920e37, L:/127.0.0.1:59209 - R:localhost/127.0.0.1:6489]' for 'GET' to 'http://localhost:6489/session/23ecb21df212660c3a2fa2cac116ad5d/alert/text'
12:42:26.425 [Forwarding getAlertText on session 23ecb21df212660c3a2fa2cac116ad5d to remote] DEBUG org.asynchttpclient.netty.request.NettyRequestSender - Using open Channel [id: 0x88920e37, L:/127.0.0.1:59209 - R:localhost/127.0.0.1:6489] for GET '/session/23ecb21df212660c3a2fa2cac116ad5d/alert/text'
12:42:26.427 [AsyncHttpClient-1-5] DEBUG org.asynchttpclient.netty.handler.HttpHandler - 

Request DefaultFullHttpRequest(decodeResult: success, version: HTTP/1.1, content: EmptyByteBufBE)
GET /session/23ecb21df212660c3a2fa2cac116ad5d/alert/text HTTP/1.1
User-Agent: selenium/4.8.1 (java windows)
Cache-Control: no-cache
Content-Type: application/json; charset=utf-8
host: localhost:6489
accept: */*

Response DefaultHttpResponse(decodeResult: success, version: HTTP/1.1)
HTTP/1.1 404 Not Found
Content-Length: 821
Content-Type: application/json; charset=utf-8
cache-control: no-cache

12:42:26.427 [AsyncHttpClient-1-5] DEBUG org.asynchttpclient.netty.channel.ChannelManager - Adding key: http://localhost:6489 for channel [id: 0x88920e37, L:/127.0.0.1:59209 - R:localhost/127.0.0.1:6489]
12:42:26.431 [Forwarding getCurrentUrl on session 23ecb21df212660c3a2fa2cac116ad5d to remote] DEBUG org.asynchttpclient.netty.request.NettyRequestSender - Using pooled Channel '[id: 0x88920e37, L:/127.0.0.1:59209 - R:localhost/127.0.0.1:6489]' for 'GET' to 'http://localhost:6489/session/23ecb21df212660c3a2fa2cac116ad5d/url'
12:42:26.431 [Forwarding getCurrentUrl on session 23ecb21df212660c3a2fa2cac116ad5d to remote] DEBUG org.asynchttpclient.netty.request.NettyRequestSender - Using open Channel [id: 0x88920e37, L:/127.0.0.1:59209 - R:localhost/127.0.0.1:6489] for GET '/session/23ecb21df212660c3a2fa2cac116ad5d/url'
12:42:26.436 [AsyncHttpClient-1-5] DEBUG org.asynchttpclient.netty.handler.HttpHandler - 

Request DefaultFullHttpRequest(decodeResult: success, version: HTTP/1.1, content: EmptyByteBufBE)
GET /session/23ecb21df212660c3a2fa2cac116ad5d/url HTTP/1.1
User-Agent: selenium/4.8.1 (java windows)
Cache-Control: no-cache
Content-Type: application/json; charset=utf-8
host: localhost:6489
accept: */*

Response DefaultHttpResponse(decodeResult: success, version: HTTP/1.1)
HTTP/1.1 200 OK
Content-Length: 47
Content-Type: application/json; charset=utf-8
cache-control: no-cache

12:42:26.436 [AsyncHttpClient-1-5] DEBUG org.asynchttpclient.netty.channel.ChannelManager - Adding key: http://localhost:6489 for channel [id: 0x88920e37, L:/127.0.0.1:59209 - R:localhost/127.0.0.1:6489]
12:42:26.437 [Forwarding screenshot on session 23ecb21df212660c3a2fa2cac116ad5d to remote] DEBUG org.asynchttpclient.netty.request.NettyRequestSender - Using pooled Channel '[id: 0x88920e37, L:/127.0.0.1:59209 - R:localhost/127.0.0.1:6489]' for 'GET' to 'http://localhost:6489/session/23ecb21df212660c3a2fa2cac116ad5d/screenshot'
12:42:26.437 [Forwarding screenshot on session 23ecb21df212660c3a2fa2cac116ad5d to remote] DEBUG org.asynchttpclient.netty.request.NettyRequestSender - Using open Channel [id: 0x88920e37, L:/127.0.0.1:59209 - R:localhost/127.0.0.1:6489] for GET '/session/23ecb21df212660c3a2fa2cac116ad5d/screenshot'
12:42:26.451 [AsyncHttpClient-1-1] DEBUG org.asynchttpclient.netty.channel.DefaultChannelPool - Entry count for : http://localhost:59210 : 1
12:42:26.625 [AsyncHttpClient-1-5] DEBUG org.asynchttpclient.netty.handler.HttpHandler - 

Request DefaultFullHttpRequest(decodeResult: success, version: HTTP/1.1, content: EmptyByteBufBE)
GET /session/23ecb21df212660c3a2fa2cac116ad5d/screenshot HTTP/1.1
User-Agent: selenium/4.8.1 (java windows)
Cache-Control: no-cache
Content-Type: application/json; charset=utf-8
host: localhost:6489
accept: */*

Response DefaultHttpResponse(decodeResult: success, version: HTTP/1.1)
HTTP/1.1 200 OK
Content-Length: 134260
Content-Type: application/json; charset=utf-8
cache-control: no-cache

12:42:26.626 [AsyncHttpClient-1-5] DEBUG org.asynchttpclient.netty.channel.ChannelManager - Adding key: http://localhost:6489 for channel [id: 0x88920e37, L:/127.0.0.1:59209 - R:localhost/127.0.0.1:6489]
12:42:26.633 [main] DEBUG net.serenitybdd.core.photography.Darkroom - Send negative for processing for target\site\serenity\fb24f0b78030aad25ce1297ea68b9d41b540fdaf1577e7991d142fc1b7e8c7de.png
12:42:26.634 [main] DEBUG net.thucydides.core.steps.StepInterceptor - STEP DONE: validateEqualErrorMessage
12:42:26.634 [Darkroom Processing Line] DEBUG net.serenitybdd.core.photography.DarkroomProcessingLine - Processing screenshot image in /var/screenshots/screenshot-12366636592718167955
12:42:26.634 [Darkroom Processing Line] DEBUG net.serenitybdd.core.photography.DarkroomProcessingLine - Saving screenshot to target\site\serenity\fb24f0b78030aad25ce1297ea68b9d41b540fdaf1577e7991d142fc1b7e8c7de.png
  &amp#27;[32mThen &amp#27;[0m&amp#27;[32mI can see error message &amp#27;[0m&amp#27;[32m&amp#27;[1m"Incorrect username or password, please try again"&amp#27;[0m &amp#27;[90m# starter.stepdefinitions.LoginSteps.iCanSeeErrorMessage(java.lang.String)&amp#27;[0m
12:42:26.640 [main] INFO  - 
  _____   ___   ___   _____     ___     _     ___   ___   ___   ___  
 |_   _| | __| / __| |_   _|   | _ \   /_\   / __| / __| | __| |   \ 
   | |   | _|  \__ \   | |     |  _/  / _ \  \__ \ \__ \ | _|  | |) |
   |_|   |___| |___/   |_|     |_|   /_/ \_\ |___/ |___/ |___| |___/ 

user input with valid Username and invalid password
----------------------------------------------------------------------
12:42:26.643 [Driver Command Executor] DEBUG org.asynchttpclient.netty.request.NettyRequestSender - Using pooled Channel '[id: 0x88920e37, L:/127.0.0.1:59209 - R:localhost/127.0.0.1:6489]' for 'DELETE' to 'http://localhost:6489/session/23ecb21df212660c3a2fa2cac116ad5d'
12:42:26.643 [AsyncHttpClient-1-7] DEBUG org.asynchttpclient.netty.handler.WebSocketHandler - Channel Closed: [id: 0xbc35a124, L:/127.0.0.1:59217 ! R:localhost/127.0.0.1:59210] with attribute NettyResponseFuture{currentRetry=0,
	isDone=1,
	isCancelled=0,
	asyncHandler=org.asynchttpclient.ws.WebSocketUpgradeHandler@269bbab8,
	nettyRequest=org.asynchttpclient.netty.request.NettyRequest@6399200f,
	future=java.util.concurrent.CompletableFuture@51464025[Completed normally],
	uri=ws://localhost:59210/devtools/browser/86bb81f5-2dc8-4b69-b3f1-58dedd63c41b,
	keepAlive=true,
	redirectCount=0,
	timeoutsHolder=null,
	inAuth=0,
	touch=1687844539517}
12:42:26.643 [Driver Command Executor] DEBUG org.asynchttpclient.netty.request.NettyRequestSender - Using open Channel [id: 0x88920e37, L:/127.0.0.1:59209 - R:localhost/127.0.0.1:6489] for DELETE '/session/23ecb21df212660c3a2fa2cac116ad5d'
12:42:26.643 [AsyncHttpClient-1-7] DEBUG org.asynchttpclient.netty.channel.ChannelManager - Closing Channel [id: 0xbc35a124, L:/127.0.0.1:59217 ! R:localhost/127.0.0.1:59210] 
12:42:26.952 [AsyncHttpClient-1-6] DEBUG org.asynchttpclient.netty.handler.HttpHandler - Unexpected I/O exception on channel [id: 0x3fd29d40, L:/127.0.0.1:59216 - R:localhost/127.0.0.1:59210]
java.net.SocketException: Connection reset
	at java.base/sun.nio.ch.SocketChannelImpl.throwConnectionReset(SocketChannelImpl.java:394)
	at java.base/sun.nio.ch.SocketChannelImpl.read(SocketChannelImpl.java:426)
	at io.netty.buffer.PooledByteBuf.setBytes(PooledByteBuf.java:259)
	at io.netty.buffer.AbstractByteBuf.writeBytes(AbstractByteBuf.java:1132)
	at io.netty.channel.socket.nio.NioSocketChannel.doReadBytes(NioSocketChannel.java:357)
	at io.netty.channel.nio.AbstractNioByteChannel$NioByteUnsafe.read(AbstractNioByteChannel.java:151)
	at io.netty.channel.nio.NioEventLoop.processSelectedKey(NioEventLoop.java:788)
	at io.netty.channel.nio.NioEventLoop.processSelectedKeysOptimized(NioEventLoop.java:724)
	at io.netty.channel.nio.NioEventLoop.processSelectedKeys(NioEventLoop.java:650)
	at io.netty.channel.nio.NioEventLoop.run(NioEventLoop.java:562)
	at io.netty.util.concurrent.SingleThreadEventExecutor$4.run(SingleThreadEventExecutor.java:997)
	at io.netty.util.internal.ThreadExecutorMap$2.run(ThreadExecutorMap.java:74)
	at io.netty.util.concurrent.FastThreadLocalRunnable.run(FastThreadLocalRunnable.java:30)
	at java.base/java.lang.Thread.run(Thread.java:833)
12:42:26.953 [AsyncHttpClient-1-6] DEBUG org.asynchttpclient.netty.channel.ChannelManager - Closing Channel [id: 0x3fd29d40, L:/127.0.0.1:59216 - R:localhost/127.0.0.1:59210] 
12:42:26.953 [AsyncHttpClient-1-6] DEBUG org.asynchttpclient.netty.handler.HttpHandler - Channel Closed: [id: 0x3fd29d40, L:/127.0.0.1:59216 ! R:localhost/127.0.0.1:59210] with attribute DISCARD
12:42:26.973 [AsyncHttpClient-1-5] DEBUG org.asynchttpclient.netty.handler.HttpHandler - 

Request DefaultFullHttpRequest(decodeResult: success, version: HTTP/1.1, content: EmptyByteBufBE)
DELETE /session/23ecb21df212660c3a2fa2cac116ad5d HTTP/1.1
User-Agent: selenium/4.8.1 (java windows)
Content-Type: application/json; charset=utf-8
host: localhost:6489
accept: */*

Response DefaultHttpResponse(decodeResult: success, version: HTTP/1.1)
HTTP/1.1 200 OK
Content-Length: 14
Content-Type: application/json; charset=utf-8
cache-control: no-cache

12:42:26.973 [AsyncHttpClient-1-5] DEBUG org.asynchttpclient.netty.channel.ChannelManager - Adding key: http://localhost:6489 for channel [id: 0x88920e37, L:/127.0.0.1:59209 - R:localhost/127.0.0.1:6489]
12:42:27.027 [AsyncHttpClient-1-5] DEBUG org.asynchttpclient.netty.handler.HttpHandler - Channel Closed: [id: 0x88920e37, L:/127.0.0.1:59209 ! R:localhost/127.0.0.1:6489] with attribute DISCARD
]]></system-out>
    <system-err><![CDATA[Starting ChromeDriver 114.0.5735.90 (386bc09e8f4f2e025eddae123f36f6263096ae49-refs/branch-heads/5735@{#1052}) on port 6489
Only local connections are allowed.
Please see https://chromedriver.chromium.org/security-considerations for suggestions on keeping ChromeDriver safe.
ChromeDriver was started successfully.
Jun 27, 2023 12:42:19 PM org.openqa.selenium.devtools.CdpVersionFinder findNearestMatch
WARNING: Unable to find an exact match for CDP version 114, so returning the closest version found: 110
]]></system-err>
  </testcase>
  <testcase name="user input with invalid Username and valid password" classname="Login" time="9.013">
    <system-out><![CDATA[
Scenario: user input with invalid Username and valid password                     &amp#27;[90m# src/test/resources/features/login.feature:21&amp#27;[0m
12:42:27.086 [main] DEBUG io.cucumber.core.plugin.SerenityReporter - Running feature from file:///D:/alta/Capstone/WEB/CapstoneWEB/src/test/resources/features/login.feature
12:42:27.088 [main] INFO  - 
  _____   ___   ___   _____     ___   _____     _     ___   _____   ___   ___  
 |_   _| | __| / __| |_   _|   / __| |_   _|   /_\   | _ \ |_   _| | __| |   \ 
   | |   | _|  \__ \   | |     \__ \   | |    / _ \  |   /   | |   | _|  | |) |
   |_|   |___| |___/   |_|     |___/   |_|   /_/ \_\ |_|_\   |_|   |___| |___/ 

user input with invalid Username and valid password(login;user-input-with-invalid-username-and-valid-password)
--------------------------------------------------------------------------------
12:42:27.150 [main] INFO net.serenitybdd.core.webdriver.driverproviders.ChromeDriverProvider - Starting Chrome driver instance with capabilities:
12:42:27.151 [main] INFO net.serenitybdd.core.webdriver.driverproviders.ChromeDriverProvider - Capabilities {acceptInsecureCerts: false, browserName: chrome, goog:chromeOptions: {args: [remote-allow-origins=*], extensions: []}}
12:42:27.548 [AsyncHttpClient-1-1] DEBUG org.asynchttpclient.netty.channel.DefaultChannelPool - Entry count for : http://localhost:59210 : 1
12:42:27.548 [AsyncHttpClient-1-1] DEBUG org.asynchttpclient.netty.channel.DefaultChannelPool - Entry count for : http://localhost:6489 : 1
12:42:27.548 [AsyncHttpClient-1-1] DEBUG org.asynchttpclient.netty.channel.DefaultChannelPool - Adding Candidate expired Channel [id: 0x3fd29d40, L:/127.0.0.1:59216 ! R:localhost/127.0.0.1:59210] isIdleTimeoutExpired=false isRemotelyClosed=true isTtlExpired=false
12:42:27.548 [AsyncHttpClient-1-1] DEBUG org.asynchttpclient.netty.channel.DefaultChannelPool - Closing Idle Channel [id: 0x3fd29d40, L:/127.0.0.1:59216 ! R:localhost/127.0.0.1:59210]
12:42:27.548 [AsyncHttpClient-1-1] DEBUG org.asynchttpclient.netty.channel.DefaultChannelPool - Adding Candidate expired Channel [id: 0x88920e37, L:/127.0.0.1:59209 ! R:localhost/127.0.0.1:6489] isIdleTimeoutExpired=false isRemotelyClosed=true isTtlExpired=false
12:42:27.548 [AsyncHttpClient-1-1] DEBUG org.asynchttpclient.netty.channel.DefaultChannelPool - Closing Idle Channel [id: 0x88920e37, L:/127.0.0.1:59209 ! R:localhost/127.0.0.1:6489]
12:42:27.548 [AsyncHttpClient-1-1] DEBUG org.asynchttpclient.netty.channel.DefaultChannelPool - Closed 2 connections out of 2 in 0 ms
12:42:27.792 [AsyncHttpClient-1-8] DEBUG org.asynchttpclient.netty.channel.NettyConnectListener - Using new Channel '[id: 0xdb386110, L:/127.0.0.1:59232 - R:localhost/127.0.0.1:5611]' for 'POST' to '/session'
12:42:28.512 [AsyncHttpClient-1-8] DEBUG org.asynchttpclient.netty.handler.HttpHandler - 

Request DefaultHttpRequest(decodeResult: success, version: HTTP/1.1)
POST /session HTTP/1.1
User-Agent: selenium/4.8.1 (java windows)
Content-Length: 507
Content-Type: application/json; charset=utf-8
host: localhost:5611
accept: */*

Response DefaultHttpResponse(decodeResult: success, version: HTTP/1.1)
HTTP/1.1 200 OK
Content-Length: 863
Content-Type: application/json; charset=utf-8
cache-control: no-cache

12:42:28.513 [AsyncHttpClient-1-8] DEBUG org.asynchttpclient.netty.channel.ChannelManager - Adding key: http://localhost:5611 for channel [id: 0xdb386110, L:/127.0.0.1:59232 - R:localhost/127.0.0.1:5611]
12:42:28.527 [AsyncHttpClient-1-9] DEBUG org.asynchttpclient.netty.channel.NettyConnectListener - Using new Channel '[id: 0x940ee314, L:/127.0.0.1:59239 - R:localhost/127.0.0.1:59233]' for 'GET' to '/json/version'
12:42:28.531 [AsyncHttpClient-1-9] DEBUG org.asynchttpclient.netty.handler.HttpHandler - 

Request DefaultFullHttpRequest(decodeResult: success, version: HTTP/1.1, content: EmptyByteBufBE)
GET /json/version HTTP/1.1
User-Agent: selenium/4.8.1 (java windows)
host: localhost:59233
accept: */*

Response DefaultHttpResponse(decodeResult: success, version: HTTP/1.1)
HTTP/1.1 200 OK
Content-Security-Policy: frame-ancestors 'none'
Content-Length: 424
Content-Type: application/json; charset=UTF-8

12:42:28.531 [AsyncHttpClient-1-9] DEBUG org.asynchttpclient.netty.channel.ChannelManager - Adding key: http://localhost:59233 for channel [id: 0x940ee314, L:/127.0.0.1:59239 - R:localhost/127.0.0.1:59233]
12:42:28.536 [AsyncHttpClient-1-10] DEBUG org.asynchttpclient.netty.channel.NettyConnectListener - Using new Channel '[id: 0x42184bd0, L:/127.0.0.1:59240 - R:localhost/127.0.0.1:59233]' for 'GET' to '/devtools/browser/b0e0fe25-b18f-4a2b-9bec-a01195a3c535'
12:42:28.539 [AsyncHttpClient-1-10] DEBUG org.asynchttpclient.netty.handler.WebSocketHandler - 

Request DefaultFullHttpRequest(decodeResult: success, version: HTTP/1.1, content: EmptyByteBufBE)
GET /devtools/browser/b0e0fe25-b18f-4a2b-9bec-a01195a3c535 HTTP/1.1
upgrade: websocket
connection: upgrade
sec-websocket-key: bGKYJ4tguu8it90c/xzDqA==
sec-websocket-version: 13
origin: http://localhost:59233
host: localhost:59233
accept: */*
user-agent: AHC/2.1

Response DefaultHttpResponse(decodeResult: success, version: HTTP/1.1)
HTTP/1.1 101 WebSocket Protocol Handshake
Upgrade: WebSocket
Connection: Upgrade
Sec-WebSocket-Accept: YO+w2NOqLHuTkMNBPHVTFRRkQqY=

12:42:28.544 [Forwarding get on session 98bb4355a5d0df488e48e90925cf8edd to remote] DEBUG org.asynchttpclient.netty.request.NettyRequestSender - Using pooled Channel '[id: 0xdb386110, L:/127.0.0.1:59232 - R:localhost/127.0.0.1:5611]' for 'POST' to 'http://localhost:5611/session/98bb4355a5d0df488e48e90925cf8edd/url'
12:42:28.544 [Forwarding get on session 98bb4355a5d0df488e48e90925cf8edd to remote] DEBUG org.asynchttpclient.netty.request.NettyRequestSender - Using open Channel [id: 0xdb386110, L:/127.0.0.1:59232 - R:localhost/127.0.0.1:5611] for POST '/session/98bb4355a5d0df488e48e90925cf8edd/url'
12:42:28.649 [AsyncHttpClient-1-1] DEBUG org.asynchttpclient.netty.channel.DefaultChannelPool - Entry count for : http://localhost:59233 : 1
12:42:29.750 [AsyncHttpClient-1-1] DEBUG org.asynchttpclient.netty.channel.DefaultChannelPool - Entry count for : http://localhost:59233 : 1
12:42:30.849 [AsyncHttpClient-1-1] DEBUG org.asynchttpclient.netty.channel.DefaultChannelPool - Entry count for : http://localhost:59233 : 1
12:42:31.948 [AsyncHttpClient-1-1] DEBUG org.asynchttpclient.netty.channel.DefaultChannelPool - Entry count for : http://localhost:59233 : 1
12:42:32.509 [AsyncHttpClient-1-8] DEBUG org.asynchttpclient.netty.handler.HttpHandler - 

Request DefaultHttpRequest(decodeResult: success, version: HTTP/1.1)
POST /session/98bb4355a5d0df488e48e90925cf8edd/url HTTP/1.1
User-Agent: selenium/4.8.1 (java windows)
Content-Length: 65
Content-Type: application/json; charset=utf-8
host: localhost:5611
accept: */*

Response DefaultHttpResponse(decodeResult: success, version: HTTP/1.1)
HTTP/1.1 200 OK
Content-Length: 14
Content-Type: application/json; charset=utf-8
cache-control: no-cache

12:42:32.510 [AsyncHttpClient-1-8] DEBUG org.asynchttpclient.netty.channel.ChannelManager - Adding key: http://localhost:5611 for channel [id: 0xdb386110, L:/127.0.0.1:59232 - R:localhost/127.0.0.1:5611]
12:42:32.514 [Forwarding setTimeout on session 98bb4355a5d0df488e48e90925cf8edd to remote] DEBUG org.asynchttpclient.netty.request.NettyRequestSender - Using pooled Channel '[id: 0xdb386110, L:/127.0.0.1:59232 - R:localhost/127.0.0.1:5611]' for 'POST' to 'http://localhost:5611/session/98bb4355a5d0df488e48e90925cf8edd/timeouts'
12:42:32.514 [Forwarding setTimeout on session 98bb4355a5d0df488e48e90925cf8edd to remote] DEBUG org.asynchttpclient.netty.request.NettyRequestSender - Using open Channel [id: 0xdb386110, L:/127.0.0.1:59232 - R:localhost/127.0.0.1:5611] for POST '/session/98bb4355a5d0df488e48e90925cf8edd/timeouts'
12:42:32.516 [AsyncHttpClient-1-8] DEBUG org.asynchttpclient.netty.handler.HttpHandler - 

Request DefaultHttpRequest(decodeResult: success, version: HTTP/1.1)
POST /session/98bb4355a5d0df488e48e90925cf8edd/timeouts HTTP/1.1
User-Agent: selenium/4.8.1 (java windows)
Content-Length: 22
Content-Type: application/json; charset=utf-8
host: localhost:5611
accept: */*

Response DefaultHttpResponse(decodeResult: success, version: HTTP/1.1)
HTTP/1.1 200 OK
Content-Length: 14
Content-Type: application/json; charset=utf-8
cache-control: no-cache

12:42:32.516 [AsyncHttpClient-1-8] DEBUG org.asynchttpclient.netty.channel.ChannelManager - Adding key: http://localhost:5611 for channel [id: 0xdb386110, L:/127.0.0.1:59232 - R:localhost/127.0.0.1:5611]
12:42:32.525 [Forwarding getAlertText on session 98bb4355a5d0df488e48e90925cf8edd to remote] DEBUG org.asynchttpclient.netty.request.NettyRequestSender - Using pooled Channel '[id: 0xdb386110, L:/127.0.0.1:59232 - R:localhost/127.0.0.1:5611]' for 'GET' to 'http://localhost:5611/session/98bb4355a5d0df488e48e90925cf8edd/alert/text'
12:42:32.525 [Forwarding getAlertText on session 98bb4355a5d0df488e48e90925cf8edd to remote] DEBUG org.asynchttpclient.netty.request.NettyRequestSender - Using open Channel [id: 0xdb386110, L:/127.0.0.1:59232 - R:localhost/127.0.0.1:5611] for GET '/session/98bb4355a5d0df488e48e90925cf8edd/alert/text'
12:42:32.528 [AsyncHttpClient-1-8] DEBUG org.asynchttpclient.netty.handler.HttpHandler - 

Request DefaultFullHttpRequest(decodeResult: success, version: HTTP/1.1, content: EmptyByteBufBE)
GET /session/98bb4355a5d0df488e48e90925cf8edd/alert/text HTTP/1.1
User-Agent: selenium/4.8.1 (java windows)
Cache-Control: no-cache
Content-Type: application/json; charset=utf-8
host: localhost:5611
accept: */*

Response DefaultHttpResponse(decodeResult: success, version: HTTP/1.1)
HTTP/1.1 404 Not Found
Content-Length: 821
Content-Type: application/json; charset=utf-8
cache-control: no-cache

12:42:32.528 [AsyncHttpClient-1-8] DEBUG org.asynchttpclient.netty.channel.ChannelManager - Adding key: http://localhost:5611 for channel [id: 0xdb386110, L:/127.0.0.1:59232 - R:localhost/127.0.0.1:5611]
12:42:32.530 [Forwarding getCurrentUrl on session 98bb4355a5d0df488e48e90925cf8edd to remote] DEBUG org.asynchttpclient.netty.request.NettyRequestSender - Using pooled Channel '[id: 0xdb386110, L:/127.0.0.1:59232 - R:localhost/127.0.0.1:5611]' for 'GET' to 'http://localhost:5611/session/98bb4355a5d0df488e48e90925cf8edd/url'
12:42:32.530 [Forwarding getCurrentUrl on session 98bb4355a5d0df488e48e90925cf8edd to remote] DEBUG org.asynchttpclient.netty.request.NettyRequestSender - Using open Channel [id: 0xdb386110, L:/127.0.0.1:59232 - R:localhost/127.0.0.1:5611] for GET '/session/98bb4355a5d0df488e48e90925cf8edd/url'
12:42:32.540 [AsyncHttpClient-1-8] DEBUG org.asynchttpclient.netty.handler.HttpHandler - 

Request DefaultFullHttpRequest(decodeResult: success, version: HTTP/1.1, content: EmptyByteBufBE)
GET /session/98bb4355a5d0df488e48e90925cf8edd/url HTTP/1.1
User-Agent: selenium/4.8.1 (java windows)
Cache-Control: no-cache
Content-Type: application/json; charset=utf-8
host: localhost:5611
accept: */*

Response DefaultHttpResponse(decodeResult: success, version: HTTP/1.1)
HTTP/1.1 200 OK
Content-Length: 47
Content-Type: application/json; charset=utf-8
cache-control: no-cache

12:42:32.540 [AsyncHttpClient-1-8] DEBUG org.asynchttpclient.netty.channel.ChannelManager - Adding key: http://localhost:5611 for channel [id: 0xdb386110, L:/127.0.0.1:59232 - R:localhost/127.0.0.1:5611]
12:42:32.541 [Forwarding screenshot on session 98bb4355a5d0df488e48e90925cf8edd to remote] DEBUG org.asynchttpclient.netty.request.NettyRequestSender - Using pooled Channel '[id: 0xdb386110, L:/127.0.0.1:59232 - R:localhost/127.0.0.1:5611]' for 'GET' to 'http://localhost:5611/session/98bb4355a5d0df488e48e90925cf8edd/screenshot'
12:42:32.541 [Forwarding screenshot on session 98bb4355a5d0df488e48e90925cf8edd to remote] DEBUG org.asynchttpclient.netty.request.NettyRequestSender - Using open Channel [id: 0xdb386110, L:/127.0.0.1:59232 - R:localhost/127.0.0.1:5611] for GET '/session/98bb4355a5d0df488e48e90925cf8edd/screenshot'
12:42:32.765 [AsyncHttpClient-1-8] DEBUG org.asynchttpclient.netty.handler.HttpHandler - 

Request DefaultFullHttpRequest(decodeResult: success, version: HTTP/1.1, content: EmptyByteBufBE)
GET /session/98bb4355a5d0df488e48e90925cf8edd/screenshot HTTP/1.1
User-Agent: selenium/4.8.1 (java windows)
Cache-Control: no-cache
Content-Type: application/json; charset=utf-8
host: localhost:5611
accept: */*

Response DefaultHttpResponse(decodeResult: success, version: HTTP/1.1)
HTTP/1.1 200 OK
Content-Length: 37328
Content-Type: application/json; charset=utf-8
cache-control: no-cache

12:42:32.766 [AsyncHttpClient-1-8] DEBUG org.asynchttpclient.netty.channel.ChannelManager - Adding key: http://localhost:5611 for channel [id: 0xdb386110, L:/127.0.0.1:59232 - R:localhost/127.0.0.1:5611]
12:42:32.769 [main] DEBUG net.serenitybdd.core.photography.Darkroom - Send negative for processing for target\site\serenity\c76e4dabdbb0f053d1b08599db2190f03fd3012d39aa33738254fc86b5df1cb2.png
12:42:32.770 [Darkroom Processing Line] DEBUG net.serenitybdd.core.photography.DarkroomProcessingLine - Processing screenshot image in /var/screenshots/screenshot-1275112746212429109
12:42:32.770 [Darkroom Processing Line] DEBUG net.serenitybdd.core.photography.DarkroomProcessingLine - Saving screenshot to target\site\serenity\c76e4dabdbb0f053d1b08599db2190f03fd3012d39aa33738254fc86b5df1cb2.png
12:42:32.770 [Forwarding getPageSource on session 98bb4355a5d0df488e48e90925cf8edd to remote] DEBUG org.asynchttpclient.netty.request.NettyRequestSender - Using pooled Channel '[id: 0xdb386110, L:/127.0.0.1:59232 - R:localhost/127.0.0.1:5611]' for 'POST' to 'http://localhost:5611/session/98bb4355a5d0df488e48e90925cf8edd/execute/sync'
12:42:32.770 [Forwarding getPageSource on session 98bb4355a5d0df488e48e90925cf8edd to remote] DEBUG org.asynchttpclient.netty.request.NettyRequestSender - Using open Channel [id: 0xdb386110, L:/127.0.0.1:59232 - R:localhost/127.0.0.1:5611] for POST '/session/98bb4355a5d0df488e48e90925cf8edd/execute/sync'
12:42:32.796 [AsyncHttpClient-1-8] DEBUG org.asynchttpclient.netty.handler.HttpHandler - 

Request DefaultHttpRequest(decodeResult: success, version: HTTP/1.1)
POST /session/98bb4355a5d0df488e48e90925cf8edd/execute/sync HTTP/1.1
User-Agent: selenium/4.8.1 (java windows)
Content-Length: 176
Content-Type: application/json; charset=utf-8
host: localhost:5611
accept: */*

Response DefaultHttpResponse(decodeResult: success, version: HTTP/1.1)
HTTP/1.1 200 OK
Content-Length: 159202
Content-Type: application/json; charset=utf-8
cache-control: no-cache

12:42:32.797 [AsyncHttpClient-1-8] DEBUG org.asynchttpclient.netty.channel.ChannelManager - Adding key: http://localhost:5611 for channel [id: 0xdb386110, L:/127.0.0.1:59232 - R:localhost/127.0.0.1:5611]
12:42:32.805 [Forwarding getCurrentUrl on session 98bb4355a5d0df488e48e90925cf8edd to remote] DEBUG org.asynchttpclient.netty.request.NettyRequestSender - Using pooled Channel '[id: 0xdb386110, L:/127.0.0.1:59232 - R:localhost/127.0.0.1:5611]' for 'GET' to 'http://localhost:5611/session/98bb4355a5d0df488e48e90925cf8edd/url'
12:42:32.805 [Forwarding getCurrentUrl on session 98bb4355a5d0df488e48e90925cf8edd to remote] DEBUG org.asynchttpclient.netty.request.NettyRequestSender - Using open Channel [id: 0xdb386110, L:/127.0.0.1:59232 - R:localhost/127.0.0.1:5611] for GET '/session/98bb4355a5d0df488e48e90925cf8edd/url'
12:42:32.814 [AsyncHttpClient-1-8] DEBUG org.asynchttpclient.netty.handler.HttpHandler - 

Request DefaultFullHttpRequest(decodeResult: success, version: HTTP/1.1, content: EmptyByteBufBE)
GET /session/98bb4355a5d0df488e48e90925cf8edd/url HTTP/1.1
User-Agent: selenium/4.8.1 (java windows)
Cache-Control: no-cache
Content-Type: application/json; charset=utf-8
host: localhost:5611
accept: */*

Response DefaultHttpResponse(decodeResult: success, version: HTTP/1.1)
HTTP/1.1 200 OK
Content-Length: 47
Content-Type: application/json; charset=utf-8
cache-control: no-cache

12:42:32.814 [AsyncHttpClient-1-8] DEBUG org.asynchttpclient.netty.channel.ChannelManager - Adding key: http://localhost:5611 for channel [id: 0xdb386110, L:/127.0.0.1:59232 - R:localhost/127.0.0.1:5611]
12:42:32.816 [main] DEBUG net.thucydides.core.steps.StepInterceptor - STARTING STEP: LoginSteps.onLoginPage - validateOnLoginPage
12:42:32.817 [Forwarding findElement on session 98bb4355a5d0df488e48e90925cf8edd to remote] DEBUG org.asynchttpclient.netty.request.NettyRequestSender - Using pooled Channel '[id: 0xdb386110, L:/127.0.0.1:59232 - R:localhost/127.0.0.1:5611]' for 'POST' to 'http://localhost:5611/session/98bb4355a5d0df488e48e90925cf8edd/element'
12:42:32.817 [Forwarding findElement on session 98bb4355a5d0df488e48e90925cf8edd to remote] DEBUG org.asynchttpclient.netty.request.NettyRequestSender - Using open Channel [id: 0xdb386110, L:/127.0.0.1:59232 - R:localhost/127.0.0.1:5611] for POST '/session/98bb4355a5d0df488e48e90925cf8edd/element'
12:42:32.833 [AsyncHttpClient-1-8] DEBUG org.asynchttpclient.netty.handler.HttpHandler - 

Request DefaultHttpRequest(decodeResult: success, version: HTTP/1.1)
POST /session/98bb4355a5d0df488e48e90925cf8edd/element HTTP/1.1
User-Agent: selenium/4.8.1 (java windows)
Content-Length: 155
Content-Type: application/json; charset=utf-8
host: localhost:5611
accept: */*

Response DefaultHttpResponse(decodeResult: success, version: HTTP/1.1)
HTTP/1.1 200 OK
Content-Length: 94
Content-Type: application/json; charset=utf-8
cache-control: no-cache

12:42:32.833 [AsyncHttpClient-1-8] DEBUG org.asynchttpclient.netty.channel.ChannelManager - Adding key: http://localhost:5611 for channel [id: 0xdb386110, L:/127.0.0.1:59232 - R:localhost/127.0.0.1:5611]
12:42:32.836 [Forwarding isElementDisplayed on session 98bb4355a5d0df488e48e90925cf8edd to remote] DEBUG org.asynchttpclient.netty.request.NettyRequestSender - Using pooled Channel '[id: 0xdb386110, L:/127.0.0.1:59232 - R:localhost/127.0.0.1:5611]' for 'POST' to 'http://localhost:5611/session/98bb4355a5d0df488e48e90925cf8edd/execute/sync'
12:42:32.836 [Forwarding isElementDisplayed on session 98bb4355a5d0df488e48e90925cf8edd to remote] DEBUG org.asynchttpclient.netty.request.NettyRequestSender - Using open Channel [id: 0xdb386110, L:/127.0.0.1:59232 - R:localhost/127.0.0.1:5611] for POST '/session/98bb4355a5d0df488e48e90925cf8edd/execute/sync'
12:42:32.856 [AsyncHttpClient-1-8] DEBUG org.asynchttpclient.netty.handler.HttpHandler - 

Request DefaultHttpRequest(decodeResult: success, version: HTTP/1.1)
POST /session/98bb4355a5d0df488e48e90925cf8edd/execute/sync HTTP/1.1
User-Agent: selenium/4.8.1 (java windows)
Content-Length: 48813
Content-Type: application/json; charset=utf-8
host: localhost:5611
accept: */*

Response DefaultHttpResponse(decodeResult: success, version: HTTP/1.1)
HTTP/1.1 200 OK
Content-Length: 14
Content-Type: application/json; charset=utf-8
cache-control: no-cache

12:42:32.856 [AsyncHttpClient-1-8] DEBUG org.asynchttpclient.netty.channel.ChannelManager - Adding key: http://localhost:5611 for channel [id: 0xdb386110, L:/127.0.0.1:59232 - R:localhost/127.0.0.1:5611]
12:42:32.859 [Forwarding getAlertText on session 98bb4355a5d0df488e48e90925cf8edd to remote] DEBUG org.asynchttpclient.netty.request.NettyRequestSender - Using pooled Channel '[id: 0xdb386110, L:/127.0.0.1:59232 - R:localhost/127.0.0.1:5611]' for 'GET' to 'http://localhost:5611/session/98bb4355a5d0df488e48e90925cf8edd/alert/text'
12:42:32.860 [Forwarding getAlertText on session 98bb4355a5d0df488e48e90925cf8edd to remote] DEBUG org.asynchttpclient.netty.request.NettyRequestSender - Using open Channel [id: 0xdb386110, L:/127.0.0.1:59232 - R:localhost/127.0.0.1:5611] for GET '/session/98bb4355a5d0df488e48e90925cf8edd/alert/text'
12:42:32.862 [AsyncHttpClient-1-8] DEBUG org.asynchttpclient.netty.handler.HttpHandler - 

Request DefaultFullHttpRequest(decodeResult: success, version: HTTP/1.1, content: EmptyByteBufBE)
GET /session/98bb4355a5d0df488e48e90925cf8edd/alert/text HTTP/1.1
User-Agent: selenium/4.8.1 (java windows)
Cache-Control: no-cache
Content-Type: application/json; charset=utf-8
host: localhost:5611
accept: */*

Response DefaultHttpResponse(decodeResult: success, version: HTTP/1.1)
HTTP/1.1 404 Not Found
Content-Length: 821
Content-Type: application/json; charset=utf-8
cache-control: no-cache

12:42:32.862 [AsyncHttpClient-1-8] DEBUG org.asynchttpclient.netty.channel.ChannelManager - Adding key: http://localhost:5611 for channel [id: 0xdb386110, L:/127.0.0.1:59232 - R:localhost/127.0.0.1:5611]
12:42:32.864 [Forwarding getCurrentUrl on session 98bb4355a5d0df488e48e90925cf8edd to remote] DEBUG org.asynchttpclient.netty.request.NettyRequestSender - Using pooled Channel '[id: 0xdb386110, L:/127.0.0.1:59232 - R:localhost/127.0.0.1:5611]' for 'GET' to 'http://localhost:5611/session/98bb4355a5d0df488e48e90925cf8edd/url'
12:42:32.864 [Forwarding getCurrentUrl on session 98bb4355a5d0df488e48e90925cf8edd to remote] DEBUG org.asynchttpclient.netty.request.NettyRequestSender - Using open Channel [id: 0xdb386110, L:/127.0.0.1:59232 - R:localhost/127.0.0.1:5611] for GET '/session/98bb4355a5d0df488e48e90925cf8edd/url'
12:42:32.872 [AsyncHttpClient-1-8] DEBUG org.asynchttpclient.netty.handler.HttpHandler - 

Request DefaultFullHttpRequest(decodeResult: success, version: HTTP/1.1, content: EmptyByteBufBE)
GET /session/98bb4355a5d0df488e48e90925cf8edd/url HTTP/1.1
User-Agent: selenium/4.8.1 (java windows)
Cache-Control: no-cache
Content-Type: application/json; charset=utf-8
host: localhost:5611
accept: */*

Response DefaultHttpResponse(decodeResult: success, version: HTTP/1.1)
HTTP/1.1 200 OK
Content-Length: 47
Content-Type: application/json; charset=utf-8
cache-control: no-cache

12:42:32.872 [AsyncHttpClient-1-8] DEBUG org.asynchttpclient.netty.channel.ChannelManager - Adding key: http://localhost:5611 for channel [id: 0xdb386110, L:/127.0.0.1:59232 - R:localhost/127.0.0.1:5611]
12:42:32.872 [Forwarding screenshot on session 98bb4355a5d0df488e48e90925cf8edd to remote] DEBUG org.asynchttpclient.netty.request.NettyRequestSender - Using pooled Channel '[id: 0xdb386110, L:/127.0.0.1:59232 - R:localhost/127.0.0.1:5611]' for 'GET' to 'http://localhost:5611/session/98bb4355a5d0df488e48e90925cf8edd/screenshot'
12:42:32.873 [Forwarding screenshot on session 98bb4355a5d0df488e48e90925cf8edd to remote] DEBUG org.asynchttpclient.netty.request.NettyRequestSender - Using open Channel [id: 0xdb386110, L:/127.0.0.1:59232 - R:localhost/127.0.0.1:5611] for GET '/session/98bb4355a5d0df488e48e90925cf8edd/screenshot'
12:42:32.959 [AsyncHttpClient-1-8] DEBUG org.asynchttpclient.netty.handler.HttpHandler - 

Request DefaultFullHttpRequest(decodeResult: success, version: HTTP/1.1, content: EmptyByteBufBE)
GET /session/98bb4355a5d0df488e48e90925cf8edd/screenshot HTTP/1.1
User-Agent: selenium/4.8.1 (java windows)
Cache-Control: no-cache
Content-Type: application/json; charset=utf-8
host: localhost:5611
accept: */*

Response DefaultHttpResponse(decodeResult: success, version: HTTP/1.1)
HTTP/1.1 200 OK
Content-Length: 37328
Content-Type: application/json; charset=utf-8
cache-control: no-cache

12:42:32.959 [AsyncHttpClient-1-8] DEBUG org.asynchttpclient.netty.channel.ChannelManager - Adding key: http://localhost:5611 for channel [id: 0xdb386110, L:/127.0.0.1:59232 - R:localhost/127.0.0.1:5611]
12:42:32.961 [main] DEBUG net.serenitybdd.core.photography.Darkroom - Send negative for processing for target\site\serenity\c76e4dabdbb0f053d1b08599db2190f03fd3012d39aa33738254fc86b5df1cb2.png
12:42:32.961 [main] DEBUG net.thucydides.core.steps.StepInterceptor - STEP DONE: validateOnLoginPage
  &amp#27;[32mGiven &amp#27;[0m&amp#27;[32mI am on the login page&amp#27;[0m                                                    &amp#27;[90m# starter.stepdefinitions.LoginSteps.onLoginPage()&amp#27;[0m
12:42:32.971 [Forwarding getPageSource on session 98bb4355a5d0df488e48e90925cf8edd to remote] DEBUG org.asynchttpclient.netty.request.NettyRequestSender - Using pooled Channel '[id: 0xdb386110, L:/127.0.0.1:59232 - R:localhost/127.0.0.1:5611]' for 'POST' to 'http://localhost:5611/session/98bb4355a5d0df488e48e90925cf8edd/execute/sync'
12:42:32.971 [Forwarding getPageSource on session 98bb4355a5d0df488e48e90925cf8edd to remote] DEBUG org.asynchttpclient.netty.request.NettyRequestSender - Using open Channel [id: 0xdb386110, L:/127.0.0.1:59232 - R:localhost/127.0.0.1:5611] for POST '/session/98bb4355a5d0df488e48e90925cf8edd/execute/sync'
12:42:32.990 [AsyncHttpClient-1-8] DEBUG org.asynchttpclient.netty.handler.HttpHandler - 

Request DefaultHttpRequest(decodeResult: success, version: HTTP/1.1)
POST /session/98bb4355a5d0df488e48e90925cf8edd/execute/sync HTTP/1.1
User-Agent: selenium/4.8.1 (java windows)
Content-Length: 176
Content-Type: application/json; charset=utf-8
host: localhost:5611
accept: */*

Response DefaultHttpResponse(decodeResult: success, version: HTTP/1.1)
HTTP/1.1 200 OK
Content-Length: 159202
Content-Type: application/json; charset=utf-8
cache-control: no-cache

12:42:32.990 [AsyncHttpClient-1-8] DEBUG org.asynchttpclient.netty.channel.ChannelManager - Adding key: http://localhost:5611 for channel [id: 0xdb386110, L:/127.0.0.1:59232 - R:localhost/127.0.0.1:5611]
12:42:32.998 [Forwarding getCurrentUrl on session 98bb4355a5d0df488e48e90925cf8edd to remote] DEBUG org.asynchttpclient.netty.request.NettyRequestSender - Using pooled Channel '[id: 0xdb386110, L:/127.0.0.1:59232 - R:localhost/127.0.0.1:5611]' for 'GET' to 'http://localhost:5611/session/98bb4355a5d0df488e48e90925cf8edd/url'
12:42:32.998 [Forwarding getCurrentUrl on session 98bb4355a5d0df488e48e90925cf8edd to remote] DEBUG org.asynchttpclient.netty.request.NettyRequestSender - Using open Channel [id: 0xdb386110, L:/127.0.0.1:59232 - R:localhost/127.0.0.1:5611] for GET '/session/98bb4355a5d0df488e48e90925cf8edd/url'
12:42:33.007 [AsyncHttpClient-1-8] DEBUG org.asynchttpclient.netty.handler.HttpHandler - 

Request DefaultFullHttpRequest(decodeResult: success, version: HTTP/1.1, content: EmptyByteBufBE)
GET /session/98bb4355a5d0df488e48e90925cf8edd/url HTTP/1.1
User-Agent: selenium/4.8.1 (java windows)
Cache-Control: no-cache
Content-Type: application/json; charset=utf-8
host: localhost:5611
accept: */*

Response DefaultHttpResponse(decodeResult: success, version: HTTP/1.1)
HTTP/1.1 200 OK
Content-Length: 47
Content-Type: application/json; charset=utf-8
cache-control: no-cache

12:42:33.007 [AsyncHttpClient-1-8] DEBUG org.asynchttpclient.netty.channel.ChannelManager - Adding key: http://localhost:5611 for channel [id: 0xdb386110, L:/127.0.0.1:59232 - R:localhost/127.0.0.1:5611]
12:42:33.015 [Forwarding getAlertText on session 98bb4355a5d0df488e48e90925cf8edd to remote] DEBUG org.asynchttpclient.netty.request.NettyRequestSender - Using pooled Channel '[id: 0xdb386110, L:/127.0.0.1:59232 - R:localhost/127.0.0.1:5611]' for 'GET' to 'http://localhost:5611/session/98bb4355a5d0df488e48e90925cf8edd/alert/text'
12:42:33.015 [Forwarding getAlertText on session 98bb4355a5d0df488e48e90925cf8edd to remote] DEBUG org.asynchttpclient.netty.request.NettyRequestSender - Using open Channel [id: 0xdb386110, L:/127.0.0.1:59232 - R:localhost/127.0.0.1:5611] for GET '/session/98bb4355a5d0df488e48e90925cf8edd/alert/text'
12:42:33.018 [AsyncHttpClient-1-8] DEBUG org.asynchttpclient.netty.handler.HttpHandler - 

Request DefaultFullHttpRequest(decodeResult: success, version: HTTP/1.1, content: EmptyByteBufBE)
GET /session/98bb4355a5d0df488e48e90925cf8edd/alert/text HTTP/1.1
User-Agent: selenium/4.8.1 (java windows)
Cache-Control: no-cache
Content-Type: application/json; charset=utf-8
host: localhost:5611
accept: */*

Response DefaultHttpResponse(decodeResult: success, version: HTTP/1.1)
HTTP/1.1 404 Not Found
Content-Length: 821
Content-Type: application/json; charset=utf-8
cache-control: no-cache

12:42:33.018 [AsyncHttpClient-1-8] DEBUG org.asynchttpclient.netty.channel.ChannelManager - Adding key: http://localhost:5611 for channel [id: 0xdb386110, L:/127.0.0.1:59232 - R:localhost/127.0.0.1:5611]
12:42:33.019 [Forwarding getCurrentUrl on session 98bb4355a5d0df488e48e90925cf8edd to remote] DEBUG org.asynchttpclient.netty.request.NettyRequestSender - Using pooled Channel '[id: 0xdb386110, L:/127.0.0.1:59232 - R:localhost/127.0.0.1:5611]' for 'GET' to 'http://localhost:5611/session/98bb4355a5d0df488e48e90925cf8edd/url'
12:42:33.019 [Forwarding getCurrentUrl on session 98bb4355a5d0df488e48e90925cf8edd to remote] DEBUG org.asynchttpclient.netty.request.NettyRequestSender - Using open Channel [id: 0xdb386110, L:/127.0.0.1:59232 - R:localhost/127.0.0.1:5611] for GET '/session/98bb4355a5d0df488e48e90925cf8edd/url'
12:42:33.027 [AsyncHttpClient-1-8] DEBUG org.asynchttpclient.netty.handler.HttpHandler - 

Request DefaultFullHttpRequest(decodeResult: success, version: HTTP/1.1, content: EmptyByteBufBE)
GET /session/98bb4355a5d0df488e48e90925cf8edd/url HTTP/1.1
User-Agent: selenium/4.8.1 (java windows)
Cache-Control: no-cache
Content-Type: application/json; charset=utf-8
host: localhost:5611
accept: */*

Response DefaultHttpResponse(decodeResult: success, version: HTTP/1.1)
HTTP/1.1 200 OK
Content-Length: 47
Content-Type: application/json; charset=utf-8
cache-control: no-cache

12:42:33.027 [AsyncHttpClient-1-8] DEBUG org.asynchttpclient.netty.channel.ChannelManager - Adding key: http://localhost:5611 for channel [id: 0xdb386110, L:/127.0.0.1:59232 - R:localhost/127.0.0.1:5611]
12:42:33.028 [Forwarding screenshot on session 98bb4355a5d0df488e48e90925cf8edd to remote] DEBUG org.asynchttpclient.netty.request.NettyRequestSender - Using pooled Channel '[id: 0xdb386110, L:/127.0.0.1:59232 - R:localhost/127.0.0.1:5611]' for 'GET' to 'http://localhost:5611/session/98bb4355a5d0df488e48e90925cf8edd/screenshot'
12:42:33.028 [Forwarding screenshot on session 98bb4355a5d0df488e48e90925cf8edd to remote] DEBUG org.asynchttpclient.netty.request.NettyRequestSender - Using open Channel [id: 0xdb386110, L:/127.0.0.1:59232 - R:localhost/127.0.0.1:5611] for GET '/session/98bb4355a5d0df488e48e90925cf8edd/screenshot'
12:42:33.058 [AsyncHttpClient-1-1] DEBUG org.asynchttpclient.netty.channel.DefaultChannelPool - Entry count for : http://localhost:59233 : 1
12:42:33.178 [AsyncHttpClient-1-8] DEBUG org.asynchttpclient.netty.handler.HttpHandler - 

Request DefaultFullHttpRequest(decodeResult: success, version: HTTP/1.1, content: EmptyByteBufBE)
GET /session/98bb4355a5d0df488e48e90925cf8edd/screenshot HTTP/1.1
User-Agent: selenium/4.8.1 (java windows)
Cache-Control: no-cache
Content-Type: application/json; charset=utf-8
host: localhost:5611
accept: */*

Response DefaultHttpResponse(decodeResult: success, version: HTTP/1.1)
HTTP/1.1 200 OK
Content-Length: 37328
Content-Type: application/json; charset=utf-8
cache-control: no-cache

12:42:33.178 [AsyncHttpClient-1-8] DEBUG org.asynchttpclient.netty.channel.ChannelManager - Adding key: http://localhost:5611 for channel [id: 0xdb386110, L:/127.0.0.1:59232 - R:localhost/127.0.0.1:5611]
12:42:33.180 [main] DEBUG net.serenitybdd.core.photography.Darkroom - Send negative for processing for target\site\serenity\c76e4dabdbb0f053d1b08599db2190f03fd3012d39aa33738254fc86b5df1cb2.png
12:42:33.181 [Forwarding getPageSource on session 98bb4355a5d0df488e48e90925cf8edd to remote] DEBUG org.asynchttpclient.netty.request.NettyRequestSender - Using pooled Channel '[id: 0xdb386110, L:/127.0.0.1:59232 - R:localhost/127.0.0.1:5611]' for 'POST' to 'http://localhost:5611/session/98bb4355a5d0df488e48e90925cf8edd/execute/sync'
12:42:33.181 [Forwarding getPageSource on session 98bb4355a5d0df488e48e90925cf8edd to remote] DEBUG org.asynchttpclient.netty.request.NettyRequestSender - Using open Channel [id: 0xdb386110, L:/127.0.0.1:59232 - R:localhost/127.0.0.1:5611] for POST '/session/98bb4355a5d0df488e48e90925cf8edd/execute/sync'
12:42:33.203 [AsyncHttpClient-1-8] DEBUG org.asynchttpclient.netty.handler.HttpHandler - 

Request DefaultHttpRequest(decodeResult: success, version: HTTP/1.1)
POST /session/98bb4355a5d0df488e48e90925cf8edd/execute/sync HTTP/1.1
User-Agent: selenium/4.8.1 (java windows)
Content-Length: 176
Content-Type: application/json; charset=utf-8
host: localhost:5611
accept: */*

Response DefaultHttpResponse(decodeResult: success, version: HTTP/1.1)
HTTP/1.1 200 OK
Content-Length: 159202
Content-Type: application/json; charset=utf-8
cache-control: no-cache

12:42:33.204 [AsyncHttpClient-1-8] DEBUG org.asynchttpclient.netty.channel.ChannelManager - Adding key: http://localhost:5611 for channel [id: 0xdb386110, L:/127.0.0.1:59232 - R:localhost/127.0.0.1:5611]
12:42:33.211 [Forwarding getCurrentUrl on session 98bb4355a5d0df488e48e90925cf8edd to remote] DEBUG org.asynchttpclient.netty.request.NettyRequestSender - Using pooled Channel '[id: 0xdb386110, L:/127.0.0.1:59232 - R:localhost/127.0.0.1:5611]' for 'GET' to 'http://localhost:5611/session/98bb4355a5d0df488e48e90925cf8edd/url'
12:42:33.211 [Forwarding getCurrentUrl on session 98bb4355a5d0df488e48e90925cf8edd to remote] DEBUG org.asynchttpclient.netty.request.NettyRequestSender - Using open Channel [id: 0xdb386110, L:/127.0.0.1:59232 - R:localhost/127.0.0.1:5611] for GET '/session/98bb4355a5d0df488e48e90925cf8edd/url'
12:42:33.222 [AsyncHttpClient-1-8] DEBUG org.asynchttpclient.netty.handler.HttpHandler - 

Request DefaultFullHttpRequest(decodeResult: success, version: HTTP/1.1, content: EmptyByteBufBE)
GET /session/98bb4355a5d0df488e48e90925cf8edd/url HTTP/1.1
User-Agent: selenium/4.8.1 (java windows)
Cache-Control: no-cache
Content-Type: application/json; charset=utf-8
host: localhost:5611
accept: */*

Response DefaultHttpResponse(decodeResult: success, version: HTTP/1.1)
HTTP/1.1 200 OK
Content-Length: 47
Content-Type: application/json; charset=utf-8
cache-control: no-cache

12:42:33.222 [AsyncHttpClient-1-8] DEBUG org.asynchttpclient.netty.channel.ChannelManager - Adding key: http://localhost:5611 for channel [id: 0xdb386110, L:/127.0.0.1:59232 - R:localhost/127.0.0.1:5611]
12:42:33.224 [main] DEBUG net.thucydides.core.steps.StepInterceptor - STARTING STEP: LoginSteps.enterUsernamelOnSigIn - inputUsername
12:42:33.226 [Forwarding findElement on session 98bb4355a5d0df488e48e90925cf8edd to remote] DEBUG org.asynchttpclient.netty.request.NettyRequestSender - Using pooled Channel '[id: 0xdb386110, L:/127.0.0.1:59232 - R:localhost/127.0.0.1:5611]' for 'POST' to 'http://localhost:5611/session/98bb4355a5d0df488e48e90925cf8edd/element'
12:42:33.226 [Forwarding findElement on session 98bb4355a5d0df488e48e90925cf8edd to remote] DEBUG org.asynchttpclient.netty.request.NettyRequestSender - Using open Channel [id: 0xdb386110, L:/127.0.0.1:59232 - R:localhost/127.0.0.1:5611] for POST '/session/98bb4355a5d0df488e48e90925cf8edd/element'
12:42:33.242 [AsyncHttpClient-1-8] DEBUG org.asynchttpclient.netty.handler.HttpHandler - 

Request DefaultHttpRequest(decodeResult: success, version: HTTP/1.1)
POST /session/98bb4355a5d0df488e48e90925cf8edd/element HTTP/1.1
User-Agent: selenium/4.8.1 (java windows)
Content-Length: 88
Content-Type: application/json; charset=utf-8
host: localhost:5611
accept: */*

Response DefaultHttpResponse(decodeResult: success, version: HTTP/1.1)
HTTP/1.1 200 OK
Content-Length: 94
Content-Type: application/json; charset=utf-8
cache-control: no-cache

12:42:33.242 [AsyncHttpClient-1-8] DEBUG org.asynchttpclient.netty.channel.ChannelManager - Adding key: http://localhost:5611 for channel [id: 0xdb386110, L:/127.0.0.1:59232 - R:localhost/127.0.0.1:5611]
12:42:33.243 [Forwarding clearElement on session 98bb4355a5d0df488e48e90925cf8edd to remote] DEBUG org.asynchttpclient.netty.request.NettyRequestSender - Using pooled Channel '[id: 0xdb386110, L:/127.0.0.1:59232 - R:localhost/127.0.0.1:5611]' for 'POST' to 'http://localhost:5611/session/98bb4355a5d0df488e48e90925cf8edd/element/C99E201A8BBB56F9B8DFD95CCF2A89CC_element_9/clear'
12:42:33.243 [Forwarding clearElement on session 98bb4355a5d0df488e48e90925cf8edd to remote] DEBUG org.asynchttpclient.netty.request.NettyRequestSender - Using open Channel [id: 0xdb386110, L:/127.0.0.1:59232 - R:localhost/127.0.0.1:5611] for POST '/session/98bb4355a5d0df488e48e90925cf8edd/element/C99E201A8BBB56F9B8DFD95CCF2A89CC_element_9/clear'
12:42:33.281 [AsyncHttpClient-1-8] DEBUG org.asynchttpclient.netty.handler.HttpHandler - 

Request DefaultHttpRequest(decodeResult: success, version: HTTP/1.1)
POST /session/98bb4355a5d0df488e48e90925cf8edd/element/C99E201A8BBB56F9B8DFD95CCF2A89CC_element_9/clear HTTP/1.1
User-Agent: selenium/4.8.1 (java windows)
Content-Length: 56
Content-Type: application/json; charset=utf-8
host: localhost:5611
accept: */*

Response DefaultHttpResponse(decodeResult: success, version: HTTP/1.1)
HTTP/1.1 200 OK
Content-Length: 14
Content-Type: application/json; charset=utf-8
cache-control: no-cache

12:42:33.281 [AsyncHttpClient-1-8] DEBUG org.asynchttpclient.netty.channel.ChannelManager - Adding key: http://localhost:5611 for channel [id: 0xdb386110, L:/127.0.0.1:59232 - R:localhost/127.0.0.1:5611]
12:42:33.283 [Forwarding sendKeysToElement on session 98bb4355a5d0df488e48e90925cf8edd to remote] DEBUG org.asynchttpclient.netty.request.NettyRequestSender - Using pooled Channel '[id: 0xdb386110, L:/127.0.0.1:59232 - R:localhost/127.0.0.1:5611]' for 'POST' to 'http://localhost:5611/session/98bb4355a5d0df488e48e90925cf8edd/element/C99E201A8BBB56F9B8DFD95CCF2A89CC_element_9/value'
12:42:33.283 [Forwarding sendKeysToElement on session 98bb4355a5d0df488e48e90925cf8edd to remote] DEBUG org.asynchttpclient.netty.request.NettyRequestSender - Using open Channel [id: 0xdb386110, L:/127.0.0.1:59232 - R:localhost/127.0.0.1:5611] for POST '/session/98bb4355a5d0df488e48e90925cf8edd/element/C99E201A8BBB56F9B8DFD95CCF2A89CC_element_9/value'
12:42:33.410 [AsyncHttpClient-1-8] DEBUG org.asynchttpclient.netty.handler.HttpHandler - 

Request DefaultHttpRequest(decodeResult: success, version: HTTP/1.1)
POST /session/98bb4355a5d0df488e48e90925cf8edd/element/C99E201A8BBB56F9B8DFD95CCF2A89CC_element_9/value HTTP/1.1
User-Agent: selenium/4.8.1 (java windows)
Content-Length: 187
Content-Type: application/json; charset=utf-8
host: localhost:5611
accept: */*

Response DefaultHttpResponse(decodeResult: success, version: HTTP/1.1)
HTTP/1.1 200 OK
Content-Length: 14
Content-Type: application/json; charset=utf-8
cache-control: no-cache

12:42:33.410 [AsyncHttpClient-1-8] DEBUG org.asynchttpclient.netty.channel.ChannelManager - Adding key: http://localhost:5611 for channel [id: 0xdb386110, L:/127.0.0.1:59232 - R:localhost/127.0.0.1:5611]
12:42:33.414 [Forwarding getAlertText on session 98bb4355a5d0df488e48e90925cf8edd to remote] DEBUG org.asynchttpclient.netty.request.NettyRequestSender - Using pooled Channel '[id: 0xdb386110, L:/127.0.0.1:59232 - R:localhost/127.0.0.1:5611]' for 'GET' to 'http://localhost:5611/session/98bb4355a5d0df488e48e90925cf8edd/alert/text'
12:42:33.414 [Forwarding getAlertText on session 98bb4355a5d0df488e48e90925cf8edd to remote] DEBUG org.asynchttpclient.netty.request.NettyRequestSender - Using open Channel [id: 0xdb386110, L:/127.0.0.1:59232 - R:localhost/127.0.0.1:5611] for GET '/session/98bb4355a5d0df488e48e90925cf8edd/alert/text'
12:42:33.417 [AsyncHttpClient-1-8] DEBUG org.asynchttpclient.netty.handler.HttpHandler - 

Request DefaultFullHttpRequest(decodeResult: success, version: HTTP/1.1, content: EmptyByteBufBE)
GET /session/98bb4355a5d0df488e48e90925cf8edd/alert/text HTTP/1.1
User-Agent: selenium/4.8.1 (java windows)
Cache-Control: no-cache
Content-Type: application/json; charset=utf-8
host: localhost:5611
accept: */*

Response DefaultHttpResponse(decodeResult: success, version: HTTP/1.1)
HTTP/1.1 404 Not Found
Content-Length: 821
Content-Type: application/json; charset=utf-8
cache-control: no-cache

12:42:33.418 [AsyncHttpClient-1-8] DEBUG org.asynchttpclient.netty.channel.ChannelManager - Adding key: http://localhost:5611 for channel [id: 0xdb386110, L:/127.0.0.1:59232 - R:localhost/127.0.0.1:5611]
12:42:33.420 [Forwarding getCurrentUrl on session 98bb4355a5d0df488e48e90925cf8edd to remote] DEBUG org.asynchttpclient.netty.request.NettyRequestSender - Using pooled Channel '[id: 0xdb386110, L:/127.0.0.1:59232 - R:localhost/127.0.0.1:5611]' for 'GET' to 'http://localhost:5611/session/98bb4355a5d0df488e48e90925cf8edd/url'
12:42:33.420 [Forwarding getCurrentUrl on session 98bb4355a5d0df488e48e90925cf8edd to remote] DEBUG org.asynchttpclient.netty.request.NettyRequestSender - Using open Channel [id: 0xdb386110, L:/127.0.0.1:59232 - R:localhost/127.0.0.1:5611] for GET '/session/98bb4355a5d0df488e48e90925cf8edd/url'
12:42:33.429 [AsyncHttpClient-1-8] DEBUG org.asynchttpclient.netty.handler.HttpHandler - 

Request DefaultFullHttpRequest(decodeResult: success, version: HTTP/1.1, content: EmptyByteBufBE)
GET /session/98bb4355a5d0df488e48e90925cf8edd/url HTTP/1.1
User-Agent: selenium/4.8.1 (java windows)
Cache-Control: no-cache
Content-Type: application/json; charset=utf-8
host: localhost:5611
accept: */*

Response DefaultHttpResponse(decodeResult: success, version: HTTP/1.1)
HTTP/1.1 200 OK
Content-Length: 47
Content-Type: application/json; charset=utf-8
cache-control: no-cache

12:42:33.429 [AsyncHttpClient-1-8] DEBUG org.asynchttpclient.netty.channel.ChannelManager - Adding key: http://localhost:5611 for channel [id: 0xdb386110, L:/127.0.0.1:59232 - R:localhost/127.0.0.1:5611]
12:42:33.431 [Forwarding screenshot on session 98bb4355a5d0df488e48e90925cf8edd to remote] DEBUG org.asynchttpclient.netty.request.NettyRequestSender - Using pooled Channel '[id: 0xdb386110, L:/127.0.0.1:59232 - R:localhost/127.0.0.1:5611]' for 'GET' to 'http://localhost:5611/session/98bb4355a5d0df488e48e90925cf8edd/screenshot'
12:42:33.431 [Forwarding screenshot on session 98bb4355a5d0df488e48e90925cf8edd to remote] DEBUG org.asynchttpclient.netty.request.NettyRequestSender - Using open Channel [id: 0xdb386110, L:/127.0.0.1:59232 - R:localhost/127.0.0.1:5611] for GET '/session/98bb4355a5d0df488e48e90925cf8edd/screenshot'
12:42:33.678 [AsyncHttpClient-1-8] DEBUG org.asynchttpclient.netty.handler.HttpHandler - 

Request DefaultFullHttpRequest(decodeResult: success, version: HTTP/1.1, content: EmptyByteBufBE)
GET /session/98bb4355a5d0df488e48e90925cf8edd/screenshot HTTP/1.1
User-Agent: selenium/4.8.1 (java windows)
Cache-Control: no-cache
Content-Type: application/json; charset=utf-8
host: localhost:5611
accept: */*

Response DefaultHttpResponse(decodeResult: success, version: HTTP/1.1)
HTTP/1.1 200 OK
Content-Length: 120336
Content-Type: application/json; charset=utf-8
cache-control: no-cache

12:42:33.678 [AsyncHttpClient-1-8] DEBUG org.asynchttpclient.netty.channel.ChannelManager - Adding key: http://localhost:5611 for channel [id: 0xdb386110, L:/127.0.0.1:59232 - R:localhost/127.0.0.1:5611]
12:42:33.681 [main] DEBUG net.serenitybdd.core.photography.Darkroom - Send negative for processing for target\site\serenity\4ef9711dcc223a758404247b99d7ad8f9558a0a6f3a26462e8c801533b17e707.png
12:42:33.681 [main] DEBUG net.thucydides.core.steps.StepInterceptor - STEP DONE: inputUsername
  &amp#27;[32mWhen &amp#27;[0m&amp#27;[32mI enter Username &amp#27;[0m&amp#27;[32m&amp#27;[1m"kelompok20"&amp#27;[0m                                              &amp#27;[90m# starter.stepdefinitions.LoginSteps.enterUsernamelOnSigIn(java.lang.String)&amp#27;[0m
12:42:33.682 [Darkroom Processing Line] DEBUG net.serenitybdd.core.photography.DarkroomProcessingLine - Processing screenshot image in /var/screenshots/screenshot-1166616914283991540
12:42:33.682 [Darkroom Processing Line] DEBUG net.serenitybdd.core.photography.DarkroomProcessingLine - Saving screenshot to target\site\serenity\4ef9711dcc223a758404247b99d7ad8f9558a0a6f3a26462e8c801533b17e707.png
12:42:33.689 [Forwarding getPageSource on session 98bb4355a5d0df488e48e90925cf8edd to remote] DEBUG org.asynchttpclient.netty.request.NettyRequestSender - Using pooled Channel '[id: 0xdb386110, L:/127.0.0.1:59232 - R:localhost/127.0.0.1:5611]' for 'POST' to 'http://localhost:5611/session/98bb4355a5d0df488e48e90925cf8edd/execute/sync'
12:42:33.689 [Forwarding getPageSource on session 98bb4355a5d0df488e48e90925cf8edd to remote] DEBUG org.asynchttpclient.netty.request.NettyRequestSender - Using open Channel [id: 0xdb386110, L:/127.0.0.1:59232 - R:localhost/127.0.0.1:5611] for POST '/session/98bb4355a5d0df488e48e90925cf8edd/execute/sync'
12:42:33.713 [AsyncHttpClient-1-8] DEBUG org.asynchttpclient.netty.handler.HttpHandler - 

Request DefaultHttpRequest(decodeResult: success, version: HTTP/1.1)
POST /session/98bb4355a5d0df488e48e90925cf8edd/execute/sync HTTP/1.1
User-Agent: selenium/4.8.1 (java windows)
Content-Length: 176
Content-Type: application/json; charset=utf-8
host: localhost:5611
accept: */*

Response DefaultHttpResponse(decodeResult: success, version: HTTP/1.1)
HTTP/1.1 200 OK
Content-Length: 159309
Content-Type: application/json; charset=utf-8
cache-control: no-cache

12:42:33.713 [AsyncHttpClient-1-8] DEBUG org.asynchttpclient.netty.channel.ChannelManager - Adding key: http://localhost:5611 for channel [id: 0xdb386110, L:/127.0.0.1:59232 - R:localhost/127.0.0.1:5611]
12:42:33.724 [Forwarding getCurrentUrl on session 98bb4355a5d0df488e48e90925cf8edd to remote] DEBUG org.asynchttpclient.netty.request.NettyRequestSender - Using pooled Channel '[id: 0xdb386110, L:/127.0.0.1:59232 - R:localhost/127.0.0.1:5611]' for 'GET' to 'http://localhost:5611/session/98bb4355a5d0df488e48e90925cf8edd/url'
12:42:33.724 [Forwarding getCurrentUrl on session 98bb4355a5d0df488e48e90925cf8edd to remote] DEBUG org.asynchttpclient.netty.request.NettyRequestSender - Using open Channel [id: 0xdb386110, L:/127.0.0.1:59232 - R:localhost/127.0.0.1:5611] for GET '/session/98bb4355a5d0df488e48e90925cf8edd/url'
12:42:33.735 [AsyncHttpClient-1-8] DEBUG org.asynchttpclient.netty.handler.HttpHandler - 

Request DefaultFullHttpRequest(decodeResult: success, version: HTTP/1.1, content: EmptyByteBufBE)
GET /session/98bb4355a5d0df488e48e90925cf8edd/url HTTP/1.1
User-Agent: selenium/4.8.1 (java windows)
Cache-Control: no-cache
Content-Type: application/json; charset=utf-8
host: localhost:5611
accept: */*

Response DefaultHttpResponse(decodeResult: success, version: HTTP/1.1)
HTTP/1.1 200 OK
Content-Length: 47
Content-Type: application/json; charset=utf-8
cache-control: no-cache

12:42:33.735 [AsyncHttpClient-1-8] DEBUG org.asynchttpclient.netty.channel.ChannelManager - Adding key: http://localhost:5611 for channel [id: 0xdb386110, L:/127.0.0.1:59232 - R:localhost/127.0.0.1:5611]
12:42:33.742 [Forwarding getAlertText on session 98bb4355a5d0df488e48e90925cf8edd to remote] DEBUG org.asynchttpclient.netty.request.NettyRequestSender - Using pooled Channel '[id: 0xdb386110, L:/127.0.0.1:59232 - R:localhost/127.0.0.1:5611]' for 'GET' to 'http://localhost:5611/session/98bb4355a5d0df488e48e90925cf8edd/alert/text'
12:42:33.742 [Forwarding getAlertText on session 98bb4355a5d0df488e48e90925cf8edd to remote] DEBUG org.asynchttpclient.netty.request.NettyRequestSender - Using open Channel [id: 0xdb386110, L:/127.0.0.1:59232 - R:localhost/127.0.0.1:5611] for GET '/session/98bb4355a5d0df488e48e90925cf8edd/alert/text'
12:42:33.746 [AsyncHttpClient-1-8] DEBUG org.asynchttpclient.netty.handler.HttpHandler - 

Request DefaultFullHttpRequest(decodeResult: success, version: HTTP/1.1, content: EmptyByteBufBE)
GET /session/98bb4355a5d0df488e48e90925cf8edd/alert/text HTTP/1.1
User-Agent: selenium/4.8.1 (java windows)
Cache-Control: no-cache
Content-Type: application/json; charset=utf-8
host: localhost:5611
accept: */*

Response DefaultHttpResponse(decodeResult: success, version: HTTP/1.1)
HTTP/1.1 404 Not Found
Content-Length: 821
Content-Type: application/json; charset=utf-8
cache-control: no-cache

12:42:33.746 [AsyncHttpClient-1-8] DEBUG org.asynchttpclient.netty.channel.ChannelManager - Adding key: http://localhost:5611 for channel [id: 0xdb386110, L:/127.0.0.1:59232 - R:localhost/127.0.0.1:5611]
12:42:33.747 [Forwarding getCurrentUrl on session 98bb4355a5d0df488e48e90925cf8edd to remote] DEBUG org.asynchttpclient.netty.request.NettyRequestSender - Using pooled Channel '[id: 0xdb386110, L:/127.0.0.1:59232 - R:localhost/127.0.0.1:5611]' for 'GET' to 'http://localhost:5611/session/98bb4355a5d0df488e48e90925cf8edd/url'
12:42:33.747 [Forwarding getCurrentUrl on session 98bb4355a5d0df488e48e90925cf8edd to remote] DEBUG org.asynchttpclient.netty.request.NettyRequestSender - Using open Channel [id: 0xdb386110, L:/127.0.0.1:59232 - R:localhost/127.0.0.1:5611] for GET '/session/98bb4355a5d0df488e48e90925cf8edd/url'
12:42:33.756 [AsyncHttpClient-1-8] DEBUG org.asynchttpclient.netty.handler.HttpHandler - 

Request DefaultFullHttpRequest(decodeResult: success, version: HTTP/1.1, content: EmptyByteBufBE)
GET /session/98bb4355a5d0df488e48e90925cf8edd/url HTTP/1.1
User-Agent: selenium/4.8.1 (java windows)
Cache-Control: no-cache
Content-Type: application/json; charset=utf-8
host: localhost:5611
accept: */*

Response DefaultHttpResponse(decodeResult: success, version: HTTP/1.1)
HTTP/1.1 200 OK
Content-Length: 47
Content-Type: application/json; charset=utf-8
cache-control: no-cache

12:42:33.757 [AsyncHttpClient-1-8] DEBUG org.asynchttpclient.netty.channel.ChannelManager - Adding key: http://localhost:5611 for channel [id: 0xdb386110, L:/127.0.0.1:59232 - R:localhost/127.0.0.1:5611]
12:42:33.758 [Forwarding screenshot on session 98bb4355a5d0df488e48e90925cf8edd to remote] DEBUG org.asynchttpclient.netty.request.NettyRequestSender - Using pooled Channel '[id: 0xdb386110, L:/127.0.0.1:59232 - R:localhost/127.0.0.1:5611]' for 'GET' to 'http://localhost:5611/session/98bb4355a5d0df488e48e90925cf8edd/screenshot'
12:42:33.758 [Forwarding screenshot on session 98bb4355a5d0df488e48e90925cf8edd to remote] DEBUG org.asynchttpclient.netty.request.NettyRequestSender - Using open Channel [id: 0xdb386110, L:/127.0.0.1:59232 - R:localhost/127.0.0.1:5611] for GET '/session/98bb4355a5d0df488e48e90925cf8edd/screenshot'
12:42:33.854 [AsyncHttpClient-1-8] DEBUG org.asynchttpclient.netty.handler.HttpHandler - 

Request DefaultFullHttpRequest(decodeResult: success, version: HTTP/1.1, content: EmptyByteBufBE)
GET /session/98bb4355a5d0df488e48e90925cf8edd/screenshot HTTP/1.1
User-Agent: selenium/4.8.1 (java windows)
Cache-Control: no-cache
Content-Type: application/json; charset=utf-8
host: localhost:5611
accept: */*

Response DefaultHttpResponse(decodeResult: success, version: HTTP/1.1)
HTTP/1.1 200 OK
Content-Length: 120248
Content-Type: application/json; charset=utf-8
cache-control: no-cache

12:42:33.854 [AsyncHttpClient-1-8] DEBUG org.asynchttpclient.netty.channel.ChannelManager - Adding key: http://localhost:5611 for channel [id: 0xdb386110, L:/127.0.0.1:59232 - R:localhost/127.0.0.1:5611]
12:42:33.858 [main] DEBUG net.serenitybdd.core.photography.Darkroom - Send negative for processing for target\site\serenity\5ac3ae90a58c4d5e63e4f0f29f9bfea6ce329b7dc93892adf5f70c9a57236a5f.png
12:42:33.858 [Darkroom Processing Line] DEBUG net.serenitybdd.core.photography.DarkroomProcessingLine - Processing screenshot image in /var/screenshots/screenshot-3446086018912746897
12:42:33.858 [Darkroom Processing Line] DEBUG net.serenitybdd.core.photography.DarkroomProcessingLine - Saving screenshot to target\site\serenity\5ac3ae90a58c4d5e63e4f0f29f9bfea6ce329b7dc93892adf5f70c9a57236a5f.png
12:42:33.859 [Forwarding getPageSource on session 98bb4355a5d0df488e48e90925cf8edd to remote] DEBUG org.asynchttpclient.netty.request.NettyRequestSender - Using pooled Channel '[id: 0xdb386110, L:/127.0.0.1:59232 - R:localhost/127.0.0.1:5611]' for 'POST' to 'http://localhost:5611/session/98bb4355a5d0df488e48e90925cf8edd/execute/sync'
12:42:33.859 [Forwarding getPageSource on session 98bb4355a5d0df488e48e90925cf8edd to remote] DEBUG org.asynchttpclient.netty.request.NettyRequestSender - Using open Channel [id: 0xdb386110, L:/127.0.0.1:59232 - R:localhost/127.0.0.1:5611] for POST '/session/98bb4355a5d0df488e48e90925cf8edd/execute/sync'
12:42:33.880 [AsyncHttpClient-1-8] DEBUG org.asynchttpclient.netty.handler.HttpHandler - 

Request DefaultHttpRequest(decodeResult: success, version: HTTP/1.1)
POST /session/98bb4355a5d0df488e48e90925cf8edd/execute/sync HTTP/1.1
User-Agent: selenium/4.8.1 (java windows)
Content-Length: 176
Content-Type: application/json; charset=utf-8
host: localhost:5611
accept: */*

Response DefaultHttpResponse(decodeResult: success, version: HTTP/1.1)
HTTP/1.1 200 OK
Content-Length: 159309
Content-Type: application/json; charset=utf-8
cache-control: no-cache

12:42:33.880 [AsyncHttpClient-1-8] DEBUG org.asynchttpclient.netty.channel.ChannelManager - Adding key: http://localhost:5611 for channel [id: 0xdb386110, L:/127.0.0.1:59232 - R:localhost/127.0.0.1:5611]
12:42:33.892 [Forwarding getCurrentUrl on session 98bb4355a5d0df488e48e90925cf8edd to remote] DEBUG org.asynchttpclient.netty.request.NettyRequestSender - Using pooled Channel '[id: 0xdb386110, L:/127.0.0.1:59232 - R:localhost/127.0.0.1:5611]' for 'GET' to 'http://localhost:5611/session/98bb4355a5d0df488e48e90925cf8edd/url'
12:42:33.893 [Forwarding getCurrentUrl on session 98bb4355a5d0df488e48e90925cf8edd to remote] DEBUG org.asynchttpclient.netty.request.NettyRequestSender - Using open Channel [id: 0xdb386110, L:/127.0.0.1:59232 - R:localhost/127.0.0.1:5611] for GET '/session/98bb4355a5d0df488e48e90925cf8edd/url'
12:42:33.903 [AsyncHttpClient-1-8] DEBUG org.asynchttpclient.netty.handler.HttpHandler - 

Request DefaultFullHttpRequest(decodeResult: success, version: HTTP/1.1, content: EmptyByteBufBE)
GET /session/98bb4355a5d0df488e48e90925cf8edd/url HTTP/1.1
User-Agent: selenium/4.8.1 (java windows)
Cache-Control: no-cache
Content-Type: application/json; charset=utf-8
host: localhost:5611
accept: */*

Response DefaultHttpResponse(decodeResult: success, version: HTTP/1.1)
HTTP/1.1 200 OK
Content-Length: 47
Content-Type: application/json; charset=utf-8
cache-control: no-cache

12:42:33.904 [AsyncHttpClient-1-8] DEBUG org.asynchttpclient.netty.channel.ChannelManager - Adding key: http://localhost:5611 for channel [id: 0xdb386110, L:/127.0.0.1:59232 - R:localhost/127.0.0.1:5611]
12:42:33.906 [main] DEBUG net.thucydides.core.steps.StepInterceptor - STARTING STEP: LoginSteps.enterPasswordOnLogin - inputPassword
12:42:33.908 [Forwarding findElement on session 98bb4355a5d0df488e48e90925cf8edd to remote] DEBUG org.asynchttpclient.netty.request.NettyRequestSender - Using pooled Channel '[id: 0xdb386110, L:/127.0.0.1:59232 - R:localhost/127.0.0.1:5611]' for 'POST' to 'http://localhost:5611/session/98bb4355a5d0df488e48e90925cf8edd/element'
12:42:33.908 [Forwarding findElement on session 98bb4355a5d0df488e48e90925cf8edd to remote] DEBUG org.asynchttpclient.netty.request.NettyRequestSender - Using open Channel [id: 0xdb386110, L:/127.0.0.1:59232 - R:localhost/127.0.0.1:5611] for POST '/session/98bb4355a5d0df488e48e90925cf8edd/element'
12:42:33.922 [AsyncHttpClient-1-8] DEBUG org.asynchttpclient.netty.handler.HttpHandler - 

Request DefaultHttpRequest(decodeResult: success, version: HTTP/1.1)
POST /session/98bb4355a5d0df488e48e90925cf8edd/element HTTP/1.1
User-Agent: selenium/4.8.1 (java windows)
Content-Length: 79
Content-Type: application/json; charset=utf-8
host: localhost:5611
accept: */*

Response DefaultHttpResponse(decodeResult: success, version: HTTP/1.1)
HTTP/1.1 200 OK
Content-Length: 94
Content-Type: application/json; charset=utf-8
cache-control: no-cache

12:42:33.922 [AsyncHttpClient-1-8] DEBUG org.asynchttpclient.netty.channel.ChannelManager - Adding key: http://localhost:5611 for channel [id: 0xdb386110, L:/127.0.0.1:59232 - R:localhost/127.0.0.1:5611]
12:42:33.923 [Forwarding clearElement on session 98bb4355a5d0df488e48e90925cf8edd to remote] DEBUG org.asynchttpclient.netty.request.NettyRequestSender - Using pooled Channel '[id: 0xdb386110, L:/127.0.0.1:59232 - R:localhost/127.0.0.1:5611]' for 'POST' to 'http://localhost:5611/session/98bb4355a5d0df488e48e90925cf8edd/element/C99E201A8BBB56F9B8DFD95CCF2A89CC_element_6/clear'
12:42:33.924 [Forwarding clearElement on session 98bb4355a5d0df488e48e90925cf8edd to remote] DEBUG org.asynchttpclient.netty.request.NettyRequestSender - Using open Channel [id: 0xdb386110, L:/127.0.0.1:59232 - R:localhost/127.0.0.1:5611] for POST '/session/98bb4355a5d0df488e48e90925cf8edd/element/C99E201A8BBB56F9B8DFD95CCF2A89CC_element_6/clear'
12:42:33.952 [AsyncHttpClient-1-8] DEBUG org.asynchttpclient.netty.handler.HttpHandler - 

Request DefaultHttpRequest(decodeResult: success, version: HTTP/1.1)
POST /session/98bb4355a5d0df488e48e90925cf8edd/element/C99E201A8BBB56F9B8DFD95CCF2A89CC_element_6/clear HTTP/1.1
User-Agent: selenium/4.8.1 (java windows)
Content-Length: 56
Content-Type: application/json; charset=utf-8
host: localhost:5611
accept: */*

Response DefaultHttpResponse(decodeResult: success, version: HTTP/1.1)
HTTP/1.1 200 OK
Content-Length: 14
Content-Type: application/json; charset=utf-8
cache-control: no-cache

12:42:33.952 [AsyncHttpClient-1-8] DEBUG org.asynchttpclient.netty.channel.ChannelManager - Adding key: http://localhost:5611 for channel [id: 0xdb386110, L:/127.0.0.1:59232 - R:localhost/127.0.0.1:5611]
12:42:33.953 [Forwarding sendKeysToElement on session 98bb4355a5d0df488e48e90925cf8edd to remote] DEBUG org.asynchttpclient.netty.request.NettyRequestSender - Using pooled Channel '[id: 0xdb386110, L:/127.0.0.1:59232 - R:localhost/127.0.0.1:5611]' for 'POST' to 'http://localhost:5611/session/98bb4355a5d0df488e48e90925cf8edd/element/C99E201A8BBB56F9B8DFD95CCF2A89CC_element_6/value'
12:42:33.954 [Forwarding sendKeysToElement on session 98bb4355a5d0df488e48e90925cf8edd to remote] DEBUG org.asynchttpclient.netty.request.NettyRequestSender - Using open Channel [id: 0xdb386110, L:/127.0.0.1:59232 - R:localhost/127.0.0.1:5611] for POST '/session/98bb4355a5d0df488e48e90925cf8edd/element/C99E201A8BBB56F9B8DFD95CCF2A89CC_element_6/value'
12:42:34.035 [AsyncHttpClient-1-8] DEBUG org.asynchttpclient.netty.handler.HttpHandler - 

Request DefaultHttpRequest(decodeResult: success, version: HTTP/1.1)
POST /session/98bb4355a5d0df488e48e90925cf8edd/element/C99E201A8BBB56F9B8DFD95CCF2A89CC_element_6/value HTTP/1.1
User-Agent: selenium/4.8.1 (java windows)
Content-Length: 157
Content-Type: application/json; charset=utf-8
host: localhost:5611
accept: */*

Response DefaultHttpResponse(decodeResult: success, version: HTTP/1.1)
HTTP/1.1 200 OK
Content-Length: 14
Content-Type: application/json; charset=utf-8
cache-control: no-cache

12:42:34.035 [AsyncHttpClient-1-8] DEBUG org.asynchttpclient.netty.channel.ChannelManager - Adding key: http://localhost:5611 for channel [id: 0xdb386110, L:/127.0.0.1:59232 - R:localhost/127.0.0.1:5611]
12:42:34.041 [Forwarding getAlertText on session 98bb4355a5d0df488e48e90925cf8edd to remote] DEBUG org.asynchttpclient.netty.request.NettyRequestSender - Using pooled Channel '[id: 0xdb386110, L:/127.0.0.1:59232 - R:localhost/127.0.0.1:5611]' for 'GET' to 'http://localhost:5611/session/98bb4355a5d0df488e48e90925cf8edd/alert/text'
12:42:34.041 [Forwarding getAlertText on session 98bb4355a5d0df488e48e90925cf8edd to remote] DEBUG org.asynchttpclient.netty.request.NettyRequestSender - Using open Channel [id: 0xdb386110, L:/127.0.0.1:59232 - R:localhost/127.0.0.1:5611] for GET '/session/98bb4355a5d0df488e48e90925cf8edd/alert/text'
12:42:34.044 [AsyncHttpClient-1-8] DEBUG org.asynchttpclient.netty.handler.HttpHandler - 

Request DefaultFullHttpRequest(decodeResult: success, version: HTTP/1.1, content: EmptyByteBufBE)
GET /session/98bb4355a5d0df488e48e90925cf8edd/alert/text HTTP/1.1
User-Agent: selenium/4.8.1 (java windows)
Cache-Control: no-cache
Content-Type: application/json; charset=utf-8
host: localhost:5611
accept: */*

Response DefaultHttpResponse(decodeResult: success, version: HTTP/1.1)
HTTP/1.1 404 Not Found
Content-Length: 821
Content-Type: application/json; charset=utf-8
cache-control: no-cache

12:42:34.044 [AsyncHttpClient-1-8] DEBUG org.asynchttpclient.netty.channel.ChannelManager - Adding key: http://localhost:5611 for channel [id: 0xdb386110, L:/127.0.0.1:59232 - R:localhost/127.0.0.1:5611]
12:42:34.045 [Forwarding getCurrentUrl on session 98bb4355a5d0df488e48e90925cf8edd to remote] DEBUG org.asynchttpclient.netty.request.NettyRequestSender - Using pooled Channel '[id: 0xdb386110, L:/127.0.0.1:59232 - R:localhost/127.0.0.1:5611]' for 'GET' to 'http://localhost:5611/session/98bb4355a5d0df488e48e90925cf8edd/url'
12:42:34.046 [Forwarding getCurrentUrl on session 98bb4355a5d0df488e48e90925cf8edd to remote] DEBUG org.asynchttpclient.netty.request.NettyRequestSender - Using open Channel [id: 0xdb386110, L:/127.0.0.1:59232 - R:localhost/127.0.0.1:5611] for GET '/session/98bb4355a5d0df488e48e90925cf8edd/url'
12:42:34.058 [AsyncHttpClient-1-8] DEBUG org.asynchttpclient.netty.handler.HttpHandler - 

Request DefaultFullHttpRequest(decodeResult: success, version: HTTP/1.1, content: EmptyByteBufBE)
GET /session/98bb4355a5d0df488e48e90925cf8edd/url HTTP/1.1
User-Agent: selenium/4.8.1 (java windows)
Cache-Control: no-cache
Content-Type: application/json; charset=utf-8
host: localhost:5611
accept: */*

Response DefaultHttpResponse(decodeResult: success, version: HTTP/1.1)
HTTP/1.1 200 OK
Content-Length: 47
Content-Type: application/json; charset=utf-8
cache-control: no-cache

12:42:34.058 [AsyncHttpClient-1-8] DEBUG org.asynchttpclient.netty.channel.ChannelManager - Adding key: http://localhost:5611 for channel [id: 0xdb386110, L:/127.0.0.1:59232 - R:localhost/127.0.0.1:5611]
12:42:34.059 [Forwarding screenshot on session 98bb4355a5d0df488e48e90925cf8edd to remote] DEBUG org.asynchttpclient.netty.request.NettyRequestSender - Using pooled Channel '[id: 0xdb386110, L:/127.0.0.1:59232 - R:localhost/127.0.0.1:5611]' for 'GET' to 'http://localhost:5611/session/98bb4355a5d0df488e48e90925cf8edd/screenshot'
12:42:34.059 [Forwarding screenshot on session 98bb4355a5d0df488e48e90925cf8edd to remote] DEBUG org.asynchttpclient.netty.request.NettyRequestSender - Using open Channel [id: 0xdb386110, L:/127.0.0.1:59232 - R:localhost/127.0.0.1:5611] for GET '/session/98bb4355a5d0df488e48e90925cf8edd/screenshot'
12:42:34.155 [AsyncHttpClient-1-1] DEBUG org.asynchttpclient.netty.channel.DefaultChannelPool - Entry count for : http://localhost:59233 : 1
12:42:34.183 [AsyncHttpClient-1-8] DEBUG org.asynchttpclient.netty.handler.HttpHandler - 

Request DefaultFullHttpRequest(decodeResult: success, version: HTTP/1.1, content: EmptyByteBufBE)
GET /session/98bb4355a5d0df488e48e90925cf8edd/screenshot HTTP/1.1
User-Agent: selenium/4.8.1 (java windows)
Cache-Control: no-cache
Content-Type: application/json; charset=utf-8
host: localhost:5611
accept: */*

Response DefaultHttpResponse(decodeResult: success, version: HTTP/1.1)
HTTP/1.1 200 OK
Content-Length: 118616
Content-Type: application/json; charset=utf-8
cache-control: no-cache

12:42:34.184 [AsyncHttpClient-1-8] DEBUG org.asynchttpclient.netty.channel.ChannelManager - Adding key: http://localhost:5611 for channel [id: 0xdb386110, L:/127.0.0.1:59232 - R:localhost/127.0.0.1:5611]
12:42:34.188 [main] DEBUG net.serenitybdd.core.photography.Darkroom - Send negative for processing for target\site\serenity\c29b8b3e83775436b136931ce2fc8342d5bfdb3f2262248c5daa1f7b9590a8ad.png
12:42:34.189 [main] DEBUG net.thucydides.core.steps.StepInterceptor - STEP DONE: inputPassword
  &amp#27;[32mAnd &amp#27;[0m&amp#27;[32mI enter Password &amp#27;[0m&amp#27;[32m&amp#27;[1m"pass123"&amp#27;[0m                                                  &amp#27;[90m# starter.stepdefinitions.LoginSteps.enterPasswordOnLogin(java.lang.String)&amp#27;[0m
12:42:34.189 [Darkroom Processing Line] DEBUG net.serenitybdd.core.photography.DarkroomProcessingLine - Processing screenshot image in /var/screenshots/screenshot-3943456848670873690
12:42:34.189 [Darkroom Processing Line] DEBUG net.serenitybdd.core.photography.DarkroomProcessingLine - Saving screenshot to target\site\serenity\c29b8b3e83775436b136931ce2fc8342d5bfdb3f2262248c5daa1f7b9590a8ad.png
12:42:34.196 [Forwarding getPageSource on session 98bb4355a5d0df488e48e90925cf8edd to remote] DEBUG org.asynchttpclient.netty.request.NettyRequestSender - Using pooled Channel '[id: 0xdb386110, L:/127.0.0.1:59232 - R:localhost/127.0.0.1:5611]' for 'POST' to 'http://localhost:5611/session/98bb4355a5d0df488e48e90925cf8edd/execute/sync'
12:42:34.196 [Forwarding getPageSource on session 98bb4355a5d0df488e48e90925cf8edd to remote] DEBUG org.asynchttpclient.netty.request.NettyRequestSender - Using open Channel [id: 0xdb386110, L:/127.0.0.1:59232 - R:localhost/127.0.0.1:5611] for POST '/session/98bb4355a5d0df488e48e90925cf8edd/execute/sync'
12:42:34.217 [AsyncHttpClient-1-8] DEBUG org.asynchttpclient.netty.handler.HttpHandler - 

Request DefaultHttpRequest(decodeResult: success, version: HTTP/1.1)
POST /session/98bb4355a5d0df488e48e90925cf8edd/execute/sync HTTP/1.1
User-Agent: selenium/4.8.1 (java windows)
Content-Length: 176
Content-Type: application/json; charset=utf-8
host: localhost:5611
accept: */*

Response DefaultHttpResponse(decodeResult: success, version: HTTP/1.1)
HTTP/1.1 200 OK
Content-Length: 159374
Content-Type: application/json; charset=utf-8
cache-control: no-cache

12:42:34.217 [AsyncHttpClient-1-8] DEBUG org.asynchttpclient.netty.channel.ChannelManager - Adding key: http://localhost:5611 for channel [id: 0xdb386110, L:/127.0.0.1:59232 - R:localhost/127.0.0.1:5611]
12:42:34.225 [Forwarding getCurrentUrl on session 98bb4355a5d0df488e48e90925cf8edd to remote] DEBUG org.asynchttpclient.netty.request.NettyRequestSender - Using pooled Channel '[id: 0xdb386110, L:/127.0.0.1:59232 - R:localhost/127.0.0.1:5611]' for 'GET' to 'http://localhost:5611/session/98bb4355a5d0df488e48e90925cf8edd/url'
12:42:34.225 [Forwarding getCurrentUrl on session 98bb4355a5d0df488e48e90925cf8edd to remote] DEBUG org.asynchttpclient.netty.request.NettyRequestSender - Using open Channel [id: 0xdb386110, L:/127.0.0.1:59232 - R:localhost/127.0.0.1:5611] for GET '/session/98bb4355a5d0df488e48e90925cf8edd/url'
12:42:34.236 [AsyncHttpClient-1-8] DEBUG org.asynchttpclient.netty.handler.HttpHandler - 

Request DefaultFullHttpRequest(decodeResult: success, version: HTTP/1.1, content: EmptyByteBufBE)
GET /session/98bb4355a5d0df488e48e90925cf8edd/url HTTP/1.1
User-Agent: selenium/4.8.1 (java windows)
Cache-Control: no-cache
Content-Type: application/json; charset=utf-8
host: localhost:5611
accept: */*

Response DefaultHttpResponse(decodeResult: success, version: HTTP/1.1)
HTTP/1.1 200 OK
Content-Length: 47
Content-Type: application/json; charset=utf-8
cache-control: no-cache

12:42:34.236 [AsyncHttpClient-1-8] DEBUG org.asynchttpclient.netty.channel.ChannelManager - Adding key: http://localhost:5611 for channel [id: 0xdb386110, L:/127.0.0.1:59232 - R:localhost/127.0.0.1:5611]
12:42:34.249 [Forwarding getAlertText on session 98bb4355a5d0df488e48e90925cf8edd to remote] DEBUG org.asynchttpclient.netty.request.NettyRequestSender - Using pooled Channel '[id: 0xdb386110, L:/127.0.0.1:59232 - R:localhost/127.0.0.1:5611]' for 'GET' to 'http://localhost:5611/session/98bb4355a5d0df488e48e90925cf8edd/alert/text'
12:42:34.249 [Forwarding getAlertText on session 98bb4355a5d0df488e48e90925cf8edd to remote] DEBUG org.asynchttpclient.netty.request.NettyRequestSender - Using open Channel [id: 0xdb386110, L:/127.0.0.1:59232 - R:localhost/127.0.0.1:5611] for GET '/session/98bb4355a5d0df488e48e90925cf8edd/alert/text'
12:42:34.253 [AsyncHttpClient-1-8] DEBUG org.asynchttpclient.netty.handler.HttpHandler - 

Request DefaultFullHttpRequest(decodeResult: success, version: HTTP/1.1, content: EmptyByteBufBE)
GET /session/98bb4355a5d0df488e48e90925cf8edd/alert/text HTTP/1.1
User-Agent: selenium/4.8.1 (java windows)
Cache-Control: no-cache
Content-Type: application/json; charset=utf-8
host: localhost:5611
accept: */*

Response DefaultHttpResponse(decodeResult: success, version: HTTP/1.1)
HTTP/1.1 404 Not Found
Content-Length: 821
Content-Type: application/json; charset=utf-8
cache-control: no-cache

12:42:34.253 [AsyncHttpClient-1-8] DEBUG org.asynchttpclient.netty.channel.ChannelManager - Adding key: http://localhost:5611 for channel [id: 0xdb386110, L:/127.0.0.1:59232 - R:localhost/127.0.0.1:5611]
12:42:34.254 [Forwarding getCurrentUrl on session 98bb4355a5d0df488e48e90925cf8edd to remote] DEBUG org.asynchttpclient.netty.request.NettyRequestSender - Using pooled Channel '[id: 0xdb386110, L:/127.0.0.1:59232 - R:localhost/127.0.0.1:5611]' for 'GET' to 'http://localhost:5611/session/98bb4355a5d0df488e48e90925cf8edd/url'
12:42:34.254 [Forwarding getCurrentUrl on session 98bb4355a5d0df488e48e90925cf8edd to remote] DEBUG org.asynchttpclient.netty.request.NettyRequestSender - Using open Channel [id: 0xdb386110, L:/127.0.0.1:59232 - R:localhost/127.0.0.1:5611] for GET '/session/98bb4355a5d0df488e48e90925cf8edd/url'
12:42:34.263 [AsyncHttpClient-1-8] DEBUG org.asynchttpclient.netty.handler.HttpHandler - 

Request DefaultFullHttpRequest(decodeResult: success, version: HTTP/1.1, content: EmptyByteBufBE)
GET /session/98bb4355a5d0df488e48e90925cf8edd/url HTTP/1.1
User-Agent: selenium/4.8.1 (java windows)
Cache-Control: no-cache
Content-Type: application/json; charset=utf-8
host: localhost:5611
accept: */*

Response DefaultHttpResponse(decodeResult: success, version: HTTP/1.1)
HTTP/1.1 200 OK
Content-Length: 47
Content-Type: application/json; charset=utf-8
cache-control: no-cache

12:42:34.264 [AsyncHttpClient-1-8] DEBUG org.asynchttpclient.netty.channel.ChannelManager - Adding key: http://localhost:5611 for channel [id: 0xdb386110, L:/127.0.0.1:59232 - R:localhost/127.0.0.1:5611]
12:42:34.265 [Forwarding screenshot on session 98bb4355a5d0df488e48e90925cf8edd to remote] DEBUG org.asynchttpclient.netty.request.NettyRequestSender - Using pooled Channel '[id: 0xdb386110, L:/127.0.0.1:59232 - R:localhost/127.0.0.1:5611]' for 'GET' to 'http://localhost:5611/session/98bb4355a5d0df488e48e90925cf8edd/screenshot'
12:42:34.265 [Forwarding screenshot on session 98bb4355a5d0df488e48e90925cf8edd to remote] DEBUG org.asynchttpclient.netty.request.NettyRequestSender - Using open Channel [id: 0xdb386110, L:/127.0.0.1:59232 - R:localhost/127.0.0.1:5611] for GET '/session/98bb4355a5d0df488e48e90925cf8edd/screenshot'
12:42:34.367 [AsyncHttpClient-1-8] DEBUG org.asynchttpclient.netty.handler.HttpHandler - 

Request DefaultFullHttpRequest(decodeResult: success, version: HTTP/1.1, content: EmptyByteBufBE)
GET /session/98bb4355a5d0df488e48e90925cf8edd/screenshot HTTP/1.1
User-Agent: selenium/4.8.1 (java windows)
Cache-Control: no-cache
Content-Type: application/json; charset=utf-8
host: localhost:5611
accept: */*

Response DefaultHttpResponse(decodeResult: success, version: HTTP/1.1)
HTTP/1.1 200 OK
Content-Length: 118460
Content-Type: application/json; charset=utf-8
cache-control: no-cache

12:42:34.368 [AsyncHttpClient-1-8] DEBUG org.asynchttpclient.netty.channel.ChannelManager - Adding key: http://localhost:5611 for channel [id: 0xdb386110, L:/127.0.0.1:59232 - R:localhost/127.0.0.1:5611]
12:42:34.370 [main] DEBUG net.serenitybdd.core.photography.Darkroom - Send negative for processing for target\site\serenity\8079e49e87ea9552e834b69adc8f927f04e4fdb8b3e9ea69ceae34af28e46e2f.png
12:42:34.370 [Darkroom Processing Line] DEBUG net.serenitybdd.core.photography.DarkroomProcessingLine - Processing screenshot image in /var/screenshots/screenshot-13643125219350852200
12:42:34.371 [Darkroom Processing Line] DEBUG net.serenitybdd.core.photography.DarkroomProcessingLine - Saving screenshot to target\site\serenity\8079e49e87ea9552e834b69adc8f927f04e4fdb8b3e9ea69ceae34af28e46e2f.png
12:42:34.371 [Forwarding getPageSource on session 98bb4355a5d0df488e48e90925cf8edd to remote] DEBUG org.asynchttpclient.netty.request.NettyRequestSender - Using pooled Channel '[id: 0xdb386110, L:/127.0.0.1:59232 - R:localhost/127.0.0.1:5611]' for 'POST' to 'http://localhost:5611/session/98bb4355a5d0df488e48e90925cf8edd/execute/sync'
12:42:34.372 [Forwarding getPageSource on session 98bb4355a5d0df488e48e90925cf8edd to remote] DEBUG org.asynchttpclient.netty.request.NettyRequestSender - Using open Channel [id: 0xdb386110, L:/127.0.0.1:59232 - R:localhost/127.0.0.1:5611] for POST '/session/98bb4355a5d0df488e48e90925cf8edd/execute/sync'
12:42:34.393 [AsyncHttpClient-1-8] DEBUG org.asynchttpclient.netty.handler.HttpHandler - 

Request DefaultHttpRequest(decodeResult: success, version: HTTP/1.1)
POST /session/98bb4355a5d0df488e48e90925cf8edd/execute/sync HTTP/1.1
User-Agent: selenium/4.8.1 (java windows)
Content-Length: 176
Content-Type: application/json; charset=utf-8
host: localhost:5611
accept: */*

Response DefaultHttpResponse(decodeResult: success, version: HTTP/1.1)
HTTP/1.1 200 OK
Content-Length: 159374
Content-Type: application/json; charset=utf-8
cache-control: no-cache

12:42:34.393 [AsyncHttpClient-1-8] DEBUG org.asynchttpclient.netty.channel.ChannelManager - Adding key: http://localhost:5611 for channel [id: 0xdb386110, L:/127.0.0.1:59232 - R:localhost/127.0.0.1:5611]
12:42:34.402 [Forwarding getCurrentUrl on session 98bb4355a5d0df488e48e90925cf8edd to remote] DEBUG org.asynchttpclient.netty.request.NettyRequestSender - Using pooled Channel '[id: 0xdb386110, L:/127.0.0.1:59232 - R:localhost/127.0.0.1:5611]' for 'GET' to 'http://localhost:5611/session/98bb4355a5d0df488e48e90925cf8edd/url'
12:42:34.402 [Forwarding getCurrentUrl on session 98bb4355a5d0df488e48e90925cf8edd to remote] DEBUG org.asynchttpclient.netty.request.NettyRequestSender - Using open Channel [id: 0xdb386110, L:/127.0.0.1:59232 - R:localhost/127.0.0.1:5611] for GET '/session/98bb4355a5d0df488e48e90925cf8edd/url'
12:42:34.409 [AsyncHttpClient-1-8] DEBUG org.asynchttpclient.netty.handler.HttpHandler - 

Request DefaultFullHttpRequest(decodeResult: success, version: HTTP/1.1, content: EmptyByteBufBE)
GET /session/98bb4355a5d0df488e48e90925cf8edd/url HTTP/1.1
User-Agent: selenium/4.8.1 (java windows)
Cache-Control: no-cache
Content-Type: application/json; charset=utf-8
host: localhost:5611
accept: */*

Response DefaultHttpResponse(decodeResult: success, version: HTTP/1.1)
HTTP/1.1 200 OK
Content-Length: 47
Content-Type: application/json; charset=utf-8
cache-control: no-cache

12:42:34.409 [AsyncHttpClient-1-8] DEBUG org.asynchttpclient.netty.channel.ChannelManager - Adding key: http://localhost:5611 for channel [id: 0xdb386110, L:/127.0.0.1:59232 - R:localhost/127.0.0.1:5611]
12:42:34.412 [main] DEBUG net.thucydides.core.steps.StepInterceptor - STARTING STEP: LoginSteps.clickSigInButton - ClickSigInButton
12:42:34.415 [Forwarding findElement on session 98bb4355a5d0df488e48e90925cf8edd to remote] DEBUG org.asynchttpclient.netty.request.NettyRequestSender - Using pooled Channel '[id: 0xdb386110, L:/127.0.0.1:59232 - R:localhost/127.0.0.1:5611]' for 'POST' to 'http://localhost:5611/session/98bb4355a5d0df488e48e90925cf8edd/element'
12:42:34.415 [Forwarding findElement on session 98bb4355a5d0df488e48e90925cf8edd to remote] DEBUG org.asynchttpclient.netty.request.NettyRequestSender - Using open Channel [id: 0xdb386110, L:/127.0.0.1:59232 - R:localhost/127.0.0.1:5611] for POST '/session/98bb4355a5d0df488e48e90925cf8edd/element'
12:42:34.430 [AsyncHttpClient-1-8] DEBUG org.asynchttpclient.netty.handler.HttpHandler - 

Request DefaultHttpRequest(decodeResult: success, version: HTTP/1.1)
POST /session/98bb4355a5d0df488e48e90925cf8edd/element HTTP/1.1
User-Agent: selenium/4.8.1 (java windows)
Content-Length: 155
Content-Type: application/json; charset=utf-8
host: localhost:5611
accept: */*

Response DefaultHttpResponse(decodeResult: success, version: HTTP/1.1)
HTTP/1.1 200 OK
Content-Length: 94
Content-Type: application/json; charset=utf-8
cache-control: no-cache

12:42:34.431 [AsyncHttpClient-1-8] DEBUG org.asynchttpclient.netty.channel.ChannelManager - Adding key: http://localhost:5611 for channel [id: 0xdb386110, L:/127.0.0.1:59232 - R:localhost/127.0.0.1:5611]
12:42:34.433 [Forwarding getElementTagName on session 98bb4355a5d0df488e48e90925cf8edd to remote] DEBUG org.asynchttpclient.netty.request.NettyRequestSender - Using pooled Channel '[id: 0xdb386110, L:/127.0.0.1:59232 - R:localhost/127.0.0.1:5611]' for 'GET' to 'http://localhost:5611/session/98bb4355a5d0df488e48e90925cf8edd/element/C99E201A8BBB56F9B8DFD95CCF2A89CC_element_3/name'
12:42:34.433 [Forwarding getElementTagName on session 98bb4355a5d0df488e48e90925cf8edd to remote] DEBUG org.asynchttpclient.netty.request.NettyRequestSender - Using open Channel [id: 0xdb386110, L:/127.0.0.1:59232 - R:localhost/127.0.0.1:5611] for GET '/session/98bb4355a5d0df488e48e90925cf8edd/element/C99E201A8BBB56F9B8DFD95CCF2A89CC_element_3/name'
12:42:34.447 [AsyncHttpClient-1-8] DEBUG org.asynchttpclient.netty.handler.HttpHandler - 

Request DefaultFullHttpRequest(decodeResult: success, version: HTTP/1.1, content: EmptyByteBufBE)
GET /session/98bb4355a5d0df488e48e90925cf8edd/element/C99E201A8BBB56F9B8DFD95CCF2A89CC_element_3/name HTTP/1.1
User-Agent: selenium/4.8.1 (java windows)
Cache-Control: no-cache
Content-Type: application/json; charset=utf-8
host: localhost:5611
accept: */*

Response DefaultHttpResponse(decodeResult: success, version: HTTP/1.1)
HTTP/1.1 200 OK
Content-Length: 16
Content-Type: application/json; charset=utf-8
cache-control: no-cache

12:42:34.447 [AsyncHttpClient-1-8] DEBUG org.asynchttpclient.netty.channel.ChannelManager - Adding key: http://localhost:5611 for channel [id: 0xdb386110, L:/127.0.0.1:59232 - R:localhost/127.0.0.1:5611]
12:42:34.448 [Forwarding getElementTagName on session 98bb4355a5d0df488e48e90925cf8edd to remote] DEBUG org.asynchttpclient.netty.request.NettyRequestSender - Using pooled Channel '[id: 0xdb386110, L:/127.0.0.1:59232 - R:localhost/127.0.0.1:5611]' for 'GET' to 'http://localhost:5611/session/98bb4355a5d0df488e48e90925cf8edd/element/C99E201A8BBB56F9B8DFD95CCF2A89CC_element_3/name'
12:42:34.449 [Forwarding getElementTagName on session 98bb4355a5d0df488e48e90925cf8edd to remote] DEBUG org.asynchttpclient.netty.request.NettyRequestSender - Using open Channel [id: 0xdb386110, L:/127.0.0.1:59232 - R:localhost/127.0.0.1:5611] for GET '/session/98bb4355a5d0df488e48e90925cf8edd/element/C99E201A8BBB56F9B8DFD95CCF2A89CC_element_3/name'
12:42:34.460 [AsyncHttpClient-1-8] DEBUG org.asynchttpclient.netty.handler.HttpHandler - 

Request DefaultFullHttpRequest(decodeResult: success, version: HTTP/1.1, content: EmptyByteBufBE)
GET /session/98bb4355a5d0df488e48e90925cf8edd/element/C99E201A8BBB56F9B8DFD95CCF2A89CC_element_3/name HTTP/1.1
User-Agent: selenium/4.8.1 (java windows)
Cache-Control: no-cache
Content-Type: application/json; charset=utf-8
host: localhost:5611
accept: */*

Response DefaultHttpResponse(decodeResult: success, version: HTTP/1.1)
HTTP/1.1 200 OK
Content-Length: 16
Content-Type: application/json; charset=utf-8
cache-control: no-cache

12:42:34.460 [AsyncHttpClient-1-8] DEBUG org.asynchttpclient.netty.channel.ChannelManager - Adding key: http://localhost:5611 for channel [id: 0xdb386110, L:/127.0.0.1:59232 - R:localhost/127.0.0.1:5611]
12:42:34.463 [Forwarding findElement on session 98bb4355a5d0df488e48e90925cf8edd to remote] DEBUG org.asynchttpclient.netty.request.NettyRequestSender - Using pooled Channel '[id: 0xdb386110, L:/127.0.0.1:59232 - R:localhost/127.0.0.1:5611]' for 'POST' to 'http://localhost:5611/session/98bb4355a5d0df488e48e90925cf8edd/element'
12:42:34.463 [Forwarding findElement on session 98bb4355a5d0df488e48e90925cf8edd to remote] DEBUG org.asynchttpclient.netty.request.NettyRequestSender - Using open Channel [id: 0xdb386110, L:/127.0.0.1:59232 - R:localhost/127.0.0.1:5611] for POST '/session/98bb4355a5d0df488e48e90925cf8edd/element'
12:42:34.476 [AsyncHttpClient-1-8] DEBUG org.asynchttpclient.netty.handler.HttpHandler - 

Request DefaultHttpRequest(decodeResult: success, version: HTTP/1.1)
POST /session/98bb4355a5d0df488e48e90925cf8edd/element HTTP/1.1
User-Agent: selenium/4.8.1 (java windows)
Content-Length: 155
Content-Type: application/json; charset=utf-8
host: localhost:5611
accept: */*

Response DefaultHttpResponse(decodeResult: success, version: HTTP/1.1)
HTTP/1.1 200 OK
Content-Length: 94
Content-Type: application/json; charset=utf-8
cache-control: no-cache

12:42:34.476 [AsyncHttpClient-1-8] DEBUG org.asynchttpclient.netty.channel.ChannelManager - Adding key: http://localhost:5611 for channel [id: 0xdb386110, L:/127.0.0.1:59232 - R:localhost/127.0.0.1:5611]
12:42:34.478 [Forwarding clickElement on session 98bb4355a5d0df488e48e90925cf8edd to remote] DEBUG org.asynchttpclient.netty.request.NettyRequestSender - Using pooled Channel '[id: 0xdb386110, L:/127.0.0.1:59232 - R:localhost/127.0.0.1:5611]' for 'POST' to 'http://localhost:5611/session/98bb4355a5d0df488e48e90925cf8edd/element/C99E201A8BBB56F9B8DFD95CCF2A89CC_element_3/click'
12:42:34.478 [Forwarding clickElement on session 98bb4355a5d0df488e48e90925cf8edd to remote] DEBUG org.asynchttpclient.netty.request.NettyRequestSender - Using open Channel [id: 0xdb386110, L:/127.0.0.1:59232 - R:localhost/127.0.0.1:5611] for POST '/session/98bb4355a5d0df488e48e90925cf8edd/element/C99E201A8BBB56F9B8DFD95CCF2A89CC_element_3/click'
12:42:34.549 [AsyncHttpClient-1-8] DEBUG org.asynchttpclient.netty.handler.HttpHandler - 

Request DefaultHttpRequest(decodeResult: success, version: HTTP/1.1)
POST /session/98bb4355a5d0df488e48e90925cf8edd/element/C99E201A8BBB56F9B8DFD95CCF2A89CC_element_3/click HTTP/1.1
User-Agent: selenium/4.8.1 (java windows)
Content-Length: 56
Content-Type: application/json; charset=utf-8
host: localhost:5611
accept: */*

Response DefaultHttpResponse(decodeResult: success, version: HTTP/1.1)
HTTP/1.1 200 OK
Content-Length: 14
Content-Type: application/json; charset=utf-8
cache-control: no-cache

12:42:34.549 [AsyncHttpClient-1-8] DEBUG org.asynchttpclient.netty.channel.ChannelManager - Adding key: http://localhost:5611 for channel [id: 0xdb386110, L:/127.0.0.1:59232 - R:localhost/127.0.0.1:5611]
12:42:34.556 [Forwarding getAlertText on session 98bb4355a5d0df488e48e90925cf8edd to remote] DEBUG org.asynchttpclient.netty.request.NettyRequestSender - Using pooled Channel '[id: 0xdb386110, L:/127.0.0.1:59232 - R:localhost/127.0.0.1:5611]' for 'GET' to 'http://localhost:5611/session/98bb4355a5d0df488e48e90925cf8edd/alert/text'
12:42:34.556 [Forwarding getAlertText on session 98bb4355a5d0df488e48e90925cf8edd to remote] DEBUG org.asynchttpclient.netty.request.NettyRequestSender - Using open Channel [id: 0xdb386110, L:/127.0.0.1:59232 - R:localhost/127.0.0.1:5611] for GET '/session/98bb4355a5d0df488e48e90925cf8edd/alert/text'
12:42:34.558 [AsyncHttpClient-1-8] DEBUG org.asynchttpclient.netty.handler.HttpHandler - 

Request DefaultFullHttpRequest(decodeResult: success, version: HTTP/1.1, content: EmptyByteBufBE)
GET /session/98bb4355a5d0df488e48e90925cf8edd/alert/text HTTP/1.1
User-Agent: selenium/4.8.1 (java windows)
Cache-Control: no-cache
Content-Type: application/json; charset=utf-8
host: localhost:5611
accept: */*

Response DefaultHttpResponse(decodeResult: success, version: HTTP/1.1)
HTTP/1.1 404 Not Found
Content-Length: 821
Content-Type: application/json; charset=utf-8
cache-control: no-cache

12:42:34.559 [AsyncHttpClient-1-8] DEBUG org.asynchttpclient.netty.channel.ChannelManager - Adding key: http://localhost:5611 for channel [id: 0xdb386110, L:/127.0.0.1:59232 - R:localhost/127.0.0.1:5611]
12:42:34.560 [Forwarding getCurrentUrl on session 98bb4355a5d0df488e48e90925cf8edd to remote] DEBUG org.asynchttpclient.netty.request.NettyRequestSender - Using pooled Channel '[id: 0xdb386110, L:/127.0.0.1:59232 - R:localhost/127.0.0.1:5611]' for 'GET' to 'http://localhost:5611/session/98bb4355a5d0df488e48e90925cf8edd/url'
12:42:34.560 [Forwarding getCurrentUrl on session 98bb4355a5d0df488e48e90925cf8edd to remote] DEBUG org.asynchttpclient.netty.request.NettyRequestSender - Using open Channel [id: 0xdb386110, L:/127.0.0.1:59232 - R:localhost/127.0.0.1:5611] for GET '/session/98bb4355a5d0df488e48e90925cf8edd/url'
12:42:34.573 [AsyncHttpClient-1-8] DEBUG org.asynchttpclient.netty.handler.HttpHandler - 

Request DefaultFullHttpRequest(decodeResult: success, version: HTTP/1.1, content: EmptyByteBufBE)
GET /session/98bb4355a5d0df488e48e90925cf8edd/url HTTP/1.1
User-Agent: selenium/4.8.1 (java windows)
Cache-Control: no-cache
Content-Type: application/json; charset=utf-8
host: localhost:5611
accept: */*

Response DefaultHttpResponse(decodeResult: success, version: HTTP/1.1)
HTTP/1.1 200 OK
Content-Length: 47
Content-Type: application/json; charset=utf-8
cache-control: no-cache

12:42:34.573 [AsyncHttpClient-1-8] DEBUG org.asynchttpclient.netty.channel.ChannelManager - Adding key: http://localhost:5611 for channel [id: 0xdb386110, L:/127.0.0.1:59232 - R:localhost/127.0.0.1:5611]
12:42:34.574 [Forwarding screenshot on session 98bb4355a5d0df488e48e90925cf8edd to remote] DEBUG org.asynchttpclient.netty.request.NettyRequestSender - Using pooled Channel '[id: 0xdb386110, L:/127.0.0.1:59232 - R:localhost/127.0.0.1:5611]' for 'GET' to 'http://localhost:5611/session/98bb4355a5d0df488e48e90925cf8edd/screenshot'
12:42:34.574 [Forwarding screenshot on session 98bb4355a5d0df488e48e90925cf8edd to remote] DEBUG org.asynchttpclient.netty.request.NettyRequestSender - Using open Channel [id: 0xdb386110, L:/127.0.0.1:59232 - R:localhost/127.0.0.1:5611] for GET '/session/98bb4355a5d0df488e48e90925cf8edd/screenshot'
12:42:34.730 [AsyncHttpClient-1-8] DEBUG org.asynchttpclient.netty.handler.HttpHandler - 

Request DefaultFullHttpRequest(decodeResult: success, version: HTTP/1.1, content: EmptyByteBufBE)
GET /session/98bb4355a5d0df488e48e90925cf8edd/screenshot HTTP/1.1
User-Agent: selenium/4.8.1 (java windows)
Cache-Control: no-cache
Content-Type: application/json; charset=utf-8
host: localhost:5611
accept: */*

Response DefaultHttpResponse(decodeResult: success, version: HTTP/1.1)
HTTP/1.1 200 OK
Content-Length: 119128
Content-Type: application/json; charset=utf-8
cache-control: no-cache

12:42:34.730 [AsyncHttpClient-1-8] DEBUG org.asynchttpclient.netty.channel.ChannelManager - Adding key: http://localhost:5611 for channel [id: 0xdb386110, L:/127.0.0.1:59232 - R:localhost/127.0.0.1:5611]
12:42:34.736 [main] DEBUG net.serenitybdd.core.photography.Darkroom - Send negative for processing for target\site\serenity\1d53a8fe428f6c7d2ae227bd16a142e5618724628db201333ac1e417bad5586a.png
12:42:34.736 [main] DEBUG net.thucydides.core.steps.StepInterceptor - STEP DONE: ClickSigInButton
  &amp#27;[32mAnd &amp#27;[0m&amp#27;[32mI click SigIn button&amp#27;[0m                                                        &amp#27;[90m# starter.stepdefinitions.LoginSteps.clickSigInButton()&amp#27;[0m
12:42:34.736 [Darkroom Processing Line] DEBUG net.serenitybdd.core.photography.DarkroomProcessingLine - Processing screenshot image in /var/screenshots/screenshot-15220345427782515766
12:42:34.736 [Darkroom Processing Line] DEBUG net.serenitybdd.core.photography.DarkroomProcessingLine - Saving screenshot to target\site\serenity\1d53a8fe428f6c7d2ae227bd16a142e5618724628db201333ac1e417bad5586a.png
12:42:34.744 [Forwarding getPageSource on session 98bb4355a5d0df488e48e90925cf8edd to remote] DEBUG org.asynchttpclient.netty.request.NettyRequestSender - Using pooled Channel '[id: 0xdb386110, L:/127.0.0.1:59232 - R:localhost/127.0.0.1:5611]' for 'POST' to 'http://localhost:5611/session/98bb4355a5d0df488e48e90925cf8edd/execute/sync'
12:42:34.744 [Forwarding getPageSource on session 98bb4355a5d0df488e48e90925cf8edd to remote] DEBUG org.asynchttpclient.netty.request.NettyRequestSender - Using open Channel [id: 0xdb386110, L:/127.0.0.1:59232 - R:localhost/127.0.0.1:5611] for POST '/session/98bb4355a5d0df488e48e90925cf8edd/execute/sync'
12:42:34.768 [AsyncHttpClient-1-8] DEBUG org.asynchttpclient.netty.handler.HttpHandler - 

Request DefaultHttpRequest(decodeResult: success, version: HTTP/1.1)
POST /session/98bb4355a5d0df488e48e90925cf8edd/execute/sync HTTP/1.1
User-Agent: selenium/4.8.1 (java windows)
Content-Length: 176
Content-Type: application/json; charset=utf-8
host: localhost:5611
accept: */*

Response DefaultHttpResponse(decodeResult: success, version: HTTP/1.1)
HTTP/1.1 200 OK
Content-Length: 160491
Content-Type: application/json; charset=utf-8
cache-control: no-cache

12:42:34.769 [AsyncHttpClient-1-8] DEBUG org.asynchttpclient.netty.channel.ChannelManager - Adding key: http://localhost:5611 for channel [id: 0xdb386110, L:/127.0.0.1:59232 - R:localhost/127.0.0.1:5611]
12:42:34.776 [Forwarding getCurrentUrl on session 98bb4355a5d0df488e48e90925cf8edd to remote] DEBUG org.asynchttpclient.netty.request.NettyRequestSender - Using pooled Channel '[id: 0xdb386110, L:/127.0.0.1:59232 - R:localhost/127.0.0.1:5611]' for 'GET' to 'http://localhost:5611/session/98bb4355a5d0df488e48e90925cf8edd/url'
12:42:34.776 [Forwarding getCurrentUrl on session 98bb4355a5d0df488e48e90925cf8edd to remote] DEBUG org.asynchttpclient.netty.request.NettyRequestSender - Using open Channel [id: 0xdb386110, L:/127.0.0.1:59232 - R:localhost/127.0.0.1:5611] for GET '/session/98bb4355a5d0df488e48e90925cf8edd/url'
12:42:34.790 [AsyncHttpClient-1-8] DEBUG org.asynchttpclient.netty.handler.HttpHandler - 

Request DefaultFullHttpRequest(decodeResult: success, version: HTTP/1.1, content: EmptyByteBufBE)
GET /session/98bb4355a5d0df488e48e90925cf8edd/url HTTP/1.1
User-Agent: selenium/4.8.1 (java windows)
Cache-Control: no-cache
Content-Type: application/json; charset=utf-8
host: localhost:5611
accept: */*

Response DefaultHttpResponse(decodeResult: success, version: HTTP/1.1)
HTTP/1.1 200 OK
Content-Length: 47
Content-Type: application/json; charset=utf-8
cache-control: no-cache

12:42:34.790 [AsyncHttpClient-1-8] DEBUG org.asynchttpclient.netty.channel.ChannelManager - Adding key: http://localhost:5611 for channel [id: 0xdb386110, L:/127.0.0.1:59232 - R:localhost/127.0.0.1:5611]
12:42:34.800 [Forwarding getAlertText on session 98bb4355a5d0df488e48e90925cf8edd to remote] DEBUG org.asynchttpclient.netty.request.NettyRequestSender - Using pooled Channel '[id: 0xdb386110, L:/127.0.0.1:59232 - R:localhost/127.0.0.1:5611]' for 'GET' to 'http://localhost:5611/session/98bb4355a5d0df488e48e90925cf8edd/alert/text'
12:42:34.800 [Forwarding getAlertText on session 98bb4355a5d0df488e48e90925cf8edd to remote] DEBUG org.asynchttpclient.netty.request.NettyRequestSender - Using open Channel [id: 0xdb386110, L:/127.0.0.1:59232 - R:localhost/127.0.0.1:5611] for GET '/session/98bb4355a5d0df488e48e90925cf8edd/alert/text'
12:42:34.804 [AsyncHttpClient-1-8] DEBUG org.asynchttpclient.netty.handler.HttpHandler - 

Request DefaultFullHttpRequest(decodeResult: success, version: HTTP/1.1, content: EmptyByteBufBE)
GET /session/98bb4355a5d0df488e48e90925cf8edd/alert/text HTTP/1.1
User-Agent: selenium/4.8.1 (java windows)
Cache-Control: no-cache
Content-Type: application/json; charset=utf-8
host: localhost:5611
accept: */*

Response DefaultHttpResponse(decodeResult: success, version: HTTP/1.1)
HTTP/1.1 404 Not Found
Content-Length: 821
Content-Type: application/json; charset=utf-8
cache-control: no-cache

12:42:34.804 [AsyncHttpClient-1-8] DEBUG org.asynchttpclient.netty.channel.ChannelManager - Adding key: http://localhost:5611 for channel [id: 0xdb386110, L:/127.0.0.1:59232 - R:localhost/127.0.0.1:5611]
12:42:34.805 [Forwarding getCurrentUrl on session 98bb4355a5d0df488e48e90925cf8edd to remote] DEBUG org.asynchttpclient.netty.request.NettyRequestSender - Using pooled Channel '[id: 0xdb386110, L:/127.0.0.1:59232 - R:localhost/127.0.0.1:5611]' for 'GET' to 'http://localhost:5611/session/98bb4355a5d0df488e48e90925cf8edd/url'
12:42:34.805 [Forwarding getCurrentUrl on session 98bb4355a5d0df488e48e90925cf8edd to remote] DEBUG org.asynchttpclient.netty.request.NettyRequestSender - Using open Channel [id: 0xdb386110, L:/127.0.0.1:59232 - R:localhost/127.0.0.1:5611] for GET '/session/98bb4355a5d0df488e48e90925cf8edd/url'
12:42:34.816 [AsyncHttpClient-1-8] DEBUG org.asynchttpclient.netty.handler.HttpHandler - 

Request DefaultFullHttpRequest(decodeResult: success, version: HTTP/1.1, content: EmptyByteBufBE)
GET /session/98bb4355a5d0df488e48e90925cf8edd/url HTTP/1.1
User-Agent: selenium/4.8.1 (java windows)
Cache-Control: no-cache
Content-Type: application/json; charset=utf-8
host: localhost:5611
accept: */*

Response DefaultHttpResponse(decodeResult: success, version: HTTP/1.1)
HTTP/1.1 200 OK
Content-Length: 47
Content-Type: application/json; charset=utf-8
cache-control: no-cache

12:42:34.817 [AsyncHttpClient-1-8] DEBUG org.asynchttpclient.netty.channel.ChannelManager - Adding key: http://localhost:5611 for channel [id: 0xdb386110, L:/127.0.0.1:59232 - R:localhost/127.0.0.1:5611]
12:42:34.818 [Forwarding screenshot on session 98bb4355a5d0df488e48e90925cf8edd to remote] DEBUG org.asynchttpclient.netty.request.NettyRequestSender - Using pooled Channel '[id: 0xdb386110, L:/127.0.0.1:59232 - R:localhost/127.0.0.1:5611]' for 'GET' to 'http://localhost:5611/session/98bb4355a5d0df488e48e90925cf8edd/screenshot'
12:42:34.818 [Forwarding screenshot on session 98bb4355a5d0df488e48e90925cf8edd to remote] DEBUG org.asynchttpclient.netty.request.NettyRequestSender - Using open Channel [id: 0xdb386110, L:/127.0.0.1:59232 - R:localhost/127.0.0.1:5611] for GET '/session/98bb4355a5d0df488e48e90925cf8edd/screenshot'
12:42:35.007 [AsyncHttpClient-1-8] DEBUG org.asynchttpclient.netty.handler.HttpHandler - 

Request DefaultFullHttpRequest(decodeResult: success, version: HTTP/1.1, content: EmptyByteBufBE)
GET /session/98bb4355a5d0df488e48e90925cf8edd/screenshot HTTP/1.1
User-Agent: selenium/4.8.1 (java windows)
Cache-Control: no-cache
Content-Type: application/json; charset=utf-8
host: localhost:5611
accept: */*

Response DefaultHttpResponse(decodeResult: success, version: HTTP/1.1)
HTTP/1.1 200 OK
Content-Length: 119304
Content-Type: application/json; charset=utf-8
cache-control: no-cache

12:42:35.007 [AsyncHttpClient-1-8] DEBUG org.asynchttpclient.netty.channel.ChannelManager - Adding key: http://localhost:5611 for channel [id: 0xdb386110, L:/127.0.0.1:59232 - R:localhost/127.0.0.1:5611]
12:42:35.010 [main] DEBUG net.serenitybdd.core.photography.Darkroom - Send negative for processing for target\site\serenity\af5beb9ecc25956b9c2ce19f532951962c940be5d3a62bfd1fd7796dc5a3710e.png
12:42:35.011 [Darkroom Processing Line] DEBUG net.serenitybdd.core.photography.DarkroomProcessingLine - Processing screenshot image in /var/screenshots/screenshot-5573273343635992934
12:42:35.011 [Darkroom Processing Line] DEBUG net.serenitybdd.core.photography.DarkroomProcessingLine - Saving screenshot to target\site\serenity\af5beb9ecc25956b9c2ce19f532951962c940be5d3a62bfd1fd7796dc5a3710e.png
12:42:35.012 [Forwarding getPageSource on session 98bb4355a5d0df488e48e90925cf8edd to remote] DEBUG org.asynchttpclient.netty.request.NettyRequestSender - Using pooled Channel '[id: 0xdb386110, L:/127.0.0.1:59232 - R:localhost/127.0.0.1:5611]' for 'POST' to 'http://localhost:5611/session/98bb4355a5d0df488e48e90925cf8edd/execute/sync'
12:42:35.012 [Forwarding getPageSource on session 98bb4355a5d0df488e48e90925cf8edd to remote] DEBUG org.asynchttpclient.netty.request.NettyRequestSender - Using open Channel [id: 0xdb386110, L:/127.0.0.1:59232 - R:localhost/127.0.0.1:5611] for POST '/session/98bb4355a5d0df488e48e90925cf8edd/execute/sync'
12:42:35.037 [AsyncHttpClient-1-8] DEBUG org.asynchttpclient.netty.handler.HttpHandler - 

Request DefaultHttpRequest(decodeResult: success, version: HTTP/1.1)
POST /session/98bb4355a5d0df488e48e90925cf8edd/execute/sync HTTP/1.1
User-Agent: selenium/4.8.1 (java windows)
Content-Length: 176
Content-Type: application/json; charset=utf-8
host: localhost:5611
accept: */*

Response DefaultHttpResponse(decodeResult: success, version: HTTP/1.1)
HTTP/1.1 200 OK
Content-Length: 160343
Content-Type: application/json; charset=utf-8
cache-control: no-cache

12:42:35.037 [AsyncHttpClient-1-8] DEBUG org.asynchttpclient.netty.channel.ChannelManager - Adding key: http://localhost:5611 for channel [id: 0xdb386110, L:/127.0.0.1:59232 - R:localhost/127.0.0.1:5611]
12:42:35.044 [Forwarding getCurrentUrl on session 98bb4355a5d0df488e48e90925cf8edd to remote] DEBUG org.asynchttpclient.netty.request.NettyRequestSender - Using pooled Channel '[id: 0xdb386110, L:/127.0.0.1:59232 - R:localhost/127.0.0.1:5611]' for 'GET' to 'http://localhost:5611/session/98bb4355a5d0df488e48e90925cf8edd/url'
12:42:35.044 [Forwarding getCurrentUrl on session 98bb4355a5d0df488e48e90925cf8edd to remote] DEBUG org.asynchttpclient.netty.request.NettyRequestSender - Using open Channel [id: 0xdb386110, L:/127.0.0.1:59232 - R:localhost/127.0.0.1:5611] for GET '/session/98bb4355a5d0df488e48e90925cf8edd/url'
12:42:35.056 [AsyncHttpClient-1-8] DEBUG org.asynchttpclient.netty.handler.HttpHandler - 

Request DefaultFullHttpRequest(decodeResult: success, version: HTTP/1.1, content: EmptyByteBufBE)
GET /session/98bb4355a5d0df488e48e90925cf8edd/url HTTP/1.1
User-Agent: selenium/4.8.1 (java windows)
Cache-Control: no-cache
Content-Type: application/json; charset=utf-8
host: localhost:5611
accept: */*

Response DefaultHttpResponse(decodeResult: success, version: HTTP/1.1)
HTTP/1.1 200 OK
Content-Length: 47
Content-Type: application/json; charset=utf-8
cache-control: no-cache

12:42:35.056 [AsyncHttpClient-1-8] DEBUG org.asynchttpclient.netty.channel.ChannelManager - Adding key: http://localhost:5611 for channel [id: 0xdb386110, L:/127.0.0.1:59232 - R:localhost/127.0.0.1:5611]
12:42:35.059 [main] DEBUG net.thucydides.core.steps.StepInterceptor - STARTING STEP: LoginSteps.iCanSeeErrorMessage - validateErrorMessageDisplayed
12:42:35.060 [Forwarding findElement on session 98bb4355a5d0df488e48e90925cf8edd to remote] DEBUG org.asynchttpclient.netty.request.NettyRequestSender - Using pooled Channel '[id: 0xdb386110, L:/127.0.0.1:59232 - R:localhost/127.0.0.1:5611]' for 'POST' to 'http://localhost:5611/session/98bb4355a5d0df488e48e90925cf8edd/element'
12:42:35.060 [Forwarding findElement on session 98bb4355a5d0df488e48e90925cf8edd to remote] DEBUG org.asynchttpclient.netty.request.NettyRequestSender - Using open Channel [id: 0xdb386110, L:/127.0.0.1:59232 - R:localhost/127.0.0.1:5611] for POST '/session/98bb4355a5d0df488e48e90925cf8edd/element'
12:42:35.075 [AsyncHttpClient-1-8] DEBUG org.asynchttpclient.netty.handler.HttpHandler - 

Request DefaultHttpRequest(decodeResult: success, version: HTTP/1.1)
POST /session/98bb4355a5d0df488e48e90925cf8edd/element HTTP/1.1
User-Agent: selenium/4.8.1 (java windows)
Content-Length: 155
Content-Type: application/json; charset=utf-8
host: localhost:5611
accept: */*

Response DefaultHttpResponse(decodeResult: success, version: HTTP/1.1)
HTTP/1.1 200 OK
Content-Length: 95
Content-Type: application/json; charset=utf-8
cache-control: no-cache

12:42:35.075 [AsyncHttpClient-1-8] DEBUG org.asynchttpclient.netty.channel.ChannelManager - Adding key: http://localhost:5611 for channel [id: 0xdb386110, L:/127.0.0.1:59232 - R:localhost/127.0.0.1:5611]
12:42:35.078 [Forwarding isElementDisplayed on session 98bb4355a5d0df488e48e90925cf8edd to remote] DEBUG org.asynchttpclient.netty.request.NettyRequestSender - Using pooled Channel '[id: 0xdb386110, L:/127.0.0.1:59232 - R:localhost/127.0.0.1:5611]' for 'POST' to 'http://localhost:5611/session/98bb4355a5d0df488e48e90925cf8edd/execute/sync'
12:42:35.078 [Forwarding isElementDisplayed on session 98bb4355a5d0df488e48e90925cf8edd to remote] DEBUG org.asynchttpclient.netty.request.NettyRequestSender - Using open Channel [id: 0xdb386110, L:/127.0.0.1:59232 - R:localhost/127.0.0.1:5611] for POST '/session/98bb4355a5d0df488e48e90925cf8edd/execute/sync'
12:42:35.100 [AsyncHttpClient-1-8] DEBUG org.asynchttpclient.netty.handler.HttpHandler - 

Request DefaultHttpRequest(decodeResult: success, version: HTTP/1.1)
POST /session/98bb4355a5d0df488e48e90925cf8edd/execute/sync HTTP/1.1
User-Agent: selenium/4.8.1 (java windows)
Content-Length: 48814
Content-Type: application/json; charset=utf-8
host: localhost:5611
accept: */*

Response DefaultHttpResponse(decodeResult: success, version: HTTP/1.1)
HTTP/1.1 200 OK
Content-Length: 14
Content-Type: application/json; charset=utf-8
cache-control: no-cache

12:42:35.100 [AsyncHttpClient-1-8] DEBUG org.asynchttpclient.netty.channel.ChannelManager - Adding key: http://localhost:5611 for channel [id: 0xdb386110, L:/127.0.0.1:59232 - R:localhost/127.0.0.1:5611]
12:42:35.105 [Forwarding getAlertText on session 98bb4355a5d0df488e48e90925cf8edd to remote] DEBUG org.asynchttpclient.netty.request.NettyRequestSender - Using pooled Channel '[id: 0xdb386110, L:/127.0.0.1:59232 - R:localhost/127.0.0.1:5611]' for 'GET' to 'http://localhost:5611/session/98bb4355a5d0df488e48e90925cf8edd/alert/text'
12:42:35.105 [Forwarding getAlertText on session 98bb4355a5d0df488e48e90925cf8edd to remote] DEBUG org.asynchttpclient.netty.request.NettyRequestSender - Using open Channel [id: 0xdb386110, L:/127.0.0.1:59232 - R:localhost/127.0.0.1:5611] for GET '/session/98bb4355a5d0df488e48e90925cf8edd/alert/text'
12:42:35.108 [AsyncHttpClient-1-8] DEBUG org.asynchttpclient.netty.handler.HttpHandler - 

Request DefaultFullHttpRequest(decodeResult: success, version: HTTP/1.1, content: EmptyByteBufBE)
GET /session/98bb4355a5d0df488e48e90925cf8edd/alert/text HTTP/1.1
User-Agent: selenium/4.8.1 (java windows)
Cache-Control: no-cache
Content-Type: application/json; charset=utf-8
host: localhost:5611
accept: */*

Response DefaultHttpResponse(decodeResult: success, version: HTTP/1.1)
HTTP/1.1 404 Not Found
Content-Length: 821
Content-Type: application/json; charset=utf-8
cache-control: no-cache

12:42:35.108 [AsyncHttpClient-1-8] DEBUG org.asynchttpclient.netty.channel.ChannelManager - Adding key: http://localhost:5611 for channel [id: 0xdb386110, L:/127.0.0.1:59232 - R:localhost/127.0.0.1:5611]
12:42:35.110 [Forwarding getCurrentUrl on session 98bb4355a5d0df488e48e90925cf8edd to remote] DEBUG org.asynchttpclient.netty.request.NettyRequestSender - Using pooled Channel '[id: 0xdb386110, L:/127.0.0.1:59232 - R:localhost/127.0.0.1:5611]' for 'GET' to 'http://localhost:5611/session/98bb4355a5d0df488e48e90925cf8edd/url'
12:42:35.110 [Forwarding getCurrentUrl on session 98bb4355a5d0df488e48e90925cf8edd to remote] DEBUG org.asynchttpclient.netty.request.NettyRequestSender - Using open Channel [id: 0xdb386110, L:/127.0.0.1:59232 - R:localhost/127.0.0.1:5611] for GET '/session/98bb4355a5d0df488e48e90925cf8edd/url'
12:42:35.121 [AsyncHttpClient-1-8] DEBUG org.asynchttpclient.netty.handler.HttpHandler - 

Request DefaultFullHttpRequest(decodeResult: success, version: HTTP/1.1, content: EmptyByteBufBE)
GET /session/98bb4355a5d0df488e48e90925cf8edd/url HTTP/1.1
User-Agent: selenium/4.8.1 (java windows)
Cache-Control: no-cache
Content-Type: application/json; charset=utf-8
host: localhost:5611
accept: */*

Response DefaultHttpResponse(decodeResult: success, version: HTTP/1.1)
HTTP/1.1 200 OK
Content-Length: 47
Content-Type: application/json; charset=utf-8
cache-control: no-cache

12:42:35.121 [AsyncHttpClient-1-8] DEBUG org.asynchttpclient.netty.channel.ChannelManager - Adding key: http://localhost:5611 for channel [id: 0xdb386110, L:/127.0.0.1:59232 - R:localhost/127.0.0.1:5611]
12:42:35.122 [Forwarding screenshot on session 98bb4355a5d0df488e48e90925cf8edd to remote] DEBUG org.asynchttpclient.netty.request.NettyRequestSender - Using pooled Channel '[id: 0xdb386110, L:/127.0.0.1:59232 - R:localhost/127.0.0.1:5611]' for 'GET' to 'http://localhost:5611/session/98bb4355a5d0df488e48e90925cf8edd/screenshot'
12:42:35.122 [Forwarding screenshot on session 98bb4355a5d0df488e48e90925cf8edd to remote] DEBUG org.asynchttpclient.netty.request.NettyRequestSender - Using open Channel [id: 0xdb386110, L:/127.0.0.1:59232 - R:localhost/127.0.0.1:5611] for GET '/session/98bb4355a5d0df488e48e90925cf8edd/screenshot'
12:42:35.254 [AsyncHttpClient-1-1] DEBUG org.asynchttpclient.netty.channel.DefaultChannelPool - Entry count for : http://localhost:59233 : 1
12:42:35.306 [AsyncHttpClient-1-8] DEBUG org.asynchttpclient.netty.handler.HttpHandler - 

Request DefaultFullHttpRequest(decodeResult: success, version: HTTP/1.1, content: EmptyByteBufBE)
GET /session/98bb4355a5d0df488e48e90925cf8edd/screenshot HTTP/1.1
User-Agent: selenium/4.8.1 (java windows)
Cache-Control: no-cache
Content-Type: application/json; charset=utf-8
host: localhost:5611
accept: */*

Response DefaultHttpResponse(decodeResult: success, version: HTTP/1.1)
HTTP/1.1 200 OK
Content-Length: 119040
Content-Type: application/json; charset=utf-8
cache-control: no-cache

12:42:35.306 [AsyncHttpClient-1-8] DEBUG org.asynchttpclient.netty.channel.ChannelManager - Adding key: http://localhost:5611 for channel [id: 0xdb386110, L:/127.0.0.1:59232 - R:localhost/127.0.0.1:5611]
12:42:35.309 [main] DEBUG net.serenitybdd.core.photography.Darkroom - Send negative for processing for target\site\serenity\986babc4df152491df9ff8827fee2f85158ced7dbf8d90a71323cfe308e8984c.png
12:42:35.309 [main] DEBUG net.thucydides.core.steps.StepInterceptor - STEP DONE: validateErrorMessageDisplayed
12:42:35.309 [Darkroom Processing Line] DEBUG net.serenitybdd.core.photography.DarkroomProcessingLine - Processing screenshot image in /var/screenshots/screenshot-9989907785216770935
12:42:35.309 [Darkroom Processing Line] DEBUG net.serenitybdd.core.photography.DarkroomProcessingLine - Saving screenshot to target\site\serenity\986babc4df152491df9ff8827fee2f85158ced7dbf8d90a71323cfe308e8984c.png
12:42:35.315 [Forwarding getPageSource on session 98bb4355a5d0df488e48e90925cf8edd to remote] DEBUG org.asynchttpclient.netty.request.NettyRequestSender - Using pooled Channel '[id: 0xdb386110, L:/127.0.0.1:59232 - R:localhost/127.0.0.1:5611]' for 'POST' to 'http://localhost:5611/session/98bb4355a5d0df488e48e90925cf8edd/execute/sync'
12:42:35.316 [Forwarding getPageSource on session 98bb4355a5d0df488e48e90925cf8edd to remote] DEBUG org.asynchttpclient.netty.request.NettyRequestSender - Using open Channel [id: 0xdb386110, L:/127.0.0.1:59232 - R:localhost/127.0.0.1:5611] for POST '/session/98bb4355a5d0df488e48e90925cf8edd/execute/sync'
12:42:35.343 [AsyncHttpClient-1-8] DEBUG org.asynchttpclient.netty.handler.HttpHandler - 

Request DefaultHttpRequest(decodeResult: success, version: HTTP/1.1)
POST /session/98bb4355a5d0df488e48e90925cf8edd/execute/sync HTTP/1.1
User-Agent: selenium/4.8.1 (java windows)
Content-Length: 176
Content-Type: application/json; charset=utf-8
host: localhost:5611
accept: */*

Response DefaultHttpResponse(decodeResult: success, version: HTTP/1.1)
HTTP/1.1 200 OK
Content-Length: 166598
Content-Type: application/json; charset=utf-8
cache-control: no-cache

12:42:35.343 [AsyncHttpClient-1-8] DEBUG org.asynchttpclient.netty.channel.ChannelManager - Adding key: http://localhost:5611 for channel [id: 0xdb386110, L:/127.0.0.1:59232 - R:localhost/127.0.0.1:5611]
12:42:35.358 [Forwarding getCurrentUrl on session 98bb4355a5d0df488e48e90925cf8edd to remote] DEBUG org.asynchttpclient.netty.request.NettyRequestSender - Using pooled Channel '[id: 0xdb386110, L:/127.0.0.1:59232 - R:localhost/127.0.0.1:5611]' for 'GET' to 'http://localhost:5611/session/98bb4355a5d0df488e48e90925cf8edd/url'
12:42:35.358 [Forwarding getCurrentUrl on session 98bb4355a5d0df488e48e90925cf8edd to remote] DEBUG org.asynchttpclient.netty.request.NettyRequestSender - Using open Channel [id: 0xdb386110, L:/127.0.0.1:59232 - R:localhost/127.0.0.1:5611] for GET '/session/98bb4355a5d0df488e48e90925cf8edd/url'
12:42:35.365 [AsyncHttpClient-1-8] DEBUG org.asynchttpclient.netty.handler.HttpHandler - 

Request DefaultFullHttpRequest(decodeResult: success, version: HTTP/1.1, content: EmptyByteBufBE)
GET /session/98bb4355a5d0df488e48e90925cf8edd/url HTTP/1.1
User-Agent: selenium/4.8.1 (java windows)
Cache-Control: no-cache
Content-Type: application/json; charset=utf-8
host: localhost:5611
accept: */*

Response DefaultHttpResponse(decodeResult: success, version: HTTP/1.1)
HTTP/1.1 200 OK
Content-Length: 47
Content-Type: application/json; charset=utf-8
cache-control: no-cache

12:42:35.367 [AsyncHttpClient-1-8] DEBUG org.asynchttpclient.netty.channel.ChannelManager - Adding key: http://localhost:5611 for channel [id: 0xdb386110, L:/127.0.0.1:59232 - R:localhost/127.0.0.1:5611]
12:42:35.372 [main] DEBUG net.thucydides.core.steps.StepInterceptor - STARTING STEP: LoginSteps.iCanSeeErrorMessage - validateEqualErrorMessage
12:42:35.375 [Forwarding findElement on session 98bb4355a5d0df488e48e90925cf8edd to remote] DEBUG org.asynchttpclient.netty.request.NettyRequestSender - Using pooled Channel '[id: 0xdb386110, L:/127.0.0.1:59232 - R:localhost/127.0.0.1:5611]' for 'POST' to 'http://localhost:5611/session/98bb4355a5d0df488e48e90925cf8edd/element'
12:42:35.376 [Forwarding findElement on session 98bb4355a5d0df488e48e90925cf8edd to remote] DEBUG org.asynchttpclient.netty.request.NettyRequestSender - Using open Channel [id: 0xdb386110, L:/127.0.0.1:59232 - R:localhost/127.0.0.1:5611] for POST '/session/98bb4355a5d0df488e48e90925cf8edd/element'
12:42:35.391 [AsyncHttpClient-1-8] DEBUG org.asynchttpclient.netty.handler.HttpHandler - 

Request DefaultHttpRequest(decodeResult: success, version: HTTP/1.1)
POST /session/98bb4355a5d0df488e48e90925cf8edd/element HTTP/1.1
User-Agent: selenium/4.8.1 (java windows)
Content-Length: 155
Content-Type: application/json; charset=utf-8
host: localhost:5611
accept: */*

Response DefaultHttpResponse(decodeResult: success, version: HTTP/1.1)
HTTP/1.1 200 OK
Content-Length: 95
Content-Type: application/json; charset=utf-8
cache-control: no-cache

12:42:35.391 [AsyncHttpClient-1-8] DEBUG org.asynchttpclient.netty.channel.ChannelManager - Adding key: http://localhost:5611 for channel [id: 0xdb386110, L:/127.0.0.1:59232 - R:localhost/127.0.0.1:5611]
12:42:35.392 [Forwarding getElementText on session 98bb4355a5d0df488e48e90925cf8edd to remote] DEBUG org.asynchttpclient.netty.request.NettyRequestSender - Using pooled Channel '[id: 0xdb386110, L:/127.0.0.1:59232 - R:localhost/127.0.0.1:5611]' for 'GET' to 'http://localhost:5611/session/98bb4355a5d0df488e48e90925cf8edd/element/C99E201A8BBB56F9B8DFD95CCF2A89CC_element_16/text'
12:42:35.392 [Forwarding getElementText on session 98bb4355a5d0df488e48e90925cf8edd to remote] DEBUG org.asynchttpclient.netty.request.NettyRequestSender - Using open Channel [id: 0xdb386110, L:/127.0.0.1:59232 - R:localhost/127.0.0.1:5611] for GET '/session/98bb4355a5d0df488e48e90925cf8edd/element/C99E201A8BBB56F9B8DFD95CCF2A89CC_element_16/text'
12:42:35.413 [AsyncHttpClient-1-8] DEBUG org.asynchttpclient.netty.handler.HttpHandler - 

Request DefaultFullHttpRequest(decodeResult: success, version: HTTP/1.1, content: EmptyByteBufBE)
GET /session/98bb4355a5d0df488e48e90925cf8edd/element/C99E201A8BBB56F9B8DFD95CCF2A89CC_element_16/text HTTP/1.1
User-Agent: selenium/4.8.1 (java windows)
Cache-Control: no-cache
Content-Type: application/json; charset=utf-8
host: localhost:5611
accept: */*

Response DefaultHttpResponse(decodeResult: success, version: HTTP/1.1)
HTTP/1.1 200 OK
Content-Length: 12
Content-Type: application/json; charset=utf-8
cache-control: no-cache

12:42:35.413 [AsyncHttpClient-1-8] DEBUG org.asynchttpclient.netty.channel.ChannelManager - Adding key: http://localhost:5611 for channel [id: 0xdb386110, L:/127.0.0.1:59232 - R:localhost/127.0.0.1:5611]
12:42:35.424 [Forwarding getAlertText on session 98bb4355a5d0df488e48e90925cf8edd to remote] DEBUG org.asynchttpclient.netty.request.NettyRequestSender - Using pooled Channel '[id: 0xdb386110, L:/127.0.0.1:59232 - R:localhost/127.0.0.1:5611]' for 'GET' to 'http://localhost:5611/session/98bb4355a5d0df488e48e90925cf8edd/alert/text'
12:42:35.425 [Forwarding getAlertText on session 98bb4355a5d0df488e48e90925cf8edd to remote] DEBUG org.asynchttpclient.netty.request.NettyRequestSender - Using open Channel [id: 0xdb386110, L:/127.0.0.1:59232 - R:localhost/127.0.0.1:5611] for GET '/session/98bb4355a5d0df488e48e90925cf8edd/alert/text'
12:42:35.427 [AsyncHttpClient-1-8] DEBUG org.asynchttpclient.netty.handler.HttpHandler - 

Request DefaultFullHttpRequest(decodeResult: success, version: HTTP/1.1, content: EmptyByteBufBE)
GET /session/98bb4355a5d0df488e48e90925cf8edd/alert/text HTTP/1.1
User-Agent: selenium/4.8.1 (java windows)
Cache-Control: no-cache
Content-Type: application/json; charset=utf-8
host: localhost:5611
accept: */*

Response DefaultHttpResponse(decodeResult: success, version: HTTP/1.1)
HTTP/1.1 404 Not Found
Content-Length: 821
Content-Type: application/json; charset=utf-8
cache-control: no-cache

12:42:35.428 [AsyncHttpClient-1-8] DEBUG org.asynchttpclient.netty.channel.ChannelManager - Adding key: http://localhost:5611 for channel [id: 0xdb386110, L:/127.0.0.1:59232 - R:localhost/127.0.0.1:5611]
12:42:35.429 [Forwarding getCurrentUrl on session 98bb4355a5d0df488e48e90925cf8edd to remote] DEBUG org.asynchttpclient.netty.request.NettyRequestSender - Using pooled Channel '[id: 0xdb386110, L:/127.0.0.1:59232 - R:localhost/127.0.0.1:5611]' for 'GET' to 'http://localhost:5611/session/98bb4355a5d0df488e48e90925cf8edd/url'
12:42:35.429 [Forwarding getCurrentUrl on session 98bb4355a5d0df488e48e90925cf8edd to remote] DEBUG org.asynchttpclient.netty.request.NettyRequestSender - Using open Channel [id: 0xdb386110, L:/127.0.0.1:59232 - R:localhost/127.0.0.1:5611] for GET '/session/98bb4355a5d0df488e48e90925cf8edd/url'
12:42:35.442 [AsyncHttpClient-1-8] DEBUG org.asynchttpclient.netty.handler.HttpHandler - 

Request DefaultFullHttpRequest(decodeResult: success, version: HTTP/1.1, content: EmptyByteBufBE)
GET /session/98bb4355a5d0df488e48e90925cf8edd/url HTTP/1.1
User-Agent: selenium/4.8.1 (java windows)
Cache-Control: no-cache
Content-Type: application/json; charset=utf-8
host: localhost:5611
accept: */*

Response DefaultHttpResponse(decodeResult: success, version: HTTP/1.1)
HTTP/1.1 200 OK
Content-Length: 47
Content-Type: application/json; charset=utf-8
cache-control: no-cache

12:42:35.442 [AsyncHttpClient-1-8] DEBUG org.asynchttpclient.netty.channel.ChannelManager - Adding key: http://localhost:5611 for channel [id: 0xdb386110, L:/127.0.0.1:59232 - R:localhost/127.0.0.1:5611]
12:42:35.444 [Forwarding screenshot on session 98bb4355a5d0df488e48e90925cf8edd to remote] DEBUG org.asynchttpclient.netty.request.NettyRequestSender - Using pooled Channel '[id: 0xdb386110, L:/127.0.0.1:59232 - R:localhost/127.0.0.1:5611]' for 'GET' to 'http://localhost:5611/session/98bb4355a5d0df488e48e90925cf8edd/screenshot'
12:42:35.444 [Forwarding screenshot on session 98bb4355a5d0df488e48e90925cf8edd to remote] DEBUG org.asynchttpclient.netty.request.NettyRequestSender - Using open Channel [id: 0xdb386110, L:/127.0.0.1:59232 - R:localhost/127.0.0.1:5611] for GET '/session/98bb4355a5d0df488e48e90925cf8edd/screenshot'
12:42:35.687 [AsyncHttpClient-1-8] DEBUG org.asynchttpclient.netty.handler.HttpHandler - 

Request DefaultFullHttpRequest(decodeResult: success, version: HTTP/1.1, content: EmptyByteBufBE)
GET /session/98bb4355a5d0df488e48e90925cf8edd/screenshot HTTP/1.1
User-Agent: selenium/4.8.1 (java windows)
Cache-Control: no-cache
Content-Type: application/json; charset=utf-8
host: localhost:5611
accept: */*

Response DefaultHttpResponse(decodeResult: success, version: HTTP/1.1)
HTTP/1.1 200 OK
Content-Length: 136600
Content-Type: application/json; charset=utf-8
cache-control: no-cache

12:42:35.687 [AsyncHttpClient-1-8] DEBUG org.asynchttpclient.netty.channel.ChannelManager - Adding key: http://localhost:5611 for channel [id: 0xdb386110, L:/127.0.0.1:59232 - R:localhost/127.0.0.1:5611]
12:42:35.691 [main] DEBUG net.serenitybdd.core.photography.Darkroom - Send negative for processing for target\site\serenity\040faa74df5bb1d4b3690b8ac5ea1d8fded6f7762192b4de88d9db23657cea21.png
12:42:35.691 [main] DEBUG net.thucydides.core.steps.StepInterceptor - STEP DONE: validateEqualErrorMessage
  &amp#27;[32mThen &amp#27;[0m&amp#27;[32mI can see error message &amp#27;[0m&amp#27;[32m&amp#27;[1m"Incorrect username or password, please try again"&amp#27;[0m &amp#27;[90m# starter.stepdefinitions.LoginSteps.iCanSeeErrorMessage(java.lang.String)&amp#27;[0m
12:42:35.691 [Darkroom Processing Line] DEBUG net.serenitybdd.core.photography.DarkroomProcessingLine - Processing screenshot image in /var/screenshots/screenshot-14930739508801283681
12:42:35.691 [Darkroom Processing Line] DEBUG net.serenitybdd.core.photography.DarkroomProcessingLine - Saving screenshot to target\site\serenity\040faa74df5bb1d4b3690b8ac5ea1d8fded6f7762192b4de88d9db23657cea21.png
12:42:35.699 [main] INFO  - 
  _____   ___   ___   _____     ___     _     ___   ___   ___   ___  
 |_   _| | __| / __| |_   _|   | _ \   /_\   / __| / __| | __| |   \ 
   | |   | _|  \__ \   | |     |  _/  / _ \  \__ \ \__ \ | _|  | |) |
   |_|   |___| |___/   |_|     |_|   /_/ \_\ |___/ |___/ |___| |___/ 

user input with invalid Username and valid password
----------------------------------------------------------------------
12:42:35.702 [AsyncHttpClient-1-10] DEBUG org.asynchttpclient.netty.handler.WebSocketHandler - Channel Closed: [id: 0x42184bd0, L:/127.0.0.1:59240 ! R:localhost/127.0.0.1:59233] with attribute NettyResponseFuture{currentRetry=0,
	isDone=1,
	isCancelled=0,
	asyncHandler=org.asynchttpclient.ws.WebSocketUpgradeHandler@2b749b70,
	nettyRequest=org.asynchttpclient.netty.request.NettyRequest@6e76107a,
	future=java.util.concurrent.CompletableFuture@28bce144[Completed normally],
	uri=ws://localhost:59233/devtools/browser/b0e0fe25-b18f-4a2b-9bec-a01195a3c535,
	keepAlive=true,
	redirectCount=0,
	timeoutsHolder=null,
	inAuth=0,
	touch=1687844548540}
12:42:35.702 [Driver Command Executor] DEBUG org.asynchttpclient.netty.request.NettyRequestSender - Using pooled Channel '[id: 0xdb386110, L:/127.0.0.1:59232 - R:localhost/127.0.0.1:5611]' for 'DELETE' to 'http://localhost:5611/session/98bb4355a5d0df488e48e90925cf8edd'
12:42:35.702 [AsyncHttpClient-1-10] DEBUG org.asynchttpclient.netty.channel.ChannelManager - Closing Channel [id: 0x42184bd0, L:/127.0.0.1:59240 ! R:localhost/127.0.0.1:59233] 
12:42:35.702 [Driver Command Executor] DEBUG org.asynchttpclient.netty.request.NettyRequestSender - Using open Channel [id: 0xdb386110, L:/127.0.0.1:59232 - R:localhost/127.0.0.1:5611] for DELETE '/session/98bb4355a5d0df488e48e90925cf8edd'
12:42:35.976 [AsyncHttpClient-1-9] DEBUG org.asynchttpclient.netty.handler.HttpHandler - Unexpected I/O exception on channel [id: 0x940ee314, L:/127.0.0.1:59239 - R:localhost/127.0.0.1:59233]
java.net.SocketException: Connection reset
	at java.base/sun.nio.ch.SocketChannelImpl.throwConnectionReset(SocketChannelImpl.java:394)
	at java.base/sun.nio.ch.SocketChannelImpl.read(SocketChannelImpl.java:426)
	at io.netty.buffer.PooledByteBuf.setBytes(PooledByteBuf.java:259)
	at io.netty.buffer.AbstractByteBuf.writeBytes(AbstractByteBuf.java:1132)
	at io.netty.channel.socket.nio.NioSocketChannel.doReadBytes(NioSocketChannel.java:357)
	at io.netty.channel.nio.AbstractNioByteChannel$NioByteUnsafe.read(AbstractNioByteChannel.java:151)
	at io.netty.channel.nio.NioEventLoop.processSelectedKey(NioEventLoop.java:788)
	at io.netty.channel.nio.NioEventLoop.processSelectedKeysOptimized(NioEventLoop.java:724)
	at io.netty.channel.nio.NioEventLoop.processSelectedKeys(NioEventLoop.java:650)
	at io.netty.channel.nio.NioEventLoop.run(NioEventLoop.java:562)
	at io.netty.util.concurrent.SingleThreadEventExecutor$4.run(SingleThreadEventExecutor.java:997)
	at io.netty.util.internal.ThreadExecutorMap$2.run(ThreadExecutorMap.java:74)
	at io.netty.util.concurrent.FastThreadLocalRunnable.run(FastThreadLocalRunnable.java:30)
	at java.base/java.lang.Thread.run(Thread.java:833)
12:42:35.976 [AsyncHttpClient-1-9] DEBUG org.asynchttpclient.netty.channel.ChannelManager - Closing Channel [id: 0x940ee314, L:/127.0.0.1:59239 - R:localhost/127.0.0.1:59233] 
12:42:35.976 [AsyncHttpClient-1-9] DEBUG org.asynchttpclient.netty.handler.HttpHandler - Channel Closed: [id: 0x940ee314, L:/127.0.0.1:59239 ! R:localhost/127.0.0.1:59233] with attribute DISCARD
12:42:36.007 [AsyncHttpClient-1-8] DEBUG org.asynchttpclient.netty.handler.HttpHandler - 

Request DefaultFullHttpRequest(decodeResult: success, version: HTTP/1.1, content: EmptyByteBufBE)
DELETE /session/98bb4355a5d0df488e48e90925cf8edd HTTP/1.1
User-Agent: selenium/4.8.1 (java windows)
Content-Type: application/json; charset=utf-8
host: localhost:5611
accept: */*

Response DefaultHttpResponse(decodeResult: success, version: HTTP/1.1)
HTTP/1.1 200 OK
Content-Length: 14
Content-Type: application/json; charset=utf-8
cache-control: no-cache

12:42:36.007 [AsyncHttpClient-1-8] DEBUG org.asynchttpclient.netty.channel.ChannelManager - Adding key: http://localhost:5611 for channel [id: 0xdb386110, L:/127.0.0.1:59232 - R:localhost/127.0.0.1:5611]
12:42:36.059 [AsyncHttpClient-1-8] DEBUG org.asynchttpclient.netty.handler.HttpHandler - Channel Closed: [id: 0xdb386110, L:/127.0.0.1:59232 ! R:localhost/127.0.0.1:5611] with attribute DISCARD
]]></system-out>
    <system-err><![CDATA[Starting ChromeDriver 114.0.5735.90 (386bc09e8f4f2e025eddae123f36f6263096ae49-refs/branch-heads/5735@{#1052}) on port 5611
Only local connections are allowed.
Please see https://chromedriver.chromium.org/security-considerations for suggestions on keeping ChromeDriver safe.
ChromeDriver was started successfully.
Jun 27, 2023 12:42:28 PM org.openqa.selenium.devtools.CdpVersionFinder findNearestMatch
WARNING: Unable to find an exact match for CDP version 114, so returning the closest version found: 110
]]></system-err>
  </testcase>
  <testcase name="user does not enter the Username and Password" classname="Login" time="12.964">
    <system-out><![CDATA[
Scenario: user does not enter the Username and Password                          &amp#27;[90m# src/test/resources/features/login.feature:28&amp#27;[0m
12:42:36.098 [main] DEBUG io.cucumber.core.plugin.SerenityReporter - Running feature from file:///D:/alta/Capstone/WEB/CapstoneWEB/src/test/resources/features/login.feature
12:42:36.100 [main] INFO  - 
  _____   ___   ___   _____     ___   _____     _     ___   _____   ___   ___  
 |_   _| | __| / __| |_   _|   / __| |_   _|   /_\   | _ \ |_   _| | __| |   \ 
   | |   | _|  \__ \   | |     \__ \   | |    / _ \  |   /   | |   | _|  | |) |
   |_|   |___| |___/   |_|     |___/   |_|   /_/ \_\ |_|_\   |_|   |___| |___/ 

user does not enter the Username and Password(login;user-does-not-enter-the-username-and-password)
--------------------------------------------------------------------------------
12:42:36.158 [main] INFO net.serenitybdd.core.webdriver.driverproviders.ChromeDriverProvider - Starting Chrome driver instance with capabilities:
12:42:36.159 [main] INFO net.serenitybdd.core.webdriver.driverproviders.ChromeDriverProvider - Capabilities {acceptInsecureCerts: false, browserName: chrome, goog:chromeOptions: {args: [remote-allow-origins=*], extensions: []}}
12:42:36.353 [AsyncHttpClient-1-1] DEBUG org.asynchttpclient.netty.channel.DefaultChannelPool - Entry count for : http://localhost:59233 : 1
12:42:36.353 [AsyncHttpClient-1-1] DEBUG org.asynchttpclient.netty.channel.DefaultChannelPool - Entry count for : http://localhost:5611 : 1
12:42:36.353 [AsyncHttpClient-1-1] DEBUG org.asynchttpclient.netty.channel.DefaultChannelPool - Adding Candidate expired Channel [id: 0x940ee314, L:/127.0.0.1:59239 ! R:localhost/127.0.0.1:59233] isIdleTimeoutExpired=false isRemotelyClosed=true isTtlExpired=false
12:42:36.353 [AsyncHttpClient-1-1] DEBUG org.asynchttpclient.netty.channel.DefaultChannelPool - Closing Idle Channel [id: 0x940ee314, L:/127.0.0.1:59239 ! R:localhost/127.0.0.1:59233]
12:42:36.353 [AsyncHttpClient-1-1] DEBUG org.asynchttpclient.netty.channel.DefaultChannelPool - Adding Candidate expired Channel [id: 0xdb386110, L:/127.0.0.1:59232 ! R:localhost/127.0.0.1:5611] isIdleTimeoutExpired=false isRemotelyClosed=true isTtlExpired=false
12:42:36.353 [AsyncHttpClient-1-1] DEBUG org.asynchttpclient.netty.channel.DefaultChannelPool - Closing Idle Channel [id: 0xdb386110, L:/127.0.0.1:59232 ! R:localhost/127.0.0.1:5611]
12:42:36.353 [AsyncHttpClient-1-1] DEBUG org.asynchttpclient.netty.channel.DefaultChannelPool - Closed 2 connections out of 2 in 0 ms
12:42:36.800 [AsyncHttpClient-1-11] DEBUG org.asynchttpclient.netty.channel.NettyConnectListener - Using new Channel '[id: 0x7fa7ca5d, L:/127.0.0.1:59254 - R:localhost/127.0.0.1:3665]' for 'POST' to '/session'
12:42:37.506 [AsyncHttpClient-1-11] DEBUG org.asynchttpclient.netty.handler.HttpHandler - 

Request DefaultHttpRequest(decodeResult: success, version: HTTP/1.1)
POST /session HTTP/1.1
User-Agent: selenium/4.8.1 (java windows)
Content-Length: 507
Content-Type: application/json; charset=utf-8
host: localhost:3665
accept: */*

Response DefaultHttpResponse(decodeResult: success, version: HTTP/1.1)
HTTP/1.1 200 OK
Content-Length: 861
Content-Type: application/json; charset=utf-8
cache-control: no-cache

12:42:37.506 [AsyncHttpClient-1-11] DEBUG org.asynchttpclient.netty.channel.ChannelManager - Adding key: http://localhost:3665 for channel [id: 0x7fa7ca5d, L:/127.0.0.1:59254 - R:localhost/127.0.0.1:3665]
12:42:37.517 [AsyncHttpClient-1-12] DEBUG org.asynchttpclient.netty.channel.NettyConnectListener - Using new Channel '[id: 0xbe9f90c5, L:/127.0.0.1:59261 - R:localhost/127.0.0.1:59255]' for 'GET' to '/json/version'
12:42:37.523 [AsyncHttpClient-1-12] DEBUG org.asynchttpclient.netty.handler.HttpHandler - 

Request DefaultFullHttpRequest(decodeResult: success, version: HTTP/1.1, content: EmptyByteBufBE)
GET /json/version HTTP/1.1
User-Agent: selenium/4.8.1 (java windows)
host: localhost:59255
accept: */*

Response DefaultHttpResponse(decodeResult: success, version: HTTP/1.1)
HTTP/1.1 200 OK
Content-Security-Policy: frame-ancestors 'none'
Content-Length: 424
Content-Type: application/json; charset=UTF-8

12:42:37.523 [AsyncHttpClient-1-12] DEBUG org.asynchttpclient.netty.channel.ChannelManager - Adding key: http://localhost:59255 for channel [id: 0xbe9f90c5, L:/127.0.0.1:59261 - R:localhost/127.0.0.1:59255]
12:42:37.527 [AsyncHttpClient-1-13] DEBUG org.asynchttpclient.netty.channel.NettyConnectListener - Using new Channel '[id: 0xa1776999, L:/127.0.0.1:59262 - R:localhost/127.0.0.1:59255]' for 'GET' to '/devtools/browser/3df5f06e-208f-4456-b482-93963fc9b071'
12:42:37.530 [AsyncHttpClient-1-13] DEBUG org.asynchttpclient.netty.handler.WebSocketHandler - 

Request DefaultFullHttpRequest(decodeResult: success, version: HTTP/1.1, content: EmptyByteBufBE)
GET /devtools/browser/3df5f06e-208f-4456-b482-93963fc9b071 HTTP/1.1
upgrade: websocket
connection: upgrade
sec-websocket-key: 84laybzpPID1UKUw3YrwEw==
sec-websocket-version: 13
origin: http://localhost:59255
host: localhost:59255
accept: */*
user-agent: AHC/2.1

Response DefaultHttpResponse(decodeResult: success, version: HTTP/1.1)
HTTP/1.1 101 WebSocket Protocol Handshake
Upgrade: WebSocket
Connection: Upgrade
Sec-WebSocket-Accept: wcx4K4aUY93IwLSKHcJIGoMavC4=

12:42:37.541 [Forwarding get on session 8fed4fe1e1d2f10d5051bd033a96e81a to remote] DEBUG org.asynchttpclient.netty.request.NettyRequestSender - Using pooled Channel '[id: 0x7fa7ca5d, L:/127.0.0.1:59254 - R:localhost/127.0.0.1:3665]' for 'POST' to 'http://localhost:3665/session/8fed4fe1e1d2f10d5051bd033a96e81a/url'
12:42:37.541 [Forwarding get on session 8fed4fe1e1d2f10d5051bd033a96e81a to remote] DEBUG org.asynchttpclient.netty.request.NettyRequestSender - Using open Channel [id: 0x7fa7ca5d, L:/127.0.0.1:59254 - R:localhost/127.0.0.1:3665] for POST '/session/8fed4fe1e1d2f10d5051bd033a96e81a/url'
12:42:38.558 [AsyncHttpClient-1-1] DEBUG org.asynchttpclient.netty.channel.DefaultChannelPool - Entry count for : http://localhost:59255 : 1
12:42:39.653 [AsyncHttpClient-1-1] DEBUG org.asynchttpclient.netty.channel.DefaultChannelPool - Entry count for : http://localhost:59255 : 1
12:42:40.749 [AsyncHttpClient-1-1] DEBUG org.asynchttpclient.netty.channel.DefaultChannelPool - Entry count for : http://localhost:59255 : 1
12:42:41.850 [AsyncHttpClient-1-1] DEBUG org.asynchttpclient.netty.channel.DefaultChannelPool - Entry count for : http://localhost:59255 : 1
12:42:42.953 [AsyncHttpClient-1-1] DEBUG org.asynchttpclient.netty.channel.DefaultChannelPool - Entry count for : http://localhost:59255 : 1
12:42:44.055 [AsyncHttpClient-1-1] DEBUG org.asynchttpclient.netty.channel.DefaultChannelPool - Entry count for : http://localhost:59255 : 1
12:42:45.156 [AsyncHttpClient-1-1] DEBUG org.asynchttpclient.netty.channel.DefaultChannelPool - Entry count for : http://localhost:59255 : 1
12:42:45.862 [AsyncHttpClient-1-11] DEBUG org.asynchttpclient.netty.handler.HttpHandler - 

Request DefaultHttpRequest(decodeResult: success, version: HTTP/1.1)
POST /session/8fed4fe1e1d2f10d5051bd033a96e81a/url HTTP/1.1
User-Agent: selenium/4.8.1 (java windows)
Content-Length: 65
Content-Type: application/json; charset=utf-8
host: localhost:3665
accept: */*

Response DefaultHttpResponse(decodeResult: success, version: HTTP/1.1)
HTTP/1.1 200 OK
Content-Length: 14
Content-Type: application/json; charset=utf-8
cache-control: no-cache

12:42:45.862 [AsyncHttpClient-1-11] DEBUG org.asynchttpclient.netty.channel.ChannelManager - Adding key: http://localhost:3665 for channel [id: 0x7fa7ca5d, L:/127.0.0.1:59254 - R:localhost/127.0.0.1:3665]
12:42:45.868 [Forwarding setTimeout on session 8fed4fe1e1d2f10d5051bd033a96e81a to remote] DEBUG org.asynchttpclient.netty.request.NettyRequestSender - Using pooled Channel '[id: 0x7fa7ca5d, L:/127.0.0.1:59254 - R:localhost/127.0.0.1:3665]' for 'POST' to 'http://localhost:3665/session/8fed4fe1e1d2f10d5051bd033a96e81a/timeouts'
12:42:45.868 [Forwarding setTimeout on session 8fed4fe1e1d2f10d5051bd033a96e81a to remote] DEBUG org.asynchttpclient.netty.request.NettyRequestSender - Using open Channel [id: 0x7fa7ca5d, L:/127.0.0.1:59254 - R:localhost/127.0.0.1:3665] for POST '/session/8fed4fe1e1d2f10d5051bd033a96e81a/timeouts'
12:42:45.869 [AsyncHttpClient-1-11] DEBUG org.asynchttpclient.netty.handler.HttpHandler - 

Request DefaultHttpRequest(decodeResult: success, version: HTTP/1.1)
POST /session/8fed4fe1e1d2f10d5051bd033a96e81a/timeouts HTTP/1.1
User-Agent: selenium/4.8.1 (java windows)
Content-Length: 22
Content-Type: application/json; charset=utf-8
host: localhost:3665
accept: */*

Response DefaultHttpResponse(decodeResult: success, version: HTTP/1.1)
HTTP/1.1 200 OK
Content-Length: 14
Content-Type: application/json; charset=utf-8
cache-control: no-cache

12:42:45.870 [AsyncHttpClient-1-11] DEBUG org.asynchttpclient.netty.channel.ChannelManager - Adding key: http://localhost:3665 for channel [id: 0x7fa7ca5d, L:/127.0.0.1:59254 - R:localhost/127.0.0.1:3665]
12:42:45.878 [Forwarding getAlertText on session 8fed4fe1e1d2f10d5051bd033a96e81a to remote] DEBUG org.asynchttpclient.netty.request.NettyRequestSender - Using pooled Channel '[id: 0x7fa7ca5d, L:/127.0.0.1:59254 - R:localhost/127.0.0.1:3665]' for 'GET' to 'http://localhost:3665/session/8fed4fe1e1d2f10d5051bd033a96e81a/alert/text'
12:42:45.878 [Forwarding getAlertText on session 8fed4fe1e1d2f10d5051bd033a96e81a to remote] DEBUG org.asynchttpclient.netty.request.NettyRequestSender - Using open Channel [id: 0x7fa7ca5d, L:/127.0.0.1:59254 - R:localhost/127.0.0.1:3665] for GET '/session/8fed4fe1e1d2f10d5051bd033a96e81a/alert/text'
12:42:45.880 [AsyncHttpClient-1-11] DEBUG org.asynchttpclient.netty.handler.HttpHandler - 

Request DefaultFullHttpRequest(decodeResult: success, version: HTTP/1.1, content: EmptyByteBufBE)
GET /session/8fed4fe1e1d2f10d5051bd033a96e81a/alert/text HTTP/1.1
User-Agent: selenium/4.8.1 (java windows)
Cache-Control: no-cache
Content-Type: application/json; charset=utf-8
host: localhost:3665
accept: */*

Response DefaultHttpResponse(decodeResult: success, version: HTTP/1.1)
HTTP/1.1 404 Not Found
Content-Length: 821
Content-Type: application/json; charset=utf-8
cache-control: no-cache

12:42:45.881 [AsyncHttpClient-1-11] DEBUG org.asynchttpclient.netty.channel.ChannelManager - Adding key: http://localhost:3665 for channel [id: 0x7fa7ca5d, L:/127.0.0.1:59254 - R:localhost/127.0.0.1:3665]
12:42:45.882 [Forwarding getCurrentUrl on session 8fed4fe1e1d2f10d5051bd033a96e81a to remote] DEBUG org.asynchttpclient.netty.request.NettyRequestSender - Using pooled Channel '[id: 0x7fa7ca5d, L:/127.0.0.1:59254 - R:localhost/127.0.0.1:3665]' for 'GET' to 'http://localhost:3665/session/8fed4fe1e1d2f10d5051bd033a96e81a/url'
12:42:45.882 [Forwarding getCurrentUrl on session 8fed4fe1e1d2f10d5051bd033a96e81a to remote] DEBUG org.asynchttpclient.netty.request.NettyRequestSender - Using open Channel [id: 0x7fa7ca5d, L:/127.0.0.1:59254 - R:localhost/127.0.0.1:3665] for GET '/session/8fed4fe1e1d2f10d5051bd033a96e81a/url'
12:42:45.891 [AsyncHttpClient-1-11] DEBUG org.asynchttpclient.netty.handler.HttpHandler - 

Request DefaultFullHttpRequest(decodeResult: success, version: HTTP/1.1, content: EmptyByteBufBE)
GET /session/8fed4fe1e1d2f10d5051bd033a96e81a/url HTTP/1.1
User-Agent: selenium/4.8.1 (java windows)
Cache-Control: no-cache
Content-Type: application/json; charset=utf-8
host: localhost:3665
accept: */*

Response DefaultHttpResponse(decodeResult: success, version: HTTP/1.1)
HTTP/1.1 200 OK
Content-Length: 47
Content-Type: application/json; charset=utf-8
cache-control: no-cache

12:42:45.891 [AsyncHttpClient-1-11] DEBUG org.asynchttpclient.netty.channel.ChannelManager - Adding key: http://localhost:3665 for channel [id: 0x7fa7ca5d, L:/127.0.0.1:59254 - R:localhost/127.0.0.1:3665]
12:42:45.893 [Forwarding screenshot on session 8fed4fe1e1d2f10d5051bd033a96e81a to remote] DEBUG org.asynchttpclient.netty.request.NettyRequestSender - Using pooled Channel '[id: 0x7fa7ca5d, L:/127.0.0.1:59254 - R:localhost/127.0.0.1:3665]' for 'GET' to 'http://localhost:3665/session/8fed4fe1e1d2f10d5051bd033a96e81a/screenshot'
12:42:45.893 [Forwarding screenshot on session 8fed4fe1e1d2f10d5051bd033a96e81a to remote] DEBUG org.asynchttpclient.netty.request.NettyRequestSender - Using open Channel [id: 0x7fa7ca5d, L:/127.0.0.1:59254 - R:localhost/127.0.0.1:3665] for GET '/session/8fed4fe1e1d2f10d5051bd033a96e81a/screenshot'
12:42:46.118 [AsyncHttpClient-1-11] DEBUG org.asynchttpclient.netty.handler.HttpHandler - 

Request DefaultFullHttpRequest(decodeResult: success, version: HTTP/1.1, content: EmptyByteBufBE)
GET /session/8fed4fe1e1d2f10d5051bd033a96e81a/screenshot HTTP/1.1
User-Agent: selenium/4.8.1 (java windows)
Cache-Control: no-cache
Content-Type: application/json; charset=utf-8
host: localhost:3665
accept: */*

Response DefaultHttpResponse(decodeResult: success, version: HTTP/1.1)
HTTP/1.1 200 OK
Content-Length: 35596
Content-Type: application/json; charset=utf-8
cache-control: no-cache

12:42:46.119 [AsyncHttpClient-1-11] DEBUG org.asynchttpclient.netty.channel.ChannelManager - Adding key: http://localhost:3665 for channel [id: 0x7fa7ca5d, L:/127.0.0.1:59254 - R:localhost/127.0.0.1:3665]
12:42:46.120 [main] DEBUG net.serenitybdd.core.photography.Darkroom - Send negative for processing for target\site\serenity\785a378d3f3eeedafb60c2b56272804bdc832280cdc3230a315b9895e85c9841.png
12:42:46.121 [Darkroom Processing Line] DEBUG net.serenitybdd.core.photography.DarkroomProcessingLine - Processing screenshot image in /var/screenshots/screenshot-12848223364670088990
12:42:46.121 [Darkroom Processing Line] DEBUG net.serenitybdd.core.photography.DarkroomProcessingLine - Saving screenshot to target\site\serenity\785a378d3f3eeedafb60c2b56272804bdc832280cdc3230a315b9895e85c9841.png
12:42:46.122 [Forwarding getPageSource on session 8fed4fe1e1d2f10d5051bd033a96e81a to remote] DEBUG org.asynchttpclient.netty.request.NettyRequestSender - Using pooled Channel '[id: 0x7fa7ca5d, L:/127.0.0.1:59254 - R:localhost/127.0.0.1:3665]' for 'POST' to 'http://localhost:3665/session/8fed4fe1e1d2f10d5051bd033a96e81a/execute/sync'
12:42:46.122 [Forwarding getPageSource on session 8fed4fe1e1d2f10d5051bd033a96e81a to remote] DEBUG org.asynchttpclient.netty.request.NettyRequestSender - Using open Channel [id: 0x7fa7ca5d, L:/127.0.0.1:59254 - R:localhost/127.0.0.1:3665] for POST '/session/8fed4fe1e1d2f10d5051bd033a96e81a/execute/sync'
12:42:46.145 [AsyncHttpClient-1-11] DEBUG org.asynchttpclient.netty.handler.HttpHandler - 

Request DefaultHttpRequest(decodeResult: success, version: HTTP/1.1)
POST /session/8fed4fe1e1d2f10d5051bd033a96e81a/execute/sync HTTP/1.1
User-Agent: selenium/4.8.1 (java windows)
Content-Length: 176
Content-Type: application/json; charset=utf-8
host: localhost:3665
accept: */*

Response DefaultHttpResponse(decodeResult: success, version: HTTP/1.1)
HTTP/1.1 200 OK
Content-Length: 159202
Content-Type: application/json; charset=utf-8
cache-control: no-cache

12:42:46.145 [AsyncHttpClient-1-11] DEBUG org.asynchttpclient.netty.channel.ChannelManager - Adding key: http://localhost:3665 for channel [id: 0x7fa7ca5d, L:/127.0.0.1:59254 - R:localhost/127.0.0.1:3665]
12:42:46.156 [Forwarding getCurrentUrl on session 8fed4fe1e1d2f10d5051bd033a96e81a to remote] DEBUG org.asynchttpclient.netty.request.NettyRequestSender - Using pooled Channel '[id: 0x7fa7ca5d, L:/127.0.0.1:59254 - R:localhost/127.0.0.1:3665]' for 'GET' to 'http://localhost:3665/session/8fed4fe1e1d2f10d5051bd033a96e81a/url'
12:42:46.156 [Forwarding getCurrentUrl on session 8fed4fe1e1d2f10d5051bd033a96e81a to remote] DEBUG org.asynchttpclient.netty.request.NettyRequestSender - Using open Channel [id: 0x7fa7ca5d, L:/127.0.0.1:59254 - R:localhost/127.0.0.1:3665] for GET '/session/8fed4fe1e1d2f10d5051bd033a96e81a/url'
12:42:46.165 [AsyncHttpClient-1-11] DEBUG org.asynchttpclient.netty.handler.HttpHandler - 

Request DefaultFullHttpRequest(decodeResult: success, version: HTTP/1.1, content: EmptyByteBufBE)
GET /session/8fed4fe1e1d2f10d5051bd033a96e81a/url HTTP/1.1
User-Agent: selenium/4.8.1 (java windows)
Cache-Control: no-cache
Content-Type: application/json; charset=utf-8
host: localhost:3665
accept: */*

Response DefaultHttpResponse(decodeResult: success, version: HTTP/1.1)
HTTP/1.1 200 OK
Content-Length: 47
Content-Type: application/json; charset=utf-8
cache-control: no-cache

12:42:46.165 [AsyncHttpClient-1-11] DEBUG org.asynchttpclient.netty.channel.ChannelManager - Adding key: http://localhost:3665 for channel [id: 0x7fa7ca5d, L:/127.0.0.1:59254 - R:localhost/127.0.0.1:3665]
12:42:46.167 [main] DEBUG net.thucydides.core.steps.StepInterceptor - STARTING STEP: LoginSteps.onLoginPage - validateOnLoginPage
12:42:46.169 [Forwarding findElement on session 8fed4fe1e1d2f10d5051bd033a96e81a to remote] DEBUG org.asynchttpclient.netty.request.NettyRequestSender - Using pooled Channel '[id: 0x7fa7ca5d, L:/127.0.0.1:59254 - R:localhost/127.0.0.1:3665]' for 'POST' to 'http://localhost:3665/session/8fed4fe1e1d2f10d5051bd033a96e81a/element'
12:42:46.169 [Forwarding findElement on session 8fed4fe1e1d2f10d5051bd033a96e81a to remote] DEBUG org.asynchttpclient.netty.request.NettyRequestSender - Using open Channel [id: 0x7fa7ca5d, L:/127.0.0.1:59254 - R:localhost/127.0.0.1:3665] for POST '/session/8fed4fe1e1d2f10d5051bd033a96e81a/element'
12:42:46.188 [AsyncHttpClient-1-11] DEBUG org.asynchttpclient.netty.handler.HttpHandler - 

Request DefaultHttpRequest(decodeResult: success, version: HTTP/1.1)
POST /session/8fed4fe1e1d2f10d5051bd033a96e81a/element HTTP/1.1
User-Agent: selenium/4.8.1 (java windows)
Content-Length: 155
Content-Type: application/json; charset=utf-8
host: localhost:3665
accept: */*

Response DefaultHttpResponse(decodeResult: success, version: HTTP/1.1)
HTTP/1.1 200 OK
Content-Length: 94
Content-Type: application/json; charset=utf-8
cache-control: no-cache

12:42:46.188 [AsyncHttpClient-1-11] DEBUG org.asynchttpclient.netty.channel.ChannelManager - Adding key: http://localhost:3665 for channel [id: 0x7fa7ca5d, L:/127.0.0.1:59254 - R:localhost/127.0.0.1:3665]
12:42:46.190 [Forwarding isElementDisplayed on session 8fed4fe1e1d2f10d5051bd033a96e81a to remote] DEBUG org.asynchttpclient.netty.request.NettyRequestSender - Using pooled Channel '[id: 0x7fa7ca5d, L:/127.0.0.1:59254 - R:localhost/127.0.0.1:3665]' for 'POST' to 'http://localhost:3665/session/8fed4fe1e1d2f10d5051bd033a96e81a/execute/sync'
12:42:46.191 [Forwarding isElementDisplayed on session 8fed4fe1e1d2f10d5051bd033a96e81a to remote] DEBUG org.asynchttpclient.netty.request.NettyRequestSender - Using open Channel [id: 0x7fa7ca5d, L:/127.0.0.1:59254 - R:localhost/127.0.0.1:3665] for POST '/session/8fed4fe1e1d2f10d5051bd033a96e81a/execute/sync'
12:42:46.209 [AsyncHttpClient-1-11] DEBUG org.asynchttpclient.netty.handler.HttpHandler - 

Request DefaultHttpRequest(decodeResult: success, version: HTTP/1.1)
POST /session/8fed4fe1e1d2f10d5051bd033a96e81a/execute/sync HTTP/1.1
User-Agent: selenium/4.8.1 (java windows)
Content-Length: 48813
Content-Type: application/json; charset=utf-8
host: localhost:3665
accept: */*

Response DefaultHttpResponse(decodeResult: success, version: HTTP/1.1)
HTTP/1.1 200 OK
Content-Length: 14
Content-Type: application/json; charset=utf-8
cache-control: no-cache

12:42:46.209 [AsyncHttpClient-1-11] DEBUG org.asynchttpclient.netty.channel.ChannelManager - Adding key: http://localhost:3665 for channel [id: 0x7fa7ca5d, L:/127.0.0.1:59254 - R:localhost/127.0.0.1:3665]
12:42:46.213 [Forwarding getAlertText on session 8fed4fe1e1d2f10d5051bd033a96e81a to remote] DEBUG org.asynchttpclient.netty.request.NettyRequestSender - Using pooled Channel '[id: 0x7fa7ca5d, L:/127.0.0.1:59254 - R:localhost/127.0.0.1:3665]' for 'GET' to 'http://localhost:3665/session/8fed4fe1e1d2f10d5051bd033a96e81a/alert/text'
12:42:46.213 [Forwarding getAlertText on session 8fed4fe1e1d2f10d5051bd033a96e81a to remote] DEBUG org.asynchttpclient.netty.request.NettyRequestSender - Using open Channel [id: 0x7fa7ca5d, L:/127.0.0.1:59254 - R:localhost/127.0.0.1:3665] for GET '/session/8fed4fe1e1d2f10d5051bd033a96e81a/alert/text'
12:42:46.217 [AsyncHttpClient-1-11] DEBUG org.asynchttpclient.netty.handler.HttpHandler - 

Request DefaultFullHttpRequest(decodeResult: success, version: HTTP/1.1, content: EmptyByteBufBE)
GET /session/8fed4fe1e1d2f10d5051bd033a96e81a/alert/text HTTP/1.1
User-Agent: selenium/4.8.1 (java windows)
Cache-Control: no-cache
Content-Type: application/json; charset=utf-8
host: localhost:3665
accept: */*

Response DefaultHttpResponse(decodeResult: success, version: HTTP/1.1)
HTTP/1.1 404 Not Found
Content-Length: 821
Content-Type: application/json; charset=utf-8
cache-control: no-cache

12:42:46.217 [AsyncHttpClient-1-11] DEBUG org.asynchttpclient.netty.channel.ChannelManager - Adding key: http://localhost:3665 for channel [id: 0x7fa7ca5d, L:/127.0.0.1:59254 - R:localhost/127.0.0.1:3665]
12:42:46.218 [Forwarding getCurrentUrl on session 8fed4fe1e1d2f10d5051bd033a96e81a to remote] DEBUG org.asynchttpclient.netty.request.NettyRequestSender - Using pooled Channel '[id: 0x7fa7ca5d, L:/127.0.0.1:59254 - R:localhost/127.0.0.1:3665]' for 'GET' to 'http://localhost:3665/session/8fed4fe1e1d2f10d5051bd033a96e81a/url'
12:42:46.218 [Forwarding getCurrentUrl on session 8fed4fe1e1d2f10d5051bd033a96e81a to remote] DEBUG org.asynchttpclient.netty.request.NettyRequestSender - Using open Channel [id: 0x7fa7ca5d, L:/127.0.0.1:59254 - R:localhost/127.0.0.1:3665] for GET '/session/8fed4fe1e1d2f10d5051bd033a96e81a/url'
12:42:46.227 [AsyncHttpClient-1-11] DEBUG org.asynchttpclient.netty.handler.HttpHandler - 

Request DefaultFullHttpRequest(decodeResult: success, version: HTTP/1.1, content: EmptyByteBufBE)
GET /session/8fed4fe1e1d2f10d5051bd033a96e81a/url HTTP/1.1
User-Agent: selenium/4.8.1 (java windows)
Cache-Control: no-cache
Content-Type: application/json; charset=utf-8
host: localhost:3665
accept: */*

Response DefaultHttpResponse(decodeResult: success, version: HTTP/1.1)
HTTP/1.1 200 OK
Content-Length: 47
Content-Type: application/json; charset=utf-8
cache-control: no-cache

12:42:46.227 [AsyncHttpClient-1-11] DEBUG org.asynchttpclient.netty.channel.ChannelManager - Adding key: http://localhost:3665 for channel [id: 0x7fa7ca5d, L:/127.0.0.1:59254 - R:localhost/127.0.0.1:3665]
12:42:46.228 [Forwarding screenshot on session 8fed4fe1e1d2f10d5051bd033a96e81a to remote] DEBUG org.asynchttpclient.netty.request.NettyRequestSender - Using pooled Channel '[id: 0x7fa7ca5d, L:/127.0.0.1:59254 - R:localhost/127.0.0.1:3665]' for 'GET' to 'http://localhost:3665/session/8fed4fe1e1d2f10d5051bd033a96e81a/screenshot'
12:42:46.228 [Forwarding screenshot on session 8fed4fe1e1d2f10d5051bd033a96e81a to remote] DEBUG org.asynchttpclient.netty.request.NettyRequestSender - Using open Channel [id: 0x7fa7ca5d, L:/127.0.0.1:59254 - R:localhost/127.0.0.1:3665] for GET '/session/8fed4fe1e1d2f10d5051bd033a96e81a/screenshot'
12:42:46.249 [AsyncHttpClient-1-1] DEBUG org.asynchttpclient.netty.channel.DefaultChannelPool - Entry count for : http://localhost:59255 : 1
12:42:46.329 [AsyncHttpClient-1-11] DEBUG org.asynchttpclient.netty.handler.HttpHandler - 

Request DefaultFullHttpRequest(decodeResult: success, version: HTTP/1.1, content: EmptyByteBufBE)
GET /session/8fed4fe1e1d2f10d5051bd033a96e81a/screenshot HTTP/1.1
User-Agent: selenium/4.8.1 (java windows)
Cache-Control: no-cache
Content-Type: application/json; charset=utf-8
host: localhost:3665
accept: */*

Response DefaultHttpResponse(decodeResult: success, version: HTTP/1.1)
HTTP/1.1 200 OK
Content-Length: 35596
Content-Type: application/json; charset=utf-8
cache-control: no-cache

12:42:46.329 [AsyncHttpClient-1-11] DEBUG org.asynchttpclient.netty.channel.ChannelManager - Adding key: http://localhost:3665 for channel [id: 0x7fa7ca5d, L:/127.0.0.1:59254 - R:localhost/127.0.0.1:3665]
12:42:46.331 [main] DEBUG net.serenitybdd.core.photography.Darkroom - Send negative for processing for target\site\serenity\785a378d3f3eeedafb60c2b56272804bdc832280cdc3230a315b9895e85c9841.png
12:42:46.332 [main] DEBUG net.thucydides.core.steps.StepInterceptor - STEP DONE: validateOnLoginPage
  &amp#27;[32mGiven &amp#27;[0m&amp#27;[32mI am on the login page&amp#27;[0m                                                   &amp#27;[90m# starter.stepdefinitions.LoginSteps.onLoginPage()&amp#27;[0m
12:42:46.340 [Forwarding getPageSource on session 8fed4fe1e1d2f10d5051bd033a96e81a to remote] DEBUG org.asynchttpclient.netty.request.NettyRequestSender - Using pooled Channel '[id: 0x7fa7ca5d, L:/127.0.0.1:59254 - R:localhost/127.0.0.1:3665]' for 'POST' to 'http://localhost:3665/session/8fed4fe1e1d2f10d5051bd033a96e81a/execute/sync'
12:42:46.340 [Forwarding getPageSource on session 8fed4fe1e1d2f10d5051bd033a96e81a to remote] DEBUG org.asynchttpclient.netty.request.NettyRequestSender - Using open Channel [id: 0x7fa7ca5d, L:/127.0.0.1:59254 - R:localhost/127.0.0.1:3665] for POST '/session/8fed4fe1e1d2f10d5051bd033a96e81a/execute/sync'
12:42:46.361 [AsyncHttpClient-1-11] DEBUG org.asynchttpclient.netty.handler.HttpHandler - 

Request DefaultHttpRequest(decodeResult: success, version: HTTP/1.1)
POST /session/8fed4fe1e1d2f10d5051bd033a96e81a/execute/sync HTTP/1.1
User-Agent: selenium/4.8.1 (java windows)
Content-Length: 176
Content-Type: application/json; charset=utf-8
host: localhost:3665
accept: */*

Response DefaultHttpResponse(decodeResult: success, version: HTTP/1.1)
HTTP/1.1 200 OK
Content-Length: 159202
Content-Type: application/json; charset=utf-8
cache-control: no-cache

12:42:46.361 [AsyncHttpClient-1-11] DEBUG org.asynchttpclient.netty.channel.ChannelManager - Adding key: http://localhost:3665 for channel [id: 0x7fa7ca5d, L:/127.0.0.1:59254 - R:localhost/127.0.0.1:3665]
12:42:46.368 [Forwarding getCurrentUrl on session 8fed4fe1e1d2f10d5051bd033a96e81a to remote] DEBUG org.asynchttpclient.netty.request.NettyRequestSender - Using pooled Channel '[id: 0x7fa7ca5d, L:/127.0.0.1:59254 - R:localhost/127.0.0.1:3665]' for 'GET' to 'http://localhost:3665/session/8fed4fe1e1d2f10d5051bd033a96e81a/url'
12:42:46.368 [Forwarding getCurrentUrl on session 8fed4fe1e1d2f10d5051bd033a96e81a to remote] DEBUG org.asynchttpclient.netty.request.NettyRequestSender - Using open Channel [id: 0x7fa7ca5d, L:/127.0.0.1:59254 - R:localhost/127.0.0.1:3665] for GET '/session/8fed4fe1e1d2f10d5051bd033a96e81a/url'
12:42:46.378 [AsyncHttpClient-1-11] DEBUG org.asynchttpclient.netty.handler.HttpHandler - 

Request DefaultFullHttpRequest(decodeResult: success, version: HTTP/1.1, content: EmptyByteBufBE)
GET /session/8fed4fe1e1d2f10d5051bd033a96e81a/url HTTP/1.1
User-Agent: selenium/4.8.1 (java windows)
Cache-Control: no-cache
Content-Type: application/json; charset=utf-8
host: localhost:3665
accept: */*

Response DefaultHttpResponse(decodeResult: success, version: HTTP/1.1)
HTTP/1.1 200 OK
Content-Length: 47
Content-Type: application/json; charset=utf-8
cache-control: no-cache

12:42:46.378 [AsyncHttpClient-1-11] DEBUG org.asynchttpclient.netty.channel.ChannelManager - Adding key: http://localhost:3665 for channel [id: 0x7fa7ca5d, L:/127.0.0.1:59254 - R:localhost/127.0.0.1:3665]
12:42:46.384 [Forwarding getAlertText on session 8fed4fe1e1d2f10d5051bd033a96e81a to remote] DEBUG org.asynchttpclient.netty.request.NettyRequestSender - Using pooled Channel '[id: 0x7fa7ca5d, L:/127.0.0.1:59254 - R:localhost/127.0.0.1:3665]' for 'GET' to 'http://localhost:3665/session/8fed4fe1e1d2f10d5051bd033a96e81a/alert/text'
12:42:46.384 [Forwarding getAlertText on session 8fed4fe1e1d2f10d5051bd033a96e81a to remote] DEBUG org.asynchttpclient.netty.request.NettyRequestSender - Using open Channel [id: 0x7fa7ca5d, L:/127.0.0.1:59254 - R:localhost/127.0.0.1:3665] for GET '/session/8fed4fe1e1d2f10d5051bd033a96e81a/alert/text'
12:42:46.388 [AsyncHttpClient-1-11] DEBUG org.asynchttpclient.netty.handler.HttpHandler - 

Request DefaultFullHttpRequest(decodeResult: success, version: HTTP/1.1, content: EmptyByteBufBE)
GET /session/8fed4fe1e1d2f10d5051bd033a96e81a/alert/text HTTP/1.1
User-Agent: selenium/4.8.1 (java windows)
Cache-Control: no-cache
Content-Type: application/json; charset=utf-8
host: localhost:3665
accept: */*

Response DefaultHttpResponse(decodeResult: success, version: HTTP/1.1)
HTTP/1.1 404 Not Found
Content-Length: 821
Content-Type: application/json; charset=utf-8
cache-control: no-cache

12:42:46.388 [AsyncHttpClient-1-11] DEBUG org.asynchttpclient.netty.channel.ChannelManager - Adding key: http://localhost:3665 for channel [id: 0x7fa7ca5d, L:/127.0.0.1:59254 - R:localhost/127.0.0.1:3665]
12:42:46.389 [Forwarding getCurrentUrl on session 8fed4fe1e1d2f10d5051bd033a96e81a to remote] DEBUG org.asynchttpclient.netty.request.NettyRequestSender - Using pooled Channel '[id: 0x7fa7ca5d, L:/127.0.0.1:59254 - R:localhost/127.0.0.1:3665]' for 'GET' to 'http://localhost:3665/session/8fed4fe1e1d2f10d5051bd033a96e81a/url'
12:42:46.389 [Forwarding getCurrentUrl on session 8fed4fe1e1d2f10d5051bd033a96e81a to remote] DEBUG org.asynchttpclient.netty.request.NettyRequestSender - Using open Channel [id: 0x7fa7ca5d, L:/127.0.0.1:59254 - R:localhost/127.0.0.1:3665] for GET '/session/8fed4fe1e1d2f10d5051bd033a96e81a/url'
12:42:46.398 [AsyncHttpClient-1-11] DEBUG org.asynchttpclient.netty.handler.HttpHandler - 

Request DefaultFullHttpRequest(decodeResult: success, version: HTTP/1.1, content: EmptyByteBufBE)
GET /session/8fed4fe1e1d2f10d5051bd033a96e81a/url HTTP/1.1
User-Agent: selenium/4.8.1 (java windows)
Cache-Control: no-cache
Content-Type: application/json; charset=utf-8
host: localhost:3665
accept: */*

Response DefaultHttpResponse(decodeResult: success, version: HTTP/1.1)
HTTP/1.1 200 OK
Content-Length: 47
Content-Type: application/json; charset=utf-8
cache-control: no-cache

12:42:46.398 [AsyncHttpClient-1-11] DEBUG org.asynchttpclient.netty.channel.ChannelManager - Adding key: http://localhost:3665 for channel [id: 0x7fa7ca5d, L:/127.0.0.1:59254 - R:localhost/127.0.0.1:3665]
12:42:46.400 [Forwarding screenshot on session 8fed4fe1e1d2f10d5051bd033a96e81a to remote] DEBUG org.asynchttpclient.netty.request.NettyRequestSender - Using pooled Channel '[id: 0x7fa7ca5d, L:/127.0.0.1:59254 - R:localhost/127.0.0.1:3665]' for 'GET' to 'http://localhost:3665/session/8fed4fe1e1d2f10d5051bd033a96e81a/screenshot'
12:42:46.400 [Forwarding screenshot on session 8fed4fe1e1d2f10d5051bd033a96e81a to remote] DEBUG org.asynchttpclient.netty.request.NettyRequestSender - Using open Channel [id: 0x7fa7ca5d, L:/127.0.0.1:59254 - R:localhost/127.0.0.1:3665] for GET '/session/8fed4fe1e1d2f10d5051bd033a96e81a/screenshot'
12:42:46.503 [AsyncHttpClient-1-11] DEBUG org.asynchttpclient.netty.handler.HttpHandler - 

Request DefaultFullHttpRequest(decodeResult: success, version: HTTP/1.1, content: EmptyByteBufBE)
GET /session/8fed4fe1e1d2f10d5051bd033a96e81a/screenshot HTTP/1.1
User-Agent: selenium/4.8.1 (java windows)
Cache-Control: no-cache
Content-Type: application/json; charset=utf-8
host: localhost:3665
accept: */*

Response DefaultHttpResponse(decodeResult: success, version: HTTP/1.1)
HTTP/1.1 200 OK
Content-Length: 35596
Content-Type: application/json; charset=utf-8
cache-control: no-cache

12:42:46.503 [AsyncHttpClient-1-11] DEBUG org.asynchttpclient.netty.channel.ChannelManager - Adding key: http://localhost:3665 for channel [id: 0x7fa7ca5d, L:/127.0.0.1:59254 - R:localhost/127.0.0.1:3665]
12:42:46.505 [main] DEBUG net.serenitybdd.core.photography.Darkroom - Send negative for processing for target\site\serenity\785a378d3f3eeedafb60c2b56272804bdc832280cdc3230a315b9895e85c9841.png
12:42:46.506 [Forwarding getPageSource on session 8fed4fe1e1d2f10d5051bd033a96e81a to remote] DEBUG org.asynchttpclient.netty.request.NettyRequestSender - Using pooled Channel '[id: 0x7fa7ca5d, L:/127.0.0.1:59254 - R:localhost/127.0.0.1:3665]' for 'POST' to 'http://localhost:3665/session/8fed4fe1e1d2f10d5051bd033a96e81a/execute/sync'
12:42:46.506 [Forwarding getPageSource on session 8fed4fe1e1d2f10d5051bd033a96e81a to remote] DEBUG org.asynchttpclient.netty.request.NettyRequestSender - Using open Channel [id: 0x7fa7ca5d, L:/127.0.0.1:59254 - R:localhost/127.0.0.1:3665] for POST '/session/8fed4fe1e1d2f10d5051bd033a96e81a/execute/sync'
12:42:46.527 [AsyncHttpClient-1-11] DEBUG org.asynchttpclient.netty.handler.HttpHandler - 

Request DefaultHttpRequest(decodeResult: success, version: HTTP/1.1)
POST /session/8fed4fe1e1d2f10d5051bd033a96e81a/execute/sync HTTP/1.1
User-Agent: selenium/4.8.1 (java windows)
Content-Length: 176
Content-Type: application/json; charset=utf-8
host: localhost:3665
accept: */*

Response DefaultHttpResponse(decodeResult: success, version: HTTP/1.1)
HTTP/1.1 200 OK
Content-Length: 159202
Content-Type: application/json; charset=utf-8
cache-control: no-cache

12:42:46.527 [AsyncHttpClient-1-11] DEBUG org.asynchttpclient.netty.channel.ChannelManager - Adding key: http://localhost:3665 for channel [id: 0x7fa7ca5d, L:/127.0.0.1:59254 - R:localhost/127.0.0.1:3665]
12:42:46.534 [Forwarding getCurrentUrl on session 8fed4fe1e1d2f10d5051bd033a96e81a to remote] DEBUG org.asynchttpclient.netty.request.NettyRequestSender - Using pooled Channel '[id: 0x7fa7ca5d, L:/127.0.0.1:59254 - R:localhost/127.0.0.1:3665]' for 'GET' to 'http://localhost:3665/session/8fed4fe1e1d2f10d5051bd033a96e81a/url'
12:42:46.534 [Forwarding getCurrentUrl on session 8fed4fe1e1d2f10d5051bd033a96e81a to remote] DEBUG org.asynchttpclient.netty.request.NettyRequestSender - Using open Channel [id: 0x7fa7ca5d, L:/127.0.0.1:59254 - R:localhost/127.0.0.1:3665] for GET '/session/8fed4fe1e1d2f10d5051bd033a96e81a/url'
12:42:46.544 [AsyncHttpClient-1-11] DEBUG org.asynchttpclient.netty.handler.HttpHandler - 

Request DefaultFullHttpRequest(decodeResult: success, version: HTTP/1.1, content: EmptyByteBufBE)
GET /session/8fed4fe1e1d2f10d5051bd033a96e81a/url HTTP/1.1
User-Agent: selenium/4.8.1 (java windows)
Cache-Control: no-cache
Content-Type: application/json; charset=utf-8
host: localhost:3665
accept: */*

Response DefaultHttpResponse(decodeResult: success, version: HTTP/1.1)
HTTP/1.1 200 OK
Content-Length: 47
Content-Type: application/json; charset=utf-8
cache-control: no-cache

12:42:46.545 [AsyncHttpClient-1-11] DEBUG org.asynchttpclient.netty.channel.ChannelManager - Adding key: http://localhost:3665 for channel [id: 0x7fa7ca5d, L:/127.0.0.1:59254 - R:localhost/127.0.0.1:3665]
12:42:46.547 [main] DEBUG net.thucydides.core.steps.StepInterceptor - STARTING STEP: LoginSteps.enterUsernamelOnSigIn - inputUsername
12:42:46.548 [Forwarding findElement on session 8fed4fe1e1d2f10d5051bd033a96e81a to remote] DEBUG org.asynchttpclient.netty.request.NettyRequestSender - Using pooled Channel '[id: 0x7fa7ca5d, L:/127.0.0.1:59254 - R:localhost/127.0.0.1:3665]' for 'POST' to 'http://localhost:3665/session/8fed4fe1e1d2f10d5051bd033a96e81a/element'
12:42:46.548 [Forwarding findElement on session 8fed4fe1e1d2f10d5051bd033a96e81a to remote] DEBUG org.asynchttpclient.netty.request.NettyRequestSender - Using open Channel [id: 0x7fa7ca5d, L:/127.0.0.1:59254 - R:localhost/127.0.0.1:3665] for POST '/session/8fed4fe1e1d2f10d5051bd033a96e81a/element'
12:42:46.564 [AsyncHttpClient-1-11] DEBUG org.asynchttpclient.netty.handler.HttpHandler - 

Request DefaultHttpRequest(decodeResult: success, version: HTTP/1.1)
POST /session/8fed4fe1e1d2f10d5051bd033a96e81a/element HTTP/1.1
User-Agent: selenium/4.8.1 (java windows)
Content-Length: 88
Content-Type: application/json; charset=utf-8
host: localhost:3665
accept: */*

Response DefaultHttpResponse(decodeResult: success, version: HTTP/1.1)
HTTP/1.1 200 OK
Content-Length: 94
Content-Type: application/json; charset=utf-8
cache-control: no-cache

12:42:46.564 [AsyncHttpClient-1-11] DEBUG org.asynchttpclient.netty.channel.ChannelManager - Adding key: http://localhost:3665 for channel [id: 0x7fa7ca5d, L:/127.0.0.1:59254 - R:localhost/127.0.0.1:3665]
12:42:46.566 [Forwarding clearElement on session 8fed4fe1e1d2f10d5051bd033a96e81a to remote] DEBUG org.asynchttpclient.netty.request.NettyRequestSender - Using pooled Channel '[id: 0x7fa7ca5d, L:/127.0.0.1:59254 - R:localhost/127.0.0.1:3665]' for 'POST' to 'http://localhost:3665/session/8fed4fe1e1d2f10d5051bd033a96e81a/element/42BB09E37CBF28E578B5B261AAEFF22F_element_6/clear'
12:42:46.566 [Forwarding clearElement on session 8fed4fe1e1d2f10d5051bd033a96e81a to remote] DEBUG org.asynchttpclient.netty.request.NettyRequestSender - Using open Channel [id: 0x7fa7ca5d, L:/127.0.0.1:59254 - R:localhost/127.0.0.1:3665] for POST '/session/8fed4fe1e1d2f10d5051bd033a96e81a/element/42BB09E37CBF28E578B5B261AAEFF22F_element_6/clear'
12:42:46.608 [AsyncHttpClient-1-11] DEBUG org.asynchttpclient.netty.handler.HttpHandler - 

Request DefaultHttpRequest(decodeResult: success, version: HTTP/1.1)
POST /session/8fed4fe1e1d2f10d5051bd033a96e81a/element/42BB09E37CBF28E578B5B261AAEFF22F_element_6/clear HTTP/1.1
User-Agent: selenium/4.8.1 (java windows)
Content-Length: 56
Content-Type: application/json; charset=utf-8
host: localhost:3665
accept: */*

Response DefaultHttpResponse(decodeResult: success, version: HTTP/1.1)
HTTP/1.1 200 OK
Content-Length: 14
Content-Type: application/json; charset=utf-8
cache-control: no-cache

12:42:46.608 [AsyncHttpClient-1-11] DEBUG org.asynchttpclient.netty.channel.ChannelManager - Adding key: http://localhost:3665 for channel [id: 0x7fa7ca5d, L:/127.0.0.1:59254 - R:localhost/127.0.0.1:3665]
12:42:46.609 [Forwarding sendKeysToElement on session 8fed4fe1e1d2f10d5051bd033a96e81a to remote] DEBUG org.asynchttpclient.netty.request.NettyRequestSender - Using pooled Channel '[id: 0x7fa7ca5d, L:/127.0.0.1:59254 - R:localhost/127.0.0.1:3665]' for 'POST' to 'http://localhost:3665/session/8fed4fe1e1d2f10d5051bd033a96e81a/element/42BB09E37CBF28E578B5B261AAEFF22F_element_6/value'
12:42:46.610 [Forwarding sendKeysToElement on session 8fed4fe1e1d2f10d5051bd033a96e81a to remote] DEBUG org.asynchttpclient.netty.request.NettyRequestSender - Using open Channel [id: 0x7fa7ca5d, L:/127.0.0.1:59254 - R:localhost/127.0.0.1:3665] for POST '/session/8fed4fe1e1d2f10d5051bd033a96e81a/element/42BB09E37CBF28E578B5B261AAEFF22F_element_6/value'
12:42:46.665 [AsyncHttpClient-1-11] DEBUG org.asynchttpclient.netty.handler.HttpHandler - 

Request DefaultHttpRequest(decodeResult: success, version: HTTP/1.1)
POST /session/8fed4fe1e1d2f10d5051bd033a96e81a/element/42BB09E37CBF28E578B5B261AAEFF22F_element_6/value HTTP/1.1
User-Agent: selenium/4.8.1 (java windows)
Content-Length: 88
Content-Type: application/json; charset=utf-8
host: localhost:3665
accept: */*

Response DefaultHttpResponse(decodeResult: success, version: HTTP/1.1)
HTTP/1.1 200 OK
Content-Length: 14
Content-Type: application/json; charset=utf-8
cache-control: no-cache

12:42:46.665 [AsyncHttpClient-1-11] DEBUG org.asynchttpclient.netty.channel.ChannelManager - Adding key: http://localhost:3665 for channel [id: 0x7fa7ca5d, L:/127.0.0.1:59254 - R:localhost/127.0.0.1:3665]
12:42:46.673 [Forwarding getAlertText on session 8fed4fe1e1d2f10d5051bd033a96e81a to remote] DEBUG org.asynchttpclient.netty.request.NettyRequestSender - Using pooled Channel '[id: 0x7fa7ca5d, L:/127.0.0.1:59254 - R:localhost/127.0.0.1:3665]' for 'GET' to 'http://localhost:3665/session/8fed4fe1e1d2f10d5051bd033a96e81a/alert/text'
12:42:46.673 [Forwarding getAlertText on session 8fed4fe1e1d2f10d5051bd033a96e81a to remote] DEBUG org.asynchttpclient.netty.request.NettyRequestSender - Using open Channel [id: 0x7fa7ca5d, L:/127.0.0.1:59254 - R:localhost/127.0.0.1:3665] for GET '/session/8fed4fe1e1d2f10d5051bd033a96e81a/alert/text'
12:42:46.676 [AsyncHttpClient-1-11] DEBUG org.asynchttpclient.netty.handler.HttpHandler - 

Request DefaultFullHttpRequest(decodeResult: success, version: HTTP/1.1, content: EmptyByteBufBE)
GET /session/8fed4fe1e1d2f10d5051bd033a96e81a/alert/text HTTP/1.1
User-Agent: selenium/4.8.1 (java windows)
Cache-Control: no-cache
Content-Type: application/json; charset=utf-8
host: localhost:3665
accept: */*

Response DefaultHttpResponse(decodeResult: success, version: HTTP/1.1)
HTTP/1.1 404 Not Found
Content-Length: 821
Content-Type: application/json; charset=utf-8
cache-control: no-cache

12:42:46.676 [AsyncHttpClient-1-11] DEBUG org.asynchttpclient.netty.channel.ChannelManager - Adding key: http://localhost:3665 for channel [id: 0x7fa7ca5d, L:/127.0.0.1:59254 - R:localhost/127.0.0.1:3665]
12:42:46.677 [Forwarding getCurrentUrl on session 8fed4fe1e1d2f10d5051bd033a96e81a to remote] DEBUG org.asynchttpclient.netty.request.NettyRequestSender - Using pooled Channel '[id: 0x7fa7ca5d, L:/127.0.0.1:59254 - R:localhost/127.0.0.1:3665]' for 'GET' to 'http://localhost:3665/session/8fed4fe1e1d2f10d5051bd033a96e81a/url'
12:42:46.677 [Forwarding getCurrentUrl on session 8fed4fe1e1d2f10d5051bd033a96e81a to remote] DEBUG org.asynchttpclient.netty.request.NettyRequestSender - Using open Channel [id: 0x7fa7ca5d, L:/127.0.0.1:59254 - R:localhost/127.0.0.1:3665] for GET '/session/8fed4fe1e1d2f10d5051bd033a96e81a/url'
12:42:46.683 [AsyncHttpClient-1-11] DEBUG org.asynchttpclient.netty.handler.HttpHandler - 

Request DefaultFullHttpRequest(decodeResult: success, version: HTTP/1.1, content: EmptyByteBufBE)
GET /session/8fed4fe1e1d2f10d5051bd033a96e81a/url HTTP/1.1
User-Agent: selenium/4.8.1 (java windows)
Cache-Control: no-cache
Content-Type: application/json; charset=utf-8
host: localhost:3665
accept: */*

Response DefaultHttpResponse(decodeResult: success, version: HTTP/1.1)
HTTP/1.1 200 OK
Content-Length: 47
Content-Type: application/json; charset=utf-8
cache-control: no-cache

12:42:46.683 [AsyncHttpClient-1-11] DEBUG org.asynchttpclient.netty.channel.ChannelManager - Adding key: http://localhost:3665 for channel [id: 0x7fa7ca5d, L:/127.0.0.1:59254 - R:localhost/127.0.0.1:3665]
12:42:46.685 [Forwarding screenshot on session 8fed4fe1e1d2f10d5051bd033a96e81a to remote] DEBUG org.asynchttpclient.netty.request.NettyRequestSender - Using pooled Channel '[id: 0x7fa7ca5d, L:/127.0.0.1:59254 - R:localhost/127.0.0.1:3665]' for 'GET' to 'http://localhost:3665/session/8fed4fe1e1d2f10d5051bd033a96e81a/screenshot'
12:42:46.685 [Forwarding screenshot on session 8fed4fe1e1d2f10d5051bd033a96e81a to remote] DEBUG org.asynchttpclient.netty.request.NettyRequestSender - Using open Channel [id: 0x7fa7ca5d, L:/127.0.0.1:59254 - R:localhost/127.0.0.1:3665] for GET '/session/8fed4fe1e1d2f10d5051bd033a96e81a/screenshot'
12:42:46.818 [AsyncHttpClient-1-11] DEBUG org.asynchttpclient.netty.handler.HttpHandler - 

Request DefaultFullHttpRequest(decodeResult: success, version: HTTP/1.1, content: EmptyByteBufBE)
GET /session/8fed4fe1e1d2f10d5051bd033a96e81a/screenshot HTTP/1.1
User-Agent: selenium/4.8.1 (java windows)
Cache-Control: no-cache
Content-Type: application/json; charset=utf-8
host: localhost:3665
accept: */*

Response DefaultHttpResponse(decodeResult: success, version: HTTP/1.1)
HTTP/1.1 200 OK
Content-Length: 36168
Content-Type: application/json; charset=utf-8
cache-control: no-cache

12:42:46.819 [AsyncHttpClient-1-11] DEBUG org.asynchttpclient.netty.channel.ChannelManager - Adding key: http://localhost:3665 for channel [id: 0x7fa7ca5d, L:/127.0.0.1:59254 - R:localhost/127.0.0.1:3665]
12:42:46.823 [main] DEBUG net.serenitybdd.core.photography.Darkroom - Send negative for processing for target\site\serenity\ec683f8f802f2ffde966edb6a3ee0412564d2b8b6eb210e0c3e11ffacb784bb0.png
12:42:46.823 [main] DEBUG net.thucydides.core.steps.StepInterceptor - STEP DONE: inputUsername
  &amp#27;[32mWhen &amp#27;[0m&amp#27;[32mI enter Username &amp#27;[0m&amp#27;[32m&amp#27;[1m""&amp#27;[0m                                                       &amp#27;[90m# starter.stepdefinitions.LoginSteps.enterUsernamelOnSigIn(java.lang.String)&amp#27;[0m
12:42:46.823 [Darkroom Processing Line] DEBUG net.serenitybdd.core.photography.DarkroomProcessingLine - Processing screenshot image in /var/screenshots/screenshot-15996490411807119503
12:42:46.823 [Darkroom Processing Line] DEBUG net.serenitybdd.core.photography.DarkroomProcessingLine - Saving screenshot to target\site\serenity\ec683f8f802f2ffde966edb6a3ee0412564d2b8b6eb210e0c3e11ffacb784bb0.png
12:42:46.829 [Forwarding getPageSource on session 8fed4fe1e1d2f10d5051bd033a96e81a to remote] DEBUG org.asynchttpclient.netty.request.NettyRequestSender - Using pooled Channel '[id: 0x7fa7ca5d, L:/127.0.0.1:59254 - R:localhost/127.0.0.1:3665]' for 'POST' to 'http://localhost:3665/session/8fed4fe1e1d2f10d5051bd033a96e81a/execute/sync'
12:42:46.829 [Forwarding getPageSource on session 8fed4fe1e1d2f10d5051bd033a96e81a to remote] DEBUG org.asynchttpclient.netty.request.NettyRequestSender - Using open Channel [id: 0x7fa7ca5d, L:/127.0.0.1:59254 - R:localhost/127.0.0.1:3665] for POST '/session/8fed4fe1e1d2f10d5051bd033a96e81a/execute/sync'
12:42:46.853 [AsyncHttpClient-1-11] DEBUG org.asynchttpclient.netty.handler.HttpHandler - 

Request DefaultHttpRequest(decodeResult: success, version: HTTP/1.1)
POST /session/8fed4fe1e1d2f10d5051bd033a96e81a/execute/sync HTTP/1.1
User-Agent: selenium/4.8.1 (java windows)
Content-Length: 176
Content-Type: application/json; charset=utf-8
host: localhost:3665
accept: */*

Response DefaultHttpResponse(decodeResult: success, version: HTTP/1.1)
HTTP/1.1 200 OK
Content-Length: 159234
Content-Type: application/json; charset=utf-8
cache-control: no-cache

12:42:46.854 [AsyncHttpClient-1-11] DEBUG org.asynchttpclient.netty.channel.ChannelManager - Adding key: http://localhost:3665 for channel [id: 0x7fa7ca5d, L:/127.0.0.1:59254 - R:localhost/127.0.0.1:3665]
12:42:46.865 [Forwarding getCurrentUrl on session 8fed4fe1e1d2f10d5051bd033a96e81a to remote] DEBUG org.asynchttpclient.netty.request.NettyRequestSender - Using pooled Channel '[id: 0x7fa7ca5d, L:/127.0.0.1:59254 - R:localhost/127.0.0.1:3665]' for 'GET' to 'http://localhost:3665/session/8fed4fe1e1d2f10d5051bd033a96e81a/url'
12:42:46.865 [Forwarding getCurrentUrl on session 8fed4fe1e1d2f10d5051bd033a96e81a to remote] DEBUG org.asynchttpclient.netty.request.NettyRequestSender - Using open Channel [id: 0x7fa7ca5d, L:/127.0.0.1:59254 - R:localhost/127.0.0.1:3665] for GET '/session/8fed4fe1e1d2f10d5051bd033a96e81a/url'
12:42:46.875 [AsyncHttpClient-1-11] DEBUG org.asynchttpclient.netty.handler.HttpHandler - 

Request DefaultFullHttpRequest(decodeResult: success, version: HTTP/1.1, content: EmptyByteBufBE)
GET /session/8fed4fe1e1d2f10d5051bd033a96e81a/url HTTP/1.1
User-Agent: selenium/4.8.1 (java windows)
Cache-Control: no-cache
Content-Type: application/json; charset=utf-8
host: localhost:3665
accept: */*

Response DefaultHttpResponse(decodeResult: success, version: HTTP/1.1)
HTTP/1.1 200 OK
Content-Length: 47
Content-Type: application/json; charset=utf-8
cache-control: no-cache

12:42:46.875 [AsyncHttpClient-1-11] DEBUG org.asynchttpclient.netty.channel.ChannelManager - Adding key: http://localhost:3665 for channel [id: 0x7fa7ca5d, L:/127.0.0.1:59254 - R:localhost/127.0.0.1:3665]
12:42:46.882 [Forwarding getAlertText on session 8fed4fe1e1d2f10d5051bd033a96e81a to remote] DEBUG org.asynchttpclient.netty.request.NettyRequestSender - Using pooled Channel '[id: 0x7fa7ca5d, L:/127.0.0.1:59254 - R:localhost/127.0.0.1:3665]' for 'GET' to 'http://localhost:3665/session/8fed4fe1e1d2f10d5051bd033a96e81a/alert/text'
12:42:46.882 [Forwarding getAlertText on session 8fed4fe1e1d2f10d5051bd033a96e81a to remote] DEBUG org.asynchttpclient.netty.request.NettyRequestSender - Using open Channel [id: 0x7fa7ca5d, L:/127.0.0.1:59254 - R:localhost/127.0.0.1:3665] for GET '/session/8fed4fe1e1d2f10d5051bd033a96e81a/alert/text'
12:42:46.885 [AsyncHttpClient-1-11] DEBUG org.asynchttpclient.netty.handler.HttpHandler - 

Request DefaultFullHttpRequest(decodeResult: success, version: HTTP/1.1, content: EmptyByteBufBE)
GET /session/8fed4fe1e1d2f10d5051bd033a96e81a/alert/text HTTP/1.1
User-Agent: selenium/4.8.1 (java windows)
Cache-Control: no-cache
Content-Type: application/json; charset=utf-8
host: localhost:3665
accept: */*

Response DefaultHttpResponse(decodeResult: success, version: HTTP/1.1)
HTTP/1.1 404 Not Found
Content-Length: 821
Content-Type: application/json; charset=utf-8
cache-control: no-cache

12:42:46.885 [AsyncHttpClient-1-11] DEBUG org.asynchttpclient.netty.channel.ChannelManager - Adding key: http://localhost:3665 for channel [id: 0x7fa7ca5d, L:/127.0.0.1:59254 - R:localhost/127.0.0.1:3665]
12:42:46.887 [Forwarding getCurrentUrl on session 8fed4fe1e1d2f10d5051bd033a96e81a to remote] DEBUG org.asynchttpclient.netty.request.NettyRequestSender - Using pooled Channel '[id: 0x7fa7ca5d, L:/127.0.0.1:59254 - R:localhost/127.0.0.1:3665]' for 'GET' to 'http://localhost:3665/session/8fed4fe1e1d2f10d5051bd033a96e81a/url'
12:42:46.887 [Forwarding getCurrentUrl on session 8fed4fe1e1d2f10d5051bd033a96e81a to remote] DEBUG org.asynchttpclient.netty.request.NettyRequestSender - Using open Channel [id: 0x7fa7ca5d, L:/127.0.0.1:59254 - R:localhost/127.0.0.1:3665] for GET '/session/8fed4fe1e1d2f10d5051bd033a96e81a/url'
12:42:46.895 [AsyncHttpClient-1-11] DEBUG org.asynchttpclient.netty.handler.HttpHandler - 

Request DefaultFullHttpRequest(decodeResult: success, version: HTTP/1.1, content: EmptyByteBufBE)
GET /session/8fed4fe1e1d2f10d5051bd033a96e81a/url HTTP/1.1
User-Agent: selenium/4.8.1 (java windows)
Cache-Control: no-cache
Content-Type: application/json; charset=utf-8
host: localhost:3665
accept: */*

Response DefaultHttpResponse(decodeResult: success, version: HTTP/1.1)
HTTP/1.1 200 OK
Content-Length: 47
Content-Type: application/json; charset=utf-8
cache-control: no-cache

12:42:46.895 [AsyncHttpClient-1-11] DEBUG org.asynchttpclient.netty.channel.ChannelManager - Adding key: http://localhost:3665 for channel [id: 0x7fa7ca5d, L:/127.0.0.1:59254 - R:localhost/127.0.0.1:3665]
12:42:46.896 [Forwarding screenshot on session 8fed4fe1e1d2f10d5051bd033a96e81a to remote] DEBUG org.asynchttpclient.netty.request.NettyRequestSender - Using pooled Channel '[id: 0x7fa7ca5d, L:/127.0.0.1:59254 - R:localhost/127.0.0.1:3665]' for 'GET' to 'http://localhost:3665/session/8fed4fe1e1d2f10d5051bd033a96e81a/screenshot'
12:42:46.896 [Forwarding screenshot on session 8fed4fe1e1d2f10d5051bd033a96e81a to remote] DEBUG org.asynchttpclient.netty.request.NettyRequestSender - Using open Channel [id: 0x7fa7ca5d, L:/127.0.0.1:59254 - R:localhost/127.0.0.1:3665] for GET '/session/8fed4fe1e1d2f10d5051bd033a96e81a/screenshot'
12:42:47.016 [AsyncHttpClient-1-11] DEBUG org.asynchttpclient.netty.handler.HttpHandler - 

Request DefaultFullHttpRequest(decodeResult: success, version: HTTP/1.1, content: EmptyByteBufBE)
GET /session/8fed4fe1e1d2f10d5051bd033a96e81a/screenshot HTTP/1.1
User-Agent: selenium/4.8.1 (java windows)
Cache-Control: no-cache
Content-Type: application/json; charset=utf-8
host: localhost:3665
accept: */*

Response DefaultHttpResponse(decodeResult: success, version: HTTP/1.1)
HTTP/1.1 200 OK
Content-Length: 36152
Content-Type: application/json; charset=utf-8
cache-control: no-cache

12:42:47.016 [AsyncHttpClient-1-11] DEBUG org.asynchttpclient.netty.channel.ChannelManager - Adding key: http://localhost:3665 for channel [id: 0x7fa7ca5d, L:/127.0.0.1:59254 - R:localhost/127.0.0.1:3665]
12:42:47.019 [main] DEBUG net.serenitybdd.core.photography.Darkroom - Send negative for processing for target\site\serenity\052eb4db5c0eb3bd12f0b532032e4ee472ca406bd3f23abbff33ce4011aa29ed.png
12:42:47.019 [Darkroom Processing Line] DEBUG net.serenitybdd.core.photography.DarkroomProcessingLine - Processing screenshot image in /var/screenshots/screenshot-7179007062602597579
12:42:47.019 [Darkroom Processing Line] DEBUG net.serenitybdd.core.photography.DarkroomProcessingLine - Saving screenshot to target\site\serenity\052eb4db5c0eb3bd12f0b532032e4ee472ca406bd3f23abbff33ce4011aa29ed.png
12:42:47.021 [Forwarding getPageSource on session 8fed4fe1e1d2f10d5051bd033a96e81a to remote] DEBUG org.asynchttpclient.netty.request.NettyRequestSender - Using pooled Channel '[id: 0x7fa7ca5d, L:/127.0.0.1:59254 - R:localhost/127.0.0.1:3665]' for 'POST' to 'http://localhost:3665/session/8fed4fe1e1d2f10d5051bd033a96e81a/execute/sync'
12:42:47.021 [Forwarding getPageSource on session 8fed4fe1e1d2f10d5051bd033a96e81a to remote] DEBUG org.asynchttpclient.netty.request.NettyRequestSender - Using open Channel [id: 0x7fa7ca5d, L:/127.0.0.1:59254 - R:localhost/127.0.0.1:3665] for POST '/session/8fed4fe1e1d2f10d5051bd033a96e81a/execute/sync'
12:42:47.046 [AsyncHttpClient-1-11] DEBUG org.asynchttpclient.netty.handler.HttpHandler - 

Request DefaultHttpRequest(decodeResult: success, version: HTTP/1.1)
POST /session/8fed4fe1e1d2f10d5051bd033a96e81a/execute/sync HTTP/1.1
User-Agent: selenium/4.8.1 (java windows)
Content-Length: 176
Content-Type: application/json; charset=utf-8
host: localhost:3665
accept: */*

Response DefaultHttpResponse(decodeResult: success, version: HTTP/1.1)
HTTP/1.1 200 OK
Content-Length: 159234
Content-Type: application/json; charset=utf-8
cache-control: no-cache

12:42:47.046 [AsyncHttpClient-1-11] DEBUG org.asynchttpclient.netty.channel.ChannelManager - Adding key: http://localhost:3665 for channel [id: 0x7fa7ca5d, L:/127.0.0.1:59254 - R:localhost/127.0.0.1:3665]
12:42:47.054 [Forwarding getCurrentUrl on session 8fed4fe1e1d2f10d5051bd033a96e81a to remote] DEBUG org.asynchttpclient.netty.request.NettyRequestSender - Using pooled Channel '[id: 0x7fa7ca5d, L:/127.0.0.1:59254 - R:localhost/127.0.0.1:3665]' for 'GET' to 'http://localhost:3665/session/8fed4fe1e1d2f10d5051bd033a96e81a/url'
12:42:47.054 [Forwarding getCurrentUrl on session 8fed4fe1e1d2f10d5051bd033a96e81a to remote] DEBUG org.asynchttpclient.netty.request.NettyRequestSender - Using open Channel [id: 0x7fa7ca5d, L:/127.0.0.1:59254 - R:localhost/127.0.0.1:3665] for GET '/session/8fed4fe1e1d2f10d5051bd033a96e81a/url'
12:42:47.063 [AsyncHttpClient-1-11] DEBUG org.asynchttpclient.netty.handler.HttpHandler - 

Request DefaultFullHttpRequest(decodeResult: success, version: HTTP/1.1, content: EmptyByteBufBE)
GET /session/8fed4fe1e1d2f10d5051bd033a96e81a/url HTTP/1.1
User-Agent: selenium/4.8.1 (java windows)
Cache-Control: no-cache
Content-Type: application/json; charset=utf-8
host: localhost:3665
accept: */*

Response DefaultHttpResponse(decodeResult: success, version: HTTP/1.1)
HTTP/1.1 200 OK
Content-Length: 47
Content-Type: application/json; charset=utf-8
cache-control: no-cache

12:42:47.063 [AsyncHttpClient-1-11] DEBUG org.asynchttpclient.netty.channel.ChannelManager - Adding key: http://localhost:3665 for channel [id: 0x7fa7ca5d, L:/127.0.0.1:59254 - R:localhost/127.0.0.1:3665]
12:42:47.069 [main] DEBUG net.thucydides.core.steps.StepInterceptor - STARTING STEP: LoginSteps.enterPasswordOnLogin - inputPassword
12:42:47.071 [Forwarding findElement on session 8fed4fe1e1d2f10d5051bd033a96e81a to remote] DEBUG org.asynchttpclient.netty.request.NettyRequestSender - Using pooled Channel '[id: 0x7fa7ca5d, L:/127.0.0.1:59254 - R:localhost/127.0.0.1:3665]' for 'POST' to 'http://localhost:3665/session/8fed4fe1e1d2f10d5051bd033a96e81a/element'
12:42:47.071 [Forwarding findElement on session 8fed4fe1e1d2f10d5051bd033a96e81a to remote] DEBUG org.asynchttpclient.netty.request.NettyRequestSender - Using open Channel [id: 0x7fa7ca5d, L:/127.0.0.1:59254 - R:localhost/127.0.0.1:3665] for POST '/session/8fed4fe1e1d2f10d5051bd033a96e81a/element'
12:42:47.087 [AsyncHttpClient-1-11] DEBUG org.asynchttpclient.netty.handler.HttpHandler - 

Request DefaultHttpRequest(decodeResult: success, version: HTTP/1.1)
POST /session/8fed4fe1e1d2f10d5051bd033a96e81a/element HTTP/1.1
User-Agent: selenium/4.8.1 (java windows)
Content-Length: 79
Content-Type: application/json; charset=utf-8
host: localhost:3665
accept: */*

Response DefaultHttpResponse(decodeResult: success, version: HTTP/1.1)
HTTP/1.1 200 OK
Content-Length: 94
Content-Type: application/json; charset=utf-8
cache-control: no-cache

12:42:47.088 [AsyncHttpClient-1-11] DEBUG org.asynchttpclient.netty.channel.ChannelManager - Adding key: http://localhost:3665 for channel [id: 0x7fa7ca5d, L:/127.0.0.1:59254 - R:localhost/127.0.0.1:3665]
12:42:47.089 [Forwarding clearElement on session 8fed4fe1e1d2f10d5051bd033a96e81a to remote] DEBUG org.asynchttpclient.netty.request.NettyRequestSender - Using pooled Channel '[id: 0x7fa7ca5d, L:/127.0.0.1:59254 - R:localhost/127.0.0.1:3665]' for 'POST' to 'http://localhost:3665/session/8fed4fe1e1d2f10d5051bd033a96e81a/element/42BB09E37CBF28E578B5B261AAEFF22F_element_2/clear'
12:42:47.089 [Forwarding clearElement on session 8fed4fe1e1d2f10d5051bd033a96e81a to remote] DEBUG org.asynchttpclient.netty.request.NettyRequestSender - Using open Channel [id: 0x7fa7ca5d, L:/127.0.0.1:59254 - R:localhost/127.0.0.1:3665] for POST '/session/8fed4fe1e1d2f10d5051bd033a96e81a/element/42BB09E37CBF28E578B5B261AAEFF22F_element_2/clear'
12:42:47.120 [AsyncHttpClient-1-11] DEBUG org.asynchttpclient.netty.handler.HttpHandler - 

Request DefaultHttpRequest(decodeResult: success, version: HTTP/1.1)
POST /session/8fed4fe1e1d2f10d5051bd033a96e81a/element/42BB09E37CBF28E578B5B261AAEFF22F_element_2/clear HTTP/1.1
User-Agent: selenium/4.8.1 (java windows)
Content-Length: 56
Content-Type: application/json; charset=utf-8
host: localhost:3665
accept: */*

Response DefaultHttpResponse(decodeResult: success, version: HTTP/1.1)
HTTP/1.1 200 OK
Content-Length: 14
Content-Type: application/json; charset=utf-8
cache-control: no-cache

12:42:47.120 [AsyncHttpClient-1-11] DEBUG org.asynchttpclient.netty.channel.ChannelManager - Adding key: http://localhost:3665 for channel [id: 0x7fa7ca5d, L:/127.0.0.1:59254 - R:localhost/127.0.0.1:3665]
12:42:47.122 [Forwarding sendKeysToElement on session 8fed4fe1e1d2f10d5051bd033a96e81a to remote] DEBUG org.asynchttpclient.netty.request.NettyRequestSender - Using pooled Channel '[id: 0x7fa7ca5d, L:/127.0.0.1:59254 - R:localhost/127.0.0.1:3665]' for 'POST' to 'http://localhost:3665/session/8fed4fe1e1d2f10d5051bd033a96e81a/element/42BB09E37CBF28E578B5B261AAEFF22F_element_2/value'
12:42:47.122 [Forwarding sendKeysToElement on session 8fed4fe1e1d2f10d5051bd033a96e81a to remote] DEBUG org.asynchttpclient.netty.request.NettyRequestSender - Using open Channel [id: 0x7fa7ca5d, L:/127.0.0.1:59254 - R:localhost/127.0.0.1:3665] for POST '/session/8fed4fe1e1d2f10d5051bd033a96e81a/element/42BB09E37CBF28E578B5B261AAEFF22F_element_2/value'
12:42:47.161 [AsyncHttpClient-1-11] DEBUG org.asynchttpclient.netty.handler.HttpHandler - 

Request DefaultHttpRequest(decodeResult: success, version: HTTP/1.1)
POST /session/8fed4fe1e1d2f10d5051bd033a96e81a/element/42BB09E37CBF28E578B5B261AAEFF22F_element_2/value HTTP/1.1
User-Agent: selenium/4.8.1 (java windows)
Content-Length: 88
Content-Type: application/json; charset=utf-8
host: localhost:3665
accept: */*

Response DefaultHttpResponse(decodeResult: success, version: HTTP/1.1)
HTTP/1.1 200 OK
Content-Length: 14
Content-Type: application/json; charset=utf-8
cache-control: no-cache

12:42:47.162 [AsyncHttpClient-1-11] DEBUG org.asynchttpclient.netty.channel.ChannelManager - Adding key: http://localhost:3665 for channel [id: 0x7fa7ca5d, L:/127.0.0.1:59254 - R:localhost/127.0.0.1:3665]
12:42:47.166 [Forwarding getAlertText on session 8fed4fe1e1d2f10d5051bd033a96e81a to remote] DEBUG org.asynchttpclient.netty.request.NettyRequestSender - Using pooled Channel '[id: 0x7fa7ca5d, L:/127.0.0.1:59254 - R:localhost/127.0.0.1:3665]' for 'GET' to 'http://localhost:3665/session/8fed4fe1e1d2f10d5051bd033a96e81a/alert/text'
12:42:47.166 [Forwarding getAlertText on session 8fed4fe1e1d2f10d5051bd033a96e81a to remote] DEBUG org.asynchttpclient.netty.request.NettyRequestSender - Using open Channel [id: 0x7fa7ca5d, L:/127.0.0.1:59254 - R:localhost/127.0.0.1:3665] for GET '/session/8fed4fe1e1d2f10d5051bd033a96e81a/alert/text'
12:42:47.170 [AsyncHttpClient-1-11] DEBUG org.asynchttpclient.netty.handler.HttpHandler - 

Request DefaultFullHttpRequest(decodeResult: success, version: HTTP/1.1, content: EmptyByteBufBE)
GET /session/8fed4fe1e1d2f10d5051bd033a96e81a/alert/text HTTP/1.1
User-Agent: selenium/4.8.1 (java windows)
Cache-Control: no-cache
Content-Type: application/json; charset=utf-8
host: localhost:3665
accept: */*

Response DefaultHttpResponse(decodeResult: success, version: HTTP/1.1)
HTTP/1.1 404 Not Found
Content-Length: 821
Content-Type: application/json; charset=utf-8
cache-control: no-cache

12:42:47.170 [AsyncHttpClient-1-11] DEBUG org.asynchttpclient.netty.channel.ChannelManager - Adding key: http://localhost:3665 for channel [id: 0x7fa7ca5d, L:/127.0.0.1:59254 - R:localhost/127.0.0.1:3665]
12:42:47.173 [Forwarding getCurrentUrl on session 8fed4fe1e1d2f10d5051bd033a96e81a to remote] DEBUG org.asynchttpclient.netty.request.NettyRequestSender - Using pooled Channel '[id: 0x7fa7ca5d, L:/127.0.0.1:59254 - R:localhost/127.0.0.1:3665]' for 'GET' to 'http://localhost:3665/session/8fed4fe1e1d2f10d5051bd033a96e81a/url'
12:42:47.173 [Forwarding getCurrentUrl on session 8fed4fe1e1d2f10d5051bd033a96e81a to remote] DEBUG org.asynchttpclient.netty.request.NettyRequestSender - Using open Channel [id: 0x7fa7ca5d, L:/127.0.0.1:59254 - R:localhost/127.0.0.1:3665] for GET '/session/8fed4fe1e1d2f10d5051bd033a96e81a/url'
12:42:47.183 [AsyncHttpClient-1-11] DEBUG org.asynchttpclient.netty.handler.HttpHandler - 

Request DefaultFullHttpRequest(decodeResult: success, version: HTTP/1.1, content: EmptyByteBufBE)
GET /session/8fed4fe1e1d2f10d5051bd033a96e81a/url HTTP/1.1
User-Agent: selenium/4.8.1 (java windows)
Cache-Control: no-cache
Content-Type: application/json; charset=utf-8
host: localhost:3665
accept: */*

Response DefaultHttpResponse(decodeResult: success, version: HTTP/1.1)
HTTP/1.1 200 OK
Content-Length: 47
Content-Type: application/json; charset=utf-8
cache-control: no-cache

12:42:47.183 [AsyncHttpClient-1-11] DEBUG org.asynchttpclient.netty.channel.ChannelManager - Adding key: http://localhost:3665 for channel [id: 0x7fa7ca5d, L:/127.0.0.1:59254 - R:localhost/127.0.0.1:3665]
12:42:47.184 [Forwarding screenshot on session 8fed4fe1e1d2f10d5051bd033a96e81a to remote] DEBUG org.asynchttpclient.netty.request.NettyRequestSender - Using pooled Channel '[id: 0x7fa7ca5d, L:/127.0.0.1:59254 - R:localhost/127.0.0.1:3665]' for 'GET' to 'http://localhost:3665/session/8fed4fe1e1d2f10d5051bd033a96e81a/screenshot'
12:42:47.184 [Forwarding screenshot on session 8fed4fe1e1d2f10d5051bd033a96e81a to remote] DEBUG org.asynchttpclient.netty.request.NettyRequestSender - Using open Channel [id: 0x7fa7ca5d, L:/127.0.0.1:59254 - R:localhost/127.0.0.1:3665] for GET '/session/8fed4fe1e1d2f10d5051bd033a96e81a/screenshot'
12:42:47.327 [AsyncHttpClient-1-11] DEBUG org.asynchttpclient.netty.handler.HttpHandler - 

Request DefaultFullHttpRequest(decodeResult: success, version: HTTP/1.1, content: EmptyByteBufBE)
GET /session/8fed4fe1e1d2f10d5051bd033a96e81a/screenshot HTTP/1.1
User-Agent: selenium/4.8.1 (java windows)
Cache-Control: no-cache
Content-Type: application/json; charset=utf-8
host: localhost:3665
accept: */*

Response DefaultHttpResponse(decodeResult: success, version: HTTP/1.1)
HTTP/1.1 200 OK
Content-Length: 38116
Content-Type: application/json; charset=utf-8
cache-control: no-cache

12:42:47.327 [AsyncHttpClient-1-11] DEBUG org.asynchttpclient.netty.channel.ChannelManager - Adding key: http://localhost:3665 for channel [id: 0x7fa7ca5d, L:/127.0.0.1:59254 - R:localhost/127.0.0.1:3665]
12:42:47.329 [main] DEBUG net.serenitybdd.core.photography.Darkroom - Send negative for processing for target\site\serenity\e74524639fcdbe7c10e1cfbbfd38dda173c10c954e112d2b104a326ee1b7b164.png
12:42:47.329 [main] DEBUG net.thucydides.core.steps.StepInterceptor - STEP DONE: inputPassword
  &amp#27;[32mAnd &amp#27;[0m&amp#27;[32mI enter Password &amp#27;[0m&amp#27;[32m&amp#27;[1m""&amp#27;[0m                                                        &amp#27;[90m# starter.stepdefinitions.LoginSteps.enterPasswordOnLogin(java.lang.String)&amp#27;[0m
12:42:47.329 [Darkroom Processing Line] DEBUG net.serenitybdd.core.photography.DarkroomProcessingLine - Processing screenshot image in /var/screenshots/screenshot-2487688914835832787
12:42:47.329 [Darkroom Processing Line] DEBUG net.serenitybdd.core.photography.DarkroomProcessingLine - Saving screenshot to target\site\serenity\e74524639fcdbe7c10e1cfbbfd38dda173c10c954e112d2b104a326ee1b7b164.png
12:42:47.337 [Forwarding getPageSource on session 8fed4fe1e1d2f10d5051bd033a96e81a to remote] DEBUG org.asynchttpclient.netty.request.NettyRequestSender - Using pooled Channel '[id: 0x7fa7ca5d, L:/127.0.0.1:59254 - R:localhost/127.0.0.1:3665]' for 'POST' to 'http://localhost:3665/session/8fed4fe1e1d2f10d5051bd033a96e81a/execute/sync'
12:42:47.337 [Forwarding getPageSource on session 8fed4fe1e1d2f10d5051bd033a96e81a to remote] DEBUG org.asynchttpclient.netty.request.NettyRequestSender - Using open Channel [id: 0x7fa7ca5d, L:/127.0.0.1:59254 - R:localhost/127.0.0.1:3665] for POST '/session/8fed4fe1e1d2f10d5051bd033a96e81a/execute/sync'
12:42:47.355 [AsyncHttpClient-1-1] DEBUG org.asynchttpclient.netty.channel.DefaultChannelPool - Entry count for : http://localhost:59255 : 1
12:42:47.361 [AsyncHttpClient-1-11] DEBUG org.asynchttpclient.netty.handler.HttpHandler - 

Request DefaultHttpRequest(decodeResult: success, version: HTTP/1.1)
POST /session/8fed4fe1e1d2f10d5051bd033a96e81a/execute/sync HTTP/1.1
User-Agent: selenium/4.8.1 (java windows)
Content-Length: 176
Content-Type: application/json; charset=utf-8
host: localhost:3665
accept: */*

Response DefaultHttpResponse(decodeResult: success, version: HTTP/1.1)
HTTP/1.1 200 OK
Content-Length: 159234
Content-Type: application/json; charset=utf-8
cache-control: no-cache

12:42:47.362 [AsyncHttpClient-1-11] DEBUG org.asynchttpclient.netty.channel.ChannelManager - Adding key: http://localhost:3665 for channel [id: 0x7fa7ca5d, L:/127.0.0.1:59254 - R:localhost/127.0.0.1:3665]
12:42:47.369 [Forwarding getCurrentUrl on session 8fed4fe1e1d2f10d5051bd033a96e81a to remote] DEBUG org.asynchttpclient.netty.request.NettyRequestSender - Using pooled Channel '[id: 0x7fa7ca5d, L:/127.0.0.1:59254 - R:localhost/127.0.0.1:3665]' for 'GET' to 'http://localhost:3665/session/8fed4fe1e1d2f10d5051bd033a96e81a/url'
12:42:47.369 [Forwarding getCurrentUrl on session 8fed4fe1e1d2f10d5051bd033a96e81a to remote] DEBUG org.asynchttpclient.netty.request.NettyRequestSender - Using open Channel [id: 0x7fa7ca5d, L:/127.0.0.1:59254 - R:localhost/127.0.0.1:3665] for GET '/session/8fed4fe1e1d2f10d5051bd033a96e81a/url'
12:42:47.380 [AsyncHttpClient-1-11] DEBUG org.asynchttpclient.netty.handler.HttpHandler - 

Request DefaultFullHttpRequest(decodeResult: success, version: HTTP/1.1, content: EmptyByteBufBE)
GET /session/8fed4fe1e1d2f10d5051bd033a96e81a/url HTTP/1.1
User-Agent: selenium/4.8.1 (java windows)
Cache-Control: no-cache
Content-Type: application/json; charset=utf-8
host: localhost:3665
accept: */*

Response DefaultHttpResponse(decodeResult: success, version: HTTP/1.1)
HTTP/1.1 200 OK
Content-Length: 47
Content-Type: application/json; charset=utf-8
cache-control: no-cache

12:42:47.380 [AsyncHttpClient-1-11] DEBUG org.asynchttpclient.netty.channel.ChannelManager - Adding key: http://localhost:3665 for channel [id: 0x7fa7ca5d, L:/127.0.0.1:59254 - R:localhost/127.0.0.1:3665]
12:42:47.387 [Forwarding getAlertText on session 8fed4fe1e1d2f10d5051bd033a96e81a to remote] DEBUG org.asynchttpclient.netty.request.NettyRequestSender - Using pooled Channel '[id: 0x7fa7ca5d, L:/127.0.0.1:59254 - R:localhost/127.0.0.1:3665]' for 'GET' to 'http://localhost:3665/session/8fed4fe1e1d2f10d5051bd033a96e81a/alert/text'
12:42:47.387 [Forwarding getAlertText on session 8fed4fe1e1d2f10d5051bd033a96e81a to remote] DEBUG org.asynchttpclient.netty.request.NettyRequestSender - Using open Channel [id: 0x7fa7ca5d, L:/127.0.0.1:59254 - R:localhost/127.0.0.1:3665] for GET '/session/8fed4fe1e1d2f10d5051bd033a96e81a/alert/text'
12:42:47.391 [AsyncHttpClient-1-11] DEBUG org.asynchttpclient.netty.handler.HttpHandler - 

Request DefaultFullHttpRequest(decodeResult: success, version: HTTP/1.1, content: EmptyByteBufBE)
GET /session/8fed4fe1e1d2f10d5051bd033a96e81a/alert/text HTTP/1.1
User-Agent: selenium/4.8.1 (java windows)
Cache-Control: no-cache
Content-Type: application/json; charset=utf-8
host: localhost:3665
accept: */*

Response DefaultHttpResponse(decodeResult: success, version: HTTP/1.1)
HTTP/1.1 404 Not Found
Content-Length: 821
Content-Type: application/json; charset=utf-8
cache-control: no-cache

12:42:47.391 [AsyncHttpClient-1-11] DEBUG org.asynchttpclient.netty.channel.ChannelManager - Adding key: http://localhost:3665 for channel [id: 0x7fa7ca5d, L:/127.0.0.1:59254 - R:localhost/127.0.0.1:3665]
12:42:47.392 [Forwarding getCurrentUrl on session 8fed4fe1e1d2f10d5051bd033a96e81a to remote] DEBUG org.asynchttpclient.netty.request.NettyRequestSender - Using pooled Channel '[id: 0x7fa7ca5d, L:/127.0.0.1:59254 - R:localhost/127.0.0.1:3665]' for 'GET' to 'http://localhost:3665/session/8fed4fe1e1d2f10d5051bd033a96e81a/url'
12:42:47.392 [Forwarding getCurrentUrl on session 8fed4fe1e1d2f10d5051bd033a96e81a to remote] DEBUG org.asynchttpclient.netty.request.NettyRequestSender - Using open Channel [id: 0x7fa7ca5d, L:/127.0.0.1:59254 - R:localhost/127.0.0.1:3665] for GET '/session/8fed4fe1e1d2f10d5051bd033a96e81a/url'
12:42:47.401 [AsyncHttpClient-1-11] DEBUG org.asynchttpclient.netty.handler.HttpHandler - 

Request DefaultFullHttpRequest(decodeResult: success, version: HTTP/1.1, content: EmptyByteBufBE)
GET /session/8fed4fe1e1d2f10d5051bd033a96e81a/url HTTP/1.1
User-Agent: selenium/4.8.1 (java windows)
Cache-Control: no-cache
Content-Type: application/json; charset=utf-8
host: localhost:3665
accept: */*

Response DefaultHttpResponse(decodeResult: success, version: HTTP/1.1)
HTTP/1.1 200 OK
Content-Length: 47
Content-Type: application/json; charset=utf-8
cache-control: no-cache

12:42:47.401 [AsyncHttpClient-1-11] DEBUG org.asynchttpclient.netty.channel.ChannelManager - Adding key: http://localhost:3665 for channel [id: 0x7fa7ca5d, L:/127.0.0.1:59254 - R:localhost/127.0.0.1:3665]
12:42:47.402 [Forwarding screenshot on session 8fed4fe1e1d2f10d5051bd033a96e81a to remote] DEBUG org.asynchttpclient.netty.request.NettyRequestSender - Using pooled Channel '[id: 0x7fa7ca5d, L:/127.0.0.1:59254 - R:localhost/127.0.0.1:3665]' for 'GET' to 'http://localhost:3665/session/8fed4fe1e1d2f10d5051bd033a96e81a/screenshot'
12:42:47.402 [Forwarding screenshot on session 8fed4fe1e1d2f10d5051bd033a96e81a to remote] DEBUG org.asynchttpclient.netty.request.NettyRequestSender - Using open Channel [id: 0x7fa7ca5d, L:/127.0.0.1:59254 - R:localhost/127.0.0.1:3665] for GET '/session/8fed4fe1e1d2f10d5051bd033a96e81a/screenshot'
12:42:47.513 [AsyncHttpClient-1-11] DEBUG org.asynchttpclient.netty.handler.HttpHandler - 

Request DefaultFullHttpRequest(decodeResult: success, version: HTTP/1.1, content: EmptyByteBufBE)
GET /session/8fed4fe1e1d2f10d5051bd033a96e81a/screenshot HTTP/1.1
User-Agent: selenium/4.8.1 (java windows)
Cache-Control: no-cache
Content-Type: application/json; charset=utf-8
host: localhost:3665
accept: */*

Response DefaultHttpResponse(decodeResult: success, version: HTTP/1.1)
HTTP/1.1 200 OK
Content-Length: 37836
Content-Type: application/json; charset=utf-8
cache-control: no-cache

12:42:47.513 [AsyncHttpClient-1-11] DEBUG org.asynchttpclient.netty.channel.ChannelManager - Adding key: http://localhost:3665 for channel [id: 0x7fa7ca5d, L:/127.0.0.1:59254 - R:localhost/127.0.0.1:3665]
12:42:47.514 [main] DEBUG net.serenitybdd.core.photography.Darkroom - Send negative for processing for target\site\serenity\4e2d314356945e7cf96a98df3b0ac5e0daea7a3b5c8d055d16189768518af0dd.png
12:42:47.515 [Darkroom Processing Line] DEBUG net.serenitybdd.core.photography.DarkroomProcessingLine - Processing screenshot image in /var/screenshots/screenshot-12676384688615170922
12:42:47.515 [Darkroom Processing Line] DEBUG net.serenitybdd.core.photography.DarkroomProcessingLine - Saving screenshot to target\site\serenity\4e2d314356945e7cf96a98df3b0ac5e0daea7a3b5c8d055d16189768518af0dd.png
12:42:47.516 [Forwarding getPageSource on session 8fed4fe1e1d2f10d5051bd033a96e81a to remote] DEBUG org.asynchttpclient.netty.request.NettyRequestSender - Using pooled Channel '[id: 0x7fa7ca5d, L:/127.0.0.1:59254 - R:localhost/127.0.0.1:3665]' for 'POST' to 'http://localhost:3665/session/8fed4fe1e1d2f10d5051bd033a96e81a/execute/sync'
12:42:47.516 [Forwarding getPageSource on session 8fed4fe1e1d2f10d5051bd033a96e81a to remote] DEBUG org.asynchttpclient.netty.request.NettyRequestSender - Using open Channel [id: 0x7fa7ca5d, L:/127.0.0.1:59254 - R:localhost/127.0.0.1:3665] for POST '/session/8fed4fe1e1d2f10d5051bd033a96e81a/execute/sync'
12:42:47.537 [AsyncHttpClient-1-11] DEBUG org.asynchttpclient.netty.handler.HttpHandler - 

Request DefaultHttpRequest(decodeResult: success, version: HTTP/1.1)
POST /session/8fed4fe1e1d2f10d5051bd033a96e81a/execute/sync HTTP/1.1
User-Agent: selenium/4.8.1 (java windows)
Content-Length: 176
Content-Type: application/json; charset=utf-8
host: localhost:3665
accept: */*

Response DefaultHttpResponse(decodeResult: success, version: HTTP/1.1)
HTTP/1.1 200 OK
Content-Length: 159234
Content-Type: application/json; charset=utf-8
cache-control: no-cache

12:42:47.537 [AsyncHttpClient-1-11] DEBUG org.asynchttpclient.netty.channel.ChannelManager - Adding key: http://localhost:3665 for channel [id: 0x7fa7ca5d, L:/127.0.0.1:59254 - R:localhost/127.0.0.1:3665]
12:42:47.546 [Forwarding getCurrentUrl on session 8fed4fe1e1d2f10d5051bd033a96e81a to remote] DEBUG org.asynchttpclient.netty.request.NettyRequestSender - Using pooled Channel '[id: 0x7fa7ca5d, L:/127.0.0.1:59254 - R:localhost/127.0.0.1:3665]' for 'GET' to 'http://localhost:3665/session/8fed4fe1e1d2f10d5051bd033a96e81a/url'
12:42:47.546 [Forwarding getCurrentUrl on session 8fed4fe1e1d2f10d5051bd033a96e81a to remote] DEBUG org.asynchttpclient.netty.request.NettyRequestSender - Using open Channel [id: 0x7fa7ca5d, L:/127.0.0.1:59254 - R:localhost/127.0.0.1:3665] for GET '/session/8fed4fe1e1d2f10d5051bd033a96e81a/url'
12:42:47.553 [AsyncHttpClient-1-11] DEBUG org.asynchttpclient.netty.handler.HttpHandler - 

Request DefaultFullHttpRequest(decodeResult: success, version: HTTP/1.1, content: EmptyByteBufBE)
GET /session/8fed4fe1e1d2f10d5051bd033a96e81a/url HTTP/1.1
User-Agent: selenium/4.8.1 (java windows)
Cache-Control: no-cache
Content-Type: application/json; charset=utf-8
host: localhost:3665
accept: */*

Response DefaultHttpResponse(decodeResult: success, version: HTTP/1.1)
HTTP/1.1 200 OK
Content-Length: 47
Content-Type: application/json; charset=utf-8
cache-control: no-cache

12:42:47.553 [AsyncHttpClient-1-11] DEBUG org.asynchttpclient.netty.channel.ChannelManager - Adding key: http://localhost:3665 for channel [id: 0x7fa7ca5d, L:/127.0.0.1:59254 - R:localhost/127.0.0.1:3665]
12:42:47.556 [main] DEBUG net.thucydides.core.steps.StepInterceptor - STARTING STEP: LoginSteps.clickSigInButton - ClickSigInButton
12:42:47.561 [Forwarding findElement on session 8fed4fe1e1d2f10d5051bd033a96e81a to remote] DEBUG org.asynchttpclient.netty.request.NettyRequestSender - Using pooled Channel '[id: 0x7fa7ca5d, L:/127.0.0.1:59254 - R:localhost/127.0.0.1:3665]' for 'POST' to 'http://localhost:3665/session/8fed4fe1e1d2f10d5051bd033a96e81a/element'
12:42:47.561 [Forwarding findElement on session 8fed4fe1e1d2f10d5051bd033a96e81a to remote] DEBUG org.asynchttpclient.netty.request.NettyRequestSender - Using open Channel [id: 0x7fa7ca5d, L:/127.0.0.1:59254 - R:localhost/127.0.0.1:3665] for POST '/session/8fed4fe1e1d2f10d5051bd033a96e81a/element'
12:42:47.574 [AsyncHttpClient-1-11] DEBUG org.asynchttpclient.netty.handler.HttpHandler - 

Request DefaultHttpRequest(decodeResult: success, version: HTTP/1.1)
POST /session/8fed4fe1e1d2f10d5051bd033a96e81a/element HTTP/1.1
User-Agent: selenium/4.8.1 (java windows)
Content-Length: 155
Content-Type: application/json; charset=utf-8
host: localhost:3665
accept: */*

Response DefaultHttpResponse(decodeResult: success, version: HTTP/1.1)
HTTP/1.1 200 OK
Content-Length: 94
Content-Type: application/json; charset=utf-8
cache-control: no-cache

12:42:47.574 [AsyncHttpClient-1-11] DEBUG org.asynchttpclient.netty.channel.ChannelManager - Adding key: http://localhost:3665 for channel [id: 0x7fa7ca5d, L:/127.0.0.1:59254 - R:localhost/127.0.0.1:3665]
12:42:47.577 [Forwarding getElementTagName on session 8fed4fe1e1d2f10d5051bd033a96e81a to remote] DEBUG org.asynchttpclient.netty.request.NettyRequestSender - Using pooled Channel '[id: 0x7fa7ca5d, L:/127.0.0.1:59254 - R:localhost/127.0.0.1:3665]' for 'GET' to 'http://localhost:3665/session/8fed4fe1e1d2f10d5051bd033a96e81a/element/42BB09E37CBF28E578B5B261AAEFF22F_element_3/name'
12:42:47.577 [Forwarding getElementTagName on session 8fed4fe1e1d2f10d5051bd033a96e81a to remote] DEBUG org.asynchttpclient.netty.request.NettyRequestSender - Using open Channel [id: 0x7fa7ca5d, L:/127.0.0.1:59254 - R:localhost/127.0.0.1:3665] for GET '/session/8fed4fe1e1d2f10d5051bd033a96e81a/element/42BB09E37CBF28E578B5B261AAEFF22F_element_3/name'
12:42:47.588 [AsyncHttpClient-1-11] DEBUG org.asynchttpclient.netty.handler.HttpHandler - 

Request DefaultFullHttpRequest(decodeResult: success, version: HTTP/1.1, content: EmptyByteBufBE)
GET /session/8fed4fe1e1d2f10d5051bd033a96e81a/element/42BB09E37CBF28E578B5B261AAEFF22F_element_3/name HTTP/1.1
User-Agent: selenium/4.8.1 (java windows)
Cache-Control: no-cache
Content-Type: application/json; charset=utf-8
host: localhost:3665
accept: */*

Response DefaultHttpResponse(decodeResult: success, version: HTTP/1.1)
HTTP/1.1 200 OK
Content-Length: 16
Content-Type: application/json; charset=utf-8
cache-control: no-cache

12:42:47.589 [AsyncHttpClient-1-11] DEBUG org.asynchttpclient.netty.channel.ChannelManager - Adding key: http://localhost:3665 for channel [id: 0x7fa7ca5d, L:/127.0.0.1:59254 - R:localhost/127.0.0.1:3665]
12:42:47.590 [Forwarding getElementTagName on session 8fed4fe1e1d2f10d5051bd033a96e81a to remote] DEBUG org.asynchttpclient.netty.request.NettyRequestSender - Using pooled Channel '[id: 0x7fa7ca5d, L:/127.0.0.1:59254 - R:localhost/127.0.0.1:3665]' for 'GET' to 'http://localhost:3665/session/8fed4fe1e1d2f10d5051bd033a96e81a/element/42BB09E37CBF28E578B5B261AAEFF22F_element_3/name'
12:42:47.590 [Forwarding getElementTagName on session 8fed4fe1e1d2f10d5051bd033a96e81a to remote] DEBUG org.asynchttpclient.netty.request.NettyRequestSender - Using open Channel [id: 0x7fa7ca5d, L:/127.0.0.1:59254 - R:localhost/127.0.0.1:3665] for GET '/session/8fed4fe1e1d2f10d5051bd033a96e81a/element/42BB09E37CBF28E578B5B261AAEFF22F_element_3/name'
12:42:47.597 [AsyncHttpClient-1-11] DEBUG org.asynchttpclient.netty.handler.HttpHandler - 

Request DefaultFullHttpRequest(decodeResult: success, version: HTTP/1.1, content: EmptyByteBufBE)
GET /session/8fed4fe1e1d2f10d5051bd033a96e81a/element/42BB09E37CBF28E578B5B261AAEFF22F_element_3/name HTTP/1.1
User-Agent: selenium/4.8.1 (java windows)
Cache-Control: no-cache
Content-Type: application/json; charset=utf-8
host: localhost:3665
accept: */*

Response DefaultHttpResponse(decodeResult: success, version: HTTP/1.1)
HTTP/1.1 200 OK
Content-Length: 16
Content-Type: application/json; charset=utf-8
cache-control: no-cache

12:42:47.597 [AsyncHttpClient-1-11] DEBUG org.asynchttpclient.netty.channel.ChannelManager - Adding key: http://localhost:3665 for channel [id: 0x7fa7ca5d, L:/127.0.0.1:59254 - R:localhost/127.0.0.1:3665]
12:42:47.598 [Forwarding findElement on session 8fed4fe1e1d2f10d5051bd033a96e81a to remote] DEBUG org.asynchttpclient.netty.request.NettyRequestSender - Using pooled Channel '[id: 0x7fa7ca5d, L:/127.0.0.1:59254 - R:localhost/127.0.0.1:3665]' for 'POST' to 'http://localhost:3665/session/8fed4fe1e1d2f10d5051bd033a96e81a/element'
12:42:47.598 [Forwarding findElement on session 8fed4fe1e1d2f10d5051bd033a96e81a to remote] DEBUG org.asynchttpclient.netty.request.NettyRequestSender - Using open Channel [id: 0x7fa7ca5d, L:/127.0.0.1:59254 - R:localhost/127.0.0.1:3665] for POST '/session/8fed4fe1e1d2f10d5051bd033a96e81a/element'
12:42:47.610 [AsyncHttpClient-1-11] DEBUG org.asynchttpclient.netty.handler.HttpHandler - 

Request DefaultHttpRequest(decodeResult: success, version: HTTP/1.1)
POST /session/8fed4fe1e1d2f10d5051bd033a96e81a/element HTTP/1.1
User-Agent: selenium/4.8.1 (java windows)
Content-Length: 155
Content-Type: application/json; charset=utf-8
host: localhost:3665
accept: */*

Response DefaultHttpResponse(decodeResult: success, version: HTTP/1.1)
HTTP/1.1 200 OK
Content-Length: 94
Content-Type: application/json; charset=utf-8
cache-control: no-cache

12:42:47.610 [AsyncHttpClient-1-11] DEBUG org.asynchttpclient.netty.channel.ChannelManager - Adding key: http://localhost:3665 for channel [id: 0x7fa7ca5d, L:/127.0.0.1:59254 - R:localhost/127.0.0.1:3665]
12:42:47.611 [Forwarding clickElement on session 8fed4fe1e1d2f10d5051bd033a96e81a to remote] DEBUG org.asynchttpclient.netty.request.NettyRequestSender - Using pooled Channel '[id: 0x7fa7ca5d, L:/127.0.0.1:59254 - R:localhost/127.0.0.1:3665]' for 'POST' to 'http://localhost:3665/session/8fed4fe1e1d2f10d5051bd033a96e81a/element/42BB09E37CBF28E578B5B261AAEFF22F_element_3/click'
12:42:47.611 [Forwarding clickElement on session 8fed4fe1e1d2f10d5051bd033a96e81a to remote] DEBUG org.asynchttpclient.netty.request.NettyRequestSender - Using open Channel [id: 0x7fa7ca5d, L:/127.0.0.1:59254 - R:localhost/127.0.0.1:3665] for POST '/session/8fed4fe1e1d2f10d5051bd033a96e81a/element/42BB09E37CBF28E578B5B261AAEFF22F_element_3/click'
12:42:47.687 [AsyncHttpClient-1-11] DEBUG org.asynchttpclient.netty.handler.HttpHandler - 

Request DefaultHttpRequest(decodeResult: success, version: HTTP/1.1)
POST /session/8fed4fe1e1d2f10d5051bd033a96e81a/element/42BB09E37CBF28E578B5B261AAEFF22F_element_3/click HTTP/1.1
User-Agent: selenium/4.8.1 (java windows)
Content-Length: 56
Content-Type: application/json; charset=utf-8
host: localhost:3665
accept: */*

Response DefaultHttpResponse(decodeResult: success, version: HTTP/1.1)
HTTP/1.1 200 OK
Content-Length: 14
Content-Type: application/json; charset=utf-8
cache-control: no-cache

12:42:47.688 [AsyncHttpClient-1-11] DEBUG org.asynchttpclient.netty.channel.ChannelManager - Adding key: http://localhost:3665 for channel [id: 0x7fa7ca5d, L:/127.0.0.1:59254 - R:localhost/127.0.0.1:3665]
12:42:47.694 [Forwarding getAlertText on session 8fed4fe1e1d2f10d5051bd033a96e81a to remote] DEBUG org.asynchttpclient.netty.request.NettyRequestSender - Using pooled Channel '[id: 0x7fa7ca5d, L:/127.0.0.1:59254 - R:localhost/127.0.0.1:3665]' for 'GET' to 'http://localhost:3665/session/8fed4fe1e1d2f10d5051bd033a96e81a/alert/text'
12:42:47.694 [Forwarding getAlertText on session 8fed4fe1e1d2f10d5051bd033a96e81a to remote] DEBUG org.asynchttpclient.netty.request.NettyRequestSender - Using open Channel [id: 0x7fa7ca5d, L:/127.0.0.1:59254 - R:localhost/127.0.0.1:3665] for GET '/session/8fed4fe1e1d2f10d5051bd033a96e81a/alert/text'
12:42:47.698 [AsyncHttpClient-1-11] DEBUG org.asynchttpclient.netty.handler.HttpHandler - 

Request DefaultFullHttpRequest(decodeResult: success, version: HTTP/1.1, content: EmptyByteBufBE)
GET /session/8fed4fe1e1d2f10d5051bd033a96e81a/alert/text HTTP/1.1
User-Agent: selenium/4.8.1 (java windows)
Cache-Control: no-cache
Content-Type: application/json; charset=utf-8
host: localhost:3665
accept: */*

Response DefaultHttpResponse(decodeResult: success, version: HTTP/1.1)
HTTP/1.1 404 Not Found
Content-Length: 821
Content-Type: application/json; charset=utf-8
cache-control: no-cache

12:42:47.698 [AsyncHttpClient-1-11] DEBUG org.asynchttpclient.netty.channel.ChannelManager - Adding key: http://localhost:3665 for channel [id: 0x7fa7ca5d, L:/127.0.0.1:59254 - R:localhost/127.0.0.1:3665]
12:42:47.700 [Forwarding getCurrentUrl on session 8fed4fe1e1d2f10d5051bd033a96e81a to remote] DEBUG org.asynchttpclient.netty.request.NettyRequestSender - Using pooled Channel '[id: 0x7fa7ca5d, L:/127.0.0.1:59254 - R:localhost/127.0.0.1:3665]' for 'GET' to 'http://localhost:3665/session/8fed4fe1e1d2f10d5051bd033a96e81a/url'
12:42:47.700 [Forwarding getCurrentUrl on session 8fed4fe1e1d2f10d5051bd033a96e81a to remote] DEBUG org.asynchttpclient.netty.request.NettyRequestSender - Using open Channel [id: 0x7fa7ca5d, L:/127.0.0.1:59254 - R:localhost/127.0.0.1:3665] for GET '/session/8fed4fe1e1d2f10d5051bd033a96e81a/url'
12:42:47.714 [AsyncHttpClient-1-11] DEBUG org.asynchttpclient.netty.handler.HttpHandler - 

Request DefaultFullHttpRequest(decodeResult: success, version: HTTP/1.1, content: EmptyByteBufBE)
GET /session/8fed4fe1e1d2f10d5051bd033a96e81a/url HTTP/1.1
User-Agent: selenium/4.8.1 (java windows)
Cache-Control: no-cache
Content-Type: application/json; charset=utf-8
host: localhost:3665
accept: */*

Response DefaultHttpResponse(decodeResult: success, version: HTTP/1.1)
HTTP/1.1 200 OK
Content-Length: 47
Content-Type: application/json; charset=utf-8
cache-control: no-cache

12:42:47.714 [AsyncHttpClient-1-11] DEBUG org.asynchttpclient.netty.channel.ChannelManager - Adding key: http://localhost:3665 for channel [id: 0x7fa7ca5d, L:/127.0.0.1:59254 - R:localhost/127.0.0.1:3665]
12:42:47.715 [Forwarding screenshot on session 8fed4fe1e1d2f10d5051bd033a96e81a to remote] DEBUG org.asynchttpclient.netty.request.NettyRequestSender - Using pooled Channel '[id: 0x7fa7ca5d, L:/127.0.0.1:59254 - R:localhost/127.0.0.1:3665]' for 'GET' to 'http://localhost:3665/session/8fed4fe1e1d2f10d5051bd033a96e81a/screenshot'
12:42:47.715 [Forwarding screenshot on session 8fed4fe1e1d2f10d5051bd033a96e81a to remote] DEBUG org.asynchttpclient.netty.request.NettyRequestSender - Using open Channel [id: 0x7fa7ca5d, L:/127.0.0.1:59254 - R:localhost/127.0.0.1:3665] for GET '/session/8fed4fe1e1d2f10d5051bd033a96e81a/screenshot'
12:42:47.880 [AsyncHttpClient-1-11] DEBUG org.asynchttpclient.netty.handler.HttpHandler - 

Request DefaultFullHttpRequest(decodeResult: success, version: HTTP/1.1, content: EmptyByteBufBE)
GET /session/8fed4fe1e1d2f10d5051bd033a96e81a/screenshot HTTP/1.1
User-Agent: selenium/4.8.1 (java windows)
Cache-Control: no-cache
Content-Type: application/json; charset=utf-8
host: localhost:3665
accept: */*

Response DefaultHttpResponse(decodeResult: success, version: HTTP/1.1)
HTTP/1.1 200 OK
Content-Length: 38596
Content-Type: application/json; charset=utf-8
cache-control: no-cache

12:42:47.880 [AsyncHttpClient-1-11] DEBUG org.asynchttpclient.netty.channel.ChannelManager - Adding key: http://localhost:3665 for channel [id: 0x7fa7ca5d, L:/127.0.0.1:59254 - R:localhost/127.0.0.1:3665]
12:42:47.882 [main] DEBUG net.serenitybdd.core.photography.Darkroom - Send negative for processing for target\site\serenity\8420bb9170a97521055e9e4343d07ffb0b87757d0c374b4bf886e0378f1f6ed4.png
12:42:47.882 [main] DEBUG net.thucydides.core.steps.StepInterceptor - STEP DONE: ClickSigInButton
  &amp#27;[32mAnd &amp#27;[0m&amp#27;[32mI click SigIn button&amp#27;[0m                                                       &amp#27;[90m# starter.stepdefinitions.LoginSteps.clickSigInButton()&amp#27;[0m
12:42:47.882 [Darkroom Processing Line] DEBUG net.serenitybdd.core.photography.DarkroomProcessingLine - Processing screenshot image in /var/screenshots/screenshot-12662131826547880918
12:42:47.882 [Darkroom Processing Line] DEBUG net.serenitybdd.core.photography.DarkroomProcessingLine - Saving screenshot to target\site\serenity\8420bb9170a97521055e9e4343d07ffb0b87757d0c374b4bf886e0378f1f6ed4.png
12:42:47.895 [Forwarding getPageSource on session 8fed4fe1e1d2f10d5051bd033a96e81a to remote] DEBUG org.asynchttpclient.netty.request.NettyRequestSender - Using pooled Channel '[id: 0x7fa7ca5d, L:/127.0.0.1:59254 - R:localhost/127.0.0.1:3665]' for 'POST' to 'http://localhost:3665/session/8fed4fe1e1d2f10d5051bd033a96e81a/execute/sync'
12:42:47.896 [Forwarding getPageSource on session 8fed4fe1e1d2f10d5051bd033a96e81a to remote] DEBUG org.asynchttpclient.netty.request.NettyRequestSender - Using open Channel [id: 0x7fa7ca5d, L:/127.0.0.1:59254 - R:localhost/127.0.0.1:3665] for POST '/session/8fed4fe1e1d2f10d5051bd033a96e81a/execute/sync'
12:42:47.923 [AsyncHttpClient-1-11] DEBUG org.asynchttpclient.netty.handler.HttpHandler - 

Request DefaultHttpRequest(decodeResult: success, version: HTTP/1.1)
POST /session/8fed4fe1e1d2f10d5051bd033a96e81a/execute/sync HTTP/1.1
User-Agent: selenium/4.8.1 (java windows)
Content-Length: 176
Content-Type: application/json; charset=utf-8
host: localhost:3665
accept: */*

Response DefaultHttpResponse(decodeResult: success, version: HTTP/1.1)
HTTP/1.1 200 OK
Content-Length: 161118
Content-Type: application/json; charset=utf-8
cache-control: no-cache

12:42:47.923 [AsyncHttpClient-1-11] DEBUG org.asynchttpclient.netty.channel.ChannelManager - Adding key: http://localhost:3665 for channel [id: 0x7fa7ca5d, L:/127.0.0.1:59254 - R:localhost/127.0.0.1:3665]
12:42:47.937 [Forwarding getCurrentUrl on session 8fed4fe1e1d2f10d5051bd033a96e81a to remote] DEBUG org.asynchttpclient.netty.request.NettyRequestSender - Using pooled Channel '[id: 0x7fa7ca5d, L:/127.0.0.1:59254 - R:localhost/127.0.0.1:3665]' for 'GET' to 'http://localhost:3665/session/8fed4fe1e1d2f10d5051bd033a96e81a/url'
12:42:47.937 [Forwarding getCurrentUrl on session 8fed4fe1e1d2f10d5051bd033a96e81a to remote] DEBUG org.asynchttpclient.netty.request.NettyRequestSender - Using open Channel [id: 0x7fa7ca5d, L:/127.0.0.1:59254 - R:localhost/127.0.0.1:3665] for GET '/session/8fed4fe1e1d2f10d5051bd033a96e81a/url'
12:42:47.946 [AsyncHttpClient-1-11] DEBUG org.asynchttpclient.netty.handler.HttpHandler - 

Request DefaultFullHttpRequest(decodeResult: success, version: HTTP/1.1, content: EmptyByteBufBE)
GET /session/8fed4fe1e1d2f10d5051bd033a96e81a/url HTTP/1.1
User-Agent: selenium/4.8.1 (java windows)
Cache-Control: no-cache
Content-Type: application/json; charset=utf-8
host: localhost:3665
accept: */*

Response DefaultHttpResponse(decodeResult: success, version: HTTP/1.1)
HTTP/1.1 200 OK
Content-Length: 47
Content-Type: application/json; charset=utf-8
cache-control: no-cache

12:42:47.946 [AsyncHttpClient-1-11] DEBUG org.asynchttpclient.netty.channel.ChannelManager - Adding key: http://localhost:3665 for channel [id: 0x7fa7ca5d, L:/127.0.0.1:59254 - R:localhost/127.0.0.1:3665]
12:42:47.957 [Forwarding getAlertText on session 8fed4fe1e1d2f10d5051bd033a96e81a to remote] DEBUG org.asynchttpclient.netty.request.NettyRequestSender - Using pooled Channel '[id: 0x7fa7ca5d, L:/127.0.0.1:59254 - R:localhost/127.0.0.1:3665]' for 'GET' to 'http://localhost:3665/session/8fed4fe1e1d2f10d5051bd033a96e81a/alert/text'
12:42:47.957 [Forwarding getAlertText on session 8fed4fe1e1d2f10d5051bd033a96e81a to remote] DEBUG org.asynchttpclient.netty.request.NettyRequestSender - Using open Channel [id: 0x7fa7ca5d, L:/127.0.0.1:59254 - R:localhost/127.0.0.1:3665] for GET '/session/8fed4fe1e1d2f10d5051bd033a96e81a/alert/text'
12:42:47.960 [AsyncHttpClient-1-11] DEBUG org.asynchttpclient.netty.handler.HttpHandler - 

Request DefaultFullHttpRequest(decodeResult: success, version: HTTP/1.1, content: EmptyByteBufBE)
GET /session/8fed4fe1e1d2f10d5051bd033a96e81a/alert/text HTTP/1.1
User-Agent: selenium/4.8.1 (java windows)
Cache-Control: no-cache
Content-Type: application/json; charset=utf-8
host: localhost:3665
accept: */*

Response DefaultHttpResponse(decodeResult: success, version: HTTP/1.1)
HTTP/1.1 404 Not Found
Content-Length: 821
Content-Type: application/json; charset=utf-8
cache-control: no-cache

12:42:47.960 [AsyncHttpClient-1-11] DEBUG org.asynchttpclient.netty.channel.ChannelManager - Adding key: http://localhost:3665 for channel [id: 0x7fa7ca5d, L:/127.0.0.1:59254 - R:localhost/127.0.0.1:3665]
12:42:47.962 [Forwarding getCurrentUrl on session 8fed4fe1e1d2f10d5051bd033a96e81a to remote] DEBUG org.asynchttpclient.netty.request.NettyRequestSender - Using pooled Channel '[id: 0x7fa7ca5d, L:/127.0.0.1:59254 - R:localhost/127.0.0.1:3665]' for 'GET' to 'http://localhost:3665/session/8fed4fe1e1d2f10d5051bd033a96e81a/url'
12:42:47.962 [Forwarding getCurrentUrl on session 8fed4fe1e1d2f10d5051bd033a96e81a to remote] DEBUG org.asynchttpclient.netty.request.NettyRequestSender - Using open Channel [id: 0x7fa7ca5d, L:/127.0.0.1:59254 - R:localhost/127.0.0.1:3665] for GET '/session/8fed4fe1e1d2f10d5051bd033a96e81a/url'
12:42:47.973 [AsyncHttpClient-1-11] DEBUG org.asynchttpclient.netty.handler.HttpHandler - 

Request DefaultFullHttpRequest(decodeResult: success, version: HTTP/1.1, content: EmptyByteBufBE)
GET /session/8fed4fe1e1d2f10d5051bd033a96e81a/url HTTP/1.1
User-Agent: selenium/4.8.1 (java windows)
Cache-Control: no-cache
Content-Type: application/json; charset=utf-8
host: localhost:3665
accept: */*

Response DefaultHttpResponse(decodeResult: success, version: HTTP/1.1)
HTTP/1.1 200 OK
Content-Length: 47
Content-Type: application/json; charset=utf-8
cache-control: no-cache

12:42:47.973 [AsyncHttpClient-1-11] DEBUG org.asynchttpclient.netty.channel.ChannelManager - Adding key: http://localhost:3665 for channel [id: 0x7fa7ca5d, L:/127.0.0.1:59254 - R:localhost/127.0.0.1:3665]
12:42:47.974 [Forwarding screenshot on session 8fed4fe1e1d2f10d5051bd033a96e81a to remote] DEBUG org.asynchttpclient.netty.request.NettyRequestSender - Using pooled Channel '[id: 0x7fa7ca5d, L:/127.0.0.1:59254 - R:localhost/127.0.0.1:3665]' for 'GET' to 'http://localhost:3665/session/8fed4fe1e1d2f10d5051bd033a96e81a/screenshot'
12:42:47.974 [Forwarding screenshot on session 8fed4fe1e1d2f10d5051bd033a96e81a to remote] DEBUG org.asynchttpclient.netty.request.NettyRequestSender - Using open Channel [id: 0x7fa7ca5d, L:/127.0.0.1:59254 - R:localhost/127.0.0.1:3665] for GET '/session/8fed4fe1e1d2f10d5051bd033a96e81a/screenshot'
12:42:48.166 [AsyncHttpClient-1-11] DEBUG org.asynchttpclient.netty.handler.HttpHandler - 

Request DefaultFullHttpRequest(decodeResult: success, version: HTTP/1.1, content: EmptyByteBufBE)
GET /session/8fed4fe1e1d2f10d5051bd033a96e81a/screenshot HTTP/1.1
User-Agent: selenium/4.8.1 (java windows)
Cache-Control: no-cache
Content-Type: application/json; charset=utf-8
host: localhost:3665
accept: */*

Response DefaultHttpResponse(decodeResult: success, version: HTTP/1.1)
HTTP/1.1 200 OK
Content-Length: 50588
Content-Type: application/json; charset=utf-8
cache-control: no-cache

12:42:48.166 [AsyncHttpClient-1-11] DEBUG org.asynchttpclient.netty.channel.ChannelManager - Adding key: http://localhost:3665 for channel [id: 0x7fa7ca5d, L:/127.0.0.1:59254 - R:localhost/127.0.0.1:3665]
12:42:48.170 [main] DEBUG net.serenitybdd.core.photography.Darkroom - Send negative for processing for target\site\serenity\8332f6b723bea8ec4b8c3f9315f14e29a3a6e073e4d6231d6c7f86f7ad53fc0c.png
12:42:48.170 [Darkroom Processing Line] DEBUG net.serenitybdd.core.photography.DarkroomProcessingLine - Processing screenshot image in /var/screenshots/screenshot-6504719927655227161
12:42:48.170 [Darkroom Processing Line] DEBUG net.serenitybdd.core.photography.DarkroomProcessingLine - Saving screenshot to target\site\serenity\8332f6b723bea8ec4b8c3f9315f14e29a3a6e073e4d6231d6c7f86f7ad53fc0c.png
12:42:48.171 [Forwarding getPageSource on session 8fed4fe1e1d2f10d5051bd033a96e81a to remote] DEBUG org.asynchttpclient.netty.request.NettyRequestSender - Using pooled Channel '[id: 0x7fa7ca5d, L:/127.0.0.1:59254 - R:localhost/127.0.0.1:3665]' for 'POST' to 'http://localhost:3665/session/8fed4fe1e1d2f10d5051bd033a96e81a/execute/sync'
12:42:48.171 [Forwarding getPageSource on session 8fed4fe1e1d2f10d5051bd033a96e81a to remote] DEBUG org.asynchttpclient.netty.request.NettyRequestSender - Using open Channel [id: 0x7fa7ca5d, L:/127.0.0.1:59254 - R:localhost/127.0.0.1:3665] for POST '/session/8fed4fe1e1d2f10d5051bd033a96e81a/execute/sync'
12:42:48.195 [AsyncHttpClient-1-11] DEBUG org.asynchttpclient.netty.handler.HttpHandler - 

Request DefaultHttpRequest(decodeResult: success, version: HTTP/1.1)
POST /session/8fed4fe1e1d2f10d5051bd033a96e81a/execute/sync HTTP/1.1
User-Agent: selenium/4.8.1 (java windows)
Content-Length: 176
Content-Type: application/json; charset=utf-8
host: localhost:3665
accept: */*

Response DefaultHttpResponse(decodeResult: success, version: HTTP/1.1)
HTTP/1.1 200 OK
Content-Length: 160882
Content-Type: application/json; charset=utf-8
cache-control: no-cache

12:42:48.196 [AsyncHttpClient-1-11] DEBUG org.asynchttpclient.netty.channel.ChannelManager - Adding key: http://localhost:3665 for channel [id: 0x7fa7ca5d, L:/127.0.0.1:59254 - R:localhost/127.0.0.1:3665]
12:42:48.205 [Forwarding getCurrentUrl on session 8fed4fe1e1d2f10d5051bd033a96e81a to remote] DEBUG org.asynchttpclient.netty.request.NettyRequestSender - Using pooled Channel '[id: 0x7fa7ca5d, L:/127.0.0.1:59254 - R:localhost/127.0.0.1:3665]' for 'GET' to 'http://localhost:3665/session/8fed4fe1e1d2f10d5051bd033a96e81a/url'
12:42:48.205 [Forwarding getCurrentUrl on session 8fed4fe1e1d2f10d5051bd033a96e81a to remote] DEBUG org.asynchttpclient.netty.request.NettyRequestSender - Using open Channel [id: 0x7fa7ca5d, L:/127.0.0.1:59254 - R:localhost/127.0.0.1:3665] for GET '/session/8fed4fe1e1d2f10d5051bd033a96e81a/url'
12:42:48.215 [AsyncHttpClient-1-11] DEBUG org.asynchttpclient.netty.handler.HttpHandler - 

Request DefaultFullHttpRequest(decodeResult: success, version: HTTP/1.1, content: EmptyByteBufBE)
GET /session/8fed4fe1e1d2f10d5051bd033a96e81a/url HTTP/1.1
User-Agent: selenium/4.8.1 (java windows)
Cache-Control: no-cache
Content-Type: application/json; charset=utf-8
host: localhost:3665
accept: */*

Response DefaultHttpResponse(decodeResult: success, version: HTTP/1.1)
HTTP/1.1 200 OK
Content-Length: 47
Content-Type: application/json; charset=utf-8
cache-control: no-cache

12:42:48.215 [AsyncHttpClient-1-11] DEBUG org.asynchttpclient.netty.channel.ChannelManager - Adding key: http://localhost:3665 for channel [id: 0x7fa7ca5d, L:/127.0.0.1:59254 - R:localhost/127.0.0.1:3665]
12:42:48.218 [main] DEBUG net.thucydides.core.steps.StepInterceptor - STARTING STEP: LoginSteps.iCanSeeErrorMessage - validateErrorMessageDisplayed
12:42:48.223 [Forwarding findElement on session 8fed4fe1e1d2f10d5051bd033a96e81a to remote] DEBUG org.asynchttpclient.netty.request.NettyRequestSender - Using pooled Channel '[id: 0x7fa7ca5d, L:/127.0.0.1:59254 - R:localhost/127.0.0.1:3665]' for 'POST' to 'http://localhost:3665/session/8fed4fe1e1d2f10d5051bd033a96e81a/element'
12:42:48.223 [Forwarding findElement on session 8fed4fe1e1d2f10d5051bd033a96e81a to remote] DEBUG org.asynchttpclient.netty.request.NettyRequestSender - Using open Channel [id: 0x7fa7ca5d, L:/127.0.0.1:59254 - R:localhost/127.0.0.1:3665] for POST '/session/8fed4fe1e1d2f10d5051bd033a96e81a/element'
12:42:48.236 [AsyncHttpClient-1-11] DEBUG org.asynchttpclient.netty.handler.HttpHandler - 

Request DefaultHttpRequest(decodeResult: success, version: HTTP/1.1)
POST /session/8fed4fe1e1d2f10d5051bd033a96e81a/element HTTP/1.1
User-Agent: selenium/4.8.1 (java windows)
Content-Length: 155
Content-Type: application/json; charset=utf-8
host: localhost:3665
accept: */*

Response DefaultHttpResponse(decodeResult: success, version: HTTP/1.1)
HTTP/1.1 200 OK
Content-Length: 94
Content-Type: application/json; charset=utf-8
cache-control: no-cache

12:42:48.237 [AsyncHttpClient-1-11] DEBUG org.asynchttpclient.netty.channel.ChannelManager - Adding key: http://localhost:3665 for channel [id: 0x7fa7ca5d, L:/127.0.0.1:59254 - R:localhost/127.0.0.1:3665]
12:42:48.240 [Forwarding isElementDisplayed on session 8fed4fe1e1d2f10d5051bd033a96e81a to remote] DEBUG org.asynchttpclient.netty.request.NettyRequestSender - Using pooled Channel '[id: 0x7fa7ca5d, L:/127.0.0.1:59254 - R:localhost/127.0.0.1:3665]' for 'POST' to 'http://localhost:3665/session/8fed4fe1e1d2f10d5051bd033a96e81a/execute/sync'
12:42:48.240 [Forwarding isElementDisplayed on session 8fed4fe1e1d2f10d5051bd033a96e81a to remote] DEBUG org.asynchttpclient.netty.request.NettyRequestSender - Using open Channel [id: 0x7fa7ca5d, L:/127.0.0.1:59254 - R:localhost/127.0.0.1:3665] for POST '/session/8fed4fe1e1d2f10d5051bd033a96e81a/execute/sync'
12:42:48.261 [AsyncHttpClient-1-11] DEBUG org.asynchttpclient.netty.handler.HttpHandler - 

Request DefaultHttpRequest(decodeResult: success, version: HTTP/1.1)
POST /session/8fed4fe1e1d2f10d5051bd033a96e81a/execute/sync HTTP/1.1
User-Agent: selenium/4.8.1 (java windows)
Content-Length: 48813
Content-Type: application/json; charset=utf-8
host: localhost:3665
accept: */*

Response DefaultHttpResponse(decodeResult: success, version: HTTP/1.1)
HTTP/1.1 200 OK
Content-Length: 14
Content-Type: application/json; charset=utf-8
cache-control: no-cache

12:42:48.261 [AsyncHttpClient-1-11] DEBUG org.asynchttpclient.netty.channel.ChannelManager - Adding key: http://localhost:3665 for channel [id: 0x7fa7ca5d, L:/127.0.0.1:59254 - R:localhost/127.0.0.1:3665]
12:42:48.264 [Forwarding getAlertText on session 8fed4fe1e1d2f10d5051bd033a96e81a to remote] DEBUG org.asynchttpclient.netty.request.NettyRequestSender - Using pooled Channel '[id: 0x7fa7ca5d, L:/127.0.0.1:59254 - R:localhost/127.0.0.1:3665]' for 'GET' to 'http://localhost:3665/session/8fed4fe1e1d2f10d5051bd033a96e81a/alert/text'
12:42:48.264 [Forwarding getAlertText on session 8fed4fe1e1d2f10d5051bd033a96e81a to remote] DEBUG org.asynchttpclient.netty.request.NettyRequestSender - Using open Channel [id: 0x7fa7ca5d, L:/127.0.0.1:59254 - R:localhost/127.0.0.1:3665] for GET '/session/8fed4fe1e1d2f10d5051bd033a96e81a/alert/text'
12:42:48.267 [AsyncHttpClient-1-11] DEBUG org.asynchttpclient.netty.handler.HttpHandler - 

Request DefaultFullHttpRequest(decodeResult: success, version: HTTP/1.1, content: EmptyByteBufBE)
GET /session/8fed4fe1e1d2f10d5051bd033a96e81a/alert/text HTTP/1.1
User-Agent: selenium/4.8.1 (java windows)
Cache-Control: no-cache
Content-Type: application/json; charset=utf-8
host: localhost:3665
accept: */*

Response DefaultHttpResponse(decodeResult: success, version: HTTP/1.1)
HTTP/1.1 404 Not Found
Content-Length: 821
Content-Type: application/json; charset=utf-8
cache-control: no-cache

12:42:48.268 [AsyncHttpClient-1-11] DEBUG org.asynchttpclient.netty.channel.ChannelManager - Adding key: http://localhost:3665 for channel [id: 0x7fa7ca5d, L:/127.0.0.1:59254 - R:localhost/127.0.0.1:3665]
12:42:48.270 [Forwarding getCurrentUrl on session 8fed4fe1e1d2f10d5051bd033a96e81a to remote] DEBUG org.asynchttpclient.netty.request.NettyRequestSender - Using pooled Channel '[id: 0x7fa7ca5d, L:/127.0.0.1:59254 - R:localhost/127.0.0.1:3665]' for 'GET' to 'http://localhost:3665/session/8fed4fe1e1d2f10d5051bd033a96e81a/url'
12:42:48.270 [Forwarding getCurrentUrl on session 8fed4fe1e1d2f10d5051bd033a96e81a to remote] DEBUG org.asynchttpclient.netty.request.NettyRequestSender - Using open Channel [id: 0x7fa7ca5d, L:/127.0.0.1:59254 - R:localhost/127.0.0.1:3665] for GET '/session/8fed4fe1e1d2f10d5051bd033a96e81a/url'
12:42:48.279 [AsyncHttpClient-1-11] DEBUG org.asynchttpclient.netty.handler.HttpHandler - 

Request DefaultFullHttpRequest(decodeResult: success, version: HTTP/1.1, content: EmptyByteBufBE)
GET /session/8fed4fe1e1d2f10d5051bd033a96e81a/url HTTP/1.1
User-Agent: selenium/4.8.1 (java windows)
Cache-Control: no-cache
Content-Type: application/json; charset=utf-8
host: localhost:3665
accept: */*

Response DefaultHttpResponse(decodeResult: success, version: HTTP/1.1)
HTTP/1.1 200 OK
Content-Length: 47
Content-Type: application/json; charset=utf-8
cache-control: no-cache

12:42:48.279 [AsyncHttpClient-1-11] DEBUG org.asynchttpclient.netty.channel.ChannelManager - Adding key: http://localhost:3665 for channel [id: 0x7fa7ca5d, L:/127.0.0.1:59254 - R:localhost/127.0.0.1:3665]
12:42:48.280 [Forwarding screenshot on session 8fed4fe1e1d2f10d5051bd033a96e81a to remote] DEBUG org.asynchttpclient.netty.request.NettyRequestSender - Using pooled Channel '[id: 0x7fa7ca5d, L:/127.0.0.1:59254 - R:localhost/127.0.0.1:3665]' for 'GET' to 'http://localhost:3665/session/8fed4fe1e1d2f10d5051bd033a96e81a/screenshot'
12:42:48.280 [Forwarding screenshot on session 8fed4fe1e1d2f10d5051bd033a96e81a to remote] DEBUG org.asynchttpclient.netty.request.NettyRequestSender - Using open Channel [id: 0x7fa7ca5d, L:/127.0.0.1:59254 - R:localhost/127.0.0.1:3665] for GET '/session/8fed4fe1e1d2f10d5051bd033a96e81a/screenshot'
12:42:48.407 [AsyncHttpClient-1-11] DEBUG org.asynchttpclient.netty.handler.HttpHandler - 

Request DefaultFullHttpRequest(decodeResult: success, version: HTTP/1.1, content: EmptyByteBufBE)
GET /session/8fed4fe1e1d2f10d5051bd033a96e81a/screenshot HTTP/1.1
User-Agent: selenium/4.8.1 (java windows)
Cache-Control: no-cache
Content-Type: application/json; charset=utf-8
host: localhost:3665
accept: */*

Response DefaultHttpResponse(decodeResult: success, version: HTTP/1.1)
HTTP/1.1 200 OK
Content-Length: 47528
Content-Type: application/json; charset=utf-8
cache-control: no-cache

12:42:48.407 [AsyncHttpClient-1-11] DEBUG org.asynchttpclient.netty.channel.ChannelManager - Adding key: http://localhost:3665 for channel [id: 0x7fa7ca5d, L:/127.0.0.1:59254 - R:localhost/127.0.0.1:3665]
12:42:48.409 [main] DEBUG net.serenitybdd.core.photography.Darkroom - Send negative for processing for target\site\serenity\71d732b2b8a907a40d6ef8fd6d7f2a4c01fa56bce10b0c75abeba855f888cdf0.png
12:42:48.409 [main] DEBUG net.thucydides.core.steps.StepInterceptor - STEP DONE: validateErrorMessageDisplayed
12:42:48.409 [Darkroom Processing Line] DEBUG net.serenitybdd.core.photography.DarkroomProcessingLine - Processing screenshot image in /var/screenshots/screenshot-14137468981536349224
12:42:48.409 [Darkroom Processing Line] DEBUG net.serenitybdd.core.photography.DarkroomProcessingLine - Saving screenshot to target\site\serenity\71d732b2b8a907a40d6ef8fd6d7f2a4c01fa56bce10b0c75abeba855f888cdf0.png
12:42:48.414 [Forwarding getPageSource on session 8fed4fe1e1d2f10d5051bd033a96e81a to remote] DEBUG org.asynchttpclient.netty.request.NettyRequestSender - Using pooled Channel '[id: 0x7fa7ca5d, L:/127.0.0.1:59254 - R:localhost/127.0.0.1:3665]' for 'POST' to 'http://localhost:3665/session/8fed4fe1e1d2f10d5051bd033a96e81a/execute/sync'
12:42:48.414 [Forwarding getPageSource on session 8fed4fe1e1d2f10d5051bd033a96e81a to remote] DEBUG org.asynchttpclient.netty.request.NettyRequestSender - Using open Channel [id: 0x7fa7ca5d, L:/127.0.0.1:59254 - R:localhost/127.0.0.1:3665] for POST '/session/8fed4fe1e1d2f10d5051bd033a96e81a/execute/sync'
12:42:48.437 [AsyncHttpClient-1-11] DEBUG org.asynchttpclient.netty.handler.HttpHandler - 

Request DefaultHttpRequest(decodeResult: success, version: HTTP/1.1)
POST /session/8fed4fe1e1d2f10d5051bd033a96e81a/execute/sync HTTP/1.1
User-Agent: selenium/4.8.1 (java windows)
Content-Length: 176
Content-Type: application/json; charset=utf-8
host: localhost:3665
accept: */*

Response DefaultHttpResponse(decodeResult: success, version: HTTP/1.1)
HTTP/1.1 200 OK
Content-Length: 160730
Content-Type: application/json; charset=utf-8
cache-control: no-cache

12:42:48.437 [AsyncHttpClient-1-11] DEBUG org.asynchttpclient.netty.channel.ChannelManager - Adding key: http://localhost:3665 for channel [id: 0x7fa7ca5d, L:/127.0.0.1:59254 - R:localhost/127.0.0.1:3665]
12:42:48.444 [Forwarding getCurrentUrl on session 8fed4fe1e1d2f10d5051bd033a96e81a to remote] DEBUG org.asynchttpclient.netty.request.NettyRequestSender - Using pooled Channel '[id: 0x7fa7ca5d, L:/127.0.0.1:59254 - R:localhost/127.0.0.1:3665]' for 'GET' to 'http://localhost:3665/session/8fed4fe1e1d2f10d5051bd033a96e81a/url'
12:42:48.445 [Forwarding getCurrentUrl on session 8fed4fe1e1d2f10d5051bd033a96e81a to remote] DEBUG org.asynchttpclient.netty.request.NettyRequestSender - Using open Channel [id: 0x7fa7ca5d, L:/127.0.0.1:59254 - R:localhost/127.0.0.1:3665] for GET '/session/8fed4fe1e1d2f10d5051bd033a96e81a/url'
12:42:48.449 [AsyncHttpClient-1-1] DEBUG org.asynchttpclient.netty.channel.DefaultChannelPool - Entry count for : http://localhost:59255 : 1
12:42:48.456 [AsyncHttpClient-1-11] DEBUG org.asynchttpclient.netty.handler.HttpHandler - 

Request DefaultFullHttpRequest(decodeResult: success, version: HTTP/1.1, content: EmptyByteBufBE)
GET /session/8fed4fe1e1d2f10d5051bd033a96e81a/url HTTP/1.1
User-Agent: selenium/4.8.1 (java windows)
Cache-Control: no-cache
Content-Type: application/json; charset=utf-8
host: localhost:3665
accept: */*

Response DefaultHttpResponse(decodeResult: success, version: HTTP/1.1)
HTTP/1.1 200 OK
Content-Length: 47
Content-Type: application/json; charset=utf-8
cache-control: no-cache

12:42:48.456 [AsyncHttpClient-1-11] DEBUG org.asynchttpclient.netty.channel.ChannelManager - Adding key: http://localhost:3665 for channel [id: 0x7fa7ca5d, L:/127.0.0.1:59254 - R:localhost/127.0.0.1:3665]
12:42:48.458 [main] DEBUG net.thucydides.core.steps.StepInterceptor - STARTING STEP: LoginSteps.iCanSeeErrorMessage - validateEqualErrorMessage
12:42:48.460 [Forwarding findElement on session 8fed4fe1e1d2f10d5051bd033a96e81a to remote] DEBUG org.asynchttpclient.netty.request.NettyRequestSender - Using pooled Channel '[id: 0x7fa7ca5d, L:/127.0.0.1:59254 - R:localhost/127.0.0.1:3665]' for 'POST' to 'http://localhost:3665/session/8fed4fe1e1d2f10d5051bd033a96e81a/element'
12:42:48.460 [Forwarding findElement on session 8fed4fe1e1d2f10d5051bd033a96e81a to remote] DEBUG org.asynchttpclient.netty.request.NettyRequestSender - Using open Channel [id: 0x7fa7ca5d, L:/127.0.0.1:59254 - R:localhost/127.0.0.1:3665] for POST '/session/8fed4fe1e1d2f10d5051bd033a96e81a/element'
12:42:48.475 [AsyncHttpClient-1-11] DEBUG org.asynchttpclient.netty.handler.HttpHandler - 

Request DefaultHttpRequest(decodeResult: success, version: HTTP/1.1)
POST /session/8fed4fe1e1d2f10d5051bd033a96e81a/element HTTP/1.1
User-Agent: selenium/4.8.1 (java windows)
Content-Length: 155
Content-Type: application/json; charset=utf-8
host: localhost:3665
accept: */*

Response DefaultHttpResponse(decodeResult: success, version: HTTP/1.1)
HTTP/1.1 200 OK
Content-Length: 94
Content-Type: application/json; charset=utf-8
cache-control: no-cache

12:42:48.475 [AsyncHttpClient-1-11] DEBUG org.asynchttpclient.netty.channel.ChannelManager - Adding key: http://localhost:3665 for channel [id: 0x7fa7ca5d, L:/127.0.0.1:59254 - R:localhost/127.0.0.1:3665]
12:42:48.476 [Forwarding getElementText on session 8fed4fe1e1d2f10d5051bd033a96e81a to remote] DEBUG org.asynchttpclient.netty.request.NettyRequestSender - Using pooled Channel '[id: 0x7fa7ca5d, L:/127.0.0.1:59254 - R:localhost/127.0.0.1:3665]' for 'GET' to 'http://localhost:3665/session/8fed4fe1e1d2f10d5051bd033a96e81a/element/42BB09E37CBF28E578B5B261AAEFF22F_element_3/text'
12:42:48.476 [Forwarding getElementText on session 8fed4fe1e1d2f10d5051bd033a96e81a to remote] DEBUG org.asynchttpclient.netty.request.NettyRequestSender - Using open Channel [id: 0x7fa7ca5d, L:/127.0.0.1:59254 - R:localhost/127.0.0.1:3665] for GET '/session/8fed4fe1e1d2f10d5051bd033a96e81a/element/42BB09E37CBF28E578B5B261AAEFF22F_element_3/text'
12:42:48.495 [AsyncHttpClient-1-11] DEBUG org.asynchttpclient.netty.handler.HttpHandler - 

Request DefaultFullHttpRequest(decodeResult: success, version: HTTP/1.1, content: EmptyByteBufBE)
GET /session/8fed4fe1e1d2f10d5051bd033a96e81a/element/42BB09E37CBF28E578B5B261AAEFF22F_element_3/text HTTP/1.1
User-Agent: selenium/4.8.1 (java windows)
Cache-Control: no-cache
Content-Type: application/json; charset=utf-8
host: localhost:3665
accept: */*

Response DefaultHttpResponse(decodeResult: success, version: HTTP/1.1)
HTTP/1.1 200 OK
Content-Length: 19
Content-Type: application/json; charset=utf-8
cache-control: no-cache

12:42:48.496 [AsyncHttpClient-1-11] DEBUG org.asynchttpclient.netty.channel.ChannelManager - Adding key: http://localhost:3665 for channel [id: 0x7fa7ca5d, L:/127.0.0.1:59254 - R:localhost/127.0.0.1:3665]
12:42:48.499 [Forwarding getAlertText on session 8fed4fe1e1d2f10d5051bd033a96e81a to remote] DEBUG org.asynchttpclient.netty.request.NettyRequestSender - Using pooled Channel '[id: 0x7fa7ca5d, L:/127.0.0.1:59254 - R:localhost/127.0.0.1:3665]' for 'GET' to 'http://localhost:3665/session/8fed4fe1e1d2f10d5051bd033a96e81a/alert/text'
12:42:48.499 [Forwarding getAlertText on session 8fed4fe1e1d2f10d5051bd033a96e81a to remote] DEBUG org.asynchttpclient.netty.request.NettyRequestSender - Using open Channel [id: 0x7fa7ca5d, L:/127.0.0.1:59254 - R:localhost/127.0.0.1:3665] for GET '/session/8fed4fe1e1d2f10d5051bd033a96e81a/alert/text'
12:42:48.503 [AsyncHttpClient-1-11] DEBUG org.asynchttpclient.netty.handler.HttpHandler - 

Request DefaultFullHttpRequest(decodeResult: success, version: HTTP/1.1, content: EmptyByteBufBE)
GET /session/8fed4fe1e1d2f10d5051bd033a96e81a/alert/text HTTP/1.1
User-Agent: selenium/4.8.1 (java windows)
Cache-Control: no-cache
Content-Type: application/json; charset=utf-8
host: localhost:3665
accept: */*

Response DefaultHttpResponse(decodeResult: success, version: HTTP/1.1)
HTTP/1.1 404 Not Found
Content-Length: 821
Content-Type: application/json; charset=utf-8
cache-control: no-cache

12:42:48.503 [AsyncHttpClient-1-11] DEBUG org.asynchttpclient.netty.channel.ChannelManager - Adding key: http://localhost:3665 for channel [id: 0x7fa7ca5d, L:/127.0.0.1:59254 - R:localhost/127.0.0.1:3665]
12:42:48.505 [Forwarding getCurrentUrl on session 8fed4fe1e1d2f10d5051bd033a96e81a to remote] DEBUG org.asynchttpclient.netty.request.NettyRequestSender - Using pooled Channel '[id: 0x7fa7ca5d, L:/127.0.0.1:59254 - R:localhost/127.0.0.1:3665]' for 'GET' to 'http://localhost:3665/session/8fed4fe1e1d2f10d5051bd033a96e81a/url'
12:42:48.505 [Forwarding getCurrentUrl on session 8fed4fe1e1d2f10d5051bd033a96e81a to remote] DEBUG org.asynchttpclient.netty.request.NettyRequestSender - Using open Channel [id: 0x7fa7ca5d, L:/127.0.0.1:59254 - R:localhost/127.0.0.1:3665] for GET '/session/8fed4fe1e1d2f10d5051bd033a96e81a/url'
12:42:48.514 [AsyncHttpClient-1-11] DEBUG org.asynchttpclient.netty.handler.HttpHandler - 

Request DefaultFullHttpRequest(decodeResult: success, version: HTTP/1.1, content: EmptyByteBufBE)
GET /session/8fed4fe1e1d2f10d5051bd033a96e81a/url HTTP/1.1
User-Agent: selenium/4.8.1 (java windows)
Cache-Control: no-cache
Content-Type: application/json; charset=utf-8
host: localhost:3665
accept: */*

Response DefaultHttpResponse(decodeResult: success, version: HTTP/1.1)
HTTP/1.1 200 OK
Content-Length: 47
Content-Type: application/json; charset=utf-8
cache-control: no-cache

12:42:48.514 [AsyncHttpClient-1-11] DEBUG org.asynchttpclient.netty.channel.ChannelManager - Adding key: http://localhost:3665 for channel [id: 0x7fa7ca5d, L:/127.0.0.1:59254 - R:localhost/127.0.0.1:3665]
12:42:48.515 [Forwarding screenshot on session 8fed4fe1e1d2f10d5051bd033a96e81a to remote] DEBUG org.asynchttpclient.netty.request.NettyRequestSender - Using pooled Channel '[id: 0x7fa7ca5d, L:/127.0.0.1:59254 - R:localhost/127.0.0.1:3665]' for 'GET' to 'http://localhost:3665/session/8fed4fe1e1d2f10d5051bd033a96e81a/screenshot'
12:42:48.515 [Forwarding screenshot on session 8fed4fe1e1d2f10d5051bd033a96e81a to remote] DEBUG org.asynchttpclient.netty.request.NettyRequestSender - Using open Channel [id: 0x7fa7ca5d, L:/127.0.0.1:59254 - R:localhost/127.0.0.1:3665] for GET '/session/8fed4fe1e1d2f10d5051bd033a96e81a/screenshot'
12:42:48.675 [AsyncHttpClient-1-11] DEBUG org.asynchttpclient.netty.handler.HttpHandler - 

Request DefaultFullHttpRequest(decodeResult: success, version: HTTP/1.1, content: EmptyByteBufBE)
GET /session/8fed4fe1e1d2f10d5051bd033a96e81a/screenshot HTTP/1.1
User-Agent: selenium/4.8.1 (java windows)
Cache-Control: no-cache
Content-Type: application/json; charset=utf-8
host: localhost:3665
accept: */*

Response DefaultHttpResponse(decodeResult: success, version: HTTP/1.1)
HTTP/1.1 200 OK
Content-Length: 47408
Content-Type: application/json; charset=utf-8
cache-control: no-cache

12:42:48.675 [AsyncHttpClient-1-11] DEBUG org.asynchttpclient.netty.channel.ChannelManager - Adding key: http://localhost:3665 for channel [id: 0x7fa7ca5d, L:/127.0.0.1:59254 - R:localhost/127.0.0.1:3665]
12:42:48.677 [main] DEBUG net.serenitybdd.core.photography.Darkroom - Send negative for processing for target\site\serenity\92165fe682a99a2829c69bda27be31d859dcee2ce503c5df29eac9f7824c47fc.png
12:42:48.677 [main] DEBUG net.thucydides.core.steps.StepInterceptor - STEP DONE: validateEqualErrorMessage
  &amp#27;[32mThen &amp#27;[0m&amp#27;[32mI can see error message &amp#27;[0m&amp#27;[32m&amp#27;[1m"Please input username! & Please input password!"&amp#27;[0m &amp#27;[90m# starter.stepdefinitions.LoginSteps.iCanSeeErrorMessage(java.lang.String)&amp#27;[0m
12:42:48.677 [Darkroom Processing Line] DEBUG net.serenitybdd.core.photography.DarkroomProcessingLine - Processing screenshot image in /var/screenshots/screenshot-1050939063763466418
12:42:48.678 [Darkroom Processing Line] DEBUG net.serenitybdd.core.photography.DarkroomProcessingLine - Saving screenshot to target\site\serenity\92165fe682a99a2829c69bda27be31d859dcee2ce503c5df29eac9f7824c47fc.png
12:42:48.683 [main] INFO  - 
  _____   ___   ___   _____     ___     _     ___   ___   ___   ___  
 |_   _| | __| / __| |_   _|   | _ \   /_\   / __| / __| | __| |   \ 
   | |   | _|  \__ \   | |     |  _/  / _ \  \__ \ \__ \ | _|  | |) |
   |_|   |___| |___/   |_|     |_|   /_/ \_\ |___/ |___/ |___| |___/ 

user does not enter the Username and Password
----------------------------------------------------------------------
12:42:48.687 [AsyncHttpClient-1-13] DEBUG org.asynchttpclient.netty.handler.WebSocketHandler - Channel Closed: [id: 0xa1776999, L:/127.0.0.1:59262 ! R:localhost/127.0.0.1:59255] with attribute NettyResponseFuture{currentRetry=0,
	isDone=1,
	isCancelled=0,
	asyncHandler=org.asynchttpclient.ws.WebSocketUpgradeHandler@3b0dd9c5,
	nettyRequest=org.asynchttpclient.netty.request.NettyRequest@7e0f40c0,
	future=java.util.concurrent.CompletableFuture@62f325ae[Completed normally],
	uri=ws://localhost:59255/devtools/browser/3df5f06e-208f-4456-b482-93963fc9b071,
	keepAlive=true,
	redirectCount=0,
	timeoutsHolder=null,
	inAuth=0,
	touch=1687844557532}
12:42:48.688 [AsyncHttpClient-1-13] DEBUG org.asynchttpclient.netty.channel.ChannelManager - Closing Channel [id: 0xa1776999, L:/127.0.0.1:59262 ! R:localhost/127.0.0.1:59255] 
12:42:48.688 [Driver Command Executor] DEBUG org.asynchttpclient.netty.request.NettyRequestSender - Using pooled Channel '[id: 0x7fa7ca5d, L:/127.0.0.1:59254 - R:localhost/127.0.0.1:3665]' for 'DELETE' to 'http://localhost:3665/session/8fed4fe1e1d2f10d5051bd033a96e81a'
12:42:48.688 [Driver Command Executor] DEBUG org.asynchttpclient.netty.request.NettyRequestSender - Using open Channel [id: 0x7fa7ca5d, L:/127.0.0.1:59254 - R:localhost/127.0.0.1:3665] for DELETE '/session/8fed4fe1e1d2f10d5051bd033a96e81a'
12:42:48.956 [AsyncHttpClient-1-12] DEBUG org.asynchttpclient.netty.handler.HttpHandler - Unexpected I/O exception on channel [id: 0xbe9f90c5, L:/127.0.0.1:59261 - R:localhost/127.0.0.1:59255]
java.net.SocketException: Connection reset
	at java.base/sun.nio.ch.SocketChannelImpl.throwConnectionReset(SocketChannelImpl.java:394)
	at java.base/sun.nio.ch.SocketChannelImpl.read(SocketChannelImpl.java:426)
	at io.netty.buffer.PooledByteBuf.setBytes(PooledByteBuf.java:259)
	at io.netty.buffer.AbstractByteBuf.writeBytes(AbstractByteBuf.java:1132)
	at io.netty.channel.socket.nio.NioSocketChannel.doReadBytes(NioSocketChannel.java:357)
	at io.netty.channel.nio.AbstractNioByteChannel$NioByteUnsafe.read(AbstractNioByteChannel.java:151)
	at io.netty.channel.nio.NioEventLoop.processSelectedKey(NioEventLoop.java:788)
	at io.netty.channel.nio.NioEventLoop.processSelectedKeysOptimized(NioEventLoop.java:724)
	at io.netty.channel.nio.NioEventLoop.processSelectedKeys(NioEventLoop.java:650)
	at io.netty.channel.nio.NioEventLoop.run(NioEventLoop.java:562)
	at io.netty.util.concurrent.SingleThreadEventExecutor$4.run(SingleThreadEventExecutor.java:997)
	at io.netty.util.internal.ThreadExecutorMap$2.run(ThreadExecutorMap.java:74)
	at io.netty.util.concurrent.FastThreadLocalRunnable.run(FastThreadLocalRunnable.java:30)
	at java.base/java.lang.Thread.run(Thread.java:833)
12:42:48.956 [AsyncHttpClient-1-12] DEBUG org.asynchttpclient.netty.channel.ChannelManager - Closing Channel [id: 0xbe9f90c5, L:/127.0.0.1:59261 - R:localhost/127.0.0.1:59255] 
12:42:48.956 [AsyncHttpClient-1-12] DEBUG org.asynchttpclient.netty.handler.HttpHandler - Channel Closed: [id: 0xbe9f90c5, L:/127.0.0.1:59261 ! R:localhost/127.0.0.1:59255] with attribute DISCARD
12:42:48.976 [AsyncHttpClient-1-11] DEBUG org.asynchttpclient.netty.handler.HttpHandler - 

Request DefaultFullHttpRequest(decodeResult: success, version: HTTP/1.1, content: EmptyByteBufBE)
DELETE /session/8fed4fe1e1d2f10d5051bd033a96e81a HTTP/1.1
User-Agent: selenium/4.8.1 (java windows)
Content-Type: application/json; charset=utf-8
host: localhost:3665
accept: */*

Response DefaultHttpResponse(decodeResult: success, version: HTTP/1.1)
HTTP/1.1 200 OK
Content-Length: 14
Content-Type: application/json; charset=utf-8
cache-control: no-cache

12:42:48.977 [AsyncHttpClient-1-11] DEBUG org.asynchttpclient.netty.channel.ChannelManager - Adding key: http://localhost:3665 for channel [id: 0x7fa7ca5d, L:/127.0.0.1:59254 - R:localhost/127.0.0.1:3665]
12:42:49.025 [AsyncHttpClient-1-11] DEBUG org.asynchttpclient.netty.handler.HttpHandler - Channel Closed: [id: 0x7fa7ca5d, L:/127.0.0.1:59254 ! R:localhost/127.0.0.1:3665] with attribute DISCARD
]]></system-out>
    <system-err><![CDATA[Starting ChromeDriver 114.0.5735.90 (386bc09e8f4f2e025eddae123f36f6263096ae49-refs/branch-heads/5735@{#1052}) on port 3665
Only local connections are allowed.
Please see https://chromedriver.chromium.org/security-considerations for suggestions on keeping ChromeDriver safe.
ChromeDriver was started successfully.
Jun 27, 2023 12:42:37 PM org.openqa.selenium.devtools.CdpVersionFinder findNearestMatch
WARNING: Unable to find an exact match for CDP version 114, so returning the closest version found: 110
]]></system-err>
  </testcase>
  <testcase name="user does not enter the Username and enter valid Password" classname="Login" time="14.083">
    <system-out><![CDATA[
Scenario: user does not enter the Username and enter valid Password &amp#27;[90m# src/test/resources/features/login.feature:35&amp#27;[0m
12:42:49.064 [main] DEBUG io.cucumber.core.plugin.SerenityReporter - Running feature from file:///D:/alta/Capstone/WEB/CapstoneWEB/src/test/resources/features/login.feature
12:42:49.066 [main] INFO  - 
  _____   ___   ___   _____     ___   _____     _     ___   _____   ___   ___  
 |_   _| | __| / __| |_   _|   / __| |_   _|   /_\   | _ \ |_   _| | __| |   \ 
   | |   | _|  \__ \   | |     \__ \   | |    / _ \  |   /   | |   | _|  | |) |
   |_|   |___| |___/   |_|     |___/   |_|   /_/ \_\ |_|_\   |_|   |___| |___/ 

user does not enter the Username and enter valid Password(login;user-does-not-enter-the-username-and-enter-valid-password)
--------------------------------------------------------------------------------
12:42:49.123 [main] INFO net.serenitybdd.core.webdriver.driverproviders.ChromeDriverProvider - Starting Chrome driver instance with capabilities:
12:42:49.124 [main] INFO net.serenitybdd.core.webdriver.driverproviders.ChromeDriverProvider - Capabilities {acceptInsecureCerts: false, browserName: chrome, goog:chromeOptions: {args: [remote-allow-origins=*], extensions: []}}
12:42:49.550 [AsyncHttpClient-1-1] DEBUG org.asynchttpclient.netty.channel.DefaultChannelPool - Entry count for : http://localhost:3665 : 1
12:42:49.550 [AsyncHttpClient-1-1] DEBUG org.asynchttpclient.netty.channel.DefaultChannelPool - Entry count for : http://localhost:59255 : 1
12:42:49.550 [AsyncHttpClient-1-1] DEBUG org.asynchttpclient.netty.channel.DefaultChannelPool - Adding Candidate expired Channel [id: 0x7fa7ca5d, L:/127.0.0.1:59254 ! R:localhost/127.0.0.1:3665] isIdleTimeoutExpired=false isRemotelyClosed=true isTtlExpired=false
12:42:49.550 [AsyncHttpClient-1-1] DEBUG org.asynchttpclient.netty.channel.DefaultChannelPool - Closing Idle Channel [id: 0x7fa7ca5d, L:/127.0.0.1:59254 ! R:localhost/127.0.0.1:3665]
12:42:49.550 [AsyncHttpClient-1-1] DEBUG org.asynchttpclient.netty.channel.DefaultChannelPool - Adding Candidate expired Channel [id: 0xbe9f90c5, L:/127.0.0.1:59261 ! R:localhost/127.0.0.1:59255] isIdleTimeoutExpired=false isRemotelyClosed=true isTtlExpired=false
12:42:49.550 [AsyncHttpClient-1-1] DEBUG org.asynchttpclient.netty.channel.DefaultChannelPool - Closing Idle Channel [id: 0xbe9f90c5, L:/127.0.0.1:59261 ! R:localhost/127.0.0.1:59255]
12:42:49.550 [AsyncHttpClient-1-1] DEBUG org.asynchttpclient.netty.channel.DefaultChannelPool - Closed 2 connections out of 2 in 0 ms
12:42:49.711 [AsyncHttpClient-1-14] DEBUG org.asynchttpclient.netty.channel.NettyConnectListener - Using new Channel '[id: 0x87cc6d8b, L:/127.0.0.1:59277 - R:localhost/127.0.0.1:7057]' for 'POST' to '/session'
12:42:50.348 [AsyncHttpClient-1-14] DEBUG org.asynchttpclient.netty.handler.HttpHandler - 

Request DefaultHttpRequest(decodeResult: success, version: HTTP/1.1)
POST /session HTTP/1.1
User-Agent: selenium/4.8.1 (java windows)
Content-Length: 507
Content-Type: application/json; charset=utf-8
host: localhost:7057
accept: */*

Response DefaultHttpResponse(decodeResult: success, version: HTTP/1.1)
HTTP/1.1 200 OK
Content-Length: 863
Content-Type: application/json; charset=utf-8
cache-control: no-cache

12:42:50.348 [AsyncHttpClient-1-14] DEBUG org.asynchttpclient.netty.channel.ChannelManager - Adding key: http://localhost:7057 for channel [id: 0x87cc6d8b, L:/127.0.0.1:59277 - R:localhost/127.0.0.1:7057]
12:42:50.361 [AsyncHttpClient-1-15] DEBUG org.asynchttpclient.netty.channel.NettyConnectListener - Using new Channel '[id: 0xab70f662, L:/127.0.0.1:59284 - R:localhost/127.0.0.1:59278]' for 'GET' to '/json/version'
12:42:50.365 [AsyncHttpClient-1-15] DEBUG org.asynchttpclient.netty.handler.HttpHandler - 

Request DefaultFullHttpRequest(decodeResult: success, version: HTTP/1.1, content: EmptyByteBufBE)
GET /json/version HTTP/1.1
User-Agent: selenium/4.8.1 (java windows)
host: localhost:59278
accept: */*

Response DefaultHttpResponse(decodeResult: success, version: HTTP/1.1)
HTTP/1.1 200 OK
Content-Security-Policy: frame-ancestors 'none'
Content-Length: 424
Content-Type: application/json; charset=UTF-8

12:42:50.365 [AsyncHttpClient-1-15] DEBUG org.asynchttpclient.netty.channel.ChannelManager - Adding key: http://localhost:59278 for channel [id: 0xab70f662, L:/127.0.0.1:59284 - R:localhost/127.0.0.1:59278]
12:42:50.370 [AsyncHttpClient-1-16] DEBUG org.asynchttpclient.netty.channel.NettyConnectListener - Using new Channel '[id: 0x00273475, L:/127.0.0.1:59285 - R:localhost/127.0.0.1:59278]' for 'GET' to '/devtools/browser/fd746294-98b1-4f5a-bae5-0207839ecb79'
12:42:50.377 [AsyncHttpClient-1-16] DEBUG org.asynchttpclient.netty.handler.WebSocketHandler - 

Request DefaultFullHttpRequest(decodeResult: success, version: HTTP/1.1, content: EmptyByteBufBE)
GET /devtools/browser/fd746294-98b1-4f5a-bae5-0207839ecb79 HTTP/1.1
upgrade: websocket
connection: upgrade
sec-websocket-key: ychAwqRLrFTHXIGfwOqZ8w==
sec-websocket-version: 13
origin: http://localhost:59278
host: localhost:59278
accept: */*
user-agent: AHC/2.1

Response DefaultHttpResponse(decodeResult: success, version: HTTP/1.1)
HTTP/1.1 101 WebSocket Protocol Handshake
Upgrade: WebSocket
Connection: Upgrade
Sec-WebSocket-Accept: o9ROOLpcXLA5DWeemVQ0jU+MchI=

12:42:50.385 [Forwarding get on session a4c453463781551e2591416af78eab88 to remote] DEBUG org.asynchttpclient.netty.request.NettyRequestSender - Using pooled Channel '[id: 0x87cc6d8b, L:/127.0.0.1:59277 - R:localhost/127.0.0.1:7057]' for 'POST' to 'http://localhost:7057/session/a4c453463781551e2591416af78eab88/url'
12:42:50.385 [Forwarding get on session a4c453463781551e2591416af78eab88 to remote] DEBUG org.asynchttpclient.netty.request.NettyRequestSender - Using open Channel [id: 0x87cc6d8b, L:/127.0.0.1:59277 - R:localhost/127.0.0.1:7057] for POST '/session/a4c453463781551e2591416af78eab88/url'
12:42:50.650 [AsyncHttpClient-1-1] DEBUG org.asynchttpclient.netty.channel.DefaultChannelPool - Entry count for : http://localhost:59278 : 1
12:42:51.755 [AsyncHttpClient-1-1] DEBUG org.asynchttpclient.netty.channel.DefaultChannelPool - Entry count for : http://localhost:59278 : 1
12:42:52.849 [AsyncHttpClient-1-1] DEBUG org.asynchttpclient.netty.channel.DefaultChannelPool - Entry count for : http://localhost:59278 : 1
12:42:53.952 [AsyncHttpClient-1-1] DEBUG org.asynchttpclient.netty.channel.DefaultChannelPool - Entry count for : http://localhost:59278 : 1
12:42:55.055 [AsyncHttpClient-1-1] DEBUG org.asynchttpclient.netty.channel.DefaultChannelPool - Entry count for : http://localhost:59278 : 1
12:42:56.149 [AsyncHttpClient-1-1] DEBUG org.asynchttpclient.netty.channel.DefaultChannelPool - Entry count for : http://localhost:59278 : 1
12:42:57.249 [AsyncHttpClient-1-1] DEBUG org.asynchttpclient.netty.channel.DefaultChannelPool - Entry count for : http://localhost:59278 : 1
12:42:58.349 [AsyncHttpClient-1-1] DEBUG org.asynchttpclient.netty.channel.DefaultChannelPool - Entry count for : http://localhost:59278 : 1
12:42:59.450 [AsyncHttpClient-1-1] DEBUG org.asynchttpclient.netty.channel.DefaultChannelPool - Entry count for : http://localhost:59278 : 1
12:42:59.728 [AsyncHttpClient-1-14] DEBUG org.asynchttpclient.netty.handler.HttpHandler - 

Request DefaultHttpRequest(decodeResult: success, version: HTTP/1.1)
POST /session/a4c453463781551e2591416af78eab88/url HTTP/1.1
User-Agent: selenium/4.8.1 (java windows)
Content-Length: 65
Content-Type: application/json; charset=utf-8
host: localhost:7057
accept: */*

Response DefaultHttpResponse(decodeResult: success, version: HTTP/1.1)
HTTP/1.1 200 OK
Content-Length: 14
Content-Type: application/json; charset=utf-8
cache-control: no-cache

12:42:59.728 [AsyncHttpClient-1-14] DEBUG org.asynchttpclient.netty.channel.ChannelManager - Adding key: http://localhost:7057 for channel [id: 0x87cc6d8b, L:/127.0.0.1:59277 - R:localhost/127.0.0.1:7057]
12:42:59.729 [Forwarding setTimeout on session a4c453463781551e2591416af78eab88 to remote] DEBUG org.asynchttpclient.netty.request.NettyRequestSender - Using pooled Channel '[id: 0x87cc6d8b, L:/127.0.0.1:59277 - R:localhost/127.0.0.1:7057]' for 'POST' to 'http://localhost:7057/session/a4c453463781551e2591416af78eab88/timeouts'
12:42:59.729 [Forwarding setTimeout on session a4c453463781551e2591416af78eab88 to remote] DEBUG org.asynchttpclient.netty.request.NettyRequestSender - Using open Channel [id: 0x87cc6d8b, L:/127.0.0.1:59277 - R:localhost/127.0.0.1:7057] for POST '/session/a4c453463781551e2591416af78eab88/timeouts'
12:42:59.730 [AsyncHttpClient-1-14] DEBUG org.asynchttpclient.netty.handler.HttpHandler - 

Request DefaultHttpRequest(decodeResult: success, version: HTTP/1.1)
POST /session/a4c453463781551e2591416af78eab88/timeouts HTTP/1.1
User-Agent: selenium/4.8.1 (java windows)
Content-Length: 22
Content-Type: application/json; charset=utf-8
host: localhost:7057
accept: */*

Response DefaultHttpResponse(decodeResult: success, version: HTTP/1.1)
HTTP/1.1 200 OK
Content-Length: 14
Content-Type: application/json; charset=utf-8
cache-control: no-cache

12:42:59.731 [AsyncHttpClient-1-14] DEBUG org.asynchttpclient.netty.channel.ChannelManager - Adding key: http://localhost:7057 for channel [id: 0x87cc6d8b, L:/127.0.0.1:59277 - R:localhost/127.0.0.1:7057]
12:42:59.736 [Forwarding getAlertText on session a4c453463781551e2591416af78eab88 to remote] DEBUG org.asynchttpclient.netty.request.NettyRequestSender - Using pooled Channel '[id: 0x87cc6d8b, L:/127.0.0.1:59277 - R:localhost/127.0.0.1:7057]' for 'GET' to 'http://localhost:7057/session/a4c453463781551e2591416af78eab88/alert/text'
12:42:59.736 [Forwarding getAlertText on session a4c453463781551e2591416af78eab88 to remote] DEBUG org.asynchttpclient.netty.request.NettyRequestSender - Using open Channel [id: 0x87cc6d8b, L:/127.0.0.1:59277 - R:localhost/127.0.0.1:7057] for GET '/session/a4c453463781551e2591416af78eab88/alert/text'
12:42:59.739 [AsyncHttpClient-1-14] DEBUG org.asynchttpclient.netty.handler.HttpHandler - 

Request DefaultFullHttpRequest(decodeResult: success, version: HTTP/1.1, content: EmptyByteBufBE)
GET /session/a4c453463781551e2591416af78eab88/alert/text HTTP/1.1
User-Agent: selenium/4.8.1 (java windows)
Cache-Control: no-cache
Content-Type: application/json; charset=utf-8
host: localhost:7057
accept: */*

Response DefaultHttpResponse(decodeResult: success, version: HTTP/1.1)
HTTP/1.1 404 Not Found
Content-Length: 821
Content-Type: application/json; charset=utf-8
cache-control: no-cache

12:42:59.739 [AsyncHttpClient-1-14] DEBUG org.asynchttpclient.netty.channel.ChannelManager - Adding key: http://localhost:7057 for channel [id: 0x87cc6d8b, L:/127.0.0.1:59277 - R:localhost/127.0.0.1:7057]
12:42:59.741 [Forwarding getCurrentUrl on session a4c453463781551e2591416af78eab88 to remote] DEBUG org.asynchttpclient.netty.request.NettyRequestSender - Using pooled Channel '[id: 0x87cc6d8b, L:/127.0.0.1:59277 - R:localhost/127.0.0.1:7057]' for 'GET' to 'http://localhost:7057/session/a4c453463781551e2591416af78eab88/url'
12:42:59.741 [Forwarding getCurrentUrl on session a4c453463781551e2591416af78eab88 to remote] DEBUG org.asynchttpclient.netty.request.NettyRequestSender - Using open Channel [id: 0x87cc6d8b, L:/127.0.0.1:59277 - R:localhost/127.0.0.1:7057] for GET '/session/a4c453463781551e2591416af78eab88/url'
12:42:59.751 [AsyncHttpClient-1-14] DEBUG org.asynchttpclient.netty.handler.HttpHandler - 

Request DefaultFullHttpRequest(decodeResult: success, version: HTTP/1.1, content: EmptyByteBufBE)
GET /session/a4c453463781551e2591416af78eab88/url HTTP/1.1
User-Agent: selenium/4.8.1 (java windows)
Cache-Control: no-cache
Content-Type: application/json; charset=utf-8
host: localhost:7057
accept: */*

Response DefaultHttpResponse(decodeResult: success, version: HTTP/1.1)
HTTP/1.1 200 OK
Content-Length: 47
Content-Type: application/json; charset=utf-8
cache-control: no-cache

12:42:59.752 [AsyncHttpClient-1-14] DEBUG org.asynchttpclient.netty.channel.ChannelManager - Adding key: http://localhost:7057 for channel [id: 0x87cc6d8b, L:/127.0.0.1:59277 - R:localhost/127.0.0.1:7057]
12:42:59.752 [Forwarding screenshot on session a4c453463781551e2591416af78eab88 to remote] DEBUG org.asynchttpclient.netty.request.NettyRequestSender - Using pooled Channel '[id: 0x87cc6d8b, L:/127.0.0.1:59277 - R:localhost/127.0.0.1:7057]' for 'GET' to 'http://localhost:7057/session/a4c453463781551e2591416af78eab88/screenshot'
12:42:59.752 [Forwarding screenshot on session a4c453463781551e2591416af78eab88 to remote] DEBUG org.asynchttpclient.netty.request.NettyRequestSender - Using open Channel [id: 0x87cc6d8b, L:/127.0.0.1:59277 - R:localhost/127.0.0.1:7057] for GET '/session/a4c453463781551e2591416af78eab88/screenshot'
12:43:00.000 [AsyncHttpClient-1-14] DEBUG org.asynchttpclient.netty.handler.HttpHandler - 

Request DefaultFullHttpRequest(decodeResult: success, version: HTTP/1.1, content: EmptyByteBufBE)
GET /session/a4c453463781551e2591416af78eab88/screenshot HTTP/1.1
User-Agent: selenium/4.8.1 (java windows)
Cache-Control: no-cache
Content-Type: application/json; charset=utf-8
host: localhost:7057
accept: */*

Response DefaultHttpResponse(decodeResult: success, version: HTTP/1.1)
HTTP/1.1 200 OK
Content-Length: 35596
Content-Type: application/json; charset=utf-8
cache-control: no-cache

12:43:00.000 [AsyncHttpClient-1-14] DEBUG org.asynchttpclient.netty.channel.ChannelManager - Adding key: http://localhost:7057 for channel [id: 0x87cc6d8b, L:/127.0.0.1:59277 - R:localhost/127.0.0.1:7057]
12:43:00.001 [main] DEBUG net.serenitybdd.core.photography.Darkroom - Send negative for processing for target\site\serenity\785a378d3f3eeedafb60c2b56272804bdc832280cdc3230a315b9895e85c9841.png
12:43:00.002 [Forwarding getPageSource on session a4c453463781551e2591416af78eab88 to remote] DEBUG org.asynchttpclient.netty.request.NettyRequestSender - Using pooled Channel '[id: 0x87cc6d8b, L:/127.0.0.1:59277 - R:localhost/127.0.0.1:7057]' for 'POST' to 'http://localhost:7057/session/a4c453463781551e2591416af78eab88/execute/sync'
12:43:00.002 [Forwarding getPageSource on session a4c453463781551e2591416af78eab88 to remote] DEBUG org.asynchttpclient.netty.request.NettyRequestSender - Using open Channel [id: 0x87cc6d8b, L:/127.0.0.1:59277 - R:localhost/127.0.0.1:7057] for POST '/session/a4c453463781551e2591416af78eab88/execute/sync'
12:43:00.028 [AsyncHttpClient-1-14] DEBUG org.asynchttpclient.netty.handler.HttpHandler - 

Request DefaultHttpRequest(decodeResult: success, version: HTTP/1.1)
POST /session/a4c453463781551e2591416af78eab88/execute/sync HTTP/1.1
User-Agent: selenium/4.8.1 (java windows)
Content-Length: 176
Content-Type: application/json; charset=utf-8
host: localhost:7057
accept: */*

Response DefaultHttpResponse(decodeResult: success, version: HTTP/1.1)
HTTP/1.1 200 OK
Content-Length: 159202
Content-Type: application/json; charset=utf-8
cache-control: no-cache

12:43:00.029 [AsyncHttpClient-1-14] DEBUG org.asynchttpclient.netty.channel.ChannelManager - Adding key: http://localhost:7057 for channel [id: 0x87cc6d8b, L:/127.0.0.1:59277 - R:localhost/127.0.0.1:7057]
12:43:00.036 [Forwarding getCurrentUrl on session a4c453463781551e2591416af78eab88 to remote] DEBUG org.asynchttpclient.netty.request.NettyRequestSender - Using pooled Channel '[id: 0x87cc6d8b, L:/127.0.0.1:59277 - R:localhost/127.0.0.1:7057]' for 'GET' to 'http://localhost:7057/session/a4c453463781551e2591416af78eab88/url'
12:43:00.036 [Forwarding getCurrentUrl on session a4c453463781551e2591416af78eab88 to remote] DEBUG org.asynchttpclient.netty.request.NettyRequestSender - Using open Channel [id: 0x87cc6d8b, L:/127.0.0.1:59277 - R:localhost/127.0.0.1:7057] for GET '/session/a4c453463781551e2591416af78eab88/url'
12:43:00.045 [AsyncHttpClient-1-14] DEBUG org.asynchttpclient.netty.handler.HttpHandler - 

Request DefaultFullHttpRequest(decodeResult: success, version: HTTP/1.1, content: EmptyByteBufBE)
GET /session/a4c453463781551e2591416af78eab88/url HTTP/1.1
User-Agent: selenium/4.8.1 (java windows)
Cache-Control: no-cache
Content-Type: application/json; charset=utf-8
host: localhost:7057
accept: */*

Response DefaultHttpResponse(decodeResult: success, version: HTTP/1.1)
HTTP/1.1 200 OK
Content-Length: 47
Content-Type: application/json; charset=utf-8
cache-control: no-cache

12:43:00.045 [AsyncHttpClient-1-14] DEBUG org.asynchttpclient.netty.channel.ChannelManager - Adding key: http://localhost:7057 for channel [id: 0x87cc6d8b, L:/127.0.0.1:59277 - R:localhost/127.0.0.1:7057]
12:43:00.047 [main] DEBUG net.thucydides.core.steps.StepInterceptor - STARTING STEP: LoginSteps.onLoginPage - validateOnLoginPage
12:43:00.049 [Forwarding findElement on session a4c453463781551e2591416af78eab88 to remote] DEBUG org.asynchttpclient.netty.request.NettyRequestSender - Using pooled Channel '[id: 0x87cc6d8b, L:/127.0.0.1:59277 - R:localhost/127.0.0.1:7057]' for 'POST' to 'http://localhost:7057/session/a4c453463781551e2591416af78eab88/element'
12:43:00.049 [Forwarding findElement on session a4c453463781551e2591416af78eab88 to remote] DEBUG org.asynchttpclient.netty.request.NettyRequestSender - Using open Channel [id: 0x87cc6d8b, L:/127.0.0.1:59277 - R:localhost/127.0.0.1:7057] for POST '/session/a4c453463781551e2591416af78eab88/element'
12:43:00.066 [AsyncHttpClient-1-14] DEBUG org.asynchttpclient.netty.handler.HttpHandler - 

Request DefaultHttpRequest(decodeResult: success, version: HTTP/1.1)
POST /session/a4c453463781551e2591416af78eab88/element HTTP/1.1
User-Agent: selenium/4.8.1 (java windows)
Content-Length: 155
Content-Type: application/json; charset=utf-8
host: localhost:7057
accept: */*

Response DefaultHttpResponse(decodeResult: success, version: HTTP/1.1)
HTTP/1.1 200 OK
Content-Length: 94
Content-Type: application/json; charset=utf-8
cache-control: no-cache

12:43:00.066 [AsyncHttpClient-1-14] DEBUG org.asynchttpclient.netty.channel.ChannelManager - Adding key: http://localhost:7057 for channel [id: 0x87cc6d8b, L:/127.0.0.1:59277 - R:localhost/127.0.0.1:7057]
12:43:00.068 [Forwarding isElementDisplayed on session a4c453463781551e2591416af78eab88 to remote] DEBUG org.asynchttpclient.netty.request.NettyRequestSender - Using pooled Channel '[id: 0x87cc6d8b, L:/127.0.0.1:59277 - R:localhost/127.0.0.1:7057]' for 'POST' to 'http://localhost:7057/session/a4c453463781551e2591416af78eab88/execute/sync'
12:43:00.068 [Forwarding isElementDisplayed on session a4c453463781551e2591416af78eab88 to remote] DEBUG org.asynchttpclient.netty.request.NettyRequestSender - Using open Channel [id: 0x87cc6d8b, L:/127.0.0.1:59277 - R:localhost/127.0.0.1:7057] for POST '/session/a4c453463781551e2591416af78eab88/execute/sync'
12:43:00.087 [AsyncHttpClient-1-14] DEBUG org.asynchttpclient.netty.handler.HttpHandler - 

Request DefaultHttpRequest(decodeResult: success, version: HTTP/1.1)
POST /session/a4c453463781551e2591416af78eab88/execute/sync HTTP/1.1
User-Agent: selenium/4.8.1 (java windows)
Content-Length: 48813
Content-Type: application/json; charset=utf-8
host: localhost:7057
accept: */*

Response DefaultHttpResponse(decodeResult: success, version: HTTP/1.1)
HTTP/1.1 200 OK
Content-Length: 14
Content-Type: application/json; charset=utf-8
cache-control: no-cache

12:43:00.087 [AsyncHttpClient-1-14] DEBUG org.asynchttpclient.netty.channel.ChannelManager - Adding key: http://localhost:7057 for channel [id: 0x87cc6d8b, L:/127.0.0.1:59277 - R:localhost/127.0.0.1:7057]
12:43:00.091 [Forwarding getAlertText on session a4c453463781551e2591416af78eab88 to remote] DEBUG org.asynchttpclient.netty.request.NettyRequestSender - Using pooled Channel '[id: 0x87cc6d8b, L:/127.0.0.1:59277 - R:localhost/127.0.0.1:7057]' for 'GET' to 'http://localhost:7057/session/a4c453463781551e2591416af78eab88/alert/text'
12:43:00.091 [Forwarding getAlertText on session a4c453463781551e2591416af78eab88 to remote] DEBUG org.asynchttpclient.netty.request.NettyRequestSender - Using open Channel [id: 0x87cc6d8b, L:/127.0.0.1:59277 - R:localhost/127.0.0.1:7057] for GET '/session/a4c453463781551e2591416af78eab88/alert/text'
12:43:00.094 [AsyncHttpClient-1-14] DEBUG org.asynchttpclient.netty.handler.HttpHandler - 

Request DefaultFullHttpRequest(decodeResult: success, version: HTTP/1.1, content: EmptyByteBufBE)
GET /session/a4c453463781551e2591416af78eab88/alert/text HTTP/1.1
User-Agent: selenium/4.8.1 (java windows)
Cache-Control: no-cache
Content-Type: application/json; charset=utf-8
host: localhost:7057
accept: */*

Response DefaultHttpResponse(decodeResult: success, version: HTTP/1.1)
HTTP/1.1 404 Not Found
Content-Length: 821
Content-Type: application/json; charset=utf-8
cache-control: no-cache

12:43:00.094 [AsyncHttpClient-1-14] DEBUG org.asynchttpclient.netty.channel.ChannelManager - Adding key: http://localhost:7057 for channel [id: 0x87cc6d8b, L:/127.0.0.1:59277 - R:localhost/127.0.0.1:7057]
12:43:00.095 [Forwarding getCurrentUrl on session a4c453463781551e2591416af78eab88 to remote] DEBUG org.asynchttpclient.netty.request.NettyRequestSender - Using pooled Channel '[id: 0x87cc6d8b, L:/127.0.0.1:59277 - R:localhost/127.0.0.1:7057]' for 'GET' to 'http://localhost:7057/session/a4c453463781551e2591416af78eab88/url'
12:43:00.095 [Forwarding getCurrentUrl on session a4c453463781551e2591416af78eab88 to remote] DEBUG org.asynchttpclient.netty.request.NettyRequestSender - Using open Channel [id: 0x87cc6d8b, L:/127.0.0.1:59277 - R:localhost/127.0.0.1:7057] for GET '/session/a4c453463781551e2591416af78eab88/url'
12:43:00.104 [AsyncHttpClient-1-14] DEBUG org.asynchttpclient.netty.handler.HttpHandler - 

Request DefaultFullHttpRequest(decodeResult: success, version: HTTP/1.1, content: EmptyByteBufBE)
GET /session/a4c453463781551e2591416af78eab88/url HTTP/1.1
User-Agent: selenium/4.8.1 (java windows)
Cache-Control: no-cache
Content-Type: application/json; charset=utf-8
host: localhost:7057
accept: */*

Response DefaultHttpResponse(decodeResult: success, version: HTTP/1.1)
HTTP/1.1 200 OK
Content-Length: 47
Content-Type: application/json; charset=utf-8
cache-control: no-cache

12:43:00.105 [AsyncHttpClient-1-14] DEBUG org.asynchttpclient.netty.channel.ChannelManager - Adding key: http://localhost:7057 for channel [id: 0x87cc6d8b, L:/127.0.0.1:59277 - R:localhost/127.0.0.1:7057]
12:43:00.105 [Forwarding screenshot on session a4c453463781551e2591416af78eab88 to remote] DEBUG org.asynchttpclient.netty.request.NettyRequestSender - Using pooled Channel '[id: 0x87cc6d8b, L:/127.0.0.1:59277 - R:localhost/127.0.0.1:7057]' for 'GET' to 'http://localhost:7057/session/a4c453463781551e2591416af78eab88/screenshot'
12:43:00.105 [Forwarding screenshot on session a4c453463781551e2591416af78eab88 to remote] DEBUG org.asynchttpclient.netty.request.NettyRequestSender - Using open Channel [id: 0x87cc6d8b, L:/127.0.0.1:59277 - R:localhost/127.0.0.1:7057] for GET '/session/a4c453463781551e2591416af78eab88/screenshot'
12:43:00.249 [AsyncHttpClient-1-14] DEBUG org.asynchttpclient.netty.handler.HttpHandler - 

Request DefaultFullHttpRequest(decodeResult: success, version: HTTP/1.1, content: EmptyByteBufBE)
GET /session/a4c453463781551e2591416af78eab88/screenshot HTTP/1.1
User-Agent: selenium/4.8.1 (java windows)
Cache-Control: no-cache
Content-Type: application/json; charset=utf-8
host: localhost:7057
accept: */*

Response DefaultHttpResponse(decodeResult: success, version: HTTP/1.1)
HTTP/1.1 200 OK
Content-Length: 104432
Content-Type: application/json; charset=utf-8
cache-control: no-cache

12:43:00.250 [AsyncHttpClient-1-14] DEBUG org.asynchttpclient.netty.channel.ChannelManager - Adding key: http://localhost:7057 for channel [id: 0x87cc6d8b, L:/127.0.0.1:59277 - R:localhost/127.0.0.1:7057]
12:43:00.253 [main] DEBUG net.serenitybdd.core.photography.Darkroom - Send negative for processing for target\site\serenity\497549ede4ffc540098ec1a2b75c60d2b8914c9efd48a515f9446ee33b4ccb07.png
12:43:00.253 [main] DEBUG net.thucydides.core.steps.StepInterceptor - STEP DONE: validateOnLoginPage
  &amp#27;[32mGiven &amp#27;[0m&amp#27;[32mI am on the login page&amp#27;[0m                                      &amp#27;[90m# starter.stepdefinitions.LoginSteps.onLoginPage()&amp#27;[0m
12:43:00.263 [Forwarding getPageSource on session a4c453463781551e2591416af78eab88 to remote] DEBUG org.asynchttpclient.netty.request.NettyRequestSender - Using pooled Channel '[id: 0x87cc6d8b, L:/127.0.0.1:59277 - R:localhost/127.0.0.1:7057]' for 'POST' to 'http://localhost:7057/session/a4c453463781551e2591416af78eab88/execute/sync'
12:43:00.263 [Forwarding getPageSource on session a4c453463781551e2591416af78eab88 to remote] DEBUG org.asynchttpclient.netty.request.NettyRequestSender - Using open Channel [id: 0x87cc6d8b, L:/127.0.0.1:59277 - R:localhost/127.0.0.1:7057] for POST '/session/a4c453463781551e2591416af78eab88/execute/sync'
12:43:00.285 [AsyncHttpClient-1-14] DEBUG org.asynchttpclient.netty.handler.HttpHandler - 

Request DefaultHttpRequest(decodeResult: success, version: HTTP/1.1)
POST /session/a4c453463781551e2591416af78eab88/execute/sync HTTP/1.1
User-Agent: selenium/4.8.1 (java windows)
Content-Length: 176
Content-Type: application/json; charset=utf-8
host: localhost:7057
accept: */*

Response DefaultHttpResponse(decodeResult: success, version: HTTP/1.1)
HTTP/1.1 200 OK
Content-Length: 159202
Content-Type: application/json; charset=utf-8
cache-control: no-cache

12:43:00.285 [AsyncHttpClient-1-14] DEBUG org.asynchttpclient.netty.channel.ChannelManager - Adding key: http://localhost:7057 for channel [id: 0x87cc6d8b, L:/127.0.0.1:59277 - R:localhost/127.0.0.1:7057]
12:43:00.293 [Forwarding getCurrentUrl on session a4c453463781551e2591416af78eab88 to remote] DEBUG org.asynchttpclient.netty.request.NettyRequestSender - Using pooled Channel '[id: 0x87cc6d8b, L:/127.0.0.1:59277 - R:localhost/127.0.0.1:7057]' for 'GET' to 'http://localhost:7057/session/a4c453463781551e2591416af78eab88/url'
12:43:00.293 [Forwarding getCurrentUrl on session a4c453463781551e2591416af78eab88 to remote] DEBUG org.asynchttpclient.netty.request.NettyRequestSender - Using open Channel [id: 0x87cc6d8b, L:/127.0.0.1:59277 - R:localhost/127.0.0.1:7057] for GET '/session/a4c453463781551e2591416af78eab88/url'
12:43:00.301 [AsyncHttpClient-1-14] DEBUG org.asynchttpclient.netty.handler.HttpHandler - 

Request DefaultFullHttpRequest(decodeResult: success, version: HTTP/1.1, content: EmptyByteBufBE)
GET /session/a4c453463781551e2591416af78eab88/url HTTP/1.1
User-Agent: selenium/4.8.1 (java windows)
Cache-Control: no-cache
Content-Type: application/json; charset=utf-8
host: localhost:7057
accept: */*

Response DefaultHttpResponse(decodeResult: success, version: HTTP/1.1)
HTTP/1.1 200 OK
Content-Length: 47
Content-Type: application/json; charset=utf-8
cache-control: no-cache

12:43:00.301 [AsyncHttpClient-1-14] DEBUG org.asynchttpclient.netty.channel.ChannelManager - Adding key: http://localhost:7057 for channel [id: 0x87cc6d8b, L:/127.0.0.1:59277 - R:localhost/127.0.0.1:7057]
12:43:00.308 [Forwarding getAlertText on session a4c453463781551e2591416af78eab88 to remote] DEBUG org.asynchttpclient.netty.request.NettyRequestSender - Using pooled Channel '[id: 0x87cc6d8b, L:/127.0.0.1:59277 - R:localhost/127.0.0.1:7057]' for 'GET' to 'http://localhost:7057/session/a4c453463781551e2591416af78eab88/alert/text'
12:43:00.308 [Forwarding getAlertText on session a4c453463781551e2591416af78eab88 to remote] DEBUG org.asynchttpclient.netty.request.NettyRequestSender - Using open Channel [id: 0x87cc6d8b, L:/127.0.0.1:59277 - R:localhost/127.0.0.1:7057] for GET '/session/a4c453463781551e2591416af78eab88/alert/text'
12:43:00.310 [AsyncHttpClient-1-14] DEBUG org.asynchttpclient.netty.handler.HttpHandler - 

Request DefaultFullHttpRequest(decodeResult: success, version: HTTP/1.1, content: EmptyByteBufBE)
GET /session/a4c453463781551e2591416af78eab88/alert/text HTTP/1.1
User-Agent: selenium/4.8.1 (java windows)
Cache-Control: no-cache
Content-Type: application/json; charset=utf-8
host: localhost:7057
accept: */*

Response DefaultHttpResponse(decodeResult: success, version: HTTP/1.1)
HTTP/1.1 404 Not Found
Content-Length: 821
Content-Type: application/json; charset=utf-8
cache-control: no-cache

12:43:00.310 [AsyncHttpClient-1-14] DEBUG org.asynchttpclient.netty.channel.ChannelManager - Adding key: http://localhost:7057 for channel [id: 0x87cc6d8b, L:/127.0.0.1:59277 - R:localhost/127.0.0.1:7057]
12:43:00.312 [Forwarding getCurrentUrl on session a4c453463781551e2591416af78eab88 to remote] DEBUG org.asynchttpclient.netty.request.NettyRequestSender - Using pooled Channel '[id: 0x87cc6d8b, L:/127.0.0.1:59277 - R:localhost/127.0.0.1:7057]' for 'GET' to 'http://localhost:7057/session/a4c453463781551e2591416af78eab88/url'
12:43:00.312 [Forwarding getCurrentUrl on session a4c453463781551e2591416af78eab88 to remote] DEBUG org.asynchttpclient.netty.request.NettyRequestSender - Using open Channel [id: 0x87cc6d8b, L:/127.0.0.1:59277 - R:localhost/127.0.0.1:7057] for GET '/session/a4c453463781551e2591416af78eab88/url'
12:43:00.317 [AsyncHttpClient-1-14] DEBUG org.asynchttpclient.netty.handler.HttpHandler - 

Request DefaultFullHttpRequest(decodeResult: success, version: HTTP/1.1, content: EmptyByteBufBE)
GET /session/a4c453463781551e2591416af78eab88/url HTTP/1.1
User-Agent: selenium/4.8.1 (java windows)
Cache-Control: no-cache
Content-Type: application/json; charset=utf-8
host: localhost:7057
accept: */*

Response DefaultHttpResponse(decodeResult: success, version: HTTP/1.1)
HTTP/1.1 200 OK
Content-Length: 47
Content-Type: application/json; charset=utf-8
cache-control: no-cache

12:43:00.317 [AsyncHttpClient-1-14] DEBUG org.asynchttpclient.netty.channel.ChannelManager - Adding key: http://localhost:7057 for channel [id: 0x87cc6d8b, L:/127.0.0.1:59277 - R:localhost/127.0.0.1:7057]
12:43:00.318 [Forwarding screenshot on session a4c453463781551e2591416af78eab88 to remote] DEBUG org.asynchttpclient.netty.request.NettyRequestSender - Using pooled Channel '[id: 0x87cc6d8b, L:/127.0.0.1:59277 - R:localhost/127.0.0.1:7057]' for 'GET' to 'http://localhost:7057/session/a4c453463781551e2591416af78eab88/screenshot'
12:43:00.318 [Forwarding screenshot on session a4c453463781551e2591416af78eab88 to remote] DEBUG org.asynchttpclient.netty.request.NettyRequestSender - Using open Channel [id: 0x87cc6d8b, L:/127.0.0.1:59277 - R:localhost/127.0.0.1:7057] for GET '/session/a4c453463781551e2591416af78eab88/screenshot'
12:43:00.436 [AsyncHttpClient-1-14] DEBUG org.asynchttpclient.netty.handler.HttpHandler - 

Request DefaultFullHttpRequest(decodeResult: success, version: HTTP/1.1, content: EmptyByteBufBE)
GET /session/a4c453463781551e2591416af78eab88/screenshot HTTP/1.1
User-Agent: selenium/4.8.1 (java windows)
Cache-Control: no-cache
Content-Type: application/json; charset=utf-8
host: localhost:7057
accept: */*

Response DefaultHttpResponse(decodeResult: success, version: HTTP/1.1)
HTTP/1.1 200 OK
Content-Length: 104432
Content-Type: application/json; charset=utf-8
cache-control: no-cache

12:43:00.436 [AsyncHttpClient-1-14] DEBUG org.asynchttpclient.netty.channel.ChannelManager - Adding key: http://localhost:7057 for channel [id: 0x87cc6d8b, L:/127.0.0.1:59277 - R:localhost/127.0.0.1:7057]
12:43:00.439 [main] DEBUG net.serenitybdd.core.photography.Darkroom - Send negative for processing for target\site\serenity\497549ede4ffc540098ec1a2b75c60d2b8914c9efd48a515f9446ee33b4ccb07.png
12:43:00.441 [Forwarding getPageSource on session a4c453463781551e2591416af78eab88 to remote] DEBUG org.asynchttpclient.netty.request.NettyRequestSender - Using pooled Channel '[id: 0x87cc6d8b, L:/127.0.0.1:59277 - R:localhost/127.0.0.1:7057]' for 'POST' to 'http://localhost:7057/session/a4c453463781551e2591416af78eab88/execute/sync'
12:43:00.441 [Forwarding getPageSource on session a4c453463781551e2591416af78eab88 to remote] DEBUG org.asynchttpclient.netty.request.NettyRequestSender - Using open Channel [id: 0x87cc6d8b, L:/127.0.0.1:59277 - R:localhost/127.0.0.1:7057] for POST '/session/a4c453463781551e2591416af78eab88/execute/sync'
12:43:00.463 [AsyncHttpClient-1-14] DEBUG org.asynchttpclient.netty.handler.HttpHandler - 

Request DefaultHttpRequest(decodeResult: success, version: HTTP/1.1)
POST /session/a4c453463781551e2591416af78eab88/execute/sync HTTP/1.1
User-Agent: selenium/4.8.1 (java windows)
Content-Length: 176
Content-Type: application/json; charset=utf-8
host: localhost:7057
accept: */*

Response DefaultHttpResponse(decodeResult: success, version: HTTP/1.1)
HTTP/1.1 200 OK
Content-Length: 159202
Content-Type: application/json; charset=utf-8
cache-control: no-cache

12:43:00.463 [AsyncHttpClient-1-14] DEBUG org.asynchttpclient.netty.channel.ChannelManager - Adding key: http://localhost:7057 for channel [id: 0x87cc6d8b, L:/127.0.0.1:59277 - R:localhost/127.0.0.1:7057]
12:43:00.470 [Forwarding getCurrentUrl on session a4c453463781551e2591416af78eab88 to remote] DEBUG org.asynchttpclient.netty.request.NettyRequestSender - Using pooled Channel '[id: 0x87cc6d8b, L:/127.0.0.1:59277 - R:localhost/127.0.0.1:7057]' for 'GET' to 'http://localhost:7057/session/a4c453463781551e2591416af78eab88/url'
12:43:00.470 [Forwarding getCurrentUrl on session a4c453463781551e2591416af78eab88 to remote] DEBUG org.asynchttpclient.netty.request.NettyRequestSender - Using open Channel [id: 0x87cc6d8b, L:/127.0.0.1:59277 - R:localhost/127.0.0.1:7057] for GET '/session/a4c453463781551e2591416af78eab88/url'
12:43:00.481 [AsyncHttpClient-1-14] DEBUG org.asynchttpclient.netty.handler.HttpHandler - 

Request DefaultFullHttpRequest(decodeResult: success, version: HTTP/1.1, content: EmptyByteBufBE)
GET /session/a4c453463781551e2591416af78eab88/url HTTP/1.1
User-Agent: selenium/4.8.1 (java windows)
Cache-Control: no-cache
Content-Type: application/json; charset=utf-8
host: localhost:7057
accept: */*

Response DefaultHttpResponse(decodeResult: success, version: HTTP/1.1)
HTTP/1.1 200 OK
Content-Length: 47
Content-Type: application/json; charset=utf-8
cache-control: no-cache

12:43:00.481 [AsyncHttpClient-1-14] DEBUG org.asynchttpclient.netty.channel.ChannelManager - Adding key: http://localhost:7057 for channel [id: 0x87cc6d8b, L:/127.0.0.1:59277 - R:localhost/127.0.0.1:7057]
12:43:00.483 [main] DEBUG net.thucydides.core.steps.StepInterceptor - STARTING STEP: LoginSteps.enterUsernamelOnSigIn - inputUsername
12:43:00.484 [Forwarding findElement on session a4c453463781551e2591416af78eab88 to remote] DEBUG org.asynchttpclient.netty.request.NettyRequestSender - Using pooled Channel '[id: 0x87cc6d8b, L:/127.0.0.1:59277 - R:localhost/127.0.0.1:7057]' for 'POST' to 'http://localhost:7057/session/a4c453463781551e2591416af78eab88/element'
12:43:00.484 [Forwarding findElement on session a4c453463781551e2591416af78eab88 to remote] DEBUG org.asynchttpclient.netty.request.NettyRequestSender - Using open Channel [id: 0x87cc6d8b, L:/127.0.0.1:59277 - R:localhost/127.0.0.1:7057] for POST '/session/a4c453463781551e2591416af78eab88/element'
12:43:00.499 [AsyncHttpClient-1-14] DEBUG org.asynchttpclient.netty.handler.HttpHandler - 

Request DefaultHttpRequest(decodeResult: success, version: HTTP/1.1)
POST /session/a4c453463781551e2591416af78eab88/element HTTP/1.1
User-Agent: selenium/4.8.1 (java windows)
Content-Length: 88
Content-Type: application/json; charset=utf-8
host: localhost:7057
accept: */*

Response DefaultHttpResponse(decodeResult: success, version: HTTP/1.1)
HTTP/1.1 200 OK
Content-Length: 95
Content-Type: application/json; charset=utf-8
cache-control: no-cache

12:43:00.499 [AsyncHttpClient-1-14] DEBUG org.asynchttpclient.netty.channel.ChannelManager - Adding key: http://localhost:7057 for channel [id: 0x87cc6d8b, L:/127.0.0.1:59277 - R:localhost/127.0.0.1:7057]
12:43:00.500 [Forwarding clearElement on session a4c453463781551e2591416af78eab88 to remote] DEBUG org.asynchttpclient.netty.request.NettyRequestSender - Using pooled Channel '[id: 0x87cc6d8b, L:/127.0.0.1:59277 - R:localhost/127.0.0.1:7057]' for 'POST' to 'http://localhost:7057/session/a4c453463781551e2591416af78eab88/element/46A3C85E298E3E1D02138C5A35D75BAD_element_11/clear'
12:43:00.500 [Forwarding clearElement on session a4c453463781551e2591416af78eab88 to remote] DEBUG org.asynchttpclient.netty.request.NettyRequestSender - Using open Channel [id: 0x87cc6d8b, L:/127.0.0.1:59277 - R:localhost/127.0.0.1:7057] for POST '/session/a4c453463781551e2591416af78eab88/element/46A3C85E298E3E1D02138C5A35D75BAD_element_11/clear'
12:43:00.542 [AsyncHttpClient-1-14] DEBUG org.asynchttpclient.netty.handler.HttpHandler - 

Request DefaultHttpRequest(decodeResult: success, version: HTTP/1.1)
POST /session/a4c453463781551e2591416af78eab88/element/46A3C85E298E3E1D02138C5A35D75BAD_element_11/clear HTTP/1.1
User-Agent: selenium/4.8.1 (java windows)
Content-Length: 57
Content-Type: application/json; charset=utf-8
host: localhost:7057
accept: */*

Response DefaultHttpResponse(decodeResult: success, version: HTTP/1.1)
HTTP/1.1 200 OK
Content-Length: 14
Content-Type: application/json; charset=utf-8
cache-control: no-cache

12:43:00.542 [AsyncHttpClient-1-14] DEBUG org.asynchttpclient.netty.channel.ChannelManager - Adding key: http://localhost:7057 for channel [id: 0x87cc6d8b, L:/127.0.0.1:59277 - R:localhost/127.0.0.1:7057]
12:43:00.544 [Forwarding sendKeysToElement on session a4c453463781551e2591416af78eab88 to remote] DEBUG org.asynchttpclient.netty.request.NettyRequestSender - Using pooled Channel '[id: 0x87cc6d8b, L:/127.0.0.1:59277 - R:localhost/127.0.0.1:7057]' for 'POST' to 'http://localhost:7057/session/a4c453463781551e2591416af78eab88/element/46A3C85E298E3E1D02138C5A35D75BAD_element_11/value'
12:43:00.544 [Forwarding sendKeysToElement on session a4c453463781551e2591416af78eab88 to remote] DEBUG org.asynchttpclient.netty.request.NettyRequestSender - Using open Channel [id: 0x87cc6d8b, L:/127.0.0.1:59277 - R:localhost/127.0.0.1:7057] for POST '/session/a4c453463781551e2591416af78eab88/element/46A3C85E298E3E1D02138C5A35D75BAD_element_11/value'
12:43:00.549 [AsyncHttpClient-1-1] DEBUG org.asynchttpclient.netty.channel.DefaultChannelPool - Entry count for : http://localhost:59278 : 1
12:43:00.598 [AsyncHttpClient-1-14] DEBUG org.asynchttpclient.netty.handler.HttpHandler - 

Request DefaultHttpRequest(decodeResult: success, version: HTTP/1.1)
POST /session/a4c453463781551e2591416af78eab88/element/46A3C85E298E3E1D02138C5A35D75BAD_element_11/value HTTP/1.1
User-Agent: selenium/4.8.1 (java windows)
Content-Length: 89
Content-Type: application/json; charset=utf-8
host: localhost:7057
accept: */*

Response DefaultHttpResponse(decodeResult: success, version: HTTP/1.1)
HTTP/1.1 200 OK
Content-Length: 14
Content-Type: application/json; charset=utf-8
cache-control: no-cache

12:43:00.598 [AsyncHttpClient-1-14] DEBUG org.asynchttpclient.netty.channel.ChannelManager - Adding key: http://localhost:7057 for channel [id: 0x87cc6d8b, L:/127.0.0.1:59277 - R:localhost/127.0.0.1:7057]
12:43:00.602 [Forwarding getAlertText on session a4c453463781551e2591416af78eab88 to remote] DEBUG org.asynchttpclient.netty.request.NettyRequestSender - Using pooled Channel '[id: 0x87cc6d8b, L:/127.0.0.1:59277 - R:localhost/127.0.0.1:7057]' for 'GET' to 'http://localhost:7057/session/a4c453463781551e2591416af78eab88/alert/text'
12:43:00.602 [Forwarding getAlertText on session a4c453463781551e2591416af78eab88 to remote] DEBUG org.asynchttpclient.netty.request.NettyRequestSender - Using open Channel [id: 0x87cc6d8b, L:/127.0.0.1:59277 - R:localhost/127.0.0.1:7057] for GET '/session/a4c453463781551e2591416af78eab88/alert/text'
12:43:00.604 [AsyncHttpClient-1-14] DEBUG org.asynchttpclient.netty.handler.HttpHandler - 

Request DefaultFullHttpRequest(decodeResult: success, version: HTTP/1.1, content: EmptyByteBufBE)
GET /session/a4c453463781551e2591416af78eab88/alert/text HTTP/1.1
User-Agent: selenium/4.8.1 (java windows)
Cache-Control: no-cache
Content-Type: application/json; charset=utf-8
host: localhost:7057
accept: */*

Response DefaultHttpResponse(decodeResult: success, version: HTTP/1.1)
HTTP/1.1 404 Not Found
Content-Length: 821
Content-Type: application/json; charset=utf-8
cache-control: no-cache

12:43:00.604 [AsyncHttpClient-1-14] DEBUG org.asynchttpclient.netty.channel.ChannelManager - Adding key: http://localhost:7057 for channel [id: 0x87cc6d8b, L:/127.0.0.1:59277 - R:localhost/127.0.0.1:7057]
12:43:00.605 [Forwarding getCurrentUrl on session a4c453463781551e2591416af78eab88 to remote] DEBUG org.asynchttpclient.netty.request.NettyRequestSender - Using pooled Channel '[id: 0x87cc6d8b, L:/127.0.0.1:59277 - R:localhost/127.0.0.1:7057]' for 'GET' to 'http://localhost:7057/session/a4c453463781551e2591416af78eab88/url'
12:43:00.605 [Forwarding getCurrentUrl on session a4c453463781551e2591416af78eab88 to remote] DEBUG org.asynchttpclient.netty.request.NettyRequestSender - Using open Channel [id: 0x87cc6d8b, L:/127.0.0.1:59277 - R:localhost/127.0.0.1:7057] for GET '/session/a4c453463781551e2591416af78eab88/url'
12:43:00.614 [AsyncHttpClient-1-14] DEBUG org.asynchttpclient.netty.handler.HttpHandler - 

Request DefaultFullHttpRequest(decodeResult: success, version: HTTP/1.1, content: EmptyByteBufBE)
GET /session/a4c453463781551e2591416af78eab88/url HTTP/1.1
User-Agent: selenium/4.8.1 (java windows)
Cache-Control: no-cache
Content-Type: application/json; charset=utf-8
host: localhost:7057
accept: */*

Response DefaultHttpResponse(decodeResult: success, version: HTTP/1.1)
HTTP/1.1 200 OK
Content-Length: 47
Content-Type: application/json; charset=utf-8
cache-control: no-cache

12:43:00.614 [AsyncHttpClient-1-14] DEBUG org.asynchttpclient.netty.channel.ChannelManager - Adding key: http://localhost:7057 for channel [id: 0x87cc6d8b, L:/127.0.0.1:59277 - R:localhost/127.0.0.1:7057]
12:43:00.615 [Forwarding screenshot on session a4c453463781551e2591416af78eab88 to remote] DEBUG org.asynchttpclient.netty.request.NettyRequestSender - Using pooled Channel '[id: 0x87cc6d8b, L:/127.0.0.1:59277 - R:localhost/127.0.0.1:7057]' for 'GET' to 'http://localhost:7057/session/a4c453463781551e2591416af78eab88/screenshot'
12:43:00.615 [Forwarding screenshot on session a4c453463781551e2591416af78eab88 to remote] DEBUG org.asynchttpclient.netty.request.NettyRequestSender - Using open Channel [id: 0x87cc6d8b, L:/127.0.0.1:59277 - R:localhost/127.0.0.1:7057] for GET '/session/a4c453463781551e2591416af78eab88/screenshot'
12:43:00.735 [AsyncHttpClient-1-14] DEBUG org.asynchttpclient.netty.handler.HttpHandler - 

Request DefaultFullHttpRequest(decodeResult: success, version: HTTP/1.1, content: EmptyByteBufBE)
GET /session/a4c453463781551e2591416af78eab88/screenshot HTTP/1.1
User-Agent: selenium/4.8.1 (java windows)
Cache-Control: no-cache
Content-Type: application/json; charset=utf-8
host: localhost:7057
accept: */*

Response DefaultHttpResponse(decodeResult: success, version: HTTP/1.1)
HTTP/1.1 200 OK
Content-Length: 104892
Content-Type: application/json; charset=utf-8
cache-control: no-cache

12:43:00.736 [AsyncHttpClient-1-14] DEBUG org.asynchttpclient.netty.channel.ChannelManager - Adding key: http://localhost:7057 for channel [id: 0x87cc6d8b, L:/127.0.0.1:59277 - R:localhost/127.0.0.1:7057]
12:43:00.739 [main] DEBUG net.serenitybdd.core.photography.Darkroom - Send negative for processing for target\site\serenity\eb09e58d0aaf7c4b63b16d9b951af5f3ac61abb486cc123eb270f27362a1023b.png
12:43:00.740 [main] DEBUG net.thucydides.core.steps.StepInterceptor - STEP DONE: inputUsername
  &amp#27;[32mWhen &amp#27;[0m&amp#27;[32mI enter Username &amp#27;[0m&amp#27;[32m&amp#27;[1m""&amp#27;[0m                                          &amp#27;[90m# starter.stepdefinitions.LoginSteps.enterUsernamelOnSigIn(java.lang.String)&amp#27;[0m
12:43:00.740 [Darkroom Processing Line] DEBUG net.serenitybdd.core.photography.DarkroomProcessingLine - Processing screenshot image in /var/screenshots/screenshot-1556682083331378787
12:43:00.740 [Darkroom Processing Line] DEBUG net.serenitybdd.core.photography.DarkroomProcessingLine - Saving screenshot to target\site\serenity\eb09e58d0aaf7c4b63b16d9b951af5f3ac61abb486cc123eb270f27362a1023b.png
12:43:00.749 [Forwarding getPageSource on session a4c453463781551e2591416af78eab88 to remote] DEBUG org.asynchttpclient.netty.request.NettyRequestSender - Using pooled Channel '[id: 0x87cc6d8b, L:/127.0.0.1:59277 - R:localhost/127.0.0.1:7057]' for 'POST' to 'http://localhost:7057/session/a4c453463781551e2591416af78eab88/execute/sync'
12:43:00.749 [Forwarding getPageSource on session a4c453463781551e2591416af78eab88 to remote] DEBUG org.asynchttpclient.netty.request.NettyRequestSender - Using open Channel [id: 0x87cc6d8b, L:/127.0.0.1:59277 - R:localhost/127.0.0.1:7057] for POST '/session/a4c453463781551e2591416af78eab88/execute/sync'
12:43:00.773 [AsyncHttpClient-1-14] DEBUG org.asynchttpclient.netty.handler.HttpHandler - 

Request DefaultHttpRequest(decodeResult: success, version: HTTP/1.1)
POST /session/a4c453463781551e2591416af78eab88/execute/sync HTTP/1.1
User-Agent: selenium/4.8.1 (java windows)
Content-Length: 176
Content-Type: application/json; charset=utf-8
host: localhost:7057
accept: */*

Response DefaultHttpResponse(decodeResult: success, version: HTTP/1.1)
HTTP/1.1 200 OK
Content-Length: 159234
Content-Type: application/json; charset=utf-8
cache-control: no-cache

12:43:00.774 [AsyncHttpClient-1-14] DEBUG org.asynchttpclient.netty.channel.ChannelManager - Adding key: http://localhost:7057 for channel [id: 0x87cc6d8b, L:/127.0.0.1:59277 - R:localhost/127.0.0.1:7057]
12:43:00.783 [Forwarding getCurrentUrl on session a4c453463781551e2591416af78eab88 to remote] DEBUG org.asynchttpclient.netty.request.NettyRequestSender - Using pooled Channel '[id: 0x87cc6d8b, L:/127.0.0.1:59277 - R:localhost/127.0.0.1:7057]' for 'GET' to 'http://localhost:7057/session/a4c453463781551e2591416af78eab88/url'
12:43:00.783 [Forwarding getCurrentUrl on session a4c453463781551e2591416af78eab88 to remote] DEBUG org.asynchttpclient.netty.request.NettyRequestSender - Using open Channel [id: 0x87cc6d8b, L:/127.0.0.1:59277 - R:localhost/127.0.0.1:7057] for GET '/session/a4c453463781551e2591416af78eab88/url'
12:43:00.793 [AsyncHttpClient-1-14] DEBUG org.asynchttpclient.netty.handler.HttpHandler - 

Request DefaultFullHttpRequest(decodeResult: success, version: HTTP/1.1, content: EmptyByteBufBE)
GET /session/a4c453463781551e2591416af78eab88/url HTTP/1.1
User-Agent: selenium/4.8.1 (java windows)
Cache-Control: no-cache
Content-Type: application/json; charset=utf-8
host: localhost:7057
accept: */*

Response DefaultHttpResponse(decodeResult: success, version: HTTP/1.1)
HTTP/1.1 200 OK
Content-Length: 47
Content-Type: application/json; charset=utf-8
cache-control: no-cache

12:43:00.793 [AsyncHttpClient-1-14] DEBUG org.asynchttpclient.netty.channel.ChannelManager - Adding key: http://localhost:7057 for channel [id: 0x87cc6d8b, L:/127.0.0.1:59277 - R:localhost/127.0.0.1:7057]
12:43:00.803 [Forwarding getAlertText on session a4c453463781551e2591416af78eab88 to remote] DEBUG org.asynchttpclient.netty.request.NettyRequestSender - Using pooled Channel '[id: 0x87cc6d8b, L:/127.0.0.1:59277 - R:localhost/127.0.0.1:7057]' for 'GET' to 'http://localhost:7057/session/a4c453463781551e2591416af78eab88/alert/text'
12:43:00.803 [Forwarding getAlertText on session a4c453463781551e2591416af78eab88 to remote] DEBUG org.asynchttpclient.netty.request.NettyRequestSender - Using open Channel [id: 0x87cc6d8b, L:/127.0.0.1:59277 - R:localhost/127.0.0.1:7057] for GET '/session/a4c453463781551e2591416af78eab88/alert/text'
12:43:00.806 [AsyncHttpClient-1-14] DEBUG org.asynchttpclient.netty.handler.HttpHandler - 

Request DefaultFullHttpRequest(decodeResult: success, version: HTTP/1.1, content: EmptyByteBufBE)
GET /session/a4c453463781551e2591416af78eab88/alert/text HTTP/1.1
User-Agent: selenium/4.8.1 (java windows)
Cache-Control: no-cache
Content-Type: application/json; charset=utf-8
host: localhost:7057
accept: */*

Response DefaultHttpResponse(decodeResult: success, version: HTTP/1.1)
HTTP/1.1 404 Not Found
Content-Length: 821
Content-Type: application/json; charset=utf-8
cache-control: no-cache

12:43:00.806 [AsyncHttpClient-1-14] DEBUG org.asynchttpclient.netty.channel.ChannelManager - Adding key: http://localhost:7057 for channel [id: 0x87cc6d8b, L:/127.0.0.1:59277 - R:localhost/127.0.0.1:7057]
12:43:00.807 [Forwarding getCurrentUrl on session a4c453463781551e2591416af78eab88 to remote] DEBUG org.asynchttpclient.netty.request.NettyRequestSender - Using pooled Channel '[id: 0x87cc6d8b, L:/127.0.0.1:59277 - R:localhost/127.0.0.1:7057]' for 'GET' to 'http://localhost:7057/session/a4c453463781551e2591416af78eab88/url'
12:43:00.807 [Forwarding getCurrentUrl on session a4c453463781551e2591416af78eab88 to remote] DEBUG org.asynchttpclient.netty.request.NettyRequestSender - Using open Channel [id: 0x87cc6d8b, L:/127.0.0.1:59277 - R:localhost/127.0.0.1:7057] for GET '/session/a4c453463781551e2591416af78eab88/url'
12:43:00.818 [AsyncHttpClient-1-14] DEBUG org.asynchttpclient.netty.handler.HttpHandler - 

Request DefaultFullHttpRequest(decodeResult: success, version: HTTP/1.1, content: EmptyByteBufBE)
GET /session/a4c453463781551e2591416af78eab88/url HTTP/1.1
User-Agent: selenium/4.8.1 (java windows)
Cache-Control: no-cache
Content-Type: application/json; charset=utf-8
host: localhost:7057
accept: */*

Response DefaultHttpResponse(decodeResult: success, version: HTTP/1.1)
HTTP/1.1 200 OK
Content-Length: 47
Content-Type: application/json; charset=utf-8
cache-control: no-cache

12:43:00.818 [AsyncHttpClient-1-14] DEBUG org.asynchttpclient.netty.channel.ChannelManager - Adding key: http://localhost:7057 for channel [id: 0x87cc6d8b, L:/127.0.0.1:59277 - R:localhost/127.0.0.1:7057]
12:43:00.819 [Forwarding screenshot on session a4c453463781551e2591416af78eab88 to remote] DEBUG org.asynchttpclient.netty.request.NettyRequestSender - Using pooled Channel '[id: 0x87cc6d8b, L:/127.0.0.1:59277 - R:localhost/127.0.0.1:7057]' for 'GET' to 'http://localhost:7057/session/a4c453463781551e2591416af78eab88/screenshot'
12:43:00.819 [Forwarding screenshot on session a4c453463781551e2591416af78eab88 to remote] DEBUG org.asynchttpclient.netty.request.NettyRequestSender - Using open Channel [id: 0x87cc6d8b, L:/127.0.0.1:59277 - R:localhost/127.0.0.1:7057] for GET '/session/a4c453463781551e2591416af78eab88/screenshot'
12:43:00.924 [AsyncHttpClient-1-14] DEBUG org.asynchttpclient.netty.handler.HttpHandler - 

Request DefaultFullHttpRequest(decodeResult: success, version: HTTP/1.1, content: EmptyByteBufBE)
GET /session/a4c453463781551e2591416af78eab88/screenshot HTTP/1.1
User-Agent: selenium/4.8.1 (java windows)
Cache-Control: no-cache
Content-Type: application/json; charset=utf-8
host: localhost:7057
accept: */*

Response DefaultHttpResponse(decodeResult: success, version: HTTP/1.1)
HTTP/1.1 200 OK
Content-Length: 104912
Content-Type: application/json; charset=utf-8
cache-control: no-cache

12:43:00.924 [AsyncHttpClient-1-14] DEBUG org.asynchttpclient.netty.channel.ChannelManager - Adding key: http://localhost:7057 for channel [id: 0x87cc6d8b, L:/127.0.0.1:59277 - R:localhost/127.0.0.1:7057]
12:43:00.927 [main] DEBUG net.serenitybdd.core.photography.Darkroom - Send negative for processing for target\site\serenity\ef2483b77f6965b08eb0f7d8ec4e164491ef0acb63a40a5381511d2c91e76b99.png
12:43:00.927 [Darkroom Processing Line] DEBUG net.serenitybdd.core.photography.DarkroomProcessingLine - Processing screenshot image in /var/screenshots/screenshot-13707333285972667169
12:43:00.927 [Darkroom Processing Line] DEBUG net.serenitybdd.core.photography.DarkroomProcessingLine - Saving screenshot to target\site\serenity\ef2483b77f6965b08eb0f7d8ec4e164491ef0acb63a40a5381511d2c91e76b99.png
12:43:00.928 [Forwarding getPageSource on session a4c453463781551e2591416af78eab88 to remote] DEBUG org.asynchttpclient.netty.request.NettyRequestSender - Using pooled Channel '[id: 0x87cc6d8b, L:/127.0.0.1:59277 - R:localhost/127.0.0.1:7057]' for 'POST' to 'http://localhost:7057/session/a4c453463781551e2591416af78eab88/execute/sync'
12:43:00.928 [Forwarding getPageSource on session a4c453463781551e2591416af78eab88 to remote] DEBUG org.asynchttpclient.netty.request.NettyRequestSender - Using open Channel [id: 0x87cc6d8b, L:/127.0.0.1:59277 - R:localhost/127.0.0.1:7057] for POST '/session/a4c453463781551e2591416af78eab88/execute/sync'
12:43:00.950 [AsyncHttpClient-1-14] DEBUG org.asynchttpclient.netty.handler.HttpHandler - 

Request DefaultHttpRequest(decodeResult: success, version: HTTP/1.1)
POST /session/a4c453463781551e2591416af78eab88/execute/sync HTTP/1.1
User-Agent: selenium/4.8.1 (java windows)
Content-Length: 176
Content-Type: application/json; charset=utf-8
host: localhost:7057
accept: */*

Response DefaultHttpResponse(decodeResult: success, version: HTTP/1.1)
HTTP/1.1 200 OK
Content-Length: 159234
Content-Type: application/json; charset=utf-8
cache-control: no-cache

12:43:00.950 [AsyncHttpClient-1-14] DEBUG org.asynchttpclient.netty.channel.ChannelManager - Adding key: http://localhost:7057 for channel [id: 0x87cc6d8b, L:/127.0.0.1:59277 - R:localhost/127.0.0.1:7057]
12:43:00.956 [Forwarding getCurrentUrl on session a4c453463781551e2591416af78eab88 to remote] DEBUG org.asynchttpclient.netty.request.NettyRequestSender - Using pooled Channel '[id: 0x87cc6d8b, L:/127.0.0.1:59277 - R:localhost/127.0.0.1:7057]' for 'GET' to 'http://localhost:7057/session/a4c453463781551e2591416af78eab88/url'
12:43:00.956 [Forwarding getCurrentUrl on session a4c453463781551e2591416af78eab88 to remote] DEBUG org.asynchttpclient.netty.request.NettyRequestSender - Using open Channel [id: 0x87cc6d8b, L:/127.0.0.1:59277 - R:localhost/127.0.0.1:7057] for GET '/session/a4c453463781551e2591416af78eab88/url'
12:43:00.967 [AsyncHttpClient-1-14] DEBUG org.asynchttpclient.netty.handler.HttpHandler - 

Request DefaultFullHttpRequest(decodeResult: success, version: HTTP/1.1, content: EmptyByteBufBE)
GET /session/a4c453463781551e2591416af78eab88/url HTTP/1.1
User-Agent: selenium/4.8.1 (java windows)
Cache-Control: no-cache
Content-Type: application/json; charset=utf-8
host: localhost:7057
accept: */*

Response DefaultHttpResponse(decodeResult: success, version: HTTP/1.1)
HTTP/1.1 200 OK
Content-Length: 47
Content-Type: application/json; charset=utf-8
cache-control: no-cache

12:43:00.967 [AsyncHttpClient-1-14] DEBUG org.asynchttpclient.netty.channel.ChannelManager - Adding key: http://localhost:7057 for channel [id: 0x87cc6d8b, L:/127.0.0.1:59277 - R:localhost/127.0.0.1:7057]
12:43:00.969 [main] DEBUG net.thucydides.core.steps.StepInterceptor - STARTING STEP: LoginSteps.enterPasswordOnLogin - inputPassword
12:43:00.971 [Forwarding findElement on session a4c453463781551e2591416af78eab88 to remote] DEBUG org.asynchttpclient.netty.request.NettyRequestSender - Using pooled Channel '[id: 0x87cc6d8b, L:/127.0.0.1:59277 - R:localhost/127.0.0.1:7057]' for 'POST' to 'http://localhost:7057/session/a4c453463781551e2591416af78eab88/element'
12:43:00.971 [Forwarding findElement on session a4c453463781551e2591416af78eab88 to remote] DEBUG org.asynchttpclient.netty.request.NettyRequestSender - Using open Channel [id: 0x87cc6d8b, L:/127.0.0.1:59277 - R:localhost/127.0.0.1:7057] for POST '/session/a4c453463781551e2591416af78eab88/element'
12:43:00.988 [AsyncHttpClient-1-14] DEBUG org.asynchttpclient.netty.handler.HttpHandler - 

Request DefaultHttpRequest(decodeResult: success, version: HTTP/1.1)
POST /session/a4c453463781551e2591416af78eab88/element HTTP/1.1
User-Agent: selenium/4.8.1 (java windows)
Content-Length: 79
Content-Type: application/json; charset=utf-8
host: localhost:7057
accept: */*

Response DefaultHttpResponse(decodeResult: success, version: HTTP/1.1)
HTTP/1.1 200 OK
Content-Length: 94
Content-Type: application/json; charset=utf-8
cache-control: no-cache

12:43:00.988 [AsyncHttpClient-1-14] DEBUG org.asynchttpclient.netty.channel.ChannelManager - Adding key: http://localhost:7057 for channel [id: 0x87cc6d8b, L:/127.0.0.1:59277 - R:localhost/127.0.0.1:7057]
12:43:00.989 [Forwarding clearElement on session a4c453463781551e2591416af78eab88 to remote] DEBUG org.asynchttpclient.netty.request.NettyRequestSender - Using pooled Channel '[id: 0x87cc6d8b, L:/127.0.0.1:59277 - R:localhost/127.0.0.1:7057]' for 'POST' to 'http://localhost:7057/session/a4c453463781551e2591416af78eab88/element/46A3C85E298E3E1D02138C5A35D75BAD_element_9/clear'
12:43:00.989 [Forwarding clearElement on session a4c453463781551e2591416af78eab88 to remote] DEBUG org.asynchttpclient.netty.request.NettyRequestSender - Using open Channel [id: 0x87cc6d8b, L:/127.0.0.1:59277 - R:localhost/127.0.0.1:7057] for POST '/session/a4c453463781551e2591416af78eab88/element/46A3C85E298E3E1D02138C5A35D75BAD_element_9/clear'
12:43:01.021 [AsyncHttpClient-1-14] DEBUG org.asynchttpclient.netty.handler.HttpHandler - 

Request DefaultHttpRequest(decodeResult: success, version: HTTP/1.1)
POST /session/a4c453463781551e2591416af78eab88/element/46A3C85E298E3E1D02138C5A35D75BAD_element_9/clear HTTP/1.1
User-Agent: selenium/4.8.1 (java windows)
Content-Length: 56
Content-Type: application/json; charset=utf-8
host: localhost:7057
accept: */*

Response DefaultHttpResponse(decodeResult: success, version: HTTP/1.1)
HTTP/1.1 200 OK
Content-Length: 14
Content-Type: application/json; charset=utf-8
cache-control: no-cache

12:43:01.021 [AsyncHttpClient-1-14] DEBUG org.asynchttpclient.netty.channel.ChannelManager - Adding key: http://localhost:7057 for channel [id: 0x87cc6d8b, L:/127.0.0.1:59277 - R:localhost/127.0.0.1:7057]
12:43:01.022 [Forwarding sendKeysToElement on session a4c453463781551e2591416af78eab88 to remote] DEBUG org.asynchttpclient.netty.request.NettyRequestSender - Using pooled Channel '[id: 0x87cc6d8b, L:/127.0.0.1:59277 - R:localhost/127.0.0.1:7057]' for 'POST' to 'http://localhost:7057/session/a4c453463781551e2591416af78eab88/element/46A3C85E298E3E1D02138C5A35D75BAD_element_9/value'
12:43:01.022 [Forwarding sendKeysToElement on session a4c453463781551e2591416af78eab88 to remote] DEBUG org.asynchttpclient.netty.request.NettyRequestSender - Using open Channel [id: 0x87cc6d8b, L:/127.0.0.1:59277 - R:localhost/127.0.0.1:7057] for POST '/session/a4c453463781551e2591416af78eab88/element/46A3C85E298E3E1D02138C5A35D75BAD_element_9/value'
12:43:01.112 [AsyncHttpClient-1-14] DEBUG org.asynchttpclient.netty.handler.HttpHandler - 

Request DefaultHttpRequest(decodeResult: success, version: HTTP/1.1)
POST /session/a4c453463781551e2591416af78eab88/element/46A3C85E298E3E1D02138C5A35D75BAD_element_9/value HTTP/1.1
User-Agent: selenium/4.8.1 (java windows)
Content-Length: 157
Content-Type: application/json; charset=utf-8
host: localhost:7057
accept: */*

Response DefaultHttpResponse(decodeResult: success, version: HTTP/1.1)
HTTP/1.1 200 OK
Content-Length: 14
Content-Type: application/json; charset=utf-8
cache-control: no-cache

12:43:01.113 [AsyncHttpClient-1-14] DEBUG org.asynchttpclient.netty.channel.ChannelManager - Adding key: http://localhost:7057 for channel [id: 0x87cc6d8b, L:/127.0.0.1:59277 - R:localhost/127.0.0.1:7057]
12:43:01.118 [Forwarding getAlertText on session a4c453463781551e2591416af78eab88 to remote] DEBUG org.asynchttpclient.netty.request.NettyRequestSender - Using pooled Channel '[id: 0x87cc6d8b, L:/127.0.0.1:59277 - R:localhost/127.0.0.1:7057]' for 'GET' to 'http://localhost:7057/session/a4c453463781551e2591416af78eab88/alert/text'
12:43:01.118 [Forwarding getAlertText on session a4c453463781551e2591416af78eab88 to remote] DEBUG org.asynchttpclient.netty.request.NettyRequestSender - Using open Channel [id: 0x87cc6d8b, L:/127.0.0.1:59277 - R:localhost/127.0.0.1:7057] for GET '/session/a4c453463781551e2591416af78eab88/alert/text'
12:43:01.122 [AsyncHttpClient-1-14] DEBUG org.asynchttpclient.netty.handler.HttpHandler - 

Request DefaultFullHttpRequest(decodeResult: success, version: HTTP/1.1, content: EmptyByteBufBE)
GET /session/a4c453463781551e2591416af78eab88/alert/text HTTP/1.1
User-Agent: selenium/4.8.1 (java windows)
Cache-Control: no-cache
Content-Type: application/json; charset=utf-8
host: localhost:7057
accept: */*

Response DefaultHttpResponse(decodeResult: success, version: HTTP/1.1)
HTTP/1.1 404 Not Found
Content-Length: 821
Content-Type: application/json; charset=utf-8
cache-control: no-cache

12:43:01.122 [AsyncHttpClient-1-14] DEBUG org.asynchttpclient.netty.channel.ChannelManager - Adding key: http://localhost:7057 for channel [id: 0x87cc6d8b, L:/127.0.0.1:59277 - R:localhost/127.0.0.1:7057]
12:43:01.124 [Forwarding getCurrentUrl on session a4c453463781551e2591416af78eab88 to remote] DEBUG org.asynchttpclient.netty.request.NettyRequestSender - Using pooled Channel '[id: 0x87cc6d8b, L:/127.0.0.1:59277 - R:localhost/127.0.0.1:7057]' for 'GET' to 'http://localhost:7057/session/a4c453463781551e2591416af78eab88/url'
12:43:01.124 [Forwarding getCurrentUrl on session a4c453463781551e2591416af78eab88 to remote] DEBUG org.asynchttpclient.netty.request.NettyRequestSender - Using open Channel [id: 0x87cc6d8b, L:/127.0.0.1:59277 - R:localhost/127.0.0.1:7057] for GET '/session/a4c453463781551e2591416af78eab88/url'
12:43:01.134 [AsyncHttpClient-1-14] DEBUG org.asynchttpclient.netty.handler.HttpHandler - 

Request DefaultFullHttpRequest(decodeResult: success, version: HTTP/1.1, content: EmptyByteBufBE)
GET /session/a4c453463781551e2591416af78eab88/url HTTP/1.1
User-Agent: selenium/4.8.1 (java windows)
Cache-Control: no-cache
Content-Type: application/json; charset=utf-8
host: localhost:7057
accept: */*

Response DefaultHttpResponse(decodeResult: success, version: HTTP/1.1)
HTTP/1.1 200 OK
Content-Length: 47
Content-Type: application/json; charset=utf-8
cache-control: no-cache

12:43:01.134 [AsyncHttpClient-1-14] DEBUG org.asynchttpclient.netty.channel.ChannelManager - Adding key: http://localhost:7057 for channel [id: 0x87cc6d8b, L:/127.0.0.1:59277 - R:localhost/127.0.0.1:7057]
12:43:01.135 [Forwarding screenshot on session a4c453463781551e2591416af78eab88 to remote] DEBUG org.asynchttpclient.netty.request.NettyRequestSender - Using pooled Channel '[id: 0x87cc6d8b, L:/127.0.0.1:59277 - R:localhost/127.0.0.1:7057]' for 'GET' to 'http://localhost:7057/session/a4c453463781551e2591416af78eab88/screenshot'
12:43:01.135 [Forwarding screenshot on session a4c453463781551e2591416af78eab88 to remote] DEBUG org.asynchttpclient.netty.request.NettyRequestSender - Using open Channel [id: 0x87cc6d8b, L:/127.0.0.1:59277 - R:localhost/127.0.0.1:7057] for GET '/session/a4c453463781551e2591416af78eab88/screenshot'
12:43:01.253 [AsyncHttpClient-1-14] DEBUG org.asynchttpclient.netty.handler.HttpHandler - 

Request DefaultFullHttpRequest(decodeResult: success, version: HTTP/1.1, content: EmptyByteBufBE)
GET /session/a4c453463781551e2591416af78eab88/screenshot HTTP/1.1
User-Agent: selenium/4.8.1 (java windows)
Cache-Control: no-cache
Content-Type: application/json; charset=utf-8
host: localhost:7057
accept: */*

Response DefaultHttpResponse(decodeResult: success, version: HTTP/1.1)
HTTP/1.1 200 OK
Content-Length: 103104
Content-Type: application/json; charset=utf-8
cache-control: no-cache

12:43:01.253 [AsyncHttpClient-1-14] DEBUG org.asynchttpclient.netty.channel.ChannelManager - Adding key: http://localhost:7057 for channel [id: 0x87cc6d8b, L:/127.0.0.1:59277 - R:localhost/127.0.0.1:7057]
12:43:01.256 [main] DEBUG net.serenitybdd.core.photography.Darkroom - Send negative for processing for target\site\serenity\69f1987664a1b94220116b20f1a47fb2b0759e3fada1f1cb4ab03cb52a63009c.png
12:43:01.256 [main] DEBUG net.thucydides.core.steps.StepInterceptor - STEP DONE: inputPassword
  &amp#27;[32mAnd &amp#27;[0m&amp#27;[32mI enter Password &amp#27;[0m&amp#27;[32m&amp#27;[1m"pass123"&amp#27;[0m                                    &amp#27;[90m# starter.stepdefinitions.LoginSteps.enterPasswordOnLogin(java.lang.String)&amp#27;[0m
12:43:01.256 [Darkroom Processing Line] DEBUG net.serenitybdd.core.photography.DarkroomProcessingLine - Processing screenshot image in /var/screenshots/screenshot-7949795214788919575
12:43:01.256 [Darkroom Processing Line] DEBUG net.serenitybdd.core.photography.DarkroomProcessingLine - Saving screenshot to target\site\serenity\69f1987664a1b94220116b20f1a47fb2b0759e3fada1f1cb4ab03cb52a63009c.png
12:43:01.266 [Forwarding getPageSource on session a4c453463781551e2591416af78eab88 to remote] DEBUG org.asynchttpclient.netty.request.NettyRequestSender - Using pooled Channel '[id: 0x87cc6d8b, L:/127.0.0.1:59277 - R:localhost/127.0.0.1:7057]' for 'POST' to 'http://localhost:7057/session/a4c453463781551e2591416af78eab88/execute/sync'
12:43:01.266 [Forwarding getPageSource on session a4c453463781551e2591416af78eab88 to remote] DEBUG org.asynchttpclient.netty.request.NettyRequestSender - Using open Channel [id: 0x87cc6d8b, L:/127.0.0.1:59277 - R:localhost/127.0.0.1:7057] for POST '/session/a4c453463781551e2591416af78eab88/execute/sync'
12:43:01.287 [AsyncHttpClient-1-14] DEBUG org.asynchttpclient.netty.handler.HttpHandler - 

Request DefaultHttpRequest(decodeResult: success, version: HTTP/1.1)
POST /session/a4c453463781551e2591416af78eab88/execute/sync HTTP/1.1
User-Agent: selenium/4.8.1 (java windows)
Content-Length: 176
Content-Type: application/json; charset=utf-8
host: localhost:7057
accept: */*

Response DefaultHttpResponse(decodeResult: success, version: HTTP/1.1)
HTTP/1.1 200 OK
Content-Length: 159299
Content-Type: application/json; charset=utf-8
cache-control: no-cache

12:43:01.288 [AsyncHttpClient-1-14] DEBUG org.asynchttpclient.netty.channel.ChannelManager - Adding key: http://localhost:7057 for channel [id: 0x87cc6d8b, L:/127.0.0.1:59277 - R:localhost/127.0.0.1:7057]
12:43:01.295 [Forwarding getCurrentUrl on session a4c453463781551e2591416af78eab88 to remote] DEBUG org.asynchttpclient.netty.request.NettyRequestSender - Using pooled Channel '[id: 0x87cc6d8b, L:/127.0.0.1:59277 - R:localhost/127.0.0.1:7057]' for 'GET' to 'http://localhost:7057/session/a4c453463781551e2591416af78eab88/url'
12:43:01.295 [Forwarding getCurrentUrl on session a4c453463781551e2591416af78eab88 to remote] DEBUG org.asynchttpclient.netty.request.NettyRequestSender - Using open Channel [id: 0x87cc6d8b, L:/127.0.0.1:59277 - R:localhost/127.0.0.1:7057] for GET '/session/a4c453463781551e2591416af78eab88/url'
12:43:01.305 [AsyncHttpClient-1-14] DEBUG org.asynchttpclient.netty.handler.HttpHandler - 

Request DefaultFullHttpRequest(decodeResult: success, version: HTTP/1.1, content: EmptyByteBufBE)
GET /session/a4c453463781551e2591416af78eab88/url HTTP/1.1
User-Agent: selenium/4.8.1 (java windows)
Cache-Control: no-cache
Content-Type: application/json; charset=utf-8
host: localhost:7057
accept: */*

Response DefaultHttpResponse(decodeResult: success, version: HTTP/1.1)
HTTP/1.1 200 OK
Content-Length: 47
Content-Type: application/json; charset=utf-8
cache-control: no-cache

12:43:01.305 [AsyncHttpClient-1-14] DEBUG org.asynchttpclient.netty.channel.ChannelManager - Adding key: http://localhost:7057 for channel [id: 0x87cc6d8b, L:/127.0.0.1:59277 - R:localhost/127.0.0.1:7057]
12:43:01.313 [Forwarding getAlertText on session a4c453463781551e2591416af78eab88 to remote] DEBUG org.asynchttpclient.netty.request.NettyRequestSender - Using pooled Channel '[id: 0x87cc6d8b, L:/127.0.0.1:59277 - R:localhost/127.0.0.1:7057]' for 'GET' to 'http://localhost:7057/session/a4c453463781551e2591416af78eab88/alert/text'
12:43:01.313 [Forwarding getAlertText on session a4c453463781551e2591416af78eab88 to remote] DEBUG org.asynchttpclient.netty.request.NettyRequestSender - Using open Channel [id: 0x87cc6d8b, L:/127.0.0.1:59277 - R:localhost/127.0.0.1:7057] for GET '/session/a4c453463781551e2591416af78eab88/alert/text'
12:43:01.317 [AsyncHttpClient-1-14] DEBUG org.asynchttpclient.netty.handler.HttpHandler - 

Request DefaultFullHttpRequest(decodeResult: success, version: HTTP/1.1, content: EmptyByteBufBE)
GET /session/a4c453463781551e2591416af78eab88/alert/text HTTP/1.1
User-Agent: selenium/4.8.1 (java windows)
Cache-Control: no-cache
Content-Type: application/json; charset=utf-8
host: localhost:7057
accept: */*

Response DefaultHttpResponse(decodeResult: success, version: HTTP/1.1)
HTTP/1.1 404 Not Found
Content-Length: 821
Content-Type: application/json; charset=utf-8
cache-control: no-cache

12:43:01.317 [AsyncHttpClient-1-14] DEBUG org.asynchttpclient.netty.channel.ChannelManager - Adding key: http://localhost:7057 for channel [id: 0x87cc6d8b, L:/127.0.0.1:59277 - R:localhost/127.0.0.1:7057]
12:43:01.318 [Forwarding getCurrentUrl on session a4c453463781551e2591416af78eab88 to remote] DEBUG org.asynchttpclient.netty.request.NettyRequestSender - Using pooled Channel '[id: 0x87cc6d8b, L:/127.0.0.1:59277 - R:localhost/127.0.0.1:7057]' for 'GET' to 'http://localhost:7057/session/a4c453463781551e2591416af78eab88/url'
12:43:01.318 [Forwarding getCurrentUrl on session a4c453463781551e2591416af78eab88 to remote] DEBUG org.asynchttpclient.netty.request.NettyRequestSender - Using open Channel [id: 0x87cc6d8b, L:/127.0.0.1:59277 - R:localhost/127.0.0.1:7057] for GET '/session/a4c453463781551e2591416af78eab88/url'
12:43:01.326 [AsyncHttpClient-1-14] DEBUG org.asynchttpclient.netty.handler.HttpHandler - 

Request DefaultFullHttpRequest(decodeResult: success, version: HTTP/1.1, content: EmptyByteBufBE)
GET /session/a4c453463781551e2591416af78eab88/url HTTP/1.1
User-Agent: selenium/4.8.1 (java windows)
Cache-Control: no-cache
Content-Type: application/json; charset=utf-8
host: localhost:7057
accept: */*

Response DefaultHttpResponse(decodeResult: success, version: HTTP/1.1)
HTTP/1.1 200 OK
Content-Length: 47
Content-Type: application/json; charset=utf-8
cache-control: no-cache

12:43:01.326 [AsyncHttpClient-1-14] DEBUG org.asynchttpclient.netty.channel.ChannelManager - Adding key: http://localhost:7057 for channel [id: 0x87cc6d8b, L:/127.0.0.1:59277 - R:localhost/127.0.0.1:7057]
12:43:01.327 [Forwarding screenshot on session a4c453463781551e2591416af78eab88 to remote] DEBUG org.asynchttpclient.netty.request.NettyRequestSender - Using pooled Channel '[id: 0x87cc6d8b, L:/127.0.0.1:59277 - R:localhost/127.0.0.1:7057]' for 'GET' to 'http://localhost:7057/session/a4c453463781551e2591416af78eab88/screenshot'
12:43:01.327 [Forwarding screenshot on session a4c453463781551e2591416af78eab88 to remote] DEBUG org.asynchttpclient.netty.request.NettyRequestSender - Using open Channel [id: 0x87cc6d8b, L:/127.0.0.1:59277 - R:localhost/127.0.0.1:7057] for GET '/session/a4c453463781551e2591416af78eab88/screenshot'
12:43:01.427 [AsyncHttpClient-1-14] DEBUG org.asynchttpclient.netty.handler.HttpHandler - 

Request DefaultFullHttpRequest(decodeResult: success, version: HTTP/1.1, content: EmptyByteBufBE)
GET /session/a4c453463781551e2591416af78eab88/screenshot HTTP/1.1
User-Agent: selenium/4.8.1 (java windows)
Cache-Control: no-cache
Content-Type: application/json; charset=utf-8
host: localhost:7057
accept: */*

Response DefaultHttpResponse(decodeResult: success, version: HTTP/1.1)
HTTP/1.1 200 OK
Content-Length: 102904
Content-Type: application/json; charset=utf-8
cache-control: no-cache

12:43:01.427 [AsyncHttpClient-1-14] DEBUG org.asynchttpclient.netty.channel.ChannelManager - Adding key: http://localhost:7057 for channel [id: 0x87cc6d8b, L:/127.0.0.1:59277 - R:localhost/127.0.0.1:7057]
12:43:01.430 [main] DEBUG net.serenitybdd.core.photography.Darkroom - Send negative for processing for target\site\serenity\532c44fa6f66543d6396ed2bd05fa2c2c6d0730a32e1dfd1842a830f19213bff.png
12:43:01.430 [Darkroom Processing Line] DEBUG net.serenitybdd.core.photography.DarkroomProcessingLine - Processing screenshot image in /var/screenshots/screenshot-2765140700956703102
12:43:01.430 [Darkroom Processing Line] DEBUG net.serenitybdd.core.photography.DarkroomProcessingLine - Saving screenshot to target\site\serenity\532c44fa6f66543d6396ed2bd05fa2c2c6d0730a32e1dfd1842a830f19213bff.png
12:43:01.431 [Forwarding getPageSource on session a4c453463781551e2591416af78eab88 to remote] DEBUG org.asynchttpclient.netty.request.NettyRequestSender - Using pooled Channel '[id: 0x87cc6d8b, L:/127.0.0.1:59277 - R:localhost/127.0.0.1:7057]' for 'POST' to 'http://localhost:7057/session/a4c453463781551e2591416af78eab88/execute/sync'
12:43:01.431 [Forwarding getPageSource on session a4c453463781551e2591416af78eab88 to remote] DEBUG org.asynchttpclient.netty.request.NettyRequestSender - Using open Channel [id: 0x87cc6d8b, L:/127.0.0.1:59277 - R:localhost/127.0.0.1:7057] for POST '/session/a4c453463781551e2591416af78eab88/execute/sync'
12:43:01.452 [AsyncHttpClient-1-14] DEBUG org.asynchttpclient.netty.handler.HttpHandler - 

Request DefaultHttpRequest(decodeResult: success, version: HTTP/1.1)
POST /session/a4c453463781551e2591416af78eab88/execute/sync HTTP/1.1
User-Agent: selenium/4.8.1 (java windows)
Content-Length: 176
Content-Type: application/json; charset=utf-8
host: localhost:7057
accept: */*

Response DefaultHttpResponse(decodeResult: success, version: HTTP/1.1)
HTTP/1.1 200 OK
Content-Length: 159299
Content-Type: application/json; charset=utf-8
cache-control: no-cache

12:43:01.452 [AsyncHttpClient-1-14] DEBUG org.asynchttpclient.netty.channel.ChannelManager - Adding key: http://localhost:7057 for channel [id: 0x87cc6d8b, L:/127.0.0.1:59277 - R:localhost/127.0.0.1:7057]
12:43:01.460 [Forwarding getCurrentUrl on session a4c453463781551e2591416af78eab88 to remote] DEBUG org.asynchttpclient.netty.request.NettyRequestSender - Using pooled Channel '[id: 0x87cc6d8b, L:/127.0.0.1:59277 - R:localhost/127.0.0.1:7057]' for 'GET' to 'http://localhost:7057/session/a4c453463781551e2591416af78eab88/url'
12:43:01.460 [Forwarding getCurrentUrl on session a4c453463781551e2591416af78eab88 to remote] DEBUG org.asynchttpclient.netty.request.NettyRequestSender - Using open Channel [id: 0x87cc6d8b, L:/127.0.0.1:59277 - R:localhost/127.0.0.1:7057] for GET '/session/a4c453463781551e2591416af78eab88/url'
12:43:01.467 [AsyncHttpClient-1-14] DEBUG org.asynchttpclient.netty.handler.HttpHandler - 

Request DefaultFullHttpRequest(decodeResult: success, version: HTTP/1.1, content: EmptyByteBufBE)
GET /session/a4c453463781551e2591416af78eab88/url HTTP/1.1
User-Agent: selenium/4.8.1 (java windows)
Cache-Control: no-cache
Content-Type: application/json; charset=utf-8
host: localhost:7057
accept: */*

Response DefaultHttpResponse(decodeResult: success, version: HTTP/1.1)
HTTP/1.1 200 OK
Content-Length: 47
Content-Type: application/json; charset=utf-8
cache-control: no-cache

12:43:01.467 [AsyncHttpClient-1-14] DEBUG org.asynchttpclient.netty.channel.ChannelManager - Adding key: http://localhost:7057 for channel [id: 0x87cc6d8b, L:/127.0.0.1:59277 - R:localhost/127.0.0.1:7057]
12:43:01.471 [main] DEBUG net.thucydides.core.steps.StepInterceptor - STARTING STEP: LoginSteps.clickSigInButton - ClickSigInButton
12:43:01.473 [Forwarding findElement on session a4c453463781551e2591416af78eab88 to remote] DEBUG org.asynchttpclient.netty.request.NettyRequestSender - Using pooled Channel '[id: 0x87cc6d8b, L:/127.0.0.1:59277 - R:localhost/127.0.0.1:7057]' for 'POST' to 'http://localhost:7057/session/a4c453463781551e2591416af78eab88/element'
12:43:01.473 [Forwarding findElement on session a4c453463781551e2591416af78eab88 to remote] DEBUG org.asynchttpclient.netty.request.NettyRequestSender - Using open Channel [id: 0x87cc6d8b, L:/127.0.0.1:59277 - R:localhost/127.0.0.1:7057] for POST '/session/a4c453463781551e2591416af78eab88/element'
12:43:01.489 [AsyncHttpClient-1-14] DEBUG org.asynchttpclient.netty.handler.HttpHandler - 

Request DefaultHttpRequest(decodeResult: success, version: HTTP/1.1)
POST /session/a4c453463781551e2591416af78eab88/element HTTP/1.1
User-Agent: selenium/4.8.1 (java windows)
Content-Length: 155
Content-Type: application/json; charset=utf-8
host: localhost:7057
accept: */*

Response DefaultHttpResponse(decodeResult: success, version: HTTP/1.1)
HTTP/1.1 200 OK
Content-Length: 94
Content-Type: application/json; charset=utf-8
cache-control: no-cache

12:43:01.489 [AsyncHttpClient-1-14] DEBUG org.asynchttpclient.netty.channel.ChannelManager - Adding key: http://localhost:7057 for channel [id: 0x87cc6d8b, L:/127.0.0.1:59277 - R:localhost/127.0.0.1:7057]
12:43:01.490 [Forwarding getElementTagName on session a4c453463781551e2591416af78eab88 to remote] DEBUG org.asynchttpclient.netty.request.NettyRequestSender - Using pooled Channel '[id: 0x87cc6d8b, L:/127.0.0.1:59277 - R:localhost/127.0.0.1:7057]' for 'GET' to 'http://localhost:7057/session/a4c453463781551e2591416af78eab88/element/46A3C85E298E3E1D02138C5A35D75BAD_element_3/name'
12:43:01.491 [Forwarding getElementTagName on session a4c453463781551e2591416af78eab88 to remote] DEBUG org.asynchttpclient.netty.request.NettyRequestSender - Using open Channel [id: 0x87cc6d8b, L:/127.0.0.1:59277 - R:localhost/127.0.0.1:7057] for GET '/session/a4c453463781551e2591416af78eab88/element/46A3C85E298E3E1D02138C5A35D75BAD_element_3/name'
12:43:01.502 [AsyncHttpClient-1-14] DEBUG org.asynchttpclient.netty.handler.HttpHandler - 

Request DefaultFullHttpRequest(decodeResult: success, version: HTTP/1.1, content: EmptyByteBufBE)
GET /session/a4c453463781551e2591416af78eab88/element/46A3C85E298E3E1D02138C5A35D75BAD_element_3/name HTTP/1.1
User-Agent: selenium/4.8.1 (java windows)
Cache-Control: no-cache
Content-Type: application/json; charset=utf-8
host: localhost:7057
accept: */*

Response DefaultHttpResponse(decodeResult: success, version: HTTP/1.1)
HTTP/1.1 200 OK
Content-Length: 16
Content-Type: application/json; charset=utf-8
cache-control: no-cache

12:43:01.502 [AsyncHttpClient-1-14] DEBUG org.asynchttpclient.netty.channel.ChannelManager - Adding key: http://localhost:7057 for channel [id: 0x87cc6d8b, L:/127.0.0.1:59277 - R:localhost/127.0.0.1:7057]
12:43:01.504 [Forwarding getElementTagName on session a4c453463781551e2591416af78eab88 to remote] DEBUG org.asynchttpclient.netty.request.NettyRequestSender - Using pooled Channel '[id: 0x87cc6d8b, L:/127.0.0.1:59277 - R:localhost/127.0.0.1:7057]' for 'GET' to 'http://localhost:7057/session/a4c453463781551e2591416af78eab88/element/46A3C85E298E3E1D02138C5A35D75BAD_element_3/name'
12:43:01.504 [Forwarding getElementTagName on session a4c453463781551e2591416af78eab88 to remote] DEBUG org.asynchttpclient.netty.request.NettyRequestSender - Using open Channel [id: 0x87cc6d8b, L:/127.0.0.1:59277 - R:localhost/127.0.0.1:7057] for GET '/session/a4c453463781551e2591416af78eab88/element/46A3C85E298E3E1D02138C5A35D75BAD_element_3/name'
12:43:01.511 [AsyncHttpClient-1-14] DEBUG org.asynchttpclient.netty.handler.HttpHandler - 

Request DefaultFullHttpRequest(decodeResult: success, version: HTTP/1.1, content: EmptyByteBufBE)
GET /session/a4c453463781551e2591416af78eab88/element/46A3C85E298E3E1D02138C5A35D75BAD_element_3/name HTTP/1.1
User-Agent: selenium/4.8.1 (java windows)
Cache-Control: no-cache
Content-Type: application/json; charset=utf-8
host: localhost:7057
accept: */*

Response DefaultHttpResponse(decodeResult: success, version: HTTP/1.1)
HTTP/1.1 200 OK
Content-Length: 16
Content-Type: application/json; charset=utf-8
cache-control: no-cache

12:43:01.512 [AsyncHttpClient-1-14] DEBUG org.asynchttpclient.netty.channel.ChannelManager - Adding key: http://localhost:7057 for channel [id: 0x87cc6d8b, L:/127.0.0.1:59277 - R:localhost/127.0.0.1:7057]
12:43:01.513 [Forwarding findElement on session a4c453463781551e2591416af78eab88 to remote] DEBUG org.asynchttpclient.netty.request.NettyRequestSender - Using pooled Channel '[id: 0x87cc6d8b, L:/127.0.0.1:59277 - R:localhost/127.0.0.1:7057]' for 'POST' to 'http://localhost:7057/session/a4c453463781551e2591416af78eab88/element'
12:43:01.513 [Forwarding findElement on session a4c453463781551e2591416af78eab88 to remote] DEBUG org.asynchttpclient.netty.request.NettyRequestSender - Using open Channel [id: 0x87cc6d8b, L:/127.0.0.1:59277 - R:localhost/127.0.0.1:7057] for POST '/session/a4c453463781551e2591416af78eab88/element'
12:43:01.547 [AsyncHttpClient-1-14] DEBUG org.asynchttpclient.netty.handler.HttpHandler - 

Request DefaultHttpRequest(decodeResult: success, version: HTTP/1.1)
POST /session/a4c453463781551e2591416af78eab88/element HTTP/1.1
User-Agent: selenium/4.8.1 (java windows)
Content-Length: 155
Content-Type: application/json; charset=utf-8
host: localhost:7057
accept: */*

Response DefaultHttpResponse(decodeResult: success, version: HTTP/1.1)
HTTP/1.1 200 OK
Content-Length: 94
Content-Type: application/json; charset=utf-8
cache-control: no-cache

12:43:01.547 [AsyncHttpClient-1-14] DEBUG org.asynchttpclient.netty.channel.ChannelManager - Adding key: http://localhost:7057 for channel [id: 0x87cc6d8b, L:/127.0.0.1:59277 - R:localhost/127.0.0.1:7057]
12:43:01.549 [Forwarding clickElement on session a4c453463781551e2591416af78eab88 to remote] DEBUG org.asynchttpclient.netty.request.NettyRequestSender - Using pooled Channel '[id: 0x87cc6d8b, L:/127.0.0.1:59277 - R:localhost/127.0.0.1:7057]' for 'POST' to 'http://localhost:7057/session/a4c453463781551e2591416af78eab88/element/46A3C85E298E3E1D02138C5A35D75BAD_element_3/click'
12:43:01.549 [Forwarding clickElement on session a4c453463781551e2591416af78eab88 to remote] DEBUG org.asynchttpclient.netty.request.NettyRequestSender - Using open Channel [id: 0x87cc6d8b, L:/127.0.0.1:59277 - R:localhost/127.0.0.1:7057] for POST '/session/a4c453463781551e2591416af78eab88/element/46A3C85E298E3E1D02138C5A35D75BAD_element_3/click'
12:43:01.629 [AsyncHttpClient-1-14] DEBUG org.asynchttpclient.netty.handler.HttpHandler - 

Request DefaultHttpRequest(decodeResult: success, version: HTTP/1.1)
POST /session/a4c453463781551e2591416af78eab88/element/46A3C85E298E3E1D02138C5A35D75BAD_element_3/click HTTP/1.1
User-Agent: selenium/4.8.1 (java windows)
Content-Length: 56
Content-Type: application/json; charset=utf-8
host: localhost:7057
accept: */*

Response DefaultHttpResponse(decodeResult: success, version: HTTP/1.1)
HTTP/1.1 200 OK
Content-Length: 14
Content-Type: application/json; charset=utf-8
cache-control: no-cache

12:43:01.629 [AsyncHttpClient-1-14] DEBUG org.asynchttpclient.netty.channel.ChannelManager - Adding key: http://localhost:7057 for channel [id: 0x87cc6d8b, L:/127.0.0.1:59277 - R:localhost/127.0.0.1:7057]
12:43:01.633 [Forwarding getAlertText on session a4c453463781551e2591416af78eab88 to remote] DEBUG org.asynchttpclient.netty.request.NettyRequestSender - Using pooled Channel '[id: 0x87cc6d8b, L:/127.0.0.1:59277 - R:localhost/127.0.0.1:7057]' for 'GET' to 'http://localhost:7057/session/a4c453463781551e2591416af78eab88/alert/text'
12:43:01.634 [Forwarding getAlertText on session a4c453463781551e2591416af78eab88 to remote] DEBUG org.asynchttpclient.netty.request.NettyRequestSender - Using open Channel [id: 0x87cc6d8b, L:/127.0.0.1:59277 - R:localhost/127.0.0.1:7057] for GET '/session/a4c453463781551e2591416af78eab88/alert/text'
12:43:01.636 [AsyncHttpClient-1-14] DEBUG org.asynchttpclient.netty.handler.HttpHandler - 

Request DefaultFullHttpRequest(decodeResult: success, version: HTTP/1.1, content: EmptyByteBufBE)
GET /session/a4c453463781551e2591416af78eab88/alert/text HTTP/1.1
User-Agent: selenium/4.8.1 (java windows)
Cache-Control: no-cache
Content-Type: application/json; charset=utf-8
host: localhost:7057
accept: */*

Response DefaultHttpResponse(decodeResult: success, version: HTTP/1.1)
HTTP/1.1 404 Not Found
Content-Length: 821
Content-Type: application/json; charset=utf-8
cache-control: no-cache

12:43:01.636 [AsyncHttpClient-1-14] DEBUG org.asynchttpclient.netty.channel.ChannelManager - Adding key: http://localhost:7057 for channel [id: 0x87cc6d8b, L:/127.0.0.1:59277 - R:localhost/127.0.0.1:7057]
12:43:01.637 [Forwarding getCurrentUrl on session a4c453463781551e2591416af78eab88 to remote] DEBUG org.asynchttpclient.netty.request.NettyRequestSender - Using pooled Channel '[id: 0x87cc6d8b, L:/127.0.0.1:59277 - R:localhost/127.0.0.1:7057]' for 'GET' to 'http://localhost:7057/session/a4c453463781551e2591416af78eab88/url'
12:43:01.638 [Forwarding getCurrentUrl on session a4c453463781551e2591416af78eab88 to remote] DEBUG org.asynchttpclient.netty.request.NettyRequestSender - Using open Channel [id: 0x87cc6d8b, L:/127.0.0.1:59277 - R:localhost/127.0.0.1:7057] for GET '/session/a4c453463781551e2591416af78eab88/url'
12:43:01.650 [AsyncHttpClient-1-14] DEBUG org.asynchttpclient.netty.handler.HttpHandler - 

Request DefaultFullHttpRequest(decodeResult: success, version: HTTP/1.1, content: EmptyByteBufBE)
GET /session/a4c453463781551e2591416af78eab88/url HTTP/1.1
User-Agent: selenium/4.8.1 (java windows)
Cache-Control: no-cache
Content-Type: application/json; charset=utf-8
host: localhost:7057
accept: */*

Response DefaultHttpResponse(decodeResult: success, version: HTTP/1.1)
HTTP/1.1 200 OK
Content-Length: 47
Content-Type: application/json; charset=utf-8
cache-control: no-cache

12:43:01.650 [AsyncHttpClient-1-1] DEBUG org.asynchttpclient.netty.channel.DefaultChannelPool - Entry count for : http://localhost:59278 : 1
12:43:01.650 [AsyncHttpClient-1-14] DEBUG org.asynchttpclient.netty.channel.ChannelManager - Adding key: http://localhost:7057 for channel [id: 0x87cc6d8b, L:/127.0.0.1:59277 - R:localhost/127.0.0.1:7057]
12:43:01.650 [Forwarding screenshot on session a4c453463781551e2591416af78eab88 to remote] DEBUG org.asynchttpclient.netty.request.NettyRequestSender - Using pooled Channel '[id: 0x87cc6d8b, L:/127.0.0.1:59277 - R:localhost/127.0.0.1:7057]' for 'GET' to 'http://localhost:7057/session/a4c453463781551e2591416af78eab88/screenshot'
12:43:01.650 [Forwarding screenshot on session a4c453463781551e2591416af78eab88 to remote] DEBUG org.asynchttpclient.netty.request.NettyRequestSender - Using open Channel [id: 0x87cc6d8b, L:/127.0.0.1:59277 - R:localhost/127.0.0.1:7057] for GET '/session/a4c453463781551e2591416af78eab88/screenshot'
12:43:01.857 [AsyncHttpClient-1-14] DEBUG org.asynchttpclient.netty.handler.HttpHandler - 

Request DefaultFullHttpRequest(decodeResult: success, version: HTTP/1.1, content: EmptyByteBufBE)
GET /session/a4c453463781551e2591416af78eab88/screenshot HTTP/1.1
User-Agent: selenium/4.8.1 (java windows)
Cache-Control: no-cache
Content-Type: application/json; charset=utf-8
host: localhost:7057
accept: */*

Response DefaultHttpResponse(decodeResult: success, version: HTTP/1.1)
HTTP/1.1 200 OK
Content-Length: 117708
Content-Type: application/json; charset=utf-8
cache-control: no-cache

12:43:01.858 [AsyncHttpClient-1-14] DEBUG org.asynchttpclient.netty.channel.ChannelManager - Adding key: http://localhost:7057 for channel [id: 0x87cc6d8b, L:/127.0.0.1:59277 - R:localhost/127.0.0.1:7057]
12:43:01.862 [main] DEBUG net.serenitybdd.core.photography.Darkroom - Send negative for processing for target\site\serenity\5a5e896d43edf805b6349eaec01b9ecfe07c653f08cc68f80f5eee5ac9c87b8b.png
12:43:01.862 [main] DEBUG net.thucydides.core.steps.StepInterceptor - STEP DONE: ClickSigInButton
  &amp#27;[32mAnd &amp#27;[0m&amp#27;[32mI click SigIn button&amp#27;[0m                                          &amp#27;[90m# starter.stepdefinitions.LoginSteps.clickSigInButton()&amp#27;[0m
12:43:01.862 [Darkroom Processing Line] DEBUG net.serenitybdd.core.photography.DarkroomProcessingLine - Processing screenshot image in /var/screenshots/screenshot-6352525628207013294
12:43:01.862 [Darkroom Processing Line] DEBUG net.serenitybdd.core.photography.DarkroomProcessingLine - Saving screenshot to target\site\serenity\5a5e896d43edf805b6349eaec01b9ecfe07c653f08cc68f80f5eee5ac9c87b8b.png
12:43:01.868 [Forwarding getPageSource on session a4c453463781551e2591416af78eab88 to remote] DEBUG org.asynchttpclient.netty.request.NettyRequestSender - Using pooled Channel '[id: 0x87cc6d8b, L:/127.0.0.1:59277 - R:localhost/127.0.0.1:7057]' for 'POST' to 'http://localhost:7057/session/a4c453463781551e2591416af78eab88/execute/sync'
12:43:01.868 [Forwarding getPageSource on session a4c453463781551e2591416af78eab88 to remote] DEBUG org.asynchttpclient.netty.request.NettyRequestSender - Using open Channel [id: 0x87cc6d8b, L:/127.0.0.1:59277 - R:localhost/127.0.0.1:7057] for POST '/session/a4c453463781551e2591416af78eab88/execute/sync'
12:43:01.896 [AsyncHttpClient-1-14] DEBUG org.asynchttpclient.netty.handler.HttpHandler - 

Request DefaultHttpRequest(decodeResult: success, version: HTTP/1.1)
POST /session/a4c453463781551e2591416af78eab88/execute/sync HTTP/1.1
User-Agent: selenium/4.8.1 (java windows)
Content-Length: 176
Content-Type: application/json; charset=utf-8
host: localhost:7057
accept: */*

Response DefaultHttpResponse(decodeResult: success, version: HTTP/1.1)
HTTP/1.1 200 OK
Content-Length: 160388
Content-Type: application/json; charset=utf-8
cache-control: no-cache

12:43:01.897 [AsyncHttpClient-1-14] DEBUG org.asynchttpclient.netty.channel.ChannelManager - Adding key: http://localhost:7057 for channel [id: 0x87cc6d8b, L:/127.0.0.1:59277 - R:localhost/127.0.0.1:7057]
12:43:01.908 [Forwarding getCurrentUrl on session a4c453463781551e2591416af78eab88 to remote] DEBUG org.asynchttpclient.netty.request.NettyRequestSender - Using pooled Channel '[id: 0x87cc6d8b, L:/127.0.0.1:59277 - R:localhost/127.0.0.1:7057]' for 'GET' to 'http://localhost:7057/session/a4c453463781551e2591416af78eab88/url'
12:43:01.909 [Forwarding getCurrentUrl on session a4c453463781551e2591416af78eab88 to remote] DEBUG org.asynchttpclient.netty.request.NettyRequestSender - Using open Channel [id: 0x87cc6d8b, L:/127.0.0.1:59277 - R:localhost/127.0.0.1:7057] for GET '/session/a4c453463781551e2591416af78eab88/url'
12:43:01.919 [AsyncHttpClient-1-14] DEBUG org.asynchttpclient.netty.handler.HttpHandler - 

Request DefaultFullHttpRequest(decodeResult: success, version: HTTP/1.1, content: EmptyByteBufBE)
GET /session/a4c453463781551e2591416af78eab88/url HTTP/1.1
User-Agent: selenium/4.8.1 (java windows)
Cache-Control: no-cache
Content-Type: application/json; charset=utf-8
host: localhost:7057
accept: */*

Response DefaultHttpResponse(decodeResult: success, version: HTTP/1.1)
HTTP/1.1 200 OK
Content-Length: 47
Content-Type: application/json; charset=utf-8
cache-control: no-cache

12:43:01.919 [AsyncHttpClient-1-14] DEBUG org.asynchttpclient.netty.channel.ChannelManager - Adding key: http://localhost:7057 for channel [id: 0x87cc6d8b, L:/127.0.0.1:59277 - R:localhost/127.0.0.1:7057]
12:43:01.930 [Forwarding getAlertText on session a4c453463781551e2591416af78eab88 to remote] DEBUG org.asynchttpclient.netty.request.NettyRequestSender - Using pooled Channel '[id: 0x87cc6d8b, L:/127.0.0.1:59277 - R:localhost/127.0.0.1:7057]' for 'GET' to 'http://localhost:7057/session/a4c453463781551e2591416af78eab88/alert/text'
12:43:01.930 [Forwarding getAlertText on session a4c453463781551e2591416af78eab88 to remote] DEBUG org.asynchttpclient.netty.request.NettyRequestSender - Using open Channel [id: 0x87cc6d8b, L:/127.0.0.1:59277 - R:localhost/127.0.0.1:7057] for GET '/session/a4c453463781551e2591416af78eab88/alert/text'
12:43:01.934 [AsyncHttpClient-1-14] DEBUG org.asynchttpclient.netty.handler.HttpHandler - 

Request DefaultFullHttpRequest(decodeResult: success, version: HTTP/1.1, content: EmptyByteBufBE)
GET /session/a4c453463781551e2591416af78eab88/alert/text HTTP/1.1
User-Agent: selenium/4.8.1 (java windows)
Cache-Control: no-cache
Content-Type: application/json; charset=utf-8
host: localhost:7057
accept: */*

Response DefaultHttpResponse(decodeResult: success, version: HTTP/1.1)
HTTP/1.1 404 Not Found
Content-Length: 821
Content-Type: application/json; charset=utf-8
cache-control: no-cache

12:43:01.934 [AsyncHttpClient-1-14] DEBUG org.asynchttpclient.netty.channel.ChannelManager - Adding key: http://localhost:7057 for channel [id: 0x87cc6d8b, L:/127.0.0.1:59277 - R:localhost/127.0.0.1:7057]
12:43:01.936 [Forwarding getCurrentUrl on session a4c453463781551e2591416af78eab88 to remote] DEBUG org.asynchttpclient.netty.request.NettyRequestSender - Using pooled Channel '[id: 0x87cc6d8b, L:/127.0.0.1:59277 - R:localhost/127.0.0.1:7057]' for 'GET' to 'http://localhost:7057/session/a4c453463781551e2591416af78eab88/url'
12:43:01.936 [Forwarding getCurrentUrl on session a4c453463781551e2591416af78eab88 to remote] DEBUG org.asynchttpclient.netty.request.NettyRequestSender - Using open Channel [id: 0x87cc6d8b, L:/127.0.0.1:59277 - R:localhost/127.0.0.1:7057] for GET '/session/a4c453463781551e2591416af78eab88/url'
12:43:01.947 [AsyncHttpClient-1-14] DEBUG org.asynchttpclient.netty.handler.HttpHandler - 

Request DefaultFullHttpRequest(decodeResult: success, version: HTTP/1.1, content: EmptyByteBufBE)
GET /session/a4c453463781551e2591416af78eab88/url HTTP/1.1
User-Agent: selenium/4.8.1 (java windows)
Cache-Control: no-cache
Content-Type: application/json; charset=utf-8
host: localhost:7057
accept: */*

Response DefaultHttpResponse(decodeResult: success, version: HTTP/1.1)
HTTP/1.1 200 OK
Content-Length: 47
Content-Type: application/json; charset=utf-8
cache-control: no-cache

12:43:01.947 [AsyncHttpClient-1-14] DEBUG org.asynchttpclient.netty.channel.ChannelManager - Adding key: http://localhost:7057 for channel [id: 0x87cc6d8b, L:/127.0.0.1:59277 - R:localhost/127.0.0.1:7057]
12:43:01.949 [Forwarding screenshot on session a4c453463781551e2591416af78eab88 to remote] DEBUG org.asynchttpclient.netty.request.NettyRequestSender - Using pooled Channel '[id: 0x87cc6d8b, L:/127.0.0.1:59277 - R:localhost/127.0.0.1:7057]' for 'GET' to 'http://localhost:7057/session/a4c453463781551e2591416af78eab88/screenshot'
12:43:01.949 [Forwarding screenshot on session a4c453463781551e2591416af78eab88 to remote] DEBUG org.asynchttpclient.netty.request.NettyRequestSender - Using open Channel [id: 0x87cc6d8b, L:/127.0.0.1:59277 - R:localhost/127.0.0.1:7057] for GET '/session/a4c453463781551e2591416af78eab88/screenshot'
12:43:02.125 [AsyncHttpClient-1-14] DEBUG org.asynchttpclient.netty.handler.HttpHandler - 

Request DefaultFullHttpRequest(decodeResult: success, version: HTTP/1.1, content: EmptyByteBufBE)
GET /session/a4c453463781551e2591416af78eab88/screenshot HTTP/1.1
User-Agent: selenium/4.8.1 (java windows)
Cache-Control: no-cache
Content-Type: application/json; charset=utf-8
host: localhost:7057
accept: */*

Response DefaultHttpResponse(decodeResult: success, version: HTTP/1.1)
HTTP/1.1 200 OK
Content-Length: 121992
Content-Type: application/json; charset=utf-8
cache-control: no-cache

12:43:02.125 [AsyncHttpClient-1-14] DEBUG org.asynchttpclient.netty.channel.ChannelManager - Adding key: http://localhost:7057 for channel [id: 0x87cc6d8b, L:/127.0.0.1:59277 - R:localhost/127.0.0.1:7057]
12:43:02.128 [main] DEBUG net.serenitybdd.core.photography.Darkroom - Send negative for processing for target\site\serenity\784f7d403a842d1b501b4ee2135c76601a2a5c7fd5fda20e160817488db63b1d.png
12:43:02.128 [Darkroom Processing Line] DEBUG net.serenitybdd.core.photography.DarkroomProcessingLine - Processing screenshot image in /var/screenshots/screenshot-2945756010994178162
12:43:02.128 [Darkroom Processing Line] DEBUG net.serenitybdd.core.photography.DarkroomProcessingLine - Saving screenshot to target\site\serenity\784f7d403a842d1b501b4ee2135c76601a2a5c7fd5fda20e160817488db63b1d.png
12:43:02.129 [Forwarding getPageSource on session a4c453463781551e2591416af78eab88 to remote] DEBUG org.asynchttpclient.netty.request.NettyRequestSender - Using pooled Channel '[id: 0x87cc6d8b, L:/127.0.0.1:59277 - R:localhost/127.0.0.1:7057]' for 'POST' to 'http://localhost:7057/session/a4c453463781551e2591416af78eab88/execute/sync'
12:43:02.129 [Forwarding getPageSource on session a4c453463781551e2591416af78eab88 to remote] DEBUG org.asynchttpclient.netty.request.NettyRequestSender - Using open Channel [id: 0x87cc6d8b, L:/127.0.0.1:59277 - R:localhost/127.0.0.1:7057] for POST '/session/a4c453463781551e2591416af78eab88/execute/sync'
12:43:02.152 [AsyncHttpClient-1-14] DEBUG org.asynchttpclient.netty.handler.HttpHandler - 

Request DefaultHttpRequest(decodeResult: success, version: HTTP/1.1)
POST /session/a4c453463781551e2591416af78eab88/execute/sync HTTP/1.1
User-Agent: selenium/4.8.1 (java windows)
Content-Length: 176
Content-Type: application/json; charset=utf-8
host: localhost:7057
accept: */*

Response DefaultHttpResponse(decodeResult: success, version: HTTP/1.1)
HTTP/1.1 200 OK
Content-Length: 160270
Content-Type: application/json; charset=utf-8
cache-control: no-cache

12:43:02.152 [AsyncHttpClient-1-14] DEBUG org.asynchttpclient.netty.channel.ChannelManager - Adding key: http://localhost:7057 for channel [id: 0x87cc6d8b, L:/127.0.0.1:59277 - R:localhost/127.0.0.1:7057]
12:43:02.163 [Forwarding getCurrentUrl on session a4c453463781551e2591416af78eab88 to remote] DEBUG org.asynchttpclient.netty.request.NettyRequestSender - Using pooled Channel '[id: 0x87cc6d8b, L:/127.0.0.1:59277 - R:localhost/127.0.0.1:7057]' for 'GET' to 'http://localhost:7057/session/a4c453463781551e2591416af78eab88/url'
12:43:02.163 [Forwarding getCurrentUrl on session a4c453463781551e2591416af78eab88 to remote] DEBUG org.asynchttpclient.netty.request.NettyRequestSender - Using open Channel [id: 0x87cc6d8b, L:/127.0.0.1:59277 - R:localhost/127.0.0.1:7057] for GET '/session/a4c453463781551e2591416af78eab88/url'
12:43:02.174 [AsyncHttpClient-1-14] DEBUG org.asynchttpclient.netty.handler.HttpHandler - 

Request DefaultFullHttpRequest(decodeResult: success, version: HTTP/1.1, content: EmptyByteBufBE)
GET /session/a4c453463781551e2591416af78eab88/url HTTP/1.1
User-Agent: selenium/4.8.1 (java windows)
Cache-Control: no-cache
Content-Type: application/json; charset=utf-8
host: localhost:7057
accept: */*

Response DefaultHttpResponse(decodeResult: success, version: HTTP/1.1)
HTTP/1.1 200 OK
Content-Length: 47
Content-Type: application/json; charset=utf-8
cache-control: no-cache

12:43:02.174 [AsyncHttpClient-1-14] DEBUG org.asynchttpclient.netty.channel.ChannelManager - Adding key: http://localhost:7057 for channel [id: 0x87cc6d8b, L:/127.0.0.1:59277 - R:localhost/127.0.0.1:7057]
12:43:02.176 [main] DEBUG net.thucydides.core.steps.StepInterceptor - STARTING STEP: LoginSteps.iCanSeeErrorMessage - validateErrorMessageDisplayed
12:43:02.180 [Forwarding findElement on session a4c453463781551e2591416af78eab88 to remote] DEBUG org.asynchttpclient.netty.request.NettyRequestSender - Using pooled Channel '[id: 0x87cc6d8b, L:/127.0.0.1:59277 - R:localhost/127.0.0.1:7057]' for 'POST' to 'http://localhost:7057/session/a4c453463781551e2591416af78eab88/element'
12:43:02.180 [Forwarding findElement on session a4c453463781551e2591416af78eab88 to remote] DEBUG org.asynchttpclient.netty.request.NettyRequestSender - Using open Channel [id: 0x87cc6d8b, L:/127.0.0.1:59277 - R:localhost/127.0.0.1:7057] for POST '/session/a4c453463781551e2591416af78eab88/element'
12:43:02.196 [AsyncHttpClient-1-14] DEBUG org.asynchttpclient.netty.handler.HttpHandler - 

Request DefaultHttpRequest(decodeResult: success, version: HTTP/1.1)
POST /session/a4c453463781551e2591416af78eab88/element HTTP/1.1
User-Agent: selenium/4.8.1 (java windows)
Content-Length: 155
Content-Type: application/json; charset=utf-8
host: localhost:7057
accept: */*

Response DefaultHttpResponse(decodeResult: success, version: HTTP/1.1)
HTTP/1.1 200 OK
Content-Length: 94
Content-Type: application/json; charset=utf-8
cache-control: no-cache

12:43:02.196 [AsyncHttpClient-1-14] DEBUG org.asynchttpclient.netty.channel.ChannelManager - Adding key: http://localhost:7057 for channel [id: 0x87cc6d8b, L:/127.0.0.1:59277 - R:localhost/127.0.0.1:7057]
12:43:02.199 [Forwarding isElementDisplayed on session a4c453463781551e2591416af78eab88 to remote] DEBUG org.asynchttpclient.netty.request.NettyRequestSender - Using pooled Channel '[id: 0x87cc6d8b, L:/127.0.0.1:59277 - R:localhost/127.0.0.1:7057]' for 'POST' to 'http://localhost:7057/session/a4c453463781551e2591416af78eab88/execute/sync'
12:43:02.199 [Forwarding isElementDisplayed on session a4c453463781551e2591416af78eab88 to remote] DEBUG org.asynchttpclient.netty.request.NettyRequestSender - Using open Channel [id: 0x87cc6d8b, L:/127.0.0.1:59277 - R:localhost/127.0.0.1:7057] for POST '/session/a4c453463781551e2591416af78eab88/execute/sync'
12:43:02.218 [AsyncHttpClient-1-14] DEBUG org.asynchttpclient.netty.handler.HttpHandler - 

Request DefaultHttpRequest(decodeResult: success, version: HTTP/1.1)
POST /session/a4c453463781551e2591416af78eab88/execute/sync HTTP/1.1
User-Agent: selenium/4.8.1 (java windows)
Content-Length: 48813
Content-Type: application/json; charset=utf-8
host: localhost:7057
accept: */*

Response DefaultHttpResponse(decodeResult: success, version: HTTP/1.1)
HTTP/1.1 200 OK
Content-Length: 14
Content-Type: application/json; charset=utf-8
cache-control: no-cache

12:43:02.218 [AsyncHttpClient-1-14] DEBUG org.asynchttpclient.netty.channel.ChannelManager - Adding key: http://localhost:7057 for channel [id: 0x87cc6d8b, L:/127.0.0.1:59277 - R:localhost/127.0.0.1:7057]
12:43:02.224 [Forwarding getAlertText on session a4c453463781551e2591416af78eab88 to remote] DEBUG org.asynchttpclient.netty.request.NettyRequestSender - Using pooled Channel '[id: 0x87cc6d8b, L:/127.0.0.1:59277 - R:localhost/127.0.0.1:7057]' for 'GET' to 'http://localhost:7057/session/a4c453463781551e2591416af78eab88/alert/text'
12:43:02.224 [Forwarding getAlertText on session a4c453463781551e2591416af78eab88 to remote] DEBUG org.asynchttpclient.netty.request.NettyRequestSender - Using open Channel [id: 0x87cc6d8b, L:/127.0.0.1:59277 - R:localhost/127.0.0.1:7057] for GET '/session/a4c453463781551e2591416af78eab88/alert/text'
12:43:02.227 [AsyncHttpClient-1-14] DEBUG org.asynchttpclient.netty.handler.HttpHandler - 

Request DefaultFullHttpRequest(decodeResult: success, version: HTTP/1.1, content: EmptyByteBufBE)
GET /session/a4c453463781551e2591416af78eab88/alert/text HTTP/1.1
User-Agent: selenium/4.8.1 (java windows)
Cache-Control: no-cache
Content-Type: application/json; charset=utf-8
host: localhost:7057
accept: */*

Response DefaultHttpResponse(decodeResult: success, version: HTTP/1.1)
HTTP/1.1 404 Not Found
Content-Length: 821
Content-Type: application/json; charset=utf-8
cache-control: no-cache

12:43:02.227 [AsyncHttpClient-1-14] DEBUG org.asynchttpclient.netty.channel.ChannelManager - Adding key: http://localhost:7057 for channel [id: 0x87cc6d8b, L:/127.0.0.1:59277 - R:localhost/127.0.0.1:7057]
12:43:02.228 [Forwarding getCurrentUrl on session a4c453463781551e2591416af78eab88 to remote] DEBUG org.asynchttpclient.netty.request.NettyRequestSender - Using pooled Channel '[id: 0x87cc6d8b, L:/127.0.0.1:59277 - R:localhost/127.0.0.1:7057]' for 'GET' to 'http://localhost:7057/session/a4c453463781551e2591416af78eab88/url'
12:43:02.228 [Forwarding getCurrentUrl on session a4c453463781551e2591416af78eab88 to remote] DEBUG org.asynchttpclient.netty.request.NettyRequestSender - Using open Channel [id: 0x87cc6d8b, L:/127.0.0.1:59277 - R:localhost/127.0.0.1:7057] for GET '/session/a4c453463781551e2591416af78eab88/url'
12:43:02.238 [AsyncHttpClient-1-14] DEBUG org.asynchttpclient.netty.handler.HttpHandler - 

Request DefaultFullHttpRequest(decodeResult: success, version: HTTP/1.1, content: EmptyByteBufBE)
GET /session/a4c453463781551e2591416af78eab88/url HTTP/1.1
User-Agent: selenium/4.8.1 (java windows)
Cache-Control: no-cache
Content-Type: application/json; charset=utf-8
host: localhost:7057
accept: */*

Response DefaultHttpResponse(decodeResult: success, version: HTTP/1.1)
HTTP/1.1 200 OK
Content-Length: 47
Content-Type: application/json; charset=utf-8
cache-control: no-cache

12:43:02.239 [AsyncHttpClient-1-14] DEBUG org.asynchttpclient.netty.channel.ChannelManager - Adding key: http://localhost:7057 for channel [id: 0x87cc6d8b, L:/127.0.0.1:59277 - R:localhost/127.0.0.1:7057]
12:43:02.241 [Forwarding screenshot on session a4c453463781551e2591416af78eab88 to remote] DEBUG org.asynchttpclient.netty.request.NettyRequestSender - Using pooled Channel '[id: 0x87cc6d8b, L:/127.0.0.1:59277 - R:localhost/127.0.0.1:7057]' for 'GET' to 'http://localhost:7057/session/a4c453463781551e2591416af78eab88/screenshot'
12:43:02.241 [Forwarding screenshot on session a4c453463781551e2591416af78eab88 to remote] DEBUG org.asynchttpclient.netty.request.NettyRequestSender - Using open Channel [id: 0x87cc6d8b, L:/127.0.0.1:59277 - R:localhost/127.0.0.1:7057] for GET '/session/a4c453463781551e2591416af78eab88/screenshot'
12:43:02.426 [AsyncHttpClient-1-14] DEBUG org.asynchttpclient.netty.handler.HttpHandler - 

Request DefaultFullHttpRequest(decodeResult: success, version: HTTP/1.1, content: EmptyByteBufBE)
GET /session/a4c453463781551e2591416af78eab88/screenshot HTTP/1.1
User-Agent: selenium/4.8.1 (java windows)
Cache-Control: no-cache
Content-Type: application/json; charset=utf-8
host: localhost:7057
accept: */*

Response DefaultHttpResponse(decodeResult: success, version: HTTP/1.1)
HTTP/1.1 200 OK
Content-Length: 121788
Content-Type: application/json; charset=utf-8
cache-control: no-cache

12:43:02.426 [AsyncHttpClient-1-14] DEBUG org.asynchttpclient.netty.channel.ChannelManager - Adding key: http://localhost:7057 for channel [id: 0x87cc6d8b, L:/127.0.0.1:59277 - R:localhost/127.0.0.1:7057]
12:43:02.430 [main] DEBUG net.serenitybdd.core.photography.Darkroom - Send negative for processing for target\site\serenity\240d407eeb01a7fc6a790f08757cc35611fc87f9fc5a7c665528e0501e65ce9b.png
12:43:02.430 [main] DEBUG net.thucydides.core.steps.StepInterceptor - STEP DONE: validateErrorMessageDisplayed
12:43:02.430 [Darkroom Processing Line] DEBUG net.serenitybdd.core.photography.DarkroomProcessingLine - Processing screenshot image in /var/screenshots/screenshot-11612089366492068710
12:43:02.430 [Darkroom Processing Line] DEBUG net.serenitybdd.core.photography.DarkroomProcessingLine - Saving screenshot to target\site\serenity\240d407eeb01a7fc6a790f08757cc35611fc87f9fc5a7c665528e0501e65ce9b.png
12:43:02.437 [Forwarding getPageSource on session a4c453463781551e2591416af78eab88 to remote] DEBUG org.asynchttpclient.netty.request.NettyRequestSender - Using pooled Channel '[id: 0x87cc6d8b, L:/127.0.0.1:59277 - R:localhost/127.0.0.1:7057]' for 'POST' to 'http://localhost:7057/session/a4c453463781551e2591416af78eab88/execute/sync'
12:43:02.438 [Forwarding getPageSource on session a4c453463781551e2591416af78eab88 to remote] DEBUG org.asynchttpclient.netty.request.NettyRequestSender - Using open Channel [id: 0x87cc6d8b, L:/127.0.0.1:59277 - R:localhost/127.0.0.1:7057] for POST '/session/a4c453463781551e2591416af78eab88/execute/sync'
12:43:02.460 [AsyncHttpClient-1-14] DEBUG org.asynchttpclient.netty.handler.HttpHandler - 

Request DefaultHttpRequest(decodeResult: success, version: HTTP/1.1)
POST /session/a4c453463781551e2591416af78eab88/execute/sync HTTP/1.1
User-Agent: selenium/4.8.1 (java windows)
Content-Length: 176
Content-Type: application/json; charset=utf-8
host: localhost:7057
accept: */*

Response DefaultHttpResponse(decodeResult: success, version: HTTP/1.1)
HTTP/1.1 200 OK
Content-Length: 160194
Content-Type: application/json; charset=utf-8
cache-control: no-cache

12:43:02.460 [AsyncHttpClient-1-14] DEBUG org.asynchttpclient.netty.channel.ChannelManager - Adding key: http://localhost:7057 for channel [id: 0x87cc6d8b, L:/127.0.0.1:59277 - R:localhost/127.0.0.1:7057]
12:43:02.468 [Forwarding getCurrentUrl on session a4c453463781551e2591416af78eab88 to remote] DEBUG org.asynchttpclient.netty.request.NettyRequestSender - Using pooled Channel '[id: 0x87cc6d8b, L:/127.0.0.1:59277 - R:localhost/127.0.0.1:7057]' for 'GET' to 'http://localhost:7057/session/a4c453463781551e2591416af78eab88/url'
12:43:02.468 [Forwarding getCurrentUrl on session a4c453463781551e2591416af78eab88 to remote] DEBUG org.asynchttpclient.netty.request.NettyRequestSender - Using open Channel [id: 0x87cc6d8b, L:/127.0.0.1:59277 - R:localhost/127.0.0.1:7057] for GET '/session/a4c453463781551e2591416af78eab88/url'
12:43:02.478 [AsyncHttpClient-1-14] DEBUG org.asynchttpclient.netty.handler.HttpHandler - 

Request DefaultFullHttpRequest(decodeResult: success, version: HTTP/1.1, content: EmptyByteBufBE)
GET /session/a4c453463781551e2591416af78eab88/url HTTP/1.1
User-Agent: selenium/4.8.1 (java windows)
Cache-Control: no-cache
Content-Type: application/json; charset=utf-8
host: localhost:7057
accept: */*

Response DefaultHttpResponse(decodeResult: success, version: HTTP/1.1)
HTTP/1.1 200 OK
Content-Length: 47
Content-Type: application/json; charset=utf-8
cache-control: no-cache

12:43:02.478 [AsyncHttpClient-1-14] DEBUG org.asynchttpclient.netty.channel.ChannelManager - Adding key: http://localhost:7057 for channel [id: 0x87cc6d8b, L:/127.0.0.1:59277 - R:localhost/127.0.0.1:7057]
12:43:02.480 [main] DEBUG net.thucydides.core.steps.StepInterceptor - STARTING STEP: LoginSteps.iCanSeeErrorMessage - validateEqualErrorMessage
12:43:02.482 [Forwarding findElement on session a4c453463781551e2591416af78eab88 to remote] DEBUG org.asynchttpclient.netty.request.NettyRequestSender - Using pooled Channel '[id: 0x87cc6d8b, L:/127.0.0.1:59277 - R:localhost/127.0.0.1:7057]' for 'POST' to 'http://localhost:7057/session/a4c453463781551e2591416af78eab88/element'
12:43:02.482 [Forwarding findElement on session a4c453463781551e2591416af78eab88 to remote] DEBUG org.asynchttpclient.netty.request.NettyRequestSender - Using open Channel [id: 0x87cc6d8b, L:/127.0.0.1:59277 - R:localhost/127.0.0.1:7057] for POST '/session/a4c453463781551e2591416af78eab88/element'
12:43:02.499 [AsyncHttpClient-1-14] DEBUG org.asynchttpclient.netty.handler.HttpHandler - 

Request DefaultHttpRequest(decodeResult: success, version: HTTP/1.1)
POST /session/a4c453463781551e2591416af78eab88/element HTTP/1.1
User-Agent: selenium/4.8.1 (java windows)
Content-Length: 155
Content-Type: application/json; charset=utf-8
host: localhost:7057
accept: */*

Response DefaultHttpResponse(decodeResult: success, version: HTTP/1.1)
HTTP/1.1 200 OK
Content-Length: 94
Content-Type: application/json; charset=utf-8
cache-control: no-cache

12:43:02.499 [AsyncHttpClient-1-14] DEBUG org.asynchttpclient.netty.channel.ChannelManager - Adding key: http://localhost:7057 for channel [id: 0x87cc6d8b, L:/127.0.0.1:59277 - R:localhost/127.0.0.1:7057]
12:43:02.500 [Forwarding getElementText on session a4c453463781551e2591416af78eab88 to remote] DEBUG org.asynchttpclient.netty.request.NettyRequestSender - Using pooled Channel '[id: 0x87cc6d8b, L:/127.0.0.1:59277 - R:localhost/127.0.0.1:7057]' for 'GET' to 'http://localhost:7057/session/a4c453463781551e2591416af78eab88/element/46A3C85E298E3E1D02138C5A35D75BAD_element_3/text'
12:43:02.500 [Forwarding getElementText on session a4c453463781551e2591416af78eab88 to remote] DEBUG org.asynchttpclient.netty.request.NettyRequestSender - Using open Channel [id: 0x87cc6d8b, L:/127.0.0.1:59277 - R:localhost/127.0.0.1:7057] for GET '/session/a4c453463781551e2591416af78eab88/element/46A3C85E298E3E1D02138C5A35D75BAD_element_3/text'
12:43:02.520 [AsyncHttpClient-1-14] DEBUG org.asynchttpclient.netty.handler.HttpHandler - 

Request DefaultFullHttpRequest(decodeResult: success, version: HTTP/1.1, content: EmptyByteBufBE)
GET /session/a4c453463781551e2591416af78eab88/element/46A3C85E298E3E1D02138C5A35D75BAD_element_3/text HTTP/1.1
User-Agent: selenium/4.8.1 (java windows)
Cache-Control: no-cache
Content-Type: application/json; charset=utf-8
host: localhost:7057
accept: */*

Response DefaultHttpResponse(decodeResult: success, version: HTTP/1.1)
HTTP/1.1 200 OK
Content-Length: 19
Content-Type: application/json; charset=utf-8
cache-control: no-cache

12:43:02.520 [AsyncHttpClient-1-14] DEBUG org.asynchttpclient.netty.channel.ChannelManager - Adding key: http://localhost:7057 for channel [id: 0x87cc6d8b, L:/127.0.0.1:59277 - R:localhost/127.0.0.1:7057]
12:43:02.528 [Forwarding getAlertText on session a4c453463781551e2591416af78eab88 to remote] DEBUG org.asynchttpclient.netty.request.NettyRequestSender - Using pooled Channel '[id: 0x87cc6d8b, L:/127.0.0.1:59277 - R:localhost/127.0.0.1:7057]' for 'GET' to 'http://localhost:7057/session/a4c453463781551e2591416af78eab88/alert/text'
12:43:02.528 [Forwarding getAlertText on session a4c453463781551e2591416af78eab88 to remote] DEBUG org.asynchttpclient.netty.request.NettyRequestSender - Using open Channel [id: 0x87cc6d8b, L:/127.0.0.1:59277 - R:localhost/127.0.0.1:7057] for GET '/session/a4c453463781551e2591416af78eab88/alert/text'
12:43:02.531 [AsyncHttpClient-1-14] DEBUG org.asynchttpclient.netty.handler.HttpHandler - 

Request DefaultFullHttpRequest(decodeResult: success, version: HTTP/1.1, content: EmptyByteBufBE)
GET /session/a4c453463781551e2591416af78eab88/alert/text HTTP/1.1
User-Agent: selenium/4.8.1 (java windows)
Cache-Control: no-cache
Content-Type: application/json; charset=utf-8
host: localhost:7057
accept: */*

Response DefaultHttpResponse(decodeResult: success, version: HTTP/1.1)
HTTP/1.1 404 Not Found
Content-Length: 821
Content-Type: application/json; charset=utf-8
cache-control: no-cache

12:43:02.531 [AsyncHttpClient-1-14] DEBUG org.asynchttpclient.netty.channel.ChannelManager - Adding key: http://localhost:7057 for channel [id: 0x87cc6d8b, L:/127.0.0.1:59277 - R:localhost/127.0.0.1:7057]
12:43:02.532 [Forwarding getCurrentUrl on session a4c453463781551e2591416af78eab88 to remote] DEBUG org.asynchttpclient.netty.request.NettyRequestSender - Using pooled Channel '[id: 0x87cc6d8b, L:/127.0.0.1:59277 - R:localhost/127.0.0.1:7057]' for 'GET' to 'http://localhost:7057/session/a4c453463781551e2591416af78eab88/url'
12:43:02.532 [Forwarding getCurrentUrl on session a4c453463781551e2591416af78eab88 to remote] DEBUG org.asynchttpclient.netty.request.NettyRequestSender - Using open Channel [id: 0x87cc6d8b, L:/127.0.0.1:59277 - R:localhost/127.0.0.1:7057] for GET '/session/a4c453463781551e2591416af78eab88/url'
12:43:02.542 [AsyncHttpClient-1-14] DEBUG org.asynchttpclient.netty.handler.HttpHandler - 

Request DefaultFullHttpRequest(decodeResult: success, version: HTTP/1.1, content: EmptyByteBufBE)
GET /session/a4c453463781551e2591416af78eab88/url HTTP/1.1
User-Agent: selenium/4.8.1 (java windows)
Cache-Control: no-cache
Content-Type: application/json; charset=utf-8
host: localhost:7057
accept: */*

Response DefaultHttpResponse(decodeResult: success, version: HTTP/1.1)
HTTP/1.1 200 OK
Content-Length: 47
Content-Type: application/json; charset=utf-8
cache-control: no-cache

12:43:02.542 [AsyncHttpClient-1-14] DEBUG org.asynchttpclient.netty.channel.ChannelManager - Adding key: http://localhost:7057 for channel [id: 0x87cc6d8b, L:/127.0.0.1:59277 - R:localhost/127.0.0.1:7057]
12:43:02.543 [Forwarding screenshot on session a4c453463781551e2591416af78eab88 to remote] DEBUG org.asynchttpclient.netty.request.NettyRequestSender - Using pooled Channel '[id: 0x87cc6d8b, L:/127.0.0.1:59277 - R:localhost/127.0.0.1:7057]' for 'GET' to 'http://localhost:7057/session/a4c453463781551e2591416af78eab88/screenshot'
12:43:02.543 [Forwarding screenshot on session a4c453463781551e2591416af78eab88 to remote] DEBUG org.asynchttpclient.netty.request.NettyRequestSender - Using open Channel [id: 0x87cc6d8b, L:/127.0.0.1:59277 - R:localhost/127.0.0.1:7057] for GET '/session/a4c453463781551e2591416af78eab88/screenshot'
12:43:02.714 [AsyncHttpClient-1-14] DEBUG org.asynchttpclient.netty.handler.HttpHandler - 

Request DefaultFullHttpRequest(decodeResult: success, version: HTTP/1.1, content: EmptyByteBufBE)
GET /session/a4c453463781551e2591416af78eab88/screenshot HTTP/1.1
User-Agent: selenium/4.8.1 (java windows)
Cache-Control: no-cache
Content-Type: application/json; charset=utf-8
host: localhost:7057
accept: */*

Response DefaultHttpResponse(decodeResult: success, version: HTTP/1.1)
HTTP/1.1 200 OK
Content-Length: 121688
Content-Type: application/json; charset=utf-8
cache-control: no-cache

12:43:02.714 [AsyncHttpClient-1-14] DEBUG org.asynchttpclient.netty.channel.ChannelManager - Adding key: http://localhost:7057 for channel [id: 0x87cc6d8b, L:/127.0.0.1:59277 - R:localhost/127.0.0.1:7057]
12:43:02.717 [main] DEBUG net.serenitybdd.core.photography.Darkroom - Send negative for processing for target\site\serenity\386e75ad2ac7904d0a026a5da065b3c4717b39d3d7c4af9c5f4d569dcc39d958.png
12:43:02.717 [main] DEBUG net.thucydides.core.steps.StepInterceptor - STEP DONE: validateEqualErrorMessage
12:43:02.717 [Darkroom Processing Line] DEBUG net.serenitybdd.core.photography.DarkroomProcessingLine - Processing screenshot image in /var/screenshots/screenshot-7050584657511971109
12:43:02.717 [Darkroom Processing Line] DEBUG net.serenitybdd.core.photography.DarkroomProcessingLine - Saving screenshot to target\site\serenity\386e75ad2ac7904d0a026a5da065b3c4717b39d3d7c4af9c5f4d569dcc39d958.png
  &amp#27;[32mThen &amp#27;[0m&amp#27;[32mI can see error message &amp#27;[0m&amp#27;[32m&amp#27;[1m"Please input username!"&amp#27;[0m             &amp#27;[90m# starter.stepdefinitions.LoginSteps.iCanSeeErrorMessage(java.lang.String)&amp#27;[0m
12:43:02.726 [main] INFO  - 
  _____   ___   ___   _____     ___     _     ___   ___   ___   ___  
 |_   _| | __| / __| |_   _|   | _ \   /_\   / __| / __| | __| |   \ 
   | |   | _|  \__ \   | |     |  _/  / _ \  \__ \ \__ \ | _|  | |) |
   |_|   |___| |___/   |_|     |_|   /_/ \_\ |___/ |___/ |___| |___/ 

user does not enter the Username and enter valid Password
----------------------------------------------------------------------
12:43:02.727 [AsyncHttpClient-1-16] DEBUG org.asynchttpclient.netty.handler.WebSocketHandler - Channel Closed: [id: 0x00273475, L:/127.0.0.1:59285 ! R:localhost/127.0.0.1:59278] with attribute NettyResponseFuture{currentRetry=0,
	isDone=1,
	isCancelled=0,
	asyncHandler=org.asynchttpclient.ws.WebSocketUpgradeHandler@2bba0829,
	nettyRequest=org.asynchttpclient.netty.request.NettyRequest@33bef35d,
	future=java.util.concurrent.CompletableFuture@5318d50c[Completed normally],
	uri=ws://localhost:59278/devtools/browser/fd746294-98b1-4f5a-bae5-0207839ecb79,
	keepAlive=true,
	redirectCount=0,
	timeoutsHolder=null,
	inAuth=0,
	touch=1687844570378}
12:43:02.727 [Driver Command Executor] DEBUG org.asynchttpclient.netty.request.NettyRequestSender - Using pooled Channel '[id: 0x87cc6d8b, L:/127.0.0.1:59277 - R:localhost/127.0.0.1:7057]' for 'DELETE' to 'http://localhost:7057/session/a4c453463781551e2591416af78eab88'
12:43:02.727 [Driver Command Executor] DEBUG org.asynchttpclient.netty.request.NettyRequestSender - Using open Channel [id: 0x87cc6d8b, L:/127.0.0.1:59277 - R:localhost/127.0.0.1:7057] for DELETE '/session/a4c453463781551e2591416af78eab88'
12:43:02.727 [AsyncHttpClient-1-16] DEBUG org.asynchttpclient.netty.channel.ChannelManager - Closing Channel [id: 0x00273475, L:/127.0.0.1:59285 ! R:localhost/127.0.0.1:59278] 
12:43:02.750 [AsyncHttpClient-1-1] DEBUG org.asynchttpclient.netty.channel.DefaultChannelPool - Entry count for : http://localhost:59278 : 1
12:43:02.979 [AsyncHttpClient-1-15] DEBUG org.asynchttpclient.netty.handler.HttpHandler - Unexpected I/O exception on channel [id: 0xab70f662, L:/127.0.0.1:59284 - R:localhost/127.0.0.1:59278]
java.net.SocketException: Connection reset
	at java.base/sun.nio.ch.SocketChannelImpl.throwConnectionReset(SocketChannelImpl.java:394)
	at java.base/sun.nio.ch.SocketChannelImpl.read(SocketChannelImpl.java:426)
	at io.netty.buffer.PooledByteBuf.setBytes(PooledByteBuf.java:259)
	at io.netty.buffer.AbstractByteBuf.writeBytes(AbstractByteBuf.java:1132)
	at io.netty.channel.socket.nio.NioSocketChannel.doReadBytes(NioSocketChannel.java:357)
	at io.netty.channel.nio.AbstractNioByteChannel$NioByteUnsafe.read(AbstractNioByteChannel.java:151)
	at io.netty.channel.nio.NioEventLoop.processSelectedKey(NioEventLoop.java:788)
	at io.netty.channel.nio.NioEventLoop.processSelectedKeysOptimized(NioEventLoop.java:724)
	at io.netty.channel.nio.NioEventLoop.processSelectedKeys(NioEventLoop.java:650)
	at io.netty.channel.nio.NioEventLoop.run(NioEventLoop.java:562)
	at io.netty.util.concurrent.SingleThreadEventExecutor$4.run(SingleThreadEventExecutor.java:997)
	at io.netty.util.internal.ThreadExecutorMap$2.run(ThreadExecutorMap.java:74)
	at io.netty.util.concurrent.FastThreadLocalRunnable.run(FastThreadLocalRunnable.java:30)
	at java.base/java.lang.Thread.run(Thread.java:833)
12:43:02.980 [AsyncHttpClient-1-15] DEBUG org.asynchttpclient.netty.channel.ChannelManager - Closing Channel [id: 0xab70f662, L:/127.0.0.1:59284 - R:localhost/127.0.0.1:59278] 
12:43:02.980 [AsyncHttpClient-1-15] DEBUG org.asynchttpclient.netty.handler.HttpHandler - Channel Closed: [id: 0xab70f662, L:/127.0.0.1:59284 ! R:localhost/127.0.0.1:59278] with attribute DISCARD
12:43:03.028 [AsyncHttpClient-1-14] DEBUG org.asynchttpclient.netty.handler.HttpHandler - 

Request DefaultFullHttpRequest(decodeResult: success, version: HTTP/1.1, content: EmptyByteBufBE)
DELETE /session/a4c453463781551e2591416af78eab88 HTTP/1.1
User-Agent: selenium/4.8.1 (java windows)
Content-Type: application/json; charset=utf-8
host: localhost:7057
accept: */*

Response DefaultHttpResponse(decodeResult: success, version: HTTP/1.1)
HTTP/1.1 200 OK
Content-Length: 14
Content-Type: application/json; charset=utf-8
cache-control: no-cache

12:43:03.028 [AsyncHttpClient-1-14] DEBUG org.asynchttpclient.netty.channel.ChannelManager - Adding key: http://localhost:7057 for channel [id: 0x87cc6d8b, L:/127.0.0.1:59277 - R:localhost/127.0.0.1:7057]
12:43:03.083 [AsyncHttpClient-1-14] DEBUG org.asynchttpclient.netty.handler.HttpHandler - Channel Closed: [id: 0x87cc6d8b, L:/127.0.0.1:59277 ! R:localhost/127.0.0.1:7057] with attribute DISCARD
]]></system-out>
    <system-err><![CDATA[Starting ChromeDriver 114.0.5735.90 (386bc09e8f4f2e025eddae123f36f6263096ae49-refs/branch-heads/5735@{#1052}) on port 7057
Only local connections are allowed.
Please see https://chromedriver.chromium.org/security-considerations for suggestions on keeping ChromeDriver safe.
ChromeDriver was started successfully.
Jun 27, 2023 12:42:50 PM org.openqa.selenium.devtools.CdpVersionFinder findNearestMatch
WARNING: Unable to find an exact match for CDP version 114, so returning the closest version found: 110
]]></system-err>
  </testcase>
  <testcase name="user enter valid Username and does not  enter Password" classname="Login" time="10.838">
    <system-out><![CDATA[
Scenario: user enter valid Username and does not  enter Password &amp#27;[90m# src/test/resources/features/login.feature:42&amp#27;[0m
12:43:03.146 [main] DEBUG io.cucumber.core.plugin.SerenityReporter - Running feature from file:///D:/alta/Capstone/WEB/CapstoneWEB/src/test/resources/features/login.feature
12:43:03.149 [main] INFO  - 
  _____   ___   ___   _____     ___   _____     _     ___   _____   ___   ___  
 |_   _| | __| / __| |_   _|   / __| |_   _|   /_\   | _ \ |_   _| | __| |   \ 
   | |   | _|  \__ \   | |     \__ \   | |    / _ \  |   /   | |   | _|  | |) |
   |_|   |___| |___/   |_|     |___/   |_|   /_/ \_\ |_|_\   |_|   |___| |___/ 

user enter valid Username and does not  enter Password(login;user-enter-valid-username-and-does-not--enter-password)
--------------------------------------------------------------------------------
12:43:03.206 [main] INFO net.serenitybdd.core.webdriver.driverproviders.ChromeDriverProvider - Starting Chrome driver instance with capabilities:
12:43:03.206 [main] INFO net.serenitybdd.core.webdriver.driverproviders.ChromeDriverProvider - Capabilities {acceptInsecureCerts: false, browserName: chrome, goog:chromeOptions: {args: [remote-allow-origins=*], extensions: []}}
12:43:03.813 [AsyncHttpClient-1-17] DEBUG org.asynchttpclient.netty.channel.NettyConnectListener - Using new Channel '[id: 0x7fb6c393, L:/127.0.0.1:59300 - R:localhost/127.0.0.1:34673]' for 'POST' to '/session'
12:43:03.850 [AsyncHttpClient-1-1] DEBUG org.asynchttpclient.netty.channel.DefaultChannelPool - Entry count for : http://localhost:59278 : 1
12:43:03.850 [AsyncHttpClient-1-1] DEBUG org.asynchttpclient.netty.channel.DefaultChannelPool - Entry count for : http://localhost:7057 : 1
12:43:03.850 [AsyncHttpClient-1-1] DEBUG org.asynchttpclient.netty.channel.DefaultChannelPool - Adding Candidate expired Channel [id: 0xab70f662, L:/127.0.0.1:59284 ! R:localhost/127.0.0.1:59278] isIdleTimeoutExpired=false isRemotelyClosed=true isTtlExpired=false
12:43:03.850 [AsyncHttpClient-1-1] DEBUG org.asynchttpclient.netty.channel.DefaultChannelPool - Closing Idle Channel [id: 0xab70f662, L:/127.0.0.1:59284 ! R:localhost/127.0.0.1:59278]
12:43:03.850 [AsyncHttpClient-1-1] DEBUG org.asynchttpclient.netty.channel.DefaultChannelPool - Adding Candidate expired Channel [id: 0x87cc6d8b, L:/127.0.0.1:59277 ! R:localhost/127.0.0.1:7057] isIdleTimeoutExpired=false isRemotelyClosed=true isTtlExpired=false
12:43:03.850 [AsyncHttpClient-1-1] DEBUG org.asynchttpclient.netty.channel.DefaultChannelPool - Closing Idle Channel [id: 0x87cc6d8b, L:/127.0.0.1:59277 ! R:localhost/127.0.0.1:7057]
12:43:03.850 [AsyncHttpClient-1-1] DEBUG org.asynchttpclient.netty.channel.DefaultChannelPool - Closed 2 connections out of 2 in 0 ms
12:43:04.543 [AsyncHttpClient-1-17] DEBUG org.asynchttpclient.netty.handler.HttpHandler - 

Request DefaultHttpRequest(decodeResult: success, version: HTTP/1.1)
POST /session HTTP/1.1
User-Agent: selenium/4.8.1 (java windows)
Content-Length: 507
Content-Type: application/json; charset=utf-8
host: localhost:34673
accept: */*

Response DefaultHttpResponse(decodeResult: success, version: HTTP/1.1)
HTTP/1.1 200 OK
Content-Length: 862
Content-Type: application/json; charset=utf-8
cache-control: no-cache

12:43:04.544 [AsyncHttpClient-1-17] DEBUG org.asynchttpclient.netty.channel.ChannelManager - Adding key: http://localhost:34673 for channel [id: 0x7fb6c393, L:/127.0.0.1:59300 - R:localhost/127.0.0.1:34673]
12:43:04.549 [AsyncHttpClient-1-2] DEBUG org.asynchttpclient.netty.channel.NettyConnectListener - Using new Channel '[id: 0x9d35c952, L:/127.0.0.1:59307 - R:localhost/127.0.0.1:59301]' for 'GET' to '/json/version'
12:43:04.550 [AsyncHttpClient-1-2] DEBUG org.asynchttpclient.netty.handler.HttpHandler - 

Request DefaultFullHttpRequest(decodeResult: success, version: HTTP/1.1, content: EmptyByteBufBE)
GET /json/version HTTP/1.1
User-Agent: selenium/4.8.1 (java windows)
host: localhost:59301
accept: */*

Response DefaultHttpResponse(decodeResult: success, version: HTTP/1.1)
HTTP/1.1 200 OK
Content-Security-Policy: frame-ancestors 'none'
Content-Length: 424
Content-Type: application/json; charset=UTF-8

12:43:04.550 [AsyncHttpClient-1-2] DEBUG org.asynchttpclient.netty.channel.ChannelManager - Adding key: http://localhost:59301 for channel [id: 0x9d35c952, L:/127.0.0.1:59307 - R:localhost/127.0.0.1:59301]
12:43:04.552 [AsyncHttpClient-1-3] DEBUG org.asynchttpclient.netty.channel.NettyConnectListener - Using new Channel '[id: 0x331a640e, L:/127.0.0.1:59308 - R:localhost/127.0.0.1:59301]' for 'GET' to '/devtools/browser/169dee75-6dd0-481f-bda2-7480165ce208'
12:43:04.553 [AsyncHttpClient-1-3] DEBUG org.asynchttpclient.netty.handler.WebSocketHandler - 

Request DefaultFullHttpRequest(decodeResult: success, version: HTTP/1.1, content: EmptyByteBufBE)
GET /devtools/browser/169dee75-6dd0-481f-bda2-7480165ce208 HTTP/1.1
upgrade: websocket
connection: upgrade
sec-websocket-key: z2G3ZCDAWUzpL3Ds7E9Qvw==
sec-websocket-version: 13
origin: http://localhost:59301
host: localhost:59301
accept: */*
user-agent: AHC/2.1

Response DefaultHttpResponse(decodeResult: success, version: HTTP/1.1)
HTTP/1.1 101 WebSocket Protocol Handshake
Upgrade: WebSocket
Connection: Upgrade
Sec-WebSocket-Accept: fBEvYIpkpYEb1ZNbK/VnWAReaIk=

12:43:04.558 [Forwarding get on session b953d0e198f2c824d8c7767d918bc72d to remote] DEBUG org.asynchttpclient.netty.request.NettyRequestSender - Using pooled Channel '[id: 0x7fb6c393, L:/127.0.0.1:59300 - R:localhost/127.0.0.1:34673]' for 'POST' to 'http://localhost:34673/session/b953d0e198f2c824d8c7767d918bc72d/url'
12:43:04.559 [Forwarding get on session b953d0e198f2c824d8c7767d918bc72d to remote] DEBUG org.asynchttpclient.netty.request.NettyRequestSender - Using open Channel [id: 0x7fb6c393, L:/127.0.0.1:59300 - R:localhost/127.0.0.1:34673] for POST '/session/b953d0e198f2c824d8c7767d918bc72d/url'
12:43:04.954 [AsyncHttpClient-1-1] DEBUG org.asynchttpclient.netty.channel.DefaultChannelPool - Entry count for : http://localhost:59301 : 1
12:43:06.054 [AsyncHttpClient-1-1] DEBUG org.asynchttpclient.netty.channel.DefaultChannelPool - Entry count for : http://localhost:59301 : 1
12:43:07.151 [AsyncHttpClient-1-1] DEBUG org.asynchttpclient.netty.channel.DefaultChannelPool - Entry count for : http://localhost:59301 : 1
12:43:08.251 [AsyncHttpClient-1-1] DEBUG org.asynchttpclient.netty.channel.DefaultChannelPool - Entry count for : http://localhost:59301 : 1
12:43:09.356 [AsyncHttpClient-1-1] DEBUG org.asynchttpclient.netty.channel.DefaultChannelPool - Entry count for : http://localhost:59301 : 1
12:43:10.449 [AsyncHttpClient-1-1] DEBUG org.asynchttpclient.netty.channel.DefaultChannelPool - Entry count for : http://localhost:59301 : 1
12:43:10.691 [AsyncHttpClient-1-17] DEBUG org.asynchttpclient.netty.handler.HttpHandler - 

Request DefaultHttpRequest(decodeResult: success, version: HTTP/1.1)
POST /session/b953d0e198f2c824d8c7767d918bc72d/url HTTP/1.1
User-Agent: selenium/4.8.1 (java windows)
Content-Length: 65
Content-Type: application/json; charset=utf-8
host: localhost:34673
accept: */*

Response DefaultHttpResponse(decodeResult: success, version: HTTP/1.1)
HTTP/1.1 200 OK
Content-Length: 14
Content-Type: application/json; charset=utf-8
cache-control: no-cache

12:43:10.692 [AsyncHttpClient-1-17] DEBUG org.asynchttpclient.netty.channel.ChannelManager - Adding key: http://localhost:34673 for channel [id: 0x7fb6c393, L:/127.0.0.1:59300 - R:localhost/127.0.0.1:34673]
12:43:10.694 [Forwarding setTimeout on session b953d0e198f2c824d8c7767d918bc72d to remote] DEBUG org.asynchttpclient.netty.request.NettyRequestSender - Using pooled Channel '[id: 0x7fb6c393, L:/127.0.0.1:59300 - R:localhost/127.0.0.1:34673]' for 'POST' to 'http://localhost:34673/session/b953d0e198f2c824d8c7767d918bc72d/timeouts'
12:43:10.694 [Forwarding setTimeout on session b953d0e198f2c824d8c7767d918bc72d to remote] DEBUG org.asynchttpclient.netty.request.NettyRequestSender - Using open Channel [id: 0x7fb6c393, L:/127.0.0.1:59300 - R:localhost/127.0.0.1:34673] for POST '/session/b953d0e198f2c824d8c7767d918bc72d/timeouts'
12:43:10.695 [AsyncHttpClient-1-17] DEBUG org.asynchttpclient.netty.handler.HttpHandler - 

Request DefaultHttpRequest(decodeResult: success, version: HTTP/1.1)
POST /session/b953d0e198f2c824d8c7767d918bc72d/timeouts HTTP/1.1
User-Agent: selenium/4.8.1 (java windows)
Content-Length: 22
Content-Type: application/json; charset=utf-8
host: localhost:34673
accept: */*

Response DefaultHttpResponse(decodeResult: success, version: HTTP/1.1)
HTTP/1.1 200 OK
Content-Length: 14
Content-Type: application/json; charset=utf-8
cache-control: no-cache

12:43:10.695 [AsyncHttpClient-1-17] DEBUG org.asynchttpclient.netty.channel.ChannelManager - Adding key: http://localhost:34673 for channel [id: 0x7fb6c393, L:/127.0.0.1:59300 - R:localhost/127.0.0.1:34673]
12:43:10.703 [Forwarding getAlertText on session b953d0e198f2c824d8c7767d918bc72d to remote] DEBUG org.asynchttpclient.netty.request.NettyRequestSender - Using pooled Channel '[id: 0x7fb6c393, L:/127.0.0.1:59300 - R:localhost/127.0.0.1:34673]' for 'GET' to 'http://localhost:34673/session/b953d0e198f2c824d8c7767d918bc72d/alert/text'
12:43:10.703 [Forwarding getAlertText on session b953d0e198f2c824d8c7767d918bc72d to remote] DEBUG org.asynchttpclient.netty.request.NettyRequestSender - Using open Channel [id: 0x7fb6c393, L:/127.0.0.1:59300 - R:localhost/127.0.0.1:34673] for GET '/session/b953d0e198f2c824d8c7767d918bc72d/alert/text'
12:43:10.706 [AsyncHttpClient-1-17] DEBUG org.asynchttpclient.netty.handler.HttpHandler - 

Request DefaultFullHttpRequest(decodeResult: success, version: HTTP/1.1, content: EmptyByteBufBE)
GET /session/b953d0e198f2c824d8c7767d918bc72d/alert/text HTTP/1.1
User-Agent: selenium/4.8.1 (java windows)
Cache-Control: no-cache
Content-Type: application/json; charset=utf-8
host: localhost:34673
accept: */*

Response DefaultHttpResponse(decodeResult: success, version: HTTP/1.1)
HTTP/1.1 404 Not Found
Content-Length: 821
Content-Type: application/json; charset=utf-8
cache-control: no-cache

12:43:10.706 [AsyncHttpClient-1-17] DEBUG org.asynchttpclient.netty.channel.ChannelManager - Adding key: http://localhost:34673 for channel [id: 0x7fb6c393, L:/127.0.0.1:59300 - R:localhost/127.0.0.1:34673]
12:43:10.707 [Forwarding getCurrentUrl on session b953d0e198f2c824d8c7767d918bc72d to remote] DEBUG org.asynchttpclient.netty.request.NettyRequestSender - Using pooled Channel '[id: 0x7fb6c393, L:/127.0.0.1:59300 - R:localhost/127.0.0.1:34673]' for 'GET' to 'http://localhost:34673/session/b953d0e198f2c824d8c7767d918bc72d/url'
12:43:10.707 [Forwarding getCurrentUrl on session b953d0e198f2c824d8c7767d918bc72d to remote] DEBUG org.asynchttpclient.netty.request.NettyRequestSender - Using open Channel [id: 0x7fb6c393, L:/127.0.0.1:59300 - R:localhost/127.0.0.1:34673] for GET '/session/b953d0e198f2c824d8c7767d918bc72d/url'
12:43:10.716 [AsyncHttpClient-1-17] DEBUG org.asynchttpclient.netty.handler.HttpHandler - 

Request DefaultFullHttpRequest(decodeResult: success, version: HTTP/1.1, content: EmptyByteBufBE)
GET /session/b953d0e198f2c824d8c7767d918bc72d/url HTTP/1.1
User-Agent: selenium/4.8.1 (java windows)
Cache-Control: no-cache
Content-Type: application/json; charset=utf-8
host: localhost:34673
accept: */*

Response DefaultHttpResponse(decodeResult: success, version: HTTP/1.1)
HTTP/1.1 200 OK
Content-Length: 47
Content-Type: application/json; charset=utf-8
cache-control: no-cache

12:43:10.716 [AsyncHttpClient-1-17] DEBUG org.asynchttpclient.netty.channel.ChannelManager - Adding key: http://localhost:34673 for channel [id: 0x7fb6c393, L:/127.0.0.1:59300 - R:localhost/127.0.0.1:34673]
12:43:10.717 [Forwarding screenshot on session b953d0e198f2c824d8c7767d918bc72d to remote] DEBUG org.asynchttpclient.netty.request.NettyRequestSender - Using pooled Channel '[id: 0x7fb6c393, L:/127.0.0.1:59300 - R:localhost/127.0.0.1:34673]' for 'GET' to 'http://localhost:34673/session/b953d0e198f2c824d8c7767d918bc72d/screenshot'
12:43:10.717 [Forwarding screenshot on session b953d0e198f2c824d8c7767d918bc72d to remote] DEBUG org.asynchttpclient.netty.request.NettyRequestSender - Using open Channel [id: 0x7fb6c393, L:/127.0.0.1:59300 - R:localhost/127.0.0.1:34673] for GET '/session/b953d0e198f2c824d8c7767d918bc72d/screenshot'
12:43:10.974 [AsyncHttpClient-1-17] DEBUG org.asynchttpclient.netty.handler.HttpHandler - 

Request DefaultFullHttpRequest(decodeResult: success, version: HTTP/1.1, content: EmptyByteBufBE)
GET /session/b953d0e198f2c824d8c7767d918bc72d/screenshot HTTP/1.1
User-Agent: selenium/4.8.1 (java windows)
Cache-Control: no-cache
Content-Type: application/json; charset=utf-8
host: localhost:34673
accept: */*

Response DefaultHttpResponse(decodeResult: success, version: HTTP/1.1)
HTTP/1.1 200 OK
Content-Length: 102860
Content-Type: application/json; charset=utf-8
cache-control: no-cache

12:43:10.974 [AsyncHttpClient-1-17] DEBUG org.asynchttpclient.netty.channel.ChannelManager - Adding key: http://localhost:34673 for channel [id: 0x7fb6c393, L:/127.0.0.1:59300 - R:localhost/127.0.0.1:34673]
12:43:10.977 [main] DEBUG net.serenitybdd.core.photography.Darkroom - Send negative for processing for target\site\serenity\884ea141f1e5afa3dc4975a3a8e9cc2bb9db4ff60c7d8bcfa31d332fcbcb2b1b.png
12:43:10.978 [Darkroom Processing Line] DEBUG net.serenitybdd.core.photography.DarkroomProcessingLine - Processing screenshot image in /var/screenshots/screenshot-14623489672805010793
12:43:10.978 [Darkroom Processing Line] DEBUG net.serenitybdd.core.photography.DarkroomProcessingLine - Saving screenshot to target\site\serenity\884ea141f1e5afa3dc4975a3a8e9cc2bb9db4ff60c7d8bcfa31d332fcbcb2b1b.png
12:43:10.978 [Forwarding getPageSource on session b953d0e198f2c824d8c7767d918bc72d to remote] DEBUG org.asynchttpclient.netty.request.NettyRequestSender - Using pooled Channel '[id: 0x7fb6c393, L:/127.0.0.1:59300 - R:localhost/127.0.0.1:34673]' for 'POST' to 'http://localhost:34673/session/b953d0e198f2c824d8c7767d918bc72d/execute/sync'
12:43:10.978 [Forwarding getPageSource on session b953d0e198f2c824d8c7767d918bc72d to remote] DEBUG org.asynchttpclient.netty.request.NettyRequestSender - Using open Channel [id: 0x7fb6c393, L:/127.0.0.1:59300 - R:localhost/127.0.0.1:34673] for POST '/session/b953d0e198f2c824d8c7767d918bc72d/execute/sync'
12:43:11.002 [AsyncHttpClient-1-17] DEBUG org.asynchttpclient.netty.handler.HttpHandler - 

Request DefaultHttpRequest(decodeResult: success, version: HTTP/1.1)
POST /session/b953d0e198f2c824d8c7767d918bc72d/execute/sync HTTP/1.1
User-Agent: selenium/4.8.1 (java windows)
Content-Length: 176
Content-Type: application/json; charset=utf-8
host: localhost:34673
accept: */*

Response DefaultHttpResponse(decodeResult: success, version: HTTP/1.1)
HTTP/1.1 200 OK
Content-Length: 159202
Content-Type: application/json; charset=utf-8
cache-control: no-cache

12:43:11.002 [AsyncHttpClient-1-17] DEBUG org.asynchttpclient.netty.channel.ChannelManager - Adding key: http://localhost:34673 for channel [id: 0x7fb6c393, L:/127.0.0.1:59300 - R:localhost/127.0.0.1:34673]
12:43:11.009 [Forwarding getCurrentUrl on session b953d0e198f2c824d8c7767d918bc72d to remote] DEBUG org.asynchttpclient.netty.request.NettyRequestSender - Using pooled Channel '[id: 0x7fb6c393, L:/127.0.0.1:59300 - R:localhost/127.0.0.1:34673]' for 'GET' to 'http://localhost:34673/session/b953d0e198f2c824d8c7767d918bc72d/url'
12:43:11.010 [Forwarding getCurrentUrl on session b953d0e198f2c824d8c7767d918bc72d to remote] DEBUG org.asynchttpclient.netty.request.NettyRequestSender - Using open Channel [id: 0x7fb6c393, L:/127.0.0.1:59300 - R:localhost/127.0.0.1:34673] for GET '/session/b953d0e198f2c824d8c7767d918bc72d/url'
12:43:11.020 [AsyncHttpClient-1-17] DEBUG org.asynchttpclient.netty.handler.HttpHandler - 

Request DefaultFullHttpRequest(decodeResult: success, version: HTTP/1.1, content: EmptyByteBufBE)
GET /session/b953d0e198f2c824d8c7767d918bc72d/url HTTP/1.1
User-Agent: selenium/4.8.1 (java windows)
Cache-Control: no-cache
Content-Type: application/json; charset=utf-8
host: localhost:34673
accept: */*

Response DefaultHttpResponse(decodeResult: success, version: HTTP/1.1)
HTTP/1.1 200 OK
Content-Length: 47
Content-Type: application/json; charset=utf-8
cache-control: no-cache

12:43:11.020 [AsyncHttpClient-1-17] DEBUG org.asynchttpclient.netty.channel.ChannelManager - Adding key: http://localhost:34673 for channel [id: 0x7fb6c393, L:/127.0.0.1:59300 - R:localhost/127.0.0.1:34673]
12:43:11.022 [main] DEBUG net.thucydides.core.steps.StepInterceptor - STARTING STEP: LoginSteps.onLoginPage - validateOnLoginPage
12:43:11.024 [Forwarding findElement on session b953d0e198f2c824d8c7767d918bc72d to remote] DEBUG org.asynchttpclient.netty.request.NettyRequestSender - Using pooled Channel '[id: 0x7fb6c393, L:/127.0.0.1:59300 - R:localhost/127.0.0.1:34673]' for 'POST' to 'http://localhost:34673/session/b953d0e198f2c824d8c7767d918bc72d/element'
12:43:11.024 [Forwarding findElement on session b953d0e198f2c824d8c7767d918bc72d to remote] DEBUG org.asynchttpclient.netty.request.NettyRequestSender - Using open Channel [id: 0x7fb6c393, L:/127.0.0.1:59300 - R:localhost/127.0.0.1:34673] for POST '/session/b953d0e198f2c824d8c7767d918bc72d/element'
12:43:11.041 [AsyncHttpClient-1-17] DEBUG org.asynchttpclient.netty.handler.HttpHandler - 

Request DefaultHttpRequest(decodeResult: success, version: HTTP/1.1)
POST /session/b953d0e198f2c824d8c7767d918bc72d/element HTTP/1.1
User-Agent: selenium/4.8.1 (java windows)
Content-Length: 155
Content-Type: application/json; charset=utf-8
host: localhost:34673
accept: */*

Response DefaultHttpResponse(decodeResult: success, version: HTTP/1.1)
HTTP/1.1 200 OK
Content-Length: 94
Content-Type: application/json; charset=utf-8
cache-control: no-cache

12:43:11.041 [AsyncHttpClient-1-17] DEBUG org.asynchttpclient.netty.channel.ChannelManager - Adding key: http://localhost:34673 for channel [id: 0x7fb6c393, L:/127.0.0.1:59300 - R:localhost/127.0.0.1:34673]
12:43:11.043 [Forwarding isElementDisplayed on session b953d0e198f2c824d8c7767d918bc72d to remote] DEBUG org.asynchttpclient.netty.request.NettyRequestSender - Using pooled Channel '[id: 0x7fb6c393, L:/127.0.0.1:59300 - R:localhost/127.0.0.1:34673]' for 'POST' to 'http://localhost:34673/session/b953d0e198f2c824d8c7767d918bc72d/execute/sync'
12:43:11.043 [Forwarding isElementDisplayed on session b953d0e198f2c824d8c7767d918bc72d to remote] DEBUG org.asynchttpclient.netty.request.NettyRequestSender - Using open Channel [id: 0x7fb6c393, L:/127.0.0.1:59300 - R:localhost/127.0.0.1:34673] for POST '/session/b953d0e198f2c824d8c7767d918bc72d/execute/sync'
12:43:11.059 [AsyncHttpClient-1-17] DEBUG org.asynchttpclient.netty.handler.HttpHandler - 

Request DefaultHttpRequest(decodeResult: success, version: HTTP/1.1)
POST /session/b953d0e198f2c824d8c7767d918bc72d/execute/sync HTTP/1.1
User-Agent: selenium/4.8.1 (java windows)
Content-Length: 48813
Content-Type: application/json; charset=utf-8
host: localhost:34673
accept: */*

Response DefaultHttpResponse(decodeResult: success, version: HTTP/1.1)
HTTP/1.1 200 OK
Content-Length: 14
Content-Type: application/json; charset=utf-8
cache-control: no-cache

12:43:11.061 [AsyncHttpClient-1-17] DEBUG org.asynchttpclient.netty.channel.ChannelManager - Adding key: http://localhost:34673 for channel [id: 0x7fb6c393, L:/127.0.0.1:59300 - R:localhost/127.0.0.1:34673]
12:43:11.063 [Forwarding getAlertText on session b953d0e198f2c824d8c7767d918bc72d to remote] DEBUG org.asynchttpclient.netty.request.NettyRequestSender - Using pooled Channel '[id: 0x7fb6c393, L:/127.0.0.1:59300 - R:localhost/127.0.0.1:34673]' for 'GET' to 'http://localhost:34673/session/b953d0e198f2c824d8c7767d918bc72d/alert/text'
12:43:11.063 [Forwarding getAlertText on session b953d0e198f2c824d8c7767d918bc72d to remote] DEBUG org.asynchttpclient.netty.request.NettyRequestSender - Using open Channel [id: 0x7fb6c393, L:/127.0.0.1:59300 - R:localhost/127.0.0.1:34673] for GET '/session/b953d0e198f2c824d8c7767d918bc72d/alert/text'
12:43:11.066 [AsyncHttpClient-1-17] DEBUG org.asynchttpclient.netty.handler.HttpHandler - 

Request DefaultFullHttpRequest(decodeResult: success, version: HTTP/1.1, content: EmptyByteBufBE)
GET /session/b953d0e198f2c824d8c7767d918bc72d/alert/text HTTP/1.1
User-Agent: selenium/4.8.1 (java windows)
Cache-Control: no-cache
Content-Type: application/json; charset=utf-8
host: localhost:34673
accept: */*

Response DefaultHttpResponse(decodeResult: success, version: HTTP/1.1)
HTTP/1.1 404 Not Found
Content-Length: 821
Content-Type: application/json; charset=utf-8
cache-control: no-cache

12:43:11.066 [AsyncHttpClient-1-17] DEBUG org.asynchttpclient.netty.channel.ChannelManager - Adding key: http://localhost:34673 for channel [id: 0x7fb6c393, L:/127.0.0.1:59300 - R:localhost/127.0.0.1:34673]
12:43:11.067 [Forwarding getCurrentUrl on session b953d0e198f2c824d8c7767d918bc72d to remote] DEBUG org.asynchttpclient.netty.request.NettyRequestSender - Using pooled Channel '[id: 0x7fb6c393, L:/127.0.0.1:59300 - R:localhost/127.0.0.1:34673]' for 'GET' to 'http://localhost:34673/session/b953d0e198f2c824d8c7767d918bc72d/url'
12:43:11.067 [Forwarding getCurrentUrl on session b953d0e198f2c824d8c7767d918bc72d to remote] DEBUG org.asynchttpclient.netty.request.NettyRequestSender - Using open Channel [id: 0x7fb6c393, L:/127.0.0.1:59300 - R:localhost/127.0.0.1:34673] for GET '/session/b953d0e198f2c824d8c7767d918bc72d/url'
12:43:11.074 [AsyncHttpClient-1-17] DEBUG org.asynchttpclient.netty.handler.HttpHandler - 

Request DefaultFullHttpRequest(decodeResult: success, version: HTTP/1.1, content: EmptyByteBufBE)
GET /session/b953d0e198f2c824d8c7767d918bc72d/url HTTP/1.1
User-Agent: selenium/4.8.1 (java windows)
Cache-Control: no-cache
Content-Type: application/json; charset=utf-8
host: localhost:34673
accept: */*

Response DefaultHttpResponse(decodeResult: success, version: HTTP/1.1)
HTTP/1.1 200 OK
Content-Length: 47
Content-Type: application/json; charset=utf-8
cache-control: no-cache

12:43:11.074 [AsyncHttpClient-1-17] DEBUG org.asynchttpclient.netty.channel.ChannelManager - Adding key: http://localhost:34673 for channel [id: 0x7fb6c393, L:/127.0.0.1:59300 - R:localhost/127.0.0.1:34673]
12:43:11.074 [Forwarding screenshot on session b953d0e198f2c824d8c7767d918bc72d to remote] DEBUG org.asynchttpclient.netty.request.NettyRequestSender - Using pooled Channel '[id: 0x7fb6c393, L:/127.0.0.1:59300 - R:localhost/127.0.0.1:34673]' for 'GET' to 'http://localhost:34673/session/b953d0e198f2c824d8c7767d918bc72d/screenshot'
12:43:11.074 [Forwarding screenshot on session b953d0e198f2c824d8c7767d918bc72d to remote] DEBUG org.asynchttpclient.netty.request.NettyRequestSender - Using open Channel [id: 0x7fb6c393, L:/127.0.0.1:59300 - R:localhost/127.0.0.1:34673] for GET '/session/b953d0e198f2c824d8c7767d918bc72d/screenshot'
12:43:11.208 [AsyncHttpClient-1-17] DEBUG org.asynchttpclient.netty.handler.HttpHandler - 

Request DefaultFullHttpRequest(decodeResult: success, version: HTTP/1.1, content: EmptyByteBufBE)
GET /session/b953d0e198f2c824d8c7767d918bc72d/screenshot HTTP/1.1
User-Agent: selenium/4.8.1 (java windows)
Cache-Control: no-cache
Content-Type: application/json; charset=utf-8
host: localhost:34673
accept: */*

Response DefaultHttpResponse(decodeResult: success, version: HTTP/1.1)
HTTP/1.1 200 OK
Content-Length: 104432
Content-Type: application/json; charset=utf-8
cache-control: no-cache

12:43:11.208 [AsyncHttpClient-1-17] DEBUG org.asynchttpclient.netty.channel.ChannelManager - Adding key: http://localhost:34673 for channel [id: 0x7fb6c393, L:/127.0.0.1:59300 - R:localhost/127.0.0.1:34673]
12:43:11.211 [main] DEBUG net.serenitybdd.core.photography.Darkroom - Send negative for processing for target\site\serenity\497549ede4ffc540098ec1a2b75c60d2b8914c9efd48a515f9446ee33b4ccb07.png
12:43:11.211 [main] DEBUG net.thucydides.core.steps.StepInterceptor - STEP DONE: validateOnLoginPage
  &amp#27;[32mGiven &amp#27;[0m&amp#27;[32mI am on the login page&amp#27;[0m                                   &amp#27;[90m# starter.stepdefinitions.LoginSteps.onLoginPage()&amp#27;[0m
12:43:11.218 [Forwarding getPageSource on session b953d0e198f2c824d8c7767d918bc72d to remote] DEBUG org.asynchttpclient.netty.request.NettyRequestSender - Using pooled Channel '[id: 0x7fb6c393, L:/127.0.0.1:59300 - R:localhost/127.0.0.1:34673]' for 'POST' to 'http://localhost:34673/session/b953d0e198f2c824d8c7767d918bc72d/execute/sync'
12:43:11.218 [Forwarding getPageSource on session b953d0e198f2c824d8c7767d918bc72d to remote] DEBUG org.asynchttpclient.netty.request.NettyRequestSender - Using open Channel [id: 0x7fb6c393, L:/127.0.0.1:59300 - R:localhost/127.0.0.1:34673] for POST '/session/b953d0e198f2c824d8c7767d918bc72d/execute/sync'
12:43:11.240 [AsyncHttpClient-1-17] DEBUG org.asynchttpclient.netty.handler.HttpHandler - 

Request DefaultHttpRequest(decodeResult: success, version: HTTP/1.1)
POST /session/b953d0e198f2c824d8c7767d918bc72d/execute/sync HTTP/1.1
User-Agent: selenium/4.8.1 (java windows)
Content-Length: 176
Content-Type: application/json; charset=utf-8
host: localhost:34673
accept: */*

Response DefaultHttpResponse(decodeResult: success, version: HTTP/1.1)
HTTP/1.1 200 OK
Content-Length: 159202
Content-Type: application/json; charset=utf-8
cache-control: no-cache

12:43:11.240 [AsyncHttpClient-1-17] DEBUG org.asynchttpclient.netty.channel.ChannelManager - Adding key: http://localhost:34673 for channel [id: 0x7fb6c393, L:/127.0.0.1:59300 - R:localhost/127.0.0.1:34673]
12:43:11.248 [Forwarding getCurrentUrl on session b953d0e198f2c824d8c7767d918bc72d to remote] DEBUG org.asynchttpclient.netty.request.NettyRequestSender - Using pooled Channel '[id: 0x7fb6c393, L:/127.0.0.1:59300 - R:localhost/127.0.0.1:34673]' for 'GET' to 'http://localhost:34673/session/b953d0e198f2c824d8c7767d918bc72d/url'
12:43:11.248 [Forwarding getCurrentUrl on session b953d0e198f2c824d8c7767d918bc72d to remote] DEBUG org.asynchttpclient.netty.request.NettyRequestSender - Using open Channel [id: 0x7fb6c393, L:/127.0.0.1:59300 - R:localhost/127.0.0.1:34673] for GET '/session/b953d0e198f2c824d8c7767d918bc72d/url'
12:43:11.257 [AsyncHttpClient-1-17] DEBUG org.asynchttpclient.netty.handler.HttpHandler - 

Request DefaultFullHttpRequest(decodeResult: success, version: HTTP/1.1, content: EmptyByteBufBE)
GET /session/b953d0e198f2c824d8c7767d918bc72d/url HTTP/1.1
User-Agent: selenium/4.8.1 (java windows)
Cache-Control: no-cache
Content-Type: application/json; charset=utf-8
host: localhost:34673
accept: */*

Response DefaultHttpResponse(decodeResult: success, version: HTTP/1.1)
HTTP/1.1 200 OK
Content-Length: 47
Content-Type: application/json; charset=utf-8
cache-control: no-cache

12:43:11.257 [AsyncHttpClient-1-17] DEBUG org.asynchttpclient.netty.channel.ChannelManager - Adding key: http://localhost:34673 for channel [id: 0x7fb6c393, L:/127.0.0.1:59300 - R:localhost/127.0.0.1:34673]
12:43:11.267 [Forwarding getAlertText on session b953d0e198f2c824d8c7767d918bc72d to remote] DEBUG org.asynchttpclient.netty.request.NettyRequestSender - Using pooled Channel '[id: 0x7fb6c393, L:/127.0.0.1:59300 - R:localhost/127.0.0.1:34673]' for 'GET' to 'http://localhost:34673/session/b953d0e198f2c824d8c7767d918bc72d/alert/text'
12:43:11.268 [Forwarding getAlertText on session b953d0e198f2c824d8c7767d918bc72d to remote] DEBUG org.asynchttpclient.netty.request.NettyRequestSender - Using open Channel [id: 0x7fb6c393, L:/127.0.0.1:59300 - R:localhost/127.0.0.1:34673] for GET '/session/b953d0e198f2c824d8c7767d918bc72d/alert/text'
12:43:11.270 [AsyncHttpClient-1-17] DEBUG org.asynchttpclient.netty.handler.HttpHandler - 

Request DefaultFullHttpRequest(decodeResult: success, version: HTTP/1.1, content: EmptyByteBufBE)
GET /session/b953d0e198f2c824d8c7767d918bc72d/alert/text HTTP/1.1
User-Agent: selenium/4.8.1 (java windows)
Cache-Control: no-cache
Content-Type: application/json; charset=utf-8
host: localhost:34673
accept: */*

Response DefaultHttpResponse(decodeResult: success, version: HTTP/1.1)
HTTP/1.1 404 Not Found
Content-Length: 821
Content-Type: application/json; charset=utf-8
cache-control: no-cache

12:43:11.271 [AsyncHttpClient-1-17] DEBUG org.asynchttpclient.netty.channel.ChannelManager - Adding key: http://localhost:34673 for channel [id: 0x7fb6c393, L:/127.0.0.1:59300 - R:localhost/127.0.0.1:34673]
12:43:11.271 [Forwarding getCurrentUrl on session b953d0e198f2c824d8c7767d918bc72d to remote] DEBUG org.asynchttpclient.netty.request.NettyRequestSender - Using pooled Channel '[id: 0x7fb6c393, L:/127.0.0.1:59300 - R:localhost/127.0.0.1:34673]' for 'GET' to 'http://localhost:34673/session/b953d0e198f2c824d8c7767d918bc72d/url'
12:43:11.273 [Forwarding getCurrentUrl on session b953d0e198f2c824d8c7767d918bc72d to remote] DEBUG org.asynchttpclient.netty.request.NettyRequestSender - Using open Channel [id: 0x7fb6c393, L:/127.0.0.1:59300 - R:localhost/127.0.0.1:34673] for GET '/session/b953d0e198f2c824d8c7767d918bc72d/url'
12:43:11.279 [AsyncHttpClient-1-17] DEBUG org.asynchttpclient.netty.handler.HttpHandler - 

Request DefaultFullHttpRequest(decodeResult: success, version: HTTP/1.1, content: EmptyByteBufBE)
GET /session/b953d0e198f2c824d8c7767d918bc72d/url HTTP/1.1
User-Agent: selenium/4.8.1 (java windows)
Cache-Control: no-cache
Content-Type: application/json; charset=utf-8
host: localhost:34673
accept: */*

Response DefaultHttpResponse(decodeResult: success, version: HTTP/1.1)
HTTP/1.1 200 OK
Content-Length: 47
Content-Type: application/json; charset=utf-8
cache-control: no-cache

12:43:11.279 [AsyncHttpClient-1-17] DEBUG org.asynchttpclient.netty.channel.ChannelManager - Adding key: http://localhost:34673 for channel [id: 0x7fb6c393, L:/127.0.0.1:59300 - R:localhost/127.0.0.1:34673]
12:43:11.280 [Forwarding screenshot on session b953d0e198f2c824d8c7767d918bc72d to remote] DEBUG org.asynchttpclient.netty.request.NettyRequestSender - Using pooled Channel '[id: 0x7fb6c393, L:/127.0.0.1:59300 - R:localhost/127.0.0.1:34673]' for 'GET' to 'http://localhost:34673/session/b953d0e198f2c824d8c7767d918bc72d/screenshot'
12:43:11.280 [Forwarding screenshot on session b953d0e198f2c824d8c7767d918bc72d to remote] DEBUG org.asynchttpclient.netty.request.NettyRequestSender - Using open Channel [id: 0x7fb6c393, L:/127.0.0.1:59300 - R:localhost/127.0.0.1:34673] for GET '/session/b953d0e198f2c824d8c7767d918bc72d/screenshot'
12:43:11.425 [AsyncHttpClient-1-17] DEBUG org.asynchttpclient.netty.handler.HttpHandler - 

Request DefaultFullHttpRequest(decodeResult: success, version: HTTP/1.1, content: EmptyByteBufBE)
GET /session/b953d0e198f2c824d8c7767d918bc72d/screenshot HTTP/1.1
User-Agent: selenium/4.8.1 (java windows)
Cache-Control: no-cache
Content-Type: application/json; charset=utf-8
host: localhost:34673
accept: */*

Response DefaultHttpResponse(decodeResult: success, version: HTTP/1.1)
HTTP/1.1 200 OK
Content-Length: 104432
Content-Type: application/json; charset=utf-8
cache-control: no-cache

12:43:11.426 [AsyncHttpClient-1-17] DEBUG org.asynchttpclient.netty.channel.ChannelManager - Adding key: http://localhost:34673 for channel [id: 0x7fb6c393, L:/127.0.0.1:59300 - R:localhost/127.0.0.1:34673]
12:43:11.428 [main] DEBUG net.serenitybdd.core.photography.Darkroom - Send negative for processing for target\site\serenity\497549ede4ffc540098ec1a2b75c60d2b8914c9efd48a515f9446ee33b4ccb07.png
12:43:11.429 [Forwarding getPageSource on session b953d0e198f2c824d8c7767d918bc72d to remote] DEBUG org.asynchttpclient.netty.request.NettyRequestSender - Using pooled Channel '[id: 0x7fb6c393, L:/127.0.0.1:59300 - R:localhost/127.0.0.1:34673]' for 'POST' to 'http://localhost:34673/session/b953d0e198f2c824d8c7767d918bc72d/execute/sync'
12:43:11.429 [Forwarding getPageSource on session b953d0e198f2c824d8c7767d918bc72d to remote] DEBUG org.asynchttpclient.netty.request.NettyRequestSender - Using open Channel [id: 0x7fb6c393, L:/127.0.0.1:59300 - R:localhost/127.0.0.1:34673] for POST '/session/b953d0e198f2c824d8c7767d918bc72d/execute/sync'
12:43:11.447 [AsyncHttpClient-1-17] DEBUG org.asynchttpclient.netty.handler.HttpHandler - 

Request DefaultHttpRequest(decodeResult: success, version: HTTP/1.1)
POST /session/b953d0e198f2c824d8c7767d918bc72d/execute/sync HTTP/1.1
User-Agent: selenium/4.8.1 (java windows)
Content-Length: 176
Content-Type: application/json; charset=utf-8
host: localhost:34673
accept: */*

Response DefaultHttpResponse(decodeResult: success, version: HTTP/1.1)
HTTP/1.1 200 OK
Content-Length: 159202
Content-Type: application/json; charset=utf-8
cache-control: no-cache

12:43:11.447 [AsyncHttpClient-1-17] DEBUG org.asynchttpclient.netty.channel.ChannelManager - Adding key: http://localhost:34673 for channel [id: 0x7fb6c393, L:/127.0.0.1:59300 - R:localhost/127.0.0.1:34673]
12:43:11.455 [Forwarding getCurrentUrl on session b953d0e198f2c824d8c7767d918bc72d to remote] DEBUG org.asynchttpclient.netty.request.NettyRequestSender - Using pooled Channel '[id: 0x7fb6c393, L:/127.0.0.1:59300 - R:localhost/127.0.0.1:34673]' for 'GET' to 'http://localhost:34673/session/b953d0e198f2c824d8c7767d918bc72d/url'
12:43:11.455 [Forwarding getCurrentUrl on session b953d0e198f2c824d8c7767d918bc72d to remote] DEBUG org.asynchttpclient.netty.request.NettyRequestSender - Using open Channel [id: 0x7fb6c393, L:/127.0.0.1:59300 - R:localhost/127.0.0.1:34673] for GET '/session/b953d0e198f2c824d8c7767d918bc72d/url'
12:43:11.460 [AsyncHttpClient-1-17] DEBUG org.asynchttpclient.netty.handler.HttpHandler - 

Request DefaultFullHttpRequest(decodeResult: success, version: HTTP/1.1, content: EmptyByteBufBE)
GET /session/b953d0e198f2c824d8c7767d918bc72d/url HTTP/1.1
User-Agent: selenium/4.8.1 (java windows)
Cache-Control: no-cache
Content-Type: application/json; charset=utf-8
host: localhost:34673
accept: */*

Response DefaultHttpResponse(decodeResult: success, version: HTTP/1.1)
HTTP/1.1 200 OK
Content-Length: 47
Content-Type: application/json; charset=utf-8
cache-control: no-cache

12:43:11.460 [AsyncHttpClient-1-17] DEBUG org.asynchttpclient.netty.channel.ChannelManager - Adding key: http://localhost:34673 for channel [id: 0x7fb6c393, L:/127.0.0.1:59300 - R:localhost/127.0.0.1:34673]
12:43:11.462 [main] DEBUG net.thucydides.core.steps.StepInterceptor - STARTING STEP: LoginSteps.enterUsernamelOnSigIn - inputUsername
12:43:11.464 [Forwarding findElement on session b953d0e198f2c824d8c7767d918bc72d to remote] DEBUG org.asynchttpclient.netty.request.NettyRequestSender - Using pooled Channel '[id: 0x7fb6c393, L:/127.0.0.1:59300 - R:localhost/127.0.0.1:34673]' for 'POST' to 'http://localhost:34673/session/b953d0e198f2c824d8c7767d918bc72d/element'
12:43:11.464 [Forwarding findElement on session b953d0e198f2c824d8c7767d918bc72d to remote] DEBUG org.asynchttpclient.netty.request.NettyRequestSender - Using open Channel [id: 0x7fb6c393, L:/127.0.0.1:59300 - R:localhost/127.0.0.1:34673] for POST '/session/b953d0e198f2c824d8c7767d918bc72d/element'
12:43:11.475 [AsyncHttpClient-1-17] DEBUG org.asynchttpclient.netty.handler.HttpHandler - 

Request DefaultHttpRequest(decodeResult: success, version: HTTP/1.1)
POST /session/b953d0e198f2c824d8c7767d918bc72d/element HTTP/1.1
User-Agent: selenium/4.8.1 (java windows)
Content-Length: 88
Content-Type: application/json; charset=utf-8
host: localhost:34673
accept: */*

Response DefaultHttpResponse(decodeResult: success, version: HTTP/1.1)
HTTP/1.1 200 OK
Content-Length: 95
Content-Type: application/json; charset=utf-8
cache-control: no-cache

12:43:11.476 [AsyncHttpClient-1-17] DEBUG org.asynchttpclient.netty.channel.ChannelManager - Adding key: http://localhost:34673 for channel [id: 0x7fb6c393, L:/127.0.0.1:59300 - R:localhost/127.0.0.1:34673]
12:43:11.477 [Forwarding clearElement on session b953d0e198f2c824d8c7767d918bc72d to remote] DEBUG org.asynchttpclient.netty.request.NettyRequestSender - Using pooled Channel '[id: 0x7fb6c393, L:/127.0.0.1:59300 - R:localhost/127.0.0.1:34673]' for 'POST' to 'http://localhost:34673/session/b953d0e198f2c824d8c7767d918bc72d/element/3A5D1DA13A1F781882877C36EEB81AD2_element_10/clear'
12:43:11.477 [Forwarding clearElement on session b953d0e198f2c824d8c7767d918bc72d to remote] DEBUG org.asynchttpclient.netty.request.NettyRequestSender - Using open Channel [id: 0x7fb6c393, L:/127.0.0.1:59300 - R:localhost/127.0.0.1:34673] for POST '/session/b953d0e198f2c824d8c7767d918bc72d/element/3A5D1DA13A1F781882877C36EEB81AD2_element_10/clear'
12:43:11.518 [AsyncHttpClient-1-17] DEBUG org.asynchttpclient.netty.handler.HttpHandler - 

Request DefaultHttpRequest(decodeResult: success, version: HTTP/1.1)
POST /session/b953d0e198f2c824d8c7767d918bc72d/element/3A5D1DA13A1F781882877C36EEB81AD2_element_10/clear HTTP/1.1
User-Agent: selenium/4.8.1 (java windows)
Content-Length: 57
Content-Type: application/json; charset=utf-8
host: localhost:34673
accept: */*

Response DefaultHttpResponse(decodeResult: success, version: HTTP/1.1)
HTTP/1.1 200 OK
Content-Length: 14
Content-Type: application/json; charset=utf-8
cache-control: no-cache

12:43:11.518 [AsyncHttpClient-1-17] DEBUG org.asynchttpclient.netty.channel.ChannelManager - Adding key: http://localhost:34673 for channel [id: 0x7fb6c393, L:/127.0.0.1:59300 - R:localhost/127.0.0.1:34673]
12:43:11.519 [Forwarding sendKeysToElement on session b953d0e198f2c824d8c7767d918bc72d to remote] DEBUG org.asynchttpclient.netty.request.NettyRequestSender - Using pooled Channel '[id: 0x7fb6c393, L:/127.0.0.1:59300 - R:localhost/127.0.0.1:34673]' for 'POST' to 'http://localhost:34673/session/b953d0e198f2c824d8c7767d918bc72d/element/3A5D1DA13A1F781882877C36EEB81AD2_element_10/value'
12:43:11.519 [Forwarding sendKeysToElement on session b953d0e198f2c824d8c7767d918bc72d to remote] DEBUG org.asynchttpclient.netty.request.NettyRequestSender - Using open Channel [id: 0x7fb6c393, L:/127.0.0.1:59300 - R:localhost/127.0.0.1:34673] for POST '/session/b953d0e198f2c824d8c7767d918bc72d/element/3A5D1DA13A1F781882877C36EEB81AD2_element_10/value'
12:43:11.552 [AsyncHttpClient-1-1] DEBUG org.asynchttpclient.netty.channel.DefaultChannelPool - Entry count for : http://localhost:59301 : 1
12:43:11.624 [AsyncHttpClient-1-17] DEBUG org.asynchttpclient.netty.handler.HttpHandler - 

Request DefaultHttpRequest(decodeResult: success, version: HTTP/1.1)
POST /session/b953d0e198f2c824d8c7767d918bc72d/element/3A5D1DA13A1F781882877C36EEB81AD2_element_10/value HTTP/1.1
User-Agent: selenium/4.8.1 (java windows)
Content-Length: 138
Content-Type: application/json; charset=utf-8
host: localhost:34673
accept: */*

Response DefaultHttpResponse(decodeResult: success, version: HTTP/1.1)
HTTP/1.1 200 OK
Content-Length: 14
Content-Type: application/json; charset=utf-8
cache-control: no-cache

12:43:11.624 [AsyncHttpClient-1-17] DEBUG org.asynchttpclient.netty.channel.ChannelManager - Adding key: http://localhost:34673 for channel [id: 0x7fb6c393, L:/127.0.0.1:59300 - R:localhost/127.0.0.1:34673]
12:43:11.630 [Forwarding getAlertText on session b953d0e198f2c824d8c7767d918bc72d to remote] DEBUG org.asynchttpclient.netty.request.NettyRequestSender - Using pooled Channel '[id: 0x7fb6c393, L:/127.0.0.1:59300 - R:localhost/127.0.0.1:34673]' for 'GET' to 'http://localhost:34673/session/b953d0e198f2c824d8c7767d918bc72d/alert/text'
12:43:11.630 [Forwarding getAlertText on session b953d0e198f2c824d8c7767d918bc72d to remote] DEBUG org.asynchttpclient.netty.request.NettyRequestSender - Using open Channel [id: 0x7fb6c393, L:/127.0.0.1:59300 - R:localhost/127.0.0.1:34673] for GET '/session/b953d0e198f2c824d8c7767d918bc72d/alert/text'
12:43:11.634 [AsyncHttpClient-1-17] DEBUG org.asynchttpclient.netty.handler.HttpHandler - 

Request DefaultFullHttpRequest(decodeResult: success, version: HTTP/1.1, content: EmptyByteBufBE)
GET /session/b953d0e198f2c824d8c7767d918bc72d/alert/text HTTP/1.1
User-Agent: selenium/4.8.1 (java windows)
Cache-Control: no-cache
Content-Type: application/json; charset=utf-8
host: localhost:34673
accept: */*

Response DefaultHttpResponse(decodeResult: success, version: HTTP/1.1)
HTTP/1.1 404 Not Found
Content-Length: 821
Content-Type: application/json; charset=utf-8
cache-control: no-cache

12:43:11.634 [AsyncHttpClient-1-17] DEBUG org.asynchttpclient.netty.channel.ChannelManager - Adding key: http://localhost:34673 for channel [id: 0x7fb6c393, L:/127.0.0.1:59300 - R:localhost/127.0.0.1:34673]
12:43:11.635 [Forwarding getCurrentUrl on session b953d0e198f2c824d8c7767d918bc72d to remote] DEBUG org.asynchttpclient.netty.request.NettyRequestSender - Using pooled Channel '[id: 0x7fb6c393, L:/127.0.0.1:59300 - R:localhost/127.0.0.1:34673]' for 'GET' to 'http://localhost:34673/session/b953d0e198f2c824d8c7767d918bc72d/url'
12:43:11.635 [Forwarding getCurrentUrl on session b953d0e198f2c824d8c7767d918bc72d to remote] DEBUG org.asynchttpclient.netty.request.NettyRequestSender - Using open Channel [id: 0x7fb6c393, L:/127.0.0.1:59300 - R:localhost/127.0.0.1:34673] for GET '/session/b953d0e198f2c824d8c7767d918bc72d/url'
12:43:11.646 [AsyncHttpClient-1-17] DEBUG org.asynchttpclient.netty.handler.HttpHandler - 

Request DefaultFullHttpRequest(decodeResult: success, version: HTTP/1.1, content: EmptyByteBufBE)
GET /session/b953d0e198f2c824d8c7767d918bc72d/url HTTP/1.1
User-Agent: selenium/4.8.1 (java windows)
Cache-Control: no-cache
Content-Type: application/json; charset=utf-8
host: localhost:34673
accept: */*

Response DefaultHttpResponse(decodeResult: success, version: HTTP/1.1)
HTTP/1.1 200 OK
Content-Length: 47
Content-Type: application/json; charset=utf-8
cache-control: no-cache

12:43:11.646 [AsyncHttpClient-1-17] DEBUG org.asynchttpclient.netty.channel.ChannelManager - Adding key: http://localhost:34673 for channel [id: 0x7fb6c393, L:/127.0.0.1:59300 - R:localhost/127.0.0.1:34673]
12:43:11.647 [Forwarding screenshot on session b953d0e198f2c824d8c7767d918bc72d to remote] DEBUG org.asynchttpclient.netty.request.NettyRequestSender - Using pooled Channel '[id: 0x7fb6c393, L:/127.0.0.1:59300 - R:localhost/127.0.0.1:34673]' for 'GET' to 'http://localhost:34673/session/b953d0e198f2c824d8c7767d918bc72d/screenshot'
12:43:11.647 [Forwarding screenshot on session b953d0e198f2c824d8c7767d918bc72d to remote] DEBUG org.asynchttpclient.netty.request.NettyRequestSender - Using open Channel [id: 0x7fb6c393, L:/127.0.0.1:59300 - R:localhost/127.0.0.1:34673] for GET '/session/b953d0e198f2c824d8c7767d918bc72d/screenshot'
12:43:11.801 [AsyncHttpClient-1-17] DEBUG org.asynchttpclient.netty.handler.HttpHandler - 

Request DefaultFullHttpRequest(decodeResult: success, version: HTTP/1.1, content: EmptyByteBufBE)
GET /session/b953d0e198f2c824d8c7767d918bc72d/screenshot HTTP/1.1
User-Agent: selenium/4.8.1 (java windows)
Cache-Control: no-cache
Content-Type: application/json; charset=utf-8
host: localhost:34673
accept: */*

Response DefaultHttpResponse(decodeResult: success, version: HTTP/1.1)
HTTP/1.1 200 OK
Content-Length: 104384
Content-Type: application/json; charset=utf-8
cache-control: no-cache

12:43:11.801 [AsyncHttpClient-1-17] DEBUG org.asynchttpclient.netty.channel.ChannelManager - Adding key: http://localhost:34673 for channel [id: 0x7fb6c393, L:/127.0.0.1:59300 - R:localhost/127.0.0.1:34673]
12:43:11.803 [main] DEBUG net.serenitybdd.core.photography.Darkroom - Send negative for processing for target\site\serenity\08f118e1e33119af05b47f3196691efd2a981a54d5eba0a88e8ce752a2d5df26.png
12:43:11.804 [main] DEBUG net.thucydides.core.steps.StepInterceptor - STEP DONE: inputUsername
  &amp#27;[32mWhen &amp#27;[0m&amp#27;[32mI enter Username &amp#27;[0m&amp#27;[32m&amp#27;[1m"admin"&amp#27;[0m                                  &amp#27;[90m# starter.stepdefinitions.LoginSteps.enterUsernamelOnSigIn(java.lang.String)&amp#27;[0m
12:43:11.804 [Darkroom Processing Line] DEBUG net.serenitybdd.core.photography.DarkroomProcessingLine - Processing screenshot image in /var/screenshots/screenshot-457542096946665360
12:43:11.804 [Darkroom Processing Line] DEBUG net.serenitybdd.core.photography.DarkroomProcessingLine - Saving screenshot to target\site\serenity\08f118e1e33119af05b47f3196691efd2a981a54d5eba0a88e8ce752a2d5df26.png
12:43:11.810 [Forwarding getPageSource on session b953d0e198f2c824d8c7767d918bc72d to remote] DEBUG org.asynchttpclient.netty.request.NettyRequestSender - Using pooled Channel '[id: 0x7fb6c393, L:/127.0.0.1:59300 - R:localhost/127.0.0.1:34673]' for 'POST' to 'http://localhost:34673/session/b953d0e198f2c824d8c7767d918bc72d/execute/sync'
12:43:11.810 [Forwarding getPageSource on session b953d0e198f2c824d8c7767d918bc72d to remote] DEBUG org.asynchttpclient.netty.request.NettyRequestSender - Using open Channel [id: 0x7fb6c393, L:/127.0.0.1:59300 - R:localhost/127.0.0.1:34673] for POST '/session/b953d0e198f2c824d8c7767d918bc72d/execute/sync'
12:43:11.831 [AsyncHttpClient-1-17] DEBUG org.asynchttpclient.netty.handler.HttpHandler - 

Request DefaultHttpRequest(decodeResult: success, version: HTTP/1.1)
POST /session/b953d0e198f2c824d8c7767d918bc72d/execute/sync HTTP/1.1
User-Agent: selenium/4.8.1 (java windows)
Content-Length: 176
Content-Type: application/json; charset=utf-8
host: localhost:34673
accept: */*

Response DefaultHttpResponse(decodeResult: success, version: HTTP/1.1)
HTTP/1.1 200 OK
Content-Length: 159304
Content-Type: application/json; charset=utf-8
cache-control: no-cache

12:43:11.831 [AsyncHttpClient-1-17] DEBUG org.asynchttpclient.netty.channel.ChannelManager - Adding key: http://localhost:34673 for channel [id: 0x7fb6c393, L:/127.0.0.1:59300 - R:localhost/127.0.0.1:34673]
12:43:11.837 [Forwarding getCurrentUrl on session b953d0e198f2c824d8c7767d918bc72d to remote] DEBUG org.asynchttpclient.netty.request.NettyRequestSender - Using pooled Channel '[id: 0x7fb6c393, L:/127.0.0.1:59300 - R:localhost/127.0.0.1:34673]' for 'GET' to 'http://localhost:34673/session/b953d0e198f2c824d8c7767d918bc72d/url'
12:43:11.838 [Forwarding getCurrentUrl on session b953d0e198f2c824d8c7767d918bc72d to remote] DEBUG org.asynchttpclient.netty.request.NettyRequestSender - Using open Channel [id: 0x7fb6c393, L:/127.0.0.1:59300 - R:localhost/127.0.0.1:34673] for GET '/session/b953d0e198f2c824d8c7767d918bc72d/url'
12:43:11.847 [AsyncHttpClient-1-17] DEBUG org.asynchttpclient.netty.handler.HttpHandler - 

Request DefaultFullHttpRequest(decodeResult: success, version: HTTP/1.1, content: EmptyByteBufBE)
GET /session/b953d0e198f2c824d8c7767d918bc72d/url HTTP/1.1
User-Agent: selenium/4.8.1 (java windows)
Cache-Control: no-cache
Content-Type: application/json; charset=utf-8
host: localhost:34673
accept: */*

Response DefaultHttpResponse(decodeResult: success, version: HTTP/1.1)
HTTP/1.1 200 OK
Content-Length: 47
Content-Type: application/json; charset=utf-8
cache-control: no-cache

12:43:11.847 [AsyncHttpClient-1-17] DEBUG org.asynchttpclient.netty.channel.ChannelManager - Adding key: http://localhost:34673 for channel [id: 0x7fb6c393, L:/127.0.0.1:59300 - R:localhost/127.0.0.1:34673]
12:43:11.853 [Forwarding getPageSource on session b953d0e198f2c824d8c7767d918bc72d to remote] DEBUG org.asynchttpclient.netty.request.NettyRequestSender - Using pooled Channel '[id: 0x7fb6c393, L:/127.0.0.1:59300 - R:localhost/127.0.0.1:34673]' for 'POST' to 'http://localhost:34673/session/b953d0e198f2c824d8c7767d918bc72d/execute/sync'
12:43:11.853 [Forwarding getPageSource on session b953d0e198f2c824d8c7767d918bc72d to remote] DEBUG org.asynchttpclient.netty.request.NettyRequestSender - Using open Channel [id: 0x7fb6c393, L:/127.0.0.1:59300 - R:localhost/127.0.0.1:34673] for POST '/session/b953d0e198f2c824d8c7767d918bc72d/execute/sync'
12:43:11.869 [AsyncHttpClient-1-17] DEBUG org.asynchttpclient.netty.handler.HttpHandler - 

Request DefaultHttpRequest(decodeResult: success, version: HTTP/1.1)
POST /session/b953d0e198f2c824d8c7767d918bc72d/execute/sync HTTP/1.1
User-Agent: selenium/4.8.1 (java windows)
Content-Length: 176
Content-Type: application/json; charset=utf-8
host: localhost:34673
accept: */*

Response DefaultHttpResponse(decodeResult: success, version: HTTP/1.1)
HTTP/1.1 200 OK
Content-Length: 159304
Content-Type: application/json; charset=utf-8
cache-control: no-cache

12:43:11.869 [AsyncHttpClient-1-17] DEBUG org.asynchttpclient.netty.channel.ChannelManager - Adding key: http://localhost:34673 for channel [id: 0x7fb6c393, L:/127.0.0.1:59300 - R:localhost/127.0.0.1:34673]
12:43:11.876 [Forwarding getCurrentUrl on session b953d0e198f2c824d8c7767d918bc72d to remote] DEBUG org.asynchttpclient.netty.request.NettyRequestSender - Using pooled Channel '[id: 0x7fb6c393, L:/127.0.0.1:59300 - R:localhost/127.0.0.1:34673]' for 'GET' to 'http://localhost:34673/session/b953d0e198f2c824d8c7767d918bc72d/url'
12:43:11.876 [Forwarding getCurrentUrl on session b953d0e198f2c824d8c7767d918bc72d to remote] DEBUG org.asynchttpclient.netty.request.NettyRequestSender - Using open Channel [id: 0x7fb6c393, L:/127.0.0.1:59300 - R:localhost/127.0.0.1:34673] for GET '/session/b953d0e198f2c824d8c7767d918bc72d/url'
12:43:11.886 [AsyncHttpClient-1-17] DEBUG org.asynchttpclient.netty.handler.HttpHandler - 

Request DefaultFullHttpRequest(decodeResult: success, version: HTTP/1.1, content: EmptyByteBufBE)
GET /session/b953d0e198f2c824d8c7767d918bc72d/url HTTP/1.1
User-Agent: selenium/4.8.1 (java windows)
Cache-Control: no-cache
Content-Type: application/json; charset=utf-8
host: localhost:34673
accept: */*

Response DefaultHttpResponse(decodeResult: success, version: HTTP/1.1)
HTTP/1.1 200 OK
Content-Length: 47
Content-Type: application/json; charset=utf-8
cache-control: no-cache

12:43:11.886 [AsyncHttpClient-1-17] DEBUG org.asynchttpclient.netty.channel.ChannelManager - Adding key: http://localhost:34673 for channel [id: 0x7fb6c393, L:/127.0.0.1:59300 - R:localhost/127.0.0.1:34673]
12:43:11.888 [main] DEBUG net.thucydides.core.steps.StepInterceptor - STARTING STEP: LoginSteps.enterPasswordOnLogin - inputPassword
12:43:11.890 [Forwarding findElement on session b953d0e198f2c824d8c7767d918bc72d to remote] DEBUG org.asynchttpclient.netty.request.NettyRequestSender - Using pooled Channel '[id: 0x7fb6c393, L:/127.0.0.1:59300 - R:localhost/127.0.0.1:34673]' for 'POST' to 'http://localhost:34673/session/b953d0e198f2c824d8c7767d918bc72d/element'
12:43:11.890 [Forwarding findElement on session b953d0e198f2c824d8c7767d918bc72d to remote] DEBUG org.asynchttpclient.netty.request.NettyRequestSender - Using open Channel [id: 0x7fb6c393, L:/127.0.0.1:59300 - R:localhost/127.0.0.1:34673] for POST '/session/b953d0e198f2c824d8c7767d918bc72d/element'
12:43:11.906 [AsyncHttpClient-1-17] DEBUG org.asynchttpclient.netty.handler.HttpHandler - 

Request DefaultHttpRequest(decodeResult: success, version: HTTP/1.1)
POST /session/b953d0e198f2c824d8c7767d918bc72d/element HTTP/1.1
User-Agent: selenium/4.8.1 (java windows)
Content-Length: 79
Content-Type: application/json; charset=utf-8
host: localhost:34673
accept: */*

Response DefaultHttpResponse(decodeResult: success, version: HTTP/1.1)
HTTP/1.1 200 OK
Content-Length: 94
Content-Type: application/json; charset=utf-8
cache-control: no-cache

12:43:11.907 [AsyncHttpClient-1-17] DEBUG org.asynchttpclient.netty.channel.ChannelManager - Adding key: http://localhost:34673 for channel [id: 0x7fb6c393, L:/127.0.0.1:59300 - R:localhost/127.0.0.1:34673]
12:43:11.909 [Forwarding clearElement on session b953d0e198f2c824d8c7767d918bc72d to remote] DEBUG org.asynchttpclient.netty.request.NettyRequestSender - Using pooled Channel '[id: 0x7fb6c393, L:/127.0.0.1:59300 - R:localhost/127.0.0.1:34673]' for 'POST' to 'http://localhost:34673/session/b953d0e198f2c824d8c7767d918bc72d/element/3A5D1DA13A1F781882877C36EEB81AD2_element_4/clear'
12:43:11.909 [Forwarding clearElement on session b953d0e198f2c824d8c7767d918bc72d to remote] DEBUG org.asynchttpclient.netty.request.NettyRequestSender - Using open Channel [id: 0x7fb6c393, L:/127.0.0.1:59300 - R:localhost/127.0.0.1:34673] for POST '/session/b953d0e198f2c824d8c7767d918bc72d/element/3A5D1DA13A1F781882877C36EEB81AD2_element_4/clear'
12:43:11.941 [AsyncHttpClient-1-17] DEBUG org.asynchttpclient.netty.handler.HttpHandler - 

Request DefaultHttpRequest(decodeResult: success, version: HTTP/1.1)
POST /session/b953d0e198f2c824d8c7767d918bc72d/element/3A5D1DA13A1F781882877C36EEB81AD2_element_4/clear HTTP/1.1
User-Agent: selenium/4.8.1 (java windows)
Content-Length: 56
Content-Type: application/json; charset=utf-8
host: localhost:34673
accept: */*

Response DefaultHttpResponse(decodeResult: success, version: HTTP/1.1)
HTTP/1.1 200 OK
Content-Length: 14
Content-Type: application/json; charset=utf-8
cache-control: no-cache

12:43:11.941 [AsyncHttpClient-1-17] DEBUG org.asynchttpclient.netty.channel.ChannelManager - Adding key: http://localhost:34673 for channel [id: 0x7fb6c393, L:/127.0.0.1:59300 - R:localhost/127.0.0.1:34673]
12:43:11.942 [Forwarding sendKeysToElement on session b953d0e198f2c824d8c7767d918bc72d to remote] DEBUG org.asynchttpclient.netty.request.NettyRequestSender - Using pooled Channel '[id: 0x7fb6c393, L:/127.0.0.1:59300 - R:localhost/127.0.0.1:34673]' for 'POST' to 'http://localhost:34673/session/b953d0e198f2c824d8c7767d918bc72d/element/3A5D1DA13A1F781882877C36EEB81AD2_element_4/value'
12:43:11.942 [Forwarding sendKeysToElement on session b953d0e198f2c824d8c7767d918bc72d to remote] DEBUG org.asynchttpclient.netty.request.NettyRequestSender - Using open Channel [id: 0x7fb6c393, L:/127.0.0.1:59300 - R:localhost/127.0.0.1:34673] for POST '/session/b953d0e198f2c824d8c7767d918bc72d/element/3A5D1DA13A1F781882877C36EEB81AD2_element_4/value'
12:43:11.989 [AsyncHttpClient-1-17] DEBUG org.asynchttpclient.netty.handler.HttpHandler - 

Request DefaultHttpRequest(decodeResult: success, version: HTTP/1.1)
POST /session/b953d0e198f2c824d8c7767d918bc72d/element/3A5D1DA13A1F781882877C36EEB81AD2_element_4/value HTTP/1.1
User-Agent: selenium/4.8.1 (java windows)
Content-Length: 88
Content-Type: application/json; charset=utf-8
host: localhost:34673
accept: */*

Response DefaultHttpResponse(decodeResult: success, version: HTTP/1.1)
HTTP/1.1 200 OK
Content-Length: 14
Content-Type: application/json; charset=utf-8
cache-control: no-cache

12:43:11.989 [AsyncHttpClient-1-17] DEBUG org.asynchttpclient.netty.channel.ChannelManager - Adding key: http://localhost:34673 for channel [id: 0x7fb6c393, L:/127.0.0.1:59300 - R:localhost/127.0.0.1:34673]
12:43:11.996 [Forwarding getAlertText on session b953d0e198f2c824d8c7767d918bc72d to remote] DEBUG org.asynchttpclient.netty.request.NettyRequestSender - Using pooled Channel '[id: 0x7fb6c393, L:/127.0.0.1:59300 - R:localhost/127.0.0.1:34673]' for 'GET' to 'http://localhost:34673/session/b953d0e198f2c824d8c7767d918bc72d/alert/text'
12:43:11.996 [Forwarding getAlertText on session b953d0e198f2c824d8c7767d918bc72d to remote] DEBUG org.asynchttpclient.netty.request.NettyRequestSender - Using open Channel [id: 0x7fb6c393, L:/127.0.0.1:59300 - R:localhost/127.0.0.1:34673] for GET '/session/b953d0e198f2c824d8c7767d918bc72d/alert/text'
12:43:11.998 [AsyncHttpClient-1-17] DEBUG org.asynchttpclient.netty.handler.HttpHandler - 

Request DefaultFullHttpRequest(decodeResult: success, version: HTTP/1.1, content: EmptyByteBufBE)
GET /session/b953d0e198f2c824d8c7767d918bc72d/alert/text HTTP/1.1
User-Agent: selenium/4.8.1 (java windows)
Cache-Control: no-cache
Content-Type: application/json; charset=utf-8
host: localhost:34673
accept: */*

Response DefaultHttpResponse(decodeResult: success, version: HTTP/1.1)
HTTP/1.1 404 Not Found
Content-Length: 821
Content-Type: application/json; charset=utf-8
cache-control: no-cache

12:43:11.998 [AsyncHttpClient-1-17] DEBUG org.asynchttpclient.netty.channel.ChannelManager - Adding key: http://localhost:34673 for channel [id: 0x7fb6c393, L:/127.0.0.1:59300 - R:localhost/127.0.0.1:34673]
12:43:11.999 [Forwarding getCurrentUrl on session b953d0e198f2c824d8c7767d918bc72d to remote] DEBUG org.asynchttpclient.netty.request.NettyRequestSender - Using pooled Channel '[id: 0x7fb6c393, L:/127.0.0.1:59300 - R:localhost/127.0.0.1:34673]' for 'GET' to 'http://localhost:34673/session/b953d0e198f2c824d8c7767d918bc72d/url'
12:43:11.999 [Forwarding getCurrentUrl on session b953d0e198f2c824d8c7767d918bc72d to remote] DEBUG org.asynchttpclient.netty.request.NettyRequestSender - Using open Channel [id: 0x7fb6c393, L:/127.0.0.1:59300 - R:localhost/127.0.0.1:34673] for GET '/session/b953d0e198f2c824d8c7767d918bc72d/url'
12:43:12.002 [AsyncHttpClient-1-17] DEBUG org.asynchttpclient.netty.handler.HttpHandler - 

Request DefaultFullHttpRequest(decodeResult: success, version: HTTP/1.1, content: EmptyByteBufBE)
GET /session/b953d0e198f2c824d8c7767d918bc72d/url HTTP/1.1
User-Agent: selenium/4.8.1 (java windows)
Cache-Control: no-cache
Content-Type: application/json; charset=utf-8
host: localhost:34673
accept: */*

Response DefaultHttpResponse(decodeResult: success, version: HTTP/1.1)
HTTP/1.1 200 OK
Content-Length: 47
Content-Type: application/json; charset=utf-8
cache-control: no-cache

12:43:12.002 [AsyncHttpClient-1-17] DEBUG org.asynchttpclient.netty.channel.ChannelManager - Adding key: http://localhost:34673 for channel [id: 0x7fb6c393, L:/127.0.0.1:59300 - R:localhost/127.0.0.1:34673]
12:43:12.003 [Forwarding screenshot on session b953d0e198f2c824d8c7767d918bc72d to remote] DEBUG org.asynchttpclient.netty.request.NettyRequestSender - Using pooled Channel '[id: 0x7fb6c393, L:/127.0.0.1:59300 - R:localhost/127.0.0.1:34673]' for 'GET' to 'http://localhost:34673/session/b953d0e198f2c824d8c7767d918bc72d/screenshot'
12:43:12.003 [Forwarding screenshot on session b953d0e198f2c824d8c7767d918bc72d to remote] DEBUG org.asynchttpclient.netty.request.NettyRequestSender - Using open Channel [id: 0x7fb6c393, L:/127.0.0.1:59300 - R:localhost/127.0.0.1:34673] for GET '/session/b953d0e198f2c824d8c7767d918bc72d/screenshot'
12:43:12.138 [AsyncHttpClient-1-17] DEBUG org.asynchttpclient.netty.handler.HttpHandler - 

Request DefaultFullHttpRequest(decodeResult: success, version: HTTP/1.1, content: EmptyByteBufBE)
GET /session/b953d0e198f2c824d8c7767d918bc72d/screenshot HTTP/1.1
User-Agent: selenium/4.8.1 (java windows)
Cache-Control: no-cache
Content-Type: application/json; charset=utf-8
host: localhost:34673
accept: */*

Response DefaultHttpResponse(decodeResult: success, version: HTTP/1.1)
HTTP/1.1 200 OK
Content-Length: 104560
Content-Type: application/json; charset=utf-8
cache-control: no-cache

12:43:12.139 [AsyncHttpClient-1-17] DEBUG org.asynchttpclient.netty.channel.ChannelManager - Adding key: http://localhost:34673 for channel [id: 0x7fb6c393, L:/127.0.0.1:59300 - R:localhost/127.0.0.1:34673]
12:43:12.141 [main] DEBUG net.serenitybdd.core.photography.Darkroom - Send negative for processing for target\site\serenity\0a2aa0dc61806ed126c07d3f7c8ca01c25ef1dc11fbc08a37955c51b9dd0178f.png
12:43:12.141 [main] DEBUG net.thucydides.core.steps.StepInterceptor - STEP DONE: inputPassword
  &amp#27;[32mAnd &amp#27;[0m&amp#27;[32mI enter Password &amp#27;[0m&amp#27;[32m&amp#27;[1m""&amp#27;[0m                                        &amp#27;[90m# starter.stepdefinitions.LoginSteps.enterPasswordOnLogin(java.lang.String)&amp#27;[0m
12:43:12.142 [Darkroom Processing Line] DEBUG net.serenitybdd.core.photography.DarkroomProcessingLine - Processing screenshot image in /var/screenshots/screenshot-9322260688298836279
12:43:12.142 [Darkroom Processing Line] DEBUG net.serenitybdd.core.photography.DarkroomProcessingLine - Saving screenshot to target\site\serenity\0a2aa0dc61806ed126c07d3f7c8ca01c25ef1dc11fbc08a37955c51b9dd0178f.png
12:43:12.150 [Forwarding getPageSource on session b953d0e198f2c824d8c7767d918bc72d to remote] DEBUG org.asynchttpclient.netty.request.NettyRequestSender - Using pooled Channel '[id: 0x7fb6c393, L:/127.0.0.1:59300 - R:localhost/127.0.0.1:34673]' for 'POST' to 'http://localhost:34673/session/b953d0e198f2c824d8c7767d918bc72d/execute/sync'
12:43:12.150 [Forwarding getPageSource on session b953d0e198f2c824d8c7767d918bc72d to remote] DEBUG org.asynchttpclient.netty.request.NettyRequestSender - Using open Channel [id: 0x7fb6c393, L:/127.0.0.1:59300 - R:localhost/127.0.0.1:34673] for POST '/session/b953d0e198f2c824d8c7767d918bc72d/execute/sync'
12:43:12.177 [AsyncHttpClient-1-17] DEBUG org.asynchttpclient.netty.handler.HttpHandler - 

Request DefaultHttpRequest(decodeResult: success, version: HTTP/1.1)
POST /session/b953d0e198f2c824d8c7767d918bc72d/execute/sync HTTP/1.1
User-Agent: selenium/4.8.1 (java windows)
Content-Length: 176
Content-Type: application/json; charset=utf-8
host: localhost:34673
accept: */*

Response DefaultHttpResponse(decodeResult: success, version: HTTP/1.1)
HTTP/1.1 200 OK
Content-Length: 159304
Content-Type: application/json; charset=utf-8
cache-control: no-cache

12:43:12.177 [AsyncHttpClient-1-17] DEBUG org.asynchttpclient.netty.channel.ChannelManager - Adding key: http://localhost:34673 for channel [id: 0x7fb6c393, L:/127.0.0.1:59300 - R:localhost/127.0.0.1:34673]
12:43:12.186 [Forwarding getCurrentUrl on session b953d0e198f2c824d8c7767d918bc72d to remote] DEBUG org.asynchttpclient.netty.request.NettyRequestSender - Using pooled Channel '[id: 0x7fb6c393, L:/127.0.0.1:59300 - R:localhost/127.0.0.1:34673]' for 'GET' to 'http://localhost:34673/session/b953d0e198f2c824d8c7767d918bc72d/url'
12:43:12.186 [Forwarding getCurrentUrl on session b953d0e198f2c824d8c7767d918bc72d to remote] DEBUG org.asynchttpclient.netty.request.NettyRequestSender - Using open Channel [id: 0x7fb6c393, L:/127.0.0.1:59300 - R:localhost/127.0.0.1:34673] for GET '/session/b953d0e198f2c824d8c7767d918bc72d/url'
12:43:12.196 [AsyncHttpClient-1-17] DEBUG org.asynchttpclient.netty.handler.HttpHandler - 

Request DefaultFullHttpRequest(decodeResult: success, version: HTTP/1.1, content: EmptyByteBufBE)
GET /session/b953d0e198f2c824d8c7767d918bc72d/url HTTP/1.1
User-Agent: selenium/4.8.1 (java windows)
Cache-Control: no-cache
Content-Type: application/json; charset=utf-8
host: localhost:34673
accept: */*

Response DefaultHttpResponse(decodeResult: success, version: HTTP/1.1)
HTTP/1.1 200 OK
Content-Length: 47
Content-Type: application/json; charset=utf-8
cache-control: no-cache

12:43:12.196 [AsyncHttpClient-1-17] DEBUG org.asynchttpclient.netty.channel.ChannelManager - Adding key: http://localhost:34673 for channel [id: 0x7fb6c393, L:/127.0.0.1:59300 - R:localhost/127.0.0.1:34673]
12:43:12.202 [Forwarding getAlertText on session b953d0e198f2c824d8c7767d918bc72d to remote] DEBUG org.asynchttpclient.netty.request.NettyRequestSender - Using pooled Channel '[id: 0x7fb6c393, L:/127.0.0.1:59300 - R:localhost/127.0.0.1:34673]' for 'GET' to 'http://localhost:34673/session/b953d0e198f2c824d8c7767d918bc72d/alert/text'
12:43:12.202 [Forwarding getAlertText on session b953d0e198f2c824d8c7767d918bc72d to remote] DEBUG org.asynchttpclient.netty.request.NettyRequestSender - Using open Channel [id: 0x7fb6c393, L:/127.0.0.1:59300 - R:localhost/127.0.0.1:34673] for GET '/session/b953d0e198f2c824d8c7767d918bc72d/alert/text'
12:43:12.205 [AsyncHttpClient-1-17] DEBUG org.asynchttpclient.netty.handler.HttpHandler - 

Request DefaultFullHttpRequest(decodeResult: success, version: HTTP/1.1, content: EmptyByteBufBE)
GET /session/b953d0e198f2c824d8c7767d918bc72d/alert/text HTTP/1.1
User-Agent: selenium/4.8.1 (java windows)
Cache-Control: no-cache
Content-Type: application/json; charset=utf-8
host: localhost:34673
accept: */*

Response DefaultHttpResponse(decodeResult: success, version: HTTP/1.1)
HTTP/1.1 404 Not Found
Content-Length: 821
Content-Type: application/json; charset=utf-8
cache-control: no-cache

12:43:12.205 [AsyncHttpClient-1-17] DEBUG org.asynchttpclient.netty.channel.ChannelManager - Adding key: http://localhost:34673 for channel [id: 0x7fb6c393, L:/127.0.0.1:59300 - R:localhost/127.0.0.1:34673]
12:43:12.206 [Forwarding getCurrentUrl on session b953d0e198f2c824d8c7767d918bc72d to remote] DEBUG org.asynchttpclient.netty.request.NettyRequestSender - Using pooled Channel '[id: 0x7fb6c393, L:/127.0.0.1:59300 - R:localhost/127.0.0.1:34673]' for 'GET' to 'http://localhost:34673/session/b953d0e198f2c824d8c7767d918bc72d/url'
12:43:12.206 [Forwarding getCurrentUrl on session b953d0e198f2c824d8c7767d918bc72d to remote] DEBUG org.asynchttpclient.netty.request.NettyRequestSender - Using open Channel [id: 0x7fb6c393, L:/127.0.0.1:59300 - R:localhost/127.0.0.1:34673] for GET '/session/b953d0e198f2c824d8c7767d918bc72d/url'
12:43:12.215 [AsyncHttpClient-1-17] DEBUG org.asynchttpclient.netty.handler.HttpHandler - 

Request DefaultFullHttpRequest(decodeResult: success, version: HTTP/1.1, content: EmptyByteBufBE)
GET /session/b953d0e198f2c824d8c7767d918bc72d/url HTTP/1.1
User-Agent: selenium/4.8.1 (java windows)
Cache-Control: no-cache
Content-Type: application/json; charset=utf-8
host: localhost:34673
accept: */*

Response DefaultHttpResponse(decodeResult: success, version: HTTP/1.1)
HTTP/1.1 200 OK
Content-Length: 47
Content-Type: application/json; charset=utf-8
cache-control: no-cache

12:43:12.215 [AsyncHttpClient-1-17] DEBUG org.asynchttpclient.netty.channel.ChannelManager - Adding key: http://localhost:34673 for channel [id: 0x7fb6c393, L:/127.0.0.1:59300 - R:localhost/127.0.0.1:34673]
12:43:12.216 [Forwarding screenshot on session b953d0e198f2c824d8c7767d918bc72d to remote] DEBUG org.asynchttpclient.netty.request.NettyRequestSender - Using pooled Channel '[id: 0x7fb6c393, L:/127.0.0.1:59300 - R:localhost/127.0.0.1:34673]' for 'GET' to 'http://localhost:34673/session/b953d0e198f2c824d8c7767d918bc72d/screenshot'
12:43:12.216 [Forwarding screenshot on session b953d0e198f2c824d8c7767d918bc72d to remote] DEBUG org.asynchttpclient.netty.request.NettyRequestSender - Using open Channel [id: 0x7fb6c393, L:/127.0.0.1:59300 - R:localhost/127.0.0.1:34673] for GET '/session/b953d0e198f2c824d8c7767d918bc72d/screenshot'
12:43:12.315 [AsyncHttpClient-1-17] DEBUG org.asynchttpclient.netty.handler.HttpHandler - 

Request DefaultFullHttpRequest(decodeResult: success, version: HTTP/1.1, content: EmptyByteBufBE)
GET /session/b953d0e198f2c824d8c7767d918bc72d/screenshot HTTP/1.1
User-Agent: selenium/4.8.1 (java windows)
Cache-Control: no-cache
Content-Type: application/json; charset=utf-8
host: localhost:34673
accept: */*

Response DefaultHttpResponse(decodeResult: success, version: HTTP/1.1)
HTTP/1.1 200 OK
Content-Length: 104236
Content-Type: application/json; charset=utf-8
cache-control: no-cache

12:43:12.315 [AsyncHttpClient-1-17] DEBUG org.asynchttpclient.netty.channel.ChannelManager - Adding key: http://localhost:34673 for channel [id: 0x7fb6c393, L:/127.0.0.1:59300 - R:localhost/127.0.0.1:34673]
12:43:12.317 [main] DEBUG net.serenitybdd.core.photography.Darkroom - Send negative for processing for target\site\serenity\f7a5561015b103f4544a8ba3834ba62f97bc73ba95f5a24a76c8d08ae3d345e4.png
12:43:12.318 [Darkroom Processing Line] DEBUG net.serenitybdd.core.photography.DarkroomProcessingLine - Processing screenshot image in /var/screenshots/screenshot-15573611742478928253
12:43:12.318 [Darkroom Processing Line] DEBUG net.serenitybdd.core.photography.DarkroomProcessingLine - Saving screenshot to target\site\serenity\f7a5561015b103f4544a8ba3834ba62f97bc73ba95f5a24a76c8d08ae3d345e4.png
12:43:12.318 [Forwarding getPageSource on session b953d0e198f2c824d8c7767d918bc72d to remote] DEBUG org.asynchttpclient.netty.request.NettyRequestSender - Using pooled Channel '[id: 0x7fb6c393, L:/127.0.0.1:59300 - R:localhost/127.0.0.1:34673]' for 'POST' to 'http://localhost:34673/session/b953d0e198f2c824d8c7767d918bc72d/execute/sync'
12:43:12.318 [Forwarding getPageSource on session b953d0e198f2c824d8c7767d918bc72d to remote] DEBUG org.asynchttpclient.netty.request.NettyRequestSender - Using open Channel [id: 0x7fb6c393, L:/127.0.0.1:59300 - R:localhost/127.0.0.1:34673] for POST '/session/b953d0e198f2c824d8c7767d918bc72d/execute/sync'
12:43:12.339 [AsyncHttpClient-1-17] DEBUG org.asynchttpclient.netty.handler.HttpHandler - 

Request DefaultHttpRequest(decodeResult: success, version: HTTP/1.1)
POST /session/b953d0e198f2c824d8c7767d918bc72d/execute/sync HTTP/1.1
User-Agent: selenium/4.8.1 (java windows)
Content-Length: 176
Content-Type: application/json; charset=utf-8
host: localhost:34673
accept: */*

Response DefaultHttpResponse(decodeResult: success, version: HTTP/1.1)
HTTP/1.1 200 OK
Content-Length: 159304
Content-Type: application/json; charset=utf-8
cache-control: no-cache

12:43:12.339 [AsyncHttpClient-1-17] DEBUG org.asynchttpclient.netty.channel.ChannelManager - Adding key: http://localhost:34673 for channel [id: 0x7fb6c393, L:/127.0.0.1:59300 - R:localhost/127.0.0.1:34673]
12:43:12.351 [Forwarding getCurrentUrl on session b953d0e198f2c824d8c7767d918bc72d to remote] DEBUG org.asynchttpclient.netty.request.NettyRequestSender - Using pooled Channel '[id: 0x7fb6c393, L:/127.0.0.1:59300 - R:localhost/127.0.0.1:34673]' for 'GET' to 'http://localhost:34673/session/b953d0e198f2c824d8c7767d918bc72d/url'
12:43:12.351 [Forwarding getCurrentUrl on session b953d0e198f2c824d8c7767d918bc72d to remote] DEBUG org.asynchttpclient.netty.request.NettyRequestSender - Using open Channel [id: 0x7fb6c393, L:/127.0.0.1:59300 - R:localhost/127.0.0.1:34673] for GET '/session/b953d0e198f2c824d8c7767d918bc72d/url'
12:43:12.360 [AsyncHttpClient-1-17] DEBUG org.asynchttpclient.netty.handler.HttpHandler - 

Request DefaultFullHttpRequest(decodeResult: success, version: HTTP/1.1, content: EmptyByteBufBE)
GET /session/b953d0e198f2c824d8c7767d918bc72d/url HTTP/1.1
User-Agent: selenium/4.8.1 (java windows)
Cache-Control: no-cache
Content-Type: application/json; charset=utf-8
host: localhost:34673
accept: */*

Response DefaultHttpResponse(decodeResult: success, version: HTTP/1.1)
HTTP/1.1 200 OK
Content-Length: 47
Content-Type: application/json; charset=utf-8
cache-control: no-cache

12:43:12.361 [AsyncHttpClient-1-17] DEBUG org.asynchttpclient.netty.channel.ChannelManager - Adding key: http://localhost:34673 for channel [id: 0x7fb6c393, L:/127.0.0.1:59300 - R:localhost/127.0.0.1:34673]
12:43:12.363 [main] DEBUG net.thucydides.core.steps.StepInterceptor - STARTING STEP: LoginSteps.clickSigInButton - ClickSigInButton
12:43:12.364 [Forwarding findElement on session b953d0e198f2c824d8c7767d918bc72d to remote] DEBUG org.asynchttpclient.netty.request.NettyRequestSender - Using pooled Channel '[id: 0x7fb6c393, L:/127.0.0.1:59300 - R:localhost/127.0.0.1:34673]' for 'POST' to 'http://localhost:34673/session/b953d0e198f2c824d8c7767d918bc72d/element'
12:43:12.364 [Forwarding findElement on session b953d0e198f2c824d8c7767d918bc72d to remote] DEBUG org.asynchttpclient.netty.request.NettyRequestSender - Using open Channel [id: 0x7fb6c393, L:/127.0.0.1:59300 - R:localhost/127.0.0.1:34673] for POST '/session/b953d0e198f2c824d8c7767d918bc72d/element'
12:43:12.383 [AsyncHttpClient-1-17] DEBUG org.asynchttpclient.netty.handler.HttpHandler - 

Request DefaultHttpRequest(decodeResult: success, version: HTTP/1.1)
POST /session/b953d0e198f2c824d8c7767d918bc72d/element HTTP/1.1
User-Agent: selenium/4.8.1 (java windows)
Content-Length: 155
Content-Type: application/json; charset=utf-8
host: localhost:34673
accept: */*

Response DefaultHttpResponse(decodeResult: success, version: HTTP/1.1)
HTTP/1.1 200 OK
Content-Length: 94
Content-Type: application/json; charset=utf-8
cache-control: no-cache

12:43:12.384 [AsyncHttpClient-1-17] DEBUG org.asynchttpclient.netty.channel.ChannelManager - Adding key: http://localhost:34673 for channel [id: 0x7fb6c393, L:/127.0.0.1:59300 - R:localhost/127.0.0.1:34673]
12:43:12.385 [Forwarding getElementTagName on session b953d0e198f2c824d8c7767d918bc72d to remote] DEBUG org.asynchttpclient.netty.request.NettyRequestSender - Using pooled Channel '[id: 0x7fb6c393, L:/127.0.0.1:59300 - R:localhost/127.0.0.1:34673]' for 'GET' to 'http://localhost:34673/session/b953d0e198f2c824d8c7767d918bc72d/element/3A5D1DA13A1F781882877C36EEB81AD2_element_6/name'
12:43:12.385 [Forwarding getElementTagName on session b953d0e198f2c824d8c7767d918bc72d to remote] DEBUG org.asynchttpclient.netty.request.NettyRequestSender - Using open Channel [id: 0x7fb6c393, L:/127.0.0.1:59300 - R:localhost/127.0.0.1:34673] for GET '/session/b953d0e198f2c824d8c7767d918bc72d/element/3A5D1DA13A1F781882877C36EEB81AD2_element_6/name'
12:43:12.401 [AsyncHttpClient-1-17] DEBUG org.asynchttpclient.netty.handler.HttpHandler - 

Request DefaultFullHttpRequest(decodeResult: success, version: HTTP/1.1, content: EmptyByteBufBE)
GET /session/b953d0e198f2c824d8c7767d918bc72d/element/3A5D1DA13A1F781882877C36EEB81AD2_element_6/name HTTP/1.1
User-Agent: selenium/4.8.1 (java windows)
Cache-Control: no-cache
Content-Type: application/json; charset=utf-8
host: localhost:34673
accept: */*

Response DefaultHttpResponse(decodeResult: success, version: HTTP/1.1)
HTTP/1.1 200 OK
Content-Length: 16
Content-Type: application/json; charset=utf-8
cache-control: no-cache

12:43:12.401 [AsyncHttpClient-1-17] DEBUG org.asynchttpclient.netty.channel.ChannelManager - Adding key: http://localhost:34673 for channel [id: 0x7fb6c393, L:/127.0.0.1:59300 - R:localhost/127.0.0.1:34673]
12:43:12.403 [Forwarding getElementTagName on session b953d0e198f2c824d8c7767d918bc72d to remote] DEBUG org.asynchttpclient.netty.request.NettyRequestSender - Using pooled Channel '[id: 0x7fb6c393, L:/127.0.0.1:59300 - R:localhost/127.0.0.1:34673]' for 'GET' to 'http://localhost:34673/session/b953d0e198f2c824d8c7767d918bc72d/element/3A5D1DA13A1F781882877C36EEB81AD2_element_6/name'
12:43:12.403 [Forwarding getElementTagName on session b953d0e198f2c824d8c7767d918bc72d to remote] DEBUG org.asynchttpclient.netty.request.NettyRequestSender - Using open Channel [id: 0x7fb6c393, L:/127.0.0.1:59300 - R:localhost/127.0.0.1:34673] for GET '/session/b953d0e198f2c824d8c7767d918bc72d/element/3A5D1DA13A1F781882877C36EEB81AD2_element_6/name'
12:43:12.414 [AsyncHttpClient-1-17] DEBUG org.asynchttpclient.netty.handler.HttpHandler - 

Request DefaultFullHttpRequest(decodeResult: success, version: HTTP/1.1, content: EmptyByteBufBE)
GET /session/b953d0e198f2c824d8c7767d918bc72d/element/3A5D1DA13A1F781882877C36EEB81AD2_element_6/name HTTP/1.1
User-Agent: selenium/4.8.1 (java windows)
Cache-Control: no-cache
Content-Type: application/json; charset=utf-8
host: localhost:34673
accept: */*

Response DefaultHttpResponse(decodeResult: success, version: HTTP/1.1)
HTTP/1.1 200 OK
Content-Length: 16
Content-Type: application/json; charset=utf-8
cache-control: no-cache

12:43:12.414 [AsyncHttpClient-1-17] DEBUG org.asynchttpclient.netty.channel.ChannelManager - Adding key: http://localhost:34673 for channel [id: 0x7fb6c393, L:/127.0.0.1:59300 - R:localhost/127.0.0.1:34673]
12:43:12.416 [Forwarding findElement on session b953d0e198f2c824d8c7767d918bc72d to remote] DEBUG org.asynchttpclient.netty.request.NettyRequestSender - Using pooled Channel '[id: 0x7fb6c393, L:/127.0.0.1:59300 - R:localhost/127.0.0.1:34673]' for 'POST' to 'http://localhost:34673/session/b953d0e198f2c824d8c7767d918bc72d/element'
12:43:12.416 [Forwarding findElement on session b953d0e198f2c824d8c7767d918bc72d to remote] DEBUG org.asynchttpclient.netty.request.NettyRequestSender - Using open Channel [id: 0x7fb6c393, L:/127.0.0.1:59300 - R:localhost/127.0.0.1:34673] for POST '/session/b953d0e198f2c824d8c7767d918bc72d/element'
12:43:12.428 [AsyncHttpClient-1-17] DEBUG org.asynchttpclient.netty.handler.HttpHandler - 

Request DefaultHttpRequest(decodeResult: success, version: HTTP/1.1)
POST /session/b953d0e198f2c824d8c7767d918bc72d/element HTTP/1.1
User-Agent: selenium/4.8.1 (java windows)
Content-Length: 155
Content-Type: application/json; charset=utf-8
host: localhost:34673
accept: */*

Response DefaultHttpResponse(decodeResult: success, version: HTTP/1.1)
HTTP/1.1 200 OK
Content-Length: 94
Content-Type: application/json; charset=utf-8
cache-control: no-cache

12:43:12.428 [AsyncHttpClient-1-17] DEBUG org.asynchttpclient.netty.channel.ChannelManager - Adding key: http://localhost:34673 for channel [id: 0x7fb6c393, L:/127.0.0.1:59300 - R:localhost/127.0.0.1:34673]
12:43:12.429 [Forwarding clickElement on session b953d0e198f2c824d8c7767d918bc72d to remote] DEBUG org.asynchttpclient.netty.request.NettyRequestSender - Using pooled Channel '[id: 0x7fb6c393, L:/127.0.0.1:59300 - R:localhost/127.0.0.1:34673]' for 'POST' to 'http://localhost:34673/session/b953d0e198f2c824d8c7767d918bc72d/element/3A5D1DA13A1F781882877C36EEB81AD2_element_6/click'
12:43:12.429 [Forwarding clickElement on session b953d0e198f2c824d8c7767d918bc72d to remote] DEBUG org.asynchttpclient.netty.request.NettyRequestSender - Using open Channel [id: 0x7fb6c393, L:/127.0.0.1:59300 - R:localhost/127.0.0.1:34673] for POST '/session/b953d0e198f2c824d8c7767d918bc72d/element/3A5D1DA13A1F781882877C36EEB81AD2_element_6/click'
12:43:12.517 [AsyncHttpClient-1-17] DEBUG org.asynchttpclient.netty.handler.HttpHandler - 

Request DefaultHttpRequest(decodeResult: success, version: HTTP/1.1)
POST /session/b953d0e198f2c824d8c7767d918bc72d/element/3A5D1DA13A1F781882877C36EEB81AD2_element_6/click HTTP/1.1
User-Agent: selenium/4.8.1 (java windows)
Content-Length: 56
Content-Type: application/json; charset=utf-8
host: localhost:34673
accept: */*

Response DefaultHttpResponse(decodeResult: success, version: HTTP/1.1)
HTTP/1.1 200 OK
Content-Length: 14
Content-Type: application/json; charset=utf-8
cache-control: no-cache

12:43:12.517 [AsyncHttpClient-1-17] DEBUG org.asynchttpclient.netty.channel.ChannelManager - Adding key: http://localhost:34673 for channel [id: 0x7fb6c393, L:/127.0.0.1:59300 - R:localhost/127.0.0.1:34673]
12:43:12.523 [Forwarding getAlertText on session b953d0e198f2c824d8c7767d918bc72d to remote] DEBUG org.asynchttpclient.netty.request.NettyRequestSender - Using pooled Channel '[id: 0x7fb6c393, L:/127.0.0.1:59300 - R:localhost/127.0.0.1:34673]' for 'GET' to 'http://localhost:34673/session/b953d0e198f2c824d8c7767d918bc72d/alert/text'
12:43:12.523 [Forwarding getAlertText on session b953d0e198f2c824d8c7767d918bc72d to remote] DEBUG org.asynchttpclient.netty.request.NettyRequestSender - Using open Channel [id: 0x7fb6c393, L:/127.0.0.1:59300 - R:localhost/127.0.0.1:34673] for GET '/session/b953d0e198f2c824d8c7767d918bc72d/alert/text'
12:43:12.529 [AsyncHttpClient-1-17] DEBUG org.asynchttpclient.netty.handler.HttpHandler - 

Request DefaultFullHttpRequest(decodeResult: success, version: HTTP/1.1, content: EmptyByteBufBE)
GET /session/b953d0e198f2c824d8c7767d918bc72d/alert/text HTTP/1.1
User-Agent: selenium/4.8.1 (java windows)
Cache-Control: no-cache
Content-Type: application/json; charset=utf-8
host: localhost:34673
accept: */*

Response DefaultHttpResponse(decodeResult: success, version: HTTP/1.1)
HTTP/1.1 404 Not Found
Content-Length: 821
Content-Type: application/json; charset=utf-8
cache-control: no-cache

12:43:12.529 [AsyncHttpClient-1-17] DEBUG org.asynchttpclient.netty.channel.ChannelManager - Adding key: http://localhost:34673 for channel [id: 0x7fb6c393, L:/127.0.0.1:59300 - R:localhost/127.0.0.1:34673]
12:43:12.531 [Forwarding getCurrentUrl on session b953d0e198f2c824d8c7767d918bc72d to remote] DEBUG org.asynchttpclient.netty.request.NettyRequestSender - Using pooled Channel '[id: 0x7fb6c393, L:/127.0.0.1:59300 - R:localhost/127.0.0.1:34673]' for 'GET' to 'http://localhost:34673/session/b953d0e198f2c824d8c7767d918bc72d/url'
12:43:12.531 [Forwarding getCurrentUrl on session b953d0e198f2c824d8c7767d918bc72d to remote] DEBUG org.asynchttpclient.netty.request.NettyRequestSender - Using open Channel [id: 0x7fb6c393, L:/127.0.0.1:59300 - R:localhost/127.0.0.1:34673] for GET '/session/b953d0e198f2c824d8c7767d918bc72d/url'
12:43:12.549 [AsyncHttpClient-1-17] DEBUG org.asynchttpclient.netty.handler.HttpHandler - 

Request DefaultFullHttpRequest(decodeResult: success, version: HTTP/1.1, content: EmptyByteBufBE)
GET /session/b953d0e198f2c824d8c7767d918bc72d/url HTTP/1.1
User-Agent: selenium/4.8.1 (java windows)
Cache-Control: no-cache
Content-Type: application/json; charset=utf-8
host: localhost:34673
accept: */*

Response DefaultHttpResponse(decodeResult: success, version: HTTP/1.1)
HTTP/1.1 200 OK
Content-Length: 47
Content-Type: application/json; charset=utf-8
cache-control: no-cache

12:43:12.549 [AsyncHttpClient-1-17] DEBUG org.asynchttpclient.netty.channel.ChannelManager - Adding key: http://localhost:34673 for channel [id: 0x7fb6c393, L:/127.0.0.1:59300 - R:localhost/127.0.0.1:34673]
12:43:12.550 [Forwarding screenshot on session b953d0e198f2c824d8c7767d918bc72d to remote] DEBUG org.asynchttpclient.netty.request.NettyRequestSender - Using pooled Channel '[id: 0x7fb6c393, L:/127.0.0.1:59300 - R:localhost/127.0.0.1:34673]' for 'GET' to 'http://localhost:34673/session/b953d0e198f2c824d8c7767d918bc72d/screenshot'
12:43:12.550 [Forwarding screenshot on session b953d0e198f2c824d8c7767d918bc72d to remote] DEBUG org.asynchttpclient.netty.request.NettyRequestSender - Using open Channel [id: 0x7fb6c393, L:/127.0.0.1:59300 - R:localhost/127.0.0.1:34673] for GET '/session/b953d0e198f2c824d8c7767d918bc72d/screenshot'
12:43:12.650 [AsyncHttpClient-1-1] DEBUG org.asynchttpclient.netty.channel.DefaultChannelPool - Entry count for : http://localhost:59301 : 1
12:43:12.742 [AsyncHttpClient-1-17] DEBUG org.asynchttpclient.netty.handler.HttpHandler - 

Request DefaultFullHttpRequest(decodeResult: success, version: HTTP/1.1, content: EmptyByteBufBE)
GET /session/b953d0e198f2c824d8c7767d918bc72d/screenshot HTTP/1.1
User-Agent: selenium/4.8.1 (java windows)
Cache-Control: no-cache
Content-Type: application/json; charset=utf-8
host: localhost:34673
accept: */*

Response DefaultHttpResponse(decodeResult: success, version: HTTP/1.1)
HTTP/1.1 200 OK
Content-Length: 118624
Content-Type: application/json; charset=utf-8
cache-control: no-cache

12:43:12.744 [AsyncHttpClient-1-17] DEBUG org.asynchttpclient.netty.channel.ChannelManager - Adding key: http://localhost:34673 for channel [id: 0x7fb6c393, L:/127.0.0.1:59300 - R:localhost/127.0.0.1:34673]
12:43:12.747 [main] DEBUG net.serenitybdd.core.photography.Darkroom - Send negative for processing for target\site\serenity\885639ee7be7188bf2d82461495e9ef46fef1929163519a617678581a949c392.png
12:43:12.747 [main] DEBUG net.thucydides.core.steps.StepInterceptor - STEP DONE: ClickSigInButton
  &amp#27;[32mAnd &amp#27;[0m&amp#27;[32mI click SigIn button&amp#27;[0m                                       &amp#27;[90m# starter.stepdefinitions.LoginSteps.clickSigInButton()&amp#27;[0m
12:43:12.748 [Darkroom Processing Line] DEBUG net.serenitybdd.core.photography.DarkroomProcessingLine - Processing screenshot image in /var/screenshots/screenshot-8686771561167531648
12:43:12.748 [Darkroom Processing Line] DEBUG net.serenitybdd.core.photography.DarkroomProcessingLine - Saving screenshot to target\site\serenity\885639ee7be7188bf2d82461495e9ef46fef1929163519a617678581a949c392.png
12:43:12.753 [Forwarding getPageSource on session b953d0e198f2c824d8c7767d918bc72d to remote] DEBUG org.asynchttpclient.netty.request.NettyRequestSender - Using pooled Channel '[id: 0x7fb6c393, L:/127.0.0.1:59300 - R:localhost/127.0.0.1:34673]' for 'POST' to 'http://localhost:34673/session/b953d0e198f2c824d8c7767d918bc72d/execute/sync'
12:43:12.753 [Forwarding getPageSource on session b953d0e198f2c824d8c7767d918bc72d to remote] DEBUG org.asynchttpclient.netty.request.NettyRequestSender - Using open Channel [id: 0x7fb6c393, L:/127.0.0.1:59300 - R:localhost/127.0.0.1:34673] for POST '/session/b953d0e198f2c824d8c7767d918bc72d/execute/sync'
12:43:12.778 [AsyncHttpClient-1-17] DEBUG org.asynchttpclient.netty.handler.HttpHandler - 

Request DefaultHttpRequest(decodeResult: success, version: HTTP/1.1)
POST /session/b953d0e198f2c824d8c7767d918bc72d/execute/sync HTTP/1.1
User-Agent: selenium/4.8.1 (java windows)
Content-Length: 176
Content-Type: application/json; charset=utf-8
host: localhost:34673
accept: */*

Response DefaultHttpResponse(decodeResult: success, version: HTTP/1.1)
HTTP/1.1 200 OK
Content-Length: 160375
Content-Type: application/json; charset=utf-8
cache-control: no-cache

12:43:12.779 [AsyncHttpClient-1-17] DEBUG org.asynchttpclient.netty.channel.ChannelManager - Adding key: http://localhost:34673 for channel [id: 0x7fb6c393, L:/127.0.0.1:59300 - R:localhost/127.0.0.1:34673]
12:43:12.784 [Forwarding getCurrentUrl on session b953d0e198f2c824d8c7767d918bc72d to remote] DEBUG org.asynchttpclient.netty.request.NettyRequestSender - Using pooled Channel '[id: 0x7fb6c393, L:/127.0.0.1:59300 - R:localhost/127.0.0.1:34673]' for 'GET' to 'http://localhost:34673/session/b953d0e198f2c824d8c7767d918bc72d/url'
12:43:12.784 [Forwarding getCurrentUrl on session b953d0e198f2c824d8c7767d918bc72d to remote] DEBUG org.asynchttpclient.netty.request.NettyRequestSender - Using open Channel [id: 0x7fb6c393, L:/127.0.0.1:59300 - R:localhost/127.0.0.1:34673] for GET '/session/b953d0e198f2c824d8c7767d918bc72d/url'
12:43:12.797 [AsyncHttpClient-1-17] DEBUG org.asynchttpclient.netty.handler.HttpHandler - 

Request DefaultFullHttpRequest(decodeResult: success, version: HTTP/1.1, content: EmptyByteBufBE)
GET /session/b953d0e198f2c824d8c7767d918bc72d/url HTTP/1.1
User-Agent: selenium/4.8.1 (java windows)
Cache-Control: no-cache
Content-Type: application/json; charset=utf-8
host: localhost:34673
accept: */*

Response DefaultHttpResponse(decodeResult: success, version: HTTP/1.1)
HTTP/1.1 200 OK
Content-Length: 47
Content-Type: application/json; charset=utf-8
cache-control: no-cache

12:43:12.797 [AsyncHttpClient-1-17] DEBUG org.asynchttpclient.netty.channel.ChannelManager - Adding key: http://localhost:34673 for channel [id: 0x7fb6c393, L:/127.0.0.1:59300 - R:localhost/127.0.0.1:34673]
12:43:12.803 [Forwarding getAlertText on session b953d0e198f2c824d8c7767d918bc72d to remote] DEBUG org.asynchttpclient.netty.request.NettyRequestSender - Using pooled Channel '[id: 0x7fb6c393, L:/127.0.0.1:59300 - R:localhost/127.0.0.1:34673]' for 'GET' to 'http://localhost:34673/session/b953d0e198f2c824d8c7767d918bc72d/alert/text'
12:43:12.803 [Forwarding getAlertText on session b953d0e198f2c824d8c7767d918bc72d to remote] DEBUG org.asynchttpclient.netty.request.NettyRequestSender - Using open Channel [id: 0x7fb6c393, L:/127.0.0.1:59300 - R:localhost/127.0.0.1:34673] for GET '/session/b953d0e198f2c824d8c7767d918bc72d/alert/text'
12:43:12.807 [AsyncHttpClient-1-17] DEBUG org.asynchttpclient.netty.handler.HttpHandler - 

Request DefaultFullHttpRequest(decodeResult: success, version: HTTP/1.1, content: EmptyByteBufBE)
GET /session/b953d0e198f2c824d8c7767d918bc72d/alert/text HTTP/1.1
User-Agent: selenium/4.8.1 (java windows)
Cache-Control: no-cache
Content-Type: application/json; charset=utf-8
host: localhost:34673
accept: */*

Response DefaultHttpResponse(decodeResult: success, version: HTTP/1.1)
HTTP/1.1 404 Not Found
Content-Length: 821
Content-Type: application/json; charset=utf-8
cache-control: no-cache

12:43:12.808 [AsyncHttpClient-1-17] DEBUG org.asynchttpclient.netty.channel.ChannelManager - Adding key: http://localhost:34673 for channel [id: 0x7fb6c393, L:/127.0.0.1:59300 - R:localhost/127.0.0.1:34673]
12:43:12.810 [Forwarding getCurrentUrl on session b953d0e198f2c824d8c7767d918bc72d to remote] DEBUG org.asynchttpclient.netty.request.NettyRequestSender - Using pooled Channel '[id: 0x7fb6c393, L:/127.0.0.1:59300 - R:localhost/127.0.0.1:34673]' for 'GET' to 'http://localhost:34673/session/b953d0e198f2c824d8c7767d918bc72d/url'
12:43:12.810 [Forwarding getCurrentUrl on session b953d0e198f2c824d8c7767d918bc72d to remote] DEBUG org.asynchttpclient.netty.request.NettyRequestSender - Using open Channel [id: 0x7fb6c393, L:/127.0.0.1:59300 - R:localhost/127.0.0.1:34673] for GET '/session/b953d0e198f2c824d8c7767d918bc72d/url'
12:43:12.822 [AsyncHttpClient-1-17] DEBUG org.asynchttpclient.netty.handler.HttpHandler - 

Request DefaultFullHttpRequest(decodeResult: success, version: HTTP/1.1, content: EmptyByteBufBE)
GET /session/b953d0e198f2c824d8c7767d918bc72d/url HTTP/1.1
User-Agent: selenium/4.8.1 (java windows)
Cache-Control: no-cache
Content-Type: application/json; charset=utf-8
host: localhost:34673
accept: */*

Response DefaultHttpResponse(decodeResult: success, version: HTTP/1.1)
HTTP/1.1 200 OK
Content-Length: 47
Content-Type: application/json; charset=utf-8
cache-control: no-cache

12:43:12.822 [AsyncHttpClient-1-17] DEBUG org.asynchttpclient.netty.channel.ChannelManager - Adding key: http://localhost:34673 for channel [id: 0x7fb6c393, L:/127.0.0.1:59300 - R:localhost/127.0.0.1:34673]
12:43:12.822 [Forwarding screenshot on session b953d0e198f2c824d8c7767d918bc72d to remote] DEBUG org.asynchttpclient.netty.request.NettyRequestSender - Using pooled Channel '[id: 0x7fb6c393, L:/127.0.0.1:59300 - R:localhost/127.0.0.1:34673]' for 'GET' to 'http://localhost:34673/session/b953d0e198f2c824d8c7767d918bc72d/screenshot'
12:43:12.822 [Forwarding screenshot on session b953d0e198f2c824d8c7767d918bc72d to remote] DEBUG org.asynchttpclient.netty.request.NettyRequestSender - Using open Channel [id: 0x7fb6c393, L:/127.0.0.1:59300 - R:localhost/127.0.0.1:34673] for GET '/session/b953d0e198f2c824d8c7767d918bc72d/screenshot'
12:43:12.983 [AsyncHttpClient-1-17] DEBUG org.asynchttpclient.netty.handler.HttpHandler - 

Request DefaultFullHttpRequest(decodeResult: success, version: HTTP/1.1, content: EmptyByteBufBE)
GET /session/b953d0e198f2c824d8c7767d918bc72d/screenshot HTTP/1.1
User-Agent: selenium/4.8.1 (java windows)
Cache-Control: no-cache
Content-Type: application/json; charset=utf-8
host: localhost:34673
accept: */*

Response DefaultHttpResponse(decodeResult: success, version: HTTP/1.1)
HTTP/1.1 200 OK
Content-Length: 123272
Content-Type: application/json; charset=utf-8
cache-control: no-cache

12:43:12.984 [AsyncHttpClient-1-17] DEBUG org.asynchttpclient.netty.channel.ChannelManager - Adding key: http://localhost:34673 for channel [id: 0x7fb6c393, L:/127.0.0.1:59300 - R:localhost/127.0.0.1:34673]
12:43:12.986 [main] DEBUG net.serenitybdd.core.photography.Darkroom - Send negative for processing for target\site\serenity\4727dc5b1743ad2db7a730675d1730d6d295ba0d568feeb7a463793d66faafb9.png
12:43:12.986 [Darkroom Processing Line] DEBUG net.serenitybdd.core.photography.DarkroomProcessingLine - Processing screenshot image in /var/screenshots/screenshot-14405935725854758390
12:43:12.986 [Darkroom Processing Line] DEBUG net.serenitybdd.core.photography.DarkroomProcessingLine - Saving screenshot to target\site\serenity\4727dc5b1743ad2db7a730675d1730d6d295ba0d568feeb7a463793d66faafb9.png
12:43:12.987 [Forwarding getPageSource on session b953d0e198f2c824d8c7767d918bc72d to remote] DEBUG org.asynchttpclient.netty.request.NettyRequestSender - Using pooled Channel '[id: 0x7fb6c393, L:/127.0.0.1:59300 - R:localhost/127.0.0.1:34673]' for 'POST' to 'http://localhost:34673/session/b953d0e198f2c824d8c7767d918bc72d/execute/sync'
12:43:12.987 [Forwarding getPageSource on session b953d0e198f2c824d8c7767d918bc72d to remote] DEBUG org.asynchttpclient.netty.request.NettyRequestSender - Using open Channel [id: 0x7fb6c393, L:/127.0.0.1:59300 - R:localhost/127.0.0.1:34673] for POST '/session/b953d0e198f2c824d8c7767d918bc72d/execute/sync'
12:43:13.011 [AsyncHttpClient-1-17] DEBUG org.asynchttpclient.netty.handler.HttpHandler - 

Request DefaultHttpRequest(decodeResult: success, version: HTTP/1.1)
POST /session/b953d0e198f2c824d8c7767d918bc72d/execute/sync HTTP/1.1
User-Agent: selenium/4.8.1 (java windows)
Content-Length: 176
Content-Type: application/json; charset=utf-8
host: localhost:34673
accept: */*

Response DefaultHttpResponse(decodeResult: success, version: HTTP/1.1)
HTTP/1.1 200 OK
Content-Length: 160257
Content-Type: application/json; charset=utf-8
cache-control: no-cache

12:43:13.011 [AsyncHttpClient-1-17] DEBUG org.asynchttpclient.netty.channel.ChannelManager - Adding key: http://localhost:34673 for channel [id: 0x7fb6c393, L:/127.0.0.1:59300 - R:localhost/127.0.0.1:34673]
12:43:13.018 [Forwarding getCurrentUrl on session b953d0e198f2c824d8c7767d918bc72d to remote] DEBUG org.asynchttpclient.netty.request.NettyRequestSender - Using pooled Channel '[id: 0x7fb6c393, L:/127.0.0.1:59300 - R:localhost/127.0.0.1:34673]' for 'GET' to 'http://localhost:34673/session/b953d0e198f2c824d8c7767d918bc72d/url'
12:43:13.018 [Forwarding getCurrentUrl on session b953d0e198f2c824d8c7767d918bc72d to remote] DEBUG org.asynchttpclient.netty.request.NettyRequestSender - Using open Channel [id: 0x7fb6c393, L:/127.0.0.1:59300 - R:localhost/127.0.0.1:34673] for GET '/session/b953d0e198f2c824d8c7767d918bc72d/url'
12:43:13.029 [AsyncHttpClient-1-17] DEBUG org.asynchttpclient.netty.handler.HttpHandler - 

Request DefaultFullHttpRequest(decodeResult: success, version: HTTP/1.1, content: EmptyByteBufBE)
GET /session/b953d0e198f2c824d8c7767d918bc72d/url HTTP/1.1
User-Agent: selenium/4.8.1 (java windows)
Cache-Control: no-cache
Content-Type: application/json; charset=utf-8
host: localhost:34673
accept: */*

Response DefaultHttpResponse(decodeResult: success, version: HTTP/1.1)
HTTP/1.1 200 OK
Content-Length: 47
Content-Type: application/json; charset=utf-8
cache-control: no-cache

12:43:13.029 [AsyncHttpClient-1-17] DEBUG org.asynchttpclient.netty.channel.ChannelManager - Adding key: http://localhost:34673 for channel [id: 0x7fb6c393, L:/127.0.0.1:59300 - R:localhost/127.0.0.1:34673]
12:43:13.031 [main] DEBUG net.thucydides.core.steps.StepInterceptor - STARTING STEP: LoginSteps.iCanSeeErrorMessage - validateErrorMessageDisplayed
12:43:13.032 [Forwarding findElement on session b953d0e198f2c824d8c7767d918bc72d to remote] DEBUG org.asynchttpclient.netty.request.NettyRequestSender - Using pooled Channel '[id: 0x7fb6c393, L:/127.0.0.1:59300 - R:localhost/127.0.0.1:34673]' for 'POST' to 'http://localhost:34673/session/b953d0e198f2c824d8c7767d918bc72d/element'
12:43:13.032 [Forwarding findElement on session b953d0e198f2c824d8c7767d918bc72d to remote] DEBUG org.asynchttpclient.netty.request.NettyRequestSender - Using open Channel [id: 0x7fb6c393, L:/127.0.0.1:59300 - R:localhost/127.0.0.1:34673] for POST '/session/b953d0e198f2c824d8c7767d918bc72d/element'
12:43:13.049 [AsyncHttpClient-1-17] DEBUG org.asynchttpclient.netty.handler.HttpHandler - 

Request DefaultHttpRequest(decodeResult: success, version: HTTP/1.1)
POST /session/b953d0e198f2c824d8c7767d918bc72d/element HTTP/1.1
User-Agent: selenium/4.8.1 (java windows)
Content-Length: 155
Content-Type: application/json; charset=utf-8
host: localhost:34673
accept: */*

Response DefaultHttpResponse(decodeResult: success, version: HTTP/1.1)
HTTP/1.1 200 OK
Content-Length: 94
Content-Type: application/json; charset=utf-8
cache-control: no-cache

12:43:13.049 [AsyncHttpClient-1-17] DEBUG org.asynchttpclient.netty.channel.ChannelManager - Adding key: http://localhost:34673 for channel [id: 0x7fb6c393, L:/127.0.0.1:59300 - R:localhost/127.0.0.1:34673]
12:43:13.051 [Forwarding isElementDisplayed on session b953d0e198f2c824d8c7767d918bc72d to remote] DEBUG org.asynchttpclient.netty.request.NettyRequestSender - Using pooled Channel '[id: 0x7fb6c393, L:/127.0.0.1:59300 - R:localhost/127.0.0.1:34673]' for 'POST' to 'http://localhost:34673/session/b953d0e198f2c824d8c7767d918bc72d/execute/sync'
12:43:13.052 [Forwarding isElementDisplayed on session b953d0e198f2c824d8c7767d918bc72d to remote] DEBUG org.asynchttpclient.netty.request.NettyRequestSender - Using open Channel [id: 0x7fb6c393, L:/127.0.0.1:59300 - R:localhost/127.0.0.1:34673] for POST '/session/b953d0e198f2c824d8c7767d918bc72d/execute/sync'
12:43:13.071 [AsyncHttpClient-1-17] DEBUG org.asynchttpclient.netty.handler.HttpHandler - 

Request DefaultHttpRequest(decodeResult: success, version: HTTP/1.1)
POST /session/b953d0e198f2c824d8c7767d918bc72d/execute/sync HTTP/1.1
User-Agent: selenium/4.8.1 (java windows)
Content-Length: 48813
Content-Type: application/json; charset=utf-8
host: localhost:34673
accept: */*

Response DefaultHttpResponse(decodeResult: success, version: HTTP/1.1)
HTTP/1.1 200 OK
Content-Length: 14
Content-Type: application/json; charset=utf-8
cache-control: no-cache

12:43:13.071 [AsyncHttpClient-1-17] DEBUG org.asynchttpclient.netty.channel.ChannelManager - Adding key: http://localhost:34673 for channel [id: 0x7fb6c393, L:/127.0.0.1:59300 - R:localhost/127.0.0.1:34673]
12:43:13.076 [Forwarding getAlertText on session b953d0e198f2c824d8c7767d918bc72d to remote] DEBUG org.asynchttpclient.netty.request.NettyRequestSender - Using pooled Channel '[id: 0x7fb6c393, L:/127.0.0.1:59300 - R:localhost/127.0.0.1:34673]' for 'GET' to 'http://localhost:34673/session/b953d0e198f2c824d8c7767d918bc72d/alert/text'
12:43:13.076 [Forwarding getAlertText on session b953d0e198f2c824d8c7767d918bc72d to remote] DEBUG org.asynchttpclient.netty.request.NettyRequestSender - Using open Channel [id: 0x7fb6c393, L:/127.0.0.1:59300 - R:localhost/127.0.0.1:34673] for GET '/session/b953d0e198f2c824d8c7767d918bc72d/alert/text'
12:43:13.080 [AsyncHttpClient-1-17] DEBUG org.asynchttpclient.netty.handler.HttpHandler - 

Request DefaultFullHttpRequest(decodeResult: success, version: HTTP/1.1, content: EmptyByteBufBE)
GET /session/b953d0e198f2c824d8c7767d918bc72d/alert/text HTTP/1.1
User-Agent: selenium/4.8.1 (java windows)
Cache-Control: no-cache
Content-Type: application/json; charset=utf-8
host: localhost:34673
accept: */*

Response DefaultHttpResponse(decodeResult: success, version: HTTP/1.1)
HTTP/1.1 404 Not Found
Content-Length: 821
Content-Type: application/json; charset=utf-8
cache-control: no-cache

12:43:13.080 [AsyncHttpClient-1-17] DEBUG org.asynchttpclient.netty.channel.ChannelManager - Adding key: http://localhost:34673 for channel [id: 0x7fb6c393, L:/127.0.0.1:59300 - R:localhost/127.0.0.1:34673]
12:43:13.081 [Forwarding getCurrentUrl on session b953d0e198f2c824d8c7767d918bc72d to remote] DEBUG org.asynchttpclient.netty.request.NettyRequestSender - Using pooled Channel '[id: 0x7fb6c393, L:/127.0.0.1:59300 - R:localhost/127.0.0.1:34673]' for 'GET' to 'http://localhost:34673/session/b953d0e198f2c824d8c7767d918bc72d/url'
12:43:13.081 [Forwarding getCurrentUrl on session b953d0e198f2c824d8c7767d918bc72d to remote] DEBUG org.asynchttpclient.netty.request.NettyRequestSender - Using open Channel [id: 0x7fb6c393, L:/127.0.0.1:59300 - R:localhost/127.0.0.1:34673] for GET '/session/b953d0e198f2c824d8c7767d918bc72d/url'
12:43:13.090 [AsyncHttpClient-1-17] DEBUG org.asynchttpclient.netty.handler.HttpHandler - 

Request DefaultFullHttpRequest(decodeResult: success, version: HTTP/1.1, content: EmptyByteBufBE)
GET /session/b953d0e198f2c824d8c7767d918bc72d/url HTTP/1.1
User-Agent: selenium/4.8.1 (java windows)
Cache-Control: no-cache
Content-Type: application/json; charset=utf-8
host: localhost:34673
accept: */*

Response DefaultHttpResponse(decodeResult: success, version: HTTP/1.1)
HTTP/1.1 200 OK
Content-Length: 47
Content-Type: application/json; charset=utf-8
cache-control: no-cache

12:43:13.090 [AsyncHttpClient-1-17] DEBUG org.asynchttpclient.netty.channel.ChannelManager - Adding key: http://localhost:34673 for channel [id: 0x7fb6c393, L:/127.0.0.1:59300 - R:localhost/127.0.0.1:34673]
12:43:13.093 [Forwarding screenshot on session b953d0e198f2c824d8c7767d918bc72d to remote] DEBUG org.asynchttpclient.netty.request.NettyRequestSender - Using pooled Channel '[id: 0x7fb6c393, L:/127.0.0.1:59300 - R:localhost/127.0.0.1:34673]' for 'GET' to 'http://localhost:34673/session/b953d0e198f2c824d8c7767d918bc72d/screenshot'
12:43:13.093 [Forwarding screenshot on session b953d0e198f2c824d8c7767d918bc72d to remote] DEBUG org.asynchttpclient.netty.request.NettyRequestSender - Using open Channel [id: 0x7fb6c393, L:/127.0.0.1:59300 - R:localhost/127.0.0.1:34673] for GET '/session/b953d0e198f2c824d8c7767d918bc72d/screenshot'
12:43:13.257 [AsyncHttpClient-1-17] DEBUG org.asynchttpclient.netty.handler.HttpHandler - 

Request DefaultFullHttpRequest(decodeResult: success, version: HTTP/1.1, content: EmptyByteBufBE)
GET /session/b953d0e198f2c824d8c7767d918bc72d/screenshot HTTP/1.1
User-Agent: selenium/4.8.1 (java windows)
Cache-Control: no-cache
Content-Type: application/json; charset=utf-8
host: localhost:34673
accept: */*

Response DefaultHttpResponse(decodeResult: success, version: HTTP/1.1)
HTTP/1.1 200 OK
Content-Length: 123068
Content-Type: application/json; charset=utf-8
cache-control: no-cache

12:43:13.257 [AsyncHttpClient-1-17] DEBUG org.asynchttpclient.netty.channel.ChannelManager - Adding key: http://localhost:34673 for channel [id: 0x7fb6c393, L:/127.0.0.1:59300 - R:localhost/127.0.0.1:34673]
12:43:13.262 [main] DEBUG net.serenitybdd.core.photography.Darkroom - Send negative for processing for target\site\serenity\1fcfb131b1679a9d3cedfb5c75d24ea8214daab6b928c4e90ddb481d765f1915.png
12:43:13.262 [main] DEBUG net.thucydides.core.steps.StepInterceptor - STEP DONE: validateErrorMessageDisplayed
12:43:13.263 [Darkroom Processing Line] DEBUG net.serenitybdd.core.photography.DarkroomProcessingLine - Processing screenshot image in /var/screenshots/screenshot-8210004560944192247
12:43:13.263 [Darkroom Processing Line] DEBUG net.serenitybdd.core.photography.DarkroomProcessingLine - Saving screenshot to target\site\serenity\1fcfb131b1679a9d3cedfb5c75d24ea8214daab6b928c4e90ddb481d765f1915.png
12:43:13.267 [Forwarding getPageSource on session b953d0e198f2c824d8c7767d918bc72d to remote] DEBUG org.asynchttpclient.netty.request.NettyRequestSender - Using pooled Channel '[id: 0x7fb6c393, L:/127.0.0.1:59300 - R:localhost/127.0.0.1:34673]' for 'POST' to 'http://localhost:34673/session/b953d0e198f2c824d8c7767d918bc72d/execute/sync'
12:43:13.267 [Forwarding getPageSource on session b953d0e198f2c824d8c7767d918bc72d to remote] DEBUG org.asynchttpclient.netty.request.NettyRequestSender - Using open Channel [id: 0x7fb6c393, L:/127.0.0.1:59300 - R:localhost/127.0.0.1:34673] for POST '/session/b953d0e198f2c824d8c7767d918bc72d/execute/sync'
12:43:13.292 [AsyncHttpClient-1-17] DEBUG org.asynchttpclient.netty.handler.HttpHandler - 

Request DefaultHttpRequest(decodeResult: success, version: HTTP/1.1)
POST /session/b953d0e198f2c824d8c7767d918bc72d/execute/sync HTTP/1.1
User-Agent: selenium/4.8.1 (java windows)
Content-Length: 176
Content-Type: application/json; charset=utf-8
host: localhost:34673
accept: */*

Response DefaultHttpResponse(decodeResult: success, version: HTTP/1.1)
HTTP/1.1 200 OK
Content-Length: 160181
Content-Type: application/json; charset=utf-8
cache-control: no-cache

12:43:13.293 [AsyncHttpClient-1-17] DEBUG org.asynchttpclient.netty.channel.ChannelManager - Adding key: http://localhost:34673 for channel [id: 0x7fb6c393, L:/127.0.0.1:59300 - R:localhost/127.0.0.1:34673]
12:43:13.300 [Forwarding getCurrentUrl on session b953d0e198f2c824d8c7767d918bc72d to remote] DEBUG org.asynchttpclient.netty.request.NettyRequestSender - Using pooled Channel '[id: 0x7fb6c393, L:/127.0.0.1:59300 - R:localhost/127.0.0.1:34673]' for 'GET' to 'http://localhost:34673/session/b953d0e198f2c824d8c7767d918bc72d/url'
12:43:13.300 [Forwarding getCurrentUrl on session b953d0e198f2c824d8c7767d918bc72d to remote] DEBUG org.asynchttpclient.netty.request.NettyRequestSender - Using open Channel [id: 0x7fb6c393, L:/127.0.0.1:59300 - R:localhost/127.0.0.1:34673] for GET '/session/b953d0e198f2c824d8c7767d918bc72d/url'
12:43:13.311 [AsyncHttpClient-1-17] DEBUG org.asynchttpclient.netty.handler.HttpHandler - 

Request DefaultFullHttpRequest(decodeResult: success, version: HTTP/1.1, content: EmptyByteBufBE)
GET /session/b953d0e198f2c824d8c7767d918bc72d/url HTTP/1.1
User-Agent: selenium/4.8.1 (java windows)
Cache-Control: no-cache
Content-Type: application/json; charset=utf-8
host: localhost:34673
accept: */*

Response DefaultHttpResponse(decodeResult: success, version: HTTP/1.1)
HTTP/1.1 200 OK
Content-Length: 47
Content-Type: application/json; charset=utf-8
cache-control: no-cache

12:43:13.311 [AsyncHttpClient-1-17] DEBUG org.asynchttpclient.netty.channel.ChannelManager - Adding key: http://localhost:34673 for channel [id: 0x7fb6c393, L:/127.0.0.1:59300 - R:localhost/127.0.0.1:34673]
12:43:13.314 [main] DEBUG net.thucydides.core.steps.StepInterceptor - STARTING STEP: LoginSteps.iCanSeeErrorMessage - validateEqualErrorMessage
12:43:13.315 [Forwarding findElement on session b953d0e198f2c824d8c7767d918bc72d to remote] DEBUG org.asynchttpclient.netty.request.NettyRequestSender - Using pooled Channel '[id: 0x7fb6c393, L:/127.0.0.1:59300 - R:localhost/127.0.0.1:34673]' for 'POST' to 'http://localhost:34673/session/b953d0e198f2c824d8c7767d918bc72d/element'
12:43:13.315 [Forwarding findElement on session b953d0e198f2c824d8c7767d918bc72d to remote] DEBUG org.asynchttpclient.netty.request.NettyRequestSender - Using open Channel [id: 0x7fb6c393, L:/127.0.0.1:59300 - R:localhost/127.0.0.1:34673] for POST '/session/b953d0e198f2c824d8c7767d918bc72d/element'
12:43:13.331 [AsyncHttpClient-1-17] DEBUG org.asynchttpclient.netty.handler.HttpHandler - 

Request DefaultHttpRequest(decodeResult: success, version: HTTP/1.1)
POST /session/b953d0e198f2c824d8c7767d918bc72d/element HTTP/1.1
User-Agent: selenium/4.8.1 (java windows)
Content-Length: 155
Content-Type: application/json; charset=utf-8
host: localhost:34673
accept: */*

Response DefaultHttpResponse(decodeResult: success, version: HTTP/1.1)
HTTP/1.1 200 OK
Content-Length: 94
Content-Type: application/json; charset=utf-8
cache-control: no-cache

12:43:13.331 [AsyncHttpClient-1-17] DEBUG org.asynchttpclient.netty.channel.ChannelManager - Adding key: http://localhost:34673 for channel [id: 0x7fb6c393, L:/127.0.0.1:59300 - R:localhost/127.0.0.1:34673]
12:43:13.332 [Forwarding getElementText on session b953d0e198f2c824d8c7767d918bc72d to remote] DEBUG org.asynchttpclient.netty.request.NettyRequestSender - Using pooled Channel '[id: 0x7fb6c393, L:/127.0.0.1:59300 - R:localhost/127.0.0.1:34673]' for 'GET' to 'http://localhost:34673/session/b953d0e198f2c824d8c7767d918bc72d/element/3A5D1DA13A1F781882877C36EEB81AD2_element_6/text'
12:43:13.332 [Forwarding getElementText on session b953d0e198f2c824d8c7767d918bc72d to remote] DEBUG org.asynchttpclient.netty.request.NettyRequestSender - Using open Channel [id: 0x7fb6c393, L:/127.0.0.1:59300 - R:localhost/127.0.0.1:34673] for GET '/session/b953d0e198f2c824d8c7767d918bc72d/element/3A5D1DA13A1F781882877C36EEB81AD2_element_6/text'
12:43:13.351 [AsyncHttpClient-1-17] DEBUG org.asynchttpclient.netty.handler.HttpHandler - 

Request DefaultFullHttpRequest(decodeResult: success, version: HTTP/1.1, content: EmptyByteBufBE)
GET /session/b953d0e198f2c824d8c7767d918bc72d/element/3A5D1DA13A1F781882877C36EEB81AD2_element_6/text HTTP/1.1
User-Agent: selenium/4.8.1 (java windows)
Cache-Control: no-cache
Content-Type: application/json; charset=utf-8
host: localhost:34673
accept: */*

Response DefaultHttpResponse(decodeResult: success, version: HTTP/1.1)
HTTP/1.1 200 OK
Content-Length: 19
Content-Type: application/json; charset=utf-8
cache-control: no-cache

12:43:13.351 [AsyncHttpClient-1-17] DEBUG org.asynchttpclient.netty.channel.ChannelManager - Adding key: http://localhost:34673 for channel [id: 0x7fb6c393, L:/127.0.0.1:59300 - R:localhost/127.0.0.1:34673]
12:43:13.353 [Forwarding getAlertText on session b953d0e198f2c824d8c7767d918bc72d to remote] DEBUG org.asynchttpclient.netty.request.NettyRequestSender - Using pooled Channel '[id: 0x7fb6c393, L:/127.0.0.1:59300 - R:localhost/127.0.0.1:34673]' for 'GET' to 'http://localhost:34673/session/b953d0e198f2c824d8c7767d918bc72d/alert/text'
12:43:13.353 [Forwarding getAlertText on session b953d0e198f2c824d8c7767d918bc72d to remote] DEBUG org.asynchttpclient.netty.request.NettyRequestSender - Using open Channel [id: 0x7fb6c393, L:/127.0.0.1:59300 - R:localhost/127.0.0.1:34673] for GET '/session/b953d0e198f2c824d8c7767d918bc72d/alert/text'
12:43:13.356 [AsyncHttpClient-1-17] DEBUG org.asynchttpclient.netty.handler.HttpHandler - 

Request DefaultFullHttpRequest(decodeResult: success, version: HTTP/1.1, content: EmptyByteBufBE)
GET /session/b953d0e198f2c824d8c7767d918bc72d/alert/text HTTP/1.1
User-Agent: selenium/4.8.1 (java windows)
Cache-Control: no-cache
Content-Type: application/json; charset=utf-8
host: localhost:34673
accept: */*

Response DefaultHttpResponse(decodeResult: success, version: HTTP/1.1)
HTTP/1.1 404 Not Found
Content-Length: 821
Content-Type: application/json; charset=utf-8
cache-control: no-cache

12:43:13.356 [AsyncHttpClient-1-17] DEBUG org.asynchttpclient.netty.channel.ChannelManager - Adding key: http://localhost:34673 for channel [id: 0x7fb6c393, L:/127.0.0.1:59300 - R:localhost/127.0.0.1:34673]
12:43:13.359 [Forwarding getCurrentUrl on session b953d0e198f2c824d8c7767d918bc72d to remote] DEBUG org.asynchttpclient.netty.request.NettyRequestSender - Using pooled Channel '[id: 0x7fb6c393, L:/127.0.0.1:59300 - R:localhost/127.0.0.1:34673]' for 'GET' to 'http://localhost:34673/session/b953d0e198f2c824d8c7767d918bc72d/url'
12:43:13.360 [Forwarding getCurrentUrl on session b953d0e198f2c824d8c7767d918bc72d to remote] DEBUG org.asynchttpclient.netty.request.NettyRequestSender - Using open Channel [id: 0x7fb6c393, L:/127.0.0.1:59300 - R:localhost/127.0.0.1:34673] for GET '/session/b953d0e198f2c824d8c7767d918bc72d/url'
12:43:13.370 [AsyncHttpClient-1-17] DEBUG org.asynchttpclient.netty.handler.HttpHandler - 

Request DefaultFullHttpRequest(decodeResult: success, version: HTTP/1.1, content: EmptyByteBufBE)
GET /session/b953d0e198f2c824d8c7767d918bc72d/url HTTP/1.1
User-Agent: selenium/4.8.1 (java windows)
Cache-Control: no-cache
Content-Type: application/json; charset=utf-8
host: localhost:34673
accept: */*

Response DefaultHttpResponse(decodeResult: success, version: HTTP/1.1)
HTTP/1.1 200 OK
Content-Length: 47
Content-Type: application/json; charset=utf-8
cache-control: no-cache

12:43:13.370 [AsyncHttpClient-1-17] DEBUG org.asynchttpclient.netty.channel.ChannelManager - Adding key: http://localhost:34673 for channel [id: 0x7fb6c393, L:/127.0.0.1:59300 - R:localhost/127.0.0.1:34673]
12:43:13.371 [Forwarding screenshot on session b953d0e198f2c824d8c7767d918bc72d to remote] DEBUG org.asynchttpclient.netty.request.NettyRequestSender - Using pooled Channel '[id: 0x7fb6c393, L:/127.0.0.1:59300 - R:localhost/127.0.0.1:34673]' for 'GET' to 'http://localhost:34673/session/b953d0e198f2c824d8c7767d918bc72d/screenshot'
12:43:13.371 [Forwarding screenshot on session b953d0e198f2c824d8c7767d918bc72d to remote] DEBUG org.asynchttpclient.netty.request.NettyRequestSender - Using open Channel [id: 0x7fb6c393, L:/127.0.0.1:59300 - R:localhost/127.0.0.1:34673] for GET '/session/b953d0e198f2c824d8c7767d918bc72d/screenshot'
12:43:13.553 [AsyncHttpClient-1-17] DEBUG org.asynchttpclient.netty.handler.HttpHandler - 

Request DefaultFullHttpRequest(decodeResult: success, version: HTTP/1.1, content: EmptyByteBufBE)
GET /session/b953d0e198f2c824d8c7767d918bc72d/screenshot HTTP/1.1
User-Agent: selenium/4.8.1 (java windows)
Cache-Control: no-cache
Content-Type: application/json; charset=utf-8
host: localhost:34673
accept: */*

Response DefaultHttpResponse(decodeResult: success, version: HTTP/1.1)
HTTP/1.1 200 OK
Content-Length: 122968
Content-Type: application/json; charset=utf-8
cache-control: no-cache

12:43:13.553 [AsyncHttpClient-1-17] DEBUG org.asynchttpclient.netty.channel.ChannelManager - Adding key: http://localhost:34673 for channel [id: 0x7fb6c393, L:/127.0.0.1:59300 - R:localhost/127.0.0.1:34673]
12:43:13.556 [main] DEBUG net.serenitybdd.core.photography.Darkroom - Send negative for processing for target\site\serenity\e0efdd6e401ea0ce421f0a21c19794e5ec018b511dd7f47ddc56c4e1b246a9ef.png
12:43:13.556 [main] DEBUG net.thucydides.core.steps.StepInterceptor - STEP DONE: validateEqualErrorMessage
  &amp#27;[32mThen &amp#27;[0m&amp#27;[32mI can see error message &amp#27;[0m&amp#27;[32m&amp#27;[1m"Please input password!"&amp#27;[0m          &amp#27;[90m# starter.stepdefinitions.LoginSteps.iCanSeeErrorMessage(java.lang.String)&amp#27;[0m
12:43:13.556 [Darkroom Processing Line] DEBUG net.serenitybdd.core.photography.DarkroomProcessingLine - Processing screenshot image in /var/screenshots/screenshot-739302896228664073
12:43:13.556 [Darkroom Processing Line] DEBUG net.serenitybdd.core.photography.DarkroomProcessingLine - Saving screenshot to target\site\serenity\e0efdd6e401ea0ce421f0a21c19794e5ec018b511dd7f47ddc56c4e1b246a9ef.png
12:43:13.562 [main] INFO  - 
  _____   ___   ___   _____     ___     _     ___   ___   ___   ___  
 |_   _| | __| / __| |_   _|   | _ \   /_\   / __| / __| | __| |   \ 
   | |   | _|  \__ \   | |     |  _/  / _ \  \__ \ \__ \ | _|  | |) |
   |_|   |___| |___/   |_|     |_|   /_/ \_\ |___/ |___/ |___| |___/ 

user enter valid Username and does not  enter Password
----------------------------------------------------------------------
12:43:13.564 [Driver Command Executor] DEBUG org.asynchttpclient.netty.request.NettyRequestSender - Using pooled Channel '[id: 0x7fb6c393, L:/127.0.0.1:59300 - R:localhost/127.0.0.1:34673]' for 'DELETE' to 'http://localhost:34673/session/b953d0e198f2c824d8c7767d918bc72d'
12:43:13.564 [AsyncHttpClient-1-3] DEBUG org.asynchttpclient.netty.handler.WebSocketHandler - Channel Closed: [id: 0x331a640e, L:/127.0.0.1:59308 ! R:localhost/127.0.0.1:59301] with attribute NettyResponseFuture{currentRetry=0,
	isDone=1,
	isCancelled=0,
	asyncHandler=org.asynchttpclient.ws.WebSocketUpgradeHandler@65ddeb28,
	nettyRequest=org.asynchttpclient.netty.request.NettyRequest@61a71362,
	future=java.util.concurrent.CompletableFuture@665b961a[Completed normally],
	uri=ws://localhost:59301/devtools/browser/169dee75-6dd0-481f-bda2-7480165ce208,
	keepAlive=true,
	redirectCount=0,
	timeoutsHolder=null,
	inAuth=0,
	touch=1687844584554}
12:43:13.564 [Driver Command Executor] DEBUG org.asynchttpclient.netty.request.NettyRequestSender - Using open Channel [id: 0x7fb6c393, L:/127.0.0.1:59300 - R:localhost/127.0.0.1:34673] for DELETE '/session/b953d0e198f2c824d8c7767d918bc72d'
12:43:13.564 [AsyncHttpClient-1-3] DEBUG org.asynchttpclient.netty.channel.ChannelManager - Closing Channel [id: 0x331a640e, L:/127.0.0.1:59308 ! R:localhost/127.0.0.1:59301] 
12:43:13.749 [AsyncHttpClient-1-1] DEBUG org.asynchttpclient.netty.channel.DefaultChannelPool - Entry count for : http://localhost:59301 : 1
12:43:13.810 [AsyncHttpClient-1-2] DEBUG org.asynchttpclient.netty.handler.HttpHandler - Unexpected I/O exception on channel [id: 0x9d35c952, L:/127.0.0.1:59307 - R:localhost/127.0.0.1:59301]
java.net.SocketException: Connection reset
	at java.base/sun.nio.ch.SocketChannelImpl.throwConnectionReset(SocketChannelImpl.java:394)
	at java.base/sun.nio.ch.SocketChannelImpl.read(SocketChannelImpl.java:426)
	at io.netty.buffer.PooledByteBuf.setBytes(PooledByteBuf.java:259)
	at io.netty.buffer.AbstractByteBuf.writeBytes(AbstractByteBuf.java:1132)
	at io.netty.channel.socket.nio.NioSocketChannel.doReadBytes(NioSocketChannel.java:357)
	at io.netty.channel.nio.AbstractNioByteChannel$NioByteUnsafe.read(AbstractNioByteChannel.java:151)
	at io.netty.channel.nio.NioEventLoop.processSelectedKey(NioEventLoop.java:788)
	at io.netty.channel.nio.NioEventLoop.processSelectedKeysOptimized(NioEventLoop.java:724)
	at io.netty.channel.nio.NioEventLoop.processSelectedKeys(NioEventLoop.java:650)
	at io.netty.channel.nio.NioEventLoop.run(NioEventLoop.java:562)
	at io.netty.util.concurrent.SingleThreadEventExecutor$4.run(SingleThreadEventExecutor.java:997)
	at io.netty.util.internal.ThreadExecutorMap$2.run(ThreadExecutorMap.java:74)
	at io.netty.util.concurrent.FastThreadLocalRunnable.run(FastThreadLocalRunnable.java:30)
	at java.base/java.lang.Thread.run(Thread.java:833)
12:43:13.811 [AsyncHttpClient-1-2] DEBUG org.asynchttpclient.netty.channel.ChannelManager - Closing Channel [id: 0x9d35c952, L:/127.0.0.1:59307 - R:localhost/127.0.0.1:59301] 
12:43:13.811 [AsyncHttpClient-1-2] DEBUG org.asynchttpclient.netty.handler.HttpHandler - Channel Closed: [id: 0x9d35c952, L:/127.0.0.1:59307 ! R:localhost/127.0.0.1:59301] with attribute DISCARD
12:43:13.837 [AsyncHttpClient-1-17] DEBUG org.asynchttpclient.netty.handler.HttpHandler - 

Request DefaultFullHttpRequest(decodeResult: success, version: HTTP/1.1, content: EmptyByteBufBE)
DELETE /session/b953d0e198f2c824d8c7767d918bc72d HTTP/1.1
User-Agent: selenium/4.8.1 (java windows)
Content-Type: application/json; charset=utf-8
host: localhost:34673
accept: */*

Response DefaultHttpResponse(decodeResult: success, version: HTTP/1.1)
HTTP/1.1 200 OK
Content-Length: 14
Content-Type: application/json; charset=utf-8
cache-control: no-cache

12:43:13.837 [AsyncHttpClient-1-17] DEBUG org.asynchttpclient.netty.channel.ChannelManager - Adding key: http://localhost:34673 for channel [id: 0x7fb6c393, L:/127.0.0.1:59300 - R:localhost/127.0.0.1:34673]
12:43:13.909 [AsyncHttpClient-1-17] DEBUG org.asynchttpclient.netty.handler.HttpHandler - Channel Closed: [id: 0x7fb6c393, L:/127.0.0.1:59300 ! R:localhost/127.0.0.1:34673] with attribute DISCARD
]]></system-out>
    <system-err><![CDATA[Starting ChromeDriver 114.0.5735.90 (386bc09e8f4f2e025eddae123f36f6263096ae49-refs/branch-heads/5735@{#1052}) on port 34673
Only local connections are allowed.
Please see https://chromedriver.chromium.org/security-considerations for suggestions on keeping ChromeDriver safe.
ChromeDriver was started successfully.
Jun 27, 2023 12:43:04 PM org.openqa.selenium.devtools.CdpVersionFinder findNearestMatch
WARNING: Unable to find an exact match for CDP version 114, so returning the closest version found: 110
]]></system-err>
  </testcase>
  <testcase name="user enter valid Username + Space and Valid Password" classname="Login" time="10.107">
    <system-out><![CDATA[
Scenario: user enter valid Username + Space and Valid Password &amp#27;[90m# src/test/resources/features/login.feature:49&amp#27;[0m
12:43:13.985 [main] DEBUG io.cucumber.core.plugin.SerenityReporter - Running feature from file:///D:/alta/Capstone/WEB/CapstoneWEB/src/test/resources/features/login.feature
12:43:13.986 [main] INFO  - 
  _____   ___   ___   _____     ___   _____     _     ___   _____   ___   ___  
 |_   _| | __| / __| |_   _|   / __| |_   _|   /_\   | _ \ |_   _| | __| |   \ 
   | |   | _|  \__ \   | |     \__ \   | |    / _ \  |   /   | |   | _|  | |) |
   |_|   |___| |___/   |_|     |___/   |_|   /_/ \_\ |_|_\   |_|   |___| |___/ 

user enter valid Username + Space and Valid Password(login;user-enter-valid-username-+-space-and-valid-password)
--------------------------------------------------------------------------------
12:43:14.038 [main] INFO net.serenitybdd.core.webdriver.driverproviders.ChromeDriverProvider - Starting Chrome driver instance with capabilities:
12:43:14.038 [main] INFO net.serenitybdd.core.webdriver.driverproviders.ChromeDriverProvider - Capabilities {acceptInsecureCerts: false, browserName: chrome, goog:chromeOptions: {args: [remote-allow-origins=*], extensions: []}}
12:43:14.616 [AsyncHttpClient-1-4] DEBUG org.asynchttpclient.netty.channel.NettyConnectListener - Using new Channel '[id: 0xfe2a9595, L:/127.0.0.1:59323 - R:localhost/127.0.0.1:42742]' for 'POST' to '/session'
12:43:14.863 [AsyncHttpClient-1-1] DEBUG org.asynchttpclient.netty.channel.DefaultChannelPool - Entry count for : http://localhost:59301 : 1
12:43:14.863 [AsyncHttpClient-1-1] DEBUG org.asynchttpclient.netty.channel.DefaultChannelPool - Entry count for : http://localhost:34673 : 1
12:43:14.863 [AsyncHttpClient-1-1] DEBUG org.asynchttpclient.netty.channel.DefaultChannelPool - Adding Candidate expired Channel [id: 0x9d35c952, L:/127.0.0.1:59307 ! R:localhost/127.0.0.1:59301] isIdleTimeoutExpired=false isRemotelyClosed=true isTtlExpired=false
12:43:14.863 [AsyncHttpClient-1-1] DEBUG org.asynchttpclient.netty.channel.DefaultChannelPool - Closing Idle Channel [id: 0x9d35c952, L:/127.0.0.1:59307 ! R:localhost/127.0.0.1:59301]
12:43:14.863 [AsyncHttpClient-1-1] DEBUG org.asynchttpclient.netty.channel.DefaultChannelPool - Adding Candidate expired Channel [id: 0x7fb6c393, L:/127.0.0.1:59300 ! R:localhost/127.0.0.1:34673] isIdleTimeoutExpired=false isRemotelyClosed=true isTtlExpired=false
12:43:14.863 [AsyncHttpClient-1-1] DEBUG org.asynchttpclient.netty.channel.DefaultChannelPool - Closing Idle Channel [id: 0x7fb6c393, L:/127.0.0.1:59300 ! R:localhost/127.0.0.1:34673]
12:43:14.863 [AsyncHttpClient-1-1] DEBUG org.asynchttpclient.netty.channel.DefaultChannelPool - Closed 2 connections out of 2 in 0 ms
12:43:15.270 [AsyncHttpClient-1-4] DEBUG org.asynchttpclient.netty.handler.HttpHandler - 

Request DefaultHttpRequest(decodeResult: success, version: HTTP/1.1)
POST /session HTTP/1.1
User-Agent: selenium/4.8.1 (java windows)
Content-Length: 507
Content-Type: application/json; charset=utf-8
host: localhost:42742
accept: */*

Response DefaultHttpResponse(decodeResult: success, version: HTTP/1.1)
HTTP/1.1 200 OK
Content-Length: 863
Content-Type: application/json; charset=utf-8
cache-control: no-cache

12:43:15.270 [AsyncHttpClient-1-4] DEBUG org.asynchttpclient.netty.channel.ChannelManager - Adding key: http://localhost:42742 for channel [id: 0xfe2a9595, L:/127.0.0.1:59323 - R:localhost/127.0.0.1:42742]
12:43:15.285 [AsyncHttpClient-1-5] DEBUG org.asynchttpclient.netty.channel.NettyConnectListener - Using new Channel '[id: 0xa15b6bf0, L:/127.0.0.1:59330 - R:localhost/127.0.0.1:59324]' for 'GET' to '/json/version'
12:43:15.287 [AsyncHttpClient-1-5] DEBUG org.asynchttpclient.netty.handler.HttpHandler - 

Request DefaultFullHttpRequest(decodeResult: success, version: HTTP/1.1, content: EmptyByteBufBE)
GET /json/version HTTP/1.1
User-Agent: selenium/4.8.1 (java windows)
host: localhost:59324
accept: */*

Response DefaultHttpResponse(decodeResult: success, version: HTTP/1.1)
HTTP/1.1 200 OK
Content-Security-Policy: frame-ancestors 'none'
Content-Length: 424
Content-Type: application/json; charset=UTF-8

12:43:15.287 [AsyncHttpClient-1-5] DEBUG org.asynchttpclient.netty.channel.ChannelManager - Adding key: http://localhost:59324 for channel [id: 0xa15b6bf0, L:/127.0.0.1:59330 - R:localhost/127.0.0.1:59324]
12:43:15.290 [AsyncHttpClient-1-6] DEBUG org.asynchttpclient.netty.channel.NettyConnectListener - Using new Channel '[id: 0xf7e65d92, L:/127.0.0.1:59331 - R:localhost/127.0.0.1:59324]' for 'GET' to '/devtools/browser/ab1b4fc4-0787-492f-88f1-395bdb1c8605'
12:43:15.292 [AsyncHttpClient-1-6] DEBUG org.asynchttpclient.netty.handler.WebSocketHandler - 

Request DefaultFullHttpRequest(decodeResult: success, version: HTTP/1.1, content: EmptyByteBufBE)
GET /devtools/browser/ab1b4fc4-0787-492f-88f1-395bdb1c8605 HTTP/1.1
upgrade: websocket
connection: upgrade
sec-websocket-key: 0T+wq3fuXygqldsXHxlusg==
sec-websocket-version: 13
origin: http://localhost:59324
host: localhost:59324
accept: */*
user-agent: AHC/2.1

Response DefaultHttpResponse(decodeResult: success, version: HTTP/1.1)
HTTP/1.1 101 WebSocket Protocol Handshake
Upgrade: WebSocket
Connection: Upgrade
Sec-WebSocket-Accept: U5ST6o1nd8PtqZ46zkzNPGpVbhI=

12:43:15.299 [Forwarding get on session 9dbac4fb680cb19dfba9b8e0cde1bb34 to remote] DEBUG org.asynchttpclient.netty.request.NettyRequestSender - Using pooled Channel '[id: 0xfe2a9595, L:/127.0.0.1:59323 - R:localhost/127.0.0.1:42742]' for 'POST' to 'http://localhost:42742/session/9dbac4fb680cb19dfba9b8e0cde1bb34/url'
12:43:15.299 [Forwarding get on session 9dbac4fb680cb19dfba9b8e0cde1bb34 to remote] DEBUG org.asynchttpclient.netty.request.NettyRequestSender - Using open Channel [id: 0xfe2a9595, L:/127.0.0.1:59323 - R:localhost/127.0.0.1:42742] for POST '/session/9dbac4fb680cb19dfba9b8e0cde1bb34/url'
12:43:15.950 [AsyncHttpClient-1-1] DEBUG org.asynchttpclient.netty.channel.DefaultChannelPool - Entry count for : http://localhost:59324 : 1
12:43:17.049 [AsyncHttpClient-1-1] DEBUG org.asynchttpclient.netty.channel.DefaultChannelPool - Entry count for : http://localhost:59324 : 1
12:43:18.149 [AsyncHttpClient-1-1] DEBUG org.asynchttpclient.netty.channel.DefaultChannelPool - Entry count for : http://localhost:59324 : 1
12:43:19.249 [AsyncHttpClient-1-1] DEBUG org.asynchttpclient.netty.channel.DefaultChannelPool - Entry count for : http://localhost:59324 : 1
12:43:20.348 [AsyncHttpClient-1-1] DEBUG org.asynchttpclient.netty.channel.DefaultChannelPool - Entry count for : http://localhost:59324 : 1
12:43:20.702 [AsyncHttpClient-1-4] DEBUG org.asynchttpclient.netty.handler.HttpHandler - 

Request DefaultHttpRequest(decodeResult: success, version: HTTP/1.1)
POST /session/9dbac4fb680cb19dfba9b8e0cde1bb34/url HTTP/1.1
User-Agent: selenium/4.8.1 (java windows)
Content-Length: 65
Content-Type: application/json; charset=utf-8
host: localhost:42742
accept: */*

Response DefaultHttpResponse(decodeResult: success, version: HTTP/1.1)
HTTP/1.1 200 OK
Content-Length: 14
Content-Type: application/json; charset=utf-8
cache-control: no-cache

12:43:20.702 [AsyncHttpClient-1-4] DEBUG org.asynchttpclient.netty.channel.ChannelManager - Adding key: http://localhost:42742 for channel [id: 0xfe2a9595, L:/127.0.0.1:59323 - R:localhost/127.0.0.1:42742]
12:43:20.703 [Forwarding setTimeout on session 9dbac4fb680cb19dfba9b8e0cde1bb34 to remote] DEBUG org.asynchttpclient.netty.request.NettyRequestSender - Using pooled Channel '[id: 0xfe2a9595, L:/127.0.0.1:59323 - R:localhost/127.0.0.1:42742]' for 'POST' to 'http://localhost:42742/session/9dbac4fb680cb19dfba9b8e0cde1bb34/timeouts'
12:43:20.703 [Forwarding setTimeout on session 9dbac4fb680cb19dfba9b8e0cde1bb34 to remote] DEBUG org.asynchttpclient.netty.request.NettyRequestSender - Using open Channel [id: 0xfe2a9595, L:/127.0.0.1:59323 - R:localhost/127.0.0.1:42742] for POST '/session/9dbac4fb680cb19dfba9b8e0cde1bb34/timeouts'
12:43:20.705 [AsyncHttpClient-1-4] DEBUG org.asynchttpclient.netty.handler.HttpHandler - 

Request DefaultHttpRequest(decodeResult: success, version: HTTP/1.1)
POST /session/9dbac4fb680cb19dfba9b8e0cde1bb34/timeouts HTTP/1.1
User-Agent: selenium/4.8.1 (java windows)
Content-Length: 22
Content-Type: application/json; charset=utf-8
host: localhost:42742
accept: */*

Response DefaultHttpResponse(decodeResult: success, version: HTTP/1.1)
HTTP/1.1 200 OK
Content-Length: 14
Content-Type: application/json; charset=utf-8
cache-control: no-cache

12:43:20.705 [AsyncHttpClient-1-4] DEBUG org.asynchttpclient.netty.channel.ChannelManager - Adding key: http://localhost:42742 for channel [id: 0xfe2a9595, L:/127.0.0.1:59323 - R:localhost/127.0.0.1:42742]
12:43:20.715 [Forwarding getAlertText on session 9dbac4fb680cb19dfba9b8e0cde1bb34 to remote] DEBUG org.asynchttpclient.netty.request.NettyRequestSender - Using pooled Channel '[id: 0xfe2a9595, L:/127.0.0.1:59323 - R:localhost/127.0.0.1:42742]' for 'GET' to 'http://localhost:42742/session/9dbac4fb680cb19dfba9b8e0cde1bb34/alert/text'
12:43:20.716 [Forwarding getAlertText on session 9dbac4fb680cb19dfba9b8e0cde1bb34 to remote] DEBUG org.asynchttpclient.netty.request.NettyRequestSender - Using open Channel [id: 0xfe2a9595, L:/127.0.0.1:59323 - R:localhost/127.0.0.1:42742] for GET '/session/9dbac4fb680cb19dfba9b8e0cde1bb34/alert/text'
12:43:20.718 [AsyncHttpClient-1-4] DEBUG org.asynchttpclient.netty.handler.HttpHandler - 

Request DefaultFullHttpRequest(decodeResult: success, version: HTTP/1.1, content: EmptyByteBufBE)
GET /session/9dbac4fb680cb19dfba9b8e0cde1bb34/alert/text HTTP/1.1
User-Agent: selenium/4.8.1 (java windows)
Cache-Control: no-cache
Content-Type: application/json; charset=utf-8
host: localhost:42742
accept: */*

Response DefaultHttpResponse(decodeResult: success, version: HTTP/1.1)
HTTP/1.1 404 Not Found
Content-Length: 821
Content-Type: application/json; charset=utf-8
cache-control: no-cache

12:43:20.718 [AsyncHttpClient-1-4] DEBUG org.asynchttpclient.netty.channel.ChannelManager - Adding key: http://localhost:42742 for channel [id: 0xfe2a9595, L:/127.0.0.1:59323 - R:localhost/127.0.0.1:42742]
12:43:20.719 [Forwarding getCurrentUrl on session 9dbac4fb680cb19dfba9b8e0cde1bb34 to remote] DEBUG org.asynchttpclient.netty.request.NettyRequestSender - Using pooled Channel '[id: 0xfe2a9595, L:/127.0.0.1:59323 - R:localhost/127.0.0.1:42742]' for 'GET' to 'http://localhost:42742/session/9dbac4fb680cb19dfba9b8e0cde1bb34/url'
12:43:20.720 [Forwarding getCurrentUrl on session 9dbac4fb680cb19dfba9b8e0cde1bb34 to remote] DEBUG org.asynchttpclient.netty.request.NettyRequestSender - Using open Channel [id: 0xfe2a9595, L:/127.0.0.1:59323 - R:localhost/127.0.0.1:42742] for GET '/session/9dbac4fb680cb19dfba9b8e0cde1bb34/url'
12:43:20.727 [AsyncHttpClient-1-4] DEBUG org.asynchttpclient.netty.handler.HttpHandler - 

Request DefaultFullHttpRequest(decodeResult: success, version: HTTP/1.1, content: EmptyByteBufBE)
GET /session/9dbac4fb680cb19dfba9b8e0cde1bb34/url HTTP/1.1
User-Agent: selenium/4.8.1 (java windows)
Cache-Control: no-cache
Content-Type: application/json; charset=utf-8
host: localhost:42742
accept: */*

Response DefaultHttpResponse(decodeResult: success, version: HTTP/1.1)
HTTP/1.1 200 OK
Content-Length: 47
Content-Type: application/json; charset=utf-8
cache-control: no-cache

12:43:20.727 [AsyncHttpClient-1-4] DEBUG org.asynchttpclient.netty.channel.ChannelManager - Adding key: http://localhost:42742 for channel [id: 0xfe2a9595, L:/127.0.0.1:59323 - R:localhost/127.0.0.1:42742]
12:43:20.728 [Forwarding screenshot on session 9dbac4fb680cb19dfba9b8e0cde1bb34 to remote] DEBUG org.asynchttpclient.netty.request.NettyRequestSender - Using pooled Channel '[id: 0xfe2a9595, L:/127.0.0.1:59323 - R:localhost/127.0.0.1:42742]' for 'GET' to 'http://localhost:42742/session/9dbac4fb680cb19dfba9b8e0cde1bb34/screenshot'
12:43:20.728 [Forwarding screenshot on session 9dbac4fb680cb19dfba9b8e0cde1bb34 to remote] DEBUG org.asynchttpclient.netty.request.NettyRequestSender - Using open Channel [id: 0xfe2a9595, L:/127.0.0.1:59323 - R:localhost/127.0.0.1:42742] for GET '/session/9dbac4fb680cb19dfba9b8e0cde1bb34/screenshot'
12:43:20.953 [AsyncHttpClient-1-4] DEBUG org.asynchttpclient.netty.handler.HttpHandler - 

Request DefaultFullHttpRequest(decodeResult: success, version: HTTP/1.1, content: EmptyByteBufBE)
GET /session/9dbac4fb680cb19dfba9b8e0cde1bb34/screenshot HTTP/1.1
User-Agent: selenium/4.8.1 (java windows)
Cache-Control: no-cache
Content-Type: application/json; charset=utf-8
host: localhost:42742
accept: */*

Response DefaultHttpResponse(decodeResult: success, version: HTTP/1.1)
HTTP/1.1 200 OK
Content-Length: 35596
Content-Type: application/json; charset=utf-8
cache-control: no-cache

12:43:20.954 [AsyncHttpClient-1-4] DEBUG org.asynchttpclient.netty.channel.ChannelManager - Adding key: http://localhost:42742 for channel [id: 0xfe2a9595, L:/127.0.0.1:59323 - R:localhost/127.0.0.1:42742]
12:43:20.955 [main] DEBUG net.serenitybdd.core.photography.Darkroom - Send negative for processing for target\site\serenity\785a378d3f3eeedafb60c2b56272804bdc832280cdc3230a315b9895e85c9841.png
12:43:20.956 [Forwarding getPageSource on session 9dbac4fb680cb19dfba9b8e0cde1bb34 to remote] DEBUG org.asynchttpclient.netty.request.NettyRequestSender - Using pooled Channel '[id: 0xfe2a9595, L:/127.0.0.1:59323 - R:localhost/127.0.0.1:42742]' for 'POST' to 'http://localhost:42742/session/9dbac4fb680cb19dfba9b8e0cde1bb34/execute/sync'
12:43:20.956 [Forwarding getPageSource on session 9dbac4fb680cb19dfba9b8e0cde1bb34 to remote] DEBUG org.asynchttpclient.netty.request.NettyRequestSender - Using open Channel [id: 0xfe2a9595, L:/127.0.0.1:59323 - R:localhost/127.0.0.1:42742] for POST '/session/9dbac4fb680cb19dfba9b8e0cde1bb34/execute/sync'
12:43:20.978 [AsyncHttpClient-1-4] DEBUG org.asynchttpclient.netty.handler.HttpHandler - 

Request DefaultHttpRequest(decodeResult: success, version: HTTP/1.1)
POST /session/9dbac4fb680cb19dfba9b8e0cde1bb34/execute/sync HTTP/1.1
User-Agent: selenium/4.8.1 (java windows)
Content-Length: 176
Content-Type: application/json; charset=utf-8
host: localhost:42742
accept: */*

Response DefaultHttpResponse(decodeResult: success, version: HTTP/1.1)
HTTP/1.1 200 OK
Content-Length: 159202
Content-Type: application/json; charset=utf-8
cache-control: no-cache

12:43:20.979 [AsyncHttpClient-1-4] DEBUG org.asynchttpclient.netty.channel.ChannelManager - Adding key: http://localhost:42742 for channel [id: 0xfe2a9595, L:/127.0.0.1:59323 - R:localhost/127.0.0.1:42742]
12:43:20.987 [Forwarding getCurrentUrl on session 9dbac4fb680cb19dfba9b8e0cde1bb34 to remote] DEBUG org.asynchttpclient.netty.request.NettyRequestSender - Using pooled Channel '[id: 0xfe2a9595, L:/127.0.0.1:59323 - R:localhost/127.0.0.1:42742]' for 'GET' to 'http://localhost:42742/session/9dbac4fb680cb19dfba9b8e0cde1bb34/url'
12:43:20.987 [Forwarding getCurrentUrl on session 9dbac4fb680cb19dfba9b8e0cde1bb34 to remote] DEBUG org.asynchttpclient.netty.request.NettyRequestSender - Using open Channel [id: 0xfe2a9595, L:/127.0.0.1:59323 - R:localhost/127.0.0.1:42742] for GET '/session/9dbac4fb680cb19dfba9b8e0cde1bb34/url'
12:43:20.994 [AsyncHttpClient-1-4] DEBUG org.asynchttpclient.netty.handler.HttpHandler - 

Request DefaultFullHttpRequest(decodeResult: success, version: HTTP/1.1, content: EmptyByteBufBE)
GET /session/9dbac4fb680cb19dfba9b8e0cde1bb34/url HTTP/1.1
User-Agent: selenium/4.8.1 (java windows)
Cache-Control: no-cache
Content-Type: application/json; charset=utf-8
host: localhost:42742
accept: */*

Response DefaultHttpResponse(decodeResult: success, version: HTTP/1.1)
HTTP/1.1 200 OK
Content-Length: 47
Content-Type: application/json; charset=utf-8
cache-control: no-cache

12:43:20.995 [AsyncHttpClient-1-4] DEBUG org.asynchttpclient.netty.channel.ChannelManager - Adding key: http://localhost:42742 for channel [id: 0xfe2a9595, L:/127.0.0.1:59323 - R:localhost/127.0.0.1:42742]
12:43:20.997 [main] DEBUG net.thucydides.core.steps.StepInterceptor - STARTING STEP: LoginSteps.onLoginPage - validateOnLoginPage
12:43:20.998 [Forwarding findElement on session 9dbac4fb680cb19dfba9b8e0cde1bb34 to remote] DEBUG org.asynchttpclient.netty.request.NettyRequestSender - Using pooled Channel '[id: 0xfe2a9595, L:/127.0.0.1:59323 - R:localhost/127.0.0.1:42742]' for 'POST' to 'http://localhost:42742/session/9dbac4fb680cb19dfba9b8e0cde1bb34/element'
12:43:20.998 [Forwarding findElement on session 9dbac4fb680cb19dfba9b8e0cde1bb34 to remote] DEBUG org.asynchttpclient.netty.request.NettyRequestSender - Using open Channel [id: 0xfe2a9595, L:/127.0.0.1:59323 - R:localhost/127.0.0.1:42742] for POST '/session/9dbac4fb680cb19dfba9b8e0cde1bb34/element'
12:43:21.012 [AsyncHttpClient-1-4] DEBUG org.asynchttpclient.netty.handler.HttpHandler - 

Request DefaultHttpRequest(decodeResult: success, version: HTTP/1.1)
POST /session/9dbac4fb680cb19dfba9b8e0cde1bb34/element HTTP/1.1
User-Agent: selenium/4.8.1 (java windows)
Content-Length: 155
Content-Type: application/json; charset=utf-8
host: localhost:42742
accept: */*

Response DefaultHttpResponse(decodeResult: success, version: HTTP/1.1)
HTTP/1.1 200 OK
Content-Length: 94
Content-Type: application/json; charset=utf-8
cache-control: no-cache

12:43:21.012 [AsyncHttpClient-1-4] DEBUG org.asynchttpclient.netty.channel.ChannelManager - Adding key: http://localhost:42742 for channel [id: 0xfe2a9595, L:/127.0.0.1:59323 - R:localhost/127.0.0.1:42742]
12:43:21.014 [Forwarding isElementDisplayed on session 9dbac4fb680cb19dfba9b8e0cde1bb34 to remote] DEBUG org.asynchttpclient.netty.request.NettyRequestSender - Using pooled Channel '[id: 0xfe2a9595, L:/127.0.0.1:59323 - R:localhost/127.0.0.1:42742]' for 'POST' to 'http://localhost:42742/session/9dbac4fb680cb19dfba9b8e0cde1bb34/execute/sync'
12:43:21.014 [Forwarding isElementDisplayed on session 9dbac4fb680cb19dfba9b8e0cde1bb34 to remote] DEBUG org.asynchttpclient.netty.request.NettyRequestSender - Using open Channel [id: 0xfe2a9595, L:/127.0.0.1:59323 - R:localhost/127.0.0.1:42742] for POST '/session/9dbac4fb680cb19dfba9b8e0cde1bb34/execute/sync'
12:43:21.033 [AsyncHttpClient-1-4] DEBUG org.asynchttpclient.netty.handler.HttpHandler - 

Request DefaultHttpRequest(decodeResult: success, version: HTTP/1.1)
POST /session/9dbac4fb680cb19dfba9b8e0cde1bb34/execute/sync HTTP/1.1
User-Agent: selenium/4.8.1 (java windows)
Content-Length: 48813
Content-Type: application/json; charset=utf-8
host: localhost:42742
accept: */*

Response DefaultHttpResponse(decodeResult: success, version: HTTP/1.1)
HTTP/1.1 200 OK
Content-Length: 14
Content-Type: application/json; charset=utf-8
cache-control: no-cache

12:43:21.034 [AsyncHttpClient-1-4] DEBUG org.asynchttpclient.netty.channel.ChannelManager - Adding key: http://localhost:42742 for channel [id: 0xfe2a9595, L:/127.0.0.1:59323 - R:localhost/127.0.0.1:42742]
12:43:21.037 [Forwarding getAlertText on session 9dbac4fb680cb19dfba9b8e0cde1bb34 to remote] DEBUG org.asynchttpclient.netty.request.NettyRequestSender - Using pooled Channel '[id: 0xfe2a9595, L:/127.0.0.1:59323 - R:localhost/127.0.0.1:42742]' for 'GET' to 'http://localhost:42742/session/9dbac4fb680cb19dfba9b8e0cde1bb34/alert/text'
12:43:21.037 [Forwarding getAlertText on session 9dbac4fb680cb19dfba9b8e0cde1bb34 to remote] DEBUG org.asynchttpclient.netty.request.NettyRequestSender - Using open Channel [id: 0xfe2a9595, L:/127.0.0.1:59323 - R:localhost/127.0.0.1:42742] for GET '/session/9dbac4fb680cb19dfba9b8e0cde1bb34/alert/text'
12:43:21.040 [AsyncHttpClient-1-4] DEBUG org.asynchttpclient.netty.handler.HttpHandler - 

Request DefaultFullHttpRequest(decodeResult: success, version: HTTP/1.1, content: EmptyByteBufBE)
GET /session/9dbac4fb680cb19dfba9b8e0cde1bb34/alert/text HTTP/1.1
User-Agent: selenium/4.8.1 (java windows)
Cache-Control: no-cache
Content-Type: application/json; charset=utf-8
host: localhost:42742
accept: */*

Response DefaultHttpResponse(decodeResult: success, version: HTTP/1.1)
HTTP/1.1 404 Not Found
Content-Length: 821
Content-Type: application/json; charset=utf-8
cache-control: no-cache

12:43:21.040 [AsyncHttpClient-1-4] DEBUG org.asynchttpclient.netty.channel.ChannelManager - Adding key: http://localhost:42742 for channel [id: 0xfe2a9595, L:/127.0.0.1:59323 - R:localhost/127.0.0.1:42742]
12:43:21.041 [Forwarding getCurrentUrl on session 9dbac4fb680cb19dfba9b8e0cde1bb34 to remote] DEBUG org.asynchttpclient.netty.request.NettyRequestSender - Using pooled Channel '[id: 0xfe2a9595, L:/127.0.0.1:59323 - R:localhost/127.0.0.1:42742]' for 'GET' to 'http://localhost:42742/session/9dbac4fb680cb19dfba9b8e0cde1bb34/url'
12:43:21.041 [Forwarding getCurrentUrl on session 9dbac4fb680cb19dfba9b8e0cde1bb34 to remote] DEBUG org.asynchttpclient.netty.request.NettyRequestSender - Using open Channel [id: 0xfe2a9595, L:/127.0.0.1:59323 - R:localhost/127.0.0.1:42742] for GET '/session/9dbac4fb680cb19dfba9b8e0cde1bb34/url'
12:43:21.048 [AsyncHttpClient-1-4] DEBUG org.asynchttpclient.netty.handler.HttpHandler - 

Request DefaultFullHttpRequest(decodeResult: success, version: HTTP/1.1, content: EmptyByteBufBE)
GET /session/9dbac4fb680cb19dfba9b8e0cde1bb34/url HTTP/1.1
User-Agent: selenium/4.8.1 (java windows)
Cache-Control: no-cache
Content-Type: application/json; charset=utf-8
host: localhost:42742
accept: */*

Response DefaultHttpResponse(decodeResult: success, version: HTTP/1.1)
HTTP/1.1 200 OK
Content-Length: 47
Content-Type: application/json; charset=utf-8
cache-control: no-cache

12:43:21.048 [AsyncHttpClient-1-4] DEBUG org.asynchttpclient.netty.channel.ChannelManager - Adding key: http://localhost:42742 for channel [id: 0xfe2a9595, L:/127.0.0.1:59323 - R:localhost/127.0.0.1:42742]
12:43:21.049 [Forwarding screenshot on session 9dbac4fb680cb19dfba9b8e0cde1bb34 to remote] DEBUG org.asynchttpclient.netty.request.NettyRequestSender - Using pooled Channel '[id: 0xfe2a9595, L:/127.0.0.1:59323 - R:localhost/127.0.0.1:42742]' for 'GET' to 'http://localhost:42742/session/9dbac4fb680cb19dfba9b8e0cde1bb34/screenshot'
12:43:21.049 [Forwarding screenshot on session 9dbac4fb680cb19dfba9b8e0cde1bb34 to remote] DEBUG org.asynchttpclient.netty.request.NettyRequestSender - Using open Channel [id: 0xfe2a9595, L:/127.0.0.1:59323 - R:localhost/127.0.0.1:42742] for GET '/session/9dbac4fb680cb19dfba9b8e0cde1bb34/screenshot'
12:43:21.184 [AsyncHttpClient-1-4] DEBUG org.asynchttpclient.netty.handler.HttpHandler - 

Request DefaultFullHttpRequest(decodeResult: success, version: HTTP/1.1, content: EmptyByteBufBE)
GET /session/9dbac4fb680cb19dfba9b8e0cde1bb34/screenshot HTTP/1.1
User-Agent: selenium/4.8.1 (java windows)
Cache-Control: no-cache
Content-Type: application/json; charset=utf-8
host: localhost:42742
accept: */*

Response DefaultHttpResponse(decodeResult: success, version: HTTP/1.1)
HTTP/1.1 200 OK
Content-Length: 104432
Content-Type: application/json; charset=utf-8
cache-control: no-cache

12:43:21.184 [AsyncHttpClient-1-4] DEBUG org.asynchttpclient.netty.channel.ChannelManager - Adding key: http://localhost:42742 for channel [id: 0xfe2a9595, L:/127.0.0.1:59323 - R:localhost/127.0.0.1:42742]
12:43:21.186 [main] DEBUG net.serenitybdd.core.photography.Darkroom - Send negative for processing for target\site\serenity\497549ede4ffc540098ec1a2b75c60d2b8914c9efd48a515f9446ee33b4ccb07.png
12:43:21.186 [main] DEBUG net.thucydides.core.steps.StepInterceptor - STEP DONE: validateOnLoginPage
  &amp#27;[32mGiven &amp#27;[0m&amp#27;[32mI am on the login page&amp#27;[0m                                 &amp#27;[90m# starter.stepdefinitions.LoginSteps.onLoginPage()&amp#27;[0m
12:43:21.191 [Forwarding getPageSource on session 9dbac4fb680cb19dfba9b8e0cde1bb34 to remote] DEBUG org.asynchttpclient.netty.request.NettyRequestSender - Using pooled Channel '[id: 0xfe2a9595, L:/127.0.0.1:59323 - R:localhost/127.0.0.1:42742]' for 'POST' to 'http://localhost:42742/session/9dbac4fb680cb19dfba9b8e0cde1bb34/execute/sync'
12:43:21.191 [Forwarding getPageSource on session 9dbac4fb680cb19dfba9b8e0cde1bb34 to remote] DEBUG org.asynchttpclient.netty.request.NettyRequestSender - Using open Channel [id: 0xfe2a9595, L:/127.0.0.1:59323 - R:localhost/127.0.0.1:42742] for POST '/session/9dbac4fb680cb19dfba9b8e0cde1bb34/execute/sync'
12:43:21.214 [AsyncHttpClient-1-4] DEBUG org.asynchttpclient.netty.handler.HttpHandler - 

Request DefaultHttpRequest(decodeResult: success, version: HTTP/1.1)
POST /session/9dbac4fb680cb19dfba9b8e0cde1bb34/execute/sync HTTP/1.1
User-Agent: selenium/4.8.1 (java windows)
Content-Length: 176
Content-Type: application/json; charset=utf-8
host: localhost:42742
accept: */*

Response DefaultHttpResponse(decodeResult: success, version: HTTP/1.1)
HTTP/1.1 200 OK
Content-Length: 159202
Content-Type: application/json; charset=utf-8
cache-control: no-cache

12:43:21.215 [AsyncHttpClient-1-4] DEBUG org.asynchttpclient.netty.channel.ChannelManager - Adding key: http://localhost:42742 for channel [id: 0xfe2a9595, L:/127.0.0.1:59323 - R:localhost/127.0.0.1:42742]
12:43:21.221 [Forwarding getCurrentUrl on session 9dbac4fb680cb19dfba9b8e0cde1bb34 to remote] DEBUG org.asynchttpclient.netty.request.NettyRequestSender - Using pooled Channel '[id: 0xfe2a9595, L:/127.0.0.1:59323 - R:localhost/127.0.0.1:42742]' for 'GET' to 'http://localhost:42742/session/9dbac4fb680cb19dfba9b8e0cde1bb34/url'
12:43:21.221 [Forwarding getCurrentUrl on session 9dbac4fb680cb19dfba9b8e0cde1bb34 to remote] DEBUG org.asynchttpclient.netty.request.NettyRequestSender - Using open Channel [id: 0xfe2a9595, L:/127.0.0.1:59323 - R:localhost/127.0.0.1:42742] for GET '/session/9dbac4fb680cb19dfba9b8e0cde1bb34/url'
12:43:21.232 [AsyncHttpClient-1-4] DEBUG org.asynchttpclient.netty.handler.HttpHandler - 

Request DefaultFullHttpRequest(decodeResult: success, version: HTTP/1.1, content: EmptyByteBufBE)
GET /session/9dbac4fb680cb19dfba9b8e0cde1bb34/url HTTP/1.1
User-Agent: selenium/4.8.1 (java windows)
Cache-Control: no-cache
Content-Type: application/json; charset=utf-8
host: localhost:42742
accept: */*

Response DefaultHttpResponse(decodeResult: success, version: HTTP/1.1)
HTTP/1.1 200 OK
Content-Length: 47
Content-Type: application/json; charset=utf-8
cache-control: no-cache

12:43:21.232 [AsyncHttpClient-1-4] DEBUG org.asynchttpclient.netty.channel.ChannelManager - Adding key: http://localhost:42742 for channel [id: 0xfe2a9595, L:/127.0.0.1:59323 - R:localhost/127.0.0.1:42742]
12:43:21.241 [Forwarding getAlertText on session 9dbac4fb680cb19dfba9b8e0cde1bb34 to remote] DEBUG org.asynchttpclient.netty.request.NettyRequestSender - Using pooled Channel '[id: 0xfe2a9595, L:/127.0.0.1:59323 - R:localhost/127.0.0.1:42742]' for 'GET' to 'http://localhost:42742/session/9dbac4fb680cb19dfba9b8e0cde1bb34/alert/text'
12:43:21.241 [Forwarding getAlertText on session 9dbac4fb680cb19dfba9b8e0cde1bb34 to remote] DEBUG org.asynchttpclient.netty.request.NettyRequestSender - Using open Channel [id: 0xfe2a9595, L:/127.0.0.1:59323 - R:localhost/127.0.0.1:42742] for GET '/session/9dbac4fb680cb19dfba9b8e0cde1bb34/alert/text'
12:43:21.243 [AsyncHttpClient-1-4] DEBUG org.asynchttpclient.netty.handler.HttpHandler - 

Request DefaultFullHttpRequest(decodeResult: success, version: HTTP/1.1, content: EmptyByteBufBE)
GET /session/9dbac4fb680cb19dfba9b8e0cde1bb34/alert/text HTTP/1.1
User-Agent: selenium/4.8.1 (java windows)
Cache-Control: no-cache
Content-Type: application/json; charset=utf-8
host: localhost:42742
accept: */*

Response DefaultHttpResponse(decodeResult: success, version: HTTP/1.1)
HTTP/1.1 404 Not Found
Content-Length: 821
Content-Type: application/json; charset=utf-8
cache-control: no-cache

12:43:21.243 [AsyncHttpClient-1-4] DEBUG org.asynchttpclient.netty.channel.ChannelManager - Adding key: http://localhost:42742 for channel [id: 0xfe2a9595, L:/127.0.0.1:59323 - R:localhost/127.0.0.1:42742]
12:43:21.245 [Forwarding getCurrentUrl on session 9dbac4fb680cb19dfba9b8e0cde1bb34 to remote] DEBUG org.asynchttpclient.netty.request.NettyRequestSender - Using pooled Channel '[id: 0xfe2a9595, L:/127.0.0.1:59323 - R:localhost/127.0.0.1:42742]' for 'GET' to 'http://localhost:42742/session/9dbac4fb680cb19dfba9b8e0cde1bb34/url'
12:43:21.245 [Forwarding getCurrentUrl on session 9dbac4fb680cb19dfba9b8e0cde1bb34 to remote] DEBUG org.asynchttpclient.netty.request.NettyRequestSender - Using open Channel [id: 0xfe2a9595, L:/127.0.0.1:59323 - R:localhost/127.0.0.1:42742] for GET '/session/9dbac4fb680cb19dfba9b8e0cde1bb34/url'
12:43:21.251 [AsyncHttpClient-1-4] DEBUG org.asynchttpclient.netty.handler.HttpHandler - 

Request DefaultFullHttpRequest(decodeResult: success, version: HTTP/1.1, content: EmptyByteBufBE)
GET /session/9dbac4fb680cb19dfba9b8e0cde1bb34/url HTTP/1.1
User-Agent: selenium/4.8.1 (java windows)
Cache-Control: no-cache
Content-Type: application/json; charset=utf-8
host: localhost:42742
accept: */*

Response DefaultHttpResponse(decodeResult: success, version: HTTP/1.1)
HTTP/1.1 200 OK
Content-Length: 47
Content-Type: application/json; charset=utf-8
cache-control: no-cache

12:43:21.251 [AsyncHttpClient-1-4] DEBUG org.asynchttpclient.netty.channel.ChannelManager - Adding key: http://localhost:42742 for channel [id: 0xfe2a9595, L:/127.0.0.1:59323 - R:localhost/127.0.0.1:42742]
12:43:21.252 [Forwarding screenshot on session 9dbac4fb680cb19dfba9b8e0cde1bb34 to remote] DEBUG org.asynchttpclient.netty.request.NettyRequestSender - Using pooled Channel '[id: 0xfe2a9595, L:/127.0.0.1:59323 - R:localhost/127.0.0.1:42742]' for 'GET' to 'http://localhost:42742/session/9dbac4fb680cb19dfba9b8e0cde1bb34/screenshot'
12:43:21.252 [Forwarding screenshot on session 9dbac4fb680cb19dfba9b8e0cde1bb34 to remote] DEBUG org.asynchttpclient.netty.request.NettyRequestSender - Using open Channel [id: 0xfe2a9595, L:/127.0.0.1:59323 - R:localhost/127.0.0.1:42742] for GET '/session/9dbac4fb680cb19dfba9b8e0cde1bb34/screenshot'
12:43:21.349 [AsyncHttpClient-1-4] DEBUG org.asynchttpclient.netty.handler.HttpHandler - 

Request DefaultFullHttpRequest(decodeResult: success, version: HTTP/1.1, content: EmptyByteBufBE)
GET /session/9dbac4fb680cb19dfba9b8e0cde1bb34/screenshot HTTP/1.1
User-Agent: selenium/4.8.1 (java windows)
Cache-Control: no-cache
Content-Type: application/json; charset=utf-8
host: localhost:42742
accept: */*

Response DefaultHttpResponse(decodeResult: success, version: HTTP/1.1)
HTTP/1.1 200 OK
Content-Length: 104432
Content-Type: application/json; charset=utf-8
cache-control: no-cache

12:43:21.350 [AsyncHttpClient-1-4] DEBUG org.asynchttpclient.netty.channel.ChannelManager - Adding key: http://localhost:42742 for channel [id: 0xfe2a9595, L:/127.0.0.1:59323 - R:localhost/127.0.0.1:42742]
12:43:21.353 [main] DEBUG net.serenitybdd.core.photography.Darkroom - Send negative for processing for target\site\serenity\497549ede4ffc540098ec1a2b75c60d2b8914c9efd48a515f9446ee33b4ccb07.png
12:43:21.354 [Forwarding getPageSource on session 9dbac4fb680cb19dfba9b8e0cde1bb34 to remote] DEBUG org.asynchttpclient.netty.request.NettyRequestSender - Using pooled Channel '[id: 0xfe2a9595, L:/127.0.0.1:59323 - R:localhost/127.0.0.1:42742]' for 'POST' to 'http://localhost:42742/session/9dbac4fb680cb19dfba9b8e0cde1bb34/execute/sync'
12:43:21.354 [Forwarding getPageSource on session 9dbac4fb680cb19dfba9b8e0cde1bb34 to remote] DEBUG org.asynchttpclient.netty.request.NettyRequestSender - Using open Channel [id: 0xfe2a9595, L:/127.0.0.1:59323 - R:localhost/127.0.0.1:42742] for POST '/session/9dbac4fb680cb19dfba9b8e0cde1bb34/execute/sync'
12:43:21.378 [AsyncHttpClient-1-4] DEBUG org.asynchttpclient.netty.handler.HttpHandler - 

Request DefaultHttpRequest(decodeResult: success, version: HTTP/1.1)
POST /session/9dbac4fb680cb19dfba9b8e0cde1bb34/execute/sync HTTP/1.1
User-Agent: selenium/4.8.1 (java windows)
Content-Length: 176
Content-Type: application/json; charset=utf-8
host: localhost:42742
accept: */*

Response DefaultHttpResponse(decodeResult: success, version: HTTP/1.1)
HTTP/1.1 200 OK
Content-Length: 159202
Content-Type: application/json; charset=utf-8
cache-control: no-cache

12:43:21.378 [AsyncHttpClient-1-4] DEBUG org.asynchttpclient.netty.channel.ChannelManager - Adding key: http://localhost:42742 for channel [id: 0xfe2a9595, L:/127.0.0.1:59323 - R:localhost/127.0.0.1:42742]
12:43:21.393 [Forwarding getCurrentUrl on session 9dbac4fb680cb19dfba9b8e0cde1bb34 to remote] DEBUG org.asynchttpclient.netty.request.NettyRequestSender - Using pooled Channel '[id: 0xfe2a9595, L:/127.0.0.1:59323 - R:localhost/127.0.0.1:42742]' for 'GET' to 'http://localhost:42742/session/9dbac4fb680cb19dfba9b8e0cde1bb34/url'
12:43:21.393 [Forwarding getCurrentUrl on session 9dbac4fb680cb19dfba9b8e0cde1bb34 to remote] DEBUG org.asynchttpclient.netty.request.NettyRequestSender - Using open Channel [id: 0xfe2a9595, L:/127.0.0.1:59323 - R:localhost/127.0.0.1:42742] for GET '/session/9dbac4fb680cb19dfba9b8e0cde1bb34/url'
12:43:21.400 [AsyncHttpClient-1-4] DEBUG org.asynchttpclient.netty.handler.HttpHandler - 

Request DefaultFullHttpRequest(decodeResult: success, version: HTTP/1.1, content: EmptyByteBufBE)
GET /session/9dbac4fb680cb19dfba9b8e0cde1bb34/url HTTP/1.1
User-Agent: selenium/4.8.1 (java windows)
Cache-Control: no-cache
Content-Type: application/json; charset=utf-8
host: localhost:42742
accept: */*

Response DefaultHttpResponse(decodeResult: success, version: HTTP/1.1)
HTTP/1.1 200 OK
Content-Length: 47
Content-Type: application/json; charset=utf-8
cache-control: no-cache

12:43:21.400 [AsyncHttpClient-1-4] DEBUG org.asynchttpclient.netty.channel.ChannelManager - Adding key: http://localhost:42742 for channel [id: 0xfe2a9595, L:/127.0.0.1:59323 - R:localhost/127.0.0.1:42742]
12:43:21.404 [main] DEBUG net.thucydides.core.steps.StepInterceptor - STARTING STEP: LoginSteps.enterUsernamelOnSigIn - inputUsername
12:43:21.407 [Forwarding findElement on session 9dbac4fb680cb19dfba9b8e0cde1bb34 to remote] DEBUG org.asynchttpclient.netty.request.NettyRequestSender - Using pooled Channel '[id: 0xfe2a9595, L:/127.0.0.1:59323 - R:localhost/127.0.0.1:42742]' for 'POST' to 'http://localhost:42742/session/9dbac4fb680cb19dfba9b8e0cde1bb34/element'
12:43:21.407 [Forwarding findElement on session 9dbac4fb680cb19dfba9b8e0cde1bb34 to remote] DEBUG org.asynchttpclient.netty.request.NettyRequestSender - Using open Channel [id: 0xfe2a9595, L:/127.0.0.1:59323 - R:localhost/127.0.0.1:42742] for POST '/session/9dbac4fb680cb19dfba9b8e0cde1bb34/element'
12:43:21.426 [AsyncHttpClient-1-4] DEBUG org.asynchttpclient.netty.handler.HttpHandler - 

Request DefaultHttpRequest(decodeResult: success, version: HTTP/1.1)
POST /session/9dbac4fb680cb19dfba9b8e0cde1bb34/element HTTP/1.1
User-Agent: selenium/4.8.1 (java windows)
Content-Length: 88
Content-Type: application/json; charset=utf-8
host: localhost:42742
accept: */*

Response DefaultHttpResponse(decodeResult: success, version: HTTP/1.1)
HTTP/1.1 200 OK
Content-Length: 95
Content-Type: application/json; charset=utf-8
cache-control: no-cache

12:43:21.426 [AsyncHttpClient-1-4] DEBUG org.asynchttpclient.netty.channel.ChannelManager - Adding key: http://localhost:42742 for channel [id: 0xfe2a9595, L:/127.0.0.1:59323 - R:localhost/127.0.0.1:42742]
12:43:21.428 [Forwarding clearElement on session 9dbac4fb680cb19dfba9b8e0cde1bb34 to remote] DEBUG org.asynchttpclient.netty.request.NettyRequestSender - Using pooled Channel '[id: 0xfe2a9595, L:/127.0.0.1:59323 - R:localhost/127.0.0.1:42742]' for 'POST' to 'http://localhost:42742/session/9dbac4fb680cb19dfba9b8e0cde1bb34/element/38A677BCDD2096330DBACD49C7895122_element_10/clear'
12:43:21.428 [Forwarding clearElement on session 9dbac4fb680cb19dfba9b8e0cde1bb34 to remote] DEBUG org.asynchttpclient.netty.request.NettyRequestSender - Using open Channel [id: 0xfe2a9595, L:/127.0.0.1:59323 - R:localhost/127.0.0.1:42742] for POST '/session/9dbac4fb680cb19dfba9b8e0cde1bb34/element/38A677BCDD2096330DBACD49C7895122_element_10/clear'
12:43:21.457 [AsyncHttpClient-1-1] DEBUG org.asynchttpclient.netty.channel.DefaultChannelPool - Entry count for : http://localhost:59324 : 1
12:43:21.481 [AsyncHttpClient-1-4] DEBUG org.asynchttpclient.netty.handler.HttpHandler - 

Request DefaultHttpRequest(decodeResult: success, version: HTTP/1.1)
POST /session/9dbac4fb680cb19dfba9b8e0cde1bb34/element/38A677BCDD2096330DBACD49C7895122_element_10/clear HTTP/1.1
User-Agent: selenium/4.8.1 (java windows)
Content-Length: 57
Content-Type: application/json; charset=utf-8
host: localhost:42742
accept: */*

Response DefaultHttpResponse(decodeResult: success, version: HTTP/1.1)
HTTP/1.1 200 OK
Content-Length: 14
Content-Type: application/json; charset=utf-8
cache-control: no-cache

12:43:21.481 [AsyncHttpClient-1-4] DEBUG org.asynchttpclient.netty.channel.ChannelManager - Adding key: http://localhost:42742 for channel [id: 0xfe2a9595, L:/127.0.0.1:59323 - R:localhost/127.0.0.1:42742]
12:43:21.482 [Forwarding sendKeysToElement on session 9dbac4fb680cb19dfba9b8e0cde1bb34 to remote] DEBUG org.asynchttpclient.netty.request.NettyRequestSender - Using pooled Channel '[id: 0xfe2a9595, L:/127.0.0.1:59323 - R:localhost/127.0.0.1:42742]' for 'POST' to 'http://localhost:42742/session/9dbac4fb680cb19dfba9b8e0cde1bb34/element/38A677BCDD2096330DBACD49C7895122_element_10/value'
12:43:21.482 [Forwarding sendKeysToElement on session 9dbac4fb680cb19dfba9b8e0cde1bb34 to remote] DEBUG org.asynchttpclient.netty.request.NettyRequestSender - Using open Channel [id: 0xfe2a9595, L:/127.0.0.1:59323 - R:localhost/127.0.0.1:42742] for POST '/session/9dbac4fb680cb19dfba9b8e0cde1bb34/element/38A677BCDD2096330DBACD49C7895122_element_10/value'
12:43:21.581 [AsyncHttpClient-1-4] DEBUG org.asynchttpclient.netty.handler.HttpHandler - 

Request DefaultHttpRequest(decodeResult: success, version: HTTP/1.1)
POST /session/9dbac4fb680cb19dfba9b8e0cde1bb34/element/38A677BCDD2096330DBACD49C7895122_element_10/value HTTP/1.1
User-Agent: selenium/4.8.1 (java windows)
Content-Length: 148
Content-Type: application/json; charset=utf-8
host: localhost:42742
accept: */*

Response DefaultHttpResponse(decodeResult: success, version: HTTP/1.1)
HTTP/1.1 200 OK
Content-Length: 14
Content-Type: application/json; charset=utf-8
cache-control: no-cache

12:43:21.581 [AsyncHttpClient-1-4] DEBUG org.asynchttpclient.netty.channel.ChannelManager - Adding key: http://localhost:42742 for channel [id: 0xfe2a9595, L:/127.0.0.1:59323 - R:localhost/127.0.0.1:42742]
12:43:21.585 [Forwarding getAlertText on session 9dbac4fb680cb19dfba9b8e0cde1bb34 to remote] DEBUG org.asynchttpclient.netty.request.NettyRequestSender - Using pooled Channel '[id: 0xfe2a9595, L:/127.0.0.1:59323 - R:localhost/127.0.0.1:42742]' for 'GET' to 'http://localhost:42742/session/9dbac4fb680cb19dfba9b8e0cde1bb34/alert/text'
12:43:21.585 [Forwarding getAlertText on session 9dbac4fb680cb19dfba9b8e0cde1bb34 to remote] DEBUG org.asynchttpclient.netty.request.NettyRequestSender - Using open Channel [id: 0xfe2a9595, L:/127.0.0.1:59323 - R:localhost/127.0.0.1:42742] for GET '/session/9dbac4fb680cb19dfba9b8e0cde1bb34/alert/text'
12:43:21.588 [AsyncHttpClient-1-4] DEBUG org.asynchttpclient.netty.handler.HttpHandler - 

Request DefaultFullHttpRequest(decodeResult: success, version: HTTP/1.1, content: EmptyByteBufBE)
GET /session/9dbac4fb680cb19dfba9b8e0cde1bb34/alert/text HTTP/1.1
User-Agent: selenium/4.8.1 (java windows)
Cache-Control: no-cache
Content-Type: application/json; charset=utf-8
host: localhost:42742
accept: */*

Response DefaultHttpResponse(decodeResult: success, version: HTTP/1.1)
HTTP/1.1 404 Not Found
Content-Length: 821
Content-Type: application/json; charset=utf-8
cache-control: no-cache

12:43:21.588 [AsyncHttpClient-1-4] DEBUG org.asynchttpclient.netty.channel.ChannelManager - Adding key: http://localhost:42742 for channel [id: 0xfe2a9595, L:/127.0.0.1:59323 - R:localhost/127.0.0.1:42742]
12:43:21.589 [Forwarding getCurrentUrl on session 9dbac4fb680cb19dfba9b8e0cde1bb34 to remote] DEBUG org.asynchttpclient.netty.request.NettyRequestSender - Using pooled Channel '[id: 0xfe2a9595, L:/127.0.0.1:59323 - R:localhost/127.0.0.1:42742]' for 'GET' to 'http://localhost:42742/session/9dbac4fb680cb19dfba9b8e0cde1bb34/url'
12:43:21.589 [Forwarding getCurrentUrl on session 9dbac4fb680cb19dfba9b8e0cde1bb34 to remote] DEBUG org.asynchttpclient.netty.request.NettyRequestSender - Using open Channel [id: 0xfe2a9595, L:/127.0.0.1:59323 - R:localhost/127.0.0.1:42742] for GET '/session/9dbac4fb680cb19dfba9b8e0cde1bb34/url'
12:43:21.596 [AsyncHttpClient-1-4] DEBUG org.asynchttpclient.netty.handler.HttpHandler - 

Request DefaultFullHttpRequest(decodeResult: success, version: HTTP/1.1, content: EmptyByteBufBE)
GET /session/9dbac4fb680cb19dfba9b8e0cde1bb34/url HTTP/1.1
User-Agent: selenium/4.8.1 (java windows)
Cache-Control: no-cache
Content-Type: application/json; charset=utf-8
host: localhost:42742
accept: */*

Response DefaultHttpResponse(decodeResult: success, version: HTTP/1.1)
HTTP/1.1 200 OK
Content-Length: 47
Content-Type: application/json; charset=utf-8
cache-control: no-cache

12:43:21.597 [AsyncHttpClient-1-4] DEBUG org.asynchttpclient.netty.channel.ChannelManager - Adding key: http://localhost:42742 for channel [id: 0xfe2a9595, L:/127.0.0.1:59323 - R:localhost/127.0.0.1:42742]
12:43:21.598 [Forwarding screenshot on session 9dbac4fb680cb19dfba9b8e0cde1bb34 to remote] DEBUG org.asynchttpclient.netty.request.NettyRequestSender - Using pooled Channel '[id: 0xfe2a9595, L:/127.0.0.1:59323 - R:localhost/127.0.0.1:42742]' for 'GET' to 'http://localhost:42742/session/9dbac4fb680cb19dfba9b8e0cde1bb34/screenshot'
12:43:21.598 [Forwarding screenshot on session 9dbac4fb680cb19dfba9b8e0cde1bb34 to remote] DEBUG org.asynchttpclient.netty.request.NettyRequestSender - Using open Channel [id: 0xfe2a9595, L:/127.0.0.1:59323 - R:localhost/127.0.0.1:42742] for GET '/session/9dbac4fb680cb19dfba9b8e0cde1bb34/screenshot'
12:43:21.745 [AsyncHttpClient-1-4] DEBUG org.asynchttpclient.netty.handler.HttpHandler - 

Request DefaultFullHttpRequest(decodeResult: success, version: HTTP/1.1, content: EmptyByteBufBE)
GET /session/9dbac4fb680cb19dfba9b8e0cde1bb34/screenshot HTTP/1.1
User-Agent: selenium/4.8.1 (java windows)
Cache-Control: no-cache
Content-Type: application/json; charset=utf-8
host: localhost:42742
accept: */*

Response DefaultHttpResponse(decodeResult: success, version: HTTP/1.1)
HTTP/1.1 200 OK
Content-Length: 104384
Content-Type: application/json; charset=utf-8
cache-control: no-cache

12:43:21.745 [AsyncHttpClient-1-4] DEBUG org.asynchttpclient.netty.channel.ChannelManager - Adding key: http://localhost:42742 for channel [id: 0xfe2a9595, L:/127.0.0.1:59323 - R:localhost/127.0.0.1:42742]
12:43:21.747 [main] DEBUG net.serenitybdd.core.photography.Darkroom - Send negative for processing for target\site\serenity\4c562d582c8ce9340b12d1b3fd83f5af9a369bd70b0468ae5fe76c4d8a56a660.png
12:43:21.747 [main] DEBUG net.thucydides.core.steps.StepInterceptor - STEP DONE: inputUsername
  &amp#27;[32mWhen &amp#27;[0m&amp#27;[32mI enter Username &amp#27;[0m&amp#27;[32m&amp#27;[1m"admin "&amp#27;[0m                               &amp#27;[90m# starter.stepdefinitions.LoginSteps.enterUsernamelOnSigIn(java.lang.String)&amp#27;[0m
12:43:21.748 [Darkroom Processing Line] DEBUG net.serenitybdd.core.photography.DarkroomProcessingLine - Processing screenshot image in /var/screenshots/screenshot-9831543073005347689
12:43:21.748 [Darkroom Processing Line] DEBUG net.serenitybdd.core.photography.DarkroomProcessingLine - Saving screenshot to target\site\serenity\4c562d582c8ce9340b12d1b3fd83f5af9a369bd70b0468ae5fe76c4d8a56a660.png
12:43:21.753 [Forwarding getPageSource on session 9dbac4fb680cb19dfba9b8e0cde1bb34 to remote] DEBUG org.asynchttpclient.netty.request.NettyRequestSender - Using pooled Channel '[id: 0xfe2a9595, L:/127.0.0.1:59323 - R:localhost/127.0.0.1:42742]' for 'POST' to 'http://localhost:42742/session/9dbac4fb680cb19dfba9b8e0cde1bb34/execute/sync'
12:43:21.753 [Forwarding getPageSource on session 9dbac4fb680cb19dfba9b8e0cde1bb34 to remote] DEBUG org.asynchttpclient.netty.request.NettyRequestSender - Using open Channel [id: 0xfe2a9595, L:/127.0.0.1:59323 - R:localhost/127.0.0.1:42742] for POST '/session/9dbac4fb680cb19dfba9b8e0cde1bb34/execute/sync'
12:43:21.774 [AsyncHttpClient-1-4] DEBUG org.asynchttpclient.netty.handler.HttpHandler - 

Request DefaultHttpRequest(decodeResult: success, version: HTTP/1.1)
POST /session/9dbac4fb680cb19dfba9b8e0cde1bb34/execute/sync HTTP/1.1
User-Agent: selenium/4.8.1 (java windows)
Content-Length: 176
Content-Type: application/json; charset=utf-8
host: localhost:42742
accept: */*

Response DefaultHttpResponse(decodeResult: success, version: HTTP/1.1)
HTTP/1.1 200 OK
Content-Length: 159305
Content-Type: application/json; charset=utf-8
cache-control: no-cache

12:43:21.774 [AsyncHttpClient-1-4] DEBUG org.asynchttpclient.netty.channel.ChannelManager - Adding key: http://localhost:42742 for channel [id: 0xfe2a9595, L:/127.0.0.1:59323 - R:localhost/127.0.0.1:42742]
12:43:21.782 [Forwarding getCurrentUrl on session 9dbac4fb680cb19dfba9b8e0cde1bb34 to remote] DEBUG org.asynchttpclient.netty.request.NettyRequestSender - Using pooled Channel '[id: 0xfe2a9595, L:/127.0.0.1:59323 - R:localhost/127.0.0.1:42742]' for 'GET' to 'http://localhost:42742/session/9dbac4fb680cb19dfba9b8e0cde1bb34/url'
12:43:21.782 [Forwarding getCurrentUrl on session 9dbac4fb680cb19dfba9b8e0cde1bb34 to remote] DEBUG org.asynchttpclient.netty.request.NettyRequestSender - Using open Channel [id: 0xfe2a9595, L:/127.0.0.1:59323 - R:localhost/127.0.0.1:42742] for GET '/session/9dbac4fb680cb19dfba9b8e0cde1bb34/url'
12:43:21.791 [AsyncHttpClient-1-4] DEBUG org.asynchttpclient.netty.handler.HttpHandler - 

Request DefaultFullHttpRequest(decodeResult: success, version: HTTP/1.1, content: EmptyByteBufBE)
GET /session/9dbac4fb680cb19dfba9b8e0cde1bb34/url HTTP/1.1
User-Agent: selenium/4.8.1 (java windows)
Cache-Control: no-cache
Content-Type: application/json; charset=utf-8
host: localhost:42742
accept: */*

Response DefaultHttpResponse(decodeResult: success, version: HTTP/1.1)
HTTP/1.1 200 OK
Content-Length: 47
Content-Type: application/json; charset=utf-8
cache-control: no-cache

12:43:21.791 [AsyncHttpClient-1-4] DEBUG org.asynchttpclient.netty.channel.ChannelManager - Adding key: http://localhost:42742 for channel [id: 0xfe2a9595, L:/127.0.0.1:59323 - R:localhost/127.0.0.1:42742]
12:43:21.798 [Forwarding getAlertText on session 9dbac4fb680cb19dfba9b8e0cde1bb34 to remote] DEBUG org.asynchttpclient.netty.request.NettyRequestSender - Using pooled Channel '[id: 0xfe2a9595, L:/127.0.0.1:59323 - R:localhost/127.0.0.1:42742]' for 'GET' to 'http://localhost:42742/session/9dbac4fb680cb19dfba9b8e0cde1bb34/alert/text'
12:43:21.798 [Forwarding getAlertText on session 9dbac4fb680cb19dfba9b8e0cde1bb34 to remote] DEBUG org.asynchttpclient.netty.request.NettyRequestSender - Using open Channel [id: 0xfe2a9595, L:/127.0.0.1:59323 - R:localhost/127.0.0.1:42742] for GET '/session/9dbac4fb680cb19dfba9b8e0cde1bb34/alert/text'
12:43:21.801 [AsyncHttpClient-1-4] DEBUG org.asynchttpclient.netty.handler.HttpHandler - 

Request DefaultFullHttpRequest(decodeResult: success, version: HTTP/1.1, content: EmptyByteBufBE)
GET /session/9dbac4fb680cb19dfba9b8e0cde1bb34/alert/text HTTP/1.1
User-Agent: selenium/4.8.1 (java windows)
Cache-Control: no-cache
Content-Type: application/json; charset=utf-8
host: localhost:42742
accept: */*

Response DefaultHttpResponse(decodeResult: success, version: HTTP/1.1)
HTTP/1.1 404 Not Found
Content-Length: 821
Content-Type: application/json; charset=utf-8
cache-control: no-cache

12:43:21.801 [AsyncHttpClient-1-4] DEBUG org.asynchttpclient.netty.channel.ChannelManager - Adding key: http://localhost:42742 for channel [id: 0xfe2a9595, L:/127.0.0.1:59323 - R:localhost/127.0.0.1:42742]
12:43:21.802 [Forwarding getCurrentUrl on session 9dbac4fb680cb19dfba9b8e0cde1bb34 to remote] DEBUG org.asynchttpclient.netty.request.NettyRequestSender - Using pooled Channel '[id: 0xfe2a9595, L:/127.0.0.1:59323 - R:localhost/127.0.0.1:42742]' for 'GET' to 'http://localhost:42742/session/9dbac4fb680cb19dfba9b8e0cde1bb34/url'
12:43:21.802 [Forwarding getCurrentUrl on session 9dbac4fb680cb19dfba9b8e0cde1bb34 to remote] DEBUG org.asynchttpclient.netty.request.NettyRequestSender - Using open Channel [id: 0xfe2a9595, L:/127.0.0.1:59323 - R:localhost/127.0.0.1:42742] for GET '/session/9dbac4fb680cb19dfba9b8e0cde1bb34/url'
12:43:21.810 [AsyncHttpClient-1-4] DEBUG org.asynchttpclient.netty.handler.HttpHandler - 

Request DefaultFullHttpRequest(decodeResult: success, version: HTTP/1.1, content: EmptyByteBufBE)
GET /session/9dbac4fb680cb19dfba9b8e0cde1bb34/url HTTP/1.1
User-Agent: selenium/4.8.1 (java windows)
Cache-Control: no-cache
Content-Type: application/json; charset=utf-8
host: localhost:42742
accept: */*

Response DefaultHttpResponse(decodeResult: success, version: HTTP/1.1)
HTTP/1.1 200 OK
Content-Length: 47
Content-Type: application/json; charset=utf-8
cache-control: no-cache

12:43:21.810 [AsyncHttpClient-1-4] DEBUG org.asynchttpclient.netty.channel.ChannelManager - Adding key: http://localhost:42742 for channel [id: 0xfe2a9595, L:/127.0.0.1:59323 - R:localhost/127.0.0.1:42742]
12:43:21.811 [Forwarding screenshot on session 9dbac4fb680cb19dfba9b8e0cde1bb34 to remote] DEBUG org.asynchttpclient.netty.request.NettyRequestSender - Using pooled Channel '[id: 0xfe2a9595, L:/127.0.0.1:59323 - R:localhost/127.0.0.1:42742]' for 'GET' to 'http://localhost:42742/session/9dbac4fb680cb19dfba9b8e0cde1bb34/screenshot'
12:43:21.811 [Forwarding screenshot on session 9dbac4fb680cb19dfba9b8e0cde1bb34 to remote] DEBUG org.asynchttpclient.netty.request.NettyRequestSender - Using open Channel [id: 0xfe2a9595, L:/127.0.0.1:59323 - R:localhost/127.0.0.1:42742] for GET '/session/9dbac4fb680cb19dfba9b8e0cde1bb34/screenshot'
12:43:21.929 [AsyncHttpClient-1-4] DEBUG org.asynchttpclient.netty.handler.HttpHandler - 

Request DefaultFullHttpRequest(decodeResult: success, version: HTTP/1.1, content: EmptyByteBufBE)
GET /session/9dbac4fb680cb19dfba9b8e0cde1bb34/screenshot HTTP/1.1
User-Agent: selenium/4.8.1 (java windows)
Cache-Control: no-cache
Content-Type: application/json; charset=utf-8
host: localhost:42742
accept: */*

Response DefaultHttpResponse(decodeResult: success, version: HTTP/1.1)
HTTP/1.1 200 OK
Content-Length: 104320
Content-Type: application/json; charset=utf-8
cache-control: no-cache

12:43:21.929 [AsyncHttpClient-1-4] DEBUG org.asynchttpclient.netty.channel.ChannelManager - Adding key: http://localhost:42742 for channel [id: 0xfe2a9595, L:/127.0.0.1:59323 - R:localhost/127.0.0.1:42742]
12:43:21.932 [main] DEBUG net.serenitybdd.core.photography.Darkroom - Send negative for processing for target\site\serenity\154ccb88e4f4b34a5bfe005f7e15e75fdc7d53c23518380ba7245370fb049053.png
12:43:21.932 [Darkroom Processing Line] DEBUG net.serenitybdd.core.photography.DarkroomProcessingLine - Processing screenshot image in /var/screenshots/screenshot-9407511796055829291
12:43:21.932 [Darkroom Processing Line] DEBUG net.serenitybdd.core.photography.DarkroomProcessingLine - Saving screenshot to target\site\serenity\154ccb88e4f4b34a5bfe005f7e15e75fdc7d53c23518380ba7245370fb049053.png
12:43:21.933 [Forwarding getPageSource on session 9dbac4fb680cb19dfba9b8e0cde1bb34 to remote] DEBUG org.asynchttpclient.netty.request.NettyRequestSender - Using pooled Channel '[id: 0xfe2a9595, L:/127.0.0.1:59323 - R:localhost/127.0.0.1:42742]' for 'POST' to 'http://localhost:42742/session/9dbac4fb680cb19dfba9b8e0cde1bb34/execute/sync'
12:43:21.933 [Forwarding getPageSource on session 9dbac4fb680cb19dfba9b8e0cde1bb34 to remote] DEBUG org.asynchttpclient.netty.request.NettyRequestSender - Using open Channel [id: 0xfe2a9595, L:/127.0.0.1:59323 - R:localhost/127.0.0.1:42742] for POST '/session/9dbac4fb680cb19dfba9b8e0cde1bb34/execute/sync'
12:43:21.960 [AsyncHttpClient-1-4] DEBUG org.asynchttpclient.netty.handler.HttpHandler - 

Request DefaultHttpRequest(decodeResult: success, version: HTTP/1.1)
POST /session/9dbac4fb680cb19dfba9b8e0cde1bb34/execute/sync HTTP/1.1
User-Agent: selenium/4.8.1 (java windows)
Content-Length: 176
Content-Type: application/json; charset=utf-8
host: localhost:42742
accept: */*

Response DefaultHttpResponse(decodeResult: success, version: HTTP/1.1)
HTTP/1.1 200 OK
Content-Length: 159305
Content-Type: application/json; charset=utf-8
cache-control: no-cache

12:43:21.960 [AsyncHttpClient-1-4] DEBUG org.asynchttpclient.netty.channel.ChannelManager - Adding key: http://localhost:42742 for channel [id: 0xfe2a9595, L:/127.0.0.1:59323 - R:localhost/127.0.0.1:42742]
12:43:21.968 [Forwarding getCurrentUrl on session 9dbac4fb680cb19dfba9b8e0cde1bb34 to remote] DEBUG org.asynchttpclient.netty.request.NettyRequestSender - Using pooled Channel '[id: 0xfe2a9595, L:/127.0.0.1:59323 - R:localhost/127.0.0.1:42742]' for 'GET' to 'http://localhost:42742/session/9dbac4fb680cb19dfba9b8e0cde1bb34/url'
12:43:21.968 [Forwarding getCurrentUrl on session 9dbac4fb680cb19dfba9b8e0cde1bb34 to remote] DEBUG org.asynchttpclient.netty.request.NettyRequestSender - Using open Channel [id: 0xfe2a9595, L:/127.0.0.1:59323 - R:localhost/127.0.0.1:42742] for GET '/session/9dbac4fb680cb19dfba9b8e0cde1bb34/url'
12:43:21.978 [AsyncHttpClient-1-4] DEBUG org.asynchttpclient.netty.handler.HttpHandler - 

Request DefaultFullHttpRequest(decodeResult: success, version: HTTP/1.1, content: EmptyByteBufBE)
GET /session/9dbac4fb680cb19dfba9b8e0cde1bb34/url HTTP/1.1
User-Agent: selenium/4.8.1 (java windows)
Cache-Control: no-cache
Content-Type: application/json; charset=utf-8
host: localhost:42742
accept: */*

Response DefaultHttpResponse(decodeResult: success, version: HTTP/1.1)
HTTP/1.1 200 OK
Content-Length: 47
Content-Type: application/json; charset=utf-8
cache-control: no-cache

12:43:21.978 [AsyncHttpClient-1-4] DEBUG org.asynchttpclient.netty.channel.ChannelManager - Adding key: http://localhost:42742 for channel [id: 0xfe2a9595, L:/127.0.0.1:59323 - R:localhost/127.0.0.1:42742]
12:43:21.980 [main] DEBUG net.thucydides.core.steps.StepInterceptor - STARTING STEP: LoginSteps.enterPasswordOnLogin - inputPassword
12:43:21.981 [Forwarding findElement on session 9dbac4fb680cb19dfba9b8e0cde1bb34 to remote] DEBUG org.asynchttpclient.netty.request.NettyRequestSender - Using pooled Channel '[id: 0xfe2a9595, L:/127.0.0.1:59323 - R:localhost/127.0.0.1:42742]' for 'POST' to 'http://localhost:42742/session/9dbac4fb680cb19dfba9b8e0cde1bb34/element'
12:43:21.981 [Forwarding findElement on session 9dbac4fb680cb19dfba9b8e0cde1bb34 to remote] DEBUG org.asynchttpclient.netty.request.NettyRequestSender - Using open Channel [id: 0xfe2a9595, L:/127.0.0.1:59323 - R:localhost/127.0.0.1:42742] for POST '/session/9dbac4fb680cb19dfba9b8e0cde1bb34/element'
12:43:21.997 [AsyncHttpClient-1-4] DEBUG org.asynchttpclient.netty.handler.HttpHandler - 

Request DefaultHttpRequest(decodeResult: success, version: HTTP/1.1)
POST /session/9dbac4fb680cb19dfba9b8e0cde1bb34/element HTTP/1.1
User-Agent: selenium/4.8.1 (java windows)
Content-Length: 79
Content-Type: application/json; charset=utf-8
host: localhost:42742
accept: */*

Response DefaultHttpResponse(decodeResult: success, version: HTTP/1.1)
HTTP/1.1 200 OK
Content-Length: 94
Content-Type: application/json; charset=utf-8
cache-control: no-cache

12:43:21.997 [AsyncHttpClient-1-4] DEBUG org.asynchttpclient.netty.channel.ChannelManager - Adding key: http://localhost:42742 for channel [id: 0xfe2a9595, L:/127.0.0.1:59323 - R:localhost/127.0.0.1:42742]
12:43:21.998 [Forwarding clearElement on session 9dbac4fb680cb19dfba9b8e0cde1bb34 to remote] DEBUG org.asynchttpclient.netty.request.NettyRequestSender - Using pooled Channel '[id: 0xfe2a9595, L:/127.0.0.1:59323 - R:localhost/127.0.0.1:42742]' for 'POST' to 'http://localhost:42742/session/9dbac4fb680cb19dfba9b8e0cde1bb34/element/38A677BCDD2096330DBACD49C7895122_element_7/clear'
12:43:21.998 [Forwarding clearElement on session 9dbac4fb680cb19dfba9b8e0cde1bb34 to remote] DEBUG org.asynchttpclient.netty.request.NettyRequestSender - Using open Channel [id: 0xfe2a9595, L:/127.0.0.1:59323 - R:localhost/127.0.0.1:42742] for POST '/session/9dbac4fb680cb19dfba9b8e0cde1bb34/element/38A677BCDD2096330DBACD49C7895122_element_7/clear'
12:43:22.027 [AsyncHttpClient-1-4] DEBUG org.asynchttpclient.netty.handler.HttpHandler - 

Request DefaultHttpRequest(decodeResult: success, version: HTTP/1.1)
POST /session/9dbac4fb680cb19dfba9b8e0cde1bb34/element/38A677BCDD2096330DBACD49C7895122_element_7/clear HTTP/1.1
User-Agent: selenium/4.8.1 (java windows)
Content-Length: 56
Content-Type: application/json; charset=utf-8
host: localhost:42742
accept: */*

Response DefaultHttpResponse(decodeResult: success, version: HTTP/1.1)
HTTP/1.1 200 OK
Content-Length: 14
Content-Type: application/json; charset=utf-8
cache-control: no-cache

12:43:22.027 [AsyncHttpClient-1-4] DEBUG org.asynchttpclient.netty.channel.ChannelManager - Adding key: http://localhost:42742 for channel [id: 0xfe2a9595, L:/127.0.0.1:59323 - R:localhost/127.0.0.1:42742]
12:43:22.028 [Forwarding sendKeysToElement on session 9dbac4fb680cb19dfba9b8e0cde1bb34 to remote] DEBUG org.asynchttpclient.netty.request.NettyRequestSender - Using pooled Channel '[id: 0xfe2a9595, L:/127.0.0.1:59323 - R:localhost/127.0.0.1:42742]' for 'POST' to 'http://localhost:42742/session/9dbac4fb680cb19dfba9b8e0cde1bb34/element/38A677BCDD2096330DBACD49C7895122_element_7/value'
12:43:22.028 [Forwarding sendKeysToElement on session 9dbac4fb680cb19dfba9b8e0cde1bb34 to remote] DEBUG org.asynchttpclient.netty.request.NettyRequestSender - Using open Channel [id: 0xfe2a9595, L:/127.0.0.1:59323 - R:localhost/127.0.0.1:42742] for POST '/session/9dbac4fb680cb19dfba9b8e0cde1bb34/element/38A677BCDD2096330DBACD49C7895122_element_7/value'
12:43:22.106 [AsyncHttpClient-1-4] DEBUG org.asynchttpclient.netty.handler.HttpHandler - 

Request DefaultHttpRequest(decodeResult: success, version: HTTP/1.1)
POST /session/9dbac4fb680cb19dfba9b8e0cde1bb34/element/38A677BCDD2096330DBACD49C7895122_element_7/value HTTP/1.1
User-Agent: selenium/4.8.1 (java windows)
Content-Length: 157
Content-Type: application/json; charset=utf-8
host: localhost:42742
accept: */*

Response DefaultHttpResponse(decodeResult: success, version: HTTP/1.1)
HTTP/1.1 200 OK
Content-Length: 14
Content-Type: application/json; charset=utf-8
cache-control: no-cache

12:43:22.106 [AsyncHttpClient-1-4] DEBUG org.asynchttpclient.netty.channel.ChannelManager - Adding key: http://localhost:42742 for channel [id: 0xfe2a9595, L:/127.0.0.1:59323 - R:localhost/127.0.0.1:42742]
12:43:22.113 [Forwarding getAlertText on session 9dbac4fb680cb19dfba9b8e0cde1bb34 to remote] DEBUG org.asynchttpclient.netty.request.NettyRequestSender - Using pooled Channel '[id: 0xfe2a9595, L:/127.0.0.1:59323 - R:localhost/127.0.0.1:42742]' for 'GET' to 'http://localhost:42742/session/9dbac4fb680cb19dfba9b8e0cde1bb34/alert/text'
12:43:22.113 [Forwarding getAlertText on session 9dbac4fb680cb19dfba9b8e0cde1bb34 to remote] DEBUG org.asynchttpclient.netty.request.NettyRequestSender - Using open Channel [id: 0xfe2a9595, L:/127.0.0.1:59323 - R:localhost/127.0.0.1:42742] for GET '/session/9dbac4fb680cb19dfba9b8e0cde1bb34/alert/text'
12:43:22.117 [AsyncHttpClient-1-4] DEBUG org.asynchttpclient.netty.handler.HttpHandler - 

Request DefaultFullHttpRequest(decodeResult: success, version: HTTP/1.1, content: EmptyByteBufBE)
GET /session/9dbac4fb680cb19dfba9b8e0cde1bb34/alert/text HTTP/1.1
User-Agent: selenium/4.8.1 (java windows)
Cache-Control: no-cache
Content-Type: application/json; charset=utf-8
host: localhost:42742
accept: */*

Response DefaultHttpResponse(decodeResult: success, version: HTTP/1.1)
HTTP/1.1 404 Not Found
Content-Length: 821
Content-Type: application/json; charset=utf-8
cache-control: no-cache

12:43:22.118 [AsyncHttpClient-1-4] DEBUG org.asynchttpclient.netty.channel.ChannelManager - Adding key: http://localhost:42742 for channel [id: 0xfe2a9595, L:/127.0.0.1:59323 - R:localhost/127.0.0.1:42742]
12:43:22.118 [Forwarding getCurrentUrl on session 9dbac4fb680cb19dfba9b8e0cde1bb34 to remote] DEBUG org.asynchttpclient.netty.request.NettyRequestSender - Using pooled Channel '[id: 0xfe2a9595, L:/127.0.0.1:59323 - R:localhost/127.0.0.1:42742]' for 'GET' to 'http://localhost:42742/session/9dbac4fb680cb19dfba9b8e0cde1bb34/url'
12:43:22.118 [Forwarding getCurrentUrl on session 9dbac4fb680cb19dfba9b8e0cde1bb34 to remote] DEBUG org.asynchttpclient.netty.request.NettyRequestSender - Using open Channel [id: 0xfe2a9595, L:/127.0.0.1:59323 - R:localhost/127.0.0.1:42742] for GET '/session/9dbac4fb680cb19dfba9b8e0cde1bb34/url'
12:43:22.127 [AsyncHttpClient-1-4] DEBUG org.asynchttpclient.netty.handler.HttpHandler - 

Request DefaultFullHttpRequest(decodeResult: success, version: HTTP/1.1, content: EmptyByteBufBE)
GET /session/9dbac4fb680cb19dfba9b8e0cde1bb34/url HTTP/1.1
User-Agent: selenium/4.8.1 (java windows)
Cache-Control: no-cache
Content-Type: application/json; charset=utf-8
host: localhost:42742
accept: */*

Response DefaultHttpResponse(decodeResult: success, version: HTTP/1.1)
HTTP/1.1 200 OK
Content-Length: 47
Content-Type: application/json; charset=utf-8
cache-control: no-cache

12:43:22.127 [AsyncHttpClient-1-4] DEBUG org.asynchttpclient.netty.channel.ChannelManager - Adding key: http://localhost:42742 for channel [id: 0xfe2a9595, L:/127.0.0.1:59323 - R:localhost/127.0.0.1:42742]
12:43:22.128 [Forwarding screenshot on session 9dbac4fb680cb19dfba9b8e0cde1bb34 to remote] DEBUG org.asynchttpclient.netty.request.NettyRequestSender - Using pooled Channel '[id: 0xfe2a9595, L:/127.0.0.1:59323 - R:localhost/127.0.0.1:42742]' for 'GET' to 'http://localhost:42742/session/9dbac4fb680cb19dfba9b8e0cde1bb34/screenshot'
12:43:22.128 [Forwarding screenshot on session 9dbac4fb680cb19dfba9b8e0cde1bb34 to remote] DEBUG org.asynchttpclient.netty.request.NettyRequestSender - Using open Channel [id: 0xfe2a9595, L:/127.0.0.1:59323 - R:localhost/127.0.0.1:42742] for GET '/session/9dbac4fb680cb19dfba9b8e0cde1bb34/screenshot'
12:43:22.258 [AsyncHttpClient-1-4] DEBUG org.asynchttpclient.netty.handler.HttpHandler - 

Request DefaultFullHttpRequest(decodeResult: success, version: HTTP/1.1, content: EmptyByteBufBE)
GET /session/9dbac4fb680cb19dfba9b8e0cde1bb34/screenshot HTTP/1.1
User-Agent: selenium/4.8.1 (java windows)
Cache-Control: no-cache
Content-Type: application/json; charset=utf-8
host: localhost:42742
accept: */*

Response DefaultHttpResponse(decodeResult: success, version: HTTP/1.1)
HTTP/1.1 200 OK
Content-Length: 116880
Content-Type: application/json; charset=utf-8
cache-control: no-cache

12:43:22.258 [AsyncHttpClient-1-4] DEBUG org.asynchttpclient.netty.channel.ChannelManager - Adding key: http://localhost:42742 for channel [id: 0xfe2a9595, L:/127.0.0.1:59323 - R:localhost/127.0.0.1:42742]
12:43:22.261 [main] DEBUG net.serenitybdd.core.photography.Darkroom - Send negative for processing for target\site\serenity\f5f91752987c65d5fe13fad8b2903087c5c5289c70f3dc68645fa794373e51a7.png
12:43:22.261 [main] DEBUG net.thucydides.core.steps.StepInterceptor - STEP DONE: inputPassword
  &amp#27;[32mAnd &amp#27;[0m&amp#27;[32mI enter Password &amp#27;[0m&amp#27;[32m&amp#27;[1m"pass123"&amp#27;[0m                               &amp#27;[90m# starter.stepdefinitions.LoginSteps.enterPasswordOnLogin(java.lang.String)&amp#27;[0m
12:43:22.269 [Forwarding getPageSource on session 9dbac4fb680cb19dfba9b8e0cde1bb34 to remote] DEBUG org.asynchttpclient.netty.request.NettyRequestSender - Using pooled Channel '[id: 0xfe2a9595, L:/127.0.0.1:59323 - R:localhost/127.0.0.1:42742]' for 'POST' to 'http://localhost:42742/session/9dbac4fb680cb19dfba9b8e0cde1bb34/execute/sync'
12:43:22.269 [Forwarding getPageSource on session 9dbac4fb680cb19dfba9b8e0cde1bb34 to remote] DEBUG org.asynchttpclient.netty.request.NettyRequestSender - Using open Channel [id: 0xfe2a9595, L:/127.0.0.1:59323 - R:localhost/127.0.0.1:42742] for POST '/session/9dbac4fb680cb19dfba9b8e0cde1bb34/execute/sync'
12:43:22.291 [AsyncHttpClient-1-4] DEBUG org.asynchttpclient.netty.handler.HttpHandler - 

Request DefaultHttpRequest(decodeResult: success, version: HTTP/1.1)
POST /session/9dbac4fb680cb19dfba9b8e0cde1bb34/execute/sync HTTP/1.1
User-Agent: selenium/4.8.1 (java windows)
Content-Length: 176
Content-Type: application/json; charset=utf-8
host: localhost:42742
accept: */*

Response DefaultHttpResponse(decodeResult: success, version: HTTP/1.1)
HTTP/1.1 200 OK
Content-Length: 159370
Content-Type: application/json; charset=utf-8
cache-control: no-cache

12:43:22.292 [AsyncHttpClient-1-4] DEBUG org.asynchttpclient.netty.channel.ChannelManager - Adding key: http://localhost:42742 for channel [id: 0xfe2a9595, L:/127.0.0.1:59323 - R:localhost/127.0.0.1:42742]
12:43:22.298 [Forwarding getCurrentUrl on session 9dbac4fb680cb19dfba9b8e0cde1bb34 to remote] DEBUG org.asynchttpclient.netty.request.NettyRequestSender - Using pooled Channel '[id: 0xfe2a9595, L:/127.0.0.1:59323 - R:localhost/127.0.0.1:42742]' for 'GET' to 'http://localhost:42742/session/9dbac4fb680cb19dfba9b8e0cde1bb34/url'
12:43:22.298 [Forwarding getCurrentUrl on session 9dbac4fb680cb19dfba9b8e0cde1bb34 to remote] DEBUG org.asynchttpclient.netty.request.NettyRequestSender - Using open Channel [id: 0xfe2a9595, L:/127.0.0.1:59323 - R:localhost/127.0.0.1:42742] for GET '/session/9dbac4fb680cb19dfba9b8e0cde1bb34/url'
12:43:22.308 [AsyncHttpClient-1-4] DEBUG org.asynchttpclient.netty.handler.HttpHandler - 

Request DefaultFullHttpRequest(decodeResult: success, version: HTTP/1.1, content: EmptyByteBufBE)
GET /session/9dbac4fb680cb19dfba9b8e0cde1bb34/url HTTP/1.1
User-Agent: selenium/4.8.1 (java windows)
Cache-Control: no-cache
Content-Type: application/json; charset=utf-8
host: localhost:42742
accept: */*

Response DefaultHttpResponse(decodeResult: success, version: HTTP/1.1)
HTTP/1.1 200 OK
Content-Length: 47
Content-Type: application/json; charset=utf-8
cache-control: no-cache

12:43:22.308 [AsyncHttpClient-1-4] DEBUG org.asynchttpclient.netty.channel.ChannelManager - Adding key: http://localhost:42742 for channel [id: 0xfe2a9595, L:/127.0.0.1:59323 - R:localhost/127.0.0.1:42742]
12:43:22.314 [Forwarding getAlertText on session 9dbac4fb680cb19dfba9b8e0cde1bb34 to remote] DEBUG org.asynchttpclient.netty.request.NettyRequestSender - Using pooled Channel '[id: 0xfe2a9595, L:/127.0.0.1:59323 - R:localhost/127.0.0.1:42742]' for 'GET' to 'http://localhost:42742/session/9dbac4fb680cb19dfba9b8e0cde1bb34/alert/text'
12:43:22.314 [Forwarding getAlertText on session 9dbac4fb680cb19dfba9b8e0cde1bb34 to remote] DEBUG org.asynchttpclient.netty.request.NettyRequestSender - Using open Channel [id: 0xfe2a9595, L:/127.0.0.1:59323 - R:localhost/127.0.0.1:42742] for GET '/session/9dbac4fb680cb19dfba9b8e0cde1bb34/alert/text'
12:43:22.318 [AsyncHttpClient-1-4] DEBUG org.asynchttpclient.netty.handler.HttpHandler - 

Request DefaultFullHttpRequest(decodeResult: success, version: HTTP/1.1, content: EmptyByteBufBE)
GET /session/9dbac4fb680cb19dfba9b8e0cde1bb34/alert/text HTTP/1.1
User-Agent: selenium/4.8.1 (java windows)
Cache-Control: no-cache
Content-Type: application/json; charset=utf-8
host: localhost:42742
accept: */*

Response DefaultHttpResponse(decodeResult: success, version: HTTP/1.1)
HTTP/1.1 404 Not Found
Content-Length: 821
Content-Type: application/json; charset=utf-8
cache-control: no-cache

12:43:22.318 [AsyncHttpClient-1-4] DEBUG org.asynchttpclient.netty.channel.ChannelManager - Adding key: http://localhost:42742 for channel [id: 0xfe2a9595, L:/127.0.0.1:59323 - R:localhost/127.0.0.1:42742]
12:43:22.319 [Forwarding getCurrentUrl on session 9dbac4fb680cb19dfba9b8e0cde1bb34 to remote] DEBUG org.asynchttpclient.netty.request.NettyRequestSender - Using pooled Channel '[id: 0xfe2a9595, L:/127.0.0.1:59323 - R:localhost/127.0.0.1:42742]' for 'GET' to 'http://localhost:42742/session/9dbac4fb680cb19dfba9b8e0cde1bb34/url'
12:43:22.319 [Forwarding getCurrentUrl on session 9dbac4fb680cb19dfba9b8e0cde1bb34 to remote] DEBUG org.asynchttpclient.netty.request.NettyRequestSender - Using open Channel [id: 0xfe2a9595, L:/127.0.0.1:59323 - R:localhost/127.0.0.1:42742] for GET '/session/9dbac4fb680cb19dfba9b8e0cde1bb34/url'
12:43:22.327 [AsyncHttpClient-1-4] DEBUG org.asynchttpclient.netty.handler.HttpHandler - 

Request DefaultFullHttpRequest(decodeResult: success, version: HTTP/1.1, content: EmptyByteBufBE)
GET /session/9dbac4fb680cb19dfba9b8e0cde1bb34/url HTTP/1.1
User-Agent: selenium/4.8.1 (java windows)
Cache-Control: no-cache
Content-Type: application/json; charset=utf-8
host: localhost:42742
accept: */*

Response DefaultHttpResponse(decodeResult: success, version: HTTP/1.1)
HTTP/1.1 200 OK
Content-Length: 47
Content-Type: application/json; charset=utf-8
cache-control: no-cache

12:43:22.327 [AsyncHttpClient-1-4] DEBUG org.asynchttpclient.netty.channel.ChannelManager - Adding key: http://localhost:42742 for channel [id: 0xfe2a9595, L:/127.0.0.1:59323 - R:localhost/127.0.0.1:42742]
12:43:22.328 [Forwarding screenshot on session 9dbac4fb680cb19dfba9b8e0cde1bb34 to remote] DEBUG org.asynchttpclient.netty.request.NettyRequestSender - Using pooled Channel '[id: 0xfe2a9595, L:/127.0.0.1:59323 - R:localhost/127.0.0.1:42742]' for 'GET' to 'http://localhost:42742/session/9dbac4fb680cb19dfba9b8e0cde1bb34/screenshot'
12:43:22.328 [Forwarding screenshot on session 9dbac4fb680cb19dfba9b8e0cde1bb34 to remote] DEBUG org.asynchttpclient.netty.request.NettyRequestSender - Using open Channel [id: 0xfe2a9595, L:/127.0.0.1:59323 - R:localhost/127.0.0.1:42742] for GET '/session/9dbac4fb680cb19dfba9b8e0cde1bb34/screenshot'
12:43:22.435 [AsyncHttpClient-1-4] DEBUG org.asynchttpclient.netty.handler.HttpHandler - 

Request DefaultFullHttpRequest(decodeResult: success, version: HTTP/1.1, content: EmptyByteBufBE)
GET /session/9dbac4fb680cb19dfba9b8e0cde1bb34/screenshot HTTP/1.1
User-Agent: selenium/4.8.1 (java windows)
Cache-Control: no-cache
Content-Type: application/json; charset=utf-8
host: localhost:42742
accept: */*

Response DefaultHttpResponse(decodeResult: success, version: HTTP/1.1)
HTTP/1.1 200 OK
Content-Length: 116692
Content-Type: application/json; charset=utf-8
cache-control: no-cache

12:43:22.435 [AsyncHttpClient-1-4] DEBUG org.asynchttpclient.netty.channel.ChannelManager - Adding key: http://localhost:42742 for channel [id: 0xfe2a9595, L:/127.0.0.1:59323 - R:localhost/127.0.0.1:42742]
12:43:22.437 [main] DEBUG net.serenitybdd.core.photography.Darkroom - Send negative for processing for target\site\serenity\353d8ccb36bf985c5583df934019335d241836008b6e0b0fc6a215ea620942a9.png
12:43:22.438 [Forwarding getPageSource on session 9dbac4fb680cb19dfba9b8e0cde1bb34 to remote] DEBUG org.asynchttpclient.netty.request.NettyRequestSender - Using pooled Channel '[id: 0xfe2a9595, L:/127.0.0.1:59323 - R:localhost/127.0.0.1:42742]' for 'POST' to 'http://localhost:42742/session/9dbac4fb680cb19dfba9b8e0cde1bb34/execute/sync'
12:43:22.438 [Forwarding getPageSource on session 9dbac4fb680cb19dfba9b8e0cde1bb34 to remote] DEBUG org.asynchttpclient.netty.request.NettyRequestSender - Using open Channel [id: 0xfe2a9595, L:/127.0.0.1:59323 - R:localhost/127.0.0.1:42742] for POST '/session/9dbac4fb680cb19dfba9b8e0cde1bb34/execute/sync'
12:43:22.458 [AsyncHttpClient-1-4] DEBUG org.asynchttpclient.netty.handler.HttpHandler - 

Request DefaultHttpRequest(decodeResult: success, version: HTTP/1.1)
POST /session/9dbac4fb680cb19dfba9b8e0cde1bb34/execute/sync HTTP/1.1
User-Agent: selenium/4.8.1 (java windows)
Content-Length: 176
Content-Type: application/json; charset=utf-8
host: localhost:42742
accept: */*

Response DefaultHttpResponse(decodeResult: success, version: HTTP/1.1)
HTTP/1.1 200 OK
Content-Length: 159370
Content-Type: application/json; charset=utf-8
cache-control: no-cache

12:43:22.458 [AsyncHttpClient-1-4] DEBUG org.asynchttpclient.netty.channel.ChannelManager - Adding key: http://localhost:42742 for channel [id: 0xfe2a9595, L:/127.0.0.1:59323 - R:localhost/127.0.0.1:42742]
12:43:22.465 [Forwarding getCurrentUrl on session 9dbac4fb680cb19dfba9b8e0cde1bb34 to remote] DEBUG org.asynchttpclient.netty.request.NettyRequestSender - Using pooled Channel '[id: 0xfe2a9595, L:/127.0.0.1:59323 - R:localhost/127.0.0.1:42742]' for 'GET' to 'http://localhost:42742/session/9dbac4fb680cb19dfba9b8e0cde1bb34/url'
12:43:22.465 [Forwarding getCurrentUrl on session 9dbac4fb680cb19dfba9b8e0cde1bb34 to remote] DEBUG org.asynchttpclient.netty.request.NettyRequestSender - Using open Channel [id: 0xfe2a9595, L:/127.0.0.1:59323 - R:localhost/127.0.0.1:42742] for GET '/session/9dbac4fb680cb19dfba9b8e0cde1bb34/url'
12:43:22.475 [AsyncHttpClient-1-4] DEBUG org.asynchttpclient.netty.handler.HttpHandler - 

Request DefaultFullHttpRequest(decodeResult: success, version: HTTP/1.1, content: EmptyByteBufBE)
GET /session/9dbac4fb680cb19dfba9b8e0cde1bb34/url HTTP/1.1
User-Agent: selenium/4.8.1 (java windows)
Cache-Control: no-cache
Content-Type: application/json; charset=utf-8
host: localhost:42742
accept: */*

Response DefaultHttpResponse(decodeResult: success, version: HTTP/1.1)
HTTP/1.1 200 OK
Content-Length: 47
Content-Type: application/json; charset=utf-8
cache-control: no-cache

12:43:22.475 [AsyncHttpClient-1-4] DEBUG org.asynchttpclient.netty.channel.ChannelManager - Adding key: http://localhost:42742 for channel [id: 0xfe2a9595, L:/127.0.0.1:59323 - R:localhost/127.0.0.1:42742]
12:43:22.478 [main] DEBUG net.thucydides.core.steps.StepInterceptor - STARTING STEP: LoginSteps.clickSigInButton - ClickSigInButton
12:43:22.482 [Forwarding findElement on session 9dbac4fb680cb19dfba9b8e0cde1bb34 to remote] DEBUG org.asynchttpclient.netty.request.NettyRequestSender - Using pooled Channel '[id: 0xfe2a9595, L:/127.0.0.1:59323 - R:localhost/127.0.0.1:42742]' for 'POST' to 'http://localhost:42742/session/9dbac4fb680cb19dfba9b8e0cde1bb34/element'
12:43:22.482 [Forwarding findElement on session 9dbac4fb680cb19dfba9b8e0cde1bb34 to remote] DEBUG org.asynchttpclient.netty.request.NettyRequestSender - Using open Channel [id: 0xfe2a9595, L:/127.0.0.1:59323 - R:localhost/127.0.0.1:42742] for POST '/session/9dbac4fb680cb19dfba9b8e0cde1bb34/element'
12:43:22.493 [AsyncHttpClient-1-4] DEBUG org.asynchttpclient.netty.handler.HttpHandler - 

Request DefaultHttpRequest(decodeResult: success, version: HTTP/1.1)
POST /session/9dbac4fb680cb19dfba9b8e0cde1bb34/element HTTP/1.1
User-Agent: selenium/4.8.1 (java windows)
Content-Length: 155
Content-Type: application/json; charset=utf-8
host: localhost:42742
accept: */*

Response DefaultHttpResponse(decodeResult: success, version: HTTP/1.1)
HTTP/1.1 200 OK
Content-Length: 94
Content-Type: application/json; charset=utf-8
cache-control: no-cache

12:43:22.493 [AsyncHttpClient-1-4] DEBUG org.asynchttpclient.netty.channel.ChannelManager - Adding key: http://localhost:42742 for channel [id: 0xfe2a9595, L:/127.0.0.1:59323 - R:localhost/127.0.0.1:42742]
12:43:22.494 [Forwarding getElementTagName on session 9dbac4fb680cb19dfba9b8e0cde1bb34 to remote] DEBUG org.asynchttpclient.netty.request.NettyRequestSender - Using pooled Channel '[id: 0xfe2a9595, L:/127.0.0.1:59323 - R:localhost/127.0.0.1:42742]' for 'GET' to 'http://localhost:42742/session/9dbac4fb680cb19dfba9b8e0cde1bb34/element/38A677BCDD2096330DBACD49C7895122_element_3/name'
12:43:22.494 [Forwarding getElementTagName on session 9dbac4fb680cb19dfba9b8e0cde1bb34 to remote] DEBUG org.asynchttpclient.netty.request.NettyRequestSender - Using open Channel [id: 0xfe2a9595, L:/127.0.0.1:59323 - R:localhost/127.0.0.1:42742] for GET '/session/9dbac4fb680cb19dfba9b8e0cde1bb34/element/38A677BCDD2096330DBACD49C7895122_element_3/name'
12:43:22.505 [AsyncHttpClient-1-4] DEBUG org.asynchttpclient.netty.handler.HttpHandler - 

Request DefaultFullHttpRequest(decodeResult: success, version: HTTP/1.1, content: EmptyByteBufBE)
GET /session/9dbac4fb680cb19dfba9b8e0cde1bb34/element/38A677BCDD2096330DBACD49C7895122_element_3/name HTTP/1.1
User-Agent: selenium/4.8.1 (java windows)
Cache-Control: no-cache
Content-Type: application/json; charset=utf-8
host: localhost:42742
accept: */*

Response DefaultHttpResponse(decodeResult: success, version: HTTP/1.1)
HTTP/1.1 200 OK
Content-Length: 16
Content-Type: application/json; charset=utf-8
cache-control: no-cache

12:43:22.505 [AsyncHttpClient-1-4] DEBUG org.asynchttpclient.netty.channel.ChannelManager - Adding key: http://localhost:42742 for channel [id: 0xfe2a9595, L:/127.0.0.1:59323 - R:localhost/127.0.0.1:42742]
12:43:22.506 [Forwarding getElementTagName on session 9dbac4fb680cb19dfba9b8e0cde1bb34 to remote] DEBUG org.asynchttpclient.netty.request.NettyRequestSender - Using pooled Channel '[id: 0xfe2a9595, L:/127.0.0.1:59323 - R:localhost/127.0.0.1:42742]' for 'GET' to 'http://localhost:42742/session/9dbac4fb680cb19dfba9b8e0cde1bb34/element/38A677BCDD2096330DBACD49C7895122_element_3/name'
12:43:22.506 [Forwarding getElementTagName on session 9dbac4fb680cb19dfba9b8e0cde1bb34 to remote] DEBUG org.asynchttpclient.netty.request.NettyRequestSender - Using open Channel [id: 0xfe2a9595, L:/127.0.0.1:59323 - R:localhost/127.0.0.1:42742] for GET '/session/9dbac4fb680cb19dfba9b8e0cde1bb34/element/38A677BCDD2096330DBACD49C7895122_element_3/name'
12:43:22.515 [AsyncHttpClient-1-4] DEBUG org.asynchttpclient.netty.handler.HttpHandler - 

Request DefaultFullHttpRequest(decodeResult: success, version: HTTP/1.1, content: EmptyByteBufBE)
GET /session/9dbac4fb680cb19dfba9b8e0cde1bb34/element/38A677BCDD2096330DBACD49C7895122_element_3/name HTTP/1.1
User-Agent: selenium/4.8.1 (java windows)
Cache-Control: no-cache
Content-Type: application/json; charset=utf-8
host: localhost:42742
accept: */*

Response DefaultHttpResponse(decodeResult: success, version: HTTP/1.1)
HTTP/1.1 200 OK
Content-Length: 16
Content-Type: application/json; charset=utf-8
cache-control: no-cache

12:43:22.515 [AsyncHttpClient-1-4] DEBUG org.asynchttpclient.netty.channel.ChannelManager - Adding key: http://localhost:42742 for channel [id: 0xfe2a9595, L:/127.0.0.1:59323 - R:localhost/127.0.0.1:42742]
12:43:22.518 [Forwarding findElement on session 9dbac4fb680cb19dfba9b8e0cde1bb34 to remote] DEBUG org.asynchttpclient.netty.request.NettyRequestSender - Using pooled Channel '[id: 0xfe2a9595, L:/127.0.0.1:59323 - R:localhost/127.0.0.1:42742]' for 'POST' to 'http://localhost:42742/session/9dbac4fb680cb19dfba9b8e0cde1bb34/element'
12:43:22.518 [Forwarding findElement on session 9dbac4fb680cb19dfba9b8e0cde1bb34 to remote] DEBUG org.asynchttpclient.netty.request.NettyRequestSender - Using open Channel [id: 0xfe2a9595, L:/127.0.0.1:59323 - R:localhost/127.0.0.1:42742] for POST '/session/9dbac4fb680cb19dfba9b8e0cde1bb34/element'
12:43:22.532 [AsyncHttpClient-1-4] DEBUG org.asynchttpclient.netty.handler.HttpHandler - 

Request DefaultHttpRequest(decodeResult: success, version: HTTP/1.1)
POST /session/9dbac4fb680cb19dfba9b8e0cde1bb34/element HTTP/1.1
User-Agent: selenium/4.8.1 (java windows)
Content-Length: 155
Content-Type: application/json; charset=utf-8
host: localhost:42742
accept: */*

Response DefaultHttpResponse(decodeResult: success, version: HTTP/1.1)
HTTP/1.1 200 OK
Content-Length: 94
Content-Type: application/json; charset=utf-8
cache-control: no-cache

12:43:22.532 [AsyncHttpClient-1-4] DEBUG org.asynchttpclient.netty.channel.ChannelManager - Adding key: http://localhost:42742 for channel [id: 0xfe2a9595, L:/127.0.0.1:59323 - R:localhost/127.0.0.1:42742]
12:43:22.533 [Forwarding clickElement on session 9dbac4fb680cb19dfba9b8e0cde1bb34 to remote] DEBUG org.asynchttpclient.netty.request.NettyRequestSender - Using pooled Channel '[id: 0xfe2a9595, L:/127.0.0.1:59323 - R:localhost/127.0.0.1:42742]' for 'POST' to 'http://localhost:42742/session/9dbac4fb680cb19dfba9b8e0cde1bb34/element/38A677BCDD2096330DBACD49C7895122_element_3/click'
12:43:22.533 [Forwarding clickElement on session 9dbac4fb680cb19dfba9b8e0cde1bb34 to remote] DEBUG org.asynchttpclient.netty.request.NettyRequestSender - Using open Channel [id: 0xfe2a9595, L:/127.0.0.1:59323 - R:localhost/127.0.0.1:42742] for POST '/session/9dbac4fb680cb19dfba9b8e0cde1bb34/element/38A677BCDD2096330DBACD49C7895122_element_3/click'
12:43:22.549 [AsyncHttpClient-1-1] DEBUG org.asynchttpclient.netty.channel.DefaultChannelPool - Entry count for : http://localhost:59324 : 1
12:43:22.607 [AsyncHttpClient-1-4] DEBUG org.asynchttpclient.netty.handler.HttpHandler - 

Request DefaultHttpRequest(decodeResult: success, version: HTTP/1.1)
POST /session/9dbac4fb680cb19dfba9b8e0cde1bb34/element/38A677BCDD2096330DBACD49C7895122_element_3/click HTTP/1.1
User-Agent: selenium/4.8.1 (java windows)
Content-Length: 56
Content-Type: application/json; charset=utf-8
host: localhost:42742
accept: */*

Response DefaultHttpResponse(decodeResult: success, version: HTTP/1.1)
HTTP/1.1 200 OK
Content-Length: 14
Content-Type: application/json; charset=utf-8
cache-control: no-cache

12:43:22.607 [AsyncHttpClient-1-4] DEBUG org.asynchttpclient.netty.channel.ChannelManager - Adding key: http://localhost:42742 for channel [id: 0xfe2a9595, L:/127.0.0.1:59323 - R:localhost/127.0.0.1:42742]
12:43:22.611 [Forwarding getAlertText on session 9dbac4fb680cb19dfba9b8e0cde1bb34 to remote] DEBUG org.asynchttpclient.netty.request.NettyRequestSender - Using pooled Channel '[id: 0xfe2a9595, L:/127.0.0.1:59323 - R:localhost/127.0.0.1:42742]' for 'GET' to 'http://localhost:42742/session/9dbac4fb680cb19dfba9b8e0cde1bb34/alert/text'
12:43:22.612 [Forwarding getAlertText on session 9dbac4fb680cb19dfba9b8e0cde1bb34 to remote] DEBUG org.asynchttpclient.netty.request.NettyRequestSender - Using open Channel [id: 0xfe2a9595, L:/127.0.0.1:59323 - R:localhost/127.0.0.1:42742] for GET '/session/9dbac4fb680cb19dfba9b8e0cde1bb34/alert/text'
12:43:22.617 [AsyncHttpClient-1-4] DEBUG org.asynchttpclient.netty.handler.HttpHandler - 

Request DefaultFullHttpRequest(decodeResult: success, version: HTTP/1.1, content: EmptyByteBufBE)
GET /session/9dbac4fb680cb19dfba9b8e0cde1bb34/alert/text HTTP/1.1
User-Agent: selenium/4.8.1 (java windows)
Cache-Control: no-cache
Content-Type: application/json; charset=utf-8
host: localhost:42742
accept: */*

Response DefaultHttpResponse(decodeResult: success, version: HTTP/1.1)
HTTP/1.1 404 Not Found
Content-Length: 821
Content-Type: application/json; charset=utf-8
cache-control: no-cache

12:43:22.617 [AsyncHttpClient-1-4] DEBUG org.asynchttpclient.netty.channel.ChannelManager - Adding key: http://localhost:42742 for channel [id: 0xfe2a9595, L:/127.0.0.1:59323 - R:localhost/127.0.0.1:42742]
12:43:22.618 [Forwarding getCurrentUrl on session 9dbac4fb680cb19dfba9b8e0cde1bb34 to remote] DEBUG org.asynchttpclient.netty.request.NettyRequestSender - Using pooled Channel '[id: 0xfe2a9595, L:/127.0.0.1:59323 - R:localhost/127.0.0.1:42742]' for 'GET' to 'http://localhost:42742/session/9dbac4fb680cb19dfba9b8e0cde1bb34/url'
12:43:22.618 [Forwarding getCurrentUrl on session 9dbac4fb680cb19dfba9b8e0cde1bb34 to remote] DEBUG org.asynchttpclient.netty.request.NettyRequestSender - Using open Channel [id: 0xfe2a9595, L:/127.0.0.1:59323 - R:localhost/127.0.0.1:42742] for GET '/session/9dbac4fb680cb19dfba9b8e0cde1bb34/url'
12:43:22.632 [AsyncHttpClient-1-4] DEBUG org.asynchttpclient.netty.handler.HttpHandler - 

Request DefaultFullHttpRequest(decodeResult: success, version: HTTP/1.1, content: EmptyByteBufBE)
GET /session/9dbac4fb680cb19dfba9b8e0cde1bb34/url HTTP/1.1
User-Agent: selenium/4.8.1 (java windows)
Cache-Control: no-cache
Content-Type: application/json; charset=utf-8
host: localhost:42742
accept: */*

Response DefaultHttpResponse(decodeResult: success, version: HTTP/1.1)
HTTP/1.1 200 OK
Content-Length: 47
Content-Type: application/json; charset=utf-8
cache-control: no-cache

12:43:22.632 [AsyncHttpClient-1-4] DEBUG org.asynchttpclient.netty.channel.ChannelManager - Adding key: http://localhost:42742 for channel [id: 0xfe2a9595, L:/127.0.0.1:59323 - R:localhost/127.0.0.1:42742]
12:43:22.633 [Forwarding screenshot on session 9dbac4fb680cb19dfba9b8e0cde1bb34 to remote] DEBUG org.asynchttpclient.netty.request.NettyRequestSender - Using pooled Channel '[id: 0xfe2a9595, L:/127.0.0.1:59323 - R:localhost/127.0.0.1:42742]' for 'GET' to 'http://localhost:42742/session/9dbac4fb680cb19dfba9b8e0cde1bb34/screenshot'
12:43:22.633 [Forwarding screenshot on session 9dbac4fb680cb19dfba9b8e0cde1bb34 to remote] DEBUG org.asynchttpclient.netty.request.NettyRequestSender - Using open Channel [id: 0xfe2a9595, L:/127.0.0.1:59323 - R:localhost/127.0.0.1:42742] for GET '/session/9dbac4fb680cb19dfba9b8e0cde1bb34/screenshot'
12:43:22.781 [AsyncHttpClient-1-4] DEBUG org.asynchttpclient.netty.handler.HttpHandler - 

Request DefaultFullHttpRequest(decodeResult: success, version: HTTP/1.1, content: EmptyByteBufBE)
GET /session/9dbac4fb680cb19dfba9b8e0cde1bb34/screenshot HTTP/1.1
User-Agent: selenium/4.8.1 (java windows)
Cache-Control: no-cache
Content-Type: application/json; charset=utf-8
host: localhost:42742
accept: */*

Response DefaultHttpResponse(decodeResult: success, version: HTTP/1.1)
HTTP/1.1 200 OK
Content-Length: 117364
Content-Type: application/json; charset=utf-8
cache-control: no-cache

12:43:22.782 [AsyncHttpClient-1-4] DEBUG org.asynchttpclient.netty.channel.ChannelManager - Adding key: http://localhost:42742 for channel [id: 0xfe2a9595, L:/127.0.0.1:59323 - R:localhost/127.0.0.1:42742]
12:43:22.784 [main] DEBUG net.serenitybdd.core.photography.Darkroom - Send negative for processing for target\site\serenity\4d8afef4f641a55049a9b5b646fa666c9ad2b79383923545dafc26341870db03.png
12:43:22.784 [main] DEBUG net.thucydides.core.steps.StepInterceptor - STEP DONE: ClickSigInButton
  &amp#27;[32mAnd &amp#27;[0m&amp#27;[32mI click SigIn button&amp#27;[0m                                     &amp#27;[90m# starter.stepdefinitions.LoginSteps.clickSigInButton()&amp#27;[0m
12:43:22.784 [Darkroom Processing Line] DEBUG net.serenitybdd.core.photography.DarkroomProcessingLine - Processing screenshot image in /var/screenshots/screenshot-5550703529175454197
12:43:22.784 [Darkroom Processing Line] DEBUG net.serenitybdd.core.photography.DarkroomProcessingLine - Saving screenshot to target\site\serenity\4d8afef4f641a55049a9b5b646fa666c9ad2b79383923545dafc26341870db03.png
12:43:22.789 [Forwarding getPageSource on session 9dbac4fb680cb19dfba9b8e0cde1bb34 to remote] DEBUG org.asynchttpclient.netty.request.NettyRequestSender - Using pooled Channel '[id: 0xfe2a9595, L:/127.0.0.1:59323 - R:localhost/127.0.0.1:42742]' for 'POST' to 'http://localhost:42742/session/9dbac4fb680cb19dfba9b8e0cde1bb34/execute/sync'
12:43:22.789 [Forwarding getPageSource on session 9dbac4fb680cb19dfba9b8e0cde1bb34 to remote] DEBUG org.asynchttpclient.netty.request.NettyRequestSender - Using open Channel [id: 0xfe2a9595, L:/127.0.0.1:59323 - R:localhost/127.0.0.1:42742] for POST '/session/9dbac4fb680cb19dfba9b8e0cde1bb34/execute/sync'
12:43:22.818 [AsyncHttpClient-1-4] DEBUG org.asynchttpclient.netty.handler.HttpHandler - 

Request DefaultHttpRequest(decodeResult: success, version: HTTP/1.1)
POST /session/9dbac4fb680cb19dfba9b8e0cde1bb34/execute/sync HTTP/1.1
User-Agent: selenium/4.8.1 (java windows)
Content-Length: 176
Content-Type: application/json; charset=utf-8
host: localhost:42742
accept: */*

Response DefaultHttpResponse(decodeResult: success, version: HTTP/1.1)
HTTP/1.1 200 OK
Content-Length: 160487
Content-Type: application/json; charset=utf-8
cache-control: no-cache

12:43:22.818 [AsyncHttpClient-1-4] DEBUG org.asynchttpclient.netty.channel.ChannelManager - Adding key: http://localhost:42742 for channel [id: 0xfe2a9595, L:/127.0.0.1:59323 - R:localhost/127.0.0.1:42742]
12:43:22.824 [Forwarding getCurrentUrl on session 9dbac4fb680cb19dfba9b8e0cde1bb34 to remote] DEBUG org.asynchttpclient.netty.request.NettyRequestSender - Using pooled Channel '[id: 0xfe2a9595, L:/127.0.0.1:59323 - R:localhost/127.0.0.1:42742]' for 'GET' to 'http://localhost:42742/session/9dbac4fb680cb19dfba9b8e0cde1bb34/url'
12:43:22.824 [Forwarding getCurrentUrl on session 9dbac4fb680cb19dfba9b8e0cde1bb34 to remote] DEBUG org.asynchttpclient.netty.request.NettyRequestSender - Using open Channel [id: 0xfe2a9595, L:/127.0.0.1:59323 - R:localhost/127.0.0.1:42742] for GET '/session/9dbac4fb680cb19dfba9b8e0cde1bb34/url'
12:43:22.837 [AsyncHttpClient-1-4] DEBUG org.asynchttpclient.netty.handler.HttpHandler - 

Request DefaultFullHttpRequest(decodeResult: success, version: HTTP/1.1, content: EmptyByteBufBE)
GET /session/9dbac4fb680cb19dfba9b8e0cde1bb34/url HTTP/1.1
User-Agent: selenium/4.8.1 (java windows)
Cache-Control: no-cache
Content-Type: application/json; charset=utf-8
host: localhost:42742
accept: */*

Response DefaultHttpResponse(decodeResult: success, version: HTTP/1.1)
HTTP/1.1 200 OK
Content-Length: 47
Content-Type: application/json; charset=utf-8
cache-control: no-cache

12:43:22.837 [AsyncHttpClient-1-4] DEBUG org.asynchttpclient.netty.channel.ChannelManager - Adding key: http://localhost:42742 for channel [id: 0xfe2a9595, L:/127.0.0.1:59323 - R:localhost/127.0.0.1:42742]
12:43:22.844 [Forwarding getAlertText on session 9dbac4fb680cb19dfba9b8e0cde1bb34 to remote] DEBUG org.asynchttpclient.netty.request.NettyRequestSender - Using pooled Channel '[id: 0xfe2a9595, L:/127.0.0.1:59323 - R:localhost/127.0.0.1:42742]' for 'GET' to 'http://localhost:42742/session/9dbac4fb680cb19dfba9b8e0cde1bb34/alert/text'
12:43:22.844 [Forwarding getAlertText on session 9dbac4fb680cb19dfba9b8e0cde1bb34 to remote] DEBUG org.asynchttpclient.netty.request.NettyRequestSender - Using open Channel [id: 0xfe2a9595, L:/127.0.0.1:59323 - R:localhost/127.0.0.1:42742] for GET '/session/9dbac4fb680cb19dfba9b8e0cde1bb34/alert/text'
12:43:22.847 [AsyncHttpClient-1-4] DEBUG org.asynchttpclient.netty.handler.HttpHandler - 

Request DefaultFullHttpRequest(decodeResult: success, version: HTTP/1.1, content: EmptyByteBufBE)
GET /session/9dbac4fb680cb19dfba9b8e0cde1bb34/alert/text HTTP/1.1
User-Agent: selenium/4.8.1 (java windows)
Cache-Control: no-cache
Content-Type: application/json; charset=utf-8
host: localhost:42742
accept: */*

Response DefaultHttpResponse(decodeResult: success, version: HTTP/1.1)
HTTP/1.1 404 Not Found
Content-Length: 821
Content-Type: application/json; charset=utf-8
cache-control: no-cache

12:43:22.847 [AsyncHttpClient-1-4] DEBUG org.asynchttpclient.netty.channel.ChannelManager - Adding key: http://localhost:42742 for channel [id: 0xfe2a9595, L:/127.0.0.1:59323 - R:localhost/127.0.0.1:42742]
12:43:22.849 [Forwarding getCurrentUrl on session 9dbac4fb680cb19dfba9b8e0cde1bb34 to remote] DEBUG org.asynchttpclient.netty.request.NettyRequestSender - Using pooled Channel '[id: 0xfe2a9595, L:/127.0.0.1:59323 - R:localhost/127.0.0.1:42742]' for 'GET' to 'http://localhost:42742/session/9dbac4fb680cb19dfba9b8e0cde1bb34/url'
12:43:22.849 [Forwarding getCurrentUrl on session 9dbac4fb680cb19dfba9b8e0cde1bb34 to remote] DEBUG org.asynchttpclient.netty.request.NettyRequestSender - Using open Channel [id: 0xfe2a9595, L:/127.0.0.1:59323 - R:localhost/127.0.0.1:42742] for GET '/session/9dbac4fb680cb19dfba9b8e0cde1bb34/url'
12:43:22.859 [AsyncHttpClient-1-4] DEBUG org.asynchttpclient.netty.handler.HttpHandler - 

Request DefaultFullHttpRequest(decodeResult: success, version: HTTP/1.1, content: EmptyByteBufBE)
GET /session/9dbac4fb680cb19dfba9b8e0cde1bb34/url HTTP/1.1
User-Agent: selenium/4.8.1 (java windows)
Cache-Control: no-cache
Content-Type: application/json; charset=utf-8
host: localhost:42742
accept: */*

Response DefaultHttpResponse(decodeResult: success, version: HTTP/1.1)
HTTP/1.1 200 OK
Content-Length: 47
Content-Type: application/json; charset=utf-8
cache-control: no-cache

12:43:22.859 [AsyncHttpClient-1-4] DEBUG org.asynchttpclient.netty.channel.ChannelManager - Adding key: http://localhost:42742 for channel [id: 0xfe2a9595, L:/127.0.0.1:59323 - R:localhost/127.0.0.1:42742]
12:43:22.860 [Forwarding screenshot on session 9dbac4fb680cb19dfba9b8e0cde1bb34 to remote] DEBUG org.asynchttpclient.netty.request.NettyRequestSender - Using pooled Channel '[id: 0xfe2a9595, L:/127.0.0.1:59323 - R:localhost/127.0.0.1:42742]' for 'GET' to 'http://localhost:42742/session/9dbac4fb680cb19dfba9b8e0cde1bb34/screenshot'
12:43:22.860 [Forwarding screenshot on session 9dbac4fb680cb19dfba9b8e0cde1bb34 to remote] DEBUG org.asynchttpclient.netty.request.NettyRequestSender - Using open Channel [id: 0xfe2a9595, L:/127.0.0.1:59323 - R:localhost/127.0.0.1:42742] for GET '/session/9dbac4fb680cb19dfba9b8e0cde1bb34/screenshot'
12:43:23.032 [AsyncHttpClient-1-4] DEBUG org.asynchttpclient.netty.handler.HttpHandler - 

Request DefaultFullHttpRequest(decodeResult: success, version: HTTP/1.1, content: EmptyByteBufBE)
GET /session/9dbac4fb680cb19dfba9b8e0cde1bb34/screenshot HTTP/1.1
User-Agent: selenium/4.8.1 (java windows)
Cache-Control: no-cache
Content-Type: application/json; charset=utf-8
host: localhost:42742
accept: */*

Response DefaultHttpResponse(decodeResult: success, version: HTTP/1.1)
HTTP/1.1 200 OK
Content-Length: 117592
Content-Type: application/json; charset=utf-8
cache-control: no-cache

12:43:23.032 [AsyncHttpClient-1-4] DEBUG org.asynchttpclient.netty.channel.ChannelManager - Adding key: http://localhost:42742 for channel [id: 0xfe2a9595, L:/127.0.0.1:59323 - R:localhost/127.0.0.1:42742]
12:43:23.036 [main] DEBUG net.serenitybdd.core.photography.Darkroom - Send negative for processing for target\site\serenity\00917b50daecdede33c611a10c099fdcf9a6814ac110801af30150c068901a60.png
12:43:23.036 [Darkroom Processing Line] DEBUG net.serenitybdd.core.photography.DarkroomProcessingLine - Processing screenshot image in /var/screenshots/screenshot-16819559255936614136
12:43:23.036 [Darkroom Processing Line] DEBUG net.serenitybdd.core.photography.DarkroomProcessingLine - Saving screenshot to target\site\serenity\00917b50daecdede33c611a10c099fdcf9a6814ac110801af30150c068901a60.png
12:43:23.036 [Forwarding getPageSource on session 9dbac4fb680cb19dfba9b8e0cde1bb34 to remote] DEBUG org.asynchttpclient.netty.request.NettyRequestSender - Using pooled Channel '[id: 0xfe2a9595, L:/127.0.0.1:59323 - R:localhost/127.0.0.1:42742]' for 'POST' to 'http://localhost:42742/session/9dbac4fb680cb19dfba9b8e0cde1bb34/execute/sync'
12:43:23.036 [Forwarding getPageSource on session 9dbac4fb680cb19dfba9b8e0cde1bb34 to remote] DEBUG org.asynchttpclient.netty.request.NettyRequestSender - Using open Channel [id: 0xfe2a9595, L:/127.0.0.1:59323 - R:localhost/127.0.0.1:42742] for POST '/session/9dbac4fb680cb19dfba9b8e0cde1bb34/execute/sync'
12:43:23.070 [AsyncHttpClient-1-4] DEBUG org.asynchttpclient.netty.handler.HttpHandler - 

Request DefaultHttpRequest(decodeResult: success, version: HTTP/1.1)
POST /session/9dbac4fb680cb19dfba9b8e0cde1bb34/execute/sync HTTP/1.1
User-Agent: selenium/4.8.1 (java windows)
Content-Length: 176
Content-Type: application/json; charset=utf-8
host: localhost:42742
accept: */*

Response DefaultHttpResponse(decodeResult: success, version: HTTP/1.1)
HTTP/1.1 200 OK
Content-Length: 166594
Content-Type: application/json; charset=utf-8
cache-control: no-cache

12:43:23.070 [AsyncHttpClient-1-4] DEBUG org.asynchttpclient.netty.channel.ChannelManager - Adding key: http://localhost:42742 for channel [id: 0xfe2a9595, L:/127.0.0.1:59323 - R:localhost/127.0.0.1:42742]
12:43:23.086 [Forwarding getCurrentUrl on session 9dbac4fb680cb19dfba9b8e0cde1bb34 to remote] DEBUG org.asynchttpclient.netty.request.NettyRequestSender - Using pooled Channel '[id: 0xfe2a9595, L:/127.0.0.1:59323 - R:localhost/127.0.0.1:42742]' for 'GET' to 'http://localhost:42742/session/9dbac4fb680cb19dfba9b8e0cde1bb34/url'
12:43:23.086 [Forwarding getCurrentUrl on session 9dbac4fb680cb19dfba9b8e0cde1bb34 to remote] DEBUG org.asynchttpclient.netty.request.NettyRequestSender - Using open Channel [id: 0xfe2a9595, L:/127.0.0.1:59323 - R:localhost/127.0.0.1:42742] for GET '/session/9dbac4fb680cb19dfba9b8e0cde1bb34/url'
12:43:23.100 [AsyncHttpClient-1-4] DEBUG org.asynchttpclient.netty.handler.HttpHandler - 

Request DefaultFullHttpRequest(decodeResult: success, version: HTTP/1.1, content: EmptyByteBufBE)
GET /session/9dbac4fb680cb19dfba9b8e0cde1bb34/url HTTP/1.1
User-Agent: selenium/4.8.1 (java windows)
Cache-Control: no-cache
Content-Type: application/json; charset=utf-8
host: localhost:42742
accept: */*

Response DefaultHttpResponse(decodeResult: success, version: HTTP/1.1)
HTTP/1.1 200 OK
Content-Length: 47
Content-Type: application/json; charset=utf-8
cache-control: no-cache

12:43:23.100 [AsyncHttpClient-1-4] DEBUG org.asynchttpclient.netty.channel.ChannelManager - Adding key: http://localhost:42742 for channel [id: 0xfe2a9595, L:/127.0.0.1:59323 - R:localhost/127.0.0.1:42742]
12:43:23.103 [main] DEBUG net.thucydides.core.steps.StepInterceptor - STARTING STEP: LoginSteps.iCanSeeErrorMessage - validateErrorMessageDisplayed
12:43:23.104 [Forwarding findElement on session 9dbac4fb680cb19dfba9b8e0cde1bb34 to remote] DEBUG org.asynchttpclient.netty.request.NettyRequestSender - Using pooled Channel '[id: 0xfe2a9595, L:/127.0.0.1:59323 - R:localhost/127.0.0.1:42742]' for 'POST' to 'http://localhost:42742/session/9dbac4fb680cb19dfba9b8e0cde1bb34/element'
12:43:23.105 [Forwarding findElement on session 9dbac4fb680cb19dfba9b8e0cde1bb34 to remote] DEBUG org.asynchttpclient.netty.request.NettyRequestSender - Using open Channel [id: 0xfe2a9595, L:/127.0.0.1:59323 - R:localhost/127.0.0.1:42742] for POST '/session/9dbac4fb680cb19dfba9b8e0cde1bb34/element'
12:43:23.121 [AsyncHttpClient-1-4] DEBUG org.asynchttpclient.netty.handler.HttpHandler - 

Request DefaultHttpRequest(decodeResult: success, version: HTTP/1.1)
POST /session/9dbac4fb680cb19dfba9b8e0cde1bb34/element HTTP/1.1
User-Agent: selenium/4.8.1 (java windows)
Content-Length: 155
Content-Type: application/json; charset=utf-8
host: localhost:42742
accept: */*

Response DefaultHttpResponse(decodeResult: success, version: HTTP/1.1)
HTTP/1.1 200 OK
Content-Length: 95
Content-Type: application/json; charset=utf-8
cache-control: no-cache

12:43:23.121 [AsyncHttpClient-1-4] DEBUG org.asynchttpclient.netty.channel.ChannelManager - Adding key: http://localhost:42742 for channel [id: 0xfe2a9595, L:/127.0.0.1:59323 - R:localhost/127.0.0.1:42742]
12:43:23.123 [Forwarding isElementDisplayed on session 9dbac4fb680cb19dfba9b8e0cde1bb34 to remote] DEBUG org.asynchttpclient.netty.request.NettyRequestSender - Using pooled Channel '[id: 0xfe2a9595, L:/127.0.0.1:59323 - R:localhost/127.0.0.1:42742]' for 'POST' to 'http://localhost:42742/session/9dbac4fb680cb19dfba9b8e0cde1bb34/execute/sync'
12:43:23.123 [Forwarding isElementDisplayed on session 9dbac4fb680cb19dfba9b8e0cde1bb34 to remote] DEBUG org.asynchttpclient.netty.request.NettyRequestSender - Using open Channel [id: 0xfe2a9595, L:/127.0.0.1:59323 - R:localhost/127.0.0.1:42742] for POST '/session/9dbac4fb680cb19dfba9b8e0cde1bb34/execute/sync'
12:43:23.143 [AsyncHttpClient-1-4] DEBUG org.asynchttpclient.netty.handler.HttpHandler - 

Request DefaultHttpRequest(decodeResult: success, version: HTTP/1.1)
POST /session/9dbac4fb680cb19dfba9b8e0cde1bb34/execute/sync HTTP/1.1
User-Agent: selenium/4.8.1 (java windows)
Content-Length: 48814
Content-Type: application/json; charset=utf-8
host: localhost:42742
accept: */*

Response DefaultHttpResponse(decodeResult: success, version: HTTP/1.1)
HTTP/1.1 200 OK
Content-Length: 15
Content-Type: application/json; charset=utf-8
cache-control: no-cache

12:43:23.144 [AsyncHttpClient-1-4] DEBUG org.asynchttpclient.netty.channel.ChannelManager - Adding key: http://localhost:42742 for channel [id: 0xfe2a9595, L:/127.0.0.1:59323 - R:localhost/127.0.0.1:42742]
12:43:23.151 [Forwarding getAlertText on session 9dbac4fb680cb19dfba9b8e0cde1bb34 to remote] DEBUG org.asynchttpclient.netty.request.NettyRequestSender - Using pooled Channel '[id: 0xfe2a9595, L:/127.0.0.1:59323 - R:localhost/127.0.0.1:42742]' for 'GET' to 'http://localhost:42742/session/9dbac4fb680cb19dfba9b8e0cde1bb34/alert/text'
12:43:23.151 [Forwarding getAlertText on session 9dbac4fb680cb19dfba9b8e0cde1bb34 to remote] DEBUG org.asynchttpclient.netty.request.NettyRequestSender - Using open Channel [id: 0xfe2a9595, L:/127.0.0.1:59323 - R:localhost/127.0.0.1:42742] for GET '/session/9dbac4fb680cb19dfba9b8e0cde1bb34/alert/text'
12:43:23.154 [AsyncHttpClient-1-4] DEBUG org.asynchttpclient.netty.handler.HttpHandler - 

Request DefaultFullHttpRequest(decodeResult: success, version: HTTP/1.1, content: EmptyByteBufBE)
GET /session/9dbac4fb680cb19dfba9b8e0cde1bb34/alert/text HTTP/1.1
User-Agent: selenium/4.8.1 (java windows)
Cache-Control: no-cache
Content-Type: application/json; charset=utf-8
host: localhost:42742
accept: */*

Response DefaultHttpResponse(decodeResult: success, version: HTTP/1.1)
HTTP/1.1 404 Not Found
Content-Length: 821
Content-Type: application/json; charset=utf-8
cache-control: no-cache

12:43:23.154 [AsyncHttpClient-1-4] DEBUG org.asynchttpclient.netty.channel.ChannelManager - Adding key: http://localhost:42742 for channel [id: 0xfe2a9595, L:/127.0.0.1:59323 - R:localhost/127.0.0.1:42742]
12:43:23.155 [Forwarding getCurrentUrl on session 9dbac4fb680cb19dfba9b8e0cde1bb34 to remote] DEBUG org.asynchttpclient.netty.request.NettyRequestSender - Using pooled Channel '[id: 0xfe2a9595, L:/127.0.0.1:59323 - R:localhost/127.0.0.1:42742]' for 'GET' to 'http://localhost:42742/session/9dbac4fb680cb19dfba9b8e0cde1bb34/url'
12:43:23.155 [Forwarding getCurrentUrl on session 9dbac4fb680cb19dfba9b8e0cde1bb34 to remote] DEBUG org.asynchttpclient.netty.request.NettyRequestSender - Using open Channel [id: 0xfe2a9595, L:/127.0.0.1:59323 - R:localhost/127.0.0.1:42742] for GET '/session/9dbac4fb680cb19dfba9b8e0cde1bb34/url'
12:43:23.169 [AsyncHttpClient-1-4] DEBUG org.asynchttpclient.netty.handler.HttpHandler - 

Request DefaultFullHttpRequest(decodeResult: success, version: HTTP/1.1, content: EmptyByteBufBE)
GET /session/9dbac4fb680cb19dfba9b8e0cde1bb34/url HTTP/1.1
User-Agent: selenium/4.8.1 (java windows)
Cache-Control: no-cache
Content-Type: application/json; charset=utf-8
host: localhost:42742
accept: */*

Response DefaultHttpResponse(decodeResult: success, version: HTTP/1.1)
HTTP/1.1 200 OK
Content-Length: 47
Content-Type: application/json; charset=utf-8
cache-control: no-cache

12:43:23.169 [AsyncHttpClient-1-4] DEBUG org.asynchttpclient.netty.channel.ChannelManager - Adding key: http://localhost:42742 for channel [id: 0xfe2a9595, L:/127.0.0.1:59323 - R:localhost/127.0.0.1:42742]
12:43:23.170 [Forwarding screenshot on session 9dbac4fb680cb19dfba9b8e0cde1bb34 to remote] DEBUG org.asynchttpclient.netty.request.NettyRequestSender - Using pooled Channel '[id: 0xfe2a9595, L:/127.0.0.1:59323 - R:localhost/127.0.0.1:42742]' for 'GET' to 'http://localhost:42742/session/9dbac4fb680cb19dfba9b8e0cde1bb34/screenshot'
12:43:23.170 [Forwarding screenshot on session 9dbac4fb680cb19dfba9b8e0cde1bb34 to remote] DEBUG org.asynchttpclient.netty.request.NettyRequestSender - Using open Channel [id: 0xfe2a9595, L:/127.0.0.1:59323 - R:localhost/127.0.0.1:42742] for GET '/session/9dbac4fb680cb19dfba9b8e0cde1bb34/screenshot'
12:43:23.368 [AsyncHttpClient-1-4] DEBUG org.asynchttpclient.netty.handler.HttpHandler - 

Request DefaultFullHttpRequest(decodeResult: success, version: HTTP/1.1, content: EmptyByteBufBE)
GET /session/9dbac4fb680cb19dfba9b8e0cde1bb34/screenshot HTTP/1.1
User-Agent: selenium/4.8.1 (java windows)
Cache-Control: no-cache
Content-Type: application/json; charset=utf-8
host: localhost:42742
accept: */*

Response DefaultHttpResponse(decodeResult: success, version: HTTP/1.1)
HTTP/1.1 200 OK
Content-Length: 134592
Content-Type: application/json; charset=utf-8
cache-control: no-cache

12:43:23.368 [AsyncHttpClient-1-4] DEBUG org.asynchttpclient.netty.channel.ChannelManager - Adding key: http://localhost:42742 for channel [id: 0xfe2a9595, L:/127.0.0.1:59323 - R:localhost/127.0.0.1:42742]
12:43:23.372 [main] DEBUG net.serenitybdd.core.photography.Darkroom - Send negative for processing for target\site\serenity\1947cf571319dcb56f92cbd60434c2c5b6bca479aae8df2d386a5626b2f1cffb.png
12:43:23.373 [main] DEBUG net.thucydides.core.steps.StepInterceptor - STEP DONE: validateErrorMessageDisplayed
12:43:23.373 [Darkroom Processing Line] DEBUG net.serenitybdd.core.photography.DarkroomProcessingLine - Processing screenshot image in /var/screenshots/screenshot-3558762894900416236
12:43:23.373 [Darkroom Processing Line] DEBUG net.serenitybdd.core.photography.DarkroomProcessingLine - Saving screenshot to target\site\serenity\1947cf571319dcb56f92cbd60434c2c5b6bca479aae8df2d386a5626b2f1cffb.png
12:43:23.381 [Forwarding getPageSource on session 9dbac4fb680cb19dfba9b8e0cde1bb34 to remote] DEBUG org.asynchttpclient.netty.request.NettyRequestSender - Using pooled Channel '[id: 0xfe2a9595, L:/127.0.0.1:59323 - R:localhost/127.0.0.1:42742]' for 'POST' to 'http://localhost:42742/session/9dbac4fb680cb19dfba9b8e0cde1bb34/execute/sync'
12:43:23.381 [Forwarding getPageSource on session 9dbac4fb680cb19dfba9b8e0cde1bb34 to remote] DEBUG org.asynchttpclient.netty.request.NettyRequestSender - Using open Channel [id: 0xfe2a9595, L:/127.0.0.1:59323 - R:localhost/127.0.0.1:42742] for POST '/session/9dbac4fb680cb19dfba9b8e0cde1bb34/execute/sync'
12:43:23.406 [AsyncHttpClient-1-4] DEBUG org.asynchttpclient.netty.handler.HttpHandler - 

Request DefaultHttpRequest(decodeResult: success, version: HTTP/1.1)
POST /session/9dbac4fb680cb19dfba9b8e0cde1bb34/execute/sync HTTP/1.1
User-Agent: selenium/4.8.1 (java windows)
Content-Length: 176
Content-Type: application/json; charset=utf-8
host: localhost:42742
accept: */*

Response DefaultHttpResponse(decodeResult: success, version: HTTP/1.1)
HTTP/1.1 200 OK
Content-Length: 165689
Content-Type: application/json; charset=utf-8
cache-control: no-cache

12:43:23.406 [AsyncHttpClient-1-4] DEBUG org.asynchttpclient.netty.channel.ChannelManager - Adding key: http://localhost:42742 for channel [id: 0xfe2a9595, L:/127.0.0.1:59323 - R:localhost/127.0.0.1:42742]
12:43:23.416 [Forwarding getCurrentUrl on session 9dbac4fb680cb19dfba9b8e0cde1bb34 to remote] DEBUG org.asynchttpclient.netty.request.NettyRequestSender - Using pooled Channel '[id: 0xfe2a9595, L:/127.0.0.1:59323 - R:localhost/127.0.0.1:42742]' for 'GET' to 'http://localhost:42742/session/9dbac4fb680cb19dfba9b8e0cde1bb34/url'
12:43:23.416 [Forwarding getCurrentUrl on session 9dbac4fb680cb19dfba9b8e0cde1bb34 to remote] DEBUG org.asynchttpclient.netty.request.NettyRequestSender - Using open Channel [id: 0xfe2a9595, L:/127.0.0.1:59323 - R:localhost/127.0.0.1:42742] for GET '/session/9dbac4fb680cb19dfba9b8e0cde1bb34/url'
12:43:23.425 [AsyncHttpClient-1-4] DEBUG org.asynchttpclient.netty.handler.HttpHandler - 

Request DefaultFullHttpRequest(decodeResult: success, version: HTTP/1.1, content: EmptyByteBufBE)
GET /session/9dbac4fb680cb19dfba9b8e0cde1bb34/url HTTP/1.1
User-Agent: selenium/4.8.1 (java windows)
Cache-Control: no-cache
Content-Type: application/json; charset=utf-8
host: localhost:42742
accept: */*

Response DefaultHttpResponse(decodeResult: success, version: HTTP/1.1)
HTTP/1.1 200 OK
Content-Length: 47
Content-Type: application/json; charset=utf-8
cache-control: no-cache

12:43:23.425 [AsyncHttpClient-1-4] DEBUG org.asynchttpclient.netty.channel.ChannelManager - Adding key: http://localhost:42742 for channel [id: 0xfe2a9595, L:/127.0.0.1:59323 - R:localhost/127.0.0.1:42742]
12:43:23.429 [main] DEBUG net.thucydides.core.steps.StepInterceptor - STARTING STEP: LoginSteps.iCanSeeErrorMessage - validateEqualErrorMessage
12:43:23.431 [Forwarding findElement on session 9dbac4fb680cb19dfba9b8e0cde1bb34 to remote] DEBUG org.asynchttpclient.netty.request.NettyRequestSender - Using pooled Channel '[id: 0xfe2a9595, L:/127.0.0.1:59323 - R:localhost/127.0.0.1:42742]' for 'POST' to 'http://localhost:42742/session/9dbac4fb680cb19dfba9b8e0cde1bb34/element'
12:43:23.431 [Forwarding findElement on session 9dbac4fb680cb19dfba9b8e0cde1bb34 to remote] DEBUG org.asynchttpclient.netty.request.NettyRequestSender - Using open Channel [id: 0xfe2a9595, L:/127.0.0.1:59323 - R:localhost/127.0.0.1:42742] for POST '/session/9dbac4fb680cb19dfba9b8e0cde1bb34/element'
12:43:23.444 [AsyncHttpClient-1-4] DEBUG org.asynchttpclient.netty.handler.HttpHandler - 

Request DefaultHttpRequest(decodeResult: success, version: HTTP/1.1)
POST /session/9dbac4fb680cb19dfba9b8e0cde1bb34/element HTTP/1.1
User-Agent: selenium/4.8.1 (java windows)
Content-Length: 155
Content-Type: application/json; charset=utf-8
host: localhost:42742
accept: */*

Response DefaultHttpResponse(decodeResult: success, version: HTTP/1.1)
HTTP/1.1 200 OK
Content-Length: 94
Content-Type: application/json; charset=utf-8
cache-control: no-cache

12:43:23.444 [AsyncHttpClient-1-4] DEBUG org.asynchttpclient.netty.channel.ChannelManager - Adding key: http://localhost:42742 for channel [id: 0xfe2a9595, L:/127.0.0.1:59323 - R:localhost/127.0.0.1:42742]
12:43:23.446 [Forwarding getElementText on session 9dbac4fb680cb19dfba9b8e0cde1bb34 to remote] DEBUG org.asynchttpclient.netty.request.NettyRequestSender - Using pooled Channel '[id: 0xfe2a9595, L:/127.0.0.1:59323 - R:localhost/127.0.0.1:42742]' for 'GET' to 'http://localhost:42742/session/9dbac4fb680cb19dfba9b8e0cde1bb34/element/38A677BCDD2096330DBACD49C7895122_element_3/text'
12:43:23.446 [Forwarding getElementText on session 9dbac4fb680cb19dfba9b8e0cde1bb34 to remote] DEBUG org.asynchttpclient.netty.request.NettyRequestSender - Using open Channel [id: 0xfe2a9595, L:/127.0.0.1:59323 - R:localhost/127.0.0.1:42742] for GET '/session/9dbac4fb680cb19dfba9b8e0cde1bb34/element/38A677BCDD2096330DBACD49C7895122_element_3/text'
12:43:23.469 [AsyncHttpClient-1-4] DEBUG org.asynchttpclient.netty.handler.HttpHandler - 

Request DefaultFullHttpRequest(decodeResult: success, version: HTTP/1.1, content: EmptyByteBufBE)
GET /session/9dbac4fb680cb19dfba9b8e0cde1bb34/element/38A677BCDD2096330DBACD49C7895122_element_3/text HTTP/1.1
User-Agent: selenium/4.8.1 (java windows)
Cache-Control: no-cache
Content-Type: application/json; charset=utf-8
host: localhost:42742
accept: */*

Response DefaultHttpResponse(decodeResult: success, version: HTTP/1.1)
HTTP/1.1 200 OK
Content-Length: 19
Content-Type: application/json; charset=utf-8
cache-control: no-cache

12:43:23.469 [AsyncHttpClient-1-4] DEBUG org.asynchttpclient.netty.channel.ChannelManager - Adding key: http://localhost:42742 for channel [id: 0xfe2a9595, L:/127.0.0.1:59323 - R:localhost/127.0.0.1:42742]
12:43:23.472 [Forwarding getAlertText on session 9dbac4fb680cb19dfba9b8e0cde1bb34 to remote] DEBUG org.asynchttpclient.netty.request.NettyRequestSender - Using pooled Channel '[id: 0xfe2a9595, L:/127.0.0.1:59323 - R:localhost/127.0.0.1:42742]' for 'GET' to 'http://localhost:42742/session/9dbac4fb680cb19dfba9b8e0cde1bb34/alert/text'
12:43:23.472 [Forwarding getAlertText on session 9dbac4fb680cb19dfba9b8e0cde1bb34 to remote] DEBUG org.asynchttpclient.netty.request.NettyRequestSender - Using open Channel [id: 0xfe2a9595, L:/127.0.0.1:59323 - R:localhost/127.0.0.1:42742] for GET '/session/9dbac4fb680cb19dfba9b8e0cde1bb34/alert/text'
12:43:23.476 [AsyncHttpClient-1-4] DEBUG org.asynchttpclient.netty.handler.HttpHandler - 

Request DefaultFullHttpRequest(decodeResult: success, version: HTTP/1.1, content: EmptyByteBufBE)
GET /session/9dbac4fb680cb19dfba9b8e0cde1bb34/alert/text HTTP/1.1
User-Agent: selenium/4.8.1 (java windows)
Cache-Control: no-cache
Content-Type: application/json; charset=utf-8
host: localhost:42742
accept: */*

Response DefaultHttpResponse(decodeResult: success, version: HTTP/1.1)
HTTP/1.1 404 Not Found
Content-Length: 821
Content-Type: application/json; charset=utf-8
cache-control: no-cache

12:43:23.476 [AsyncHttpClient-1-4] DEBUG org.asynchttpclient.netty.channel.ChannelManager - Adding key: http://localhost:42742 for channel [id: 0xfe2a9595, L:/127.0.0.1:59323 - R:localhost/127.0.0.1:42742]
12:43:23.477 [Forwarding getCurrentUrl on session 9dbac4fb680cb19dfba9b8e0cde1bb34 to remote] DEBUG org.asynchttpclient.netty.request.NettyRequestSender - Using pooled Channel '[id: 0xfe2a9595, L:/127.0.0.1:59323 - R:localhost/127.0.0.1:42742]' for 'GET' to 'http://localhost:42742/session/9dbac4fb680cb19dfba9b8e0cde1bb34/url'
12:43:23.477 [Forwarding getCurrentUrl on session 9dbac4fb680cb19dfba9b8e0cde1bb34 to remote] DEBUG org.asynchttpclient.netty.request.NettyRequestSender - Using open Channel [id: 0xfe2a9595, L:/127.0.0.1:59323 - R:localhost/127.0.0.1:42742] for GET '/session/9dbac4fb680cb19dfba9b8e0cde1bb34/url'
12:43:23.488 [AsyncHttpClient-1-4] DEBUG org.asynchttpclient.netty.handler.HttpHandler - 

Request DefaultFullHttpRequest(decodeResult: success, version: HTTP/1.1, content: EmptyByteBufBE)
GET /session/9dbac4fb680cb19dfba9b8e0cde1bb34/url HTTP/1.1
User-Agent: selenium/4.8.1 (java windows)
Cache-Control: no-cache
Content-Type: application/json; charset=utf-8
host: localhost:42742
accept: */*

Response DefaultHttpResponse(decodeResult: success, version: HTTP/1.1)
HTTP/1.1 200 OK
Content-Length: 47
Content-Type: application/json; charset=utf-8
cache-control: no-cache

12:43:23.489 [AsyncHttpClient-1-4] DEBUG org.asynchttpclient.netty.channel.ChannelManager - Adding key: http://localhost:42742 for channel [id: 0xfe2a9595, L:/127.0.0.1:59323 - R:localhost/127.0.0.1:42742]
12:43:23.489 [Forwarding screenshot on session 9dbac4fb680cb19dfba9b8e0cde1bb34 to remote] DEBUG org.asynchttpclient.netty.request.NettyRequestSender - Using pooled Channel '[id: 0xfe2a9595, L:/127.0.0.1:59323 - R:localhost/127.0.0.1:42742]' for 'GET' to 'http://localhost:42742/session/9dbac4fb680cb19dfba9b8e0cde1bb34/screenshot'
12:43:23.489 [Forwarding screenshot on session 9dbac4fb680cb19dfba9b8e0cde1bb34 to remote] DEBUG org.asynchttpclient.netty.request.NettyRequestSender - Using open Channel [id: 0xfe2a9595, L:/127.0.0.1:59323 - R:localhost/127.0.0.1:42742] for GET '/session/9dbac4fb680cb19dfba9b8e0cde1bb34/screenshot'
12:43:23.648 [AsyncHttpClient-1-1] DEBUG org.asynchttpclient.netty.channel.DefaultChannelPool - Entry count for : http://localhost:59324 : 1
12:43:23.659 [AsyncHttpClient-1-4] DEBUG org.asynchttpclient.netty.handler.HttpHandler - 

Request DefaultFullHttpRequest(decodeResult: success, version: HTTP/1.1, content: EmptyByteBufBE)
GET /session/9dbac4fb680cb19dfba9b8e0cde1bb34/screenshot HTTP/1.1
User-Agent: selenium/4.8.1 (java windows)
Cache-Control: no-cache
Content-Type: application/json; charset=utf-8
host: localhost:42742
accept: */*

Response DefaultHttpResponse(decodeResult: success, version: HTTP/1.1)
HTTP/1.1 200 OK
Content-Length: 134392
Content-Type: application/json; charset=utf-8
cache-control: no-cache

12:43:23.660 [AsyncHttpClient-1-4] DEBUG org.asynchttpclient.netty.channel.ChannelManager - Adding key: http://localhost:42742 for channel [id: 0xfe2a9595, L:/127.0.0.1:59323 - R:localhost/127.0.0.1:42742]
12:43:23.664 [main] DEBUG net.serenitybdd.core.photography.Darkroom - Send negative for processing for target\site\serenity\45792bef5d64069acc458dbcb521df3954942e62117655ad92b2b1064b033113.png
12:43:23.665 [main] DEBUG net.thucydides.core.steps.StepInterceptor - STEP DONE: validateEqualErrorMessage
  &amp#27;[32mThen &amp#27;[0m&amp#27;[32mI can see error message &amp#27;[0m&amp#27;[32m&amp#27;[1m"Please input password!"&amp#27;[0m        &amp#27;[90m# starter.stepdefinitions.LoginSteps.iCanSeeErrorMessage(java.lang.String)&amp#27;[0m
12:43:23.665 [Darkroom Processing Line] DEBUG net.serenitybdd.core.photography.DarkroomProcessingLine - Processing screenshot image in /var/screenshots/screenshot-4091845741922479808
12:43:23.665 [Darkroom Processing Line] DEBUG net.serenitybdd.core.photography.DarkroomProcessingLine - Saving screenshot to target\site\serenity\45792bef5d64069acc458dbcb521df3954942e62117655ad92b2b1064b033113.png
12:43:23.671 [main] INFO  - 
  _____   ___   ___   _____     ___     _     ___   ___   ___   ___  
 |_   _| | __| / __| |_   _|   | _ \   /_\   / __| / __| | __| |   \ 
   | |   | _|  \__ \   | |     |  _/  / _ \  \__ \ \__ \ | _|  | |) |
   |_|   |___| |___/   |_|     |_|   /_/ \_\ |___/ |___/ |___| |___/ 

user enter valid Username + Space and Valid Password
----------------------------------------------------------------------
12:43:23.673 [Driver Command Executor] DEBUG org.asynchttpclient.netty.request.NettyRequestSender - Using pooled Channel '[id: 0xfe2a9595, L:/127.0.0.1:59323 - R:localhost/127.0.0.1:42742]' for 'DELETE' to 'http://localhost:42742/session/9dbac4fb680cb19dfba9b8e0cde1bb34'
12:43:23.673 [AsyncHttpClient-1-6] DEBUG org.asynchttpclient.netty.handler.WebSocketHandler - Channel Closed: [id: 0xf7e65d92, L:/127.0.0.1:59331 ! R:localhost/127.0.0.1:59324] with attribute NettyResponseFuture{currentRetry=0,
	isDone=1,
	isCancelled=0,
	asyncHandler=org.asynchttpclient.ws.WebSocketUpgradeHandler@17d22deb,
	nettyRequest=org.asynchttpclient.netty.request.NettyRequest@759f58be,
	future=java.util.concurrent.CompletableFuture@6fb6d1a3[Completed normally],
	uri=ws://localhost:59324/devtools/browser/ab1b4fc4-0787-492f-88f1-395bdb1c8605,
	keepAlive=true,
	redirectCount=0,
	timeoutsHolder=null,
	inAuth=0,
	touch=1687844595293}
12:43:23.673 [Driver Command Executor] DEBUG org.asynchttpclient.netty.request.NettyRequestSender - Using open Channel [id: 0xfe2a9595, L:/127.0.0.1:59323 - R:localhost/127.0.0.1:42742] for DELETE '/session/9dbac4fb680cb19dfba9b8e0cde1bb34'
12:43:23.673 [AsyncHttpClient-1-6] DEBUG org.asynchttpclient.netty.channel.ChannelManager - Closing Channel [id: 0xf7e65d92, L:/127.0.0.1:59331 ! R:localhost/127.0.0.1:59324] 
12:43:23.936 [AsyncHttpClient-1-5] DEBUG org.asynchttpclient.netty.handler.HttpHandler - Unexpected I/O exception on channel [id: 0xa15b6bf0, L:/127.0.0.1:59330 - R:localhost/127.0.0.1:59324]
java.net.SocketException: Connection reset
	at java.base/sun.nio.ch.SocketChannelImpl.throwConnectionReset(SocketChannelImpl.java:394)
	at java.base/sun.nio.ch.SocketChannelImpl.read(SocketChannelImpl.java:426)
	at io.netty.buffer.PooledByteBuf.setBytes(PooledByteBuf.java:259)
	at io.netty.buffer.AbstractByteBuf.writeBytes(AbstractByteBuf.java:1132)
	at io.netty.channel.socket.nio.NioSocketChannel.doReadBytes(NioSocketChannel.java:357)
	at io.netty.channel.nio.AbstractNioByteChannel$NioByteUnsafe.read(AbstractNioByteChannel.java:151)
	at io.netty.channel.nio.NioEventLoop.processSelectedKey(NioEventLoop.java:788)
	at io.netty.channel.nio.NioEventLoop.processSelectedKeysOptimized(NioEventLoop.java:724)
	at io.netty.channel.nio.NioEventLoop.processSelectedKeys(NioEventLoop.java:650)
	at io.netty.channel.nio.NioEventLoop.run(NioEventLoop.java:562)
	at io.netty.util.concurrent.SingleThreadEventExecutor$4.run(SingleThreadEventExecutor.java:997)
	at io.netty.util.internal.ThreadExecutorMap$2.run(ThreadExecutorMap.java:74)
	at io.netty.util.concurrent.FastThreadLocalRunnable.run(FastThreadLocalRunnable.java:30)
	at java.base/java.lang.Thread.run(Thread.java:833)
12:43:23.936 [AsyncHttpClient-1-5] DEBUG org.asynchttpclient.netty.channel.ChannelManager - Closing Channel [id: 0xa15b6bf0, L:/127.0.0.1:59330 - R:localhost/127.0.0.1:59324] 
12:43:23.936 [AsyncHttpClient-1-5] DEBUG org.asynchttpclient.netty.handler.HttpHandler - Channel Closed: [id: 0xa15b6bf0, L:/127.0.0.1:59330 ! R:localhost/127.0.0.1:59324] with attribute DISCARD
12:43:23.971 [AsyncHttpClient-1-4] DEBUG org.asynchttpclient.netty.handler.HttpHandler - 

Request DefaultFullHttpRequest(decodeResult: success, version: HTTP/1.1, content: EmptyByteBufBE)
DELETE /session/9dbac4fb680cb19dfba9b8e0cde1bb34 HTTP/1.1
User-Agent: selenium/4.8.1 (java windows)
Content-Type: application/json; charset=utf-8
host: localhost:42742
accept: */*

Response DefaultHttpResponse(decodeResult: success, version: HTTP/1.1)
HTTP/1.1 200 OK
Content-Length: 14
Content-Type: application/json; charset=utf-8
cache-control: no-cache

12:43:23.971 [AsyncHttpClient-1-4] DEBUG org.asynchttpclient.netty.channel.ChannelManager - Adding key: http://localhost:42742 for channel [id: 0xfe2a9595, L:/127.0.0.1:59323 - R:localhost/127.0.0.1:42742]
12:43:24.025 [AsyncHttpClient-1-4] DEBUG org.asynchttpclient.netty.handler.HttpHandler - Channel Closed: [id: 0xfe2a9595, L:/127.0.0.1:59323 ! R:localhost/127.0.0.1:42742] with attribute DISCARD
]]></system-out>
    <system-err><![CDATA[Starting ChromeDriver 114.0.5735.90 (386bc09e8f4f2e025eddae123f36f6263096ae49-refs/branch-heads/5735@{#1052}) on port 42742
Only local connections are allowed.
Please see https://chromedriver.chromium.org/security-considerations for suggestions on keeping ChromeDriver safe.
ChromeDriver was started successfully.
Jun 27, 2023 12:43:15 PM org.openqa.selenium.devtools.CdpVersionFinder findNearestMatch
WARNING: Unable to find an exact match for CDP version 114, so returning the closest version found: 110
]]></system-err>
  </testcase>
  <testcase name="user enter valid Username  and Valid Password + Space" classname="Login" time="8.578">
    <system-out><![CDATA[
Scenario: user enter valid Username  and Valid Password + Space &amp#27;[90m# src/test/resources/features/login.feature:56&amp#27;[0m
12:43:24.090 [main] DEBUG io.cucumber.core.plugin.SerenityReporter - Running feature from file:///D:/alta/Capstone/WEB/CapstoneWEB/src/test/resources/features/login.feature
12:43:24.092 [main] INFO  - 
  _____   ___   ___   _____     ___   _____     _     ___   _____   ___   ___  
 |_   _| | __| / __| |_   _|   / __| |_   _|   /_\   | _ \ |_   _| | __| |   \ 
   | |   | _|  \__ \   | |     \__ \   | |    / _ \  |   /   | |   | _|  | |) |
   |_|   |___| |___/   |_|     |___/   |_|   /_/ \_\ |_|_\   |_|   |___| |___/ 

user enter valid Username  and Valid Password + Space(login;user-enter-valid-username--and-valid-password-+-space)
--------------------------------------------------------------------------------
12:43:24.146 [main] INFO net.serenitybdd.core.webdriver.driverproviders.ChromeDriverProvider - Starting Chrome driver instance with capabilities:
12:43:24.146 [main] INFO net.serenitybdd.core.webdriver.driverproviders.ChromeDriverProvider - Capabilities {acceptInsecureCerts: false, browserName: chrome, goog:chromeOptions: {args: [remote-allow-origins=*], extensions: []}}
12:43:24.720 [AsyncHttpClient-1-7] DEBUG org.asynchttpclient.netty.channel.NettyConnectListener - Using new Channel '[id: 0xe4851db6, L:/127.0.0.1:59346 - R:localhost/127.0.0.1:40300]' for 'POST' to '/session'
12:43:24.749 [AsyncHttpClient-1-1] DEBUG org.asynchttpclient.netty.channel.DefaultChannelPool - Entry count for : http://localhost:59324 : 1
12:43:24.749 [AsyncHttpClient-1-1] DEBUG org.asynchttpclient.netty.channel.DefaultChannelPool - Entry count for : http://localhost:42742 : 1
12:43:24.749 [AsyncHttpClient-1-1] DEBUG org.asynchttpclient.netty.channel.DefaultChannelPool - Adding Candidate expired Channel [id: 0xa15b6bf0, L:/127.0.0.1:59330 ! R:localhost/127.0.0.1:59324] isIdleTimeoutExpired=false isRemotelyClosed=true isTtlExpired=false
12:43:24.749 [AsyncHttpClient-1-1] DEBUG org.asynchttpclient.netty.channel.DefaultChannelPool - Closing Idle Channel [id: 0xa15b6bf0, L:/127.0.0.1:59330 ! R:localhost/127.0.0.1:59324]
12:43:24.749 [AsyncHttpClient-1-1] DEBUG org.asynchttpclient.netty.channel.DefaultChannelPool - Adding Candidate expired Channel [id: 0xfe2a9595, L:/127.0.0.1:59323 ! R:localhost/127.0.0.1:42742] isIdleTimeoutExpired=false isRemotelyClosed=true isTtlExpired=false
12:43:24.749 [AsyncHttpClient-1-1] DEBUG org.asynchttpclient.netty.channel.DefaultChannelPool - Closing Idle Channel [id: 0xfe2a9595, L:/127.0.0.1:59323 ! R:localhost/127.0.0.1:42742]
12:43:24.749 [AsyncHttpClient-1-1] DEBUG org.asynchttpclient.netty.channel.DefaultChannelPool - Closed 2 connections out of 2 in 0 ms
12:43:25.398 [AsyncHttpClient-1-7] DEBUG org.asynchttpclient.netty.handler.HttpHandler - 

Request DefaultHttpRequest(decodeResult: success, version: HTTP/1.1)
POST /session HTTP/1.1
User-Agent: selenium/4.8.1 (java windows)
Content-Length: 507
Content-Type: application/json; charset=utf-8
host: localhost:40300
accept: */*

Response DefaultHttpResponse(decodeResult: success, version: HTTP/1.1)
HTTP/1.1 200 OK
Content-Length: 863
Content-Type: application/json; charset=utf-8
cache-control: no-cache

12:43:25.399 [AsyncHttpClient-1-7] DEBUG org.asynchttpclient.netty.channel.ChannelManager - Adding key: http://localhost:40300 for channel [id: 0xe4851db6, L:/127.0.0.1:59346 - R:localhost/127.0.0.1:40300]
12:43:25.413 [AsyncHttpClient-1-8] DEBUG org.asynchttpclient.netty.channel.NettyConnectListener - Using new Channel '[id: 0x1c9427a5, L:/127.0.0.1:59353 - R:localhost/127.0.0.1:59347]' for 'GET' to '/json/version'
12:43:25.414 [AsyncHttpClient-1-8] DEBUG org.asynchttpclient.netty.handler.HttpHandler - 

Request DefaultFullHttpRequest(decodeResult: success, version: HTTP/1.1, content: EmptyByteBufBE)
GET /json/version HTTP/1.1
User-Agent: selenium/4.8.1 (java windows)
host: localhost:59347
accept: */*

Response DefaultHttpResponse(decodeResult: success, version: HTTP/1.1)
HTTP/1.1 200 OK
Content-Security-Policy: frame-ancestors 'none'
Content-Length: 424
Content-Type: application/json; charset=UTF-8

12:43:25.415 [AsyncHttpClient-1-8] DEBUG org.asynchttpclient.netty.channel.ChannelManager - Adding key: http://localhost:59347 for channel [id: 0x1c9427a5, L:/127.0.0.1:59353 - R:localhost/127.0.0.1:59347]
12:43:25.418 [AsyncHttpClient-1-9] DEBUG org.asynchttpclient.netty.channel.NettyConnectListener - Using new Channel '[id: 0xe6357b49, L:/127.0.0.1:59354 - R:localhost/127.0.0.1:59347]' for 'GET' to '/devtools/browser/c00d1410-b6ad-4dc9-beee-c0aea162a1a4'
12:43:25.419 [AsyncHttpClient-1-9] DEBUG org.asynchttpclient.netty.handler.WebSocketHandler - 

Request DefaultFullHttpRequest(decodeResult: success, version: HTTP/1.1, content: EmptyByteBufBE)
GET /devtools/browser/c00d1410-b6ad-4dc9-beee-c0aea162a1a4 HTTP/1.1
upgrade: websocket
connection: upgrade
sec-websocket-key: H66dFWJOiG3aHaFwmQr7+Q==
sec-websocket-version: 13
origin: http://localhost:59347
host: localhost:59347
accept: */*
user-agent: AHC/2.1

Response DefaultHttpResponse(decodeResult: success, version: HTTP/1.1)
HTTP/1.1 101 WebSocket Protocol Handshake
Upgrade: WebSocket
Connection: Upgrade
Sec-WebSocket-Accept: 0JiPfnKgn9A7sFQLx86VYnQMd5w=

12:43:25.424 [Forwarding get on session 010a9821d7176ac3a3155edf5b4e38ad to remote] DEBUG org.asynchttpclient.netty.request.NettyRequestSender - Using pooled Channel '[id: 0xe4851db6, L:/127.0.0.1:59346 - R:localhost/127.0.0.1:40300]' for 'POST' to 'http://localhost:40300/session/010a9821d7176ac3a3155edf5b4e38ad/url'
12:43:25.424 [Forwarding get on session 010a9821d7176ac3a3155edf5b4e38ad to remote] DEBUG org.asynchttpclient.netty.request.NettyRequestSender - Using open Channel [id: 0xe4851db6, L:/127.0.0.1:59346 - R:localhost/127.0.0.1:40300] for POST '/session/010a9821d7176ac3a3155edf5b4e38ad/url'
12:43:25.849 [AsyncHttpClient-1-1] DEBUG org.asynchttpclient.netty.channel.DefaultChannelPool - Entry count for : http://localhost:59347 : 1
12:43:26.951 [AsyncHttpClient-1-1] DEBUG org.asynchttpclient.netty.channel.DefaultChannelPool - Entry count for : http://localhost:59347 : 1
12:43:28.048 [AsyncHttpClient-1-1] DEBUG org.asynchttpclient.netty.channel.DefaultChannelPool - Entry count for : http://localhost:59347 : 1
12:43:29.150 [AsyncHttpClient-1-1] DEBUG org.asynchttpclient.netty.channel.DefaultChannelPool - Entry count for : http://localhost:59347 : 1
12:43:29.405 [AsyncHttpClient-1-7] DEBUG org.asynchttpclient.netty.handler.HttpHandler - 

Request DefaultHttpRequest(decodeResult: success, version: HTTP/1.1)
POST /session/010a9821d7176ac3a3155edf5b4e38ad/url HTTP/1.1
User-Agent: selenium/4.8.1 (java windows)
Content-Length: 65
Content-Type: application/json; charset=utf-8
host: localhost:40300
accept: */*

Response DefaultHttpResponse(decodeResult: success, version: HTTP/1.1)
HTTP/1.1 200 OK
Content-Length: 14
Content-Type: application/json; charset=utf-8
cache-control: no-cache

12:43:29.405 [AsyncHttpClient-1-7] DEBUG org.asynchttpclient.netty.channel.ChannelManager - Adding key: http://localhost:40300 for channel [id: 0xe4851db6, L:/127.0.0.1:59346 - R:localhost/127.0.0.1:40300]
12:43:29.407 [Forwarding setTimeout on session 010a9821d7176ac3a3155edf5b4e38ad to remote] DEBUG org.asynchttpclient.netty.request.NettyRequestSender - Using pooled Channel '[id: 0xe4851db6, L:/127.0.0.1:59346 - R:localhost/127.0.0.1:40300]' for 'POST' to 'http://localhost:40300/session/010a9821d7176ac3a3155edf5b4e38ad/timeouts'
12:43:29.407 [Forwarding setTimeout on session 010a9821d7176ac3a3155edf5b4e38ad to remote] DEBUG org.asynchttpclient.netty.request.NettyRequestSender - Using open Channel [id: 0xe4851db6, L:/127.0.0.1:59346 - R:localhost/127.0.0.1:40300] for POST '/session/010a9821d7176ac3a3155edf5b4e38ad/timeouts'
12:43:29.408 [AsyncHttpClient-1-7] DEBUG org.asynchttpclient.netty.handler.HttpHandler - 

Request DefaultHttpRequest(decodeResult: success, version: HTTP/1.1)
POST /session/010a9821d7176ac3a3155edf5b4e38ad/timeouts HTTP/1.1
User-Agent: selenium/4.8.1 (java windows)
Content-Length: 22
Content-Type: application/json; charset=utf-8
host: localhost:40300
accept: */*

Response DefaultHttpResponse(decodeResult: success, version: HTTP/1.1)
HTTP/1.1 200 OK
Content-Length: 14
Content-Type: application/json; charset=utf-8
cache-control: no-cache

12:43:29.409 [AsyncHttpClient-1-7] DEBUG org.asynchttpclient.netty.channel.ChannelManager - Adding key: http://localhost:40300 for channel [id: 0xe4851db6, L:/127.0.0.1:59346 - R:localhost/127.0.0.1:40300]
12:43:29.418 [Forwarding getAlertText on session 010a9821d7176ac3a3155edf5b4e38ad to remote] DEBUG org.asynchttpclient.netty.request.NettyRequestSender - Using pooled Channel '[id: 0xe4851db6, L:/127.0.0.1:59346 - R:localhost/127.0.0.1:40300]' for 'GET' to 'http://localhost:40300/session/010a9821d7176ac3a3155edf5b4e38ad/alert/text'
12:43:29.418 [Forwarding getAlertText on session 010a9821d7176ac3a3155edf5b4e38ad to remote] DEBUG org.asynchttpclient.netty.request.NettyRequestSender - Using open Channel [id: 0xe4851db6, L:/127.0.0.1:59346 - R:localhost/127.0.0.1:40300] for GET '/session/010a9821d7176ac3a3155edf5b4e38ad/alert/text'
12:43:29.420 [AsyncHttpClient-1-7] DEBUG org.asynchttpclient.netty.handler.HttpHandler - 

Request DefaultFullHttpRequest(decodeResult: success, version: HTTP/1.1, content: EmptyByteBufBE)
GET /session/010a9821d7176ac3a3155edf5b4e38ad/alert/text HTTP/1.1
User-Agent: selenium/4.8.1 (java windows)
Cache-Control: no-cache
Content-Type: application/json; charset=utf-8
host: localhost:40300
accept: */*

Response DefaultHttpResponse(decodeResult: success, version: HTTP/1.1)
HTTP/1.1 404 Not Found
Content-Length: 821
Content-Type: application/json; charset=utf-8
cache-control: no-cache

12:43:29.420 [AsyncHttpClient-1-7] DEBUG org.asynchttpclient.netty.channel.ChannelManager - Adding key: http://localhost:40300 for channel [id: 0xe4851db6, L:/127.0.0.1:59346 - R:localhost/127.0.0.1:40300]
12:43:29.421 [Forwarding getCurrentUrl on session 010a9821d7176ac3a3155edf5b4e38ad to remote] DEBUG org.asynchttpclient.netty.request.NettyRequestSender - Using pooled Channel '[id: 0xe4851db6, L:/127.0.0.1:59346 - R:localhost/127.0.0.1:40300]' for 'GET' to 'http://localhost:40300/session/010a9821d7176ac3a3155edf5b4e38ad/url'
12:43:29.421 [Forwarding getCurrentUrl on session 010a9821d7176ac3a3155edf5b4e38ad to remote] DEBUG org.asynchttpclient.netty.request.NettyRequestSender - Using open Channel [id: 0xe4851db6, L:/127.0.0.1:59346 - R:localhost/127.0.0.1:40300] for GET '/session/010a9821d7176ac3a3155edf5b4e38ad/url'
12:43:29.431 [AsyncHttpClient-1-7] DEBUG org.asynchttpclient.netty.handler.HttpHandler - 

Request DefaultFullHttpRequest(decodeResult: success, version: HTTP/1.1, content: EmptyByteBufBE)
GET /session/010a9821d7176ac3a3155edf5b4e38ad/url HTTP/1.1
User-Agent: selenium/4.8.1 (java windows)
Cache-Control: no-cache
Content-Type: application/json; charset=utf-8
host: localhost:40300
accept: */*

Response DefaultHttpResponse(decodeResult: success, version: HTTP/1.1)
HTTP/1.1 200 OK
Content-Length: 47
Content-Type: application/json; charset=utf-8
cache-control: no-cache

12:43:29.431 [AsyncHttpClient-1-7] DEBUG org.asynchttpclient.netty.channel.ChannelManager - Adding key: http://localhost:40300 for channel [id: 0xe4851db6, L:/127.0.0.1:59346 - R:localhost/127.0.0.1:40300]
12:43:29.431 [Forwarding screenshot on session 010a9821d7176ac3a3155edf5b4e38ad to remote] DEBUG org.asynchttpclient.netty.request.NettyRequestSender - Using pooled Channel '[id: 0xe4851db6, L:/127.0.0.1:59346 - R:localhost/127.0.0.1:40300]' for 'GET' to 'http://localhost:40300/session/010a9821d7176ac3a3155edf5b4e38ad/screenshot'
12:43:29.432 [Forwarding screenshot on session 010a9821d7176ac3a3155edf5b4e38ad to remote] DEBUG org.asynchttpclient.netty.request.NettyRequestSender - Using open Channel [id: 0xe4851db6, L:/127.0.0.1:59346 - R:localhost/127.0.0.1:40300] for GET '/session/010a9821d7176ac3a3155edf5b4e38ad/screenshot'
12:43:29.669 [AsyncHttpClient-1-7] DEBUG org.asynchttpclient.netty.handler.HttpHandler - 

Request DefaultFullHttpRequest(decodeResult: success, version: HTTP/1.1, content: EmptyByteBufBE)
GET /session/010a9821d7176ac3a3155edf5b4e38ad/screenshot HTTP/1.1
User-Agent: selenium/4.8.1 (java windows)
Cache-Control: no-cache
Content-Type: application/json; charset=utf-8
host: localhost:40300
accept: */*

Response DefaultHttpResponse(decodeResult: success, version: HTTP/1.1)
HTTP/1.1 200 OK
Content-Length: 37328
Content-Type: application/json; charset=utf-8
cache-control: no-cache

12:43:29.669 [AsyncHttpClient-1-7] DEBUG org.asynchttpclient.netty.channel.ChannelManager - Adding key: http://localhost:40300 for channel [id: 0xe4851db6, L:/127.0.0.1:59346 - R:localhost/127.0.0.1:40300]
12:43:29.670 [main] DEBUG net.serenitybdd.core.photography.Darkroom - Send negative for processing for target\site\serenity\c76e4dabdbb0f053d1b08599db2190f03fd3012d39aa33738254fc86b5df1cb2.png
12:43:29.671 [Forwarding getPageSource on session 010a9821d7176ac3a3155edf5b4e38ad to remote] DEBUG org.asynchttpclient.netty.request.NettyRequestSender - Using pooled Channel '[id: 0xe4851db6, L:/127.0.0.1:59346 - R:localhost/127.0.0.1:40300]' for 'POST' to 'http://localhost:40300/session/010a9821d7176ac3a3155edf5b4e38ad/execute/sync'
12:43:29.671 [Forwarding getPageSource on session 010a9821d7176ac3a3155edf5b4e38ad to remote] DEBUG org.asynchttpclient.netty.request.NettyRequestSender - Using open Channel [id: 0xe4851db6, L:/127.0.0.1:59346 - R:localhost/127.0.0.1:40300] for POST '/session/010a9821d7176ac3a3155edf5b4e38ad/execute/sync'
12:43:29.697 [AsyncHttpClient-1-7] DEBUG org.asynchttpclient.netty.handler.HttpHandler - 

Request DefaultHttpRequest(decodeResult: success, version: HTTP/1.1)
POST /session/010a9821d7176ac3a3155edf5b4e38ad/execute/sync HTTP/1.1
User-Agent: selenium/4.8.1 (java windows)
Content-Length: 176
Content-Type: application/json; charset=utf-8
host: localhost:40300
accept: */*

Response DefaultHttpResponse(decodeResult: success, version: HTTP/1.1)
HTTP/1.1 200 OK
Content-Length: 159202
Content-Type: application/json; charset=utf-8
cache-control: no-cache

12:43:29.698 [AsyncHttpClient-1-7] DEBUG org.asynchttpclient.netty.channel.ChannelManager - Adding key: http://localhost:40300 for channel [id: 0xe4851db6, L:/127.0.0.1:59346 - R:localhost/127.0.0.1:40300]
12:43:29.704 [Forwarding getCurrentUrl on session 010a9821d7176ac3a3155edf5b4e38ad to remote] DEBUG org.asynchttpclient.netty.request.NettyRequestSender - Using pooled Channel '[id: 0xe4851db6, L:/127.0.0.1:59346 - R:localhost/127.0.0.1:40300]' for 'GET' to 'http://localhost:40300/session/010a9821d7176ac3a3155edf5b4e38ad/url'
12:43:29.704 [Forwarding getCurrentUrl on session 010a9821d7176ac3a3155edf5b4e38ad to remote] DEBUG org.asynchttpclient.netty.request.NettyRequestSender - Using open Channel [id: 0xe4851db6, L:/127.0.0.1:59346 - R:localhost/127.0.0.1:40300] for GET '/session/010a9821d7176ac3a3155edf5b4e38ad/url'
12:43:29.712 [AsyncHttpClient-1-7] DEBUG org.asynchttpclient.netty.handler.HttpHandler - 

Request DefaultFullHttpRequest(decodeResult: success, version: HTTP/1.1, content: EmptyByteBufBE)
GET /session/010a9821d7176ac3a3155edf5b4e38ad/url HTTP/1.1
User-Agent: selenium/4.8.1 (java windows)
Cache-Control: no-cache
Content-Type: application/json; charset=utf-8
host: localhost:40300
accept: */*

Response DefaultHttpResponse(decodeResult: success, version: HTTP/1.1)
HTTP/1.1 200 OK
Content-Length: 47
Content-Type: application/json; charset=utf-8
cache-control: no-cache

12:43:29.712 [AsyncHttpClient-1-7] DEBUG org.asynchttpclient.netty.channel.ChannelManager - Adding key: http://localhost:40300 for channel [id: 0xe4851db6, L:/127.0.0.1:59346 - R:localhost/127.0.0.1:40300]
12:43:29.714 [main] DEBUG net.thucydides.core.steps.StepInterceptor - STARTING STEP: LoginSteps.onLoginPage - validateOnLoginPage
12:43:29.716 [Forwarding findElement on session 010a9821d7176ac3a3155edf5b4e38ad to remote] DEBUG org.asynchttpclient.netty.request.NettyRequestSender - Using pooled Channel '[id: 0xe4851db6, L:/127.0.0.1:59346 - R:localhost/127.0.0.1:40300]' for 'POST' to 'http://localhost:40300/session/010a9821d7176ac3a3155edf5b4e38ad/element'
12:43:29.716 [Forwarding findElement on session 010a9821d7176ac3a3155edf5b4e38ad to remote] DEBUG org.asynchttpclient.netty.request.NettyRequestSender - Using open Channel [id: 0xe4851db6, L:/127.0.0.1:59346 - R:localhost/127.0.0.1:40300] for POST '/session/010a9821d7176ac3a3155edf5b4e38ad/element'
12:43:29.734 [AsyncHttpClient-1-7] DEBUG org.asynchttpclient.netty.handler.HttpHandler - 

Request DefaultHttpRequest(decodeResult: success, version: HTTP/1.1)
POST /session/010a9821d7176ac3a3155edf5b4e38ad/element HTTP/1.1
User-Agent: selenium/4.8.1 (java windows)
Content-Length: 155
Content-Type: application/json; charset=utf-8
host: localhost:40300
accept: */*

Response DefaultHttpResponse(decodeResult: success, version: HTTP/1.1)
HTTP/1.1 200 OK
Content-Length: 94
Content-Type: application/json; charset=utf-8
cache-control: no-cache

12:43:29.734 [AsyncHttpClient-1-7] DEBUG org.asynchttpclient.netty.channel.ChannelManager - Adding key: http://localhost:40300 for channel [id: 0xe4851db6, L:/127.0.0.1:59346 - R:localhost/127.0.0.1:40300]
12:43:29.739 [Forwarding isElementDisplayed on session 010a9821d7176ac3a3155edf5b4e38ad to remote] DEBUG org.asynchttpclient.netty.request.NettyRequestSender - Using pooled Channel '[id: 0xe4851db6, L:/127.0.0.1:59346 - R:localhost/127.0.0.1:40300]' for 'POST' to 'http://localhost:40300/session/010a9821d7176ac3a3155edf5b4e38ad/execute/sync'
12:43:29.740 [Forwarding isElementDisplayed on session 010a9821d7176ac3a3155edf5b4e38ad to remote] DEBUG org.asynchttpclient.netty.request.NettyRequestSender - Using open Channel [id: 0xe4851db6, L:/127.0.0.1:59346 - R:localhost/127.0.0.1:40300] for POST '/session/010a9821d7176ac3a3155edf5b4e38ad/execute/sync'
12:43:29.758 [AsyncHttpClient-1-7] DEBUG org.asynchttpclient.netty.handler.HttpHandler - 

Request DefaultHttpRequest(decodeResult: success, version: HTTP/1.1)
POST /session/010a9821d7176ac3a3155edf5b4e38ad/execute/sync HTTP/1.1
User-Agent: selenium/4.8.1 (java windows)
Content-Length: 48813
Content-Type: application/json; charset=utf-8
host: localhost:40300
accept: */*

Response DefaultHttpResponse(decodeResult: success, version: HTTP/1.1)
HTTP/1.1 200 OK
Content-Length: 14
Content-Type: application/json; charset=utf-8
cache-control: no-cache

12:43:29.758 [AsyncHttpClient-1-7] DEBUG org.asynchttpclient.netty.channel.ChannelManager - Adding key: http://localhost:40300 for channel [id: 0xe4851db6, L:/127.0.0.1:59346 - R:localhost/127.0.0.1:40300]
12:43:29.761 [Forwarding getAlertText on session 010a9821d7176ac3a3155edf5b4e38ad to remote] DEBUG org.asynchttpclient.netty.request.NettyRequestSender - Using pooled Channel '[id: 0xe4851db6, L:/127.0.0.1:59346 - R:localhost/127.0.0.1:40300]' for 'GET' to 'http://localhost:40300/session/010a9821d7176ac3a3155edf5b4e38ad/alert/text'
12:43:29.761 [Forwarding getAlertText on session 010a9821d7176ac3a3155edf5b4e38ad to remote] DEBUG org.asynchttpclient.netty.request.NettyRequestSender - Using open Channel [id: 0xe4851db6, L:/127.0.0.1:59346 - R:localhost/127.0.0.1:40300] for GET '/session/010a9821d7176ac3a3155edf5b4e38ad/alert/text'
12:43:29.764 [AsyncHttpClient-1-7] DEBUG org.asynchttpclient.netty.handler.HttpHandler - 

Request DefaultFullHttpRequest(decodeResult: success, version: HTTP/1.1, content: EmptyByteBufBE)
GET /session/010a9821d7176ac3a3155edf5b4e38ad/alert/text HTTP/1.1
User-Agent: selenium/4.8.1 (java windows)
Cache-Control: no-cache
Content-Type: application/json; charset=utf-8
host: localhost:40300
accept: */*

Response DefaultHttpResponse(decodeResult: success, version: HTTP/1.1)
HTTP/1.1 404 Not Found
Content-Length: 821
Content-Type: application/json; charset=utf-8
cache-control: no-cache

12:43:29.764 [AsyncHttpClient-1-7] DEBUG org.asynchttpclient.netty.channel.ChannelManager - Adding key: http://localhost:40300 for channel [id: 0xe4851db6, L:/127.0.0.1:59346 - R:localhost/127.0.0.1:40300]
12:43:29.765 [Forwarding getCurrentUrl on session 010a9821d7176ac3a3155edf5b4e38ad to remote] DEBUG org.asynchttpclient.netty.request.NettyRequestSender - Using pooled Channel '[id: 0xe4851db6, L:/127.0.0.1:59346 - R:localhost/127.0.0.1:40300]' for 'GET' to 'http://localhost:40300/session/010a9821d7176ac3a3155edf5b4e38ad/url'
12:43:29.765 [Forwarding getCurrentUrl on session 010a9821d7176ac3a3155edf5b4e38ad to remote] DEBUG org.asynchttpclient.netty.request.NettyRequestSender - Using open Channel [id: 0xe4851db6, L:/127.0.0.1:59346 - R:localhost/127.0.0.1:40300] for GET '/session/010a9821d7176ac3a3155edf5b4e38ad/url'
12:43:29.775 [AsyncHttpClient-1-7] DEBUG org.asynchttpclient.netty.handler.HttpHandler - 

Request DefaultFullHttpRequest(decodeResult: success, version: HTTP/1.1, content: EmptyByteBufBE)
GET /session/010a9821d7176ac3a3155edf5b4e38ad/url HTTP/1.1
User-Agent: selenium/4.8.1 (java windows)
Cache-Control: no-cache
Content-Type: application/json; charset=utf-8
host: localhost:40300
accept: */*

Response DefaultHttpResponse(decodeResult: success, version: HTTP/1.1)
HTTP/1.1 200 OK
Content-Length: 47
Content-Type: application/json; charset=utf-8
cache-control: no-cache

12:43:29.775 [AsyncHttpClient-1-7] DEBUG org.asynchttpclient.netty.channel.ChannelManager - Adding key: http://localhost:40300 for channel [id: 0xe4851db6, L:/127.0.0.1:59346 - R:localhost/127.0.0.1:40300]
12:43:29.776 [Forwarding screenshot on session 010a9821d7176ac3a3155edf5b4e38ad to remote] DEBUG org.asynchttpclient.netty.request.NettyRequestSender - Using pooled Channel '[id: 0xe4851db6, L:/127.0.0.1:59346 - R:localhost/127.0.0.1:40300]' for 'GET' to 'http://localhost:40300/session/010a9821d7176ac3a3155edf5b4e38ad/screenshot'
12:43:29.776 [Forwarding screenshot on session 010a9821d7176ac3a3155edf5b4e38ad to remote] DEBUG org.asynchttpclient.netty.request.NettyRequestSender - Using open Channel [id: 0xe4851db6, L:/127.0.0.1:59346 - R:localhost/127.0.0.1:40300] for GET '/session/010a9821d7176ac3a3155edf5b4e38ad/screenshot'
12:43:29.879 [AsyncHttpClient-1-7] DEBUG org.asynchttpclient.netty.handler.HttpHandler - 

Request DefaultFullHttpRequest(decodeResult: success, version: HTTP/1.1, content: EmptyByteBufBE)
GET /session/010a9821d7176ac3a3155edf5b4e38ad/screenshot HTTP/1.1
User-Agent: selenium/4.8.1 (java windows)
Cache-Control: no-cache
Content-Type: application/json; charset=utf-8
host: localhost:40300
accept: */*

Response DefaultHttpResponse(decodeResult: success, version: HTTP/1.1)
HTTP/1.1 200 OK
Content-Length: 37328
Content-Type: application/json; charset=utf-8
cache-control: no-cache

12:43:29.879 [AsyncHttpClient-1-7] DEBUG org.asynchttpclient.netty.channel.ChannelManager - Adding key: http://localhost:40300 for channel [id: 0xe4851db6, L:/127.0.0.1:59346 - R:localhost/127.0.0.1:40300]
12:43:29.881 [main] DEBUG net.serenitybdd.core.photography.Darkroom - Send negative for processing for target\site\serenity\c76e4dabdbb0f053d1b08599db2190f03fd3012d39aa33738254fc86b5df1cb2.png
12:43:29.881 [main] DEBUG net.thucydides.core.steps.StepInterceptor - STEP DONE: validateOnLoginPage
  &amp#27;[32mGiven &amp#27;[0m&amp#27;[32mI am on the login page&amp#27;[0m                                  &amp#27;[90m# starter.stepdefinitions.LoginSteps.onLoginPage()&amp#27;[0m
12:43:29.886 [Forwarding getPageSource on session 010a9821d7176ac3a3155edf5b4e38ad to remote] DEBUG org.asynchttpclient.netty.request.NettyRequestSender - Using pooled Channel '[id: 0xe4851db6, L:/127.0.0.1:59346 - R:localhost/127.0.0.1:40300]' for 'POST' to 'http://localhost:40300/session/010a9821d7176ac3a3155edf5b4e38ad/execute/sync'
12:43:29.886 [Forwarding getPageSource on session 010a9821d7176ac3a3155edf5b4e38ad to remote] DEBUG org.asynchttpclient.netty.request.NettyRequestSender - Using open Channel [id: 0xe4851db6, L:/127.0.0.1:59346 - R:localhost/127.0.0.1:40300] for POST '/session/010a9821d7176ac3a3155edf5b4e38ad/execute/sync'
12:43:29.907 [AsyncHttpClient-1-7] DEBUG org.asynchttpclient.netty.handler.HttpHandler - 

Request DefaultHttpRequest(decodeResult: success, version: HTTP/1.1)
POST /session/010a9821d7176ac3a3155edf5b4e38ad/execute/sync HTTP/1.1
User-Agent: selenium/4.8.1 (java windows)
Content-Length: 176
Content-Type: application/json; charset=utf-8
host: localhost:40300
accept: */*

Response DefaultHttpResponse(decodeResult: success, version: HTTP/1.1)
HTTP/1.1 200 OK
Content-Length: 159202
Content-Type: application/json; charset=utf-8
cache-control: no-cache

12:43:29.907 [AsyncHttpClient-1-7] DEBUG org.asynchttpclient.netty.channel.ChannelManager - Adding key: http://localhost:40300 for channel [id: 0xe4851db6, L:/127.0.0.1:59346 - R:localhost/127.0.0.1:40300]
12:43:29.914 [Forwarding getCurrentUrl on session 010a9821d7176ac3a3155edf5b4e38ad to remote] DEBUG org.asynchttpclient.netty.request.NettyRequestSender - Using pooled Channel '[id: 0xe4851db6, L:/127.0.0.1:59346 - R:localhost/127.0.0.1:40300]' for 'GET' to 'http://localhost:40300/session/010a9821d7176ac3a3155edf5b4e38ad/url'
12:43:29.914 [Forwarding getCurrentUrl on session 010a9821d7176ac3a3155edf5b4e38ad to remote] DEBUG org.asynchttpclient.netty.request.NettyRequestSender - Using open Channel [id: 0xe4851db6, L:/127.0.0.1:59346 - R:localhost/127.0.0.1:40300] for GET '/session/010a9821d7176ac3a3155edf5b4e38ad/url'
12:43:29.923 [AsyncHttpClient-1-7] DEBUG org.asynchttpclient.netty.handler.HttpHandler - 

Request DefaultFullHttpRequest(decodeResult: success, version: HTTP/1.1, content: EmptyByteBufBE)
GET /session/010a9821d7176ac3a3155edf5b4e38ad/url HTTP/1.1
User-Agent: selenium/4.8.1 (java windows)
Cache-Control: no-cache
Content-Type: application/json; charset=utf-8
host: localhost:40300
accept: */*

Response DefaultHttpResponse(decodeResult: success, version: HTTP/1.1)
HTTP/1.1 200 OK
Content-Length: 47
Content-Type: application/json; charset=utf-8
cache-control: no-cache

12:43:29.923 [AsyncHttpClient-1-7] DEBUG org.asynchttpclient.netty.channel.ChannelManager - Adding key: http://localhost:40300 for channel [id: 0xe4851db6, L:/127.0.0.1:59346 - R:localhost/127.0.0.1:40300]
12:43:29.930 [Forwarding getPageSource on session 010a9821d7176ac3a3155edf5b4e38ad to remote] DEBUG org.asynchttpclient.netty.request.NettyRequestSender - Using pooled Channel '[id: 0xe4851db6, L:/127.0.0.1:59346 - R:localhost/127.0.0.1:40300]' for 'POST' to 'http://localhost:40300/session/010a9821d7176ac3a3155edf5b4e38ad/execute/sync'
12:43:29.930 [Forwarding getPageSource on session 010a9821d7176ac3a3155edf5b4e38ad to remote] DEBUG org.asynchttpclient.netty.request.NettyRequestSender - Using open Channel [id: 0xe4851db6, L:/127.0.0.1:59346 - R:localhost/127.0.0.1:40300] for POST '/session/010a9821d7176ac3a3155edf5b4e38ad/execute/sync'
12:43:29.951 [AsyncHttpClient-1-7] DEBUG org.asynchttpclient.netty.handler.HttpHandler - 

Request DefaultHttpRequest(decodeResult: success, version: HTTP/1.1)
POST /session/010a9821d7176ac3a3155edf5b4e38ad/execute/sync HTTP/1.1
User-Agent: selenium/4.8.1 (java windows)
Content-Length: 176
Content-Type: application/json; charset=utf-8
host: localhost:40300
accept: */*

Response DefaultHttpResponse(decodeResult: success, version: HTTP/1.1)
HTTP/1.1 200 OK
Content-Length: 159202
Content-Type: application/json; charset=utf-8
cache-control: no-cache

12:43:29.952 [AsyncHttpClient-1-7] DEBUG org.asynchttpclient.netty.channel.ChannelManager - Adding key: http://localhost:40300 for channel [id: 0xe4851db6, L:/127.0.0.1:59346 - R:localhost/127.0.0.1:40300]
12:43:29.958 [Forwarding getCurrentUrl on session 010a9821d7176ac3a3155edf5b4e38ad to remote] DEBUG org.asynchttpclient.netty.request.NettyRequestSender - Using pooled Channel '[id: 0xe4851db6, L:/127.0.0.1:59346 - R:localhost/127.0.0.1:40300]' for 'GET' to 'http://localhost:40300/session/010a9821d7176ac3a3155edf5b4e38ad/url'
12:43:29.958 [Forwarding getCurrentUrl on session 010a9821d7176ac3a3155edf5b4e38ad to remote] DEBUG org.asynchttpclient.netty.request.NettyRequestSender - Using open Channel [id: 0xe4851db6, L:/127.0.0.1:59346 - R:localhost/127.0.0.1:40300] for GET '/session/010a9821d7176ac3a3155edf5b4e38ad/url'
12:43:29.967 [AsyncHttpClient-1-7] DEBUG org.asynchttpclient.netty.handler.HttpHandler - 

Request DefaultFullHttpRequest(decodeResult: success, version: HTTP/1.1, content: EmptyByteBufBE)
GET /session/010a9821d7176ac3a3155edf5b4e38ad/url HTTP/1.1
User-Agent: selenium/4.8.1 (java windows)
Cache-Control: no-cache
Content-Type: application/json; charset=utf-8
host: localhost:40300
accept: */*

Response DefaultHttpResponse(decodeResult: success, version: HTTP/1.1)
HTTP/1.1 200 OK
Content-Length: 47
Content-Type: application/json; charset=utf-8
cache-control: no-cache

12:43:29.967 [AsyncHttpClient-1-7] DEBUG org.asynchttpclient.netty.channel.ChannelManager - Adding key: http://localhost:40300 for channel [id: 0xe4851db6, L:/127.0.0.1:59346 - R:localhost/127.0.0.1:40300]
12:43:29.969 [main] DEBUG net.thucydides.core.steps.StepInterceptor - STARTING STEP: LoginSteps.enterUsernamelOnSigIn - inputUsername
12:43:29.970 [Forwarding findElement on session 010a9821d7176ac3a3155edf5b4e38ad to remote] DEBUG org.asynchttpclient.netty.request.NettyRequestSender - Using pooled Channel '[id: 0xe4851db6, L:/127.0.0.1:59346 - R:localhost/127.0.0.1:40300]' for 'POST' to 'http://localhost:40300/session/010a9821d7176ac3a3155edf5b4e38ad/element'
12:43:29.970 [Forwarding findElement on session 010a9821d7176ac3a3155edf5b4e38ad to remote] DEBUG org.asynchttpclient.netty.request.NettyRequestSender - Using open Channel [id: 0xe4851db6, L:/127.0.0.1:59346 - R:localhost/127.0.0.1:40300] for POST '/session/010a9821d7176ac3a3155edf5b4e38ad/element'
12:43:29.988 [AsyncHttpClient-1-7] DEBUG org.asynchttpclient.netty.handler.HttpHandler - 

Request DefaultHttpRequest(decodeResult: success, version: HTTP/1.1)
POST /session/010a9821d7176ac3a3155edf5b4e38ad/element HTTP/1.1
User-Agent: selenium/4.8.1 (java windows)
Content-Length: 88
Content-Type: application/json; charset=utf-8
host: localhost:40300
accept: */*

Response DefaultHttpResponse(decodeResult: success, version: HTTP/1.1)
HTTP/1.1 200 OK
Content-Length: 94
Content-Type: application/json; charset=utf-8
cache-control: no-cache

12:43:29.988 [AsyncHttpClient-1-7] DEBUG org.asynchttpclient.netty.channel.ChannelManager - Adding key: http://localhost:40300 for channel [id: 0xe4851db6, L:/127.0.0.1:59346 - R:localhost/127.0.0.1:40300]
12:43:29.990 [Forwarding clearElement on session 010a9821d7176ac3a3155edf5b4e38ad to remote] DEBUG org.asynchttpclient.netty.request.NettyRequestSender - Using pooled Channel '[id: 0xe4851db6, L:/127.0.0.1:59346 - R:localhost/127.0.0.1:40300]' for 'POST' to 'http://localhost:40300/session/010a9821d7176ac3a3155edf5b4e38ad/element/12807BC547FCB69EBA4B515CC112DFF0_element_9/clear'
12:43:29.990 [Forwarding clearElement on session 010a9821d7176ac3a3155edf5b4e38ad to remote] DEBUG org.asynchttpclient.netty.request.NettyRequestSender - Using open Channel [id: 0xe4851db6, L:/127.0.0.1:59346 - R:localhost/127.0.0.1:40300] for POST '/session/010a9821d7176ac3a3155edf5b4e38ad/element/12807BC547FCB69EBA4B515CC112DFF0_element_9/clear'
12:43:30.039 [AsyncHttpClient-1-7] DEBUG org.asynchttpclient.netty.handler.HttpHandler - 

Request DefaultHttpRequest(decodeResult: success, version: HTTP/1.1)
POST /session/010a9821d7176ac3a3155edf5b4e38ad/element/12807BC547FCB69EBA4B515CC112DFF0_element_9/clear HTTP/1.1
User-Agent: selenium/4.8.1 (java windows)
Content-Length: 56
Content-Type: application/json; charset=utf-8
host: localhost:40300
accept: */*

Response DefaultHttpResponse(decodeResult: success, version: HTTP/1.1)
HTTP/1.1 200 OK
Content-Length: 14
Content-Type: application/json; charset=utf-8
cache-control: no-cache

12:43:30.039 [AsyncHttpClient-1-7] DEBUG org.asynchttpclient.netty.channel.ChannelManager - Adding key: http://localhost:40300 for channel [id: 0xe4851db6, L:/127.0.0.1:59346 - R:localhost/127.0.0.1:40300]
12:43:30.040 [Forwarding sendKeysToElement on session 010a9821d7176ac3a3155edf5b4e38ad to remote] DEBUG org.asynchttpclient.netty.request.NettyRequestSender - Using pooled Channel '[id: 0xe4851db6, L:/127.0.0.1:59346 - R:localhost/127.0.0.1:40300]' for 'POST' to 'http://localhost:40300/session/010a9821d7176ac3a3155edf5b4e38ad/element/12807BC547FCB69EBA4B515CC112DFF0_element_9/value'
12:43:30.040 [Forwarding sendKeysToElement on session 010a9821d7176ac3a3155edf5b4e38ad to remote] DEBUG org.asynchttpclient.netty.request.NettyRequestSender - Using open Channel [id: 0xe4851db6, L:/127.0.0.1:59346 - R:localhost/127.0.0.1:40300] for POST '/session/010a9821d7176ac3a3155edf5b4e38ad/element/12807BC547FCB69EBA4B515CC112DFF0_element_9/value'
12:43:30.151 [AsyncHttpClient-1-7] DEBUG org.asynchttpclient.netty.handler.HttpHandler - 

Request DefaultHttpRequest(decodeResult: success, version: HTTP/1.1)
POST /session/010a9821d7176ac3a3155edf5b4e38ad/element/12807BC547FCB69EBA4B515CC112DFF0_element_9/value HTTP/1.1
User-Agent: selenium/4.8.1 (java windows)
Content-Length: 137
Content-Type: application/json; charset=utf-8
host: localhost:40300
accept: */*

Response DefaultHttpResponse(decodeResult: success, version: HTTP/1.1)
HTTP/1.1 200 OK
Content-Length: 14
Content-Type: application/json; charset=utf-8
cache-control: no-cache

12:43:30.151 [AsyncHttpClient-1-7] DEBUG org.asynchttpclient.netty.channel.ChannelManager - Adding key: http://localhost:40300 for channel [id: 0xe4851db6, L:/127.0.0.1:59346 - R:localhost/127.0.0.1:40300]
12:43:30.156 [Forwarding getAlertText on session 010a9821d7176ac3a3155edf5b4e38ad to remote] DEBUG org.asynchttpclient.netty.request.NettyRequestSender - Using pooled Channel '[id: 0xe4851db6, L:/127.0.0.1:59346 - R:localhost/127.0.0.1:40300]' for 'GET' to 'http://localhost:40300/session/010a9821d7176ac3a3155edf5b4e38ad/alert/text'
12:43:30.156 [Forwarding getAlertText on session 010a9821d7176ac3a3155edf5b4e38ad to remote] DEBUG org.asynchttpclient.netty.request.NettyRequestSender - Using open Channel [id: 0xe4851db6, L:/127.0.0.1:59346 - R:localhost/127.0.0.1:40300] for GET '/session/010a9821d7176ac3a3155edf5b4e38ad/alert/text'
12:43:30.158 [AsyncHttpClient-1-7] DEBUG org.asynchttpclient.netty.handler.HttpHandler - 

Request DefaultFullHttpRequest(decodeResult: success, version: HTTP/1.1, content: EmptyByteBufBE)
GET /session/010a9821d7176ac3a3155edf5b4e38ad/alert/text HTTP/1.1
User-Agent: selenium/4.8.1 (java windows)
Cache-Control: no-cache
Content-Type: application/json; charset=utf-8
host: localhost:40300
accept: */*

Response DefaultHttpResponse(decodeResult: success, version: HTTP/1.1)
HTTP/1.1 404 Not Found
Content-Length: 821
Content-Type: application/json; charset=utf-8
cache-control: no-cache

12:43:30.158 [AsyncHttpClient-1-7] DEBUG org.asynchttpclient.netty.channel.ChannelManager - Adding key: http://localhost:40300 for channel [id: 0xe4851db6, L:/127.0.0.1:59346 - R:localhost/127.0.0.1:40300]
12:43:30.159 [Forwarding getCurrentUrl on session 010a9821d7176ac3a3155edf5b4e38ad to remote] DEBUG org.asynchttpclient.netty.request.NettyRequestSender - Using pooled Channel '[id: 0xe4851db6, L:/127.0.0.1:59346 - R:localhost/127.0.0.1:40300]' for 'GET' to 'http://localhost:40300/session/010a9821d7176ac3a3155edf5b4e38ad/url'
12:43:30.159 [Forwarding getCurrentUrl on session 010a9821d7176ac3a3155edf5b4e38ad to remote] DEBUG org.asynchttpclient.netty.request.NettyRequestSender - Using open Channel [id: 0xe4851db6, L:/127.0.0.1:59346 - R:localhost/127.0.0.1:40300] for GET '/session/010a9821d7176ac3a3155edf5b4e38ad/url'
12:43:30.169 [AsyncHttpClient-1-7] DEBUG org.asynchttpclient.netty.handler.HttpHandler - 

Request DefaultFullHttpRequest(decodeResult: success, version: HTTP/1.1, content: EmptyByteBufBE)
GET /session/010a9821d7176ac3a3155edf5b4e38ad/url HTTP/1.1
User-Agent: selenium/4.8.1 (java windows)
Cache-Control: no-cache
Content-Type: application/json; charset=utf-8
host: localhost:40300
accept: */*

Response DefaultHttpResponse(decodeResult: success, version: HTTP/1.1)
HTTP/1.1 200 OK
Content-Length: 47
Content-Type: application/json; charset=utf-8
cache-control: no-cache

12:43:30.169 [AsyncHttpClient-1-7] DEBUG org.asynchttpclient.netty.channel.ChannelManager - Adding key: http://localhost:40300 for channel [id: 0xe4851db6, L:/127.0.0.1:59346 - R:localhost/127.0.0.1:40300]
12:43:30.169 [Forwarding screenshot on session 010a9821d7176ac3a3155edf5b4e38ad to remote] DEBUG org.asynchttpclient.netty.request.NettyRequestSender - Using pooled Channel '[id: 0xe4851db6, L:/127.0.0.1:59346 - R:localhost/127.0.0.1:40300]' for 'GET' to 'http://localhost:40300/session/010a9821d7176ac3a3155edf5b4e38ad/screenshot'
12:43:30.169 [Forwarding screenshot on session 010a9821d7176ac3a3155edf5b4e38ad to remote] DEBUG org.asynchttpclient.netty.request.NettyRequestSender - Using open Channel [id: 0xe4851db6, L:/127.0.0.1:59346 - R:localhost/127.0.0.1:40300] for GET '/session/010a9821d7176ac3a3155edf5b4e38ad/screenshot'
12:43:30.251 [AsyncHttpClient-1-1] DEBUG org.asynchttpclient.netty.channel.DefaultChannelPool - Entry count for : http://localhost:59347 : 1
12:43:30.286 [AsyncHttpClient-1-7] DEBUG org.asynchttpclient.netty.handler.HttpHandler - 

Request DefaultFullHttpRequest(decodeResult: success, version: HTTP/1.1, content: EmptyByteBufBE)
GET /session/010a9821d7176ac3a3155edf5b4e38ad/screenshot HTTP/1.1
User-Agent: selenium/4.8.1 (java windows)
Cache-Control: no-cache
Content-Type: application/json; charset=utf-8
host: localhost:40300
accept: */*

Response DefaultHttpResponse(decodeResult: success, version: HTTP/1.1)
HTTP/1.1 200 OK
Content-Length: 37368
Content-Type: application/json; charset=utf-8
cache-control: no-cache

12:43:30.286 [AsyncHttpClient-1-7] DEBUG org.asynchttpclient.netty.channel.ChannelManager - Adding key: http://localhost:40300 for channel [id: 0xe4851db6, L:/127.0.0.1:59346 - R:localhost/127.0.0.1:40300]
12:43:30.287 [main] DEBUG net.serenitybdd.core.photography.Darkroom - Send negative for processing for target\site\serenity\c305750c54157388d4052c2ac4b3d32c1842a9b10bedd84965f350685f7b8872.png
12:43:30.287 [main] DEBUG net.thucydides.core.steps.StepInterceptor - STEP DONE: inputUsername
  &amp#27;[32mWhen &amp#27;[0m&amp#27;[32mI enter Username &amp#27;[0m&amp#27;[32m&amp#27;[1m"admin"&amp#27;[0m                                 &amp#27;[90m# starter.stepdefinitions.LoginSteps.enterUsernamelOnSigIn(java.lang.String)&amp#27;[0m
12:43:30.288 [Darkroom Processing Line] DEBUG net.serenitybdd.core.photography.DarkroomProcessingLine - Processing screenshot image in /var/screenshots/screenshot-15260168379188873058
12:43:30.288 [Darkroom Processing Line] DEBUG net.serenitybdd.core.photography.DarkroomProcessingLine - Saving screenshot to target\site\serenity\c305750c54157388d4052c2ac4b3d32c1842a9b10bedd84965f350685f7b8872.png
12:43:30.294 [Forwarding getPageSource on session 010a9821d7176ac3a3155edf5b4e38ad to remote] DEBUG org.asynchttpclient.netty.request.NettyRequestSender - Using pooled Channel '[id: 0xe4851db6, L:/127.0.0.1:59346 - R:localhost/127.0.0.1:40300]' for 'POST' to 'http://localhost:40300/session/010a9821d7176ac3a3155edf5b4e38ad/execute/sync'
12:43:30.294 [Forwarding getPageSource on session 010a9821d7176ac3a3155edf5b4e38ad to remote] DEBUG org.asynchttpclient.netty.request.NettyRequestSender - Using open Channel [id: 0xe4851db6, L:/127.0.0.1:59346 - R:localhost/127.0.0.1:40300] for POST '/session/010a9821d7176ac3a3155edf5b4e38ad/execute/sync'
12:43:30.316 [AsyncHttpClient-1-7] DEBUG org.asynchttpclient.netty.handler.HttpHandler - 

Request DefaultHttpRequest(decodeResult: success, version: HTTP/1.1)
POST /session/010a9821d7176ac3a3155edf5b4e38ad/execute/sync HTTP/1.1
User-Agent: selenium/4.8.1 (java windows)
Content-Length: 176
Content-Type: application/json; charset=utf-8
host: localhost:40300
accept: */*

Response DefaultHttpResponse(decodeResult: success, version: HTTP/1.1)
HTTP/1.1 200 OK
Content-Length: 159304
Content-Type: application/json; charset=utf-8
cache-control: no-cache

12:43:30.316 [AsyncHttpClient-1-7] DEBUG org.asynchttpclient.netty.channel.ChannelManager - Adding key: http://localhost:40300 for channel [id: 0xe4851db6, L:/127.0.0.1:59346 - R:localhost/127.0.0.1:40300]
12:43:30.327 [Forwarding getCurrentUrl on session 010a9821d7176ac3a3155edf5b4e38ad to remote] DEBUG org.asynchttpclient.netty.request.NettyRequestSender - Using pooled Channel '[id: 0xe4851db6, L:/127.0.0.1:59346 - R:localhost/127.0.0.1:40300]' for 'GET' to 'http://localhost:40300/session/010a9821d7176ac3a3155edf5b4e38ad/url'
12:43:30.327 [Forwarding getCurrentUrl on session 010a9821d7176ac3a3155edf5b4e38ad to remote] DEBUG org.asynchttpclient.netty.request.NettyRequestSender - Using open Channel [id: 0xe4851db6, L:/127.0.0.1:59346 - R:localhost/127.0.0.1:40300] for GET '/session/010a9821d7176ac3a3155edf5b4e38ad/url'
12:43:30.336 [AsyncHttpClient-1-7] DEBUG org.asynchttpclient.netty.handler.HttpHandler - 

Request DefaultFullHttpRequest(decodeResult: success, version: HTTP/1.1, content: EmptyByteBufBE)
GET /session/010a9821d7176ac3a3155edf5b4e38ad/url HTTP/1.1
User-Agent: selenium/4.8.1 (java windows)
Cache-Control: no-cache
Content-Type: application/json; charset=utf-8
host: localhost:40300
accept: */*

Response DefaultHttpResponse(decodeResult: success, version: HTTP/1.1)
HTTP/1.1 200 OK
Content-Length: 47
Content-Type: application/json; charset=utf-8
cache-control: no-cache

12:43:30.337 [AsyncHttpClient-1-7] DEBUG org.asynchttpclient.netty.channel.ChannelManager - Adding key: http://localhost:40300 for channel [id: 0xe4851db6, L:/127.0.0.1:59346 - R:localhost/127.0.0.1:40300]
12:43:30.342 [Forwarding getAlertText on session 010a9821d7176ac3a3155edf5b4e38ad to remote] DEBUG org.asynchttpclient.netty.request.NettyRequestSender - Using pooled Channel '[id: 0xe4851db6, L:/127.0.0.1:59346 - R:localhost/127.0.0.1:40300]' for 'GET' to 'http://localhost:40300/session/010a9821d7176ac3a3155edf5b4e38ad/alert/text'
12:43:30.343 [Forwarding getAlertText on session 010a9821d7176ac3a3155edf5b4e38ad to remote] DEBUG org.asynchttpclient.netty.request.NettyRequestSender - Using open Channel [id: 0xe4851db6, L:/127.0.0.1:59346 - R:localhost/127.0.0.1:40300] for GET '/session/010a9821d7176ac3a3155edf5b4e38ad/alert/text'
12:43:30.345 [AsyncHttpClient-1-7] DEBUG org.asynchttpclient.netty.handler.HttpHandler - 

Request DefaultFullHttpRequest(decodeResult: success, version: HTTP/1.1, content: EmptyByteBufBE)
GET /session/010a9821d7176ac3a3155edf5b4e38ad/alert/text HTTP/1.1
User-Agent: selenium/4.8.1 (java windows)
Cache-Control: no-cache
Content-Type: application/json; charset=utf-8
host: localhost:40300
accept: */*

Response DefaultHttpResponse(decodeResult: success, version: HTTP/1.1)
HTTP/1.1 404 Not Found
Content-Length: 821
Content-Type: application/json; charset=utf-8
cache-control: no-cache

12:43:30.346 [AsyncHttpClient-1-7] DEBUG org.asynchttpclient.netty.channel.ChannelManager - Adding key: http://localhost:40300 for channel [id: 0xe4851db6, L:/127.0.0.1:59346 - R:localhost/127.0.0.1:40300]
12:43:30.347 [Forwarding getCurrentUrl on session 010a9821d7176ac3a3155edf5b4e38ad to remote] DEBUG org.asynchttpclient.netty.request.NettyRequestSender - Using pooled Channel '[id: 0xe4851db6, L:/127.0.0.1:59346 - R:localhost/127.0.0.1:40300]' for 'GET' to 'http://localhost:40300/session/010a9821d7176ac3a3155edf5b4e38ad/url'
12:43:30.347 [Forwarding getCurrentUrl on session 010a9821d7176ac3a3155edf5b4e38ad to remote] DEBUG org.asynchttpclient.netty.request.NettyRequestSender - Using open Channel [id: 0xe4851db6, L:/127.0.0.1:59346 - R:localhost/127.0.0.1:40300] for GET '/session/010a9821d7176ac3a3155edf5b4e38ad/url'
12:43:30.352 [AsyncHttpClient-1-7] DEBUG org.asynchttpclient.netty.handler.HttpHandler - 

Request DefaultFullHttpRequest(decodeResult: success, version: HTTP/1.1, content: EmptyByteBufBE)
GET /session/010a9821d7176ac3a3155edf5b4e38ad/url HTTP/1.1
User-Agent: selenium/4.8.1 (java windows)
Cache-Control: no-cache
Content-Type: application/json; charset=utf-8
host: localhost:40300
accept: */*

Response DefaultHttpResponse(decodeResult: success, version: HTTP/1.1)
HTTP/1.1 200 OK
Content-Length: 47
Content-Type: application/json; charset=utf-8
cache-control: no-cache

12:43:30.353 [AsyncHttpClient-1-7] DEBUG org.asynchttpclient.netty.channel.ChannelManager - Adding key: http://localhost:40300 for channel [id: 0xe4851db6, L:/127.0.0.1:59346 - R:localhost/127.0.0.1:40300]
12:43:30.353 [Forwarding screenshot on session 010a9821d7176ac3a3155edf5b4e38ad to remote] DEBUG org.asynchttpclient.netty.request.NettyRequestSender - Using pooled Channel '[id: 0xe4851db6, L:/127.0.0.1:59346 - R:localhost/127.0.0.1:40300]' for 'GET' to 'http://localhost:40300/session/010a9821d7176ac3a3155edf5b4e38ad/screenshot'
12:43:30.353 [Forwarding screenshot on session 010a9821d7176ac3a3155edf5b4e38ad to remote] DEBUG org.asynchttpclient.netty.request.NettyRequestSender - Using open Channel [id: 0xe4851db6, L:/127.0.0.1:59346 - R:localhost/127.0.0.1:40300] for GET '/session/010a9821d7176ac3a3155edf5b4e38ad/screenshot'
12:43:30.460 [AsyncHttpClient-1-7] DEBUG org.asynchttpclient.netty.handler.HttpHandler - 

Request DefaultFullHttpRequest(decodeResult: success, version: HTTP/1.1, content: EmptyByteBufBE)
GET /session/010a9821d7176ac3a3155edf5b4e38ad/screenshot HTTP/1.1
User-Agent: selenium/4.8.1 (java windows)
Cache-Control: no-cache
Content-Type: application/json; charset=utf-8
host: localhost:40300
accept: */*

Response DefaultHttpResponse(decodeResult: success, version: HTTP/1.1)
HTTP/1.1 200 OK
Content-Length: 37240
Content-Type: application/json; charset=utf-8
cache-control: no-cache

12:43:30.460 [AsyncHttpClient-1-7] DEBUG org.asynchttpclient.netty.channel.ChannelManager - Adding key: http://localhost:40300 for channel [id: 0xe4851db6, L:/127.0.0.1:59346 - R:localhost/127.0.0.1:40300]
12:43:30.461 [main] DEBUG net.serenitybdd.core.photography.Darkroom - Send negative for processing for target\site\serenity\4cda02805d76a82d6461cb590a8f6d5735d1b3f76e08beabd547893f5035f193.png
12:43:30.462 [Darkroom Processing Line] DEBUG net.serenitybdd.core.photography.DarkroomProcessingLine - Processing screenshot image in /var/screenshots/screenshot-17003085292568667416
12:43:30.462 [Darkroom Processing Line] DEBUG net.serenitybdd.core.photography.DarkroomProcessingLine - Saving screenshot to target\site\serenity\4cda02805d76a82d6461cb590a8f6d5735d1b3f76e08beabd547893f5035f193.png
12:43:30.462 [Forwarding getPageSource on session 010a9821d7176ac3a3155edf5b4e38ad to remote] DEBUG org.asynchttpclient.netty.request.NettyRequestSender - Using pooled Channel '[id: 0xe4851db6, L:/127.0.0.1:59346 - R:localhost/127.0.0.1:40300]' for 'POST' to 'http://localhost:40300/session/010a9821d7176ac3a3155edf5b4e38ad/execute/sync'
12:43:30.462 [Forwarding getPageSource on session 010a9821d7176ac3a3155edf5b4e38ad to remote] DEBUG org.asynchttpclient.netty.request.NettyRequestSender - Using open Channel [id: 0xe4851db6, L:/127.0.0.1:59346 - R:localhost/127.0.0.1:40300] for POST '/session/010a9821d7176ac3a3155edf5b4e38ad/execute/sync'
12:43:30.483 [AsyncHttpClient-1-7] DEBUG org.asynchttpclient.netty.handler.HttpHandler - 

Request DefaultHttpRequest(decodeResult: success, version: HTTP/1.1)
POST /session/010a9821d7176ac3a3155edf5b4e38ad/execute/sync HTTP/1.1
User-Agent: selenium/4.8.1 (java windows)
Content-Length: 176
Content-Type: application/json; charset=utf-8
host: localhost:40300
accept: */*

Response DefaultHttpResponse(decodeResult: success, version: HTTP/1.1)
HTTP/1.1 200 OK
Content-Length: 159304
Content-Type: application/json; charset=utf-8
cache-control: no-cache

12:43:30.483 [AsyncHttpClient-1-7] DEBUG org.asynchttpclient.netty.channel.ChannelManager - Adding key: http://localhost:40300 for channel [id: 0xe4851db6, L:/127.0.0.1:59346 - R:localhost/127.0.0.1:40300]
12:43:30.490 [Forwarding getCurrentUrl on session 010a9821d7176ac3a3155edf5b4e38ad to remote] DEBUG org.asynchttpclient.netty.request.NettyRequestSender - Using pooled Channel '[id: 0xe4851db6, L:/127.0.0.1:59346 - R:localhost/127.0.0.1:40300]' for 'GET' to 'http://localhost:40300/session/010a9821d7176ac3a3155edf5b4e38ad/url'
12:43:30.490 [Forwarding getCurrentUrl on session 010a9821d7176ac3a3155edf5b4e38ad to remote] DEBUG org.asynchttpclient.netty.request.NettyRequestSender - Using open Channel [id: 0xe4851db6, L:/127.0.0.1:59346 - R:localhost/127.0.0.1:40300] for GET '/session/010a9821d7176ac3a3155edf5b4e38ad/url'
12:43:30.500 [AsyncHttpClient-1-7] DEBUG org.asynchttpclient.netty.handler.HttpHandler - 

Request DefaultFullHttpRequest(decodeResult: success, version: HTTP/1.1, content: EmptyByteBufBE)
GET /session/010a9821d7176ac3a3155edf5b4e38ad/url HTTP/1.1
User-Agent: selenium/4.8.1 (java windows)
Cache-Control: no-cache
Content-Type: application/json; charset=utf-8
host: localhost:40300
accept: */*

Response DefaultHttpResponse(decodeResult: success, version: HTTP/1.1)
HTTP/1.1 200 OK
Content-Length: 47
Content-Type: application/json; charset=utf-8
cache-control: no-cache

12:43:30.501 [AsyncHttpClient-1-7] DEBUG org.asynchttpclient.netty.channel.ChannelManager - Adding key: http://localhost:40300 for channel [id: 0xe4851db6, L:/127.0.0.1:59346 - R:localhost/127.0.0.1:40300]
12:43:30.503 [main] DEBUG net.thucydides.core.steps.StepInterceptor - STARTING STEP: LoginSteps.enterPasswordOnLogin - inputPassword
12:43:30.505 [Forwarding findElement on session 010a9821d7176ac3a3155edf5b4e38ad to remote] DEBUG org.asynchttpclient.netty.request.NettyRequestSender - Using pooled Channel '[id: 0xe4851db6, L:/127.0.0.1:59346 - R:localhost/127.0.0.1:40300]' for 'POST' to 'http://localhost:40300/session/010a9821d7176ac3a3155edf5b4e38ad/element'
12:43:30.505 [Forwarding findElement on session 010a9821d7176ac3a3155edf5b4e38ad to remote] DEBUG org.asynchttpclient.netty.request.NettyRequestSender - Using open Channel [id: 0xe4851db6, L:/127.0.0.1:59346 - R:localhost/127.0.0.1:40300] for POST '/session/010a9821d7176ac3a3155edf5b4e38ad/element'
12:43:30.521 [AsyncHttpClient-1-7] DEBUG org.asynchttpclient.netty.handler.HttpHandler - 

Request DefaultHttpRequest(decodeResult: success, version: HTTP/1.1)
POST /session/010a9821d7176ac3a3155edf5b4e38ad/element HTTP/1.1
User-Agent: selenium/4.8.1 (java windows)
Content-Length: 79
Content-Type: application/json; charset=utf-8
host: localhost:40300
accept: */*

Response DefaultHttpResponse(decodeResult: success, version: HTTP/1.1)
HTTP/1.1 200 OK
Content-Length: 94
Content-Type: application/json; charset=utf-8
cache-control: no-cache

12:43:30.521 [AsyncHttpClient-1-7] DEBUG org.asynchttpclient.netty.channel.ChannelManager - Adding key: http://localhost:40300 for channel [id: 0xe4851db6, L:/127.0.0.1:59346 - R:localhost/127.0.0.1:40300]
12:43:30.522 [Forwarding clearElement on session 010a9821d7176ac3a3155edf5b4e38ad to remote] DEBUG org.asynchttpclient.netty.request.NettyRequestSender - Using pooled Channel '[id: 0xe4851db6, L:/127.0.0.1:59346 - R:localhost/127.0.0.1:40300]' for 'POST' to 'http://localhost:40300/session/010a9821d7176ac3a3155edf5b4e38ad/element/12807BC547FCB69EBA4B515CC112DFF0_element_6/clear'
12:43:30.522 [Forwarding clearElement on session 010a9821d7176ac3a3155edf5b4e38ad to remote] DEBUG org.asynchttpclient.netty.request.NettyRequestSender - Using open Channel [id: 0xe4851db6, L:/127.0.0.1:59346 - R:localhost/127.0.0.1:40300] for POST '/session/010a9821d7176ac3a3155edf5b4e38ad/element/12807BC547FCB69EBA4B515CC112DFF0_element_6/clear'
12:43:30.548 [AsyncHttpClient-1-7] DEBUG org.asynchttpclient.netty.handler.HttpHandler - 

Request DefaultHttpRequest(decodeResult: success, version: HTTP/1.1)
POST /session/010a9821d7176ac3a3155edf5b4e38ad/element/12807BC547FCB69EBA4B515CC112DFF0_element_6/clear HTTP/1.1
User-Agent: selenium/4.8.1 (java windows)
Content-Length: 56
Content-Type: application/json; charset=utf-8
host: localhost:40300
accept: */*

Response DefaultHttpResponse(decodeResult: success, version: HTTP/1.1)
HTTP/1.1 200 OK
Content-Length: 14
Content-Type: application/json; charset=utf-8
cache-control: no-cache

12:43:30.548 [AsyncHttpClient-1-7] DEBUG org.asynchttpclient.netty.channel.ChannelManager - Adding key: http://localhost:40300 for channel [id: 0xe4851db6, L:/127.0.0.1:59346 - R:localhost/127.0.0.1:40300]
12:43:30.549 [Forwarding sendKeysToElement on session 010a9821d7176ac3a3155edf5b4e38ad to remote] DEBUG org.asynchttpclient.netty.request.NettyRequestSender - Using pooled Channel '[id: 0xe4851db6, L:/127.0.0.1:59346 - R:localhost/127.0.0.1:40300]' for 'POST' to 'http://localhost:40300/session/010a9821d7176ac3a3155edf5b4e38ad/element/12807BC547FCB69EBA4B515CC112DFF0_element_6/value'
12:43:30.549 [Forwarding sendKeysToElement on session 010a9821d7176ac3a3155edf5b4e38ad to remote] DEBUG org.asynchttpclient.netty.request.NettyRequestSender - Using open Channel [id: 0xe4851db6, L:/127.0.0.1:59346 - R:localhost/127.0.0.1:40300] for POST '/session/010a9821d7176ac3a3155edf5b4e38ad/element/12807BC547FCB69EBA4B515CC112DFF0_element_6/value'
12:43:30.637 [AsyncHttpClient-1-7] DEBUG org.asynchttpclient.netty.handler.HttpHandler - 

Request DefaultHttpRequest(decodeResult: success, version: HTTP/1.1)
POST /session/010a9821d7176ac3a3155edf5b4e38ad/element/12807BC547FCB69EBA4B515CC112DFF0_element_6/value HTTP/1.1
User-Agent: selenium/4.8.1 (java windows)
Content-Length: 167
Content-Type: application/json; charset=utf-8
host: localhost:40300
accept: */*

Response DefaultHttpResponse(decodeResult: success, version: HTTP/1.1)
HTTP/1.1 200 OK
Content-Length: 14
Content-Type: application/json; charset=utf-8
cache-control: no-cache

12:43:30.637 [AsyncHttpClient-1-7] DEBUG org.asynchttpclient.netty.channel.ChannelManager - Adding key: http://localhost:40300 for channel [id: 0xe4851db6, L:/127.0.0.1:59346 - R:localhost/127.0.0.1:40300]
12:43:30.643 [Forwarding getAlertText on session 010a9821d7176ac3a3155edf5b4e38ad to remote] DEBUG org.asynchttpclient.netty.request.NettyRequestSender - Using pooled Channel '[id: 0xe4851db6, L:/127.0.0.1:59346 - R:localhost/127.0.0.1:40300]' for 'GET' to 'http://localhost:40300/session/010a9821d7176ac3a3155edf5b4e38ad/alert/text'
12:43:30.643 [Forwarding getAlertText on session 010a9821d7176ac3a3155edf5b4e38ad to remote] DEBUG org.asynchttpclient.netty.request.NettyRequestSender - Using open Channel [id: 0xe4851db6, L:/127.0.0.1:59346 - R:localhost/127.0.0.1:40300] for GET '/session/010a9821d7176ac3a3155edf5b4e38ad/alert/text'
12:43:30.646 [AsyncHttpClient-1-7] DEBUG org.asynchttpclient.netty.handler.HttpHandler - 

Request DefaultFullHttpRequest(decodeResult: success, version: HTTP/1.1, content: EmptyByteBufBE)
GET /session/010a9821d7176ac3a3155edf5b4e38ad/alert/text HTTP/1.1
User-Agent: selenium/4.8.1 (java windows)
Cache-Control: no-cache
Content-Type: application/json; charset=utf-8
host: localhost:40300
accept: */*

Response DefaultHttpResponse(decodeResult: success, version: HTTP/1.1)
HTTP/1.1 404 Not Found
Content-Length: 821
Content-Type: application/json; charset=utf-8
cache-control: no-cache

12:43:30.646 [AsyncHttpClient-1-7] DEBUG org.asynchttpclient.netty.channel.ChannelManager - Adding key: http://localhost:40300 for channel [id: 0xe4851db6, L:/127.0.0.1:59346 - R:localhost/127.0.0.1:40300]
12:43:30.648 [Forwarding getCurrentUrl on session 010a9821d7176ac3a3155edf5b4e38ad to remote] DEBUG org.asynchttpclient.netty.request.NettyRequestSender - Using pooled Channel '[id: 0xe4851db6, L:/127.0.0.1:59346 - R:localhost/127.0.0.1:40300]' for 'GET' to 'http://localhost:40300/session/010a9821d7176ac3a3155edf5b4e38ad/url'
12:43:30.648 [Forwarding getCurrentUrl on session 010a9821d7176ac3a3155edf5b4e38ad to remote] DEBUG org.asynchttpclient.netty.request.NettyRequestSender - Using open Channel [id: 0xe4851db6, L:/127.0.0.1:59346 - R:localhost/127.0.0.1:40300] for GET '/session/010a9821d7176ac3a3155edf5b4e38ad/url'
12:43:30.659 [AsyncHttpClient-1-7] DEBUG org.asynchttpclient.netty.handler.HttpHandler - 

Request DefaultFullHttpRequest(decodeResult: success, version: HTTP/1.1, content: EmptyByteBufBE)
GET /session/010a9821d7176ac3a3155edf5b4e38ad/url HTTP/1.1
User-Agent: selenium/4.8.1 (java windows)
Cache-Control: no-cache
Content-Type: application/json; charset=utf-8
host: localhost:40300
accept: */*

Response DefaultHttpResponse(decodeResult: success, version: HTTP/1.1)
HTTP/1.1 200 OK
Content-Length: 47
Content-Type: application/json; charset=utf-8
cache-control: no-cache

12:43:30.660 [AsyncHttpClient-1-7] DEBUG org.asynchttpclient.netty.channel.ChannelManager - Adding key: http://localhost:40300 for channel [id: 0xe4851db6, L:/127.0.0.1:59346 - R:localhost/127.0.0.1:40300]
12:43:30.660 [Forwarding screenshot on session 010a9821d7176ac3a3155edf5b4e38ad to remote] DEBUG org.asynchttpclient.netty.request.NettyRequestSender - Using pooled Channel '[id: 0xe4851db6, L:/127.0.0.1:59346 - R:localhost/127.0.0.1:40300]' for 'GET' to 'http://localhost:40300/session/010a9821d7176ac3a3155edf5b4e38ad/screenshot'
12:43:30.660 [Forwarding screenshot on session 010a9821d7176ac3a3155edf5b4e38ad to remote] DEBUG org.asynchttpclient.netty.request.NettyRequestSender - Using open Channel [id: 0xe4851db6, L:/127.0.0.1:59346 - R:localhost/127.0.0.1:40300] for GET '/session/010a9821d7176ac3a3155edf5b4e38ad/screenshot'
12:43:30.788 [AsyncHttpClient-1-7] DEBUG org.asynchttpclient.netty.handler.HttpHandler - 

Request DefaultFullHttpRequest(decodeResult: success, version: HTTP/1.1, content: EmptyByteBufBE)
GET /session/010a9821d7176ac3a3155edf5b4e38ad/screenshot HTTP/1.1
User-Agent: selenium/4.8.1 (java windows)
Cache-Control: no-cache
Content-Type: application/json; charset=utf-8
host: localhost:40300
accept: */*

Response DefaultHttpResponse(decodeResult: success, version: HTTP/1.1)
HTTP/1.1 200 OK
Content-Length: 35360
Content-Type: application/json; charset=utf-8
cache-control: no-cache

12:43:30.788 [AsyncHttpClient-1-7] DEBUG org.asynchttpclient.netty.channel.ChannelManager - Adding key: http://localhost:40300 for channel [id: 0xe4851db6, L:/127.0.0.1:59346 - R:localhost/127.0.0.1:40300]
12:43:30.789 [main] DEBUG net.serenitybdd.core.photography.Darkroom - Send negative for processing for target\site\serenity\90c93f41d1dc497f3da50141300eb9cd6545ab095067498852efc776ae33b7f8.png
12:43:30.790 [main] DEBUG net.thucydides.core.steps.StepInterceptor - STEP DONE: inputPassword
  &amp#27;[32mAnd &amp#27;[0m&amp#27;[32mI enter Password &amp#27;[0m&amp#27;[32m&amp#27;[1m"pass123 "&amp#27;[0m                               &amp#27;[90m# starter.stepdefinitions.LoginSteps.enterPasswordOnLogin(java.lang.String)&amp#27;[0m
12:43:30.790 [Darkroom Processing Line] DEBUG net.serenitybdd.core.photography.DarkroomProcessingLine - Processing screenshot image in /var/screenshots/screenshot-9065881489056610870
12:43:30.790 [Darkroom Processing Line] DEBUG net.serenitybdd.core.photography.DarkroomProcessingLine - Saving screenshot to target\site\serenity\90c93f41d1dc497f3da50141300eb9cd6545ab095067498852efc776ae33b7f8.png
12:43:30.796 [Forwarding getPageSource on session 010a9821d7176ac3a3155edf5b4e38ad to remote] DEBUG org.asynchttpclient.netty.request.NettyRequestSender - Using pooled Channel '[id: 0xe4851db6, L:/127.0.0.1:59346 - R:localhost/127.0.0.1:40300]' for 'POST' to 'http://localhost:40300/session/010a9821d7176ac3a3155edf5b4e38ad/execute/sync'
12:43:30.796 [Forwarding getPageSource on session 010a9821d7176ac3a3155edf5b4e38ad to remote] DEBUG org.asynchttpclient.netty.request.NettyRequestSender - Using open Channel [id: 0xe4851db6, L:/127.0.0.1:59346 - R:localhost/127.0.0.1:40300] for POST '/session/010a9821d7176ac3a3155edf5b4e38ad/execute/sync'
12:43:30.817 [AsyncHttpClient-1-7] DEBUG org.asynchttpclient.netty.handler.HttpHandler - 

Request DefaultHttpRequest(decodeResult: success, version: HTTP/1.1)
POST /session/010a9821d7176ac3a3155edf5b4e38ad/execute/sync HTTP/1.1
User-Agent: selenium/4.8.1 (java windows)
Content-Length: 176
Content-Type: application/json; charset=utf-8
host: localhost:40300
accept: */*

Response DefaultHttpResponse(decodeResult: success, version: HTTP/1.1)
HTTP/1.1 200 OK
Content-Length: 159369
Content-Type: application/json; charset=utf-8
cache-control: no-cache

12:43:30.817 [AsyncHttpClient-1-7] DEBUG org.asynchttpclient.netty.channel.ChannelManager - Adding key: http://localhost:40300 for channel [id: 0xe4851db6, L:/127.0.0.1:59346 - R:localhost/127.0.0.1:40300]
12:43:30.824 [Forwarding getCurrentUrl on session 010a9821d7176ac3a3155edf5b4e38ad to remote] DEBUG org.asynchttpclient.netty.request.NettyRequestSender - Using pooled Channel '[id: 0xe4851db6, L:/127.0.0.1:59346 - R:localhost/127.0.0.1:40300]' for 'GET' to 'http://localhost:40300/session/010a9821d7176ac3a3155edf5b4e38ad/url'
12:43:30.824 [Forwarding getCurrentUrl on session 010a9821d7176ac3a3155edf5b4e38ad to remote] DEBUG org.asynchttpclient.netty.request.NettyRequestSender - Using open Channel [id: 0xe4851db6, L:/127.0.0.1:59346 - R:localhost/127.0.0.1:40300] for GET '/session/010a9821d7176ac3a3155edf5b4e38ad/url'
12:43:30.834 [AsyncHttpClient-1-7] DEBUG org.asynchttpclient.netty.handler.HttpHandler - 

Request DefaultFullHttpRequest(decodeResult: success, version: HTTP/1.1, content: EmptyByteBufBE)
GET /session/010a9821d7176ac3a3155edf5b4e38ad/url HTTP/1.1
User-Agent: selenium/4.8.1 (java windows)
Cache-Control: no-cache
Content-Type: application/json; charset=utf-8
host: localhost:40300
accept: */*

Response DefaultHttpResponse(decodeResult: success, version: HTTP/1.1)
HTTP/1.1 200 OK
Content-Length: 47
Content-Type: application/json; charset=utf-8
cache-control: no-cache

12:43:30.834 [AsyncHttpClient-1-7] DEBUG org.asynchttpclient.netty.channel.ChannelManager - Adding key: http://localhost:40300 for channel [id: 0xe4851db6, L:/127.0.0.1:59346 - R:localhost/127.0.0.1:40300]
12:43:30.841 [Forwarding getAlertText on session 010a9821d7176ac3a3155edf5b4e38ad to remote] DEBUG org.asynchttpclient.netty.request.NettyRequestSender - Using pooled Channel '[id: 0xe4851db6, L:/127.0.0.1:59346 - R:localhost/127.0.0.1:40300]' for 'GET' to 'http://localhost:40300/session/010a9821d7176ac3a3155edf5b4e38ad/alert/text'
12:43:30.841 [Forwarding getAlertText on session 010a9821d7176ac3a3155edf5b4e38ad to remote] DEBUG org.asynchttpclient.netty.request.NettyRequestSender - Using open Channel [id: 0xe4851db6, L:/127.0.0.1:59346 - R:localhost/127.0.0.1:40300] for GET '/session/010a9821d7176ac3a3155edf5b4e38ad/alert/text'
12:43:30.844 [AsyncHttpClient-1-7] DEBUG org.asynchttpclient.netty.handler.HttpHandler - 

Request DefaultFullHttpRequest(decodeResult: success, version: HTTP/1.1, content: EmptyByteBufBE)
GET /session/010a9821d7176ac3a3155edf5b4e38ad/alert/text HTTP/1.1
User-Agent: selenium/4.8.1 (java windows)
Cache-Control: no-cache
Content-Type: application/json; charset=utf-8
host: localhost:40300
accept: */*

Response DefaultHttpResponse(decodeResult: success, version: HTTP/1.1)
HTTP/1.1 404 Not Found
Content-Length: 821
Content-Type: application/json; charset=utf-8
cache-control: no-cache

12:43:30.844 [AsyncHttpClient-1-7] DEBUG org.asynchttpclient.netty.channel.ChannelManager - Adding key: http://localhost:40300 for channel [id: 0xe4851db6, L:/127.0.0.1:59346 - R:localhost/127.0.0.1:40300]
12:43:30.845 [Forwarding getCurrentUrl on session 010a9821d7176ac3a3155edf5b4e38ad to remote] DEBUG org.asynchttpclient.netty.request.NettyRequestSender - Using pooled Channel '[id: 0xe4851db6, L:/127.0.0.1:59346 - R:localhost/127.0.0.1:40300]' for 'GET' to 'http://localhost:40300/session/010a9821d7176ac3a3155edf5b4e38ad/url'
12:43:30.845 [Forwarding getCurrentUrl on session 010a9821d7176ac3a3155edf5b4e38ad to remote] DEBUG org.asynchttpclient.netty.request.NettyRequestSender - Using open Channel [id: 0xe4851db6, L:/127.0.0.1:59346 - R:localhost/127.0.0.1:40300] for GET '/session/010a9821d7176ac3a3155edf5b4e38ad/url'
12:43:30.855 [AsyncHttpClient-1-7] DEBUG org.asynchttpclient.netty.handler.HttpHandler - 

Request DefaultFullHttpRequest(decodeResult: success, version: HTTP/1.1, content: EmptyByteBufBE)
GET /session/010a9821d7176ac3a3155edf5b4e38ad/url HTTP/1.1
User-Agent: selenium/4.8.1 (java windows)
Cache-Control: no-cache
Content-Type: application/json; charset=utf-8
host: localhost:40300
accept: */*

Response DefaultHttpResponse(decodeResult: success, version: HTTP/1.1)
HTTP/1.1 200 OK
Content-Length: 47
Content-Type: application/json; charset=utf-8
cache-control: no-cache

12:43:30.855 [AsyncHttpClient-1-7] DEBUG org.asynchttpclient.netty.channel.ChannelManager - Adding key: http://localhost:40300 for channel [id: 0xe4851db6, L:/127.0.0.1:59346 - R:localhost/127.0.0.1:40300]
12:43:30.856 [Forwarding screenshot on session 010a9821d7176ac3a3155edf5b4e38ad to remote] DEBUG org.asynchttpclient.netty.request.NettyRequestSender - Using pooled Channel '[id: 0xe4851db6, L:/127.0.0.1:59346 - R:localhost/127.0.0.1:40300]' for 'GET' to 'http://localhost:40300/session/010a9821d7176ac3a3155edf5b4e38ad/screenshot'
12:43:30.856 [Forwarding screenshot on session 010a9821d7176ac3a3155edf5b4e38ad to remote] DEBUG org.asynchttpclient.netty.request.NettyRequestSender - Using open Channel [id: 0xe4851db6, L:/127.0.0.1:59346 - R:localhost/127.0.0.1:40300] for GET '/session/010a9821d7176ac3a3155edf5b4e38ad/screenshot'
12:43:30.961 [AsyncHttpClient-1-7] DEBUG org.asynchttpclient.netty.handler.HttpHandler - 

Request DefaultFullHttpRequest(decodeResult: success, version: HTTP/1.1, content: EmptyByteBufBE)
GET /session/010a9821d7176ac3a3155edf5b4e38ad/screenshot HTTP/1.1
User-Agent: selenium/4.8.1 (java windows)
Cache-Control: no-cache
Content-Type: application/json; charset=utf-8
host: localhost:40300
accept: */*

Response DefaultHttpResponse(decodeResult: success, version: HTTP/1.1)
HTTP/1.1 200 OK
Content-Length: 35220
Content-Type: application/json; charset=utf-8
cache-control: no-cache

12:43:30.962 [AsyncHttpClient-1-7] DEBUG org.asynchttpclient.netty.channel.ChannelManager - Adding key: http://localhost:40300 for channel [id: 0xe4851db6, L:/127.0.0.1:59346 - R:localhost/127.0.0.1:40300]
12:43:30.963 [main] DEBUG net.serenitybdd.core.photography.Darkroom - Send negative for processing for target\site\serenity\1ee78ad1fb42f4e1b2c4b1e469d1bd3292d690b3f8ec6edb72647b97f70bd1db.png
12:43:30.964 [Darkroom Processing Line] DEBUG net.serenitybdd.core.photography.DarkroomProcessingLine - Processing screenshot image in /var/screenshots/screenshot-3386131943548057896
12:43:30.964 [Darkroom Processing Line] DEBUG net.serenitybdd.core.photography.DarkroomProcessingLine - Saving screenshot to target\site\serenity\1ee78ad1fb42f4e1b2c4b1e469d1bd3292d690b3f8ec6edb72647b97f70bd1db.png
12:43:30.964 [Forwarding getPageSource on session 010a9821d7176ac3a3155edf5b4e38ad to remote] DEBUG org.asynchttpclient.netty.request.NettyRequestSender - Using pooled Channel '[id: 0xe4851db6, L:/127.0.0.1:59346 - R:localhost/127.0.0.1:40300]' for 'POST' to 'http://localhost:40300/session/010a9821d7176ac3a3155edf5b4e38ad/execute/sync'
12:43:30.964 [Forwarding getPageSource on session 010a9821d7176ac3a3155edf5b4e38ad to remote] DEBUG org.asynchttpclient.netty.request.NettyRequestSender - Using open Channel [id: 0xe4851db6, L:/127.0.0.1:59346 - R:localhost/127.0.0.1:40300] for POST '/session/010a9821d7176ac3a3155edf5b4e38ad/execute/sync'
12:43:30.986 [AsyncHttpClient-1-7] DEBUG org.asynchttpclient.netty.handler.HttpHandler - 

Request DefaultHttpRequest(decodeResult: success, version: HTTP/1.1)
POST /session/010a9821d7176ac3a3155edf5b4e38ad/execute/sync HTTP/1.1
User-Agent: selenium/4.8.1 (java windows)
Content-Length: 176
Content-Type: application/json; charset=utf-8
host: localhost:40300
accept: */*

Response DefaultHttpResponse(decodeResult: success, version: HTTP/1.1)
HTTP/1.1 200 OK
Content-Length: 159369
Content-Type: application/json; charset=utf-8
cache-control: no-cache

12:43:30.987 [AsyncHttpClient-1-7] DEBUG org.asynchttpclient.netty.channel.ChannelManager - Adding key: http://localhost:40300 for channel [id: 0xe4851db6, L:/127.0.0.1:59346 - R:localhost/127.0.0.1:40300]
12:43:30.993 [Forwarding getCurrentUrl on session 010a9821d7176ac3a3155edf5b4e38ad to remote] DEBUG org.asynchttpclient.netty.request.NettyRequestSender - Using pooled Channel '[id: 0xe4851db6, L:/127.0.0.1:59346 - R:localhost/127.0.0.1:40300]' for 'GET' to 'http://localhost:40300/session/010a9821d7176ac3a3155edf5b4e38ad/url'
12:43:30.993 [Forwarding getCurrentUrl on session 010a9821d7176ac3a3155edf5b4e38ad to remote] DEBUG org.asynchttpclient.netty.request.NettyRequestSender - Using open Channel [id: 0xe4851db6, L:/127.0.0.1:59346 - R:localhost/127.0.0.1:40300] for GET '/session/010a9821d7176ac3a3155edf5b4e38ad/url'
12:43:31.002 [AsyncHttpClient-1-7] DEBUG org.asynchttpclient.netty.handler.HttpHandler - 

Request DefaultFullHttpRequest(decodeResult: success, version: HTTP/1.1, content: EmptyByteBufBE)
GET /session/010a9821d7176ac3a3155edf5b4e38ad/url HTTP/1.1
User-Agent: selenium/4.8.1 (java windows)
Cache-Control: no-cache
Content-Type: application/json; charset=utf-8
host: localhost:40300
accept: */*

Response DefaultHttpResponse(decodeResult: success, version: HTTP/1.1)
HTTP/1.1 200 OK
Content-Length: 47
Content-Type: application/json; charset=utf-8
cache-control: no-cache

12:43:31.002 [AsyncHttpClient-1-7] DEBUG org.asynchttpclient.netty.channel.ChannelManager - Adding key: http://localhost:40300 for channel [id: 0xe4851db6, L:/127.0.0.1:59346 - R:localhost/127.0.0.1:40300]
12:43:31.004 [main] DEBUG net.thucydides.core.steps.StepInterceptor - STARTING STEP: LoginSteps.clickSigInButton - ClickSigInButton
12:43:31.006 [Forwarding findElement on session 010a9821d7176ac3a3155edf5b4e38ad to remote] DEBUG org.asynchttpclient.netty.request.NettyRequestSender - Using pooled Channel '[id: 0xe4851db6, L:/127.0.0.1:59346 - R:localhost/127.0.0.1:40300]' for 'POST' to 'http://localhost:40300/session/010a9821d7176ac3a3155edf5b4e38ad/element'
12:43:31.006 [Forwarding findElement on session 010a9821d7176ac3a3155edf5b4e38ad to remote] DEBUG org.asynchttpclient.netty.request.NettyRequestSender - Using open Channel [id: 0xe4851db6, L:/127.0.0.1:59346 - R:localhost/127.0.0.1:40300] for POST '/session/010a9821d7176ac3a3155edf5b4e38ad/element'
12:43:31.019 [AsyncHttpClient-1-7] DEBUG org.asynchttpclient.netty.handler.HttpHandler - 

Request DefaultHttpRequest(decodeResult: success, version: HTTP/1.1)
POST /session/010a9821d7176ac3a3155edf5b4e38ad/element HTTP/1.1
User-Agent: selenium/4.8.1 (java windows)
Content-Length: 155
Content-Type: application/json; charset=utf-8
host: localhost:40300
accept: */*

Response DefaultHttpResponse(decodeResult: success, version: HTTP/1.1)
HTTP/1.1 200 OK
Content-Length: 94
Content-Type: application/json; charset=utf-8
cache-control: no-cache

12:43:31.019 [AsyncHttpClient-1-7] DEBUG org.asynchttpclient.netty.channel.ChannelManager - Adding key: http://localhost:40300 for channel [id: 0xe4851db6, L:/127.0.0.1:59346 - R:localhost/127.0.0.1:40300]
12:43:31.020 [Forwarding getElementTagName on session 010a9821d7176ac3a3155edf5b4e38ad to remote] DEBUG org.asynchttpclient.netty.request.NettyRequestSender - Using pooled Channel '[id: 0xe4851db6, L:/127.0.0.1:59346 - R:localhost/127.0.0.1:40300]' for 'GET' to 'http://localhost:40300/session/010a9821d7176ac3a3155edf5b4e38ad/element/12807BC547FCB69EBA4B515CC112DFF0_element_4/name'
12:43:31.020 [Forwarding getElementTagName on session 010a9821d7176ac3a3155edf5b4e38ad to remote] DEBUG org.asynchttpclient.netty.request.NettyRequestSender - Using open Channel [id: 0xe4851db6, L:/127.0.0.1:59346 - R:localhost/127.0.0.1:40300] for GET '/session/010a9821d7176ac3a3155edf5b4e38ad/element/12807BC547FCB69EBA4B515CC112DFF0_element_4/name'
12:43:31.030 [AsyncHttpClient-1-7] DEBUG org.asynchttpclient.netty.handler.HttpHandler - 

Request DefaultFullHttpRequest(decodeResult: success, version: HTTP/1.1, content: EmptyByteBufBE)
GET /session/010a9821d7176ac3a3155edf5b4e38ad/element/12807BC547FCB69EBA4B515CC112DFF0_element_4/name HTTP/1.1
User-Agent: selenium/4.8.1 (java windows)
Cache-Control: no-cache
Content-Type: application/json; charset=utf-8
host: localhost:40300
accept: */*

Response DefaultHttpResponse(decodeResult: success, version: HTTP/1.1)
HTTP/1.1 200 OK
Content-Length: 16
Content-Type: application/json; charset=utf-8
cache-control: no-cache

12:43:31.030 [AsyncHttpClient-1-7] DEBUG org.asynchttpclient.netty.channel.ChannelManager - Adding key: http://localhost:40300 for channel [id: 0xe4851db6, L:/127.0.0.1:59346 - R:localhost/127.0.0.1:40300]
12:43:31.031 [Forwarding getElementTagName on session 010a9821d7176ac3a3155edf5b4e38ad to remote] DEBUG org.asynchttpclient.netty.request.NettyRequestSender - Using pooled Channel '[id: 0xe4851db6, L:/127.0.0.1:59346 - R:localhost/127.0.0.1:40300]' for 'GET' to 'http://localhost:40300/session/010a9821d7176ac3a3155edf5b4e38ad/element/12807BC547FCB69EBA4B515CC112DFF0_element_4/name'
12:43:31.031 [Forwarding getElementTagName on session 010a9821d7176ac3a3155edf5b4e38ad to remote] DEBUG org.asynchttpclient.netty.request.NettyRequestSender - Using open Channel [id: 0xe4851db6, L:/127.0.0.1:59346 - R:localhost/127.0.0.1:40300] for GET '/session/010a9821d7176ac3a3155edf5b4e38ad/element/12807BC547FCB69EBA4B515CC112DFF0_element_4/name'
12:43:31.038 [AsyncHttpClient-1-7] DEBUG org.asynchttpclient.netty.handler.HttpHandler - 

Request DefaultFullHttpRequest(decodeResult: success, version: HTTP/1.1, content: EmptyByteBufBE)
GET /session/010a9821d7176ac3a3155edf5b4e38ad/element/12807BC547FCB69EBA4B515CC112DFF0_element_4/name HTTP/1.1
User-Agent: selenium/4.8.1 (java windows)
Cache-Control: no-cache
Content-Type: application/json; charset=utf-8
host: localhost:40300
accept: */*

Response DefaultHttpResponse(decodeResult: success, version: HTTP/1.1)
HTTP/1.1 200 OK
Content-Length: 16
Content-Type: application/json; charset=utf-8
cache-control: no-cache

12:43:31.038 [AsyncHttpClient-1-7] DEBUG org.asynchttpclient.netty.channel.ChannelManager - Adding key: http://localhost:40300 for channel [id: 0xe4851db6, L:/127.0.0.1:59346 - R:localhost/127.0.0.1:40300]
12:43:31.039 [Forwarding findElement on session 010a9821d7176ac3a3155edf5b4e38ad to remote] DEBUG org.asynchttpclient.netty.request.NettyRequestSender - Using pooled Channel '[id: 0xe4851db6, L:/127.0.0.1:59346 - R:localhost/127.0.0.1:40300]' for 'POST' to 'http://localhost:40300/session/010a9821d7176ac3a3155edf5b4e38ad/element'
12:43:31.039 [Forwarding findElement on session 010a9821d7176ac3a3155edf5b4e38ad to remote] DEBUG org.asynchttpclient.netty.request.NettyRequestSender - Using open Channel [id: 0xe4851db6, L:/127.0.0.1:59346 - R:localhost/127.0.0.1:40300] for POST '/session/010a9821d7176ac3a3155edf5b4e38ad/element'
12:43:31.050 [AsyncHttpClient-1-7] DEBUG org.asynchttpclient.netty.handler.HttpHandler - 

Request DefaultHttpRequest(decodeResult: success, version: HTTP/1.1)
POST /session/010a9821d7176ac3a3155edf5b4e38ad/element HTTP/1.1
User-Agent: selenium/4.8.1 (java windows)
Content-Length: 155
Content-Type: application/json; charset=utf-8
host: localhost:40300
accept: */*

Response DefaultHttpResponse(decodeResult: success, version: HTTP/1.1)
HTTP/1.1 200 OK
Content-Length: 94
Content-Type: application/json; charset=utf-8
cache-control: no-cache

12:43:31.051 [AsyncHttpClient-1-7] DEBUG org.asynchttpclient.netty.channel.ChannelManager - Adding key: http://localhost:40300 for channel [id: 0xe4851db6, L:/127.0.0.1:59346 - R:localhost/127.0.0.1:40300]
12:43:31.052 [Forwarding clickElement on session 010a9821d7176ac3a3155edf5b4e38ad to remote] DEBUG org.asynchttpclient.netty.request.NettyRequestSender - Using pooled Channel '[id: 0xe4851db6, L:/127.0.0.1:59346 - R:localhost/127.0.0.1:40300]' for 'POST' to 'http://localhost:40300/session/010a9821d7176ac3a3155edf5b4e38ad/element/12807BC547FCB69EBA4B515CC112DFF0_element_4/click'
12:43:31.052 [Forwarding clickElement on session 010a9821d7176ac3a3155edf5b4e38ad to remote] DEBUG org.asynchttpclient.netty.request.NettyRequestSender - Using open Channel [id: 0xe4851db6, L:/127.0.0.1:59346 - R:localhost/127.0.0.1:40300] for POST '/session/010a9821d7176ac3a3155edf5b4e38ad/element/12807BC547FCB69EBA4B515CC112DFF0_element_4/click'
12:43:31.140 [AsyncHttpClient-1-7] DEBUG org.asynchttpclient.netty.handler.HttpHandler - 

Request DefaultHttpRequest(decodeResult: success, version: HTTP/1.1)
POST /session/010a9821d7176ac3a3155edf5b4e38ad/element/12807BC547FCB69EBA4B515CC112DFF0_element_4/click HTTP/1.1
User-Agent: selenium/4.8.1 (java windows)
Content-Length: 56
Content-Type: application/json; charset=utf-8
host: localhost:40300
accept: */*

Response DefaultHttpResponse(decodeResult: success, version: HTTP/1.1)
HTTP/1.1 200 OK
Content-Length: 14
Content-Type: application/json; charset=utf-8
cache-control: no-cache

12:43:31.140 [AsyncHttpClient-1-7] DEBUG org.asynchttpclient.netty.channel.ChannelManager - Adding key: http://localhost:40300 for channel [id: 0xe4851db6, L:/127.0.0.1:59346 - R:localhost/127.0.0.1:40300]
12:43:31.143 [Forwarding getAlertText on session 010a9821d7176ac3a3155edf5b4e38ad to remote] DEBUG org.asynchttpclient.netty.request.NettyRequestSender - Using pooled Channel '[id: 0xe4851db6, L:/127.0.0.1:59346 - R:localhost/127.0.0.1:40300]' for 'GET' to 'http://localhost:40300/session/010a9821d7176ac3a3155edf5b4e38ad/alert/text'
12:43:31.143 [Forwarding getAlertText on session 010a9821d7176ac3a3155edf5b4e38ad to remote] DEBUG org.asynchttpclient.netty.request.NettyRequestSender - Using open Channel [id: 0xe4851db6, L:/127.0.0.1:59346 - R:localhost/127.0.0.1:40300] for GET '/session/010a9821d7176ac3a3155edf5b4e38ad/alert/text'
12:43:31.146 [AsyncHttpClient-1-7] DEBUG org.asynchttpclient.netty.handler.HttpHandler - 

Request DefaultFullHttpRequest(decodeResult: success, version: HTTP/1.1, content: EmptyByteBufBE)
GET /session/010a9821d7176ac3a3155edf5b4e38ad/alert/text HTTP/1.1
User-Agent: selenium/4.8.1 (java windows)
Cache-Control: no-cache
Content-Type: application/json; charset=utf-8
host: localhost:40300
accept: */*

Response DefaultHttpResponse(decodeResult: success, version: HTTP/1.1)
HTTP/1.1 404 Not Found
Content-Length: 821
Content-Type: application/json; charset=utf-8
cache-control: no-cache

12:43:31.146 [AsyncHttpClient-1-7] DEBUG org.asynchttpclient.netty.channel.ChannelManager - Adding key: http://localhost:40300 for channel [id: 0xe4851db6, L:/127.0.0.1:59346 - R:localhost/127.0.0.1:40300]
12:43:31.148 [Forwarding getCurrentUrl on session 010a9821d7176ac3a3155edf5b4e38ad to remote] DEBUG org.asynchttpclient.netty.request.NettyRequestSender - Using pooled Channel '[id: 0xe4851db6, L:/127.0.0.1:59346 - R:localhost/127.0.0.1:40300]' for 'GET' to 'http://localhost:40300/session/010a9821d7176ac3a3155edf5b4e38ad/url'
12:43:31.148 [Forwarding getCurrentUrl on session 010a9821d7176ac3a3155edf5b4e38ad to remote] DEBUG org.asynchttpclient.netty.request.NettyRequestSender - Using open Channel [id: 0xe4851db6, L:/127.0.0.1:59346 - R:localhost/127.0.0.1:40300] for GET '/session/010a9821d7176ac3a3155edf5b4e38ad/url'
12:43:31.158 [AsyncHttpClient-1-7] DEBUG org.asynchttpclient.netty.handler.HttpHandler - 

Request DefaultFullHttpRequest(decodeResult: success, version: HTTP/1.1, content: EmptyByteBufBE)
GET /session/010a9821d7176ac3a3155edf5b4e38ad/url HTTP/1.1
User-Agent: selenium/4.8.1 (java windows)
Cache-Control: no-cache
Content-Type: application/json; charset=utf-8
host: localhost:40300
accept: */*

Response DefaultHttpResponse(decodeResult: success, version: HTTP/1.1)
HTTP/1.1 200 OK
Content-Length: 47
Content-Type: application/json; charset=utf-8
cache-control: no-cache

12:43:31.158 [AsyncHttpClient-1-7] DEBUG org.asynchttpclient.netty.channel.ChannelManager - Adding key: http://localhost:40300 for channel [id: 0xe4851db6, L:/127.0.0.1:59346 - R:localhost/127.0.0.1:40300]
12:43:31.158 [Forwarding screenshot on session 010a9821d7176ac3a3155edf5b4e38ad to remote] DEBUG org.asynchttpclient.netty.request.NettyRequestSender - Using pooled Channel '[id: 0xe4851db6, L:/127.0.0.1:59346 - R:localhost/127.0.0.1:40300]' for 'GET' to 'http://localhost:40300/session/010a9821d7176ac3a3155edf5b4e38ad/screenshot'
12:43:31.158 [Forwarding screenshot on session 010a9821d7176ac3a3155edf5b4e38ad to remote] DEBUG org.asynchttpclient.netty.request.NettyRequestSender - Using open Channel [id: 0xe4851db6, L:/127.0.0.1:59346 - R:localhost/127.0.0.1:40300] for GET '/session/010a9821d7176ac3a3155edf5b4e38ad/screenshot'
12:43:31.303 [AsyncHttpClient-1-7] DEBUG org.asynchttpclient.netty.handler.HttpHandler - 

Request DefaultFullHttpRequest(decodeResult: success, version: HTTP/1.1, content: EmptyByteBufBE)
GET /session/010a9821d7176ac3a3155edf5b4e38ad/screenshot HTTP/1.1
User-Agent: selenium/4.8.1 (java windows)
Cache-Control: no-cache
Content-Type: application/json; charset=utf-8
host: localhost:40300
accept: */*

Response DefaultHttpResponse(decodeResult: success, version: HTTP/1.1)
HTTP/1.1 200 OK
Content-Length: 35684
Content-Type: application/json; charset=utf-8
cache-control: no-cache

12:43:31.303 [AsyncHttpClient-1-7] DEBUG org.asynchttpclient.netty.channel.ChannelManager - Adding key: http://localhost:40300 for channel [id: 0xe4851db6, L:/127.0.0.1:59346 - R:localhost/127.0.0.1:40300]
12:43:31.305 [main] DEBUG net.serenitybdd.core.photography.Darkroom - Send negative for processing for target\site\serenity\f6eaaf9cb6863489d425df3e38971341a7977c87545e9edff347ab256360d43f.png
12:43:31.305 [main] DEBUG net.thucydides.core.steps.StepInterceptor - STEP DONE: ClickSigInButton
  &amp#27;[32mAnd &amp#27;[0m&amp#27;[32mI click SigIn button&amp#27;[0m                                      &amp#27;[90m# starter.stepdefinitions.LoginSteps.clickSigInButton()&amp#27;[0m
12:43:31.305 [Darkroom Processing Line] DEBUG net.serenitybdd.core.photography.DarkroomProcessingLine - Processing screenshot image in /var/screenshots/screenshot-17705623631169952883
12:43:31.305 [Darkroom Processing Line] DEBUG net.serenitybdd.core.photography.DarkroomProcessingLine - Saving screenshot to target\site\serenity\f6eaaf9cb6863489d425df3e38971341a7977c87545e9edff347ab256360d43f.png
12:43:31.310 [Forwarding getPageSource on session 010a9821d7176ac3a3155edf5b4e38ad to remote] DEBUG org.asynchttpclient.netty.request.NettyRequestSender - Using pooled Channel '[id: 0xe4851db6, L:/127.0.0.1:59346 - R:localhost/127.0.0.1:40300]' for 'POST' to 'http://localhost:40300/session/010a9821d7176ac3a3155edf5b4e38ad/execute/sync'
12:43:31.310 [Forwarding getPageSource on session 010a9821d7176ac3a3155edf5b4e38ad to remote] DEBUG org.asynchttpclient.netty.request.NettyRequestSender - Using open Channel [id: 0xe4851db6, L:/127.0.0.1:59346 - R:localhost/127.0.0.1:40300] for POST '/session/010a9821d7176ac3a3155edf5b4e38ad/execute/sync'
12:43:31.337 [AsyncHttpClient-1-7] DEBUG org.asynchttpclient.netty.handler.HttpHandler - 

Request DefaultHttpRequest(decodeResult: success, version: HTTP/1.1)
POST /session/010a9821d7176ac3a3155edf5b4e38ad/execute/sync HTTP/1.1
User-Agent: selenium/4.8.1 (java windows)
Content-Length: 176
Content-Type: application/json; charset=utf-8
host: localhost:40300
accept: */*

Response DefaultHttpResponse(decodeResult: success, version: HTTP/1.1)
HTTP/1.1 200 OK
Content-Length: 160486
Content-Type: application/json; charset=utf-8
cache-control: no-cache

12:43:31.337 [AsyncHttpClient-1-7] DEBUG org.asynchttpclient.netty.channel.ChannelManager - Adding key: http://localhost:40300 for channel [id: 0xe4851db6, L:/127.0.0.1:59346 - R:localhost/127.0.0.1:40300]
12:43:31.345 [Forwarding getCurrentUrl on session 010a9821d7176ac3a3155edf5b4e38ad to remote] DEBUG org.asynchttpclient.netty.request.NettyRequestSender - Using pooled Channel '[id: 0xe4851db6, L:/127.0.0.1:59346 - R:localhost/127.0.0.1:40300]' for 'GET' to 'http://localhost:40300/session/010a9821d7176ac3a3155edf5b4e38ad/url'
12:43:31.345 [Forwarding getCurrentUrl on session 010a9821d7176ac3a3155edf5b4e38ad to remote] DEBUG org.asynchttpclient.netty.request.NettyRequestSender - Using open Channel [id: 0xe4851db6, L:/127.0.0.1:59346 - R:localhost/127.0.0.1:40300] for GET '/session/010a9821d7176ac3a3155edf5b4e38ad/url'
12:43:31.349 [AsyncHttpClient-1-1] DEBUG org.asynchttpclient.netty.channel.DefaultChannelPool - Entry count for : http://localhost:59347 : 1
12:43:31.358 [AsyncHttpClient-1-7] DEBUG org.asynchttpclient.netty.handler.HttpHandler - 

Request DefaultFullHttpRequest(decodeResult: success, version: HTTP/1.1, content: EmptyByteBufBE)
GET /session/010a9821d7176ac3a3155edf5b4e38ad/url HTTP/1.1
User-Agent: selenium/4.8.1 (java windows)
Cache-Control: no-cache
Content-Type: application/json; charset=utf-8
host: localhost:40300
accept: */*

Response DefaultHttpResponse(decodeResult: success, version: HTTP/1.1)
HTTP/1.1 200 OK
Content-Length: 47
Content-Type: application/json; charset=utf-8
cache-control: no-cache

12:43:31.358 [AsyncHttpClient-1-7] DEBUG org.asynchttpclient.netty.channel.ChannelManager - Adding key: http://localhost:40300 for channel [id: 0xe4851db6, L:/127.0.0.1:59346 - R:localhost/127.0.0.1:40300]
12:43:31.367 [Forwarding getAlertText on session 010a9821d7176ac3a3155edf5b4e38ad to remote] DEBUG org.asynchttpclient.netty.request.NettyRequestSender - Using pooled Channel '[id: 0xe4851db6, L:/127.0.0.1:59346 - R:localhost/127.0.0.1:40300]' for 'GET' to 'http://localhost:40300/session/010a9821d7176ac3a3155edf5b4e38ad/alert/text'
12:43:31.367 [Forwarding getAlertText on session 010a9821d7176ac3a3155edf5b4e38ad to remote] DEBUG org.asynchttpclient.netty.request.NettyRequestSender - Using open Channel [id: 0xe4851db6, L:/127.0.0.1:59346 - R:localhost/127.0.0.1:40300] for GET '/session/010a9821d7176ac3a3155edf5b4e38ad/alert/text'
12:43:31.370 [AsyncHttpClient-1-7] DEBUG org.asynchttpclient.netty.handler.HttpHandler - 

Request DefaultFullHttpRequest(decodeResult: success, version: HTTP/1.1, content: EmptyByteBufBE)
GET /session/010a9821d7176ac3a3155edf5b4e38ad/alert/text HTTP/1.1
User-Agent: selenium/4.8.1 (java windows)
Cache-Control: no-cache
Content-Type: application/json; charset=utf-8
host: localhost:40300
accept: */*

Response DefaultHttpResponse(decodeResult: success, version: HTTP/1.1)
HTTP/1.1 404 Not Found
Content-Length: 821
Content-Type: application/json; charset=utf-8
cache-control: no-cache

12:43:31.370 [AsyncHttpClient-1-7] DEBUG org.asynchttpclient.netty.channel.ChannelManager - Adding key: http://localhost:40300 for channel [id: 0xe4851db6, L:/127.0.0.1:59346 - R:localhost/127.0.0.1:40300]
12:43:31.371 [Forwarding getCurrentUrl on session 010a9821d7176ac3a3155edf5b4e38ad to remote] DEBUG org.asynchttpclient.netty.request.NettyRequestSender - Using pooled Channel '[id: 0xe4851db6, L:/127.0.0.1:59346 - R:localhost/127.0.0.1:40300]' for 'GET' to 'http://localhost:40300/session/010a9821d7176ac3a3155edf5b4e38ad/url'
12:43:31.371 [Forwarding getCurrentUrl on session 010a9821d7176ac3a3155edf5b4e38ad to remote] DEBUG org.asynchttpclient.netty.request.NettyRequestSender - Using open Channel [id: 0xe4851db6, L:/127.0.0.1:59346 - R:localhost/127.0.0.1:40300] for GET '/session/010a9821d7176ac3a3155edf5b4e38ad/url'
12:43:31.381 [AsyncHttpClient-1-7] DEBUG org.asynchttpclient.netty.handler.HttpHandler - 

Request DefaultFullHttpRequest(decodeResult: success, version: HTTP/1.1, content: EmptyByteBufBE)
GET /session/010a9821d7176ac3a3155edf5b4e38ad/url HTTP/1.1
User-Agent: selenium/4.8.1 (java windows)
Cache-Control: no-cache
Content-Type: application/json; charset=utf-8
host: localhost:40300
accept: */*

Response DefaultHttpResponse(decodeResult: success, version: HTTP/1.1)
HTTP/1.1 200 OK
Content-Length: 47
Content-Type: application/json; charset=utf-8
cache-control: no-cache

12:43:31.382 [AsyncHttpClient-1-7] DEBUG org.asynchttpclient.netty.channel.ChannelManager - Adding key: http://localhost:40300 for channel [id: 0xe4851db6, L:/127.0.0.1:59346 - R:localhost/127.0.0.1:40300]
12:43:31.383 [Forwarding screenshot on session 010a9821d7176ac3a3155edf5b4e38ad to remote] DEBUG org.asynchttpclient.netty.request.NettyRequestSender - Using pooled Channel '[id: 0xe4851db6, L:/127.0.0.1:59346 - R:localhost/127.0.0.1:40300]' for 'GET' to 'http://localhost:40300/session/010a9821d7176ac3a3155edf5b4e38ad/screenshot'
12:43:31.383 [Forwarding screenshot on session 010a9821d7176ac3a3155edf5b4e38ad to remote] DEBUG org.asynchttpclient.netty.request.NettyRequestSender - Using open Channel [id: 0xe4851db6, L:/127.0.0.1:59346 - R:localhost/127.0.0.1:40300] for GET '/session/010a9821d7176ac3a3155edf5b4e38ad/screenshot'
12:43:31.579 [AsyncHttpClient-1-7] DEBUG org.asynchttpclient.netty.handler.HttpHandler - 

Request DefaultFullHttpRequest(decodeResult: success, version: HTTP/1.1, content: EmptyByteBufBE)
GET /session/010a9821d7176ac3a3155edf5b4e38ad/screenshot HTTP/1.1
User-Agent: selenium/4.8.1 (java windows)
Cache-Control: no-cache
Content-Type: application/json; charset=utf-8
host: localhost:40300
accept: */*

Response DefaultHttpResponse(decodeResult: success, version: HTTP/1.1)
HTTP/1.1 200 OK
Content-Length: 36212
Content-Type: application/json; charset=utf-8
cache-control: no-cache

12:43:31.580 [AsyncHttpClient-1-7] DEBUG org.asynchttpclient.netty.channel.ChannelManager - Adding key: http://localhost:40300 for channel [id: 0xe4851db6, L:/127.0.0.1:59346 - R:localhost/127.0.0.1:40300]
12:43:31.583 [main] DEBUG net.serenitybdd.core.photography.Darkroom - Send negative for processing for target\site\serenity\8ba4401b2ce4523e0a738f71d254b07c2674ff9acffafe1bbe749ba0061e3324.png
12:43:31.584 [Darkroom Processing Line] DEBUG net.serenitybdd.core.photography.DarkroomProcessingLine - Processing screenshot image in /var/screenshots/screenshot-12322710058817772885
12:43:31.584 [Darkroom Processing Line] DEBUG net.serenitybdd.core.photography.DarkroomProcessingLine - Saving screenshot to target\site\serenity\8ba4401b2ce4523e0a738f71d254b07c2674ff9acffafe1bbe749ba0061e3324.png
12:43:31.585 [Forwarding getPageSource on session 010a9821d7176ac3a3155edf5b4e38ad to remote] DEBUG org.asynchttpclient.netty.request.NettyRequestSender - Using pooled Channel '[id: 0xe4851db6, L:/127.0.0.1:59346 - R:localhost/127.0.0.1:40300]' for 'POST' to 'http://localhost:40300/session/010a9821d7176ac3a3155edf5b4e38ad/execute/sync'
12:43:31.585 [Forwarding getPageSource on session 010a9821d7176ac3a3155edf5b4e38ad to remote] DEBUG org.asynchttpclient.netty.request.NettyRequestSender - Using open Channel [id: 0xe4851db6, L:/127.0.0.1:59346 - R:localhost/127.0.0.1:40300] for POST '/session/010a9821d7176ac3a3155edf5b4e38ad/execute/sync'
12:43:31.607 [AsyncHttpClient-1-7] DEBUG org.asynchttpclient.netty.handler.HttpHandler - 

Request DefaultHttpRequest(decodeResult: success, version: HTTP/1.1)
POST /session/010a9821d7176ac3a3155edf5b4e38ad/execute/sync HTTP/1.1
User-Agent: selenium/4.8.1 (java windows)
Content-Length: 176
Content-Type: application/json; charset=utf-8
host: localhost:40300
accept: */*

Response DefaultHttpResponse(decodeResult: success, version: HTTP/1.1)
HTTP/1.1 200 OK
Content-Length: 160338
Content-Type: application/json; charset=utf-8
cache-control: no-cache

12:43:31.608 [AsyncHttpClient-1-7] DEBUG org.asynchttpclient.netty.channel.ChannelManager - Adding key: http://localhost:40300 for channel [id: 0xe4851db6, L:/127.0.0.1:59346 - R:localhost/127.0.0.1:40300]
12:43:31.618 [Forwarding getCurrentUrl on session 010a9821d7176ac3a3155edf5b4e38ad to remote] DEBUG org.asynchttpclient.netty.request.NettyRequestSender - Using pooled Channel '[id: 0xe4851db6, L:/127.0.0.1:59346 - R:localhost/127.0.0.1:40300]' for 'GET' to 'http://localhost:40300/session/010a9821d7176ac3a3155edf5b4e38ad/url'
12:43:31.618 [Forwarding getCurrentUrl on session 010a9821d7176ac3a3155edf5b4e38ad to remote] DEBUG org.asynchttpclient.netty.request.NettyRequestSender - Using open Channel [id: 0xe4851db6, L:/127.0.0.1:59346 - R:localhost/127.0.0.1:40300] for GET '/session/010a9821d7176ac3a3155edf5b4e38ad/url'
12:43:31.628 [AsyncHttpClient-1-7] DEBUG org.asynchttpclient.netty.handler.HttpHandler - 

Request DefaultFullHttpRequest(decodeResult: success, version: HTTP/1.1, content: EmptyByteBufBE)
GET /session/010a9821d7176ac3a3155edf5b4e38ad/url HTTP/1.1
User-Agent: selenium/4.8.1 (java windows)
Cache-Control: no-cache
Content-Type: application/json; charset=utf-8
host: localhost:40300
accept: */*

Response DefaultHttpResponse(decodeResult: success, version: HTTP/1.1)
HTTP/1.1 200 OK
Content-Length: 47
Content-Type: application/json; charset=utf-8
cache-control: no-cache

12:43:31.628 [AsyncHttpClient-1-7] DEBUG org.asynchttpclient.netty.channel.ChannelManager - Adding key: http://localhost:40300 for channel [id: 0xe4851db6, L:/127.0.0.1:59346 - R:localhost/127.0.0.1:40300]
12:43:31.633 [main] DEBUG net.thucydides.core.steps.StepInterceptor - STARTING STEP: LoginSteps.iCanSeeErrorMessage - validateErrorMessageDisplayed
12:43:31.635 [Forwarding findElement on session 010a9821d7176ac3a3155edf5b4e38ad to remote] DEBUG org.asynchttpclient.netty.request.NettyRequestSender - Using pooled Channel '[id: 0xe4851db6, L:/127.0.0.1:59346 - R:localhost/127.0.0.1:40300]' for 'POST' to 'http://localhost:40300/session/010a9821d7176ac3a3155edf5b4e38ad/element'
12:43:31.635 [Forwarding findElement on session 010a9821d7176ac3a3155edf5b4e38ad to remote] DEBUG org.asynchttpclient.netty.request.NettyRequestSender - Using open Channel [id: 0xe4851db6, L:/127.0.0.1:59346 - R:localhost/127.0.0.1:40300] for POST '/session/010a9821d7176ac3a3155edf5b4e38ad/element'
12:43:31.649 [AsyncHttpClient-1-7] DEBUG org.asynchttpclient.netty.handler.HttpHandler - 

Request DefaultHttpRequest(decodeResult: success, version: HTTP/1.1)
POST /session/010a9821d7176ac3a3155edf5b4e38ad/element HTTP/1.1
User-Agent: selenium/4.8.1 (java windows)
Content-Length: 155
Content-Type: application/json; charset=utf-8
host: localhost:40300
accept: */*

Response DefaultHttpResponse(decodeResult: success, version: HTTP/1.1)
HTTP/1.1 200 OK
Content-Length: 95
Content-Type: application/json; charset=utf-8
cache-control: no-cache

12:43:31.649 [AsyncHttpClient-1-7] DEBUG org.asynchttpclient.netty.channel.ChannelManager - Adding key: http://localhost:40300 for channel [id: 0xe4851db6, L:/127.0.0.1:59346 - R:localhost/127.0.0.1:40300]
12:43:31.653 [Forwarding isElementDisplayed on session 010a9821d7176ac3a3155edf5b4e38ad to remote] DEBUG org.asynchttpclient.netty.request.NettyRequestSender - Using pooled Channel '[id: 0xe4851db6, L:/127.0.0.1:59346 - R:localhost/127.0.0.1:40300]' for 'POST' to 'http://localhost:40300/session/010a9821d7176ac3a3155edf5b4e38ad/execute/sync'
12:43:31.653 [Forwarding isElementDisplayed on session 010a9821d7176ac3a3155edf5b4e38ad to remote] DEBUG org.asynchttpclient.netty.request.NettyRequestSender - Using open Channel [id: 0xe4851db6, L:/127.0.0.1:59346 - R:localhost/127.0.0.1:40300] for POST '/session/010a9821d7176ac3a3155edf5b4e38ad/execute/sync'
12:43:31.671 [AsyncHttpClient-1-7] DEBUG org.asynchttpclient.netty.handler.HttpHandler - 

Request DefaultHttpRequest(decodeResult: success, version: HTTP/1.1)
POST /session/010a9821d7176ac3a3155edf5b4e38ad/execute/sync HTTP/1.1
User-Agent: selenium/4.8.1 (java windows)
Content-Length: 48814
Content-Type: application/json; charset=utf-8
host: localhost:40300
accept: */*

Response DefaultHttpResponse(decodeResult: success, version: HTTP/1.1)
HTTP/1.1 200 OK
Content-Length: 14
Content-Type: application/json; charset=utf-8
cache-control: no-cache

12:43:31.671 [AsyncHttpClient-1-7] DEBUG org.asynchttpclient.netty.channel.ChannelManager - Adding key: http://localhost:40300 for channel [id: 0xe4851db6, L:/127.0.0.1:59346 - R:localhost/127.0.0.1:40300]
12:43:31.676 [Forwarding getAlertText on session 010a9821d7176ac3a3155edf5b4e38ad to remote] DEBUG org.asynchttpclient.netty.request.NettyRequestSender - Using pooled Channel '[id: 0xe4851db6, L:/127.0.0.1:59346 - R:localhost/127.0.0.1:40300]' for 'GET' to 'http://localhost:40300/session/010a9821d7176ac3a3155edf5b4e38ad/alert/text'
12:43:31.676 [Forwarding getAlertText on session 010a9821d7176ac3a3155edf5b4e38ad to remote] DEBUG org.asynchttpclient.netty.request.NettyRequestSender - Using open Channel [id: 0xe4851db6, L:/127.0.0.1:59346 - R:localhost/127.0.0.1:40300] for GET '/session/010a9821d7176ac3a3155edf5b4e38ad/alert/text'
12:43:31.679 [AsyncHttpClient-1-7] DEBUG org.asynchttpclient.netty.handler.HttpHandler - 

Request DefaultFullHttpRequest(decodeResult: success, version: HTTP/1.1, content: EmptyByteBufBE)
GET /session/010a9821d7176ac3a3155edf5b4e38ad/alert/text HTTP/1.1
User-Agent: selenium/4.8.1 (java windows)
Cache-Control: no-cache
Content-Type: application/json; charset=utf-8
host: localhost:40300
accept: */*

Response DefaultHttpResponse(decodeResult: success, version: HTTP/1.1)
HTTP/1.1 404 Not Found
Content-Length: 821
Content-Type: application/json; charset=utf-8
cache-control: no-cache

12:43:31.680 [AsyncHttpClient-1-7] DEBUG org.asynchttpclient.netty.channel.ChannelManager - Adding key: http://localhost:40300 for channel [id: 0xe4851db6, L:/127.0.0.1:59346 - R:localhost/127.0.0.1:40300]
12:43:31.682 [Forwarding getCurrentUrl on session 010a9821d7176ac3a3155edf5b4e38ad to remote] DEBUG org.asynchttpclient.netty.request.NettyRequestSender - Using pooled Channel '[id: 0xe4851db6, L:/127.0.0.1:59346 - R:localhost/127.0.0.1:40300]' for 'GET' to 'http://localhost:40300/session/010a9821d7176ac3a3155edf5b4e38ad/url'
12:43:31.683 [Forwarding getCurrentUrl on session 010a9821d7176ac3a3155edf5b4e38ad to remote] DEBUG org.asynchttpclient.netty.request.NettyRequestSender - Using open Channel [id: 0xe4851db6, L:/127.0.0.1:59346 - R:localhost/127.0.0.1:40300] for GET '/session/010a9821d7176ac3a3155edf5b4e38ad/url'
12:43:31.692 [AsyncHttpClient-1-7] DEBUG org.asynchttpclient.netty.handler.HttpHandler - 

Request DefaultFullHttpRequest(decodeResult: success, version: HTTP/1.1, content: EmptyByteBufBE)
GET /session/010a9821d7176ac3a3155edf5b4e38ad/url HTTP/1.1
User-Agent: selenium/4.8.1 (java windows)
Cache-Control: no-cache
Content-Type: application/json; charset=utf-8
host: localhost:40300
accept: */*

Response DefaultHttpResponse(decodeResult: success, version: HTTP/1.1)
HTTP/1.1 200 OK
Content-Length: 47
Content-Type: application/json; charset=utf-8
cache-control: no-cache

12:43:31.692 [AsyncHttpClient-1-7] DEBUG org.asynchttpclient.netty.channel.ChannelManager - Adding key: http://localhost:40300 for channel [id: 0xe4851db6, L:/127.0.0.1:59346 - R:localhost/127.0.0.1:40300]
12:43:31.693 [Forwarding screenshot on session 010a9821d7176ac3a3155edf5b4e38ad to remote] DEBUG org.asynchttpclient.netty.request.NettyRequestSender - Using pooled Channel '[id: 0xe4851db6, L:/127.0.0.1:59346 - R:localhost/127.0.0.1:40300]' for 'GET' to 'http://localhost:40300/session/010a9821d7176ac3a3155edf5b4e38ad/screenshot'
12:43:31.693 [Forwarding screenshot on session 010a9821d7176ac3a3155edf5b4e38ad to remote] DEBUG org.asynchttpclient.netty.request.NettyRequestSender - Using open Channel [id: 0xe4851db6, L:/127.0.0.1:59346 - R:localhost/127.0.0.1:40300] for GET '/session/010a9821d7176ac3a3155edf5b4e38ad/screenshot'
12:43:31.822 [AsyncHttpClient-1-7] DEBUG org.asynchttpclient.netty.handler.HttpHandler - 

Request DefaultFullHttpRequest(decodeResult: success, version: HTTP/1.1, content: EmptyByteBufBE)
GET /session/010a9821d7176ac3a3155edf5b4e38ad/screenshot HTTP/1.1
User-Agent: selenium/4.8.1 (java windows)
Cache-Control: no-cache
Content-Type: application/json; charset=utf-8
host: localhost:40300
accept: */*

Response DefaultHttpResponse(decodeResult: success, version: HTTP/1.1)
HTTP/1.1 200 OK
Content-Length: 36132
Content-Type: application/json; charset=utf-8
cache-control: no-cache

12:43:31.822 [AsyncHttpClient-1-7] DEBUG org.asynchttpclient.netty.channel.ChannelManager - Adding key: http://localhost:40300 for channel [id: 0xe4851db6, L:/127.0.0.1:59346 - R:localhost/127.0.0.1:40300]
12:43:31.823 [main] DEBUG net.serenitybdd.core.photography.Darkroom - Send negative for processing for target\site\serenity\294b4739beb7ee62384785e545e22c9c5ba5c3f5f2f09e97527c6990898cb35f.png
12:43:31.823 [main] DEBUG net.thucydides.core.steps.StepInterceptor - STEP DONE: validateErrorMessageDisplayed
12:43:31.823 [Darkroom Processing Line] DEBUG net.serenitybdd.core.photography.DarkroomProcessingLine - Processing screenshot image in /var/screenshots/screenshot-13348199565929421502
12:43:31.823 [Darkroom Processing Line] DEBUG net.serenitybdd.core.photography.DarkroomProcessingLine - Saving screenshot to target\site\serenity\294b4739beb7ee62384785e545e22c9c5ba5c3f5f2f09e97527c6990898cb35f.png
12:43:31.827 [Forwarding getPageSource on session 010a9821d7176ac3a3155edf5b4e38ad to remote] DEBUG org.asynchttpclient.netty.request.NettyRequestSender - Using pooled Channel '[id: 0xe4851db6, L:/127.0.0.1:59346 - R:localhost/127.0.0.1:40300]' for 'POST' to 'http://localhost:40300/session/010a9821d7176ac3a3155edf5b4e38ad/execute/sync'
12:43:31.827 [Forwarding getPageSource on session 010a9821d7176ac3a3155edf5b4e38ad to remote] DEBUG org.asynchttpclient.netty.request.NettyRequestSender - Using open Channel [id: 0xe4851db6, L:/127.0.0.1:59346 - R:localhost/127.0.0.1:40300] for POST '/session/010a9821d7176ac3a3155edf5b4e38ad/execute/sync'
12:43:31.851 [AsyncHttpClient-1-7] DEBUG org.asynchttpclient.netty.handler.HttpHandler - 

Request DefaultHttpRequest(decodeResult: success, version: HTTP/1.1)
POST /session/010a9821d7176ac3a3155edf5b4e38ad/execute/sync HTTP/1.1
User-Agent: selenium/4.8.1 (java windows)
Content-Length: 176
Content-Type: application/json; charset=utf-8
host: localhost:40300
accept: */*

Response DefaultHttpResponse(decodeResult: success, version: HTTP/1.1)
HTTP/1.1 200 OK
Content-Length: 160338
Content-Type: application/json; charset=utf-8
cache-control: no-cache

12:43:31.851 [AsyncHttpClient-1-7] DEBUG org.asynchttpclient.netty.channel.ChannelManager - Adding key: http://localhost:40300 for channel [id: 0xe4851db6, L:/127.0.0.1:59346 - R:localhost/127.0.0.1:40300]
12:43:31.859 [Forwarding getCurrentUrl on session 010a9821d7176ac3a3155edf5b4e38ad to remote] DEBUG org.asynchttpclient.netty.request.NettyRequestSender - Using pooled Channel '[id: 0xe4851db6, L:/127.0.0.1:59346 - R:localhost/127.0.0.1:40300]' for 'GET' to 'http://localhost:40300/session/010a9821d7176ac3a3155edf5b4e38ad/url'
12:43:31.859 [Forwarding getCurrentUrl on session 010a9821d7176ac3a3155edf5b4e38ad to remote] DEBUG org.asynchttpclient.netty.request.NettyRequestSender - Using open Channel [id: 0xe4851db6, L:/127.0.0.1:59346 - R:localhost/127.0.0.1:40300] for GET '/session/010a9821d7176ac3a3155edf5b4e38ad/url'
12:43:31.869 [AsyncHttpClient-1-7] DEBUG org.asynchttpclient.netty.handler.HttpHandler - 

Request DefaultFullHttpRequest(decodeResult: success, version: HTTP/1.1, content: EmptyByteBufBE)
GET /session/010a9821d7176ac3a3155edf5b4e38ad/url HTTP/1.1
User-Agent: selenium/4.8.1 (java windows)
Cache-Control: no-cache
Content-Type: application/json; charset=utf-8
host: localhost:40300
accept: */*

Response DefaultHttpResponse(decodeResult: success, version: HTTP/1.1)
HTTP/1.1 200 OK
Content-Length: 47
Content-Type: application/json; charset=utf-8
cache-control: no-cache

12:43:31.869 [AsyncHttpClient-1-7] DEBUG org.asynchttpclient.netty.channel.ChannelManager - Adding key: http://localhost:40300 for channel [id: 0xe4851db6, L:/127.0.0.1:59346 - R:localhost/127.0.0.1:40300]
12:43:31.872 [main] DEBUG net.thucydides.core.steps.StepInterceptor - STARTING STEP: LoginSteps.iCanSeeErrorMessage - validateEqualErrorMessage
12:43:31.874 [Forwarding findElement on session 010a9821d7176ac3a3155edf5b4e38ad to remote] DEBUG org.asynchttpclient.netty.request.NettyRequestSender - Using pooled Channel '[id: 0xe4851db6, L:/127.0.0.1:59346 - R:localhost/127.0.0.1:40300]' for 'POST' to 'http://localhost:40300/session/010a9821d7176ac3a3155edf5b4e38ad/element'
12:43:31.874 [Forwarding findElement on session 010a9821d7176ac3a3155edf5b4e38ad to remote] DEBUG org.asynchttpclient.netty.request.NettyRequestSender - Using open Channel [id: 0xe4851db6, L:/127.0.0.1:59346 - R:localhost/127.0.0.1:40300] for POST '/session/010a9821d7176ac3a3155edf5b4e38ad/element'
12:43:31.887 [AsyncHttpClient-1-7] DEBUG org.asynchttpclient.netty.handler.HttpHandler - 

Request DefaultHttpRequest(decodeResult: success, version: HTTP/1.1)
POST /session/010a9821d7176ac3a3155edf5b4e38ad/element HTTP/1.1
User-Agent: selenium/4.8.1 (java windows)
Content-Length: 155
Content-Type: application/json; charset=utf-8
host: localhost:40300
accept: */*

Response DefaultHttpResponse(decodeResult: success, version: HTTP/1.1)
HTTP/1.1 200 OK
Content-Length: 95
Content-Type: application/json; charset=utf-8
cache-control: no-cache

12:43:31.887 [AsyncHttpClient-1-7] DEBUG org.asynchttpclient.netty.channel.ChannelManager - Adding key: http://localhost:40300 for channel [id: 0xe4851db6, L:/127.0.0.1:59346 - R:localhost/127.0.0.1:40300]
12:43:31.887 [Forwarding getElementText on session 010a9821d7176ac3a3155edf5b4e38ad to remote] DEBUG org.asynchttpclient.netty.request.NettyRequestSender - Using pooled Channel '[id: 0xe4851db6, L:/127.0.0.1:59346 - R:localhost/127.0.0.1:40300]' for 'GET' to 'http://localhost:40300/session/010a9821d7176ac3a3155edf5b4e38ad/element/12807BC547FCB69EBA4B515CC112DFF0_element_12/text'
12:43:31.887 [Forwarding getElementText on session 010a9821d7176ac3a3155edf5b4e38ad to remote] DEBUG org.asynchttpclient.netty.request.NettyRequestSender - Using open Channel [id: 0xe4851db6, L:/127.0.0.1:59346 - R:localhost/127.0.0.1:40300] for GET '/session/010a9821d7176ac3a3155edf5b4e38ad/element/12807BC547FCB69EBA4B515CC112DFF0_element_12/text'
12:43:31.910 [AsyncHttpClient-1-7] DEBUG org.asynchttpclient.netty.handler.HttpHandler - 

Request DefaultFullHttpRequest(decodeResult: success, version: HTTP/1.1, content: EmptyByteBufBE)
GET /session/010a9821d7176ac3a3155edf5b4e38ad/element/12807BC547FCB69EBA4B515CC112DFF0_element_12/text HTTP/1.1
User-Agent: selenium/4.8.1 (java windows)
Cache-Control: no-cache
Content-Type: application/json; charset=utf-8
host: localhost:40300
accept: */*

Response DefaultHttpResponse(decodeResult: success, version: HTTP/1.1)
HTTP/1.1 200 OK
Content-Length: 12
Content-Type: application/json; charset=utf-8
cache-control: no-cache

12:43:31.910 [AsyncHttpClient-1-7] DEBUG org.asynchttpclient.netty.channel.ChannelManager - Adding key: http://localhost:40300 for channel [id: 0xe4851db6, L:/127.0.0.1:59346 - R:localhost/127.0.0.1:40300]
12:43:31.921 [Forwarding getAlertText on session 010a9821d7176ac3a3155edf5b4e38ad to remote] DEBUG org.asynchttpclient.netty.request.NettyRequestSender - Using pooled Channel '[id: 0xe4851db6, L:/127.0.0.1:59346 - R:localhost/127.0.0.1:40300]' for 'GET' to 'http://localhost:40300/session/010a9821d7176ac3a3155edf5b4e38ad/alert/text'
12:43:31.921 [Forwarding getAlertText on session 010a9821d7176ac3a3155edf5b4e38ad to remote] DEBUG org.asynchttpclient.netty.request.NettyRequestSender - Using open Channel [id: 0xe4851db6, L:/127.0.0.1:59346 - R:localhost/127.0.0.1:40300] for GET '/session/010a9821d7176ac3a3155edf5b4e38ad/alert/text'
12:43:31.937 [AsyncHttpClient-1-7] DEBUG org.asynchttpclient.netty.handler.HttpHandler - 

Request DefaultFullHttpRequest(decodeResult: success, version: HTTP/1.1, content: EmptyByteBufBE)
GET /session/010a9821d7176ac3a3155edf5b4e38ad/alert/text HTTP/1.1
User-Agent: selenium/4.8.1 (java windows)
Cache-Control: no-cache
Content-Type: application/json; charset=utf-8
host: localhost:40300
accept: */*

Response DefaultHttpResponse(decodeResult: success, version: HTTP/1.1)
HTTP/1.1 404 Not Found
Content-Length: 821
Content-Type: application/json; charset=utf-8
cache-control: no-cache

12:43:31.937 [AsyncHttpClient-1-7] DEBUG org.asynchttpclient.netty.channel.ChannelManager - Adding key: http://localhost:40300 for channel [id: 0xe4851db6, L:/127.0.0.1:59346 - R:localhost/127.0.0.1:40300]
12:43:31.938 [Forwarding getCurrentUrl on session 010a9821d7176ac3a3155edf5b4e38ad to remote] DEBUG org.asynchttpclient.netty.request.NettyRequestSender - Using pooled Channel '[id: 0xe4851db6, L:/127.0.0.1:59346 - R:localhost/127.0.0.1:40300]' for 'GET' to 'http://localhost:40300/session/010a9821d7176ac3a3155edf5b4e38ad/url'
12:43:31.938 [Forwarding getCurrentUrl on session 010a9821d7176ac3a3155edf5b4e38ad to remote] DEBUG org.asynchttpclient.netty.request.NettyRequestSender - Using open Channel [id: 0xe4851db6, L:/127.0.0.1:59346 - R:localhost/127.0.0.1:40300] for GET '/session/010a9821d7176ac3a3155edf5b4e38ad/url'
12:43:31.984 [AsyncHttpClient-1-7] DEBUG org.asynchttpclient.netty.handler.HttpHandler - 

Request DefaultFullHttpRequest(decodeResult: success, version: HTTP/1.1, content: EmptyByteBufBE)
GET /session/010a9821d7176ac3a3155edf5b4e38ad/url HTTP/1.1
User-Agent: selenium/4.8.1 (java windows)
Cache-Control: no-cache
Content-Type: application/json; charset=utf-8
host: localhost:40300
accept: */*

Response DefaultHttpResponse(decodeResult: success, version: HTTP/1.1)
HTTP/1.1 200 OK
Content-Length: 47
Content-Type: application/json; charset=utf-8
cache-control: no-cache

12:43:31.984 [AsyncHttpClient-1-7] DEBUG org.asynchttpclient.netty.channel.ChannelManager - Adding key: http://localhost:40300 for channel [id: 0xe4851db6, L:/127.0.0.1:59346 - R:localhost/127.0.0.1:40300]
12:43:31.985 [Forwarding screenshot on session 010a9821d7176ac3a3155edf5b4e38ad to remote] DEBUG org.asynchttpclient.netty.request.NettyRequestSender - Using pooled Channel '[id: 0xe4851db6, L:/127.0.0.1:59346 - R:localhost/127.0.0.1:40300]' for 'GET' to 'http://localhost:40300/session/010a9821d7176ac3a3155edf5b4e38ad/screenshot'
12:43:31.985 [Forwarding screenshot on session 010a9821d7176ac3a3155edf5b4e38ad to remote] DEBUG org.asynchttpclient.netty.request.NettyRequestSender - Using open Channel [id: 0xe4851db6, L:/127.0.0.1:59346 - R:localhost/127.0.0.1:40300] for GET '/session/010a9821d7176ac3a3155edf5b4e38ad/screenshot'
12:43:32.267 [AsyncHttpClient-1-7] DEBUG org.asynchttpclient.netty.handler.HttpHandler - 

Request DefaultFullHttpRequest(decodeResult: success, version: HTTP/1.1, content: EmptyByteBufBE)
GET /session/010a9821d7176ac3a3155edf5b4e38ad/screenshot HTTP/1.1
User-Agent: selenium/4.8.1 (java windows)
Cache-Control: no-cache
Content-Type: application/json; charset=utf-8
host: localhost:40300
accept: */*

Response DefaultHttpResponse(decodeResult: success, version: HTTP/1.1)
HTTP/1.1 200 OK
Content-Length: 117388
Content-Type: application/json; charset=utf-8
cache-control: no-cache

12:43:32.268 [AsyncHttpClient-1-7] DEBUG org.asynchttpclient.netty.channel.ChannelManager - Adding key: http://localhost:40300 for channel [id: 0xe4851db6, L:/127.0.0.1:59346 - R:localhost/127.0.0.1:40300]
12:43:32.273 [main] DEBUG net.serenitybdd.core.photography.Darkroom - Send negative for processing for target\site\serenity\9fb05429256393254a2098c0b5afa33b6831cf36fb8352200b3a54f3f74d43d3.png
12:43:32.273 [main] DEBUG net.thucydides.core.steps.StepInterceptor - STEP DONE: validateEqualErrorMessage
  &amp#27;[32mThen &amp#27;[0m&amp#27;[32mI can see error message &amp#27;[0m&amp#27;[32m&amp#27;[1m"Please input password!"&amp#27;[0m         &amp#27;[90m# starter.stepdefinitions.LoginSteps.iCanSeeErrorMessage(java.lang.String)&amp#27;[0m
12:43:32.274 [Darkroom Processing Line] DEBUG net.serenitybdd.core.photography.DarkroomProcessingLine - Processing screenshot image in /var/screenshots/screenshot-17273636981991033609
12:43:32.274 [Darkroom Processing Line] DEBUG net.serenitybdd.core.photography.DarkroomProcessingLine - Saving screenshot to target\site\serenity\9fb05429256393254a2098c0b5afa33b6831cf36fb8352200b3a54f3f74d43d3.png
12:43:32.283 [main] INFO  - 
  _____   ___   ___   _____     ___     _     ___   ___   ___   ___  
 |_   _| | __| / __| |_   _|   | _ \   /_\   / __| / __| | __| |   \ 
   | |   | _|  \__ \   | |     |  _/  / _ \  \__ \ \__ \ | _|  | |) |
   |_|   |___| |___/   |_|     |_|   /_/ \_\ |___/ |___/ |___| |___/ 

user enter valid Username  and Valid Password + Space
----------------------------------------------------------------------
12:43:32.288 [AsyncHttpClient-1-9] DEBUG org.asynchttpclient.netty.handler.WebSocketHandler - Channel Closed: [id: 0xe6357b49, L:/127.0.0.1:59354 ! R:localhost/127.0.0.1:59347] with attribute NettyResponseFuture{currentRetry=0,
	isDone=1,
	isCancelled=0,
	asyncHandler=org.asynchttpclient.ws.WebSocketUpgradeHandler@5e918277,
	nettyRequest=org.asynchttpclient.netty.request.NettyRequest@190ae4aa,
	future=java.util.concurrent.CompletableFuture@2619f36f[Completed normally],
	uri=ws://localhost:59347/devtools/browser/c00d1410-b6ad-4dc9-beee-c0aea162a1a4,
	keepAlive=true,
	redirectCount=0,
	timeoutsHolder=null,
	inAuth=0,
	touch=1687844605420}
12:43:32.288 [AsyncHttpClient-1-9] DEBUG org.asynchttpclient.netty.channel.ChannelManager - Closing Channel [id: 0xe6357b49, L:/127.0.0.1:59354 ! R:localhost/127.0.0.1:59347] 
12:43:32.289 [Driver Command Executor] DEBUG org.asynchttpclient.netty.request.NettyRequestSender - Using pooled Channel '[id: 0xe4851db6, L:/127.0.0.1:59346 - R:localhost/127.0.0.1:40300]' for 'DELETE' to 'http://localhost:40300/session/010a9821d7176ac3a3155edf5b4e38ad'
12:43:32.289 [Driver Command Executor] DEBUG org.asynchttpclient.netty.request.NettyRequestSender - Using open Channel [id: 0xe4851db6, L:/127.0.0.1:59346 - R:localhost/127.0.0.1:40300] for DELETE '/session/010a9821d7176ac3a3155edf5b4e38ad'
12:43:32.458 [AsyncHttpClient-1-1] DEBUG org.asynchttpclient.netty.channel.DefaultChannelPool - Entry count for : http://localhost:59347 : 1
12:43:32.554 [AsyncHttpClient-1-8] DEBUG org.asynchttpclient.netty.handler.HttpHandler - Unexpected I/O exception on channel [id: 0x1c9427a5, L:/127.0.0.1:59353 - R:localhost/127.0.0.1:59347]
java.net.SocketException: Connection reset
	at java.base/sun.nio.ch.SocketChannelImpl.throwConnectionReset(SocketChannelImpl.java:394)
	at java.base/sun.nio.ch.SocketChannelImpl.read(SocketChannelImpl.java:426)
	at io.netty.buffer.PooledByteBuf.setBytes(PooledByteBuf.java:259)
	at io.netty.buffer.AbstractByteBuf.writeBytes(AbstractByteBuf.java:1132)
	at io.netty.channel.socket.nio.NioSocketChannel.doReadBytes(NioSocketChannel.java:357)
	at io.netty.channel.nio.AbstractNioByteChannel$NioByteUnsafe.read(AbstractNioByteChannel.java:151)
	at io.netty.channel.nio.NioEventLoop.processSelectedKey(NioEventLoop.java:788)
	at io.netty.channel.nio.NioEventLoop.processSelectedKeysOptimized(NioEventLoop.java:724)
	at io.netty.channel.nio.NioEventLoop.processSelectedKeys(NioEventLoop.java:650)
	at io.netty.channel.nio.NioEventLoop.run(NioEventLoop.java:562)
	at io.netty.util.concurrent.SingleThreadEventExecutor$4.run(SingleThreadEventExecutor.java:997)
	at io.netty.util.internal.ThreadExecutorMap$2.run(ThreadExecutorMap.java:74)
	at io.netty.util.concurrent.FastThreadLocalRunnable.run(FastThreadLocalRunnable.java:30)
	at java.base/java.lang.Thread.run(Thread.java:833)
12:43:32.554 [AsyncHttpClient-1-8] DEBUG org.asynchttpclient.netty.channel.ChannelManager - Closing Channel [id: 0x1c9427a5, L:/127.0.0.1:59353 - R:localhost/127.0.0.1:59347] 
12:43:32.554 [AsyncHttpClient-1-8] DEBUG org.asynchttpclient.netty.handler.HttpHandler - Channel Closed: [id: 0x1c9427a5, L:/127.0.0.1:59353 ! R:localhost/127.0.0.1:59347] with attribute DISCARD
12:43:32.574 [AsyncHttpClient-1-7] DEBUG org.asynchttpclient.netty.handler.HttpHandler - 

Request DefaultFullHttpRequest(decodeResult: success, version: HTTP/1.1, content: EmptyByteBufBE)
DELETE /session/010a9821d7176ac3a3155edf5b4e38ad HTTP/1.1
User-Agent: selenium/4.8.1 (java windows)
Content-Type: application/json; charset=utf-8
host: localhost:40300
accept: */*

Response DefaultHttpResponse(decodeResult: success, version: HTTP/1.1)
HTTP/1.1 200 OK
Content-Length: 14
Content-Type: application/json; charset=utf-8
cache-control: no-cache

12:43:32.574 [AsyncHttpClient-1-7] DEBUG org.asynchttpclient.netty.channel.ChannelManager - Adding key: http://localhost:40300 for channel [id: 0xe4851db6, L:/127.0.0.1:59346 - R:localhost/127.0.0.1:40300]
12:43:32.628 [AsyncHttpClient-1-7] DEBUG org.asynchttpclient.netty.handler.HttpHandler - Channel Closed: [id: 0xe4851db6, L:/127.0.0.1:59346 ! R:localhost/127.0.0.1:40300] with attribute DISCARD
]]></system-out>
    <system-err><![CDATA[Starting ChromeDriver 114.0.5735.90 (386bc09e8f4f2e025eddae123f36f6263096ae49-refs/branch-heads/5735@{#1052}) on port 40300
Only local connections are allowed.
Please see https://chromedriver.chromium.org/security-considerations for suggestions on keeping ChromeDriver safe.
ChromeDriver was started successfully.
Jun 27, 2023 12:43:25 PM org.openqa.selenium.devtools.CdpVersionFinder findNearestMatch
WARNING: Unable to find an exact match for CDP version 114, so returning the closest version found: 110
]]></system-err>
  </testcase>
</testsuite>